[
  {
    "query": "select \n  c_last_name,c_first_name,substr(s_city,1,30),ss_ticket_number,amt,profit\n  from\n   (select ss_ticket_number\n          ,ss_customer_sk\n          ,store.s_city\n          ,sum(ss_coupon_amt) amt\n          ,sum(ss_net_profit) profit\n    from store_sales,date_dim,store,household_demographics\n    where store_sales.ss_sold_date_sk = date_dim.d_date_sk\n    and store_sales.ss_store_sk = store.s_store_sk  \n    and store_sales.ss_hdemo_sk = household_demographics.hd_demo_sk\n    and (household_demographics.hd_dep_count = 3 or household_demographics.hd_vehicle_count > 3)\n    and date_dim.d_dow = 1\n    and date_dim.d_year in (1999,1999+1,1999+2) \n    and store.s_number_employees between 200 and 295\n    group by ss_ticket_number,ss_customer_sk,ss_addr_sk,store.s_city) ms,customer\n    where ss_customer_sk = c_customer_sk\n order by c_last_name,c_first_name,substr(s_city,1,30), profit\nlimit 100;\n\n-- end query 60 in stream 4 using template query79.tpl\n",
    "indexes": "customer.c_customer_sk",
    "wo plan est": {
      "Node Type": "Limit",
      "Parallel Aware": false,
      "Async Capable": false,
      "Startup Cost": 723642.22,
      "Total Cost": 723642.47,
      "Plan Rows": 100,
      "Plan Width": 152,
      "Plans": [
        {
          "Node Type": "Sort",
          "Parent Relationship": "Outer",
          "Parallel Aware": false,
          "Async Capable": false,
          "Startup Cost": 723642.22,
          "Total Cost": 723673.2,
          "Plan Rows": 12394,
          "Plan Width": 152,
          "Sort Key": [
            "customer.c_last_name",
            "customer.c_first_name",
            "(substr((ms.s_city)::text, 1, 30))",
            "ms.profit"
          ],
          "Plans": [
            {
              "Node Type": "Hash Join",
              "Parent Relationship": "Outer",
              "Parallel Aware": false,
              "Async Capable": false,
              "Join Type": "Inner",
              "Startup Cost": 715867.78,
              "Total Cost": 723168.53,
              "Plan Rows": 12394,
              "Plan Width": 152,
              "Inner Unique": false,
              "Hash Cond": "(ms.ss_customer_sk = customer.c_customer_sk)",
              "Plans": [
                {
                  "Node Type": "Subquery Scan",
                  "Parent Relationship": "Outer",
                  "Parallel Aware": false,
                  "Async Capable": false,
                  "Alias": "ms",
                  "Startup Cost": 685899.78,
                  "Total Cost": 687776.13,
                  "Plan Rows": 12394,
                  "Plan Width": 82,
                  "Plans": [
                    {
                      "Node Type": "Aggregate",
                      "Strategy": "Sorted",
                      "Partial Mode": "Finalize",
                      "Parent Relationship": "Subquery",
                      "Parallel Aware": false,
                      "Async Capable": false,
                      "Startup Cost": 685899.78,
                      "Total Cost": 687652.19,
                      "Plan Rows": 12394,
                      "Plan Width": 86,
                      "Group Key": [
                        "store_sales.ss_ticket_number",
                        "store_sales.ss_customer_sk",
                        "store_sales.ss_addr_sk",
                        "store.s_city"
                      ],
                      "Plans": [
                        {
                          "Node Type": "Gather Merge",
                          "Parent Relationship": "Outer",
                          "Parallel Aware": false,
                          "Async Capable": false,
                          "Startup Cost": 685899.78,
                          "Total Cost": 687259.72,
                          "Plan Rows": 10328,
                          "Plan Width": 86,
                          "Workers Planned": 2,
                          "Plans": [
                            {
                              "Node Type": "Aggregate",
                              "Strategy": "Sorted",
                              "Partial Mode": "Partial",
                              "Parent Relationship": "Outer",
                              "Parallel Aware": false,
                              "Async Capable": false,
                              "Startup Cost": 684899.76,
                              "Total Cost": 685067.59,
                              "Plan Rows": 5164,
                              "Plan Width": 86,
                              "Group Key": [
                                "store_sales.ss_ticket_number",
                                "store_sales.ss_customer_sk",
                                "store_sales.ss_addr_sk",
                                "store.s_city"
                              ],
                              "Plans": [
                                {
                                  "Node Type": "Sort",
                                  "Parent Relationship": "Outer",
                                  "Parallel Aware": false,
                                  "Async Capable": false,
                                  "Startup Cost": 684899.76,
                                  "Total Cost": 684912.67,
                                  "Plan Rows": 5164,
                                  "Plan Width": 31,
                                  "Sort Key": [
                                    "store_sales.ss_ticket_number",
                                    "store_sales.ss_customer_sk",
                                    "store_sales.ss_addr_sk",
                                    "store.s_city"
                                  ],
                                  "Plans": [
                                    {
                                      "Node Type": "Hash Join",
                                      "Parent Relationship": "Outer",
                                      "Parallel Aware": false,
                                      "Async Capable": false,
                                      "Join Type": "Inner",
                                      "Startup Cost": 2295.62,
                                      "Total Cost": 684581.29,
                                      "Plan Rows": 5164,
                                      "Plan Width": 31,
                                      "Inner Unique": false,
                                      "Hash Cond": "(store_sales.ss_store_sk = store.s_store_sk)",
                                      "Plans": [
                                        {
                                          "Node Type": "Hash Join",
                                          "Parent Relationship": "Outer",
                                          "Parallel Aware": false,
                                          "Async Capable": false,
                                          "Join Type": "Inner",
                                          "Startup Cost": 2287.91,
                                          "Total Cost": 684499.92,
                                          "Plan Rows": 5871,
                                          "Plan Width": 25,
                                          "Inner Unique": false,
                                          "Hash Cond": "(store_sales.ss_hdemo_sk = household_demographics.hd_demo_sk)",
                                          "Plans": [
                                            {
                                              "Node Type": "Hash Join",
                                              "Parent Relationship": "Outer",
                                              "Parallel Aware": true,
                                              "Async Capable": false,
                                              "Join Type": "Inner",
                                              "Startup Cost": 2104.41,
                                              "Total Cost": 684165.41,
                                              "Plan Rows": 24615,
                                              "Plan Width": 29,
                                              "Inner Unique": false,
                                              "Hash Cond": "(store_sales.ss_sold_date_sk = date_dim.d_date_sk)",
                                              "Plans": [
                                                {
                                                  "Node Type": "Seq Scan",
                                                  "Parent Relationship": "Outer",
                                                  "Parallel Aware": true,
                                                  "Async Capable": false,
                                                  "Relation Name": "store_sales",
                                                  "Alias": "store_sales",
                                                  "Startup Cost": 0.0,
                                                  "Total Cost": 636914.37,
                                                  "Plan Rows": 12000637,
                                                  "Plan Width": 33,
                                                  "parent": 10,
                                                  "ID": 11
                                                },
                                                {
                                                  "Node Type": "Hash",
                                                  "Parent Relationship": "Inner",
                                                  "Parallel Aware": true,
                                                  "Async Capable": false,
                                                  "Startup Cost": 2103.26,
                                                  "Total Cost": 2103.26,
                                                  "Plan Rows": 92,
                                                  "Plan Width": 4,
                                                  "Plans": [
                                                    {
                                                      "Node Type": "Seq Scan",
                                                      "Parent Relationship": "Outer",
                                                      "Parallel Aware": true,
                                                      "Async Capable": false,
                                                      "Relation Name": "date_dim",
                                                      "Alias": "date_dim",
                                                      "Startup Cost": 0.0,
                                                      "Total Cost": 2103.26,
                                                      "Plan Rows": 92,
                                                      "Plan Width": 4,
                                                      "Filter": "((d_dow = 1) AND (d_year = ANY ('{1999,2000,2001}'::integer[])))",
                                                      "parent": 12,
                                                      "ID": 13
                                                    }
                                                  ],
                                                  "parent": 10,
                                                  "ID": 12,
                                                  "left": 13
                                                }
                                              ],
                                              "parent": 9,
                                              "ID": 10,
                                              "left": 11,
                                              "right": 12
                                            },
                                            {
                                              "Node Type": "Hash",
                                              "Parent Relationship": "Inner",
                                              "Parallel Aware": false,
                                              "Async Capable": false,
                                              "Startup Cost": 161.0,
                                              "Total Cost": 161.0,
                                              "Plan Rows": 1800,
                                              "Plan Width": 4,
                                              "Plans": [
                                                {
                                                  "Node Type": "Seq Scan",
                                                  "Parent Relationship": "Outer",
                                                  "Parallel Aware": false,
                                                  "Async Capable": false,
                                                  "Relation Name": "household_demographics",
                                                  "Alias": "household_demographics",
                                                  "Startup Cost": 0.0,
                                                  "Total Cost": 161.0,
                                                  "Plan Rows": 1800,
                                                  "Plan Width": 4,
                                                  "Filter": "((hd_dep_count = 3) OR (hd_vehicle_count > 3))",
                                                  "parent": 14,
                                                  "ID": 15
                                                }
                                              ],
                                              "parent": 9,
                                              "ID": 14,
                                              "left": 15
                                            }
                                          ],
                                          "parent": 8,
                                          "ID": 9,
                                          "left": 10,
                                          "right": 14
                                        },
                                        {
                                          "Node Type": "Hash",
                                          "Parent Relationship": "Inner",
                                          "Parallel Aware": false,
                                          "Async Capable": false,
                                          "Startup Cost": 6.53,
                                          "Total Cost": 6.53,
                                          "Plan Rows": 94,
                                          "Plan Width": 14,
                                          "Plans": [
                                            {
                                              "Node Type": "Seq Scan",
                                              "Parent Relationship": "Outer",
                                              "Parallel Aware": false,
                                              "Async Capable": false,
                                              "Relation Name": "store",
                                              "Alias": "store",
                                              "Startup Cost": 0.0,
                                              "Total Cost": 6.53,
                                              "Plan Rows": 94,
                                              "Plan Width": 14,
                                              "Filter": "((s_number_employees >= 200) AND (s_number_employees <= 295))",
                                              "parent": 16,
                                              "ID": 17
                                            }
                                          ],
                                          "parent": 8,
                                          "ID": 16,
                                          "left": 17
                                        }
                                      ],
                                      "parent": 7,
                                      "ID": 8,
                                      "left": 9,
                                      "right": 16
                                    }
                                  ],
                                  "parent": 6,
                                  "ID": 7,
                                  "left": 8
                                }
                              ],
                              "parent": 5,
                              "ID": 6,
                              "left": 7
                            }
                          ],
                          "parent": 4,
                          "ID": 5,
                          "left": 6
                        }
                      ],
                      "parent": 3,
                      "ID": 4,
                      "left": 5
                    }
                  ],
                  "parent": 2,
                  "ID": 3,
                  "left": 4
                },
                {
                  "Node Type": "Hash",
                  "Parent Relationship": "Inner",
                  "Parallel Aware": false,
                  "Async Capable": false,
                  "Startup Cost": 18835.0,
                  "Total Cost": 18835.0,
                  "Plan Rows": 500000,
                  "Plan Width": 56,
                  "Plans": [
                    {
                      "Node Type": "Seq Scan",
                      "Parent Relationship": "Outer",
                      "Parallel Aware": false,
                      "Async Capable": false,
                      "Relation Name": "customer",
                      "Alias": "customer",
                      "Startup Cost": 0.0,
                      "Total Cost": 18835.0,
                      "Plan Rows": 500000,
                      "Plan Width": 56,
                      "parent": 18,
                      "ID": 19
                    }
                  ],
                  "parent": 2,
                  "ID": 18,
                  "left": 19
                }
              ],
              "parent": 1,
              "ID": 2,
              "left": 3,
              "right": 18
            }
          ],
          "parent": 0,
          "ID": 1,
          "left": 2
        }
      ],
      "parent": null,
      "ID": 0,
      "left": 1
    },
    "feat": {
      "utility": 0.02599123747885154,
      "query_shape": [
        [
          "Seq Scan",
          "Hash Join",
          "Sort",
          "Aggregate",
          "Gather Merge",
          "Subquery Scan"
        ],
        [
          "Seq Scan",
          "Hash",
          "Hash Join",
          "Sort",
          "Aggregate",
          "Gather Merge",
          "Subquery Scan"
        ],
        [
          "Seq Scan",
          "Hash",
          "Hash Join",
          "Sort",
          "Aggregate",
          "Gather Merge",
          "Subquery Scan"
        ],
        [
          "Seq Scan",
          "Hash",
          "Hash Join",
          "Sort",
          "Aggregate",
          "Gather Merge",
          "Subquery Scan"
        ],
        [
          "Seq Scan",
          "Hash",
          "Hash Join",
          "Sort"
        ]
      ],
      "index_shape": [
        "join"
      ],
      "physical_operator": {
        "Hash Join": [
          0.001414213562373095
        ]
      }
    }
  },
  {
    "query": "select \n  c_last_name,c_first_name,substr(s_city,1,30),ss_ticket_number,amt,profit\n  from\n   (select ss_ticket_number\n          ,ss_customer_sk\n          ,store.s_city\n          ,sum(ss_coupon_amt) amt\n          ,sum(ss_net_profit) profit\n    from store_sales,date_dim,store,household_demographics\n    where store_sales.ss_sold_date_sk = date_dim.d_date_sk\n    and store_sales.ss_store_sk = store.s_store_sk  \n    and store_sales.ss_hdemo_sk = household_demographics.hd_demo_sk\n    and (household_demographics.hd_dep_count = 3 or household_demographics.hd_vehicle_count > 3)\n    and date_dim.d_dow = 1\n    and date_dim.d_year in (1999,1999+1,1999+2) \n    and store.s_number_employees between 200 and 295\n    group by ss_ticket_number,ss_customer_sk,ss_addr_sk,store.s_city) ms,customer\n    where ss_customer_sk = c_customer_sk\n order by c_last_name,c_first_name,substr(s_city,1,30), profit\nlimit 100;\n\n-- end query 60 in stream 4 using template query79.tpl\n",
    "indexes": "customer.c_last_name",
    "wo plan est": {
      "Node Type": "Limit",
      "Parallel Aware": false,
      "Async Capable": false,
      "Startup Cost": 723642.22,
      "Total Cost": 723642.47,
      "Plan Rows": 100,
      "Plan Width": 152,
      "Plans": [
        {
          "Node Type": "Sort",
          "Parent Relationship": "Outer",
          "Parallel Aware": false,
          "Async Capable": false,
          "Startup Cost": 723642.22,
          "Total Cost": 723673.2,
          "Plan Rows": 12394,
          "Plan Width": 152,
          "Sort Key": [
            "customer.c_last_name",
            "customer.c_first_name",
            "(substr((ms.s_city)::text, 1, 30))",
            "ms.profit"
          ],
          "Plans": [
            {
              "Node Type": "Hash Join",
              "Parent Relationship": "Outer",
              "Parallel Aware": false,
              "Async Capable": false,
              "Join Type": "Inner",
              "Startup Cost": 715867.78,
              "Total Cost": 723168.53,
              "Plan Rows": 12394,
              "Plan Width": 152,
              "Inner Unique": false,
              "Hash Cond": "(ms.ss_customer_sk = customer.c_customer_sk)",
              "Plans": [
                {
                  "Node Type": "Subquery Scan",
                  "Parent Relationship": "Outer",
                  "Parallel Aware": false,
                  "Async Capable": false,
                  "Alias": "ms",
                  "Startup Cost": 685899.78,
                  "Total Cost": 687776.13,
                  "Plan Rows": 12394,
                  "Plan Width": 82,
                  "Plans": [
                    {
                      "Node Type": "Aggregate",
                      "Strategy": "Sorted",
                      "Partial Mode": "Finalize",
                      "Parent Relationship": "Subquery",
                      "Parallel Aware": false,
                      "Async Capable": false,
                      "Startup Cost": 685899.78,
                      "Total Cost": 687652.19,
                      "Plan Rows": 12394,
                      "Plan Width": 86,
                      "Group Key": [
                        "store_sales.ss_ticket_number",
                        "store_sales.ss_customer_sk",
                        "store_sales.ss_addr_sk",
                        "store.s_city"
                      ],
                      "Plans": [
                        {
                          "Node Type": "Gather Merge",
                          "Parent Relationship": "Outer",
                          "Parallel Aware": false,
                          "Async Capable": false,
                          "Startup Cost": 685899.78,
                          "Total Cost": 687259.72,
                          "Plan Rows": 10328,
                          "Plan Width": 86,
                          "Workers Planned": 2,
                          "Plans": [
                            {
                              "Node Type": "Aggregate",
                              "Strategy": "Sorted",
                              "Partial Mode": "Partial",
                              "Parent Relationship": "Outer",
                              "Parallel Aware": false,
                              "Async Capable": false,
                              "Startup Cost": 684899.76,
                              "Total Cost": 685067.59,
                              "Plan Rows": 5164,
                              "Plan Width": 86,
                              "Group Key": [
                                "store_sales.ss_ticket_number",
                                "store_sales.ss_customer_sk",
                                "store_sales.ss_addr_sk",
                                "store.s_city"
                              ],
                              "Plans": [
                                {
                                  "Node Type": "Sort",
                                  "Parent Relationship": "Outer",
                                  "Parallel Aware": false,
                                  "Async Capable": false,
                                  "Startup Cost": 684899.76,
                                  "Total Cost": 684912.67,
                                  "Plan Rows": 5164,
                                  "Plan Width": 31,
                                  "Sort Key": [
                                    "store_sales.ss_ticket_number",
                                    "store_sales.ss_customer_sk",
                                    "store_sales.ss_addr_sk",
                                    "store.s_city"
                                  ],
                                  "Plans": [
                                    {
                                      "Node Type": "Hash Join",
                                      "Parent Relationship": "Outer",
                                      "Parallel Aware": false,
                                      "Async Capable": false,
                                      "Join Type": "Inner",
                                      "Startup Cost": 2295.62,
                                      "Total Cost": 684581.29,
                                      "Plan Rows": 5164,
                                      "Plan Width": 31,
                                      "Inner Unique": false,
                                      "Hash Cond": "(store_sales.ss_store_sk = store.s_store_sk)",
                                      "Plans": [
                                        {
                                          "Node Type": "Hash Join",
                                          "Parent Relationship": "Outer",
                                          "Parallel Aware": false,
                                          "Async Capable": false,
                                          "Join Type": "Inner",
                                          "Startup Cost": 2287.91,
                                          "Total Cost": 684499.92,
                                          "Plan Rows": 5871,
                                          "Plan Width": 25,
                                          "Inner Unique": false,
                                          "Hash Cond": "(store_sales.ss_hdemo_sk = household_demographics.hd_demo_sk)",
                                          "Plans": [
                                            {
                                              "Node Type": "Hash Join",
                                              "Parent Relationship": "Outer",
                                              "Parallel Aware": true,
                                              "Async Capable": false,
                                              "Join Type": "Inner",
                                              "Startup Cost": 2104.41,
                                              "Total Cost": 684165.41,
                                              "Plan Rows": 24615,
                                              "Plan Width": 29,
                                              "Inner Unique": false,
                                              "Hash Cond": "(store_sales.ss_sold_date_sk = date_dim.d_date_sk)",
                                              "Plans": [
                                                {
                                                  "Node Type": "Seq Scan",
                                                  "Parent Relationship": "Outer",
                                                  "Parallel Aware": true,
                                                  "Async Capable": false,
                                                  "Relation Name": "store_sales",
                                                  "Alias": "store_sales",
                                                  "Startup Cost": 0.0,
                                                  "Total Cost": 636914.37,
                                                  "Plan Rows": 12000637,
                                                  "Plan Width": 33,
                                                  "parent": 10,
                                                  "ID": 11
                                                },
                                                {
                                                  "Node Type": "Hash",
                                                  "Parent Relationship": "Inner",
                                                  "Parallel Aware": true,
                                                  "Async Capable": false,
                                                  "Startup Cost": 2103.26,
                                                  "Total Cost": 2103.26,
                                                  "Plan Rows": 92,
                                                  "Plan Width": 4,
                                                  "Plans": [
                                                    {
                                                      "Node Type": "Seq Scan",
                                                      "Parent Relationship": "Outer",
                                                      "Parallel Aware": true,
                                                      "Async Capable": false,
                                                      "Relation Name": "date_dim",
                                                      "Alias": "date_dim",
                                                      "Startup Cost": 0.0,
                                                      "Total Cost": 2103.26,
                                                      "Plan Rows": 92,
                                                      "Plan Width": 4,
                                                      "Filter": "((d_dow = 1) AND (d_year = ANY ('{1999,2000,2001}'::integer[])))",
                                                      "parent": 12,
                                                      "ID": 13
                                                    }
                                                  ],
                                                  "parent": 10,
                                                  "ID": 12,
                                                  "left": 13
                                                }
                                              ],
                                              "parent": 9,
                                              "ID": 10,
                                              "left": 11,
                                              "right": 12
                                            },
                                            {
                                              "Node Type": "Hash",
                                              "Parent Relationship": "Inner",
                                              "Parallel Aware": false,
                                              "Async Capable": false,
                                              "Startup Cost": 161.0,
                                              "Total Cost": 161.0,
                                              "Plan Rows": 1800,
                                              "Plan Width": 4,
                                              "Plans": [
                                                {
                                                  "Node Type": "Seq Scan",
                                                  "Parent Relationship": "Outer",
                                                  "Parallel Aware": false,
                                                  "Async Capable": false,
                                                  "Relation Name": "household_demographics",
                                                  "Alias": "household_demographics",
                                                  "Startup Cost": 0.0,
                                                  "Total Cost": 161.0,
                                                  "Plan Rows": 1800,
                                                  "Plan Width": 4,
                                                  "Filter": "((hd_dep_count = 3) OR (hd_vehicle_count > 3))",
                                                  "parent": 14,
                                                  "ID": 15
                                                }
                                              ],
                                              "parent": 9,
                                              "ID": 14,
                                              "left": 15
                                            }
                                          ],
                                          "parent": 8,
                                          "ID": 9,
                                          "left": 10,
                                          "right": 14
                                        },
                                        {
                                          "Node Type": "Hash",
                                          "Parent Relationship": "Inner",
                                          "Parallel Aware": false,
                                          "Async Capable": false,
                                          "Startup Cost": 6.53,
                                          "Total Cost": 6.53,
                                          "Plan Rows": 94,
                                          "Plan Width": 14,
                                          "Plans": [
                                            {
                                              "Node Type": "Seq Scan",
                                              "Parent Relationship": "Outer",
                                              "Parallel Aware": false,
                                              "Async Capable": false,
                                              "Relation Name": "store",
                                              "Alias": "store",
                                              "Startup Cost": 0.0,
                                              "Total Cost": 6.53,
                                              "Plan Rows": 94,
                                              "Plan Width": 14,
                                              "Filter": "((s_number_employees >= 200) AND (s_number_employees <= 295))",
                                              "parent": 16,
                                              "ID": 17
                                            }
                                          ],
                                          "parent": 8,
                                          "ID": 16,
                                          "left": 17
                                        }
                                      ],
                                      "parent": 7,
                                      "ID": 8,
                                      "left": 9,
                                      "right": 16
                                    }
                                  ],
                                  "parent": 6,
                                  "ID": 7,
                                  "left": 8
                                }
                              ],
                              "parent": 5,
                              "ID": 6,
                              "left": 7
                            }
                          ],
                          "parent": 4,
                          "ID": 5,
                          "left": 6
                        }
                      ],
                      "parent": 3,
                      "ID": 4,
                      "left": 5
                    }
                  ],
                  "parent": 2,
                  "ID": 3,
                  "left": 4
                },
                {
                  "Node Type": "Hash",
                  "Parent Relationship": "Inner",
                  "Parallel Aware": false,
                  "Async Capable": false,
                  "Startup Cost": 18835.0,
                  "Total Cost": 18835.0,
                  "Plan Rows": 500000,
                  "Plan Width": 56,
                  "Plans": [
                    {
                      "Node Type": "Seq Scan",
                      "Parent Relationship": "Outer",
                      "Parallel Aware": false,
                      "Async Capable": false,
                      "Relation Name": "customer",
                      "Alias": "customer",
                      "Startup Cost": 0.0,
                      "Total Cost": 18835.0,
                      "Plan Rows": 500000,
                      "Plan Width": 56,
                      "parent": 18,
                      "ID": 19
                    }
                  ],
                  "parent": 2,
                  "ID": 18,
                  "left": 19
                }
              ],
              "parent": 1,
              "ID": 2,
              "left": 3,
              "right": 18
            }
          ],
          "parent": 0,
          "ID": 1,
          "left": 2
        }
      ],
      "parent": null,
      "ID": 0,
      "left": 1
    },
    "feat": {
      "utility": 0.0,
      "query_shape": [
        [
          "Seq Scan",
          "Hash Join",
          "Sort",
          "Aggregate",
          "Gather Merge",
          "Subquery Scan"
        ],
        [
          "Seq Scan",
          "Hash",
          "Hash Join",
          "Sort",
          "Aggregate",
          "Gather Merge",
          "Subquery Scan"
        ],
        [
          "Seq Scan",
          "Hash",
          "Hash Join",
          "Sort",
          "Aggregate",
          "Gather Merge",
          "Subquery Scan"
        ],
        [
          "Seq Scan",
          "Hash",
          "Hash Join",
          "Sort",
          "Aggregate",
          "Gather Merge",
          "Subquery Scan"
        ],
        [
          "Seq Scan",
          "Hash",
          "Hash Join",
          "Sort"
        ]
      ],
      "index_shape": [
        "order-by"
      ],
      "physical_operator": {
        "Sort": [
          "[0. 0. 0. 0. 0. 0. 0. 0. 0. 0. 0. 0. 0. 0. 0. 0. 0. 0. 0. 0. 0. 0. 0. 0.\n 0. 0. 0. 0. 0. 0. 0. 0. 0. 0. 0. 0. 0. 0. 0. 0. 0. 0. 0. 0. 0. 0. 0. 0.\n 0. 0. 0.]"
        ]
      }
    }
  },
  {
    "query": "select \n  c_last_name,c_first_name,substr(s_city,1,30),ss_ticket_number,amt,profit\n  from\n   (select ss_ticket_number\n          ,ss_customer_sk\n          ,store.s_city\n          ,sum(ss_coupon_amt) amt\n          ,sum(ss_net_profit) profit\n    from store_sales,date_dim,store,household_demographics\n    where store_sales.ss_sold_date_sk = date_dim.d_date_sk\n    and store_sales.ss_store_sk = store.s_store_sk  \n    and store_sales.ss_hdemo_sk = household_demographics.hd_demo_sk\n    and (household_demographics.hd_dep_count = 3 or household_demographics.hd_vehicle_count > 3)\n    and date_dim.d_dow = 1\n    and date_dim.d_year in (1999,1999+1,1999+2) \n    and store.s_number_employees between 200 and 295\n    group by ss_ticket_number,ss_customer_sk,ss_addr_sk,store.s_city) ms,customer\n    where ss_customer_sk = c_customer_sk\n order by c_last_name,c_first_name,substr(s_city,1,30), profit\nlimit 100;\n\n-- end query 60 in stream 4 using template query79.tpl\n",
    "indexes": "customer.c_first_name",
    "wo plan est": {
      "Node Type": "Limit",
      "Parallel Aware": false,
      "Async Capable": false,
      "Startup Cost": 723642.22,
      "Total Cost": 723642.47,
      "Plan Rows": 100,
      "Plan Width": 152,
      "Plans": [
        {
          "Node Type": "Sort",
          "Parent Relationship": "Outer",
          "Parallel Aware": false,
          "Async Capable": false,
          "Startup Cost": 723642.22,
          "Total Cost": 723673.2,
          "Plan Rows": 12394,
          "Plan Width": 152,
          "Sort Key": [
            "customer.c_last_name",
            "customer.c_first_name",
            "(substr((ms.s_city)::text, 1, 30))",
            "ms.profit"
          ],
          "Plans": [
            {
              "Node Type": "Hash Join",
              "Parent Relationship": "Outer",
              "Parallel Aware": false,
              "Async Capable": false,
              "Join Type": "Inner",
              "Startup Cost": 715867.78,
              "Total Cost": 723168.53,
              "Plan Rows": 12394,
              "Plan Width": 152,
              "Inner Unique": false,
              "Hash Cond": "(ms.ss_customer_sk = customer.c_customer_sk)",
              "Plans": [
                {
                  "Node Type": "Subquery Scan",
                  "Parent Relationship": "Outer",
                  "Parallel Aware": false,
                  "Async Capable": false,
                  "Alias": "ms",
                  "Startup Cost": 685899.78,
                  "Total Cost": 687776.13,
                  "Plan Rows": 12394,
                  "Plan Width": 82,
                  "Plans": [
                    {
                      "Node Type": "Aggregate",
                      "Strategy": "Sorted",
                      "Partial Mode": "Finalize",
                      "Parent Relationship": "Subquery",
                      "Parallel Aware": false,
                      "Async Capable": false,
                      "Startup Cost": 685899.78,
                      "Total Cost": 687652.19,
                      "Plan Rows": 12394,
                      "Plan Width": 86,
                      "Group Key": [
                        "store_sales.ss_ticket_number",
                        "store_sales.ss_customer_sk",
                        "store_sales.ss_addr_sk",
                        "store.s_city"
                      ],
                      "Plans": [
                        {
                          "Node Type": "Gather Merge",
                          "Parent Relationship": "Outer",
                          "Parallel Aware": false,
                          "Async Capable": false,
                          "Startup Cost": 685899.78,
                          "Total Cost": 687259.72,
                          "Plan Rows": 10328,
                          "Plan Width": 86,
                          "Workers Planned": 2,
                          "Plans": [
                            {
                              "Node Type": "Aggregate",
                              "Strategy": "Sorted",
                              "Partial Mode": "Partial",
                              "Parent Relationship": "Outer",
                              "Parallel Aware": false,
                              "Async Capable": false,
                              "Startup Cost": 684899.76,
                              "Total Cost": 685067.59,
                              "Plan Rows": 5164,
                              "Plan Width": 86,
                              "Group Key": [
                                "store_sales.ss_ticket_number",
                                "store_sales.ss_customer_sk",
                                "store_sales.ss_addr_sk",
                                "store.s_city"
                              ],
                              "Plans": [
                                {
                                  "Node Type": "Sort",
                                  "Parent Relationship": "Outer",
                                  "Parallel Aware": false,
                                  "Async Capable": false,
                                  "Startup Cost": 684899.76,
                                  "Total Cost": 684912.67,
                                  "Plan Rows": 5164,
                                  "Plan Width": 31,
                                  "Sort Key": [
                                    "store_sales.ss_ticket_number",
                                    "store_sales.ss_customer_sk",
                                    "store_sales.ss_addr_sk",
                                    "store.s_city"
                                  ],
                                  "Plans": [
                                    {
                                      "Node Type": "Hash Join",
                                      "Parent Relationship": "Outer",
                                      "Parallel Aware": false,
                                      "Async Capable": false,
                                      "Join Type": "Inner",
                                      "Startup Cost": 2295.62,
                                      "Total Cost": 684581.29,
                                      "Plan Rows": 5164,
                                      "Plan Width": 31,
                                      "Inner Unique": false,
                                      "Hash Cond": "(store_sales.ss_store_sk = store.s_store_sk)",
                                      "Plans": [
                                        {
                                          "Node Type": "Hash Join",
                                          "Parent Relationship": "Outer",
                                          "Parallel Aware": false,
                                          "Async Capable": false,
                                          "Join Type": "Inner",
                                          "Startup Cost": 2287.91,
                                          "Total Cost": 684499.92,
                                          "Plan Rows": 5871,
                                          "Plan Width": 25,
                                          "Inner Unique": false,
                                          "Hash Cond": "(store_sales.ss_hdemo_sk = household_demographics.hd_demo_sk)",
                                          "Plans": [
                                            {
                                              "Node Type": "Hash Join",
                                              "Parent Relationship": "Outer",
                                              "Parallel Aware": true,
                                              "Async Capable": false,
                                              "Join Type": "Inner",
                                              "Startup Cost": 2104.41,
                                              "Total Cost": 684165.41,
                                              "Plan Rows": 24615,
                                              "Plan Width": 29,
                                              "Inner Unique": false,
                                              "Hash Cond": "(store_sales.ss_sold_date_sk = date_dim.d_date_sk)",
                                              "Plans": [
                                                {
                                                  "Node Type": "Seq Scan",
                                                  "Parent Relationship": "Outer",
                                                  "Parallel Aware": true,
                                                  "Async Capable": false,
                                                  "Relation Name": "store_sales",
                                                  "Alias": "store_sales",
                                                  "Startup Cost": 0.0,
                                                  "Total Cost": 636914.37,
                                                  "Plan Rows": 12000637,
                                                  "Plan Width": 33,
                                                  "parent": 10,
                                                  "ID": 11
                                                },
                                                {
                                                  "Node Type": "Hash",
                                                  "Parent Relationship": "Inner",
                                                  "Parallel Aware": true,
                                                  "Async Capable": false,
                                                  "Startup Cost": 2103.26,
                                                  "Total Cost": 2103.26,
                                                  "Plan Rows": 92,
                                                  "Plan Width": 4,
                                                  "Plans": [
                                                    {
                                                      "Node Type": "Seq Scan",
                                                      "Parent Relationship": "Outer",
                                                      "Parallel Aware": true,
                                                      "Async Capable": false,
                                                      "Relation Name": "date_dim",
                                                      "Alias": "date_dim",
                                                      "Startup Cost": 0.0,
                                                      "Total Cost": 2103.26,
                                                      "Plan Rows": 92,
                                                      "Plan Width": 4,
                                                      "Filter": "((d_dow = 1) AND (d_year = ANY ('{1999,2000,2001}'::integer[])))",
                                                      "parent": 12,
                                                      "ID": 13
                                                    }
                                                  ],
                                                  "parent": 10,
                                                  "ID": 12,
                                                  "left": 13
                                                }
                                              ],
                                              "parent": 9,
                                              "ID": 10,
                                              "left": 11,
                                              "right": 12
                                            },
                                            {
                                              "Node Type": "Hash",
                                              "Parent Relationship": "Inner",
                                              "Parallel Aware": false,
                                              "Async Capable": false,
                                              "Startup Cost": 161.0,
                                              "Total Cost": 161.0,
                                              "Plan Rows": 1800,
                                              "Plan Width": 4,
                                              "Plans": [
                                                {
                                                  "Node Type": "Seq Scan",
                                                  "Parent Relationship": "Outer",
                                                  "Parallel Aware": false,
                                                  "Async Capable": false,
                                                  "Relation Name": "household_demographics",
                                                  "Alias": "household_demographics",
                                                  "Startup Cost": 0.0,
                                                  "Total Cost": 161.0,
                                                  "Plan Rows": 1800,
                                                  "Plan Width": 4,
                                                  "Filter": "((hd_dep_count = 3) OR (hd_vehicle_count > 3))",
                                                  "parent": 14,
                                                  "ID": 15
                                                }
                                              ],
                                              "parent": 9,
                                              "ID": 14,
                                              "left": 15
                                            }
                                          ],
                                          "parent": 8,
                                          "ID": 9,
                                          "left": 10,
                                          "right": 14
                                        },
                                        {
                                          "Node Type": "Hash",
                                          "Parent Relationship": "Inner",
                                          "Parallel Aware": false,
                                          "Async Capable": false,
                                          "Startup Cost": 6.53,
                                          "Total Cost": 6.53,
                                          "Plan Rows": 94,
                                          "Plan Width": 14,
                                          "Plans": [
                                            {
                                              "Node Type": "Seq Scan",
                                              "Parent Relationship": "Outer",
                                              "Parallel Aware": false,
                                              "Async Capable": false,
                                              "Relation Name": "store",
                                              "Alias": "store",
                                              "Startup Cost": 0.0,
                                              "Total Cost": 6.53,
                                              "Plan Rows": 94,
                                              "Plan Width": 14,
                                              "Filter": "((s_number_employees >= 200) AND (s_number_employees <= 295))",
                                              "parent": 16,
                                              "ID": 17
                                            }
                                          ],
                                          "parent": 8,
                                          "ID": 16,
                                          "left": 17
                                        }
                                      ],
                                      "parent": 7,
                                      "ID": 8,
                                      "left": 9,
                                      "right": 16
                                    }
                                  ],
                                  "parent": 6,
                                  "ID": 7,
                                  "left": 8
                                }
                              ],
                              "parent": 5,
                              "ID": 6,
                              "left": 7
                            }
                          ],
                          "parent": 4,
                          "ID": 5,
                          "left": 6
                        }
                      ],
                      "parent": 3,
                      "ID": 4,
                      "left": 5
                    }
                  ],
                  "parent": 2,
                  "ID": 3,
                  "left": 4
                },
                {
                  "Node Type": "Hash",
                  "Parent Relationship": "Inner",
                  "Parallel Aware": false,
                  "Async Capable": false,
                  "Startup Cost": 18835.0,
                  "Total Cost": 18835.0,
                  "Plan Rows": 500000,
                  "Plan Width": 56,
                  "Plans": [
                    {
                      "Node Type": "Seq Scan",
                      "Parent Relationship": "Outer",
                      "Parallel Aware": false,
                      "Async Capable": false,
                      "Relation Name": "customer",
                      "Alias": "customer",
                      "Startup Cost": 0.0,
                      "Total Cost": 18835.0,
                      "Plan Rows": 500000,
                      "Plan Width": 56,
                      "parent": 18,
                      "ID": 19
                    }
                  ],
                  "parent": 2,
                  "ID": 18,
                  "left": 19
                }
              ],
              "parent": 1,
              "ID": 2,
              "left": 3,
              "right": 18
            }
          ],
          "parent": 0,
          "ID": 1,
          "left": 2
        }
      ],
      "parent": null,
      "ID": 0,
      "left": 1
    },
    "feat": {
      "utility": 0.0,
      "query_shape": [
        [
          "Seq Scan",
          "Hash Join",
          "Sort",
          "Aggregate",
          "Gather Merge",
          "Subquery Scan"
        ],
        [
          "Seq Scan",
          "Hash",
          "Hash Join",
          "Sort",
          "Aggregate",
          "Gather Merge",
          "Subquery Scan"
        ],
        [
          "Seq Scan",
          "Hash",
          "Hash Join",
          "Sort",
          "Aggregate",
          "Gather Merge",
          "Subquery Scan"
        ],
        [
          "Seq Scan",
          "Hash",
          "Hash Join",
          "Sort",
          "Aggregate",
          "Gather Merge",
          "Subquery Scan"
        ],
        [
          "Seq Scan",
          "Hash",
          "Hash Join",
          "Sort"
        ]
      ],
      "index_shape": [
        "order-by"
      ],
      "physical_operator": {
        "Sort": [
          "[0. 0. 0. 0. 0. 0. 0. 0. 0. 0. 0. 0. 0. 0. 0. 0. 0. 0. 0. 0. 0. 0. 0. 0.\n 0. 0. 0. 0. 0. 0. 0. 0. 0. 0. 0. 0. 0. 0. 0. 0. 0. 0. 0. 0. 0. 0. 0. 0.\n 0. 0. 0.]"
        ]
      }
    }
  },
  {
    "query": "select \n  c_last_name,c_first_name,substr(s_city,1,30),ss_ticket_number,amt,profit\n  from\n   (select ss_ticket_number\n          ,ss_customer_sk\n          ,store.s_city\n          ,sum(ss_coupon_amt) amt\n          ,sum(ss_net_profit) profit\n    from store_sales,date_dim,store,household_demographics\n    where store_sales.ss_sold_date_sk = date_dim.d_date_sk\n    and store_sales.ss_store_sk = store.s_store_sk  \n    and store_sales.ss_hdemo_sk = household_demographics.hd_demo_sk\n    and (household_demographics.hd_dep_count = 3 or household_demographics.hd_vehicle_count > 3)\n    and date_dim.d_dow = 1\n    and date_dim.d_year in (1999,1999+1,1999+2) \n    and store.s_number_employees between 200 and 295\n    group by ss_ticket_number,ss_customer_sk,ss_addr_sk,store.s_city) ms,customer\n    where ss_customer_sk = c_customer_sk\n order by c_last_name,c_first_name,substr(s_city,1,30), profit\nlimit 100;\n\n-- end query 60 in stream 4 using template query79.tpl\n",
    "indexes": "date_dim.d_year",
    "wo plan est": {
      "Node Type": "Limit",
      "Parallel Aware": false,
      "Async Capable": false,
      "Startup Cost": 723642.22,
      "Total Cost": 723642.47,
      "Plan Rows": 100,
      "Plan Width": 152,
      "Plans": [
        {
          "Node Type": "Sort",
          "Parent Relationship": "Outer",
          "Parallel Aware": false,
          "Async Capable": false,
          "Startup Cost": 723642.22,
          "Total Cost": 723673.2,
          "Plan Rows": 12394,
          "Plan Width": 152,
          "Sort Key": [
            "customer.c_last_name",
            "customer.c_first_name",
            "(substr((ms.s_city)::text, 1, 30))",
            "ms.profit"
          ],
          "Plans": [
            {
              "Node Type": "Hash Join",
              "Parent Relationship": "Outer",
              "Parallel Aware": false,
              "Async Capable": false,
              "Join Type": "Inner",
              "Startup Cost": 715867.78,
              "Total Cost": 723168.53,
              "Plan Rows": 12394,
              "Plan Width": 152,
              "Inner Unique": false,
              "Hash Cond": "(ms.ss_customer_sk = customer.c_customer_sk)",
              "Plans": [
                {
                  "Node Type": "Subquery Scan",
                  "Parent Relationship": "Outer",
                  "Parallel Aware": false,
                  "Async Capable": false,
                  "Alias": "ms",
                  "Startup Cost": 685899.78,
                  "Total Cost": 687776.13,
                  "Plan Rows": 12394,
                  "Plan Width": 82,
                  "Plans": [
                    {
                      "Node Type": "Aggregate",
                      "Strategy": "Sorted",
                      "Partial Mode": "Finalize",
                      "Parent Relationship": "Subquery",
                      "Parallel Aware": false,
                      "Async Capable": false,
                      "Startup Cost": 685899.78,
                      "Total Cost": 687652.19,
                      "Plan Rows": 12394,
                      "Plan Width": 86,
                      "Group Key": [
                        "store_sales.ss_ticket_number",
                        "store_sales.ss_customer_sk",
                        "store_sales.ss_addr_sk",
                        "store.s_city"
                      ],
                      "Plans": [
                        {
                          "Node Type": "Gather Merge",
                          "Parent Relationship": "Outer",
                          "Parallel Aware": false,
                          "Async Capable": false,
                          "Startup Cost": 685899.78,
                          "Total Cost": 687259.72,
                          "Plan Rows": 10328,
                          "Plan Width": 86,
                          "Workers Planned": 2,
                          "Plans": [
                            {
                              "Node Type": "Aggregate",
                              "Strategy": "Sorted",
                              "Partial Mode": "Partial",
                              "Parent Relationship": "Outer",
                              "Parallel Aware": false,
                              "Async Capable": false,
                              "Startup Cost": 684899.76,
                              "Total Cost": 685067.59,
                              "Plan Rows": 5164,
                              "Plan Width": 86,
                              "Group Key": [
                                "store_sales.ss_ticket_number",
                                "store_sales.ss_customer_sk",
                                "store_sales.ss_addr_sk",
                                "store.s_city"
                              ],
                              "Plans": [
                                {
                                  "Node Type": "Sort",
                                  "Parent Relationship": "Outer",
                                  "Parallel Aware": false,
                                  "Async Capable": false,
                                  "Startup Cost": 684899.76,
                                  "Total Cost": 684912.67,
                                  "Plan Rows": 5164,
                                  "Plan Width": 31,
                                  "Sort Key": [
                                    "store_sales.ss_ticket_number",
                                    "store_sales.ss_customer_sk",
                                    "store_sales.ss_addr_sk",
                                    "store.s_city"
                                  ],
                                  "Plans": [
                                    {
                                      "Node Type": "Hash Join",
                                      "Parent Relationship": "Outer",
                                      "Parallel Aware": false,
                                      "Async Capable": false,
                                      "Join Type": "Inner",
                                      "Startup Cost": 2295.62,
                                      "Total Cost": 684581.29,
                                      "Plan Rows": 5164,
                                      "Plan Width": 31,
                                      "Inner Unique": false,
                                      "Hash Cond": "(store_sales.ss_store_sk = store.s_store_sk)",
                                      "Plans": [
                                        {
                                          "Node Type": "Hash Join",
                                          "Parent Relationship": "Outer",
                                          "Parallel Aware": false,
                                          "Async Capable": false,
                                          "Join Type": "Inner",
                                          "Startup Cost": 2287.91,
                                          "Total Cost": 684499.92,
                                          "Plan Rows": 5871,
                                          "Plan Width": 25,
                                          "Inner Unique": false,
                                          "Hash Cond": "(store_sales.ss_hdemo_sk = household_demographics.hd_demo_sk)",
                                          "Plans": [
                                            {
                                              "Node Type": "Hash Join",
                                              "Parent Relationship": "Outer",
                                              "Parallel Aware": true,
                                              "Async Capable": false,
                                              "Join Type": "Inner",
                                              "Startup Cost": 2104.41,
                                              "Total Cost": 684165.41,
                                              "Plan Rows": 24615,
                                              "Plan Width": 29,
                                              "Inner Unique": false,
                                              "Hash Cond": "(store_sales.ss_sold_date_sk = date_dim.d_date_sk)",
                                              "Plans": [
                                                {
                                                  "Node Type": "Seq Scan",
                                                  "Parent Relationship": "Outer",
                                                  "Parallel Aware": true,
                                                  "Async Capable": false,
                                                  "Relation Name": "store_sales",
                                                  "Alias": "store_sales",
                                                  "Startup Cost": 0.0,
                                                  "Total Cost": 636914.37,
                                                  "Plan Rows": 12000637,
                                                  "Plan Width": 33,
                                                  "parent": 10,
                                                  "ID": 11
                                                },
                                                {
                                                  "Node Type": "Hash",
                                                  "Parent Relationship": "Inner",
                                                  "Parallel Aware": true,
                                                  "Async Capable": false,
                                                  "Startup Cost": 2103.26,
                                                  "Total Cost": 2103.26,
                                                  "Plan Rows": 92,
                                                  "Plan Width": 4,
                                                  "Plans": [
                                                    {
                                                      "Node Type": "Seq Scan",
                                                      "Parent Relationship": "Outer",
                                                      "Parallel Aware": true,
                                                      "Async Capable": false,
                                                      "Relation Name": "date_dim",
                                                      "Alias": "date_dim",
                                                      "Startup Cost": 0.0,
                                                      "Total Cost": 2103.26,
                                                      "Plan Rows": 92,
                                                      "Plan Width": 4,
                                                      "Filter": "((d_dow = 1) AND (d_year = ANY ('{1999,2000,2001}'::integer[])))",
                                                      "parent": 12,
                                                      "ID": 13
                                                    }
                                                  ],
                                                  "parent": 10,
                                                  "ID": 12,
                                                  "left": 13
                                                }
                                              ],
                                              "parent": 9,
                                              "ID": 10,
                                              "left": 11,
                                              "right": 12
                                            },
                                            {
                                              "Node Type": "Hash",
                                              "Parent Relationship": "Inner",
                                              "Parallel Aware": false,
                                              "Async Capable": false,
                                              "Startup Cost": 161.0,
                                              "Total Cost": 161.0,
                                              "Plan Rows": 1800,
                                              "Plan Width": 4,
                                              "Plans": [
                                                {
                                                  "Node Type": "Seq Scan",
                                                  "Parent Relationship": "Outer",
                                                  "Parallel Aware": false,
                                                  "Async Capable": false,
                                                  "Relation Name": "household_demographics",
                                                  "Alias": "household_demographics",
                                                  "Startup Cost": 0.0,
                                                  "Total Cost": 161.0,
                                                  "Plan Rows": 1800,
                                                  "Plan Width": 4,
                                                  "Filter": "((hd_dep_count = 3) OR (hd_vehicle_count > 3))",
                                                  "parent": 14,
                                                  "ID": 15
                                                }
                                              ],
                                              "parent": 9,
                                              "ID": 14,
                                              "left": 15
                                            }
                                          ],
                                          "parent": 8,
                                          "ID": 9,
                                          "left": 10,
                                          "right": 14
                                        },
                                        {
                                          "Node Type": "Hash",
                                          "Parent Relationship": "Inner",
                                          "Parallel Aware": false,
                                          "Async Capable": false,
                                          "Startup Cost": 6.53,
                                          "Total Cost": 6.53,
                                          "Plan Rows": 94,
                                          "Plan Width": 14,
                                          "Plans": [
                                            {
                                              "Node Type": "Seq Scan",
                                              "Parent Relationship": "Outer",
                                              "Parallel Aware": false,
                                              "Async Capable": false,
                                              "Relation Name": "store",
                                              "Alias": "store",
                                              "Startup Cost": 0.0,
                                              "Total Cost": 6.53,
                                              "Plan Rows": 94,
                                              "Plan Width": 14,
                                              "Filter": "((s_number_employees >= 200) AND (s_number_employees <= 295))",
                                              "parent": 16,
                                              "ID": 17
                                            }
                                          ],
                                          "parent": 8,
                                          "ID": 16,
                                          "left": 17
                                        }
                                      ],
                                      "parent": 7,
                                      "ID": 8,
                                      "left": 9,
                                      "right": 16
                                    }
                                  ],
                                  "parent": 6,
                                  "ID": 7,
                                  "left": 8
                                }
                              ],
                              "parent": 5,
                              "ID": 6,
                              "left": 7
                            }
                          ],
                          "parent": 4,
                          "ID": 5,
                          "left": 6
                        }
                      ],
                      "parent": 3,
                      "ID": 4,
                      "left": 5
                    }
                  ],
                  "parent": 2,
                  "ID": 3,
                  "left": 4
                },
                {
                  "Node Type": "Hash",
                  "Parent Relationship": "Inner",
                  "Parallel Aware": false,
                  "Async Capable": false,
                  "Startup Cost": 18835.0,
                  "Total Cost": 18835.0,
                  "Plan Rows": 500000,
                  "Plan Width": 56,
                  "Plans": [
                    {
                      "Node Type": "Seq Scan",
                      "Parent Relationship": "Outer",
                      "Parallel Aware": false,
                      "Async Capable": false,
                      "Relation Name": "customer",
                      "Alias": "customer",
                      "Startup Cost": 0.0,
                      "Total Cost": 18835.0,
                      "Plan Rows": 500000,
                      "Plan Width": 56,
                      "parent": 18,
                      "ID": 19
                    }
                  ],
                  "parent": 2,
                  "ID": 18,
                  "left": 19
                }
              ],
              "parent": 1,
              "ID": 2,
              "left": 3,
              "right": 18
            }
          ],
          "parent": 0,
          "ID": 1,
          "left": 2
        }
      ],
      "parent": null,
      "ID": 0,
      "left": 1
    },
    "feat": {
      "utility": 0.0029028300317932502,
      "query_shape": [
        [
          "Seq Scan",
          "Hash Join",
          "Sort",
          "Aggregate",
          "Gather Merge",
          "Subquery Scan"
        ],
        [
          "Seq Scan",
          "Hash",
          "Hash Join",
          "Sort",
          "Aggregate",
          "Gather Merge",
          "Subquery Scan"
        ],
        [
          "Seq Scan",
          "Hash",
          "Hash Join",
          "Sort",
          "Aggregate",
          "Gather Merge",
          "Subquery Scan"
        ],
        [
          "Seq Scan",
          "Hash",
          "Hash Join",
          "Sort",
          "Aggregate",
          "Gather Merge",
          "Subquery Scan"
        ],
        [
          "Seq Scan",
          "Hash",
          "Hash Join",
          "Sort"
        ]
      ],
      "index_shape": [
        "selection"
      ],
      "physical_operator": {
        "Seq Scan": [
          0.0012594286027187707
        ]
      }
    }
  },
  {
    "query": "select \n  c_last_name,c_first_name,substr(s_city,1,30),ss_ticket_number,amt,profit\n  from\n   (select ss_ticket_number\n          ,ss_customer_sk\n          ,store.s_city\n          ,sum(ss_coupon_amt) amt\n          ,sum(ss_net_profit) profit\n    from store_sales,date_dim,store,household_demographics\n    where store_sales.ss_sold_date_sk = date_dim.d_date_sk\n    and store_sales.ss_store_sk = store.s_store_sk  \n    and store_sales.ss_hdemo_sk = household_demographics.hd_demo_sk\n    and (household_demographics.hd_dep_count = 3 or household_demographics.hd_vehicle_count > 3)\n    and date_dim.d_dow = 1\n    and date_dim.d_year in (1999,1999+1,1999+2) \n    and store.s_number_employees between 200 and 295\n    group by ss_ticket_number,ss_customer_sk,ss_addr_sk,store.s_city) ms,customer\n    where ss_customer_sk = c_customer_sk\n order by c_last_name,c_first_name,substr(s_city,1,30), profit\nlimit 100;\n\n-- end query 60 in stream 4 using template query79.tpl\n",
    "indexes": "date_dim.d_dow",
    "wo plan est": {
      "Node Type": "Limit",
      "Parallel Aware": false,
      "Async Capable": false,
      "Startup Cost": 723642.22,
      "Total Cost": 723642.47,
      "Plan Rows": 100,
      "Plan Width": 152,
      "Plans": [
        {
          "Node Type": "Sort",
          "Parent Relationship": "Outer",
          "Parallel Aware": false,
          "Async Capable": false,
          "Startup Cost": 723642.22,
          "Total Cost": 723673.2,
          "Plan Rows": 12394,
          "Plan Width": 152,
          "Sort Key": [
            "customer.c_last_name",
            "customer.c_first_name",
            "(substr((ms.s_city)::text, 1, 30))",
            "ms.profit"
          ],
          "Plans": [
            {
              "Node Type": "Hash Join",
              "Parent Relationship": "Outer",
              "Parallel Aware": false,
              "Async Capable": false,
              "Join Type": "Inner",
              "Startup Cost": 715867.78,
              "Total Cost": 723168.53,
              "Plan Rows": 12394,
              "Plan Width": 152,
              "Inner Unique": false,
              "Hash Cond": "(ms.ss_customer_sk = customer.c_customer_sk)",
              "Plans": [
                {
                  "Node Type": "Subquery Scan",
                  "Parent Relationship": "Outer",
                  "Parallel Aware": false,
                  "Async Capable": false,
                  "Alias": "ms",
                  "Startup Cost": 685899.78,
                  "Total Cost": 687776.13,
                  "Plan Rows": 12394,
                  "Plan Width": 82,
                  "Plans": [
                    {
                      "Node Type": "Aggregate",
                      "Strategy": "Sorted",
                      "Partial Mode": "Finalize",
                      "Parent Relationship": "Subquery",
                      "Parallel Aware": false,
                      "Async Capable": false,
                      "Startup Cost": 685899.78,
                      "Total Cost": 687652.19,
                      "Plan Rows": 12394,
                      "Plan Width": 86,
                      "Group Key": [
                        "store_sales.ss_ticket_number",
                        "store_sales.ss_customer_sk",
                        "store_sales.ss_addr_sk",
                        "store.s_city"
                      ],
                      "Plans": [
                        {
                          "Node Type": "Gather Merge",
                          "Parent Relationship": "Outer",
                          "Parallel Aware": false,
                          "Async Capable": false,
                          "Startup Cost": 685899.78,
                          "Total Cost": 687259.72,
                          "Plan Rows": 10328,
                          "Plan Width": 86,
                          "Workers Planned": 2,
                          "Plans": [
                            {
                              "Node Type": "Aggregate",
                              "Strategy": "Sorted",
                              "Partial Mode": "Partial",
                              "Parent Relationship": "Outer",
                              "Parallel Aware": false,
                              "Async Capable": false,
                              "Startup Cost": 684899.76,
                              "Total Cost": 685067.59,
                              "Plan Rows": 5164,
                              "Plan Width": 86,
                              "Group Key": [
                                "store_sales.ss_ticket_number",
                                "store_sales.ss_customer_sk",
                                "store_sales.ss_addr_sk",
                                "store.s_city"
                              ],
                              "Plans": [
                                {
                                  "Node Type": "Sort",
                                  "Parent Relationship": "Outer",
                                  "Parallel Aware": false,
                                  "Async Capable": false,
                                  "Startup Cost": 684899.76,
                                  "Total Cost": 684912.67,
                                  "Plan Rows": 5164,
                                  "Plan Width": 31,
                                  "Sort Key": [
                                    "store_sales.ss_ticket_number",
                                    "store_sales.ss_customer_sk",
                                    "store_sales.ss_addr_sk",
                                    "store.s_city"
                                  ],
                                  "Plans": [
                                    {
                                      "Node Type": "Hash Join",
                                      "Parent Relationship": "Outer",
                                      "Parallel Aware": false,
                                      "Async Capable": false,
                                      "Join Type": "Inner",
                                      "Startup Cost": 2295.62,
                                      "Total Cost": 684581.29,
                                      "Plan Rows": 5164,
                                      "Plan Width": 31,
                                      "Inner Unique": false,
                                      "Hash Cond": "(store_sales.ss_store_sk = store.s_store_sk)",
                                      "Plans": [
                                        {
                                          "Node Type": "Hash Join",
                                          "Parent Relationship": "Outer",
                                          "Parallel Aware": false,
                                          "Async Capable": false,
                                          "Join Type": "Inner",
                                          "Startup Cost": 2287.91,
                                          "Total Cost": 684499.92,
                                          "Plan Rows": 5871,
                                          "Plan Width": 25,
                                          "Inner Unique": false,
                                          "Hash Cond": "(store_sales.ss_hdemo_sk = household_demographics.hd_demo_sk)",
                                          "Plans": [
                                            {
                                              "Node Type": "Hash Join",
                                              "Parent Relationship": "Outer",
                                              "Parallel Aware": true,
                                              "Async Capable": false,
                                              "Join Type": "Inner",
                                              "Startup Cost": 2104.41,
                                              "Total Cost": 684165.41,
                                              "Plan Rows": 24615,
                                              "Plan Width": 29,
                                              "Inner Unique": false,
                                              "Hash Cond": "(store_sales.ss_sold_date_sk = date_dim.d_date_sk)",
                                              "Plans": [
                                                {
                                                  "Node Type": "Seq Scan",
                                                  "Parent Relationship": "Outer",
                                                  "Parallel Aware": true,
                                                  "Async Capable": false,
                                                  "Relation Name": "store_sales",
                                                  "Alias": "store_sales",
                                                  "Startup Cost": 0.0,
                                                  "Total Cost": 636914.37,
                                                  "Plan Rows": 12000637,
                                                  "Plan Width": 33,
                                                  "parent": 10,
                                                  "ID": 11
                                                },
                                                {
                                                  "Node Type": "Hash",
                                                  "Parent Relationship": "Inner",
                                                  "Parallel Aware": true,
                                                  "Async Capable": false,
                                                  "Startup Cost": 2103.26,
                                                  "Total Cost": 2103.26,
                                                  "Plan Rows": 92,
                                                  "Plan Width": 4,
                                                  "Plans": [
                                                    {
                                                      "Node Type": "Seq Scan",
                                                      "Parent Relationship": "Outer",
                                                      "Parallel Aware": true,
                                                      "Async Capable": false,
                                                      "Relation Name": "date_dim",
                                                      "Alias": "date_dim",
                                                      "Startup Cost": 0.0,
                                                      "Total Cost": 2103.26,
                                                      "Plan Rows": 92,
                                                      "Plan Width": 4,
                                                      "Filter": "((d_dow = 1) AND (d_year = ANY ('{1999,2000,2001}'::integer[])))",
                                                      "parent": 12,
                                                      "ID": 13
                                                    }
                                                  ],
                                                  "parent": 10,
                                                  "ID": 12,
                                                  "left": 13
                                                }
                                              ],
                                              "parent": 9,
                                              "ID": 10,
                                              "left": 11,
                                              "right": 12
                                            },
                                            {
                                              "Node Type": "Hash",
                                              "Parent Relationship": "Inner",
                                              "Parallel Aware": false,
                                              "Async Capable": false,
                                              "Startup Cost": 161.0,
                                              "Total Cost": 161.0,
                                              "Plan Rows": 1800,
                                              "Plan Width": 4,
                                              "Plans": [
                                                {
                                                  "Node Type": "Seq Scan",
                                                  "Parent Relationship": "Outer",
                                                  "Parallel Aware": false,
                                                  "Async Capable": false,
                                                  "Relation Name": "household_demographics",
                                                  "Alias": "household_demographics",
                                                  "Startup Cost": 0.0,
                                                  "Total Cost": 161.0,
                                                  "Plan Rows": 1800,
                                                  "Plan Width": 4,
                                                  "Filter": "((hd_dep_count = 3) OR (hd_vehicle_count > 3))",
                                                  "parent": 14,
                                                  "ID": 15
                                                }
                                              ],
                                              "parent": 9,
                                              "ID": 14,
                                              "left": 15
                                            }
                                          ],
                                          "parent": 8,
                                          "ID": 9,
                                          "left": 10,
                                          "right": 14
                                        },
                                        {
                                          "Node Type": "Hash",
                                          "Parent Relationship": "Inner",
                                          "Parallel Aware": false,
                                          "Async Capable": false,
                                          "Startup Cost": 6.53,
                                          "Total Cost": 6.53,
                                          "Plan Rows": 94,
                                          "Plan Width": 14,
                                          "Plans": [
                                            {
                                              "Node Type": "Seq Scan",
                                              "Parent Relationship": "Outer",
                                              "Parallel Aware": false,
                                              "Async Capable": false,
                                              "Relation Name": "store",
                                              "Alias": "store",
                                              "Startup Cost": 0.0,
                                              "Total Cost": 6.53,
                                              "Plan Rows": 94,
                                              "Plan Width": 14,
                                              "Filter": "((s_number_employees >= 200) AND (s_number_employees <= 295))",
                                              "parent": 16,
                                              "ID": 17
                                            }
                                          ],
                                          "parent": 8,
                                          "ID": 16,
                                          "left": 17
                                        }
                                      ],
                                      "parent": 7,
                                      "ID": 8,
                                      "left": 9,
                                      "right": 16
                                    }
                                  ],
                                  "parent": 6,
                                  "ID": 7,
                                  "left": 8
                                }
                              ],
                              "parent": 5,
                              "ID": 6,
                              "left": 7
                            }
                          ],
                          "parent": 4,
                          "ID": 5,
                          "left": 6
                        }
                      ],
                      "parent": 3,
                      "ID": 4,
                      "left": 5
                    }
                  ],
                  "parent": 2,
                  "ID": 3,
                  "left": 4
                },
                {
                  "Node Type": "Hash",
                  "Parent Relationship": "Inner",
                  "Parallel Aware": false,
                  "Async Capable": false,
                  "Startup Cost": 18835.0,
                  "Total Cost": 18835.0,
                  "Plan Rows": 500000,
                  "Plan Width": 56,
                  "Plans": [
                    {
                      "Node Type": "Seq Scan",
                      "Parent Relationship": "Outer",
                      "Parallel Aware": false,
                      "Async Capable": false,
                      "Relation Name": "customer",
                      "Alias": "customer",
                      "Startup Cost": 0.0,
                      "Total Cost": 18835.0,
                      "Plan Rows": 500000,
                      "Plan Width": 56,
                      "parent": 18,
                      "ID": 19
                    }
                  ],
                  "parent": 2,
                  "ID": 18,
                  "left": 19
                }
              ],
              "parent": 1,
              "ID": 2,
              "left": 3,
              "right": 18
            }
          ],
          "parent": 0,
          "ID": 1,
          "left": 2
        }
      ],
      "parent": null,
      "ID": 0,
      "left": 1
    },
    "feat": {
      "utility": 0.0029028300317932502,
      "query_shape": [
        [
          "Seq Scan",
          "Hash Join",
          "Sort",
          "Aggregate",
          "Gather Merge",
          "Subquery Scan"
        ],
        [
          "Seq Scan",
          "Hash",
          "Hash Join",
          "Sort",
          "Aggregate",
          "Gather Merge",
          "Subquery Scan"
        ],
        [
          "Seq Scan",
          "Hash",
          "Hash Join",
          "Sort",
          "Aggregate",
          "Gather Merge",
          "Subquery Scan"
        ],
        [
          "Seq Scan",
          "Hash",
          "Hash Join",
          "Sort",
          "Aggregate",
          "Gather Merge",
          "Subquery Scan"
        ],
        [
          "Seq Scan",
          "Hash",
          "Hash Join",
          "Sort"
        ]
      ],
      "index_shape": [
        "selection"
      ],
      "physical_operator": {
        "Seq Scan": [
          0.0012594286027187707
        ]
      }
    }
  },
  {
    "query": "select \n  c_last_name,c_first_name,substr(s_city,1,30),ss_ticket_number,amt,profit\n  from\n   (select ss_ticket_number\n          ,ss_customer_sk\n          ,store.s_city\n          ,sum(ss_coupon_amt) amt\n          ,sum(ss_net_profit) profit\n    from store_sales,date_dim,store,household_demographics\n    where store_sales.ss_sold_date_sk = date_dim.d_date_sk\n    and store_sales.ss_store_sk = store.s_store_sk  \n    and store_sales.ss_hdemo_sk = household_demographics.hd_demo_sk\n    and (household_demographics.hd_dep_count = 3 or household_demographics.hd_vehicle_count > 3)\n    and date_dim.d_dow = 1\n    and date_dim.d_year in (1999,1999+1,1999+2) \n    and store.s_number_employees between 200 and 295\n    group by ss_ticket_number,ss_customer_sk,ss_addr_sk,store.s_city) ms,customer\n    where ss_customer_sk = c_customer_sk\n order by c_last_name,c_first_name,substr(s_city,1,30), profit\nlimit 100;\n\n-- end query 60 in stream 4 using template query79.tpl\n",
    "indexes": "date_dim.d_date_sk",
    "wo plan est": {
      "Node Type": "Limit",
      "Parallel Aware": false,
      "Async Capable": false,
      "Startup Cost": 723642.22,
      "Total Cost": 723642.47,
      "Plan Rows": 100,
      "Plan Width": 152,
      "Plans": [
        {
          "Node Type": "Sort",
          "Parent Relationship": "Outer",
          "Parallel Aware": false,
          "Async Capable": false,
          "Startup Cost": 723642.22,
          "Total Cost": 723673.2,
          "Plan Rows": 12394,
          "Plan Width": 152,
          "Sort Key": [
            "customer.c_last_name",
            "customer.c_first_name",
            "(substr((ms.s_city)::text, 1, 30))",
            "ms.profit"
          ],
          "Plans": [
            {
              "Node Type": "Hash Join",
              "Parent Relationship": "Outer",
              "Parallel Aware": false,
              "Async Capable": false,
              "Join Type": "Inner",
              "Startup Cost": 715867.78,
              "Total Cost": 723168.53,
              "Plan Rows": 12394,
              "Plan Width": 152,
              "Inner Unique": false,
              "Hash Cond": "(ms.ss_customer_sk = customer.c_customer_sk)",
              "Plans": [
                {
                  "Node Type": "Subquery Scan",
                  "Parent Relationship": "Outer",
                  "Parallel Aware": false,
                  "Async Capable": false,
                  "Alias": "ms",
                  "Startup Cost": 685899.78,
                  "Total Cost": 687776.13,
                  "Plan Rows": 12394,
                  "Plan Width": 82,
                  "Plans": [
                    {
                      "Node Type": "Aggregate",
                      "Strategy": "Sorted",
                      "Partial Mode": "Finalize",
                      "Parent Relationship": "Subquery",
                      "Parallel Aware": false,
                      "Async Capable": false,
                      "Startup Cost": 685899.78,
                      "Total Cost": 687652.19,
                      "Plan Rows": 12394,
                      "Plan Width": 86,
                      "Group Key": [
                        "store_sales.ss_ticket_number",
                        "store_sales.ss_customer_sk",
                        "store_sales.ss_addr_sk",
                        "store.s_city"
                      ],
                      "Plans": [
                        {
                          "Node Type": "Gather Merge",
                          "Parent Relationship": "Outer",
                          "Parallel Aware": false,
                          "Async Capable": false,
                          "Startup Cost": 685899.78,
                          "Total Cost": 687259.72,
                          "Plan Rows": 10328,
                          "Plan Width": 86,
                          "Workers Planned": 2,
                          "Plans": [
                            {
                              "Node Type": "Aggregate",
                              "Strategy": "Sorted",
                              "Partial Mode": "Partial",
                              "Parent Relationship": "Outer",
                              "Parallel Aware": false,
                              "Async Capable": false,
                              "Startup Cost": 684899.76,
                              "Total Cost": 685067.59,
                              "Plan Rows": 5164,
                              "Plan Width": 86,
                              "Group Key": [
                                "store_sales.ss_ticket_number",
                                "store_sales.ss_customer_sk",
                                "store_sales.ss_addr_sk",
                                "store.s_city"
                              ],
                              "Plans": [
                                {
                                  "Node Type": "Sort",
                                  "Parent Relationship": "Outer",
                                  "Parallel Aware": false,
                                  "Async Capable": false,
                                  "Startup Cost": 684899.76,
                                  "Total Cost": 684912.67,
                                  "Plan Rows": 5164,
                                  "Plan Width": 31,
                                  "Sort Key": [
                                    "store_sales.ss_ticket_number",
                                    "store_sales.ss_customer_sk",
                                    "store_sales.ss_addr_sk",
                                    "store.s_city"
                                  ],
                                  "Plans": [
                                    {
                                      "Node Type": "Hash Join",
                                      "Parent Relationship": "Outer",
                                      "Parallel Aware": false,
                                      "Async Capable": false,
                                      "Join Type": "Inner",
                                      "Startup Cost": 2295.62,
                                      "Total Cost": 684581.29,
                                      "Plan Rows": 5164,
                                      "Plan Width": 31,
                                      "Inner Unique": false,
                                      "Hash Cond": "(store_sales.ss_store_sk = store.s_store_sk)",
                                      "Plans": [
                                        {
                                          "Node Type": "Hash Join",
                                          "Parent Relationship": "Outer",
                                          "Parallel Aware": false,
                                          "Async Capable": false,
                                          "Join Type": "Inner",
                                          "Startup Cost": 2287.91,
                                          "Total Cost": 684499.92,
                                          "Plan Rows": 5871,
                                          "Plan Width": 25,
                                          "Inner Unique": false,
                                          "Hash Cond": "(store_sales.ss_hdemo_sk = household_demographics.hd_demo_sk)",
                                          "Plans": [
                                            {
                                              "Node Type": "Hash Join",
                                              "Parent Relationship": "Outer",
                                              "Parallel Aware": true,
                                              "Async Capable": false,
                                              "Join Type": "Inner",
                                              "Startup Cost": 2104.41,
                                              "Total Cost": 684165.41,
                                              "Plan Rows": 24615,
                                              "Plan Width": 29,
                                              "Inner Unique": false,
                                              "Hash Cond": "(store_sales.ss_sold_date_sk = date_dim.d_date_sk)",
                                              "Plans": [
                                                {
                                                  "Node Type": "Seq Scan",
                                                  "Parent Relationship": "Outer",
                                                  "Parallel Aware": true,
                                                  "Async Capable": false,
                                                  "Relation Name": "store_sales",
                                                  "Alias": "store_sales",
                                                  "Startup Cost": 0.0,
                                                  "Total Cost": 636914.37,
                                                  "Plan Rows": 12000637,
                                                  "Plan Width": 33,
                                                  "parent": 10,
                                                  "ID": 11
                                                },
                                                {
                                                  "Node Type": "Hash",
                                                  "Parent Relationship": "Inner",
                                                  "Parallel Aware": true,
                                                  "Async Capable": false,
                                                  "Startup Cost": 2103.26,
                                                  "Total Cost": 2103.26,
                                                  "Plan Rows": 92,
                                                  "Plan Width": 4,
                                                  "Plans": [
                                                    {
                                                      "Node Type": "Seq Scan",
                                                      "Parent Relationship": "Outer",
                                                      "Parallel Aware": true,
                                                      "Async Capable": false,
                                                      "Relation Name": "date_dim",
                                                      "Alias": "date_dim",
                                                      "Startup Cost": 0.0,
                                                      "Total Cost": 2103.26,
                                                      "Plan Rows": 92,
                                                      "Plan Width": 4,
                                                      "Filter": "((d_dow = 1) AND (d_year = ANY ('{1999,2000,2001}'::integer[])))",
                                                      "parent": 12,
                                                      "ID": 13
                                                    }
                                                  ],
                                                  "parent": 10,
                                                  "ID": 12,
                                                  "left": 13
                                                }
                                              ],
                                              "parent": 9,
                                              "ID": 10,
                                              "left": 11,
                                              "right": 12
                                            },
                                            {
                                              "Node Type": "Hash",
                                              "Parent Relationship": "Inner",
                                              "Parallel Aware": false,
                                              "Async Capable": false,
                                              "Startup Cost": 161.0,
                                              "Total Cost": 161.0,
                                              "Plan Rows": 1800,
                                              "Plan Width": 4,
                                              "Plans": [
                                                {
                                                  "Node Type": "Seq Scan",
                                                  "Parent Relationship": "Outer",
                                                  "Parallel Aware": false,
                                                  "Async Capable": false,
                                                  "Relation Name": "household_demographics",
                                                  "Alias": "household_demographics",
                                                  "Startup Cost": 0.0,
                                                  "Total Cost": 161.0,
                                                  "Plan Rows": 1800,
                                                  "Plan Width": 4,
                                                  "Filter": "((hd_dep_count = 3) OR (hd_vehicle_count > 3))",
                                                  "parent": 14,
                                                  "ID": 15
                                                }
                                              ],
                                              "parent": 9,
                                              "ID": 14,
                                              "left": 15
                                            }
                                          ],
                                          "parent": 8,
                                          "ID": 9,
                                          "left": 10,
                                          "right": 14
                                        },
                                        {
                                          "Node Type": "Hash",
                                          "Parent Relationship": "Inner",
                                          "Parallel Aware": false,
                                          "Async Capable": false,
                                          "Startup Cost": 6.53,
                                          "Total Cost": 6.53,
                                          "Plan Rows": 94,
                                          "Plan Width": 14,
                                          "Plans": [
                                            {
                                              "Node Type": "Seq Scan",
                                              "Parent Relationship": "Outer",
                                              "Parallel Aware": false,
                                              "Async Capable": false,
                                              "Relation Name": "store",
                                              "Alias": "store",
                                              "Startup Cost": 0.0,
                                              "Total Cost": 6.53,
                                              "Plan Rows": 94,
                                              "Plan Width": 14,
                                              "Filter": "((s_number_employees >= 200) AND (s_number_employees <= 295))",
                                              "parent": 16,
                                              "ID": 17
                                            }
                                          ],
                                          "parent": 8,
                                          "ID": 16,
                                          "left": 17
                                        }
                                      ],
                                      "parent": 7,
                                      "ID": 8,
                                      "left": 9,
                                      "right": 16
                                    }
                                  ],
                                  "parent": 6,
                                  "ID": 7,
                                  "left": 8
                                }
                              ],
                              "parent": 5,
                              "ID": 6,
                              "left": 7
                            }
                          ],
                          "parent": 4,
                          "ID": 5,
                          "left": 6
                        }
                      ],
                      "parent": 3,
                      "ID": 4,
                      "left": 5
                    }
                  ],
                  "parent": 2,
                  "ID": 3,
                  "left": 4
                },
                {
                  "Node Type": "Hash",
                  "Parent Relationship": "Inner",
                  "Parallel Aware": false,
                  "Async Capable": false,
                  "Startup Cost": 18835.0,
                  "Total Cost": 18835.0,
                  "Plan Rows": 500000,
                  "Plan Width": 56,
                  "Plans": [
                    {
                      "Node Type": "Seq Scan",
                      "Parent Relationship": "Outer",
                      "Parallel Aware": false,
                      "Async Capable": false,
                      "Relation Name": "customer",
                      "Alias": "customer",
                      "Startup Cost": 0.0,
                      "Total Cost": 18835.0,
                      "Plan Rows": 500000,
                      "Plan Width": 56,
                      "parent": 18,
                      "ID": 19
                    }
                  ],
                  "parent": 2,
                  "ID": 18,
                  "left": 19
                }
              ],
              "parent": 1,
              "ID": 2,
              "left": 3,
              "right": 18
            }
          ],
          "parent": 0,
          "ID": 1,
          "left": 2
        }
      ],
      "parent": null,
      "ID": 0,
      "left": 1
    },
    "feat": {
      "utility": 0.025905148520440704,
      "query_shape": [
        [
          "Seq Scan",
          "Hash Join",
          "Sort",
          "Aggregate",
          "Gather Merge",
          "Subquery Scan"
        ],
        [
          "Seq Scan",
          "Hash",
          "Hash Join",
          "Sort",
          "Aggregate",
          "Gather Merge",
          "Subquery Scan"
        ],
        [
          "Seq Scan",
          "Hash",
          "Hash Join",
          "Sort",
          "Aggregate",
          "Gather Merge",
          "Subquery Scan"
        ],
        [
          "Seq Scan",
          "Hash",
          "Hash Join",
          "Sort",
          "Aggregate",
          "Gather Merge",
          "Subquery Scan"
        ],
        [
          "Seq Scan",
          "Hash",
          "Hash Join",
          "Sort"
        ]
      ],
      "index_shape": [
        "join"
      ],
      "physical_operator": {
        "Hash Join": [
          0.0047217594346399975
        ]
      }
    }
  },
  {
    "query": "select \n  c_last_name,c_first_name,substr(s_city,1,30),ss_ticket_number,amt,profit\n  from\n   (select ss_ticket_number\n          ,ss_customer_sk\n          ,store.s_city\n          ,sum(ss_coupon_amt) amt\n          ,sum(ss_net_profit) profit\n    from store_sales,date_dim,store,household_demographics\n    where store_sales.ss_sold_date_sk = date_dim.d_date_sk\n    and store_sales.ss_store_sk = store.s_store_sk  \n    and store_sales.ss_hdemo_sk = household_demographics.hd_demo_sk\n    and (household_demographics.hd_dep_count = 3 or household_demographics.hd_vehicle_count > 3)\n    and date_dim.d_dow = 1\n    and date_dim.d_year in (1999,1999+1,1999+2) \n    and store.s_number_employees between 200 and 295\n    group by ss_ticket_number,ss_customer_sk,ss_addr_sk,store.s_city) ms,customer\n    where ss_customer_sk = c_customer_sk\n order by c_last_name,c_first_name,substr(s_city,1,30), profit\nlimit 100;\n\n-- end query 60 in stream 4 using template query79.tpl\n",
    "indexes": "date_dim.d_date",
    "wo plan est": {
      "Node Type": "Limit",
      "Parallel Aware": false,
      "Async Capable": false,
      "Startup Cost": 723642.22,
      "Total Cost": 723642.47,
      "Plan Rows": 100,
      "Plan Width": 152,
      "Plans": [
        {
          "Node Type": "Sort",
          "Parent Relationship": "Outer",
          "Parallel Aware": false,
          "Async Capable": false,
          "Startup Cost": 723642.22,
          "Total Cost": 723673.2,
          "Plan Rows": 12394,
          "Plan Width": 152,
          "Sort Key": [
            "customer.c_last_name",
            "customer.c_first_name",
            "(substr((ms.s_city)::text, 1, 30))",
            "ms.profit"
          ],
          "Plans": [
            {
              "Node Type": "Hash Join",
              "Parent Relationship": "Outer",
              "Parallel Aware": false,
              "Async Capable": false,
              "Join Type": "Inner",
              "Startup Cost": 715867.78,
              "Total Cost": 723168.53,
              "Plan Rows": 12394,
              "Plan Width": 152,
              "Inner Unique": false,
              "Hash Cond": "(ms.ss_customer_sk = customer.c_customer_sk)",
              "Plans": [
                {
                  "Node Type": "Subquery Scan",
                  "Parent Relationship": "Outer",
                  "Parallel Aware": false,
                  "Async Capable": false,
                  "Alias": "ms",
                  "Startup Cost": 685899.78,
                  "Total Cost": 687776.13,
                  "Plan Rows": 12394,
                  "Plan Width": 82,
                  "Plans": [
                    {
                      "Node Type": "Aggregate",
                      "Strategy": "Sorted",
                      "Partial Mode": "Finalize",
                      "Parent Relationship": "Subquery",
                      "Parallel Aware": false,
                      "Async Capable": false,
                      "Startup Cost": 685899.78,
                      "Total Cost": 687652.19,
                      "Plan Rows": 12394,
                      "Plan Width": 86,
                      "Group Key": [
                        "store_sales.ss_ticket_number",
                        "store_sales.ss_customer_sk",
                        "store_sales.ss_addr_sk",
                        "store.s_city"
                      ],
                      "Plans": [
                        {
                          "Node Type": "Gather Merge",
                          "Parent Relationship": "Outer",
                          "Parallel Aware": false,
                          "Async Capable": false,
                          "Startup Cost": 685899.78,
                          "Total Cost": 687259.72,
                          "Plan Rows": 10328,
                          "Plan Width": 86,
                          "Workers Planned": 2,
                          "Plans": [
                            {
                              "Node Type": "Aggregate",
                              "Strategy": "Sorted",
                              "Partial Mode": "Partial",
                              "Parent Relationship": "Outer",
                              "Parallel Aware": false,
                              "Async Capable": false,
                              "Startup Cost": 684899.76,
                              "Total Cost": 685067.59,
                              "Plan Rows": 5164,
                              "Plan Width": 86,
                              "Group Key": [
                                "store_sales.ss_ticket_number",
                                "store_sales.ss_customer_sk",
                                "store_sales.ss_addr_sk",
                                "store.s_city"
                              ],
                              "Plans": [
                                {
                                  "Node Type": "Sort",
                                  "Parent Relationship": "Outer",
                                  "Parallel Aware": false,
                                  "Async Capable": false,
                                  "Startup Cost": 684899.76,
                                  "Total Cost": 684912.67,
                                  "Plan Rows": 5164,
                                  "Plan Width": 31,
                                  "Sort Key": [
                                    "store_sales.ss_ticket_number",
                                    "store_sales.ss_customer_sk",
                                    "store_sales.ss_addr_sk",
                                    "store.s_city"
                                  ],
                                  "Plans": [
                                    {
                                      "Node Type": "Hash Join",
                                      "Parent Relationship": "Outer",
                                      "Parallel Aware": false,
                                      "Async Capable": false,
                                      "Join Type": "Inner",
                                      "Startup Cost": 2295.62,
                                      "Total Cost": 684581.29,
                                      "Plan Rows": 5164,
                                      "Plan Width": 31,
                                      "Inner Unique": false,
                                      "Hash Cond": "(store_sales.ss_store_sk = store.s_store_sk)",
                                      "Plans": [
                                        {
                                          "Node Type": "Hash Join",
                                          "Parent Relationship": "Outer",
                                          "Parallel Aware": false,
                                          "Async Capable": false,
                                          "Join Type": "Inner",
                                          "Startup Cost": 2287.91,
                                          "Total Cost": 684499.92,
                                          "Plan Rows": 5871,
                                          "Plan Width": 25,
                                          "Inner Unique": false,
                                          "Hash Cond": "(store_sales.ss_hdemo_sk = household_demographics.hd_demo_sk)",
                                          "Plans": [
                                            {
                                              "Node Type": "Hash Join",
                                              "Parent Relationship": "Outer",
                                              "Parallel Aware": true,
                                              "Async Capable": false,
                                              "Join Type": "Inner",
                                              "Startup Cost": 2104.41,
                                              "Total Cost": 684165.41,
                                              "Plan Rows": 24615,
                                              "Plan Width": 29,
                                              "Inner Unique": false,
                                              "Hash Cond": "(store_sales.ss_sold_date_sk = date_dim.d_date_sk)",
                                              "Plans": [
                                                {
                                                  "Node Type": "Seq Scan",
                                                  "Parent Relationship": "Outer",
                                                  "Parallel Aware": true,
                                                  "Async Capable": false,
                                                  "Relation Name": "store_sales",
                                                  "Alias": "store_sales",
                                                  "Startup Cost": 0.0,
                                                  "Total Cost": 636914.37,
                                                  "Plan Rows": 12000637,
                                                  "Plan Width": 33,
                                                  "parent": 10,
                                                  "ID": 11
                                                },
                                                {
                                                  "Node Type": "Hash",
                                                  "Parent Relationship": "Inner",
                                                  "Parallel Aware": true,
                                                  "Async Capable": false,
                                                  "Startup Cost": 2103.26,
                                                  "Total Cost": 2103.26,
                                                  "Plan Rows": 92,
                                                  "Plan Width": 4,
                                                  "Plans": [
                                                    {
                                                      "Node Type": "Seq Scan",
                                                      "Parent Relationship": "Outer",
                                                      "Parallel Aware": true,
                                                      "Async Capable": false,
                                                      "Relation Name": "date_dim",
                                                      "Alias": "date_dim",
                                                      "Startup Cost": 0.0,
                                                      "Total Cost": 2103.26,
                                                      "Plan Rows": 92,
                                                      "Plan Width": 4,
                                                      "Filter": "((d_dow = 1) AND (d_year = ANY ('{1999,2000,2001}'::integer[])))",
                                                      "parent": 12,
                                                      "ID": 13
                                                    }
                                                  ],
                                                  "parent": 10,
                                                  "ID": 12,
                                                  "left": 13
                                                }
                                              ],
                                              "parent": 9,
                                              "ID": 10,
                                              "left": 11,
                                              "right": 12
                                            },
                                            {
                                              "Node Type": "Hash",
                                              "Parent Relationship": "Inner",
                                              "Parallel Aware": false,
                                              "Async Capable": false,
                                              "Startup Cost": 161.0,
                                              "Total Cost": 161.0,
                                              "Plan Rows": 1800,
                                              "Plan Width": 4,
                                              "Plans": [
                                                {
                                                  "Node Type": "Seq Scan",
                                                  "Parent Relationship": "Outer",
                                                  "Parallel Aware": false,
                                                  "Async Capable": false,
                                                  "Relation Name": "household_demographics",
                                                  "Alias": "household_demographics",
                                                  "Startup Cost": 0.0,
                                                  "Total Cost": 161.0,
                                                  "Plan Rows": 1800,
                                                  "Plan Width": 4,
                                                  "Filter": "((hd_dep_count = 3) OR (hd_vehicle_count > 3))",
                                                  "parent": 14,
                                                  "ID": 15
                                                }
                                              ],
                                              "parent": 9,
                                              "ID": 14,
                                              "left": 15
                                            }
                                          ],
                                          "parent": 8,
                                          "ID": 9,
                                          "left": 10,
                                          "right": 14
                                        },
                                        {
                                          "Node Type": "Hash",
                                          "Parent Relationship": "Inner",
                                          "Parallel Aware": false,
                                          "Async Capable": false,
                                          "Startup Cost": 6.53,
                                          "Total Cost": 6.53,
                                          "Plan Rows": 94,
                                          "Plan Width": 14,
                                          "Plans": [
                                            {
                                              "Node Type": "Seq Scan",
                                              "Parent Relationship": "Outer",
                                              "Parallel Aware": false,
                                              "Async Capable": false,
                                              "Relation Name": "store",
                                              "Alias": "store",
                                              "Startup Cost": 0.0,
                                              "Total Cost": 6.53,
                                              "Plan Rows": 94,
                                              "Plan Width": 14,
                                              "Filter": "((s_number_employees >= 200) AND (s_number_employees <= 295))",
                                              "parent": 16,
                                              "ID": 17
                                            }
                                          ],
                                          "parent": 8,
                                          "ID": 16,
                                          "left": 17
                                        }
                                      ],
                                      "parent": 7,
                                      "ID": 8,
                                      "left": 9,
                                      "right": 16
                                    }
                                  ],
                                  "parent": 6,
                                  "ID": 7,
                                  "left": 8
                                }
                              ],
                              "parent": 5,
                              "ID": 6,
                              "left": 7
                            }
                          ],
                          "parent": 4,
                          "ID": 5,
                          "left": 6
                        }
                      ],
                      "parent": 3,
                      "ID": 4,
                      "left": 5
                    }
                  ],
                  "parent": 2,
                  "ID": 3,
                  "left": 4
                },
                {
                  "Node Type": "Hash",
                  "Parent Relationship": "Inner",
                  "Parallel Aware": false,
                  "Async Capable": false,
                  "Startup Cost": 18835.0,
                  "Total Cost": 18835.0,
                  "Plan Rows": 500000,
                  "Plan Width": 56,
                  "Plans": [
                    {
                      "Node Type": "Seq Scan",
                      "Parent Relationship": "Outer",
                      "Parallel Aware": false,
                      "Async Capable": false,
                      "Relation Name": "customer",
                      "Alias": "customer",
                      "Startup Cost": 0.0,
                      "Total Cost": 18835.0,
                      "Plan Rows": 500000,
                      "Plan Width": 56,
                      "parent": 18,
                      "ID": 19
                    }
                  ],
                  "parent": 2,
                  "ID": 18,
                  "left": 19
                }
              ],
              "parent": 1,
              "ID": 2,
              "left": 3,
              "right": 18
            }
          ],
          "parent": 0,
          "ID": 1,
          "left": 2
        }
      ],
      "parent": null,
      "ID": 0,
      "left": 1
    },
    "feat": {
      "utility": 0.025905148520440704,
      "query_shape": [
        [
          "Seq Scan",
          "Hash Join",
          "Sort",
          "Aggregate",
          "Gather Merge",
          "Subquery Scan"
        ],
        [
          "Seq Scan",
          "Hash",
          "Hash Join",
          "Sort",
          "Aggregate",
          "Gather Merge",
          "Subquery Scan"
        ],
        [
          "Seq Scan",
          "Hash",
          "Hash Join",
          "Sort",
          "Aggregate",
          "Gather Merge",
          "Subquery Scan"
        ],
        [
          "Seq Scan",
          "Hash",
          "Hash Join",
          "Sort",
          "Aggregate",
          "Gather Merge",
          "Subquery Scan"
        ],
        [
          "Seq Scan",
          "Hash",
          "Hash Join",
          "Sort"
        ]
      ],
      "index_shape": [
        "join"
      ],
      "physical_operator": {
        "Hash Join": [
          0.0047217594346399975
        ]
      }
    }
  },
  {
    "query": "select \n  c_last_name,c_first_name,substr(s_city,1,30),ss_ticket_number,amt,profit\n  from\n   (select ss_ticket_number\n          ,ss_customer_sk\n          ,store.s_city\n          ,sum(ss_coupon_amt) amt\n          ,sum(ss_net_profit) profit\n    from store_sales,date_dim,store,household_demographics\n    where store_sales.ss_sold_date_sk = date_dim.d_date_sk\n    and store_sales.ss_store_sk = store.s_store_sk  \n    and store_sales.ss_hdemo_sk = household_demographics.hd_demo_sk\n    and (household_demographics.hd_dep_count = 3 or household_demographics.hd_vehicle_count > 3)\n    and date_dim.d_dow = 1\n    and date_dim.d_year in (1999,1999+1,1999+2) \n    and store.s_number_employees between 200 and 295\n    group by ss_ticket_number,ss_customer_sk,ss_addr_sk,store.s_city) ms,customer\n    where ss_customer_sk = c_customer_sk\n order by c_last_name,c_first_name,substr(s_city,1,30), profit\nlimit 100;\n\n-- end query 60 in stream 4 using template query79.tpl\n",
    "indexes": "household_demographics.hd_demo_sk",
    "wo plan est": {
      "Node Type": "Limit",
      "Parallel Aware": false,
      "Async Capable": false,
      "Startup Cost": 723642.22,
      "Total Cost": 723642.47,
      "Plan Rows": 100,
      "Plan Width": 152,
      "Plans": [
        {
          "Node Type": "Sort",
          "Parent Relationship": "Outer",
          "Parallel Aware": false,
          "Async Capable": false,
          "Startup Cost": 723642.22,
          "Total Cost": 723673.2,
          "Plan Rows": 12394,
          "Plan Width": 152,
          "Sort Key": [
            "customer.c_last_name",
            "customer.c_first_name",
            "(substr((ms.s_city)::text, 1, 30))",
            "ms.profit"
          ],
          "Plans": [
            {
              "Node Type": "Hash Join",
              "Parent Relationship": "Outer",
              "Parallel Aware": false,
              "Async Capable": false,
              "Join Type": "Inner",
              "Startup Cost": 715867.78,
              "Total Cost": 723168.53,
              "Plan Rows": 12394,
              "Plan Width": 152,
              "Inner Unique": false,
              "Hash Cond": "(ms.ss_customer_sk = customer.c_customer_sk)",
              "Plans": [
                {
                  "Node Type": "Subquery Scan",
                  "Parent Relationship": "Outer",
                  "Parallel Aware": false,
                  "Async Capable": false,
                  "Alias": "ms",
                  "Startup Cost": 685899.78,
                  "Total Cost": 687776.13,
                  "Plan Rows": 12394,
                  "Plan Width": 82,
                  "Plans": [
                    {
                      "Node Type": "Aggregate",
                      "Strategy": "Sorted",
                      "Partial Mode": "Finalize",
                      "Parent Relationship": "Subquery",
                      "Parallel Aware": false,
                      "Async Capable": false,
                      "Startup Cost": 685899.78,
                      "Total Cost": 687652.19,
                      "Plan Rows": 12394,
                      "Plan Width": 86,
                      "Group Key": [
                        "store_sales.ss_ticket_number",
                        "store_sales.ss_customer_sk",
                        "store_sales.ss_addr_sk",
                        "store.s_city"
                      ],
                      "Plans": [
                        {
                          "Node Type": "Gather Merge",
                          "Parent Relationship": "Outer",
                          "Parallel Aware": false,
                          "Async Capable": false,
                          "Startup Cost": 685899.78,
                          "Total Cost": 687259.72,
                          "Plan Rows": 10328,
                          "Plan Width": 86,
                          "Workers Planned": 2,
                          "Plans": [
                            {
                              "Node Type": "Aggregate",
                              "Strategy": "Sorted",
                              "Partial Mode": "Partial",
                              "Parent Relationship": "Outer",
                              "Parallel Aware": false,
                              "Async Capable": false,
                              "Startup Cost": 684899.76,
                              "Total Cost": 685067.59,
                              "Plan Rows": 5164,
                              "Plan Width": 86,
                              "Group Key": [
                                "store_sales.ss_ticket_number",
                                "store_sales.ss_customer_sk",
                                "store_sales.ss_addr_sk",
                                "store.s_city"
                              ],
                              "Plans": [
                                {
                                  "Node Type": "Sort",
                                  "Parent Relationship": "Outer",
                                  "Parallel Aware": false,
                                  "Async Capable": false,
                                  "Startup Cost": 684899.76,
                                  "Total Cost": 684912.67,
                                  "Plan Rows": 5164,
                                  "Plan Width": 31,
                                  "Sort Key": [
                                    "store_sales.ss_ticket_number",
                                    "store_sales.ss_customer_sk",
                                    "store_sales.ss_addr_sk",
                                    "store.s_city"
                                  ],
                                  "Plans": [
                                    {
                                      "Node Type": "Hash Join",
                                      "Parent Relationship": "Outer",
                                      "Parallel Aware": false,
                                      "Async Capable": false,
                                      "Join Type": "Inner",
                                      "Startup Cost": 2295.62,
                                      "Total Cost": 684581.29,
                                      "Plan Rows": 5164,
                                      "Plan Width": 31,
                                      "Inner Unique": false,
                                      "Hash Cond": "(store_sales.ss_store_sk = store.s_store_sk)",
                                      "Plans": [
                                        {
                                          "Node Type": "Hash Join",
                                          "Parent Relationship": "Outer",
                                          "Parallel Aware": false,
                                          "Async Capable": false,
                                          "Join Type": "Inner",
                                          "Startup Cost": 2287.91,
                                          "Total Cost": 684499.92,
                                          "Plan Rows": 5871,
                                          "Plan Width": 25,
                                          "Inner Unique": false,
                                          "Hash Cond": "(store_sales.ss_hdemo_sk = household_demographics.hd_demo_sk)",
                                          "Plans": [
                                            {
                                              "Node Type": "Hash Join",
                                              "Parent Relationship": "Outer",
                                              "Parallel Aware": true,
                                              "Async Capable": false,
                                              "Join Type": "Inner",
                                              "Startup Cost": 2104.41,
                                              "Total Cost": 684165.41,
                                              "Plan Rows": 24615,
                                              "Plan Width": 29,
                                              "Inner Unique": false,
                                              "Hash Cond": "(store_sales.ss_sold_date_sk = date_dim.d_date_sk)",
                                              "Plans": [
                                                {
                                                  "Node Type": "Seq Scan",
                                                  "Parent Relationship": "Outer",
                                                  "Parallel Aware": true,
                                                  "Async Capable": false,
                                                  "Relation Name": "store_sales",
                                                  "Alias": "store_sales",
                                                  "Startup Cost": 0.0,
                                                  "Total Cost": 636914.37,
                                                  "Plan Rows": 12000637,
                                                  "Plan Width": 33,
                                                  "parent": 10,
                                                  "ID": 11
                                                },
                                                {
                                                  "Node Type": "Hash",
                                                  "Parent Relationship": "Inner",
                                                  "Parallel Aware": true,
                                                  "Async Capable": false,
                                                  "Startup Cost": 2103.26,
                                                  "Total Cost": 2103.26,
                                                  "Plan Rows": 92,
                                                  "Plan Width": 4,
                                                  "Plans": [
                                                    {
                                                      "Node Type": "Seq Scan",
                                                      "Parent Relationship": "Outer",
                                                      "Parallel Aware": true,
                                                      "Async Capable": false,
                                                      "Relation Name": "date_dim",
                                                      "Alias": "date_dim",
                                                      "Startup Cost": 0.0,
                                                      "Total Cost": 2103.26,
                                                      "Plan Rows": 92,
                                                      "Plan Width": 4,
                                                      "Filter": "((d_dow = 1) AND (d_year = ANY ('{1999,2000,2001}'::integer[])))",
                                                      "parent": 12,
                                                      "ID": 13
                                                    }
                                                  ],
                                                  "parent": 10,
                                                  "ID": 12,
                                                  "left": 13
                                                }
                                              ],
                                              "parent": 9,
                                              "ID": 10,
                                              "left": 11,
                                              "right": 12
                                            },
                                            {
                                              "Node Type": "Hash",
                                              "Parent Relationship": "Inner",
                                              "Parallel Aware": false,
                                              "Async Capable": false,
                                              "Startup Cost": 161.0,
                                              "Total Cost": 161.0,
                                              "Plan Rows": 1800,
                                              "Plan Width": 4,
                                              "Plans": [
                                                {
                                                  "Node Type": "Seq Scan",
                                                  "Parent Relationship": "Outer",
                                                  "Parallel Aware": false,
                                                  "Async Capable": false,
                                                  "Relation Name": "household_demographics",
                                                  "Alias": "household_demographics",
                                                  "Startup Cost": 0.0,
                                                  "Total Cost": 161.0,
                                                  "Plan Rows": 1800,
                                                  "Plan Width": 4,
                                                  "Filter": "((hd_dep_count = 3) OR (hd_vehicle_count > 3))",
                                                  "parent": 14,
                                                  "ID": 15
                                                }
                                              ],
                                              "parent": 9,
                                              "ID": 14,
                                              "left": 15
                                            }
                                          ],
                                          "parent": 8,
                                          "ID": 9,
                                          "left": 10,
                                          "right": 14
                                        },
                                        {
                                          "Node Type": "Hash",
                                          "Parent Relationship": "Inner",
                                          "Parallel Aware": false,
                                          "Async Capable": false,
                                          "Startup Cost": 6.53,
                                          "Total Cost": 6.53,
                                          "Plan Rows": 94,
                                          "Plan Width": 14,
                                          "Plans": [
                                            {
                                              "Node Type": "Seq Scan",
                                              "Parent Relationship": "Outer",
                                              "Parallel Aware": false,
                                              "Async Capable": false,
                                              "Relation Name": "store",
                                              "Alias": "store",
                                              "Startup Cost": 0.0,
                                              "Total Cost": 6.53,
                                              "Plan Rows": 94,
                                              "Plan Width": 14,
                                              "Filter": "((s_number_employees >= 200) AND (s_number_employees <= 295))",
                                              "parent": 16,
                                              "ID": 17
                                            }
                                          ],
                                          "parent": 8,
                                          "ID": 16,
                                          "left": 17
                                        }
                                      ],
                                      "parent": 7,
                                      "ID": 8,
                                      "left": 9,
                                      "right": 16
                                    }
                                  ],
                                  "parent": 6,
                                  "ID": 7,
                                  "left": 8
                                }
                              ],
                              "parent": 5,
                              "ID": 6,
                              "left": 7
                            }
                          ],
                          "parent": 4,
                          "ID": 5,
                          "left": 6
                        }
                      ],
                      "parent": 3,
                      "ID": 4,
                      "left": 5
                    }
                  ],
                  "parent": 2,
                  "ID": 3,
                  "left": 4
                },
                {
                  "Node Type": "Hash",
                  "Parent Relationship": "Inner",
                  "Parallel Aware": false,
                  "Async Capable": false,
                  "Startup Cost": 18835.0,
                  "Total Cost": 18835.0,
                  "Plan Rows": 500000,
                  "Plan Width": 56,
                  "Plans": [
                    {
                      "Node Type": "Seq Scan",
                      "Parent Relationship": "Outer",
                      "Parallel Aware": false,
                      "Async Capable": false,
                      "Relation Name": "customer",
                      "Alias": "customer",
                      "Startup Cost": 0.0,
                      "Total Cost": 18835.0,
                      "Plan Rows": 500000,
                      "Plan Width": 56,
                      "parent": 18,
                      "ID": 19
                    }
                  ],
                  "parent": 2,
                  "ID": 18,
                  "left": 19
                }
              ],
              "parent": 1,
              "ID": 2,
              "left": 3,
              "right": 18
            }
          ],
          "parent": 0,
          "ID": 1,
          "left": 2
        }
      ],
      "parent": null,
      "ID": 0,
      "left": 1
    },
    "feat": {
      "utility": 0.025728433149365654,
      "query_shape": [
        [
          "Seq Scan",
          "Hash Join",
          "Sort",
          "Aggregate",
          "Gather Merge",
          "Subquery Scan"
        ],
        [
          "Seq Scan",
          "Hash",
          "Hash Join",
          "Sort",
          "Aggregate",
          "Gather Merge",
          "Subquery Scan"
        ],
        [
          "Seq Scan",
          "Hash",
          "Hash Join",
          "Sort",
          "Aggregate",
          "Gather Merge",
          "Subquery Scan"
        ],
        [
          "Seq Scan",
          "Hash",
          "Hash Join",
          "Sort",
          "Aggregate",
          "Gather Merge",
          "Subquery Scan"
        ],
        [
          "Seq Scan",
          "Hash",
          "Hash Join",
          "Sort"
        ]
      ],
      "index_shape": [
        "join"
      ],
      "physical_operator": {
        "Hash Join": [
          0.011511180597990979
        ]
      }
    }
  },
  {
    "query": "select \n  c_last_name,c_first_name,substr(s_city,1,30),ss_ticket_number,amt,profit\n  from\n   (select ss_ticket_number\n          ,ss_customer_sk\n          ,store.s_city\n          ,sum(ss_coupon_amt) amt\n          ,sum(ss_net_profit) profit\n    from store_sales,date_dim,store,household_demographics\n    where store_sales.ss_sold_date_sk = date_dim.d_date_sk\n    and store_sales.ss_store_sk = store.s_store_sk  \n    and store_sales.ss_hdemo_sk = household_demographics.hd_demo_sk\n    and (household_demographics.hd_dep_count = 3 or household_demographics.hd_vehicle_count > 3)\n    and date_dim.d_dow = 1\n    and date_dim.d_year in (1999,1999+1,1999+2) \n    and store.s_number_employees between 200 and 295\n    group by ss_ticket_number,ss_customer_sk,ss_addr_sk,store.s_city) ms,customer\n    where ss_customer_sk = c_customer_sk\n order by c_last_name,c_first_name,substr(s_city,1,30), profit\nlimit 100;\n\n-- end query 60 in stream 4 using template query79.tpl\n",
    "indexes": "household_demographics.hd_dep_count",
    "wo plan est": {
      "Node Type": "Limit",
      "Parallel Aware": false,
      "Async Capable": false,
      "Startup Cost": 723642.22,
      "Total Cost": 723642.47,
      "Plan Rows": 100,
      "Plan Width": 152,
      "Plans": [
        {
          "Node Type": "Sort",
          "Parent Relationship": "Outer",
          "Parallel Aware": false,
          "Async Capable": false,
          "Startup Cost": 723642.22,
          "Total Cost": 723673.2,
          "Plan Rows": 12394,
          "Plan Width": 152,
          "Sort Key": [
            "customer.c_last_name",
            "customer.c_first_name",
            "(substr((ms.s_city)::text, 1, 30))",
            "ms.profit"
          ],
          "Plans": [
            {
              "Node Type": "Hash Join",
              "Parent Relationship": "Outer",
              "Parallel Aware": false,
              "Async Capable": false,
              "Join Type": "Inner",
              "Startup Cost": 715867.78,
              "Total Cost": 723168.53,
              "Plan Rows": 12394,
              "Plan Width": 152,
              "Inner Unique": false,
              "Hash Cond": "(ms.ss_customer_sk = customer.c_customer_sk)",
              "Plans": [
                {
                  "Node Type": "Subquery Scan",
                  "Parent Relationship": "Outer",
                  "Parallel Aware": false,
                  "Async Capable": false,
                  "Alias": "ms",
                  "Startup Cost": 685899.78,
                  "Total Cost": 687776.13,
                  "Plan Rows": 12394,
                  "Plan Width": 82,
                  "Plans": [
                    {
                      "Node Type": "Aggregate",
                      "Strategy": "Sorted",
                      "Partial Mode": "Finalize",
                      "Parent Relationship": "Subquery",
                      "Parallel Aware": false,
                      "Async Capable": false,
                      "Startup Cost": 685899.78,
                      "Total Cost": 687652.19,
                      "Plan Rows": 12394,
                      "Plan Width": 86,
                      "Group Key": [
                        "store_sales.ss_ticket_number",
                        "store_sales.ss_customer_sk",
                        "store_sales.ss_addr_sk",
                        "store.s_city"
                      ],
                      "Plans": [
                        {
                          "Node Type": "Gather Merge",
                          "Parent Relationship": "Outer",
                          "Parallel Aware": false,
                          "Async Capable": false,
                          "Startup Cost": 685899.78,
                          "Total Cost": 687259.72,
                          "Plan Rows": 10328,
                          "Plan Width": 86,
                          "Workers Planned": 2,
                          "Plans": [
                            {
                              "Node Type": "Aggregate",
                              "Strategy": "Sorted",
                              "Partial Mode": "Partial",
                              "Parent Relationship": "Outer",
                              "Parallel Aware": false,
                              "Async Capable": false,
                              "Startup Cost": 684899.76,
                              "Total Cost": 685067.59,
                              "Plan Rows": 5164,
                              "Plan Width": 86,
                              "Group Key": [
                                "store_sales.ss_ticket_number",
                                "store_sales.ss_customer_sk",
                                "store_sales.ss_addr_sk",
                                "store.s_city"
                              ],
                              "Plans": [
                                {
                                  "Node Type": "Sort",
                                  "Parent Relationship": "Outer",
                                  "Parallel Aware": false,
                                  "Async Capable": false,
                                  "Startup Cost": 684899.76,
                                  "Total Cost": 684912.67,
                                  "Plan Rows": 5164,
                                  "Plan Width": 31,
                                  "Sort Key": [
                                    "store_sales.ss_ticket_number",
                                    "store_sales.ss_customer_sk",
                                    "store_sales.ss_addr_sk",
                                    "store.s_city"
                                  ],
                                  "Plans": [
                                    {
                                      "Node Type": "Hash Join",
                                      "Parent Relationship": "Outer",
                                      "Parallel Aware": false,
                                      "Async Capable": false,
                                      "Join Type": "Inner",
                                      "Startup Cost": 2295.62,
                                      "Total Cost": 684581.29,
                                      "Plan Rows": 5164,
                                      "Plan Width": 31,
                                      "Inner Unique": false,
                                      "Hash Cond": "(store_sales.ss_store_sk = store.s_store_sk)",
                                      "Plans": [
                                        {
                                          "Node Type": "Hash Join",
                                          "Parent Relationship": "Outer",
                                          "Parallel Aware": false,
                                          "Async Capable": false,
                                          "Join Type": "Inner",
                                          "Startup Cost": 2287.91,
                                          "Total Cost": 684499.92,
                                          "Plan Rows": 5871,
                                          "Plan Width": 25,
                                          "Inner Unique": false,
                                          "Hash Cond": "(store_sales.ss_hdemo_sk = household_demographics.hd_demo_sk)",
                                          "Plans": [
                                            {
                                              "Node Type": "Hash Join",
                                              "Parent Relationship": "Outer",
                                              "Parallel Aware": true,
                                              "Async Capable": false,
                                              "Join Type": "Inner",
                                              "Startup Cost": 2104.41,
                                              "Total Cost": 684165.41,
                                              "Plan Rows": 24615,
                                              "Plan Width": 29,
                                              "Inner Unique": false,
                                              "Hash Cond": "(store_sales.ss_sold_date_sk = date_dim.d_date_sk)",
                                              "Plans": [
                                                {
                                                  "Node Type": "Seq Scan",
                                                  "Parent Relationship": "Outer",
                                                  "Parallel Aware": true,
                                                  "Async Capable": false,
                                                  "Relation Name": "store_sales",
                                                  "Alias": "store_sales",
                                                  "Startup Cost": 0.0,
                                                  "Total Cost": 636914.37,
                                                  "Plan Rows": 12000637,
                                                  "Plan Width": 33,
                                                  "parent": 10,
                                                  "ID": 11
                                                },
                                                {
                                                  "Node Type": "Hash",
                                                  "Parent Relationship": "Inner",
                                                  "Parallel Aware": true,
                                                  "Async Capable": false,
                                                  "Startup Cost": 2103.26,
                                                  "Total Cost": 2103.26,
                                                  "Plan Rows": 92,
                                                  "Plan Width": 4,
                                                  "Plans": [
                                                    {
                                                      "Node Type": "Seq Scan",
                                                      "Parent Relationship": "Outer",
                                                      "Parallel Aware": true,
                                                      "Async Capable": false,
                                                      "Relation Name": "date_dim",
                                                      "Alias": "date_dim",
                                                      "Startup Cost": 0.0,
                                                      "Total Cost": 2103.26,
                                                      "Plan Rows": 92,
                                                      "Plan Width": 4,
                                                      "Filter": "((d_dow = 1) AND (d_year = ANY ('{1999,2000,2001}'::integer[])))",
                                                      "parent": 12,
                                                      "ID": 13
                                                    }
                                                  ],
                                                  "parent": 10,
                                                  "ID": 12,
                                                  "left": 13
                                                }
                                              ],
                                              "parent": 9,
                                              "ID": 10,
                                              "left": 11,
                                              "right": 12
                                            },
                                            {
                                              "Node Type": "Hash",
                                              "Parent Relationship": "Inner",
                                              "Parallel Aware": false,
                                              "Async Capable": false,
                                              "Startup Cost": 161.0,
                                              "Total Cost": 161.0,
                                              "Plan Rows": 1800,
                                              "Plan Width": 4,
                                              "Plans": [
                                                {
                                                  "Node Type": "Seq Scan",
                                                  "Parent Relationship": "Outer",
                                                  "Parallel Aware": false,
                                                  "Async Capable": false,
                                                  "Relation Name": "household_demographics",
                                                  "Alias": "household_demographics",
                                                  "Startup Cost": 0.0,
                                                  "Total Cost": 161.0,
                                                  "Plan Rows": 1800,
                                                  "Plan Width": 4,
                                                  "Filter": "((hd_dep_count = 3) OR (hd_vehicle_count > 3))",
                                                  "parent": 14,
                                                  "ID": 15
                                                }
                                              ],
                                              "parent": 9,
                                              "ID": 14,
                                              "left": 15
                                            }
                                          ],
                                          "parent": 8,
                                          "ID": 9,
                                          "left": 10,
                                          "right": 14
                                        },
                                        {
                                          "Node Type": "Hash",
                                          "Parent Relationship": "Inner",
                                          "Parallel Aware": false,
                                          "Async Capable": false,
                                          "Startup Cost": 6.53,
                                          "Total Cost": 6.53,
                                          "Plan Rows": 94,
                                          "Plan Width": 14,
                                          "Plans": [
                                            {
                                              "Node Type": "Seq Scan",
                                              "Parent Relationship": "Outer",
                                              "Parallel Aware": false,
                                              "Async Capable": false,
                                              "Relation Name": "store",
                                              "Alias": "store",
                                              "Startup Cost": 0.0,
                                              "Total Cost": 6.53,
                                              "Plan Rows": 94,
                                              "Plan Width": 14,
                                              "Filter": "((s_number_employees >= 200) AND (s_number_employees <= 295))",
                                              "parent": 16,
                                              "ID": 17
                                            }
                                          ],
                                          "parent": 8,
                                          "ID": 16,
                                          "left": 17
                                        }
                                      ],
                                      "parent": 7,
                                      "ID": 8,
                                      "left": 9,
                                      "right": 16
                                    }
                                  ],
                                  "parent": 6,
                                  "ID": 7,
                                  "left": 8
                                }
                              ],
                              "parent": 5,
                              "ID": 6,
                              "left": 7
                            }
                          ],
                          "parent": 4,
                          "ID": 5,
                          "left": 6
                        }
                      ],
                      "parent": 3,
                      "ID": 4,
                      "left": 5
                    }
                  ],
                  "parent": 2,
                  "ID": 3,
                  "left": 4
                },
                {
                  "Node Type": "Hash",
                  "Parent Relationship": "Inner",
                  "Parallel Aware": false,
                  "Async Capable": false,
                  "Startup Cost": 18835.0,
                  "Total Cost": 18835.0,
                  "Plan Rows": 500000,
                  "Plan Width": 56,
                  "Plans": [
                    {
                      "Node Type": "Seq Scan",
                      "Parent Relationship": "Outer",
                      "Parallel Aware": false,
                      "Async Capable": false,
                      "Relation Name": "customer",
                      "Alias": "customer",
                      "Startup Cost": 0.0,
                      "Total Cost": 18835.0,
                      "Plan Rows": 500000,
                      "Plan Width": 56,
                      "parent": 18,
                      "ID": 19
                    }
                  ],
                  "parent": 2,
                  "ID": 18,
                  "left": 19
                }
              ],
              "parent": 1,
              "ID": 2,
              "left": 3,
              "right": 18
            }
          ],
          "parent": 0,
          "ID": 1,
          "left": 2
        }
      ],
      "parent": null,
      "ID": 0,
      "left": 1
    },
    "feat": {
      "utility": 0.00016686416981579315,
      "query_shape": [
        [
          "Seq Scan",
          "Hash Join",
          "Sort",
          "Aggregate",
          "Gather Merge",
          "Subquery Scan"
        ],
        [
          "Seq Scan",
          "Hash",
          "Hash Join",
          "Sort",
          "Aggregate",
          "Gather Merge",
          "Subquery Scan"
        ],
        [
          "Seq Scan",
          "Hash",
          "Hash Join",
          "Sort",
          "Aggregate",
          "Gather Merge",
          "Subquery Scan"
        ],
        [
          "Seq Scan",
          "Hash",
          "Hash Join",
          "Sort",
          "Aggregate",
          "Gather Merge",
          "Subquery Scan"
        ],
        [
          "Seq Scan",
          "Hash",
          "Hash Join",
          "Sort"
        ]
      ],
      "index_shape": [
        "selection"
      ],
      "physical_operator": {
        "Seq Scan": [
          0.25
        ]
      }
    }
  },
  {
    "query": "select \n  c_last_name,c_first_name,substr(s_city,1,30),ss_ticket_number,amt,profit\n  from\n   (select ss_ticket_number\n          ,ss_customer_sk\n          ,store.s_city\n          ,sum(ss_coupon_amt) amt\n          ,sum(ss_net_profit) profit\n    from store_sales,date_dim,store,household_demographics\n    where store_sales.ss_sold_date_sk = date_dim.d_date_sk\n    and store_sales.ss_store_sk = store.s_store_sk  \n    and store_sales.ss_hdemo_sk = household_demographics.hd_demo_sk\n    and (household_demographics.hd_dep_count = 3 or household_demographics.hd_vehicle_count > 3)\n    and date_dim.d_dow = 1\n    and date_dim.d_year in (1999,1999+1,1999+2) \n    and store.s_number_employees between 200 and 295\n    group by ss_ticket_number,ss_customer_sk,ss_addr_sk,store.s_city) ms,customer\n    where ss_customer_sk = c_customer_sk\n order by c_last_name,c_first_name,substr(s_city,1,30), profit\nlimit 100;\n\n-- end query 60 in stream 4 using template query79.tpl\n",
    "indexes": "household_demographics.hd_vehicle_count",
    "wo plan est": {
      "Node Type": "Limit",
      "Parallel Aware": false,
      "Async Capable": false,
      "Startup Cost": 723642.22,
      "Total Cost": 723642.47,
      "Plan Rows": 100,
      "Plan Width": 152,
      "Plans": [
        {
          "Node Type": "Sort",
          "Parent Relationship": "Outer",
          "Parallel Aware": false,
          "Async Capable": false,
          "Startup Cost": 723642.22,
          "Total Cost": 723673.2,
          "Plan Rows": 12394,
          "Plan Width": 152,
          "Sort Key": [
            "customer.c_last_name",
            "customer.c_first_name",
            "(substr((ms.s_city)::text, 1, 30))",
            "ms.profit"
          ],
          "Plans": [
            {
              "Node Type": "Hash Join",
              "Parent Relationship": "Outer",
              "Parallel Aware": false,
              "Async Capable": false,
              "Join Type": "Inner",
              "Startup Cost": 715867.78,
              "Total Cost": 723168.53,
              "Plan Rows": 12394,
              "Plan Width": 152,
              "Inner Unique": false,
              "Hash Cond": "(ms.ss_customer_sk = customer.c_customer_sk)",
              "Plans": [
                {
                  "Node Type": "Subquery Scan",
                  "Parent Relationship": "Outer",
                  "Parallel Aware": false,
                  "Async Capable": false,
                  "Alias": "ms",
                  "Startup Cost": 685899.78,
                  "Total Cost": 687776.13,
                  "Plan Rows": 12394,
                  "Plan Width": 82,
                  "Plans": [
                    {
                      "Node Type": "Aggregate",
                      "Strategy": "Sorted",
                      "Partial Mode": "Finalize",
                      "Parent Relationship": "Subquery",
                      "Parallel Aware": false,
                      "Async Capable": false,
                      "Startup Cost": 685899.78,
                      "Total Cost": 687652.19,
                      "Plan Rows": 12394,
                      "Plan Width": 86,
                      "Group Key": [
                        "store_sales.ss_ticket_number",
                        "store_sales.ss_customer_sk",
                        "store_sales.ss_addr_sk",
                        "store.s_city"
                      ],
                      "Plans": [
                        {
                          "Node Type": "Gather Merge",
                          "Parent Relationship": "Outer",
                          "Parallel Aware": false,
                          "Async Capable": false,
                          "Startup Cost": 685899.78,
                          "Total Cost": 687259.72,
                          "Plan Rows": 10328,
                          "Plan Width": 86,
                          "Workers Planned": 2,
                          "Plans": [
                            {
                              "Node Type": "Aggregate",
                              "Strategy": "Sorted",
                              "Partial Mode": "Partial",
                              "Parent Relationship": "Outer",
                              "Parallel Aware": false,
                              "Async Capable": false,
                              "Startup Cost": 684899.76,
                              "Total Cost": 685067.59,
                              "Plan Rows": 5164,
                              "Plan Width": 86,
                              "Group Key": [
                                "store_sales.ss_ticket_number",
                                "store_sales.ss_customer_sk",
                                "store_sales.ss_addr_sk",
                                "store.s_city"
                              ],
                              "Plans": [
                                {
                                  "Node Type": "Sort",
                                  "Parent Relationship": "Outer",
                                  "Parallel Aware": false,
                                  "Async Capable": false,
                                  "Startup Cost": 684899.76,
                                  "Total Cost": 684912.67,
                                  "Plan Rows": 5164,
                                  "Plan Width": 31,
                                  "Sort Key": [
                                    "store_sales.ss_ticket_number",
                                    "store_sales.ss_customer_sk",
                                    "store_sales.ss_addr_sk",
                                    "store.s_city"
                                  ],
                                  "Plans": [
                                    {
                                      "Node Type": "Hash Join",
                                      "Parent Relationship": "Outer",
                                      "Parallel Aware": false,
                                      "Async Capable": false,
                                      "Join Type": "Inner",
                                      "Startup Cost": 2295.62,
                                      "Total Cost": 684581.29,
                                      "Plan Rows": 5164,
                                      "Plan Width": 31,
                                      "Inner Unique": false,
                                      "Hash Cond": "(store_sales.ss_store_sk = store.s_store_sk)",
                                      "Plans": [
                                        {
                                          "Node Type": "Hash Join",
                                          "Parent Relationship": "Outer",
                                          "Parallel Aware": false,
                                          "Async Capable": false,
                                          "Join Type": "Inner",
                                          "Startup Cost": 2287.91,
                                          "Total Cost": 684499.92,
                                          "Plan Rows": 5871,
                                          "Plan Width": 25,
                                          "Inner Unique": false,
                                          "Hash Cond": "(store_sales.ss_hdemo_sk = household_demographics.hd_demo_sk)",
                                          "Plans": [
                                            {
                                              "Node Type": "Hash Join",
                                              "Parent Relationship": "Outer",
                                              "Parallel Aware": true,
                                              "Async Capable": false,
                                              "Join Type": "Inner",
                                              "Startup Cost": 2104.41,
                                              "Total Cost": 684165.41,
                                              "Plan Rows": 24615,
                                              "Plan Width": 29,
                                              "Inner Unique": false,
                                              "Hash Cond": "(store_sales.ss_sold_date_sk = date_dim.d_date_sk)",
                                              "Plans": [
                                                {
                                                  "Node Type": "Seq Scan",
                                                  "Parent Relationship": "Outer",
                                                  "Parallel Aware": true,
                                                  "Async Capable": false,
                                                  "Relation Name": "store_sales",
                                                  "Alias": "store_sales",
                                                  "Startup Cost": 0.0,
                                                  "Total Cost": 636914.37,
                                                  "Plan Rows": 12000637,
                                                  "Plan Width": 33,
                                                  "parent": 10,
                                                  "ID": 11
                                                },
                                                {
                                                  "Node Type": "Hash",
                                                  "Parent Relationship": "Inner",
                                                  "Parallel Aware": true,
                                                  "Async Capable": false,
                                                  "Startup Cost": 2103.26,
                                                  "Total Cost": 2103.26,
                                                  "Plan Rows": 92,
                                                  "Plan Width": 4,
                                                  "Plans": [
                                                    {
                                                      "Node Type": "Seq Scan",
                                                      "Parent Relationship": "Outer",
                                                      "Parallel Aware": true,
                                                      "Async Capable": false,
                                                      "Relation Name": "date_dim",
                                                      "Alias": "date_dim",
                                                      "Startup Cost": 0.0,
                                                      "Total Cost": 2103.26,
                                                      "Plan Rows": 92,
                                                      "Plan Width": 4,
                                                      "Filter": "((d_dow = 1) AND (d_year = ANY ('{1999,2000,2001}'::integer[])))",
                                                      "parent": 12,
                                                      "ID": 13
                                                    }
                                                  ],
                                                  "parent": 10,
                                                  "ID": 12,
                                                  "left": 13
                                                }
                                              ],
                                              "parent": 9,
                                              "ID": 10,
                                              "left": 11,
                                              "right": 12
                                            },
                                            {
                                              "Node Type": "Hash",
                                              "Parent Relationship": "Inner",
                                              "Parallel Aware": false,
                                              "Async Capable": false,
                                              "Startup Cost": 161.0,
                                              "Total Cost": 161.0,
                                              "Plan Rows": 1800,
                                              "Plan Width": 4,
                                              "Plans": [
                                                {
                                                  "Node Type": "Seq Scan",
                                                  "Parent Relationship": "Outer",
                                                  "Parallel Aware": false,
                                                  "Async Capable": false,
                                                  "Relation Name": "household_demographics",
                                                  "Alias": "household_demographics",
                                                  "Startup Cost": 0.0,
                                                  "Total Cost": 161.0,
                                                  "Plan Rows": 1800,
                                                  "Plan Width": 4,
                                                  "Filter": "((hd_dep_count = 3) OR (hd_vehicle_count > 3))",
                                                  "parent": 14,
                                                  "ID": 15
                                                }
                                              ],
                                              "parent": 9,
                                              "ID": 14,
                                              "left": 15
                                            }
                                          ],
                                          "parent": 8,
                                          "ID": 9,
                                          "left": 10,
                                          "right": 14
                                        },
                                        {
                                          "Node Type": "Hash",
                                          "Parent Relationship": "Inner",
                                          "Parallel Aware": false,
                                          "Async Capable": false,
                                          "Startup Cost": 6.53,
                                          "Total Cost": 6.53,
                                          "Plan Rows": 94,
                                          "Plan Width": 14,
                                          "Plans": [
                                            {
                                              "Node Type": "Seq Scan",
                                              "Parent Relationship": "Outer",
                                              "Parallel Aware": false,
                                              "Async Capable": false,
                                              "Relation Name": "store",
                                              "Alias": "store",
                                              "Startup Cost": 0.0,
                                              "Total Cost": 6.53,
                                              "Plan Rows": 94,
                                              "Plan Width": 14,
                                              "Filter": "((s_number_employees >= 200) AND (s_number_employees <= 295))",
                                              "parent": 16,
                                              "ID": 17
                                            }
                                          ],
                                          "parent": 8,
                                          "ID": 16,
                                          "left": 17
                                        }
                                      ],
                                      "parent": 7,
                                      "ID": 8,
                                      "left": 9,
                                      "right": 16
                                    }
                                  ],
                                  "parent": 6,
                                  "ID": 7,
                                  "left": 8
                                }
                              ],
                              "parent": 5,
                              "ID": 6,
                              "left": 7
                            }
                          ],
                          "parent": 4,
                          "ID": 5,
                          "left": 6
                        }
                      ],
                      "parent": 3,
                      "ID": 4,
                      "left": 5
                    }
                  ],
                  "parent": 2,
                  "ID": 3,
                  "left": 4
                },
                {
                  "Node Type": "Hash",
                  "Parent Relationship": "Inner",
                  "Parallel Aware": false,
                  "Async Capable": false,
                  "Startup Cost": 18835.0,
                  "Total Cost": 18835.0,
                  "Plan Rows": 500000,
                  "Plan Width": 56,
                  "Plans": [
                    {
                      "Node Type": "Seq Scan",
                      "Parent Relationship": "Outer",
                      "Parallel Aware": false,
                      "Async Capable": false,
                      "Relation Name": "customer",
                      "Alias": "customer",
                      "Startup Cost": 0.0,
                      "Total Cost": 18835.0,
                      "Plan Rows": 500000,
                      "Plan Width": 56,
                      "parent": 18,
                      "ID": 19
                    }
                  ],
                  "parent": 2,
                  "ID": 18,
                  "left": 19
                }
              ],
              "parent": 1,
              "ID": 2,
              "left": 3,
              "right": 18
            }
          ],
          "parent": 0,
          "ID": 1,
          "left": 2
        }
      ],
      "parent": null,
      "ID": 0,
      "left": 1
    },
    "feat": {
      "utility": 0.00016686416981579315,
      "query_shape": [
        [
          "Seq Scan",
          "Hash Join",
          "Sort",
          "Aggregate",
          "Gather Merge",
          "Subquery Scan"
        ],
        [
          "Seq Scan",
          "Hash",
          "Hash Join",
          "Sort",
          "Aggregate",
          "Gather Merge",
          "Subquery Scan"
        ],
        [
          "Seq Scan",
          "Hash",
          "Hash Join",
          "Sort",
          "Aggregate",
          "Gather Merge",
          "Subquery Scan"
        ],
        [
          "Seq Scan",
          "Hash",
          "Hash Join",
          "Sort",
          "Aggregate",
          "Gather Merge",
          "Subquery Scan"
        ],
        [
          "Seq Scan",
          "Hash",
          "Hash Join",
          "Sort"
        ]
      ],
      "index_shape": [
        "selection"
      ],
      "physical_operator": {
        "Seq Scan": [
          0.25
        ]
      }
    }
  },
  {
    "query": "select \n  c_last_name,c_first_name,substr(s_city,1,30),ss_ticket_number,amt,profit\n  from\n   (select ss_ticket_number\n          ,ss_customer_sk\n          ,store.s_city\n          ,sum(ss_coupon_amt) amt\n          ,sum(ss_net_profit) profit\n    from store_sales,date_dim,store,household_demographics\n    where store_sales.ss_sold_date_sk = date_dim.d_date_sk\n    and store_sales.ss_store_sk = store.s_store_sk  \n    and store_sales.ss_hdemo_sk = household_demographics.hd_demo_sk\n    and (household_demographics.hd_dep_count = 3 or household_demographics.hd_vehicle_count > 3)\n    and date_dim.d_dow = 1\n    and date_dim.d_year in (1999,1999+1,1999+2) \n    and store.s_number_employees between 200 and 295\n    group by ss_ticket_number,ss_customer_sk,ss_addr_sk,store.s_city) ms,customer\n    where ss_customer_sk = c_customer_sk\n order by c_last_name,c_first_name,substr(s_city,1,30), profit\nlimit 100;\n\n-- end query 60 in stream 4 using template query79.tpl\n",
    "indexes": "store.s_number_employees",
    "wo plan est": {
      "Node Type": "Limit",
      "Parallel Aware": false,
      "Async Capable": false,
      "Startup Cost": 723642.22,
      "Total Cost": 723642.47,
      "Plan Rows": 100,
      "Plan Width": 152,
      "Plans": [
        {
          "Node Type": "Sort",
          "Parent Relationship": "Outer",
          "Parallel Aware": false,
          "Async Capable": false,
          "Startup Cost": 723642.22,
          "Total Cost": 723673.2,
          "Plan Rows": 12394,
          "Plan Width": 152,
          "Sort Key": [
            "customer.c_last_name",
            "customer.c_first_name",
            "(substr((ms.s_city)::text, 1, 30))",
            "ms.profit"
          ],
          "Plans": [
            {
              "Node Type": "Hash Join",
              "Parent Relationship": "Outer",
              "Parallel Aware": false,
              "Async Capable": false,
              "Join Type": "Inner",
              "Startup Cost": 715867.78,
              "Total Cost": 723168.53,
              "Plan Rows": 12394,
              "Plan Width": 152,
              "Inner Unique": false,
              "Hash Cond": "(ms.ss_customer_sk = customer.c_customer_sk)",
              "Plans": [
                {
                  "Node Type": "Subquery Scan",
                  "Parent Relationship": "Outer",
                  "Parallel Aware": false,
                  "Async Capable": false,
                  "Alias": "ms",
                  "Startup Cost": 685899.78,
                  "Total Cost": 687776.13,
                  "Plan Rows": 12394,
                  "Plan Width": 82,
                  "Plans": [
                    {
                      "Node Type": "Aggregate",
                      "Strategy": "Sorted",
                      "Partial Mode": "Finalize",
                      "Parent Relationship": "Subquery",
                      "Parallel Aware": false,
                      "Async Capable": false,
                      "Startup Cost": 685899.78,
                      "Total Cost": 687652.19,
                      "Plan Rows": 12394,
                      "Plan Width": 86,
                      "Group Key": [
                        "store_sales.ss_ticket_number",
                        "store_sales.ss_customer_sk",
                        "store_sales.ss_addr_sk",
                        "store.s_city"
                      ],
                      "Plans": [
                        {
                          "Node Type": "Gather Merge",
                          "Parent Relationship": "Outer",
                          "Parallel Aware": false,
                          "Async Capable": false,
                          "Startup Cost": 685899.78,
                          "Total Cost": 687259.72,
                          "Plan Rows": 10328,
                          "Plan Width": 86,
                          "Workers Planned": 2,
                          "Plans": [
                            {
                              "Node Type": "Aggregate",
                              "Strategy": "Sorted",
                              "Partial Mode": "Partial",
                              "Parent Relationship": "Outer",
                              "Parallel Aware": false,
                              "Async Capable": false,
                              "Startup Cost": 684899.76,
                              "Total Cost": 685067.59,
                              "Plan Rows": 5164,
                              "Plan Width": 86,
                              "Group Key": [
                                "store_sales.ss_ticket_number",
                                "store_sales.ss_customer_sk",
                                "store_sales.ss_addr_sk",
                                "store.s_city"
                              ],
                              "Plans": [
                                {
                                  "Node Type": "Sort",
                                  "Parent Relationship": "Outer",
                                  "Parallel Aware": false,
                                  "Async Capable": false,
                                  "Startup Cost": 684899.76,
                                  "Total Cost": 684912.67,
                                  "Plan Rows": 5164,
                                  "Plan Width": 31,
                                  "Sort Key": [
                                    "store_sales.ss_ticket_number",
                                    "store_sales.ss_customer_sk",
                                    "store_sales.ss_addr_sk",
                                    "store.s_city"
                                  ],
                                  "Plans": [
                                    {
                                      "Node Type": "Hash Join",
                                      "Parent Relationship": "Outer",
                                      "Parallel Aware": false,
                                      "Async Capable": false,
                                      "Join Type": "Inner",
                                      "Startup Cost": 2295.62,
                                      "Total Cost": 684581.29,
                                      "Plan Rows": 5164,
                                      "Plan Width": 31,
                                      "Inner Unique": false,
                                      "Hash Cond": "(store_sales.ss_store_sk = store.s_store_sk)",
                                      "Plans": [
                                        {
                                          "Node Type": "Hash Join",
                                          "Parent Relationship": "Outer",
                                          "Parallel Aware": false,
                                          "Async Capable": false,
                                          "Join Type": "Inner",
                                          "Startup Cost": 2287.91,
                                          "Total Cost": 684499.92,
                                          "Plan Rows": 5871,
                                          "Plan Width": 25,
                                          "Inner Unique": false,
                                          "Hash Cond": "(store_sales.ss_hdemo_sk = household_demographics.hd_demo_sk)",
                                          "Plans": [
                                            {
                                              "Node Type": "Hash Join",
                                              "Parent Relationship": "Outer",
                                              "Parallel Aware": true,
                                              "Async Capable": false,
                                              "Join Type": "Inner",
                                              "Startup Cost": 2104.41,
                                              "Total Cost": 684165.41,
                                              "Plan Rows": 24615,
                                              "Plan Width": 29,
                                              "Inner Unique": false,
                                              "Hash Cond": "(store_sales.ss_sold_date_sk = date_dim.d_date_sk)",
                                              "Plans": [
                                                {
                                                  "Node Type": "Seq Scan",
                                                  "Parent Relationship": "Outer",
                                                  "Parallel Aware": true,
                                                  "Async Capable": false,
                                                  "Relation Name": "store_sales",
                                                  "Alias": "store_sales",
                                                  "Startup Cost": 0.0,
                                                  "Total Cost": 636914.37,
                                                  "Plan Rows": 12000637,
                                                  "Plan Width": 33,
                                                  "parent": 10,
                                                  "ID": 11
                                                },
                                                {
                                                  "Node Type": "Hash",
                                                  "Parent Relationship": "Inner",
                                                  "Parallel Aware": true,
                                                  "Async Capable": false,
                                                  "Startup Cost": 2103.26,
                                                  "Total Cost": 2103.26,
                                                  "Plan Rows": 92,
                                                  "Plan Width": 4,
                                                  "Plans": [
                                                    {
                                                      "Node Type": "Seq Scan",
                                                      "Parent Relationship": "Outer",
                                                      "Parallel Aware": true,
                                                      "Async Capable": false,
                                                      "Relation Name": "date_dim",
                                                      "Alias": "date_dim",
                                                      "Startup Cost": 0.0,
                                                      "Total Cost": 2103.26,
                                                      "Plan Rows": 92,
                                                      "Plan Width": 4,
                                                      "Filter": "((d_dow = 1) AND (d_year = ANY ('{1999,2000,2001}'::integer[])))",
                                                      "parent": 12,
                                                      "ID": 13
                                                    }
                                                  ],
                                                  "parent": 10,
                                                  "ID": 12,
                                                  "left": 13
                                                }
                                              ],
                                              "parent": 9,
                                              "ID": 10,
                                              "left": 11,
                                              "right": 12
                                            },
                                            {
                                              "Node Type": "Hash",
                                              "Parent Relationship": "Inner",
                                              "Parallel Aware": false,
                                              "Async Capable": false,
                                              "Startup Cost": 161.0,
                                              "Total Cost": 161.0,
                                              "Plan Rows": 1800,
                                              "Plan Width": 4,
                                              "Plans": [
                                                {
                                                  "Node Type": "Seq Scan",
                                                  "Parent Relationship": "Outer",
                                                  "Parallel Aware": false,
                                                  "Async Capable": false,
                                                  "Relation Name": "household_demographics",
                                                  "Alias": "household_demographics",
                                                  "Startup Cost": 0.0,
                                                  "Total Cost": 161.0,
                                                  "Plan Rows": 1800,
                                                  "Plan Width": 4,
                                                  "Filter": "((hd_dep_count = 3) OR (hd_vehicle_count > 3))",
                                                  "parent": 14,
                                                  "ID": 15
                                                }
                                              ],
                                              "parent": 9,
                                              "ID": 14,
                                              "left": 15
                                            }
                                          ],
                                          "parent": 8,
                                          "ID": 9,
                                          "left": 10,
                                          "right": 14
                                        },
                                        {
                                          "Node Type": "Hash",
                                          "Parent Relationship": "Inner",
                                          "Parallel Aware": false,
                                          "Async Capable": false,
                                          "Startup Cost": 6.53,
                                          "Total Cost": 6.53,
                                          "Plan Rows": 94,
                                          "Plan Width": 14,
                                          "Plans": [
                                            {
                                              "Node Type": "Seq Scan",
                                              "Parent Relationship": "Outer",
                                              "Parallel Aware": false,
                                              "Async Capable": false,
                                              "Relation Name": "store",
                                              "Alias": "store",
                                              "Startup Cost": 0.0,
                                              "Total Cost": 6.53,
                                              "Plan Rows": 94,
                                              "Plan Width": 14,
                                              "Filter": "((s_number_employees >= 200) AND (s_number_employees <= 295))",
                                              "parent": 16,
                                              "ID": 17
                                            }
                                          ],
                                          "parent": 8,
                                          "ID": 16,
                                          "left": 17
                                        }
                                      ],
                                      "parent": 7,
                                      "ID": 8,
                                      "left": 9,
                                      "right": 16
                                    }
                                  ],
                                  "parent": 6,
                                  "ID": 7,
                                  "left": 8
                                }
                              ],
                              "parent": 5,
                              "ID": 6,
                              "left": 7
                            }
                          ],
                          "parent": 4,
                          "ID": 5,
                          "left": 6
                        }
                      ],
                      "parent": 3,
                      "ID": 4,
                      "left": 5
                    }
                  ],
                  "parent": 2,
                  "ID": 3,
                  "left": 4
                },
                {
                  "Node Type": "Hash",
                  "Parent Relationship": "Inner",
                  "Parallel Aware": false,
                  "Async Capable": false,
                  "Startup Cost": 18835.0,
                  "Total Cost": 18835.0,
                  "Plan Rows": 500000,
                  "Plan Width": 56,
                  "Plans": [
                    {
                      "Node Type": "Seq Scan",
                      "Parent Relationship": "Outer",
                      "Parallel Aware": false,
                      "Async Capable": false,
                      "Relation Name": "customer",
                      "Alias": "customer",
                      "Startup Cost": 0.0,
                      "Total Cost": 18835.0,
                      "Plan Rows": 500000,
                      "Plan Width": 56,
                      "parent": 18,
                      "ID": 19
                    }
                  ],
                  "parent": 2,
                  "ID": 18,
                  "left": 19
                }
              ],
              "parent": 1,
              "ID": 2,
              "left": 3,
              "right": 18
            }
          ],
          "parent": 0,
          "ID": 1,
          "left": 2
        }
      ],
      "parent": null,
      "ID": 0,
      "left": 1
    },
    "feat": {
      "utility": 7.077484862726458e-07,
      "query_shape": [
        [
          "Seq Scan",
          "Hash Join",
          "Sort",
          "Aggregate",
          "Gather Merge",
          "Subquery Scan"
        ],
        [
          "Seq Scan",
          "Hash",
          "Hash Join",
          "Sort",
          "Aggregate",
          "Gather Merge",
          "Subquery Scan"
        ],
        [
          "Seq Scan",
          "Hash",
          "Hash Join",
          "Sort",
          "Aggregate",
          "Gather Merge",
          "Subquery Scan"
        ],
        [
          "Seq Scan",
          "Hash",
          "Hash Join",
          "Sort",
          "Aggregate",
          "Gather Merge",
          "Subquery Scan"
        ],
        [
          "Seq Scan",
          "Hash",
          "Hash Join",
          "Sort"
        ]
      ],
      "index_shape": [
        "selection"
      ],
      "physical_operator": {
        "Seq Scan": [
          0.9215686274509803
        ]
      }
    }
  },
  {
    "query": "select \n  c_last_name,c_first_name,substr(s_city,1,30),ss_ticket_number,amt,profit\n  from\n   (select ss_ticket_number\n          ,ss_customer_sk\n          ,store.s_city\n          ,sum(ss_coupon_amt) amt\n          ,sum(ss_net_profit) profit\n    from store_sales,date_dim,store,household_demographics\n    where store_sales.ss_sold_date_sk = date_dim.d_date_sk\n    and store_sales.ss_store_sk = store.s_store_sk  \n    and store_sales.ss_hdemo_sk = household_demographics.hd_demo_sk\n    and (household_demographics.hd_dep_count = 3 or household_demographics.hd_vehicle_count > 3)\n    and date_dim.d_dow = 1\n    and date_dim.d_year in (1999,1999+1,1999+2) \n    and store.s_number_employees between 200 and 295\n    group by ss_ticket_number,ss_customer_sk,ss_addr_sk,store.s_city) ms,customer\n    where ss_customer_sk = c_customer_sk\n order by c_last_name,c_first_name,substr(s_city,1,30), profit\nlimit 100;\n\n-- end query 60 in stream 4 using template query79.tpl\n",
    "indexes": "store.s_store_sk",
    "wo plan est": {
      "Node Type": "Limit",
      "Parallel Aware": false,
      "Async Capable": false,
      "Startup Cost": 723642.22,
      "Total Cost": 723642.47,
      "Plan Rows": 100,
      "Plan Width": 152,
      "Plans": [
        {
          "Node Type": "Sort",
          "Parent Relationship": "Outer",
          "Parallel Aware": false,
          "Async Capable": false,
          "Startup Cost": 723642.22,
          "Total Cost": 723673.2,
          "Plan Rows": 12394,
          "Plan Width": 152,
          "Sort Key": [
            "customer.c_last_name",
            "customer.c_first_name",
            "(substr((ms.s_city)::text, 1, 30))",
            "ms.profit"
          ],
          "Plans": [
            {
              "Node Type": "Hash Join",
              "Parent Relationship": "Outer",
              "Parallel Aware": false,
              "Async Capable": false,
              "Join Type": "Inner",
              "Startup Cost": 715867.78,
              "Total Cost": 723168.53,
              "Plan Rows": 12394,
              "Plan Width": 152,
              "Inner Unique": false,
              "Hash Cond": "(ms.ss_customer_sk = customer.c_customer_sk)",
              "Plans": [
                {
                  "Node Type": "Subquery Scan",
                  "Parent Relationship": "Outer",
                  "Parallel Aware": false,
                  "Async Capable": false,
                  "Alias": "ms",
                  "Startup Cost": 685899.78,
                  "Total Cost": 687776.13,
                  "Plan Rows": 12394,
                  "Plan Width": 82,
                  "Plans": [
                    {
                      "Node Type": "Aggregate",
                      "Strategy": "Sorted",
                      "Partial Mode": "Finalize",
                      "Parent Relationship": "Subquery",
                      "Parallel Aware": false,
                      "Async Capable": false,
                      "Startup Cost": 685899.78,
                      "Total Cost": 687652.19,
                      "Plan Rows": 12394,
                      "Plan Width": 86,
                      "Group Key": [
                        "store_sales.ss_ticket_number",
                        "store_sales.ss_customer_sk",
                        "store_sales.ss_addr_sk",
                        "store.s_city"
                      ],
                      "Plans": [
                        {
                          "Node Type": "Gather Merge",
                          "Parent Relationship": "Outer",
                          "Parallel Aware": false,
                          "Async Capable": false,
                          "Startup Cost": 685899.78,
                          "Total Cost": 687259.72,
                          "Plan Rows": 10328,
                          "Plan Width": 86,
                          "Workers Planned": 2,
                          "Plans": [
                            {
                              "Node Type": "Aggregate",
                              "Strategy": "Sorted",
                              "Partial Mode": "Partial",
                              "Parent Relationship": "Outer",
                              "Parallel Aware": false,
                              "Async Capable": false,
                              "Startup Cost": 684899.76,
                              "Total Cost": 685067.59,
                              "Plan Rows": 5164,
                              "Plan Width": 86,
                              "Group Key": [
                                "store_sales.ss_ticket_number",
                                "store_sales.ss_customer_sk",
                                "store_sales.ss_addr_sk",
                                "store.s_city"
                              ],
                              "Plans": [
                                {
                                  "Node Type": "Sort",
                                  "Parent Relationship": "Outer",
                                  "Parallel Aware": false,
                                  "Async Capable": false,
                                  "Startup Cost": 684899.76,
                                  "Total Cost": 684912.67,
                                  "Plan Rows": 5164,
                                  "Plan Width": 31,
                                  "Sort Key": [
                                    "store_sales.ss_ticket_number",
                                    "store_sales.ss_customer_sk",
                                    "store_sales.ss_addr_sk",
                                    "store.s_city"
                                  ],
                                  "Plans": [
                                    {
                                      "Node Type": "Hash Join",
                                      "Parent Relationship": "Outer",
                                      "Parallel Aware": false,
                                      "Async Capable": false,
                                      "Join Type": "Inner",
                                      "Startup Cost": 2295.62,
                                      "Total Cost": 684581.29,
                                      "Plan Rows": 5164,
                                      "Plan Width": 31,
                                      "Inner Unique": false,
                                      "Hash Cond": "(store_sales.ss_store_sk = store.s_store_sk)",
                                      "Plans": [
                                        {
                                          "Node Type": "Hash Join",
                                          "Parent Relationship": "Outer",
                                          "Parallel Aware": false,
                                          "Async Capable": false,
                                          "Join Type": "Inner",
                                          "Startup Cost": 2287.91,
                                          "Total Cost": 684499.92,
                                          "Plan Rows": 5871,
                                          "Plan Width": 25,
                                          "Inner Unique": false,
                                          "Hash Cond": "(store_sales.ss_hdemo_sk = household_demographics.hd_demo_sk)",
                                          "Plans": [
                                            {
                                              "Node Type": "Hash Join",
                                              "Parent Relationship": "Outer",
                                              "Parallel Aware": true,
                                              "Async Capable": false,
                                              "Join Type": "Inner",
                                              "Startup Cost": 2104.41,
                                              "Total Cost": 684165.41,
                                              "Plan Rows": 24615,
                                              "Plan Width": 29,
                                              "Inner Unique": false,
                                              "Hash Cond": "(store_sales.ss_sold_date_sk = date_dim.d_date_sk)",
                                              "Plans": [
                                                {
                                                  "Node Type": "Seq Scan",
                                                  "Parent Relationship": "Outer",
                                                  "Parallel Aware": true,
                                                  "Async Capable": false,
                                                  "Relation Name": "store_sales",
                                                  "Alias": "store_sales",
                                                  "Startup Cost": 0.0,
                                                  "Total Cost": 636914.37,
                                                  "Plan Rows": 12000637,
                                                  "Plan Width": 33,
                                                  "parent": 10,
                                                  "ID": 11
                                                },
                                                {
                                                  "Node Type": "Hash",
                                                  "Parent Relationship": "Inner",
                                                  "Parallel Aware": true,
                                                  "Async Capable": false,
                                                  "Startup Cost": 2103.26,
                                                  "Total Cost": 2103.26,
                                                  "Plan Rows": 92,
                                                  "Plan Width": 4,
                                                  "Plans": [
                                                    {
                                                      "Node Type": "Seq Scan",
                                                      "Parent Relationship": "Outer",
                                                      "Parallel Aware": true,
                                                      "Async Capable": false,
                                                      "Relation Name": "date_dim",
                                                      "Alias": "date_dim",
                                                      "Startup Cost": 0.0,
                                                      "Total Cost": 2103.26,
                                                      "Plan Rows": 92,
                                                      "Plan Width": 4,
                                                      "Filter": "((d_dow = 1) AND (d_year = ANY ('{1999,2000,2001}'::integer[])))",
                                                      "parent": 12,
                                                      "ID": 13
                                                    }
                                                  ],
                                                  "parent": 10,
                                                  "ID": 12,
                                                  "left": 13
                                                }
                                              ],
                                              "parent": 9,
                                              "ID": 10,
                                              "left": 11,
                                              "right": 12
                                            },
                                            {
                                              "Node Type": "Hash",
                                              "Parent Relationship": "Inner",
                                              "Parallel Aware": false,
                                              "Async Capable": false,
                                              "Startup Cost": 161.0,
                                              "Total Cost": 161.0,
                                              "Plan Rows": 1800,
                                              "Plan Width": 4,
                                              "Plans": [
                                                {
                                                  "Node Type": "Seq Scan",
                                                  "Parent Relationship": "Outer",
                                                  "Parallel Aware": false,
                                                  "Async Capable": false,
                                                  "Relation Name": "household_demographics",
                                                  "Alias": "household_demographics",
                                                  "Startup Cost": 0.0,
                                                  "Total Cost": 161.0,
                                                  "Plan Rows": 1800,
                                                  "Plan Width": 4,
                                                  "Filter": "((hd_dep_count = 3) OR (hd_vehicle_count > 3))",
                                                  "parent": 14,
                                                  "ID": 15
                                                }
                                              ],
                                              "parent": 9,
                                              "ID": 14,
                                              "left": 15
                                            }
                                          ],
                                          "parent": 8,
                                          "ID": 9,
                                          "left": 10,
                                          "right": 14
                                        },
                                        {
                                          "Node Type": "Hash",
                                          "Parent Relationship": "Inner",
                                          "Parallel Aware": false,
                                          "Async Capable": false,
                                          "Startup Cost": 6.53,
                                          "Total Cost": 6.53,
                                          "Plan Rows": 94,
                                          "Plan Width": 14,
                                          "Plans": [
                                            {
                                              "Node Type": "Seq Scan",
                                              "Parent Relationship": "Outer",
                                              "Parallel Aware": false,
                                              "Async Capable": false,
                                              "Relation Name": "store",
                                              "Alias": "store",
                                              "Startup Cost": 0.0,
                                              "Total Cost": 6.53,
                                              "Plan Rows": 94,
                                              "Plan Width": 14,
                                              "Filter": "((s_number_employees >= 200) AND (s_number_employees <= 295))",
                                              "parent": 16,
                                              "ID": 17
                                            }
                                          ],
                                          "parent": 8,
                                          "ID": 16,
                                          "left": 17
                                        }
                                      ],
                                      "parent": 7,
                                      "ID": 8,
                                      "left": 9,
                                      "right": 16
                                    }
                                  ],
                                  "parent": 6,
                                  "ID": 7,
                                  "left": 8
                                }
                              ],
                              "parent": 5,
                              "ID": 6,
                              "left": 7
                            }
                          ],
                          "parent": 4,
                          "ID": 5,
                          "left": 6
                        }
                      ],
                      "parent": 3,
                      "ID": 4,
                      "left": 5
                    }
                  ],
                  "parent": 2,
                  "ID": 3,
                  "left": 4
                },
                {
                  "Node Type": "Hash",
                  "Parent Relationship": "Inner",
                  "Parallel Aware": false,
                  "Async Capable": false,
                  "Startup Cost": 18835.0,
                  "Total Cost": 18835.0,
                  "Plan Rows": 500000,
                  "Plan Width": 56,
                  "Plans": [
                    {
                      "Node Type": "Seq Scan",
                      "Parent Relationship": "Outer",
                      "Parallel Aware": false,
                      "Async Capable": false,
                      "Relation Name": "customer",
                      "Alias": "customer",
                      "Startup Cost": 0.0,
                      "Total Cost": 18835.0,
                      "Plan Rows": 500000,
                      "Plan Width": 56,
                      "parent": 18,
                      "ID": 19
                    }
                  ],
                  "parent": 2,
                  "ID": 18,
                  "left": 19
                }
              ],
              "parent": 1,
              "ID": 2,
              "left": 3,
              "right": 18
            }
          ],
          "parent": 0,
          "ID": 1,
          "left": 2
        }
      ],
      "parent": null,
      "ID": 0,
      "left": 1
    },
    "feat": {
      "utility": 0.02351028439134314,
      "query_shape": [
        [
          "Seq Scan",
          "Hash Join",
          "Sort",
          "Aggregate",
          "Gather Merge",
          "Subquery Scan"
        ],
        [
          "Seq Scan",
          "Hash",
          "Hash Join",
          "Sort",
          "Aggregate",
          "Gather Merge",
          "Subquery Scan"
        ],
        [
          "Seq Scan",
          "Hash",
          "Hash Join",
          "Sort",
          "Aggregate",
          "Gather Merge",
          "Subquery Scan"
        ],
        [
          "Seq Scan",
          "Hash",
          "Hash Join",
          "Sort",
          "Aggregate",
          "Gather Merge",
          "Subquery Scan"
        ],
        [
          "Seq Scan",
          "Hash",
          "Hash Join",
          "Sort"
        ]
      ],
      "index_shape": [
        "join"
      ],
      "physical_operator": {
        "Hash Join": [
          0.09673266432949316
        ]
      }
    }
  },
  {
    "query": "select \n  c_last_name,c_first_name,substr(s_city,1,30),ss_ticket_number,amt,profit\n  from\n   (select ss_ticket_number\n          ,ss_customer_sk\n          ,store.s_city\n          ,sum(ss_coupon_amt) amt\n          ,sum(ss_net_profit) profit\n    from store_sales,date_dim,store,household_demographics\n    where store_sales.ss_sold_date_sk = date_dim.d_date_sk\n    and store_sales.ss_store_sk = store.s_store_sk  \n    and store_sales.ss_hdemo_sk = household_demographics.hd_demo_sk\n    and (household_demographics.hd_dep_count = 3 or household_demographics.hd_vehicle_count > 3)\n    and date_dim.d_dow = 1\n    and date_dim.d_year in (1999,1999+1,1999+2) \n    and store.s_number_employees between 200 and 295\n    group by ss_ticket_number,ss_customer_sk,ss_addr_sk,store.s_city) ms,customer\n    where ss_customer_sk = c_customer_sk\n order by c_last_name,c_first_name,substr(s_city,1,30), profit\nlimit 100;\n\n-- end query 60 in stream 4 using template query79.tpl\n",
    "indexes": "store.s_city",
    "wo plan est": {
      "Node Type": "Limit",
      "Parallel Aware": false,
      "Async Capable": false,
      "Startup Cost": 723642.22,
      "Total Cost": 723642.47,
      "Plan Rows": 100,
      "Plan Width": 152,
      "Plans": [
        {
          "Node Type": "Sort",
          "Parent Relationship": "Outer",
          "Parallel Aware": false,
          "Async Capable": false,
          "Startup Cost": 723642.22,
          "Total Cost": 723673.2,
          "Plan Rows": 12394,
          "Plan Width": 152,
          "Sort Key": [
            "customer.c_last_name",
            "customer.c_first_name",
            "(substr((ms.s_city)::text, 1, 30))",
            "ms.profit"
          ],
          "Plans": [
            {
              "Node Type": "Hash Join",
              "Parent Relationship": "Outer",
              "Parallel Aware": false,
              "Async Capable": false,
              "Join Type": "Inner",
              "Startup Cost": 715867.78,
              "Total Cost": 723168.53,
              "Plan Rows": 12394,
              "Plan Width": 152,
              "Inner Unique": false,
              "Hash Cond": "(ms.ss_customer_sk = customer.c_customer_sk)",
              "Plans": [
                {
                  "Node Type": "Subquery Scan",
                  "Parent Relationship": "Outer",
                  "Parallel Aware": false,
                  "Async Capable": false,
                  "Alias": "ms",
                  "Startup Cost": 685899.78,
                  "Total Cost": 687776.13,
                  "Plan Rows": 12394,
                  "Plan Width": 82,
                  "Plans": [
                    {
                      "Node Type": "Aggregate",
                      "Strategy": "Sorted",
                      "Partial Mode": "Finalize",
                      "Parent Relationship": "Subquery",
                      "Parallel Aware": false,
                      "Async Capable": false,
                      "Startup Cost": 685899.78,
                      "Total Cost": 687652.19,
                      "Plan Rows": 12394,
                      "Plan Width": 86,
                      "Group Key": [
                        "store_sales.ss_ticket_number",
                        "store_sales.ss_customer_sk",
                        "store_sales.ss_addr_sk",
                        "store.s_city"
                      ],
                      "Plans": [
                        {
                          "Node Type": "Gather Merge",
                          "Parent Relationship": "Outer",
                          "Parallel Aware": false,
                          "Async Capable": false,
                          "Startup Cost": 685899.78,
                          "Total Cost": 687259.72,
                          "Plan Rows": 10328,
                          "Plan Width": 86,
                          "Workers Planned": 2,
                          "Plans": [
                            {
                              "Node Type": "Aggregate",
                              "Strategy": "Sorted",
                              "Partial Mode": "Partial",
                              "Parent Relationship": "Outer",
                              "Parallel Aware": false,
                              "Async Capable": false,
                              "Startup Cost": 684899.76,
                              "Total Cost": 685067.59,
                              "Plan Rows": 5164,
                              "Plan Width": 86,
                              "Group Key": [
                                "store_sales.ss_ticket_number",
                                "store_sales.ss_customer_sk",
                                "store_sales.ss_addr_sk",
                                "store.s_city"
                              ],
                              "Plans": [
                                {
                                  "Node Type": "Sort",
                                  "Parent Relationship": "Outer",
                                  "Parallel Aware": false,
                                  "Async Capable": false,
                                  "Startup Cost": 684899.76,
                                  "Total Cost": 684912.67,
                                  "Plan Rows": 5164,
                                  "Plan Width": 31,
                                  "Sort Key": [
                                    "store_sales.ss_ticket_number",
                                    "store_sales.ss_customer_sk",
                                    "store_sales.ss_addr_sk",
                                    "store.s_city"
                                  ],
                                  "Plans": [
                                    {
                                      "Node Type": "Hash Join",
                                      "Parent Relationship": "Outer",
                                      "Parallel Aware": false,
                                      "Async Capable": false,
                                      "Join Type": "Inner",
                                      "Startup Cost": 2295.62,
                                      "Total Cost": 684581.29,
                                      "Plan Rows": 5164,
                                      "Plan Width": 31,
                                      "Inner Unique": false,
                                      "Hash Cond": "(store_sales.ss_store_sk = store.s_store_sk)",
                                      "Plans": [
                                        {
                                          "Node Type": "Hash Join",
                                          "Parent Relationship": "Outer",
                                          "Parallel Aware": false,
                                          "Async Capable": false,
                                          "Join Type": "Inner",
                                          "Startup Cost": 2287.91,
                                          "Total Cost": 684499.92,
                                          "Plan Rows": 5871,
                                          "Plan Width": 25,
                                          "Inner Unique": false,
                                          "Hash Cond": "(store_sales.ss_hdemo_sk = household_demographics.hd_demo_sk)",
                                          "Plans": [
                                            {
                                              "Node Type": "Hash Join",
                                              "Parent Relationship": "Outer",
                                              "Parallel Aware": true,
                                              "Async Capable": false,
                                              "Join Type": "Inner",
                                              "Startup Cost": 2104.41,
                                              "Total Cost": 684165.41,
                                              "Plan Rows": 24615,
                                              "Plan Width": 29,
                                              "Inner Unique": false,
                                              "Hash Cond": "(store_sales.ss_sold_date_sk = date_dim.d_date_sk)",
                                              "Plans": [
                                                {
                                                  "Node Type": "Seq Scan",
                                                  "Parent Relationship": "Outer",
                                                  "Parallel Aware": true,
                                                  "Async Capable": false,
                                                  "Relation Name": "store_sales",
                                                  "Alias": "store_sales",
                                                  "Startup Cost": 0.0,
                                                  "Total Cost": 636914.37,
                                                  "Plan Rows": 12000637,
                                                  "Plan Width": 33,
                                                  "parent": 10,
                                                  "ID": 11
                                                },
                                                {
                                                  "Node Type": "Hash",
                                                  "Parent Relationship": "Inner",
                                                  "Parallel Aware": true,
                                                  "Async Capable": false,
                                                  "Startup Cost": 2103.26,
                                                  "Total Cost": 2103.26,
                                                  "Plan Rows": 92,
                                                  "Plan Width": 4,
                                                  "Plans": [
                                                    {
                                                      "Node Type": "Seq Scan",
                                                      "Parent Relationship": "Outer",
                                                      "Parallel Aware": true,
                                                      "Async Capable": false,
                                                      "Relation Name": "date_dim",
                                                      "Alias": "date_dim",
                                                      "Startup Cost": 0.0,
                                                      "Total Cost": 2103.26,
                                                      "Plan Rows": 92,
                                                      "Plan Width": 4,
                                                      "Filter": "((d_dow = 1) AND (d_year = ANY ('{1999,2000,2001}'::integer[])))",
                                                      "parent": 12,
                                                      "ID": 13
                                                    }
                                                  ],
                                                  "parent": 10,
                                                  "ID": 12,
                                                  "left": 13
                                                }
                                              ],
                                              "parent": 9,
                                              "ID": 10,
                                              "left": 11,
                                              "right": 12
                                            },
                                            {
                                              "Node Type": "Hash",
                                              "Parent Relationship": "Inner",
                                              "Parallel Aware": false,
                                              "Async Capable": false,
                                              "Startup Cost": 161.0,
                                              "Total Cost": 161.0,
                                              "Plan Rows": 1800,
                                              "Plan Width": 4,
                                              "Plans": [
                                                {
                                                  "Node Type": "Seq Scan",
                                                  "Parent Relationship": "Outer",
                                                  "Parallel Aware": false,
                                                  "Async Capable": false,
                                                  "Relation Name": "household_demographics",
                                                  "Alias": "household_demographics",
                                                  "Startup Cost": 0.0,
                                                  "Total Cost": 161.0,
                                                  "Plan Rows": 1800,
                                                  "Plan Width": 4,
                                                  "Filter": "((hd_dep_count = 3) OR (hd_vehicle_count > 3))",
                                                  "parent": 14,
                                                  "ID": 15
                                                }
                                              ],
                                              "parent": 9,
                                              "ID": 14,
                                              "left": 15
                                            }
                                          ],
                                          "parent": 8,
                                          "ID": 9,
                                          "left": 10,
                                          "right": 14
                                        },
                                        {
                                          "Node Type": "Hash",
                                          "Parent Relationship": "Inner",
                                          "Parallel Aware": false,
                                          "Async Capable": false,
                                          "Startup Cost": 6.53,
                                          "Total Cost": 6.53,
                                          "Plan Rows": 94,
                                          "Plan Width": 14,
                                          "Plans": [
                                            {
                                              "Node Type": "Seq Scan",
                                              "Parent Relationship": "Outer",
                                              "Parallel Aware": false,
                                              "Async Capable": false,
                                              "Relation Name": "store",
                                              "Alias": "store",
                                              "Startup Cost": 0.0,
                                              "Total Cost": 6.53,
                                              "Plan Rows": 94,
                                              "Plan Width": 14,
                                              "Filter": "((s_number_employees >= 200) AND (s_number_employees <= 295))",
                                              "parent": 16,
                                              "ID": 17
                                            }
                                          ],
                                          "parent": 8,
                                          "ID": 16,
                                          "left": 17
                                        }
                                      ],
                                      "parent": 7,
                                      "ID": 8,
                                      "left": 9,
                                      "right": 16
                                    }
                                  ],
                                  "parent": 6,
                                  "ID": 7,
                                  "left": 8
                                }
                              ],
                              "parent": 5,
                              "ID": 6,
                              "left": 7
                            }
                          ],
                          "parent": 4,
                          "ID": 5,
                          "left": 6
                        }
                      ],
                      "parent": 3,
                      "ID": 4,
                      "left": 5
                    }
                  ],
                  "parent": 2,
                  "ID": 3,
                  "left": 4
                },
                {
                  "Node Type": "Hash",
                  "Parent Relationship": "Inner",
                  "Parallel Aware": false,
                  "Async Capable": false,
                  "Startup Cost": 18835.0,
                  "Total Cost": 18835.0,
                  "Plan Rows": 500000,
                  "Plan Width": 56,
                  "Plans": [
                    {
                      "Node Type": "Seq Scan",
                      "Parent Relationship": "Outer",
                      "Parallel Aware": false,
                      "Async Capable": false,
                      "Relation Name": "customer",
                      "Alias": "customer",
                      "Startup Cost": 0.0,
                      "Total Cost": 18835.0,
                      "Plan Rows": 500000,
                      "Plan Width": 56,
                      "parent": 18,
                      "ID": 19
                    }
                  ],
                  "parent": 2,
                  "ID": 18,
                  "left": 19
                }
              ],
              "parent": 1,
              "ID": 2,
              "left": 3,
              "right": 18
            }
          ],
          "parent": 0,
          "ID": 1,
          "left": 2
        }
      ],
      "parent": null,
      "ID": 0,
      "left": 1
    },
    "feat": {
      "utility": 0.0,
      "query_shape": [
        [
          "Seq Scan",
          "Hash Join",
          "Sort",
          "Aggregate",
          "Gather Merge",
          "Subquery Scan"
        ],
        [
          "Seq Scan",
          "Hash",
          "Hash Join",
          "Sort",
          "Aggregate",
          "Gather Merge",
          "Subquery Scan"
        ],
        [
          "Seq Scan",
          "Hash",
          "Hash Join",
          "Sort",
          "Aggregate",
          "Gather Merge",
          "Subquery Scan"
        ],
        [
          "Seq Scan",
          "Hash",
          "Hash Join",
          "Sort",
          "Aggregate",
          "Gather Merge",
          "Subquery Scan"
        ],
        [
          "Seq Scan",
          "Hash",
          "Hash Join",
          "Sort"
        ]
      ],
      "index_shape": [
        "order-by"
      ],
      "physical_operator": {
        "Sort": [
          "[0. 0. 0. 0. 0. 0. 0. 0. 0. 0. 0. 0. 0. 0. 0. 0. 0. 0. 0. 0. 0. 0. 0. 0.\n 0. 0. 0. 0. 0. 0. 0. 0. 0. 0. 0. 0. 0. 0. 0. 0. 0. 0. 0. 0. 0. 0. 0. 0.\n 0. 0. 0.]"
        ],
        "Aggregate": [
          "[0. 0. 0. 0. 0. 0. 0. 0. 0. 0. 0. 0. 0. 0. 0. 0. 0. 0. 0. 0. 0. 0. 0. 0.\n 0. 0. 0. 0. 0. 0. 0. 0. 0. 0. 0. 0. 0. 0. 0. 0. 0. 0. 0. 0. 0. 0. 0. 0.\n 0. 0. 0.]",
          "[0. 0. 0. 0. 0. 0. 0. 0. 0. 0. 0. 0. 0. 0. 0. 0. 0. 0. 0. 0. 0. 0. 0. 0.\n 0. 0. 0. 0. 0. 0. 0. 0. 0. 0. 0. 0. 0. 0. 0. 0. 0. 0. 0. 0. 0. 0. 0. 0.\n 0. 0. 0.]"
        ]
      }
    }
  },
  {
    "query": "select \n  c_last_name,c_first_name,substr(s_city,1,30),ss_ticket_number,amt,profit\n  from\n   (select ss_ticket_number\n          ,ss_customer_sk\n          ,store.s_city\n          ,sum(ss_coupon_amt) amt\n          ,sum(ss_net_profit) profit\n    from store_sales,date_dim,store,household_demographics\n    where store_sales.ss_sold_date_sk = date_dim.d_date_sk\n    and store_sales.ss_store_sk = store.s_store_sk  \n    and store_sales.ss_hdemo_sk = household_demographics.hd_demo_sk\n    and (household_demographics.hd_dep_count = 3 or household_demographics.hd_vehicle_count > 3)\n    and date_dim.d_dow = 1\n    and date_dim.d_year in (1999,1999+1,1999+2) \n    and store.s_number_employees between 200 and 295\n    group by ss_ticket_number,ss_customer_sk,ss_addr_sk,store.s_city) ms,customer\n    where ss_customer_sk = c_customer_sk\n order by c_last_name,c_first_name,substr(s_city,1,30), profit\nlimit 100;\n\n-- end query 60 in stream 4 using template query79.tpl\n",
    "indexes": "store_sales.ss_sold_date_sk",
    "wo plan est": {
      "Node Type": "Limit",
      "Parallel Aware": false,
      "Async Capable": false,
      "Startup Cost": 723642.22,
      "Total Cost": 723642.47,
      "Plan Rows": 100,
      "Plan Width": 152,
      "Plans": [
        {
          "Node Type": "Sort",
          "Parent Relationship": "Outer",
          "Parallel Aware": false,
          "Async Capable": false,
          "Startup Cost": 723642.22,
          "Total Cost": 723673.2,
          "Plan Rows": 12394,
          "Plan Width": 152,
          "Sort Key": [
            "customer.c_last_name",
            "customer.c_first_name",
            "(substr((ms.s_city)::text, 1, 30))",
            "ms.profit"
          ],
          "Plans": [
            {
              "Node Type": "Hash Join",
              "Parent Relationship": "Outer",
              "Parallel Aware": false,
              "Async Capable": false,
              "Join Type": "Inner",
              "Startup Cost": 715867.78,
              "Total Cost": 723168.53,
              "Plan Rows": 12394,
              "Plan Width": 152,
              "Inner Unique": false,
              "Hash Cond": "(ms.ss_customer_sk = customer.c_customer_sk)",
              "Plans": [
                {
                  "Node Type": "Subquery Scan",
                  "Parent Relationship": "Outer",
                  "Parallel Aware": false,
                  "Async Capable": false,
                  "Alias": "ms",
                  "Startup Cost": 685899.78,
                  "Total Cost": 687776.13,
                  "Plan Rows": 12394,
                  "Plan Width": 82,
                  "Plans": [
                    {
                      "Node Type": "Aggregate",
                      "Strategy": "Sorted",
                      "Partial Mode": "Finalize",
                      "Parent Relationship": "Subquery",
                      "Parallel Aware": false,
                      "Async Capable": false,
                      "Startup Cost": 685899.78,
                      "Total Cost": 687652.19,
                      "Plan Rows": 12394,
                      "Plan Width": 86,
                      "Group Key": [
                        "store_sales.ss_ticket_number",
                        "store_sales.ss_customer_sk",
                        "store_sales.ss_addr_sk",
                        "store.s_city"
                      ],
                      "Plans": [
                        {
                          "Node Type": "Gather Merge",
                          "Parent Relationship": "Outer",
                          "Parallel Aware": false,
                          "Async Capable": false,
                          "Startup Cost": 685899.78,
                          "Total Cost": 687259.72,
                          "Plan Rows": 10328,
                          "Plan Width": 86,
                          "Workers Planned": 2,
                          "Plans": [
                            {
                              "Node Type": "Aggregate",
                              "Strategy": "Sorted",
                              "Partial Mode": "Partial",
                              "Parent Relationship": "Outer",
                              "Parallel Aware": false,
                              "Async Capable": false,
                              "Startup Cost": 684899.76,
                              "Total Cost": 685067.59,
                              "Plan Rows": 5164,
                              "Plan Width": 86,
                              "Group Key": [
                                "store_sales.ss_ticket_number",
                                "store_sales.ss_customer_sk",
                                "store_sales.ss_addr_sk",
                                "store.s_city"
                              ],
                              "Plans": [
                                {
                                  "Node Type": "Sort",
                                  "Parent Relationship": "Outer",
                                  "Parallel Aware": false,
                                  "Async Capable": false,
                                  "Startup Cost": 684899.76,
                                  "Total Cost": 684912.67,
                                  "Plan Rows": 5164,
                                  "Plan Width": 31,
                                  "Sort Key": [
                                    "store_sales.ss_ticket_number",
                                    "store_sales.ss_customer_sk",
                                    "store_sales.ss_addr_sk",
                                    "store.s_city"
                                  ],
                                  "Plans": [
                                    {
                                      "Node Type": "Hash Join",
                                      "Parent Relationship": "Outer",
                                      "Parallel Aware": false,
                                      "Async Capable": false,
                                      "Join Type": "Inner",
                                      "Startup Cost": 2295.62,
                                      "Total Cost": 684581.29,
                                      "Plan Rows": 5164,
                                      "Plan Width": 31,
                                      "Inner Unique": false,
                                      "Hash Cond": "(store_sales.ss_store_sk = store.s_store_sk)",
                                      "Plans": [
                                        {
                                          "Node Type": "Hash Join",
                                          "Parent Relationship": "Outer",
                                          "Parallel Aware": false,
                                          "Async Capable": false,
                                          "Join Type": "Inner",
                                          "Startup Cost": 2287.91,
                                          "Total Cost": 684499.92,
                                          "Plan Rows": 5871,
                                          "Plan Width": 25,
                                          "Inner Unique": false,
                                          "Hash Cond": "(store_sales.ss_hdemo_sk = household_demographics.hd_demo_sk)",
                                          "Plans": [
                                            {
                                              "Node Type": "Hash Join",
                                              "Parent Relationship": "Outer",
                                              "Parallel Aware": true,
                                              "Async Capable": false,
                                              "Join Type": "Inner",
                                              "Startup Cost": 2104.41,
                                              "Total Cost": 684165.41,
                                              "Plan Rows": 24615,
                                              "Plan Width": 29,
                                              "Inner Unique": false,
                                              "Hash Cond": "(store_sales.ss_sold_date_sk = date_dim.d_date_sk)",
                                              "Plans": [
                                                {
                                                  "Node Type": "Seq Scan",
                                                  "Parent Relationship": "Outer",
                                                  "Parallel Aware": true,
                                                  "Async Capable": false,
                                                  "Relation Name": "store_sales",
                                                  "Alias": "store_sales",
                                                  "Startup Cost": 0.0,
                                                  "Total Cost": 636914.37,
                                                  "Plan Rows": 12000637,
                                                  "Plan Width": 33,
                                                  "parent": 10,
                                                  "ID": 11
                                                },
                                                {
                                                  "Node Type": "Hash",
                                                  "Parent Relationship": "Inner",
                                                  "Parallel Aware": true,
                                                  "Async Capable": false,
                                                  "Startup Cost": 2103.26,
                                                  "Total Cost": 2103.26,
                                                  "Plan Rows": 92,
                                                  "Plan Width": 4,
                                                  "Plans": [
                                                    {
                                                      "Node Type": "Seq Scan",
                                                      "Parent Relationship": "Outer",
                                                      "Parallel Aware": true,
                                                      "Async Capable": false,
                                                      "Relation Name": "date_dim",
                                                      "Alias": "date_dim",
                                                      "Startup Cost": 0.0,
                                                      "Total Cost": 2103.26,
                                                      "Plan Rows": 92,
                                                      "Plan Width": 4,
                                                      "Filter": "((d_dow = 1) AND (d_year = ANY ('{1999,2000,2001}'::integer[])))",
                                                      "parent": 12,
                                                      "ID": 13
                                                    }
                                                  ],
                                                  "parent": 10,
                                                  "ID": 12,
                                                  "left": 13
                                                }
                                              ],
                                              "parent": 9,
                                              "ID": 10,
                                              "left": 11,
                                              "right": 12
                                            },
                                            {
                                              "Node Type": "Hash",
                                              "Parent Relationship": "Inner",
                                              "Parallel Aware": false,
                                              "Async Capable": false,
                                              "Startup Cost": 161.0,
                                              "Total Cost": 161.0,
                                              "Plan Rows": 1800,
                                              "Plan Width": 4,
                                              "Plans": [
                                                {
                                                  "Node Type": "Seq Scan",
                                                  "Parent Relationship": "Outer",
                                                  "Parallel Aware": false,
                                                  "Async Capable": false,
                                                  "Relation Name": "household_demographics",
                                                  "Alias": "household_demographics",
                                                  "Startup Cost": 0.0,
                                                  "Total Cost": 161.0,
                                                  "Plan Rows": 1800,
                                                  "Plan Width": 4,
                                                  "Filter": "((hd_dep_count = 3) OR (hd_vehicle_count > 3))",
                                                  "parent": 14,
                                                  "ID": 15
                                                }
                                              ],
                                              "parent": 9,
                                              "ID": 14,
                                              "left": 15
                                            }
                                          ],
                                          "parent": 8,
                                          "ID": 9,
                                          "left": 10,
                                          "right": 14
                                        },
                                        {
                                          "Node Type": "Hash",
                                          "Parent Relationship": "Inner",
                                          "Parallel Aware": false,
                                          "Async Capable": false,
                                          "Startup Cost": 6.53,
                                          "Total Cost": 6.53,
                                          "Plan Rows": 94,
                                          "Plan Width": 14,
                                          "Plans": [
                                            {
                                              "Node Type": "Seq Scan",
                                              "Parent Relationship": "Outer",
                                              "Parallel Aware": false,
                                              "Async Capable": false,
                                              "Relation Name": "store",
                                              "Alias": "store",
                                              "Startup Cost": 0.0,
                                              "Total Cost": 6.53,
                                              "Plan Rows": 94,
                                              "Plan Width": 14,
                                              "Filter": "((s_number_employees >= 200) AND (s_number_employees <= 295))",
                                              "parent": 16,
                                              "ID": 17
                                            }
                                          ],
                                          "parent": 8,
                                          "ID": 16,
                                          "left": 17
                                        }
                                      ],
                                      "parent": 7,
                                      "ID": 8,
                                      "left": 9,
                                      "right": 16
                                    }
                                  ],
                                  "parent": 6,
                                  "ID": 7,
                                  "left": 8
                                }
                              ],
                              "parent": 5,
                              "ID": 6,
                              "left": 7
                            }
                          ],
                          "parent": 4,
                          "ID": 5,
                          "left": 6
                        }
                      ],
                      "parent": 3,
                      "ID": 4,
                      "left": 5
                    }
                  ],
                  "parent": 2,
                  "ID": 3,
                  "left": 4
                },
                {
                  "Node Type": "Hash",
                  "Parent Relationship": "Inner",
                  "Parallel Aware": false,
                  "Async Capable": false,
                  "Startup Cost": 18835.0,
                  "Total Cost": 18835.0,
                  "Plan Rows": 500000,
                  "Plan Width": 56,
                  "Plans": [
                    {
                      "Node Type": "Seq Scan",
                      "Parent Relationship": "Outer",
                      "Parallel Aware": false,
                      "Async Capable": false,
                      "Relation Name": "customer",
                      "Alias": "customer",
                      "Startup Cost": 0.0,
                      "Total Cost": 18835.0,
                      "Plan Rows": 500000,
                      "Plan Width": 56,
                      "parent": 18,
                      "ID": 19
                    }
                  ],
                  "parent": 2,
                  "ID": 18,
                  "left": 19
                }
              ],
              "parent": 1,
              "ID": 2,
              "left": 3,
              "right": 18
            }
          ],
          "parent": 0,
          "ID": 1,
          "left": 2
        }
      ],
      "parent": null,
      "ID": 0,
      "left": 1
    },
    "feat": {
      "utility": 0.025905148520440704,
      "query_shape": [
        [
          "Seq Scan",
          "Hash Join",
          "Sort",
          "Aggregate",
          "Gather Merge",
          "Subquery Scan"
        ],
        [
          "Seq Scan",
          "Hash",
          "Hash Join",
          "Sort",
          "Aggregate",
          "Gather Merge",
          "Subquery Scan"
        ],
        [
          "Seq Scan",
          "Hash",
          "Hash Join",
          "Sort",
          "Aggregate",
          "Gather Merge",
          "Subquery Scan"
        ],
        [
          "Seq Scan",
          "Hash",
          "Hash Join",
          "Sort",
          "Aggregate",
          "Gather Merge",
          "Subquery Scan"
        ],
        [
          "Seq Scan",
          "Hash",
          "Hash Join",
          "Sort"
        ]
      ],
      "index_shape": [
        "join"
      ],
      "physical_operator": {
        "Hash Join": [
          0.0047217594346399975
        ]
      }
    }
  },
  {
    "query": "select \n  c_last_name,c_first_name,substr(s_city,1,30),ss_ticket_number,amt,profit\n  from\n   (select ss_ticket_number\n          ,ss_customer_sk\n          ,store.s_city\n          ,sum(ss_coupon_amt) amt\n          ,sum(ss_net_profit) profit\n    from store_sales,date_dim,store,household_demographics\n    where store_sales.ss_sold_date_sk = date_dim.d_date_sk\n    and store_sales.ss_store_sk = store.s_store_sk  \n    and store_sales.ss_hdemo_sk = household_demographics.hd_demo_sk\n    and (household_demographics.hd_dep_count = 3 or household_demographics.hd_vehicle_count > 3)\n    and date_dim.d_dow = 1\n    and date_dim.d_year in (1999,1999+1,1999+2) \n    and store.s_number_employees between 200 and 295\n    group by ss_ticket_number,ss_customer_sk,ss_addr_sk,store.s_city) ms,customer\n    where ss_customer_sk = c_customer_sk\n order by c_last_name,c_first_name,substr(s_city,1,30), profit\nlimit 100;\n\n-- end query 60 in stream 4 using template query79.tpl\n",
    "indexes": "store_sales.ss_customer_sk",
    "wo plan est": {
      "Node Type": "Limit",
      "Parallel Aware": false,
      "Async Capable": false,
      "Startup Cost": 723642.22,
      "Total Cost": 723642.47,
      "Plan Rows": 100,
      "Plan Width": 152,
      "Plans": [
        {
          "Node Type": "Sort",
          "Parent Relationship": "Outer",
          "Parallel Aware": false,
          "Async Capable": false,
          "Startup Cost": 723642.22,
          "Total Cost": 723673.2,
          "Plan Rows": 12394,
          "Plan Width": 152,
          "Sort Key": [
            "customer.c_last_name",
            "customer.c_first_name",
            "(substr((ms.s_city)::text, 1, 30))",
            "ms.profit"
          ],
          "Plans": [
            {
              "Node Type": "Hash Join",
              "Parent Relationship": "Outer",
              "Parallel Aware": false,
              "Async Capable": false,
              "Join Type": "Inner",
              "Startup Cost": 715867.78,
              "Total Cost": 723168.53,
              "Plan Rows": 12394,
              "Plan Width": 152,
              "Inner Unique": false,
              "Hash Cond": "(ms.ss_customer_sk = customer.c_customer_sk)",
              "Plans": [
                {
                  "Node Type": "Subquery Scan",
                  "Parent Relationship": "Outer",
                  "Parallel Aware": false,
                  "Async Capable": false,
                  "Alias": "ms",
                  "Startup Cost": 685899.78,
                  "Total Cost": 687776.13,
                  "Plan Rows": 12394,
                  "Plan Width": 82,
                  "Plans": [
                    {
                      "Node Type": "Aggregate",
                      "Strategy": "Sorted",
                      "Partial Mode": "Finalize",
                      "Parent Relationship": "Subquery",
                      "Parallel Aware": false,
                      "Async Capable": false,
                      "Startup Cost": 685899.78,
                      "Total Cost": 687652.19,
                      "Plan Rows": 12394,
                      "Plan Width": 86,
                      "Group Key": [
                        "store_sales.ss_ticket_number",
                        "store_sales.ss_customer_sk",
                        "store_sales.ss_addr_sk",
                        "store.s_city"
                      ],
                      "Plans": [
                        {
                          "Node Type": "Gather Merge",
                          "Parent Relationship": "Outer",
                          "Parallel Aware": false,
                          "Async Capable": false,
                          "Startup Cost": 685899.78,
                          "Total Cost": 687259.72,
                          "Plan Rows": 10328,
                          "Plan Width": 86,
                          "Workers Planned": 2,
                          "Plans": [
                            {
                              "Node Type": "Aggregate",
                              "Strategy": "Sorted",
                              "Partial Mode": "Partial",
                              "Parent Relationship": "Outer",
                              "Parallel Aware": false,
                              "Async Capable": false,
                              "Startup Cost": 684899.76,
                              "Total Cost": 685067.59,
                              "Plan Rows": 5164,
                              "Plan Width": 86,
                              "Group Key": [
                                "store_sales.ss_ticket_number",
                                "store_sales.ss_customer_sk",
                                "store_sales.ss_addr_sk",
                                "store.s_city"
                              ],
                              "Plans": [
                                {
                                  "Node Type": "Sort",
                                  "Parent Relationship": "Outer",
                                  "Parallel Aware": false,
                                  "Async Capable": false,
                                  "Startup Cost": 684899.76,
                                  "Total Cost": 684912.67,
                                  "Plan Rows": 5164,
                                  "Plan Width": 31,
                                  "Sort Key": [
                                    "store_sales.ss_ticket_number",
                                    "store_sales.ss_customer_sk",
                                    "store_sales.ss_addr_sk",
                                    "store.s_city"
                                  ],
                                  "Plans": [
                                    {
                                      "Node Type": "Hash Join",
                                      "Parent Relationship": "Outer",
                                      "Parallel Aware": false,
                                      "Async Capable": false,
                                      "Join Type": "Inner",
                                      "Startup Cost": 2295.62,
                                      "Total Cost": 684581.29,
                                      "Plan Rows": 5164,
                                      "Plan Width": 31,
                                      "Inner Unique": false,
                                      "Hash Cond": "(store_sales.ss_store_sk = store.s_store_sk)",
                                      "Plans": [
                                        {
                                          "Node Type": "Hash Join",
                                          "Parent Relationship": "Outer",
                                          "Parallel Aware": false,
                                          "Async Capable": false,
                                          "Join Type": "Inner",
                                          "Startup Cost": 2287.91,
                                          "Total Cost": 684499.92,
                                          "Plan Rows": 5871,
                                          "Plan Width": 25,
                                          "Inner Unique": false,
                                          "Hash Cond": "(store_sales.ss_hdemo_sk = household_demographics.hd_demo_sk)",
                                          "Plans": [
                                            {
                                              "Node Type": "Hash Join",
                                              "Parent Relationship": "Outer",
                                              "Parallel Aware": true,
                                              "Async Capable": false,
                                              "Join Type": "Inner",
                                              "Startup Cost": 2104.41,
                                              "Total Cost": 684165.41,
                                              "Plan Rows": 24615,
                                              "Plan Width": 29,
                                              "Inner Unique": false,
                                              "Hash Cond": "(store_sales.ss_sold_date_sk = date_dim.d_date_sk)",
                                              "Plans": [
                                                {
                                                  "Node Type": "Seq Scan",
                                                  "Parent Relationship": "Outer",
                                                  "Parallel Aware": true,
                                                  "Async Capable": false,
                                                  "Relation Name": "store_sales",
                                                  "Alias": "store_sales",
                                                  "Startup Cost": 0.0,
                                                  "Total Cost": 636914.37,
                                                  "Plan Rows": 12000637,
                                                  "Plan Width": 33,
                                                  "parent": 10,
                                                  "ID": 11
                                                },
                                                {
                                                  "Node Type": "Hash",
                                                  "Parent Relationship": "Inner",
                                                  "Parallel Aware": true,
                                                  "Async Capable": false,
                                                  "Startup Cost": 2103.26,
                                                  "Total Cost": 2103.26,
                                                  "Plan Rows": 92,
                                                  "Plan Width": 4,
                                                  "Plans": [
                                                    {
                                                      "Node Type": "Seq Scan",
                                                      "Parent Relationship": "Outer",
                                                      "Parallel Aware": true,
                                                      "Async Capable": false,
                                                      "Relation Name": "date_dim",
                                                      "Alias": "date_dim",
                                                      "Startup Cost": 0.0,
                                                      "Total Cost": 2103.26,
                                                      "Plan Rows": 92,
                                                      "Plan Width": 4,
                                                      "Filter": "((d_dow = 1) AND (d_year = ANY ('{1999,2000,2001}'::integer[])))",
                                                      "parent": 12,
                                                      "ID": 13
                                                    }
                                                  ],
                                                  "parent": 10,
                                                  "ID": 12,
                                                  "left": 13
                                                }
                                              ],
                                              "parent": 9,
                                              "ID": 10,
                                              "left": 11,
                                              "right": 12
                                            },
                                            {
                                              "Node Type": "Hash",
                                              "Parent Relationship": "Inner",
                                              "Parallel Aware": false,
                                              "Async Capable": false,
                                              "Startup Cost": 161.0,
                                              "Total Cost": 161.0,
                                              "Plan Rows": 1800,
                                              "Plan Width": 4,
                                              "Plans": [
                                                {
                                                  "Node Type": "Seq Scan",
                                                  "Parent Relationship": "Outer",
                                                  "Parallel Aware": false,
                                                  "Async Capable": false,
                                                  "Relation Name": "household_demographics",
                                                  "Alias": "household_demographics",
                                                  "Startup Cost": 0.0,
                                                  "Total Cost": 161.0,
                                                  "Plan Rows": 1800,
                                                  "Plan Width": 4,
                                                  "Filter": "((hd_dep_count = 3) OR (hd_vehicle_count > 3))",
                                                  "parent": 14,
                                                  "ID": 15
                                                }
                                              ],
                                              "parent": 9,
                                              "ID": 14,
                                              "left": 15
                                            }
                                          ],
                                          "parent": 8,
                                          "ID": 9,
                                          "left": 10,
                                          "right": 14
                                        },
                                        {
                                          "Node Type": "Hash",
                                          "Parent Relationship": "Inner",
                                          "Parallel Aware": false,
                                          "Async Capable": false,
                                          "Startup Cost": 6.53,
                                          "Total Cost": 6.53,
                                          "Plan Rows": 94,
                                          "Plan Width": 14,
                                          "Plans": [
                                            {
                                              "Node Type": "Seq Scan",
                                              "Parent Relationship": "Outer",
                                              "Parallel Aware": false,
                                              "Async Capable": false,
                                              "Relation Name": "store",
                                              "Alias": "store",
                                              "Startup Cost": 0.0,
                                              "Total Cost": 6.53,
                                              "Plan Rows": 94,
                                              "Plan Width": 14,
                                              "Filter": "((s_number_employees >= 200) AND (s_number_employees <= 295))",
                                              "parent": 16,
                                              "ID": 17
                                            }
                                          ],
                                          "parent": 8,
                                          "ID": 16,
                                          "left": 17
                                        }
                                      ],
                                      "parent": 7,
                                      "ID": 8,
                                      "left": 9,
                                      "right": 16
                                    }
                                  ],
                                  "parent": 6,
                                  "ID": 7,
                                  "left": 8
                                }
                              ],
                              "parent": 5,
                              "ID": 6,
                              "left": 7
                            }
                          ],
                          "parent": 4,
                          "ID": 5,
                          "left": 6
                        }
                      ],
                      "parent": 3,
                      "ID": 4,
                      "left": 5
                    }
                  ],
                  "parent": 2,
                  "ID": 3,
                  "left": 4
                },
                {
                  "Node Type": "Hash",
                  "Parent Relationship": "Inner",
                  "Parallel Aware": false,
                  "Async Capable": false,
                  "Startup Cost": 18835.0,
                  "Total Cost": 18835.0,
                  "Plan Rows": 500000,
                  "Plan Width": 56,
                  "Plans": [
                    {
                      "Node Type": "Seq Scan",
                      "Parent Relationship": "Outer",
                      "Parallel Aware": false,
                      "Async Capable": false,
                      "Relation Name": "customer",
                      "Alias": "customer",
                      "Startup Cost": 0.0,
                      "Total Cost": 18835.0,
                      "Plan Rows": 500000,
                      "Plan Width": 56,
                      "parent": 18,
                      "ID": 19
                    }
                  ],
                  "parent": 2,
                  "ID": 18,
                  "left": 19
                }
              ],
              "parent": 1,
              "ID": 2,
              "left": 3,
              "right": 18
            }
          ],
          "parent": 0,
          "ID": 1,
          "left": 2
        }
      ],
      "parent": null,
      "ID": 0,
      "left": 1
    },
    "feat": {
      "utility": 0.0,
      "query_shape": [
        [
          "Seq Scan",
          "Hash Join",
          "Sort",
          "Aggregate",
          "Gather Merge",
          "Subquery Scan"
        ],
        [
          "Seq Scan",
          "Hash",
          "Hash Join",
          "Sort",
          "Aggregate",
          "Gather Merge",
          "Subquery Scan"
        ],
        [
          "Seq Scan",
          "Hash",
          "Hash Join",
          "Sort",
          "Aggregate",
          "Gather Merge",
          "Subquery Scan"
        ],
        [
          "Seq Scan",
          "Hash",
          "Hash Join",
          "Sort",
          "Aggregate",
          "Gather Merge",
          "Subquery Scan"
        ],
        [
          "Seq Scan",
          "Hash",
          "Hash Join",
          "Sort"
        ]
      ],
      "index_shape": [
        "join"
      ],
      "physical_operator": {
        "Sort": [
          "[1.0000000e+00 9.9890000e+03 1.9976000e+04 3.0023000e+04 4.0125000e+04\n 5.0109000e+04 6.0125000e+04 7.0139000e+04 8.0160000e+04 9.0166000e+04\n 1.0016800e+05 1.1013100e+05 1.2016700e+05 1.3015900e+05 1.4014100e+05\n 1.5005700e+05 1.6008600e+05 1.7011600e+05 1.8008200e+05 1.9011800e+05\n 2.0002000e+05 2.0994900e+05 2.1992500e+05 2.2991500e+05 2.3995100e+05\n 2.4993000e+05 2.5989700e+05 2.6988500e+05 2.7990400e+05 2.8987800e+05\n 2.9985400e+05 3.0990600e+05 3.1990800e+05 3.2990100e+05 3.3987616e+05\n 3.4989800e+05 3.5985800e+05 3.6978000e+05 3.7982500e+05 3.8983100e+05\n 3.9984300e+05 4.0987700e+05 4.1984100e+05 4.2989700e+05 4.3992700e+05\n 4.4992600e+05 4.5993600e+05 4.6996700e+05 4.8001200e+05 4.8997826e+05\n 5.0000000e+05]"
        ],
        "Aggregate": [
          "[1.0000000e+00 9.9890000e+03 1.9976000e+04 3.0023000e+04 4.0125000e+04\n 5.0109000e+04 6.0125000e+04 7.0139000e+04 8.0160000e+04 9.0166000e+04\n 1.0016800e+05 1.1013100e+05 1.2016700e+05 1.3015900e+05 1.4014100e+05\n 1.5005700e+05 1.6008600e+05 1.7011600e+05 1.8008200e+05 1.9011800e+05\n 2.0002000e+05 2.0994900e+05 2.1992500e+05 2.2991500e+05 2.3995100e+05\n 2.4993000e+05 2.5989700e+05 2.6988500e+05 2.7990400e+05 2.8987800e+05\n 2.9985400e+05 3.0990600e+05 3.1990800e+05 3.2990100e+05 3.3987616e+05\n 3.4989800e+05 3.5985800e+05 3.6978000e+05 3.7982500e+05 3.8983100e+05\n 3.9984300e+05 4.0987700e+05 4.1984100e+05 4.2989700e+05 4.3992700e+05\n 4.4992600e+05 4.5993600e+05 4.6996700e+05 4.8001200e+05 4.8997826e+05\n 5.0000000e+05]",
          "[1.0000000e+00 9.9890000e+03 1.9976000e+04 3.0023000e+04 4.0125000e+04\n 5.0109000e+04 6.0125000e+04 7.0139000e+04 8.0160000e+04 9.0166000e+04\n 1.0016800e+05 1.1013100e+05 1.2016700e+05 1.3015900e+05 1.4014100e+05\n 1.5005700e+05 1.6008600e+05 1.7011600e+05 1.8008200e+05 1.9011800e+05\n 2.0002000e+05 2.0994900e+05 2.1992500e+05 2.2991500e+05 2.3995100e+05\n 2.4993000e+05 2.5989700e+05 2.6988500e+05 2.7990400e+05 2.8987800e+05\n 2.9985400e+05 3.0990600e+05 3.1990800e+05 3.2990100e+05 3.3987616e+05\n 3.4989800e+05 3.5985800e+05 3.6978000e+05 3.7982500e+05 3.8983100e+05\n 3.9984300e+05 4.0987700e+05 4.1984100e+05 4.2989700e+05 4.3992700e+05\n 4.4992600e+05 4.5993600e+05 4.6996700e+05 4.8001200e+05 4.8997826e+05\n 5.0000000e+05]"
        ]
      }
    }
  },
  {
    "query": "select \n  c_last_name,c_first_name,substr(s_city,1,30),ss_ticket_number,amt,profit\n  from\n   (select ss_ticket_number\n          ,ss_customer_sk\n          ,store.s_city\n          ,sum(ss_coupon_amt) amt\n          ,sum(ss_net_profit) profit\n    from store_sales,date_dim,store,household_demographics\n    where store_sales.ss_sold_date_sk = date_dim.d_date_sk\n    and store_sales.ss_store_sk = store.s_store_sk  \n    and store_sales.ss_hdemo_sk = household_demographics.hd_demo_sk\n    and (household_demographics.hd_dep_count = 3 or household_demographics.hd_vehicle_count > 3)\n    and date_dim.d_dow = 1\n    and date_dim.d_year in (1999,1999+1,1999+2) \n    and store.s_number_employees between 200 and 295\n    group by ss_ticket_number,ss_customer_sk,ss_addr_sk,store.s_city) ms,customer\n    where ss_customer_sk = c_customer_sk\n order by c_last_name,c_first_name,substr(s_city,1,30), profit\nlimit 100;\n\n-- end query 60 in stream 4 using template query79.tpl\n",
    "indexes": "store_sales.ss_hdemo_sk",
    "wo plan est": {
      "Node Type": "Limit",
      "Parallel Aware": false,
      "Async Capable": false,
      "Startup Cost": 723642.22,
      "Total Cost": 723642.47,
      "Plan Rows": 100,
      "Plan Width": 152,
      "Plans": [
        {
          "Node Type": "Sort",
          "Parent Relationship": "Outer",
          "Parallel Aware": false,
          "Async Capable": false,
          "Startup Cost": 723642.22,
          "Total Cost": 723673.2,
          "Plan Rows": 12394,
          "Plan Width": 152,
          "Sort Key": [
            "customer.c_last_name",
            "customer.c_first_name",
            "(substr((ms.s_city)::text, 1, 30))",
            "ms.profit"
          ],
          "Plans": [
            {
              "Node Type": "Hash Join",
              "Parent Relationship": "Outer",
              "Parallel Aware": false,
              "Async Capable": false,
              "Join Type": "Inner",
              "Startup Cost": 715867.78,
              "Total Cost": 723168.53,
              "Plan Rows": 12394,
              "Plan Width": 152,
              "Inner Unique": false,
              "Hash Cond": "(ms.ss_customer_sk = customer.c_customer_sk)",
              "Plans": [
                {
                  "Node Type": "Subquery Scan",
                  "Parent Relationship": "Outer",
                  "Parallel Aware": false,
                  "Async Capable": false,
                  "Alias": "ms",
                  "Startup Cost": 685899.78,
                  "Total Cost": 687776.13,
                  "Plan Rows": 12394,
                  "Plan Width": 82,
                  "Plans": [
                    {
                      "Node Type": "Aggregate",
                      "Strategy": "Sorted",
                      "Partial Mode": "Finalize",
                      "Parent Relationship": "Subquery",
                      "Parallel Aware": false,
                      "Async Capable": false,
                      "Startup Cost": 685899.78,
                      "Total Cost": 687652.19,
                      "Plan Rows": 12394,
                      "Plan Width": 86,
                      "Group Key": [
                        "store_sales.ss_ticket_number",
                        "store_sales.ss_customer_sk",
                        "store_sales.ss_addr_sk",
                        "store.s_city"
                      ],
                      "Plans": [
                        {
                          "Node Type": "Gather Merge",
                          "Parent Relationship": "Outer",
                          "Parallel Aware": false,
                          "Async Capable": false,
                          "Startup Cost": 685899.78,
                          "Total Cost": 687259.72,
                          "Plan Rows": 10328,
                          "Plan Width": 86,
                          "Workers Planned": 2,
                          "Plans": [
                            {
                              "Node Type": "Aggregate",
                              "Strategy": "Sorted",
                              "Partial Mode": "Partial",
                              "Parent Relationship": "Outer",
                              "Parallel Aware": false,
                              "Async Capable": false,
                              "Startup Cost": 684899.76,
                              "Total Cost": 685067.59,
                              "Plan Rows": 5164,
                              "Plan Width": 86,
                              "Group Key": [
                                "store_sales.ss_ticket_number",
                                "store_sales.ss_customer_sk",
                                "store_sales.ss_addr_sk",
                                "store.s_city"
                              ],
                              "Plans": [
                                {
                                  "Node Type": "Sort",
                                  "Parent Relationship": "Outer",
                                  "Parallel Aware": false,
                                  "Async Capable": false,
                                  "Startup Cost": 684899.76,
                                  "Total Cost": 684912.67,
                                  "Plan Rows": 5164,
                                  "Plan Width": 31,
                                  "Sort Key": [
                                    "store_sales.ss_ticket_number",
                                    "store_sales.ss_customer_sk",
                                    "store_sales.ss_addr_sk",
                                    "store.s_city"
                                  ],
                                  "Plans": [
                                    {
                                      "Node Type": "Hash Join",
                                      "Parent Relationship": "Outer",
                                      "Parallel Aware": false,
                                      "Async Capable": false,
                                      "Join Type": "Inner",
                                      "Startup Cost": 2295.62,
                                      "Total Cost": 684581.29,
                                      "Plan Rows": 5164,
                                      "Plan Width": 31,
                                      "Inner Unique": false,
                                      "Hash Cond": "(store_sales.ss_store_sk = store.s_store_sk)",
                                      "Plans": [
                                        {
                                          "Node Type": "Hash Join",
                                          "Parent Relationship": "Outer",
                                          "Parallel Aware": false,
                                          "Async Capable": false,
                                          "Join Type": "Inner",
                                          "Startup Cost": 2287.91,
                                          "Total Cost": 684499.92,
                                          "Plan Rows": 5871,
                                          "Plan Width": 25,
                                          "Inner Unique": false,
                                          "Hash Cond": "(store_sales.ss_hdemo_sk = household_demographics.hd_demo_sk)",
                                          "Plans": [
                                            {
                                              "Node Type": "Hash Join",
                                              "Parent Relationship": "Outer",
                                              "Parallel Aware": true,
                                              "Async Capable": false,
                                              "Join Type": "Inner",
                                              "Startup Cost": 2104.41,
                                              "Total Cost": 684165.41,
                                              "Plan Rows": 24615,
                                              "Plan Width": 29,
                                              "Inner Unique": false,
                                              "Hash Cond": "(store_sales.ss_sold_date_sk = date_dim.d_date_sk)",
                                              "Plans": [
                                                {
                                                  "Node Type": "Seq Scan",
                                                  "Parent Relationship": "Outer",
                                                  "Parallel Aware": true,
                                                  "Async Capable": false,
                                                  "Relation Name": "store_sales",
                                                  "Alias": "store_sales",
                                                  "Startup Cost": 0.0,
                                                  "Total Cost": 636914.37,
                                                  "Plan Rows": 12000637,
                                                  "Plan Width": 33,
                                                  "parent": 10,
                                                  "ID": 11
                                                },
                                                {
                                                  "Node Type": "Hash",
                                                  "Parent Relationship": "Inner",
                                                  "Parallel Aware": true,
                                                  "Async Capable": false,
                                                  "Startup Cost": 2103.26,
                                                  "Total Cost": 2103.26,
                                                  "Plan Rows": 92,
                                                  "Plan Width": 4,
                                                  "Plans": [
                                                    {
                                                      "Node Type": "Seq Scan",
                                                      "Parent Relationship": "Outer",
                                                      "Parallel Aware": true,
                                                      "Async Capable": false,
                                                      "Relation Name": "date_dim",
                                                      "Alias": "date_dim",
                                                      "Startup Cost": 0.0,
                                                      "Total Cost": 2103.26,
                                                      "Plan Rows": 92,
                                                      "Plan Width": 4,
                                                      "Filter": "((d_dow = 1) AND (d_year = ANY ('{1999,2000,2001}'::integer[])))",
                                                      "parent": 12,
                                                      "ID": 13
                                                    }
                                                  ],
                                                  "parent": 10,
                                                  "ID": 12,
                                                  "left": 13
                                                }
                                              ],
                                              "parent": 9,
                                              "ID": 10,
                                              "left": 11,
                                              "right": 12
                                            },
                                            {
                                              "Node Type": "Hash",
                                              "Parent Relationship": "Inner",
                                              "Parallel Aware": false,
                                              "Async Capable": false,
                                              "Startup Cost": 161.0,
                                              "Total Cost": 161.0,
                                              "Plan Rows": 1800,
                                              "Plan Width": 4,
                                              "Plans": [
                                                {
                                                  "Node Type": "Seq Scan",
                                                  "Parent Relationship": "Outer",
                                                  "Parallel Aware": false,
                                                  "Async Capable": false,
                                                  "Relation Name": "household_demographics",
                                                  "Alias": "household_demographics",
                                                  "Startup Cost": 0.0,
                                                  "Total Cost": 161.0,
                                                  "Plan Rows": 1800,
                                                  "Plan Width": 4,
                                                  "Filter": "((hd_dep_count = 3) OR (hd_vehicle_count > 3))",
                                                  "parent": 14,
                                                  "ID": 15
                                                }
                                              ],
                                              "parent": 9,
                                              "ID": 14,
                                              "left": 15
                                            }
                                          ],
                                          "parent": 8,
                                          "ID": 9,
                                          "left": 10,
                                          "right": 14
                                        },
                                        {
                                          "Node Type": "Hash",
                                          "Parent Relationship": "Inner",
                                          "Parallel Aware": false,
                                          "Async Capable": false,
                                          "Startup Cost": 6.53,
                                          "Total Cost": 6.53,
                                          "Plan Rows": 94,
                                          "Plan Width": 14,
                                          "Plans": [
                                            {
                                              "Node Type": "Seq Scan",
                                              "Parent Relationship": "Outer",
                                              "Parallel Aware": false,
                                              "Async Capable": false,
                                              "Relation Name": "store",
                                              "Alias": "store",
                                              "Startup Cost": 0.0,
                                              "Total Cost": 6.53,
                                              "Plan Rows": 94,
                                              "Plan Width": 14,
                                              "Filter": "((s_number_employees >= 200) AND (s_number_employees <= 295))",
                                              "parent": 16,
                                              "ID": 17
                                            }
                                          ],
                                          "parent": 8,
                                          "ID": 16,
                                          "left": 17
                                        }
                                      ],
                                      "parent": 7,
                                      "ID": 8,
                                      "left": 9,
                                      "right": 16
                                    }
                                  ],
                                  "parent": 6,
                                  "ID": 7,
                                  "left": 8
                                }
                              ],
                              "parent": 5,
                              "ID": 6,
                              "left": 7
                            }
                          ],
                          "parent": 4,
                          "ID": 5,
                          "left": 6
                        }
                      ],
                      "parent": 3,
                      "ID": 4,
                      "left": 5
                    }
                  ],
                  "parent": 2,
                  "ID": 3,
                  "left": 4
                },
                {
                  "Node Type": "Hash",
                  "Parent Relationship": "Inner",
                  "Parallel Aware": false,
                  "Async Capable": false,
                  "Startup Cost": 18835.0,
                  "Total Cost": 18835.0,
                  "Plan Rows": 500000,
                  "Plan Width": 56,
                  "Plans": [
                    {
                      "Node Type": "Seq Scan",
                      "Parent Relationship": "Outer",
                      "Parallel Aware": false,
                      "Async Capable": false,
                      "Relation Name": "customer",
                      "Alias": "customer",
                      "Startup Cost": 0.0,
                      "Total Cost": 18835.0,
                      "Plan Rows": 500000,
                      "Plan Width": 56,
                      "parent": 18,
                      "ID": 19
                    }
                  ],
                  "parent": 2,
                  "ID": 18,
                  "left": 19
                }
              ],
              "parent": 1,
              "ID": 2,
              "left": 3,
              "right": 18
            }
          ],
          "parent": 0,
          "ID": 1,
          "left": 2
        }
      ],
      "parent": null,
      "ID": 0,
      "left": 1
    },
    "feat": {
      "utility": 0.025728433149365654,
      "query_shape": [
        [
          "Seq Scan",
          "Hash Join",
          "Sort",
          "Aggregate",
          "Gather Merge",
          "Subquery Scan"
        ],
        [
          "Seq Scan",
          "Hash",
          "Hash Join",
          "Sort",
          "Aggregate",
          "Gather Merge",
          "Subquery Scan"
        ],
        [
          "Seq Scan",
          "Hash",
          "Hash Join",
          "Sort",
          "Aggregate",
          "Gather Merge",
          "Subquery Scan"
        ],
        [
          "Seq Scan",
          "Hash",
          "Hash Join",
          "Sort",
          "Aggregate",
          "Gather Merge",
          "Subquery Scan"
        ],
        [
          "Seq Scan",
          "Hash",
          "Hash Join",
          "Sort"
        ]
      ],
      "index_shape": [
        "join"
      ],
      "physical_operator": {
        "Hash Join": [
          0.011511180597990979
        ]
      }
    }
  },
  {
    "query": "select \n  c_last_name,c_first_name,substr(s_city,1,30),ss_ticket_number,amt,profit\n  from\n   (select ss_ticket_number\n          ,ss_customer_sk\n          ,store.s_city\n          ,sum(ss_coupon_amt) amt\n          ,sum(ss_net_profit) profit\n    from store_sales,date_dim,store,household_demographics\n    where store_sales.ss_sold_date_sk = date_dim.d_date_sk\n    and store_sales.ss_store_sk = store.s_store_sk  \n    and store_sales.ss_hdemo_sk = household_demographics.hd_demo_sk\n    and (household_demographics.hd_dep_count = 3 or household_demographics.hd_vehicle_count > 3)\n    and date_dim.d_dow = 1\n    and date_dim.d_year in (1999,1999+1,1999+2) \n    and store.s_number_employees between 200 and 295\n    group by ss_ticket_number,ss_customer_sk,ss_addr_sk,store.s_city) ms,customer\n    where ss_customer_sk = c_customer_sk\n order by c_last_name,c_first_name,substr(s_city,1,30), profit\nlimit 100;\n\n-- end query 60 in stream 4 using template query79.tpl\n",
    "indexes": "store_sales.ss_addr_sk",
    "wo plan est": {
      "Node Type": "Limit",
      "Parallel Aware": false,
      "Async Capable": false,
      "Startup Cost": 723642.22,
      "Total Cost": 723642.47,
      "Plan Rows": 100,
      "Plan Width": 152,
      "Plans": [
        {
          "Node Type": "Sort",
          "Parent Relationship": "Outer",
          "Parallel Aware": false,
          "Async Capable": false,
          "Startup Cost": 723642.22,
          "Total Cost": 723673.2,
          "Plan Rows": 12394,
          "Plan Width": 152,
          "Sort Key": [
            "customer.c_last_name",
            "customer.c_first_name",
            "(substr((ms.s_city)::text, 1, 30))",
            "ms.profit"
          ],
          "Plans": [
            {
              "Node Type": "Hash Join",
              "Parent Relationship": "Outer",
              "Parallel Aware": false,
              "Async Capable": false,
              "Join Type": "Inner",
              "Startup Cost": 715867.78,
              "Total Cost": 723168.53,
              "Plan Rows": 12394,
              "Plan Width": 152,
              "Inner Unique": false,
              "Hash Cond": "(ms.ss_customer_sk = customer.c_customer_sk)",
              "Plans": [
                {
                  "Node Type": "Subquery Scan",
                  "Parent Relationship": "Outer",
                  "Parallel Aware": false,
                  "Async Capable": false,
                  "Alias": "ms",
                  "Startup Cost": 685899.78,
                  "Total Cost": 687776.13,
                  "Plan Rows": 12394,
                  "Plan Width": 82,
                  "Plans": [
                    {
                      "Node Type": "Aggregate",
                      "Strategy": "Sorted",
                      "Partial Mode": "Finalize",
                      "Parent Relationship": "Subquery",
                      "Parallel Aware": false,
                      "Async Capable": false,
                      "Startup Cost": 685899.78,
                      "Total Cost": 687652.19,
                      "Plan Rows": 12394,
                      "Plan Width": 86,
                      "Group Key": [
                        "store_sales.ss_ticket_number",
                        "store_sales.ss_customer_sk",
                        "store_sales.ss_addr_sk",
                        "store.s_city"
                      ],
                      "Plans": [
                        {
                          "Node Type": "Gather Merge",
                          "Parent Relationship": "Outer",
                          "Parallel Aware": false,
                          "Async Capable": false,
                          "Startup Cost": 685899.78,
                          "Total Cost": 687259.72,
                          "Plan Rows": 10328,
                          "Plan Width": 86,
                          "Workers Planned": 2,
                          "Plans": [
                            {
                              "Node Type": "Aggregate",
                              "Strategy": "Sorted",
                              "Partial Mode": "Partial",
                              "Parent Relationship": "Outer",
                              "Parallel Aware": false,
                              "Async Capable": false,
                              "Startup Cost": 684899.76,
                              "Total Cost": 685067.59,
                              "Plan Rows": 5164,
                              "Plan Width": 86,
                              "Group Key": [
                                "store_sales.ss_ticket_number",
                                "store_sales.ss_customer_sk",
                                "store_sales.ss_addr_sk",
                                "store.s_city"
                              ],
                              "Plans": [
                                {
                                  "Node Type": "Sort",
                                  "Parent Relationship": "Outer",
                                  "Parallel Aware": false,
                                  "Async Capable": false,
                                  "Startup Cost": 684899.76,
                                  "Total Cost": 684912.67,
                                  "Plan Rows": 5164,
                                  "Plan Width": 31,
                                  "Sort Key": [
                                    "store_sales.ss_ticket_number",
                                    "store_sales.ss_customer_sk",
                                    "store_sales.ss_addr_sk",
                                    "store.s_city"
                                  ],
                                  "Plans": [
                                    {
                                      "Node Type": "Hash Join",
                                      "Parent Relationship": "Outer",
                                      "Parallel Aware": false,
                                      "Async Capable": false,
                                      "Join Type": "Inner",
                                      "Startup Cost": 2295.62,
                                      "Total Cost": 684581.29,
                                      "Plan Rows": 5164,
                                      "Plan Width": 31,
                                      "Inner Unique": false,
                                      "Hash Cond": "(store_sales.ss_store_sk = store.s_store_sk)",
                                      "Plans": [
                                        {
                                          "Node Type": "Hash Join",
                                          "Parent Relationship": "Outer",
                                          "Parallel Aware": false,
                                          "Async Capable": false,
                                          "Join Type": "Inner",
                                          "Startup Cost": 2287.91,
                                          "Total Cost": 684499.92,
                                          "Plan Rows": 5871,
                                          "Plan Width": 25,
                                          "Inner Unique": false,
                                          "Hash Cond": "(store_sales.ss_hdemo_sk = household_demographics.hd_demo_sk)",
                                          "Plans": [
                                            {
                                              "Node Type": "Hash Join",
                                              "Parent Relationship": "Outer",
                                              "Parallel Aware": true,
                                              "Async Capable": false,
                                              "Join Type": "Inner",
                                              "Startup Cost": 2104.41,
                                              "Total Cost": 684165.41,
                                              "Plan Rows": 24615,
                                              "Plan Width": 29,
                                              "Inner Unique": false,
                                              "Hash Cond": "(store_sales.ss_sold_date_sk = date_dim.d_date_sk)",
                                              "Plans": [
                                                {
                                                  "Node Type": "Seq Scan",
                                                  "Parent Relationship": "Outer",
                                                  "Parallel Aware": true,
                                                  "Async Capable": false,
                                                  "Relation Name": "store_sales",
                                                  "Alias": "store_sales",
                                                  "Startup Cost": 0.0,
                                                  "Total Cost": 636914.37,
                                                  "Plan Rows": 12000637,
                                                  "Plan Width": 33,
                                                  "parent": 10,
                                                  "ID": 11
                                                },
                                                {
                                                  "Node Type": "Hash",
                                                  "Parent Relationship": "Inner",
                                                  "Parallel Aware": true,
                                                  "Async Capable": false,
                                                  "Startup Cost": 2103.26,
                                                  "Total Cost": 2103.26,
                                                  "Plan Rows": 92,
                                                  "Plan Width": 4,
                                                  "Plans": [
                                                    {
                                                      "Node Type": "Seq Scan",
                                                      "Parent Relationship": "Outer",
                                                      "Parallel Aware": true,
                                                      "Async Capable": false,
                                                      "Relation Name": "date_dim",
                                                      "Alias": "date_dim",
                                                      "Startup Cost": 0.0,
                                                      "Total Cost": 2103.26,
                                                      "Plan Rows": 92,
                                                      "Plan Width": 4,
                                                      "Filter": "((d_dow = 1) AND (d_year = ANY ('{1999,2000,2001}'::integer[])))",
                                                      "parent": 12,
                                                      "ID": 13
                                                    }
                                                  ],
                                                  "parent": 10,
                                                  "ID": 12,
                                                  "left": 13
                                                }
                                              ],
                                              "parent": 9,
                                              "ID": 10,
                                              "left": 11,
                                              "right": 12
                                            },
                                            {
                                              "Node Type": "Hash",
                                              "Parent Relationship": "Inner",
                                              "Parallel Aware": false,
                                              "Async Capable": false,
                                              "Startup Cost": 161.0,
                                              "Total Cost": 161.0,
                                              "Plan Rows": 1800,
                                              "Plan Width": 4,
                                              "Plans": [
                                                {
                                                  "Node Type": "Seq Scan",
                                                  "Parent Relationship": "Outer",
                                                  "Parallel Aware": false,
                                                  "Async Capable": false,
                                                  "Relation Name": "household_demographics",
                                                  "Alias": "household_demographics",
                                                  "Startup Cost": 0.0,
                                                  "Total Cost": 161.0,
                                                  "Plan Rows": 1800,
                                                  "Plan Width": 4,
                                                  "Filter": "((hd_dep_count = 3) OR (hd_vehicle_count > 3))",
                                                  "parent": 14,
                                                  "ID": 15
                                                }
                                              ],
                                              "parent": 9,
                                              "ID": 14,
                                              "left": 15
                                            }
                                          ],
                                          "parent": 8,
                                          "ID": 9,
                                          "left": 10,
                                          "right": 14
                                        },
                                        {
                                          "Node Type": "Hash",
                                          "Parent Relationship": "Inner",
                                          "Parallel Aware": false,
                                          "Async Capable": false,
                                          "Startup Cost": 6.53,
                                          "Total Cost": 6.53,
                                          "Plan Rows": 94,
                                          "Plan Width": 14,
                                          "Plans": [
                                            {
                                              "Node Type": "Seq Scan",
                                              "Parent Relationship": "Outer",
                                              "Parallel Aware": false,
                                              "Async Capable": false,
                                              "Relation Name": "store",
                                              "Alias": "store",
                                              "Startup Cost": 0.0,
                                              "Total Cost": 6.53,
                                              "Plan Rows": 94,
                                              "Plan Width": 14,
                                              "Filter": "((s_number_employees >= 200) AND (s_number_employees <= 295))",
                                              "parent": 16,
                                              "ID": 17
                                            }
                                          ],
                                          "parent": 8,
                                          "ID": 16,
                                          "left": 17
                                        }
                                      ],
                                      "parent": 7,
                                      "ID": 8,
                                      "left": 9,
                                      "right": 16
                                    }
                                  ],
                                  "parent": 6,
                                  "ID": 7,
                                  "left": 8
                                }
                              ],
                              "parent": 5,
                              "ID": 6,
                              "left": 7
                            }
                          ],
                          "parent": 4,
                          "ID": 5,
                          "left": 6
                        }
                      ],
                      "parent": 3,
                      "ID": 4,
                      "left": 5
                    }
                  ],
                  "parent": 2,
                  "ID": 3,
                  "left": 4
                },
                {
                  "Node Type": "Hash",
                  "Parent Relationship": "Inner",
                  "Parallel Aware": false,
                  "Async Capable": false,
                  "Startup Cost": 18835.0,
                  "Total Cost": 18835.0,
                  "Plan Rows": 500000,
                  "Plan Width": 56,
                  "Plans": [
                    {
                      "Node Type": "Seq Scan",
                      "Parent Relationship": "Outer",
                      "Parallel Aware": false,
                      "Async Capable": false,
                      "Relation Name": "customer",
                      "Alias": "customer",
                      "Startup Cost": 0.0,
                      "Total Cost": 18835.0,
                      "Plan Rows": 500000,
                      "Plan Width": 56,
                      "parent": 18,
                      "ID": 19
                    }
                  ],
                  "parent": 2,
                  "ID": 18,
                  "left": 19
                }
              ],
              "parent": 1,
              "ID": 2,
              "left": 3,
              "right": 18
            }
          ],
          "parent": 0,
          "ID": 1,
          "left": 2
        }
      ],
      "parent": null,
      "ID": 0,
      "left": 1
    },
    "feat": {
      "utility": 0.0,
      "query_shape": [
        [
          "Seq Scan",
          "Hash Join",
          "Sort",
          "Aggregate",
          "Gather Merge",
          "Subquery Scan"
        ],
        [
          "Seq Scan",
          "Hash",
          "Hash Join",
          "Sort",
          "Aggregate",
          "Gather Merge",
          "Subquery Scan"
        ],
        [
          "Seq Scan",
          "Hash",
          "Hash Join",
          "Sort",
          "Aggregate",
          "Gather Merge",
          "Subquery Scan"
        ],
        [
          "Seq Scan",
          "Hash",
          "Hash Join",
          "Sort",
          "Aggregate",
          "Gather Merge",
          "Subquery Scan"
        ],
        [
          "Seq Scan",
          "Hash",
          "Hash Join",
          "Sort"
        ]
      ],
      "index_shape": [
        "order-by"
      ],
      "physical_operator": {
        "Sort": [
          "[1.00000e+00 5.01100e+03 1.00060e+04 1.50140e+04 2.00220e+04 2.50190e+04\n 3.00090e+04 3.50190e+04 4.00150e+04 4.50030e+04 4.99580e+04 5.49190e+04\n 5.99290e+04 6.49480e+04 6.99730e+04 7.49750e+04 7.99580e+04 8.49660e+04\n 8.99890e+04 9.50030e+04 1.00009e+05 1.05035e+05 1.10035e+05 1.15078e+05\n 1.20052e+05 1.25095e+05 1.30087e+05 1.35083e+05 1.40071e+05 1.45075e+05\n 1.50050e+05 1.55032e+05 1.60032e+05 1.65010e+05 1.70024e+05 1.75022e+05\n 1.80028e+05 1.85023e+05 1.90019e+05 1.95021e+05 2.00043e+05 2.05059e+05\n 2.10042e+05 2.15038e+05 2.19994e+05 2.24980e+05 2.29997e+05 2.35044e+05\n 2.40041e+05 2.45044e+05 2.50000e+05]"
        ],
        "Aggregate": [
          "[1.00000e+00 5.01100e+03 1.00060e+04 1.50140e+04 2.00220e+04 2.50190e+04\n 3.00090e+04 3.50190e+04 4.00150e+04 4.50030e+04 4.99580e+04 5.49190e+04\n 5.99290e+04 6.49480e+04 6.99730e+04 7.49750e+04 7.99580e+04 8.49660e+04\n 8.99890e+04 9.50030e+04 1.00009e+05 1.05035e+05 1.10035e+05 1.15078e+05\n 1.20052e+05 1.25095e+05 1.30087e+05 1.35083e+05 1.40071e+05 1.45075e+05\n 1.50050e+05 1.55032e+05 1.60032e+05 1.65010e+05 1.70024e+05 1.75022e+05\n 1.80028e+05 1.85023e+05 1.90019e+05 1.95021e+05 2.00043e+05 2.05059e+05\n 2.10042e+05 2.15038e+05 2.19994e+05 2.24980e+05 2.29997e+05 2.35044e+05\n 2.40041e+05 2.45044e+05 2.50000e+05]",
          "[1.00000e+00 5.01100e+03 1.00060e+04 1.50140e+04 2.00220e+04 2.50190e+04\n 3.00090e+04 3.50190e+04 4.00150e+04 4.50030e+04 4.99580e+04 5.49190e+04\n 5.99290e+04 6.49480e+04 6.99730e+04 7.49750e+04 7.99580e+04 8.49660e+04\n 8.99890e+04 9.50030e+04 1.00009e+05 1.05035e+05 1.10035e+05 1.15078e+05\n 1.20052e+05 1.25095e+05 1.30087e+05 1.35083e+05 1.40071e+05 1.45075e+05\n 1.50050e+05 1.55032e+05 1.60032e+05 1.65010e+05 1.70024e+05 1.75022e+05\n 1.80028e+05 1.85023e+05 1.90019e+05 1.95021e+05 2.00043e+05 2.05059e+05\n 2.10042e+05 2.15038e+05 2.19994e+05 2.24980e+05 2.29997e+05 2.35044e+05\n 2.40041e+05 2.45044e+05 2.50000e+05]"
        ]
      }
    }
  },
  {
    "query": "select \n  c_last_name,c_first_name,substr(s_city,1,30),ss_ticket_number,amt,profit\n  from\n   (select ss_ticket_number\n          ,ss_customer_sk\n          ,store.s_city\n          ,sum(ss_coupon_amt) amt\n          ,sum(ss_net_profit) profit\n    from store_sales,date_dim,store,household_demographics\n    where store_sales.ss_sold_date_sk = date_dim.d_date_sk\n    and store_sales.ss_store_sk = store.s_store_sk  \n    and store_sales.ss_hdemo_sk = household_demographics.hd_demo_sk\n    and (household_demographics.hd_dep_count = 3 or household_demographics.hd_vehicle_count > 3)\n    and date_dim.d_dow = 1\n    and date_dim.d_year in (1999,1999+1,1999+2) \n    and store.s_number_employees between 200 and 295\n    group by ss_ticket_number,ss_customer_sk,ss_addr_sk,store.s_city) ms,customer\n    where ss_customer_sk = c_customer_sk\n order by c_last_name,c_first_name,substr(s_city,1,30), profit\nlimit 100;\n\n-- end query 60 in stream 4 using template query79.tpl\n",
    "indexes": "store_sales.ss_store_sk",
    "wo plan est": {
      "Node Type": "Limit",
      "Parallel Aware": false,
      "Async Capable": false,
      "Startup Cost": 723642.22,
      "Total Cost": 723642.47,
      "Plan Rows": 100,
      "Plan Width": 152,
      "Plans": [
        {
          "Node Type": "Sort",
          "Parent Relationship": "Outer",
          "Parallel Aware": false,
          "Async Capable": false,
          "Startup Cost": 723642.22,
          "Total Cost": 723673.2,
          "Plan Rows": 12394,
          "Plan Width": 152,
          "Sort Key": [
            "customer.c_last_name",
            "customer.c_first_name",
            "(substr((ms.s_city)::text, 1, 30))",
            "ms.profit"
          ],
          "Plans": [
            {
              "Node Type": "Hash Join",
              "Parent Relationship": "Outer",
              "Parallel Aware": false,
              "Async Capable": false,
              "Join Type": "Inner",
              "Startup Cost": 715867.78,
              "Total Cost": 723168.53,
              "Plan Rows": 12394,
              "Plan Width": 152,
              "Inner Unique": false,
              "Hash Cond": "(ms.ss_customer_sk = customer.c_customer_sk)",
              "Plans": [
                {
                  "Node Type": "Subquery Scan",
                  "Parent Relationship": "Outer",
                  "Parallel Aware": false,
                  "Async Capable": false,
                  "Alias": "ms",
                  "Startup Cost": 685899.78,
                  "Total Cost": 687776.13,
                  "Plan Rows": 12394,
                  "Plan Width": 82,
                  "Plans": [
                    {
                      "Node Type": "Aggregate",
                      "Strategy": "Sorted",
                      "Partial Mode": "Finalize",
                      "Parent Relationship": "Subquery",
                      "Parallel Aware": false,
                      "Async Capable": false,
                      "Startup Cost": 685899.78,
                      "Total Cost": 687652.19,
                      "Plan Rows": 12394,
                      "Plan Width": 86,
                      "Group Key": [
                        "store_sales.ss_ticket_number",
                        "store_sales.ss_customer_sk",
                        "store_sales.ss_addr_sk",
                        "store.s_city"
                      ],
                      "Plans": [
                        {
                          "Node Type": "Gather Merge",
                          "Parent Relationship": "Outer",
                          "Parallel Aware": false,
                          "Async Capable": false,
                          "Startup Cost": 685899.78,
                          "Total Cost": 687259.72,
                          "Plan Rows": 10328,
                          "Plan Width": 86,
                          "Workers Planned": 2,
                          "Plans": [
                            {
                              "Node Type": "Aggregate",
                              "Strategy": "Sorted",
                              "Partial Mode": "Partial",
                              "Parent Relationship": "Outer",
                              "Parallel Aware": false,
                              "Async Capable": false,
                              "Startup Cost": 684899.76,
                              "Total Cost": 685067.59,
                              "Plan Rows": 5164,
                              "Plan Width": 86,
                              "Group Key": [
                                "store_sales.ss_ticket_number",
                                "store_sales.ss_customer_sk",
                                "store_sales.ss_addr_sk",
                                "store.s_city"
                              ],
                              "Plans": [
                                {
                                  "Node Type": "Sort",
                                  "Parent Relationship": "Outer",
                                  "Parallel Aware": false,
                                  "Async Capable": false,
                                  "Startup Cost": 684899.76,
                                  "Total Cost": 684912.67,
                                  "Plan Rows": 5164,
                                  "Plan Width": 31,
                                  "Sort Key": [
                                    "store_sales.ss_ticket_number",
                                    "store_sales.ss_customer_sk",
                                    "store_sales.ss_addr_sk",
                                    "store.s_city"
                                  ],
                                  "Plans": [
                                    {
                                      "Node Type": "Hash Join",
                                      "Parent Relationship": "Outer",
                                      "Parallel Aware": false,
                                      "Async Capable": false,
                                      "Join Type": "Inner",
                                      "Startup Cost": 2295.62,
                                      "Total Cost": 684581.29,
                                      "Plan Rows": 5164,
                                      "Plan Width": 31,
                                      "Inner Unique": false,
                                      "Hash Cond": "(store_sales.ss_store_sk = store.s_store_sk)",
                                      "Plans": [
                                        {
                                          "Node Type": "Hash Join",
                                          "Parent Relationship": "Outer",
                                          "Parallel Aware": false,
                                          "Async Capable": false,
                                          "Join Type": "Inner",
                                          "Startup Cost": 2287.91,
                                          "Total Cost": 684499.92,
                                          "Plan Rows": 5871,
                                          "Plan Width": 25,
                                          "Inner Unique": false,
                                          "Hash Cond": "(store_sales.ss_hdemo_sk = household_demographics.hd_demo_sk)",
                                          "Plans": [
                                            {
                                              "Node Type": "Hash Join",
                                              "Parent Relationship": "Outer",
                                              "Parallel Aware": true,
                                              "Async Capable": false,
                                              "Join Type": "Inner",
                                              "Startup Cost": 2104.41,
                                              "Total Cost": 684165.41,
                                              "Plan Rows": 24615,
                                              "Plan Width": 29,
                                              "Inner Unique": false,
                                              "Hash Cond": "(store_sales.ss_sold_date_sk = date_dim.d_date_sk)",
                                              "Plans": [
                                                {
                                                  "Node Type": "Seq Scan",
                                                  "Parent Relationship": "Outer",
                                                  "Parallel Aware": true,
                                                  "Async Capable": false,
                                                  "Relation Name": "store_sales",
                                                  "Alias": "store_sales",
                                                  "Startup Cost": 0.0,
                                                  "Total Cost": 636914.37,
                                                  "Plan Rows": 12000637,
                                                  "Plan Width": 33,
                                                  "parent": 10,
                                                  "ID": 11
                                                },
                                                {
                                                  "Node Type": "Hash",
                                                  "Parent Relationship": "Inner",
                                                  "Parallel Aware": true,
                                                  "Async Capable": false,
                                                  "Startup Cost": 2103.26,
                                                  "Total Cost": 2103.26,
                                                  "Plan Rows": 92,
                                                  "Plan Width": 4,
                                                  "Plans": [
                                                    {
                                                      "Node Type": "Seq Scan",
                                                      "Parent Relationship": "Outer",
                                                      "Parallel Aware": true,
                                                      "Async Capable": false,
                                                      "Relation Name": "date_dim",
                                                      "Alias": "date_dim",
                                                      "Startup Cost": 0.0,
                                                      "Total Cost": 2103.26,
                                                      "Plan Rows": 92,
                                                      "Plan Width": 4,
                                                      "Filter": "((d_dow = 1) AND (d_year = ANY ('{1999,2000,2001}'::integer[])))",
                                                      "parent": 12,
                                                      "ID": 13
                                                    }
                                                  ],
                                                  "parent": 10,
                                                  "ID": 12,
                                                  "left": 13
                                                }
                                              ],
                                              "parent": 9,
                                              "ID": 10,
                                              "left": 11,
                                              "right": 12
                                            },
                                            {
                                              "Node Type": "Hash",
                                              "Parent Relationship": "Inner",
                                              "Parallel Aware": false,
                                              "Async Capable": false,
                                              "Startup Cost": 161.0,
                                              "Total Cost": 161.0,
                                              "Plan Rows": 1800,
                                              "Plan Width": 4,
                                              "Plans": [
                                                {
                                                  "Node Type": "Seq Scan",
                                                  "Parent Relationship": "Outer",
                                                  "Parallel Aware": false,
                                                  "Async Capable": false,
                                                  "Relation Name": "household_demographics",
                                                  "Alias": "household_demographics",
                                                  "Startup Cost": 0.0,
                                                  "Total Cost": 161.0,
                                                  "Plan Rows": 1800,
                                                  "Plan Width": 4,
                                                  "Filter": "((hd_dep_count = 3) OR (hd_vehicle_count > 3))",
                                                  "parent": 14,
                                                  "ID": 15
                                                }
                                              ],
                                              "parent": 9,
                                              "ID": 14,
                                              "left": 15
                                            }
                                          ],
                                          "parent": 8,
                                          "ID": 9,
                                          "left": 10,
                                          "right": 14
                                        },
                                        {
                                          "Node Type": "Hash",
                                          "Parent Relationship": "Inner",
                                          "Parallel Aware": false,
                                          "Async Capable": false,
                                          "Startup Cost": 6.53,
                                          "Total Cost": 6.53,
                                          "Plan Rows": 94,
                                          "Plan Width": 14,
                                          "Plans": [
                                            {
                                              "Node Type": "Seq Scan",
                                              "Parent Relationship": "Outer",
                                              "Parallel Aware": false,
                                              "Async Capable": false,
                                              "Relation Name": "store",
                                              "Alias": "store",
                                              "Startup Cost": 0.0,
                                              "Total Cost": 6.53,
                                              "Plan Rows": 94,
                                              "Plan Width": 14,
                                              "Filter": "((s_number_employees >= 200) AND (s_number_employees <= 295))",
                                              "parent": 16,
                                              "ID": 17
                                            }
                                          ],
                                          "parent": 8,
                                          "ID": 16,
                                          "left": 17
                                        }
                                      ],
                                      "parent": 7,
                                      "ID": 8,
                                      "left": 9,
                                      "right": 16
                                    }
                                  ],
                                  "parent": 6,
                                  "ID": 7,
                                  "left": 8
                                }
                              ],
                              "parent": 5,
                              "ID": 6,
                              "left": 7
                            }
                          ],
                          "parent": 4,
                          "ID": 5,
                          "left": 6
                        }
                      ],
                      "parent": 3,
                      "ID": 4,
                      "left": 5
                    }
                  ],
                  "parent": 2,
                  "ID": 3,
                  "left": 4
                },
                {
                  "Node Type": "Hash",
                  "Parent Relationship": "Inner",
                  "Parallel Aware": false,
                  "Async Capable": false,
                  "Startup Cost": 18835.0,
                  "Total Cost": 18835.0,
                  "Plan Rows": 500000,
                  "Plan Width": 56,
                  "Plans": [
                    {
                      "Node Type": "Seq Scan",
                      "Parent Relationship": "Outer",
                      "Parallel Aware": false,
                      "Async Capable": false,
                      "Relation Name": "customer",
                      "Alias": "customer",
                      "Startup Cost": 0.0,
                      "Total Cost": 18835.0,
                      "Plan Rows": 500000,
                      "Plan Width": 56,
                      "parent": 18,
                      "ID": 19
                    }
                  ],
                  "parent": 2,
                  "ID": 18,
                  "left": 19
                }
              ],
              "parent": 1,
              "ID": 2,
              "left": 3,
              "right": 18
            }
          ],
          "parent": 0,
          "ID": 1,
          "left": 2
        }
      ],
      "parent": null,
      "ID": 0,
      "left": 1
    },
    "feat": {
      "utility": 0.02351028439134314,
      "query_shape": [
        [
          "Seq Scan",
          "Hash Join",
          "Sort",
          "Aggregate",
          "Gather Merge",
          "Subquery Scan"
        ],
        [
          "Seq Scan",
          "Hash",
          "Hash Join",
          "Sort",
          "Aggregate",
          "Gather Merge",
          "Subquery Scan"
        ],
        [
          "Seq Scan",
          "Hash",
          "Hash Join",
          "Sort",
          "Aggregate",
          "Gather Merge",
          "Subquery Scan"
        ],
        [
          "Seq Scan",
          "Hash",
          "Hash Join",
          "Sort",
          "Aggregate",
          "Gather Merge",
          "Subquery Scan"
        ],
        [
          "Seq Scan",
          "Hash",
          "Hash Join",
          "Sort"
        ]
      ],
      "index_shape": [
        "join"
      ],
      "physical_operator": {
        "Hash Join": [
          0.09673266432949316
        ]
      }
    }
  },
  {
    "query": "select \n  c_last_name,c_first_name,substr(s_city,1,30),ss_ticket_number,amt,profit\n  from\n   (select ss_ticket_number\n          ,ss_customer_sk\n          ,store.s_city\n          ,sum(ss_coupon_amt) amt\n          ,sum(ss_net_profit) profit\n    from store_sales,date_dim,store,household_demographics\n    where store_sales.ss_sold_date_sk = date_dim.d_date_sk\n    and store_sales.ss_store_sk = store.s_store_sk  \n    and store_sales.ss_hdemo_sk = household_demographics.hd_demo_sk\n    and (household_demographics.hd_dep_count = 3 or household_demographics.hd_vehicle_count > 3)\n    and date_dim.d_dow = 1\n    and date_dim.d_year in (1999,1999+1,1999+2) \n    and store.s_number_employees between 200 and 295\n    group by ss_ticket_number,ss_customer_sk,ss_addr_sk,store.s_city) ms,customer\n    where ss_customer_sk = c_customer_sk\n order by c_last_name,c_first_name,substr(s_city,1,30), profit\nlimit 100;\n\n-- end query 60 in stream 4 using template query79.tpl\n",
    "indexes": "store_sales.ss_ticket_number",
    "wo plan est": {
      "Node Type": "Limit",
      "Parallel Aware": false,
      "Async Capable": false,
      "Startup Cost": 723642.22,
      "Total Cost": 723642.47,
      "Plan Rows": 100,
      "Plan Width": 152,
      "Plans": [
        {
          "Node Type": "Sort",
          "Parent Relationship": "Outer",
          "Parallel Aware": false,
          "Async Capable": false,
          "Startup Cost": 723642.22,
          "Total Cost": 723673.2,
          "Plan Rows": 12394,
          "Plan Width": 152,
          "Sort Key": [
            "customer.c_last_name",
            "customer.c_first_name",
            "(substr((ms.s_city)::text, 1, 30))",
            "ms.profit"
          ],
          "Plans": [
            {
              "Node Type": "Hash Join",
              "Parent Relationship": "Outer",
              "Parallel Aware": false,
              "Async Capable": false,
              "Join Type": "Inner",
              "Startup Cost": 715867.78,
              "Total Cost": 723168.53,
              "Plan Rows": 12394,
              "Plan Width": 152,
              "Inner Unique": false,
              "Hash Cond": "(ms.ss_customer_sk = customer.c_customer_sk)",
              "Plans": [
                {
                  "Node Type": "Subquery Scan",
                  "Parent Relationship": "Outer",
                  "Parallel Aware": false,
                  "Async Capable": false,
                  "Alias": "ms",
                  "Startup Cost": 685899.78,
                  "Total Cost": 687776.13,
                  "Plan Rows": 12394,
                  "Plan Width": 82,
                  "Plans": [
                    {
                      "Node Type": "Aggregate",
                      "Strategy": "Sorted",
                      "Partial Mode": "Finalize",
                      "Parent Relationship": "Subquery",
                      "Parallel Aware": false,
                      "Async Capable": false,
                      "Startup Cost": 685899.78,
                      "Total Cost": 687652.19,
                      "Plan Rows": 12394,
                      "Plan Width": 86,
                      "Group Key": [
                        "store_sales.ss_ticket_number",
                        "store_sales.ss_customer_sk",
                        "store_sales.ss_addr_sk",
                        "store.s_city"
                      ],
                      "Plans": [
                        {
                          "Node Type": "Gather Merge",
                          "Parent Relationship": "Outer",
                          "Parallel Aware": false,
                          "Async Capable": false,
                          "Startup Cost": 685899.78,
                          "Total Cost": 687259.72,
                          "Plan Rows": 10328,
                          "Plan Width": 86,
                          "Workers Planned": 2,
                          "Plans": [
                            {
                              "Node Type": "Aggregate",
                              "Strategy": "Sorted",
                              "Partial Mode": "Partial",
                              "Parent Relationship": "Outer",
                              "Parallel Aware": false,
                              "Async Capable": false,
                              "Startup Cost": 684899.76,
                              "Total Cost": 685067.59,
                              "Plan Rows": 5164,
                              "Plan Width": 86,
                              "Group Key": [
                                "store_sales.ss_ticket_number",
                                "store_sales.ss_customer_sk",
                                "store_sales.ss_addr_sk",
                                "store.s_city"
                              ],
                              "Plans": [
                                {
                                  "Node Type": "Sort",
                                  "Parent Relationship": "Outer",
                                  "Parallel Aware": false,
                                  "Async Capable": false,
                                  "Startup Cost": 684899.76,
                                  "Total Cost": 684912.67,
                                  "Plan Rows": 5164,
                                  "Plan Width": 31,
                                  "Sort Key": [
                                    "store_sales.ss_ticket_number",
                                    "store_sales.ss_customer_sk",
                                    "store_sales.ss_addr_sk",
                                    "store.s_city"
                                  ],
                                  "Plans": [
                                    {
                                      "Node Type": "Hash Join",
                                      "Parent Relationship": "Outer",
                                      "Parallel Aware": false,
                                      "Async Capable": false,
                                      "Join Type": "Inner",
                                      "Startup Cost": 2295.62,
                                      "Total Cost": 684581.29,
                                      "Plan Rows": 5164,
                                      "Plan Width": 31,
                                      "Inner Unique": false,
                                      "Hash Cond": "(store_sales.ss_store_sk = store.s_store_sk)",
                                      "Plans": [
                                        {
                                          "Node Type": "Hash Join",
                                          "Parent Relationship": "Outer",
                                          "Parallel Aware": false,
                                          "Async Capable": false,
                                          "Join Type": "Inner",
                                          "Startup Cost": 2287.91,
                                          "Total Cost": 684499.92,
                                          "Plan Rows": 5871,
                                          "Plan Width": 25,
                                          "Inner Unique": false,
                                          "Hash Cond": "(store_sales.ss_hdemo_sk = household_demographics.hd_demo_sk)",
                                          "Plans": [
                                            {
                                              "Node Type": "Hash Join",
                                              "Parent Relationship": "Outer",
                                              "Parallel Aware": true,
                                              "Async Capable": false,
                                              "Join Type": "Inner",
                                              "Startup Cost": 2104.41,
                                              "Total Cost": 684165.41,
                                              "Plan Rows": 24615,
                                              "Plan Width": 29,
                                              "Inner Unique": false,
                                              "Hash Cond": "(store_sales.ss_sold_date_sk = date_dim.d_date_sk)",
                                              "Plans": [
                                                {
                                                  "Node Type": "Seq Scan",
                                                  "Parent Relationship": "Outer",
                                                  "Parallel Aware": true,
                                                  "Async Capable": false,
                                                  "Relation Name": "store_sales",
                                                  "Alias": "store_sales",
                                                  "Startup Cost": 0.0,
                                                  "Total Cost": 636914.37,
                                                  "Plan Rows": 12000637,
                                                  "Plan Width": 33,
                                                  "parent": 10,
                                                  "ID": 11
                                                },
                                                {
                                                  "Node Type": "Hash",
                                                  "Parent Relationship": "Inner",
                                                  "Parallel Aware": true,
                                                  "Async Capable": false,
                                                  "Startup Cost": 2103.26,
                                                  "Total Cost": 2103.26,
                                                  "Plan Rows": 92,
                                                  "Plan Width": 4,
                                                  "Plans": [
                                                    {
                                                      "Node Type": "Seq Scan",
                                                      "Parent Relationship": "Outer",
                                                      "Parallel Aware": true,
                                                      "Async Capable": false,
                                                      "Relation Name": "date_dim",
                                                      "Alias": "date_dim",
                                                      "Startup Cost": 0.0,
                                                      "Total Cost": 2103.26,
                                                      "Plan Rows": 92,
                                                      "Plan Width": 4,
                                                      "Filter": "((d_dow = 1) AND (d_year = ANY ('{1999,2000,2001}'::integer[])))",
                                                      "parent": 12,
                                                      "ID": 13
                                                    }
                                                  ],
                                                  "parent": 10,
                                                  "ID": 12,
                                                  "left": 13
                                                }
                                              ],
                                              "parent": 9,
                                              "ID": 10,
                                              "left": 11,
                                              "right": 12
                                            },
                                            {
                                              "Node Type": "Hash",
                                              "Parent Relationship": "Inner",
                                              "Parallel Aware": false,
                                              "Async Capable": false,
                                              "Startup Cost": 161.0,
                                              "Total Cost": 161.0,
                                              "Plan Rows": 1800,
                                              "Plan Width": 4,
                                              "Plans": [
                                                {
                                                  "Node Type": "Seq Scan",
                                                  "Parent Relationship": "Outer",
                                                  "Parallel Aware": false,
                                                  "Async Capable": false,
                                                  "Relation Name": "household_demographics",
                                                  "Alias": "household_demographics",
                                                  "Startup Cost": 0.0,
                                                  "Total Cost": 161.0,
                                                  "Plan Rows": 1800,
                                                  "Plan Width": 4,
                                                  "Filter": "((hd_dep_count = 3) OR (hd_vehicle_count > 3))",
                                                  "parent": 14,
                                                  "ID": 15
                                                }
                                              ],
                                              "parent": 9,
                                              "ID": 14,
                                              "left": 15
                                            }
                                          ],
                                          "parent": 8,
                                          "ID": 9,
                                          "left": 10,
                                          "right": 14
                                        },
                                        {
                                          "Node Type": "Hash",
                                          "Parent Relationship": "Inner",
                                          "Parallel Aware": false,
                                          "Async Capable": false,
                                          "Startup Cost": 6.53,
                                          "Total Cost": 6.53,
                                          "Plan Rows": 94,
                                          "Plan Width": 14,
                                          "Plans": [
                                            {
                                              "Node Type": "Seq Scan",
                                              "Parent Relationship": "Outer",
                                              "Parallel Aware": false,
                                              "Async Capable": false,
                                              "Relation Name": "store",
                                              "Alias": "store",
                                              "Startup Cost": 0.0,
                                              "Total Cost": 6.53,
                                              "Plan Rows": 94,
                                              "Plan Width": 14,
                                              "Filter": "((s_number_employees >= 200) AND (s_number_employees <= 295))",
                                              "parent": 16,
                                              "ID": 17
                                            }
                                          ],
                                          "parent": 8,
                                          "ID": 16,
                                          "left": 17
                                        }
                                      ],
                                      "parent": 7,
                                      "ID": 8,
                                      "left": 9,
                                      "right": 16
                                    }
                                  ],
                                  "parent": 6,
                                  "ID": 7,
                                  "left": 8
                                }
                              ],
                              "parent": 5,
                              "ID": 6,
                              "left": 7
                            }
                          ],
                          "parent": 4,
                          "ID": 5,
                          "left": 6
                        }
                      ],
                      "parent": 3,
                      "ID": 4,
                      "left": 5
                    }
                  ],
                  "parent": 2,
                  "ID": 3,
                  "left": 4
                },
                {
                  "Node Type": "Hash",
                  "Parent Relationship": "Inner",
                  "Parallel Aware": false,
                  "Async Capable": false,
                  "Startup Cost": 18835.0,
                  "Total Cost": 18835.0,
                  "Plan Rows": 500000,
                  "Plan Width": 56,
                  "Plans": [
                    {
                      "Node Type": "Seq Scan",
                      "Parent Relationship": "Outer",
                      "Parallel Aware": false,
                      "Async Capable": false,
                      "Relation Name": "customer",
                      "Alias": "customer",
                      "Startup Cost": 0.0,
                      "Total Cost": 18835.0,
                      "Plan Rows": 500000,
                      "Plan Width": 56,
                      "parent": 18,
                      "ID": 19
                    }
                  ],
                  "parent": 2,
                  "ID": 18,
                  "left": 19
                }
              ],
              "parent": 1,
              "ID": 2,
              "left": 3,
              "right": 18
            }
          ],
          "parent": 0,
          "ID": 1,
          "left": 2
        }
      ],
      "parent": null,
      "ID": 0,
      "left": 1
    },
    "feat": {
      "utility": 0.0,
      "query_shape": [
        [
          "Seq Scan",
          "Hash Join",
          "Sort",
          "Aggregate",
          "Gather Merge",
          "Subquery Scan"
        ],
        [
          "Seq Scan",
          "Hash",
          "Hash Join",
          "Sort",
          "Aggregate",
          "Gather Merge",
          "Subquery Scan"
        ],
        [
          "Seq Scan",
          "Hash",
          "Hash Join",
          "Sort",
          "Aggregate",
          "Gather Merge",
          "Subquery Scan"
        ],
        [
          "Seq Scan",
          "Hash",
          "Hash Join",
          "Sort",
          "Aggregate",
          "Gather Merge",
          "Subquery Scan"
        ],
        [
          "Seq Scan",
          "Hash",
          "Hash Join",
          "Sort"
        ]
      ],
      "index_shape": [
        "order-by"
      ],
      "physical_operator": {
        "Sort": [
          "[1.000000e+00 4.790900e+04 9.591300e+04 1.439130e+05 1.919550e+05\n 2.399770e+05 2.879480e+05 3.359860e+05 3.839660e+05 4.320020e+05\n 4.799570e+05 5.279630e+05 5.759590e+05 6.239540e+05 6.719910e+05\n 7.200790e+05 7.681590e+05 8.161250e+05 8.641500e+05 9.121370e+05\n 9.601160e+05 1.008142e+06 1.056168e+06 1.104136e+06 1.152100e+06\n 1.200037e+06 1.248052e+06 1.296063e+06 1.344055e+06 1.391974e+06\n 1.440001e+06 1.488097e+06 1.536101e+06 1.584092e+06 1.632119e+06\n 1.680116e+06 1.728071e+06 1.776088e+06 1.824096e+06 1.872134e+06\n 1.920196e+06 1.968184e+06 2.016112e+06 2.064125e+06 2.112126e+06\n 2.160041e+06 2.208038e+06 2.256001e+06 2.304028e+06 2.352028e+06\n 2.400000e+06]"
        ],
        "Aggregate": [
          "[1.000000e+00 4.790900e+04 9.591300e+04 1.439130e+05 1.919550e+05\n 2.399770e+05 2.879480e+05 3.359860e+05 3.839660e+05 4.320020e+05\n 4.799570e+05 5.279630e+05 5.759590e+05 6.239540e+05 6.719910e+05\n 7.200790e+05 7.681590e+05 8.161250e+05 8.641500e+05 9.121370e+05\n 9.601160e+05 1.008142e+06 1.056168e+06 1.104136e+06 1.152100e+06\n 1.200037e+06 1.248052e+06 1.296063e+06 1.344055e+06 1.391974e+06\n 1.440001e+06 1.488097e+06 1.536101e+06 1.584092e+06 1.632119e+06\n 1.680116e+06 1.728071e+06 1.776088e+06 1.824096e+06 1.872134e+06\n 1.920196e+06 1.968184e+06 2.016112e+06 2.064125e+06 2.112126e+06\n 2.160041e+06 2.208038e+06 2.256001e+06 2.304028e+06 2.352028e+06\n 2.400000e+06]",
          "[1.000000e+00 4.790900e+04 9.591300e+04 1.439130e+05 1.919550e+05\n 2.399770e+05 2.879480e+05 3.359860e+05 3.839660e+05 4.320020e+05\n 4.799570e+05 5.279630e+05 5.759590e+05 6.239540e+05 6.719910e+05\n 7.200790e+05 7.681590e+05 8.161250e+05 8.641500e+05 9.121370e+05\n 9.601160e+05 1.008142e+06 1.056168e+06 1.104136e+06 1.152100e+06\n 1.200037e+06 1.248052e+06 1.296063e+06 1.344055e+06 1.391974e+06\n 1.440001e+06 1.488097e+06 1.536101e+06 1.584092e+06 1.632119e+06\n 1.680116e+06 1.728071e+06 1.776088e+06 1.824096e+06 1.872134e+06\n 1.920196e+06 1.968184e+06 2.016112e+06 2.064125e+06 2.112126e+06\n 2.160041e+06 2.208038e+06 2.256001e+06 2.304028e+06 2.352028e+06\n 2.400000e+06]"
        ]
      }
    }
  },
  {
    "query": "select \n  c_last_name,c_first_name,substr(s_city,1,30),ss_ticket_number,amt,profit\n  from\n   (select ss_ticket_number\n          ,ss_customer_sk\n          ,store.s_city\n          ,sum(ss_coupon_amt) amt\n          ,sum(ss_net_profit) profit\n    from store_sales,date_dim,store,household_demographics\n    where store_sales.ss_sold_date_sk = date_dim.d_date_sk\n    and store_sales.ss_store_sk = store.s_store_sk  \n    and store_sales.ss_hdemo_sk = household_demographics.hd_demo_sk\n    and (household_demographics.hd_dep_count = 3 or household_demographics.hd_vehicle_count > 3)\n    and date_dim.d_dow = 1\n    and date_dim.d_year in (1999,1999+1,1999+2) \n    and store.s_number_employees between 200 and 295\n    group by ss_ticket_number,ss_customer_sk,ss_addr_sk,store.s_city) ms,customer\n    where ss_customer_sk = c_customer_sk\n order by c_last_name,c_first_name,substr(s_city,1,30), profit\nlimit 100;\n\n-- end query 60 in stream 4 using template query79.tpl\n",
    "indexes": "store_sales.ss_coupon_amt",
    "wo plan est": {
      "Node Type": "Limit",
      "Parallel Aware": false,
      "Async Capable": false,
      "Startup Cost": 723642.22,
      "Total Cost": 723642.47,
      "Plan Rows": 100,
      "Plan Width": 152,
      "Plans": [
        {
          "Node Type": "Sort",
          "Parent Relationship": "Outer",
          "Parallel Aware": false,
          "Async Capable": false,
          "Startup Cost": 723642.22,
          "Total Cost": 723673.2,
          "Plan Rows": 12394,
          "Plan Width": 152,
          "Sort Key": [
            "customer.c_last_name",
            "customer.c_first_name",
            "(substr((ms.s_city)::text, 1, 30))",
            "ms.profit"
          ],
          "Plans": [
            {
              "Node Type": "Hash Join",
              "Parent Relationship": "Outer",
              "Parallel Aware": false,
              "Async Capable": false,
              "Join Type": "Inner",
              "Startup Cost": 715867.78,
              "Total Cost": 723168.53,
              "Plan Rows": 12394,
              "Plan Width": 152,
              "Inner Unique": false,
              "Hash Cond": "(ms.ss_customer_sk = customer.c_customer_sk)",
              "Plans": [
                {
                  "Node Type": "Subquery Scan",
                  "Parent Relationship": "Outer",
                  "Parallel Aware": false,
                  "Async Capable": false,
                  "Alias": "ms",
                  "Startup Cost": 685899.78,
                  "Total Cost": 687776.13,
                  "Plan Rows": 12394,
                  "Plan Width": 82,
                  "Plans": [
                    {
                      "Node Type": "Aggregate",
                      "Strategy": "Sorted",
                      "Partial Mode": "Finalize",
                      "Parent Relationship": "Subquery",
                      "Parallel Aware": false,
                      "Async Capable": false,
                      "Startup Cost": 685899.78,
                      "Total Cost": 687652.19,
                      "Plan Rows": 12394,
                      "Plan Width": 86,
                      "Group Key": [
                        "store_sales.ss_ticket_number",
                        "store_sales.ss_customer_sk",
                        "store_sales.ss_addr_sk",
                        "store.s_city"
                      ],
                      "Plans": [
                        {
                          "Node Type": "Gather Merge",
                          "Parent Relationship": "Outer",
                          "Parallel Aware": false,
                          "Async Capable": false,
                          "Startup Cost": 685899.78,
                          "Total Cost": 687259.72,
                          "Plan Rows": 10328,
                          "Plan Width": 86,
                          "Workers Planned": 2,
                          "Plans": [
                            {
                              "Node Type": "Aggregate",
                              "Strategy": "Sorted",
                              "Partial Mode": "Partial",
                              "Parent Relationship": "Outer",
                              "Parallel Aware": false,
                              "Async Capable": false,
                              "Startup Cost": 684899.76,
                              "Total Cost": 685067.59,
                              "Plan Rows": 5164,
                              "Plan Width": 86,
                              "Group Key": [
                                "store_sales.ss_ticket_number",
                                "store_sales.ss_customer_sk",
                                "store_sales.ss_addr_sk",
                                "store.s_city"
                              ],
                              "Plans": [
                                {
                                  "Node Type": "Sort",
                                  "Parent Relationship": "Outer",
                                  "Parallel Aware": false,
                                  "Async Capable": false,
                                  "Startup Cost": 684899.76,
                                  "Total Cost": 684912.67,
                                  "Plan Rows": 5164,
                                  "Plan Width": 31,
                                  "Sort Key": [
                                    "store_sales.ss_ticket_number",
                                    "store_sales.ss_customer_sk",
                                    "store_sales.ss_addr_sk",
                                    "store.s_city"
                                  ],
                                  "Plans": [
                                    {
                                      "Node Type": "Hash Join",
                                      "Parent Relationship": "Outer",
                                      "Parallel Aware": false,
                                      "Async Capable": false,
                                      "Join Type": "Inner",
                                      "Startup Cost": 2295.62,
                                      "Total Cost": 684581.29,
                                      "Plan Rows": 5164,
                                      "Plan Width": 31,
                                      "Inner Unique": false,
                                      "Hash Cond": "(store_sales.ss_store_sk = store.s_store_sk)",
                                      "Plans": [
                                        {
                                          "Node Type": "Hash Join",
                                          "Parent Relationship": "Outer",
                                          "Parallel Aware": false,
                                          "Async Capable": false,
                                          "Join Type": "Inner",
                                          "Startup Cost": 2287.91,
                                          "Total Cost": 684499.92,
                                          "Plan Rows": 5871,
                                          "Plan Width": 25,
                                          "Inner Unique": false,
                                          "Hash Cond": "(store_sales.ss_hdemo_sk = household_demographics.hd_demo_sk)",
                                          "Plans": [
                                            {
                                              "Node Type": "Hash Join",
                                              "Parent Relationship": "Outer",
                                              "Parallel Aware": true,
                                              "Async Capable": false,
                                              "Join Type": "Inner",
                                              "Startup Cost": 2104.41,
                                              "Total Cost": 684165.41,
                                              "Plan Rows": 24615,
                                              "Plan Width": 29,
                                              "Inner Unique": false,
                                              "Hash Cond": "(store_sales.ss_sold_date_sk = date_dim.d_date_sk)",
                                              "Plans": [
                                                {
                                                  "Node Type": "Seq Scan",
                                                  "Parent Relationship": "Outer",
                                                  "Parallel Aware": true,
                                                  "Async Capable": false,
                                                  "Relation Name": "store_sales",
                                                  "Alias": "store_sales",
                                                  "Startup Cost": 0.0,
                                                  "Total Cost": 636914.37,
                                                  "Plan Rows": 12000637,
                                                  "Plan Width": 33,
                                                  "parent": 10,
                                                  "ID": 11
                                                },
                                                {
                                                  "Node Type": "Hash",
                                                  "Parent Relationship": "Inner",
                                                  "Parallel Aware": true,
                                                  "Async Capable": false,
                                                  "Startup Cost": 2103.26,
                                                  "Total Cost": 2103.26,
                                                  "Plan Rows": 92,
                                                  "Plan Width": 4,
                                                  "Plans": [
                                                    {
                                                      "Node Type": "Seq Scan",
                                                      "Parent Relationship": "Outer",
                                                      "Parallel Aware": true,
                                                      "Async Capable": false,
                                                      "Relation Name": "date_dim",
                                                      "Alias": "date_dim",
                                                      "Startup Cost": 0.0,
                                                      "Total Cost": 2103.26,
                                                      "Plan Rows": 92,
                                                      "Plan Width": 4,
                                                      "Filter": "((d_dow = 1) AND (d_year = ANY ('{1999,2000,2001}'::integer[])))",
                                                      "parent": 12,
                                                      "ID": 13
                                                    }
                                                  ],
                                                  "parent": 10,
                                                  "ID": 12,
                                                  "left": 13
                                                }
                                              ],
                                              "parent": 9,
                                              "ID": 10,
                                              "left": 11,
                                              "right": 12
                                            },
                                            {
                                              "Node Type": "Hash",
                                              "Parent Relationship": "Inner",
                                              "Parallel Aware": false,
                                              "Async Capable": false,
                                              "Startup Cost": 161.0,
                                              "Total Cost": 161.0,
                                              "Plan Rows": 1800,
                                              "Plan Width": 4,
                                              "Plans": [
                                                {
                                                  "Node Type": "Seq Scan",
                                                  "Parent Relationship": "Outer",
                                                  "Parallel Aware": false,
                                                  "Async Capable": false,
                                                  "Relation Name": "household_demographics",
                                                  "Alias": "household_demographics",
                                                  "Startup Cost": 0.0,
                                                  "Total Cost": 161.0,
                                                  "Plan Rows": 1800,
                                                  "Plan Width": 4,
                                                  "Filter": "((hd_dep_count = 3) OR (hd_vehicle_count > 3))",
                                                  "parent": 14,
                                                  "ID": 15
                                                }
                                              ],
                                              "parent": 9,
                                              "ID": 14,
                                              "left": 15
                                            }
                                          ],
                                          "parent": 8,
                                          "ID": 9,
                                          "left": 10,
                                          "right": 14
                                        },
                                        {
                                          "Node Type": "Hash",
                                          "Parent Relationship": "Inner",
                                          "Parallel Aware": false,
                                          "Async Capable": false,
                                          "Startup Cost": 6.53,
                                          "Total Cost": 6.53,
                                          "Plan Rows": 94,
                                          "Plan Width": 14,
                                          "Plans": [
                                            {
                                              "Node Type": "Seq Scan",
                                              "Parent Relationship": "Outer",
                                              "Parallel Aware": false,
                                              "Async Capable": false,
                                              "Relation Name": "store",
                                              "Alias": "store",
                                              "Startup Cost": 0.0,
                                              "Total Cost": 6.53,
                                              "Plan Rows": 94,
                                              "Plan Width": 14,
                                              "Filter": "((s_number_employees >= 200) AND (s_number_employees <= 295))",
                                              "parent": 16,
                                              "ID": 17
                                            }
                                          ],
                                          "parent": 8,
                                          "ID": 16,
                                          "left": 17
                                        }
                                      ],
                                      "parent": 7,
                                      "ID": 8,
                                      "left": 9,
                                      "right": 16
                                    }
                                  ],
                                  "parent": 6,
                                  "ID": 7,
                                  "left": 8
                                }
                              ],
                              "parent": 5,
                              "ID": 6,
                              "left": 7
                            }
                          ],
                          "parent": 4,
                          "ID": 5,
                          "left": 6
                        }
                      ],
                      "parent": 3,
                      "ID": 4,
                      "left": 5
                    }
                  ],
                  "parent": 2,
                  "ID": 3,
                  "left": 4
                },
                {
                  "Node Type": "Hash",
                  "Parent Relationship": "Inner",
                  "Parallel Aware": false,
                  "Async Capable": false,
                  "Startup Cost": 18835.0,
                  "Total Cost": 18835.0,
                  "Plan Rows": 500000,
                  "Plan Width": 56,
                  "Plans": [
                    {
                      "Node Type": "Seq Scan",
                      "Parent Relationship": "Outer",
                      "Parallel Aware": false,
                      "Async Capable": false,
                      "Relation Name": "customer",
                      "Alias": "customer",
                      "Startup Cost": 0.0,
                      "Total Cost": 18835.0,
                      "Plan Rows": 500000,
                      "Plan Width": 56,
                      "parent": 18,
                      "ID": 19
                    }
                  ],
                  "parent": 2,
                  "ID": 18,
                  "left": 19
                }
              ],
              "parent": 1,
              "ID": 2,
              "left": 3,
              "right": 18
            }
          ],
          "parent": 0,
          "ID": 1,
          "left": 2
        }
      ],
      "parent": null,
      "ID": 0,
      "left": 1
    },
    "feat": {
      "utility": 0.0,
      "query_shape": [
        [
          "Seq Scan",
          "Hash Join",
          "Sort",
          "Aggregate",
          "Gather Merge",
          "Subquery Scan"
        ],
        [
          "Seq Scan",
          "Hash",
          "Hash Join",
          "Sort",
          "Aggregate",
          "Gather Merge",
          "Subquery Scan"
        ],
        [
          "Seq Scan",
          "Hash",
          "Hash Join",
          "Sort",
          "Aggregate",
          "Gather Merge",
          "Subquery Scan"
        ],
        [
          "Seq Scan",
          "Hash",
          "Hash Join",
          "Sort",
          "Aggregate",
          "Gather Merge",
          "Subquery Scan"
        ],
        [
          "Seq Scan",
          "Hash",
          "Hash Join",
          "Sort"
        ]
      ],
      "index_shape": [],
      "physical_operator": {}
    }
  },
  {
    "query": "select \n  c_last_name,c_first_name,substr(s_city,1,30),ss_ticket_number,amt,profit\n  from\n   (select ss_ticket_number\n          ,ss_customer_sk\n          ,store.s_city\n          ,sum(ss_coupon_amt) amt\n          ,sum(ss_net_profit) profit\n    from store_sales,date_dim,store,household_demographics\n    where store_sales.ss_sold_date_sk = date_dim.d_date_sk\n    and store_sales.ss_store_sk = store.s_store_sk  \n    and store_sales.ss_hdemo_sk = household_demographics.hd_demo_sk\n    and (household_demographics.hd_dep_count = 3 or household_demographics.hd_vehicle_count > 3)\n    and date_dim.d_dow = 1\n    and date_dim.d_year in (1999,1999+1,1999+2) \n    and store.s_number_employees between 200 and 295\n    group by ss_ticket_number,ss_customer_sk,ss_addr_sk,store.s_city) ms,customer\n    where ss_customer_sk = c_customer_sk\n order by c_last_name,c_first_name,substr(s_city,1,30), profit\nlimit 100;\n\n-- end query 60 in stream 4 using template query79.tpl\n",
    "indexes": "store_sales.ss_net_profit",
    "wo plan est": {
      "Node Type": "Limit",
      "Parallel Aware": false,
      "Async Capable": false,
      "Startup Cost": 723642.22,
      "Total Cost": 723642.47,
      "Plan Rows": 100,
      "Plan Width": 152,
      "Plans": [
        {
          "Node Type": "Sort",
          "Parent Relationship": "Outer",
          "Parallel Aware": false,
          "Async Capable": false,
          "Startup Cost": 723642.22,
          "Total Cost": 723673.2,
          "Plan Rows": 12394,
          "Plan Width": 152,
          "Sort Key": [
            "customer.c_last_name",
            "customer.c_first_name",
            "(substr((ms.s_city)::text, 1, 30))",
            "ms.profit"
          ],
          "Plans": [
            {
              "Node Type": "Hash Join",
              "Parent Relationship": "Outer",
              "Parallel Aware": false,
              "Async Capable": false,
              "Join Type": "Inner",
              "Startup Cost": 715867.78,
              "Total Cost": 723168.53,
              "Plan Rows": 12394,
              "Plan Width": 152,
              "Inner Unique": false,
              "Hash Cond": "(ms.ss_customer_sk = customer.c_customer_sk)",
              "Plans": [
                {
                  "Node Type": "Subquery Scan",
                  "Parent Relationship": "Outer",
                  "Parallel Aware": false,
                  "Async Capable": false,
                  "Alias": "ms",
                  "Startup Cost": 685899.78,
                  "Total Cost": 687776.13,
                  "Plan Rows": 12394,
                  "Plan Width": 82,
                  "Plans": [
                    {
                      "Node Type": "Aggregate",
                      "Strategy": "Sorted",
                      "Partial Mode": "Finalize",
                      "Parent Relationship": "Subquery",
                      "Parallel Aware": false,
                      "Async Capable": false,
                      "Startup Cost": 685899.78,
                      "Total Cost": 687652.19,
                      "Plan Rows": 12394,
                      "Plan Width": 86,
                      "Group Key": [
                        "store_sales.ss_ticket_number",
                        "store_sales.ss_customer_sk",
                        "store_sales.ss_addr_sk",
                        "store.s_city"
                      ],
                      "Plans": [
                        {
                          "Node Type": "Gather Merge",
                          "Parent Relationship": "Outer",
                          "Parallel Aware": false,
                          "Async Capable": false,
                          "Startup Cost": 685899.78,
                          "Total Cost": 687259.72,
                          "Plan Rows": 10328,
                          "Plan Width": 86,
                          "Workers Planned": 2,
                          "Plans": [
                            {
                              "Node Type": "Aggregate",
                              "Strategy": "Sorted",
                              "Partial Mode": "Partial",
                              "Parent Relationship": "Outer",
                              "Parallel Aware": false,
                              "Async Capable": false,
                              "Startup Cost": 684899.76,
                              "Total Cost": 685067.59,
                              "Plan Rows": 5164,
                              "Plan Width": 86,
                              "Group Key": [
                                "store_sales.ss_ticket_number",
                                "store_sales.ss_customer_sk",
                                "store_sales.ss_addr_sk",
                                "store.s_city"
                              ],
                              "Plans": [
                                {
                                  "Node Type": "Sort",
                                  "Parent Relationship": "Outer",
                                  "Parallel Aware": false,
                                  "Async Capable": false,
                                  "Startup Cost": 684899.76,
                                  "Total Cost": 684912.67,
                                  "Plan Rows": 5164,
                                  "Plan Width": 31,
                                  "Sort Key": [
                                    "store_sales.ss_ticket_number",
                                    "store_sales.ss_customer_sk",
                                    "store_sales.ss_addr_sk",
                                    "store.s_city"
                                  ],
                                  "Plans": [
                                    {
                                      "Node Type": "Hash Join",
                                      "Parent Relationship": "Outer",
                                      "Parallel Aware": false,
                                      "Async Capable": false,
                                      "Join Type": "Inner",
                                      "Startup Cost": 2295.62,
                                      "Total Cost": 684581.29,
                                      "Plan Rows": 5164,
                                      "Plan Width": 31,
                                      "Inner Unique": false,
                                      "Hash Cond": "(store_sales.ss_store_sk = store.s_store_sk)",
                                      "Plans": [
                                        {
                                          "Node Type": "Hash Join",
                                          "Parent Relationship": "Outer",
                                          "Parallel Aware": false,
                                          "Async Capable": false,
                                          "Join Type": "Inner",
                                          "Startup Cost": 2287.91,
                                          "Total Cost": 684499.92,
                                          "Plan Rows": 5871,
                                          "Plan Width": 25,
                                          "Inner Unique": false,
                                          "Hash Cond": "(store_sales.ss_hdemo_sk = household_demographics.hd_demo_sk)",
                                          "Plans": [
                                            {
                                              "Node Type": "Hash Join",
                                              "Parent Relationship": "Outer",
                                              "Parallel Aware": true,
                                              "Async Capable": false,
                                              "Join Type": "Inner",
                                              "Startup Cost": 2104.41,
                                              "Total Cost": 684165.41,
                                              "Plan Rows": 24615,
                                              "Plan Width": 29,
                                              "Inner Unique": false,
                                              "Hash Cond": "(store_sales.ss_sold_date_sk = date_dim.d_date_sk)",
                                              "Plans": [
                                                {
                                                  "Node Type": "Seq Scan",
                                                  "Parent Relationship": "Outer",
                                                  "Parallel Aware": true,
                                                  "Async Capable": false,
                                                  "Relation Name": "store_sales",
                                                  "Alias": "store_sales",
                                                  "Startup Cost": 0.0,
                                                  "Total Cost": 636914.37,
                                                  "Plan Rows": 12000637,
                                                  "Plan Width": 33,
                                                  "parent": 10,
                                                  "ID": 11
                                                },
                                                {
                                                  "Node Type": "Hash",
                                                  "Parent Relationship": "Inner",
                                                  "Parallel Aware": true,
                                                  "Async Capable": false,
                                                  "Startup Cost": 2103.26,
                                                  "Total Cost": 2103.26,
                                                  "Plan Rows": 92,
                                                  "Plan Width": 4,
                                                  "Plans": [
                                                    {
                                                      "Node Type": "Seq Scan",
                                                      "Parent Relationship": "Outer",
                                                      "Parallel Aware": true,
                                                      "Async Capable": false,
                                                      "Relation Name": "date_dim",
                                                      "Alias": "date_dim",
                                                      "Startup Cost": 0.0,
                                                      "Total Cost": 2103.26,
                                                      "Plan Rows": 92,
                                                      "Plan Width": 4,
                                                      "Filter": "((d_dow = 1) AND (d_year = ANY ('{1999,2000,2001}'::integer[])))",
                                                      "parent": 12,
                                                      "ID": 13
                                                    }
                                                  ],
                                                  "parent": 10,
                                                  "ID": 12,
                                                  "left": 13
                                                }
                                              ],
                                              "parent": 9,
                                              "ID": 10,
                                              "left": 11,
                                              "right": 12
                                            },
                                            {
                                              "Node Type": "Hash",
                                              "Parent Relationship": "Inner",
                                              "Parallel Aware": false,
                                              "Async Capable": false,
                                              "Startup Cost": 161.0,
                                              "Total Cost": 161.0,
                                              "Plan Rows": 1800,
                                              "Plan Width": 4,
                                              "Plans": [
                                                {
                                                  "Node Type": "Seq Scan",
                                                  "Parent Relationship": "Outer",
                                                  "Parallel Aware": false,
                                                  "Async Capable": false,
                                                  "Relation Name": "household_demographics",
                                                  "Alias": "household_demographics",
                                                  "Startup Cost": 0.0,
                                                  "Total Cost": 161.0,
                                                  "Plan Rows": 1800,
                                                  "Plan Width": 4,
                                                  "Filter": "((hd_dep_count = 3) OR (hd_vehicle_count > 3))",
                                                  "parent": 14,
                                                  "ID": 15
                                                }
                                              ],
                                              "parent": 9,
                                              "ID": 14,
                                              "left": 15
                                            }
                                          ],
                                          "parent": 8,
                                          "ID": 9,
                                          "left": 10,
                                          "right": 14
                                        },
                                        {
                                          "Node Type": "Hash",
                                          "Parent Relationship": "Inner",
                                          "Parallel Aware": false,
                                          "Async Capable": false,
                                          "Startup Cost": 6.53,
                                          "Total Cost": 6.53,
                                          "Plan Rows": 94,
                                          "Plan Width": 14,
                                          "Plans": [
                                            {
                                              "Node Type": "Seq Scan",
                                              "Parent Relationship": "Outer",
                                              "Parallel Aware": false,
                                              "Async Capable": false,
                                              "Relation Name": "store",
                                              "Alias": "store",
                                              "Startup Cost": 0.0,
                                              "Total Cost": 6.53,
                                              "Plan Rows": 94,
                                              "Plan Width": 14,
                                              "Filter": "((s_number_employees >= 200) AND (s_number_employees <= 295))",
                                              "parent": 16,
                                              "ID": 17
                                            }
                                          ],
                                          "parent": 8,
                                          "ID": 16,
                                          "left": 17
                                        }
                                      ],
                                      "parent": 7,
                                      "ID": 8,
                                      "left": 9,
                                      "right": 16
                                    }
                                  ],
                                  "parent": 6,
                                  "ID": 7,
                                  "left": 8
                                }
                              ],
                              "parent": 5,
                              "ID": 6,
                              "left": 7
                            }
                          ],
                          "parent": 4,
                          "ID": 5,
                          "left": 6
                        }
                      ],
                      "parent": 3,
                      "ID": 4,
                      "left": 5
                    }
                  ],
                  "parent": 2,
                  "ID": 3,
                  "left": 4
                },
                {
                  "Node Type": "Hash",
                  "Parent Relationship": "Inner",
                  "Parallel Aware": false,
                  "Async Capable": false,
                  "Startup Cost": 18835.0,
                  "Total Cost": 18835.0,
                  "Plan Rows": 500000,
                  "Plan Width": 56,
                  "Plans": [
                    {
                      "Node Type": "Seq Scan",
                      "Parent Relationship": "Outer",
                      "Parallel Aware": false,
                      "Async Capable": false,
                      "Relation Name": "customer",
                      "Alias": "customer",
                      "Startup Cost": 0.0,
                      "Total Cost": 18835.0,
                      "Plan Rows": 500000,
                      "Plan Width": 56,
                      "parent": 18,
                      "ID": 19
                    }
                  ],
                  "parent": 2,
                  "ID": 18,
                  "left": 19
                }
              ],
              "parent": 1,
              "ID": 2,
              "left": 3,
              "right": 18
            }
          ],
          "parent": 0,
          "ID": 1,
          "left": 2
        }
      ],
      "parent": null,
      "ID": 0,
      "left": 1
    },
    "feat": {
      "utility": 0.0,
      "query_shape": [
        [
          "Seq Scan",
          "Hash Join",
          "Sort",
          "Aggregate",
          "Gather Merge",
          "Subquery Scan"
        ],
        [
          "Seq Scan",
          "Hash",
          "Hash Join",
          "Sort",
          "Aggregate",
          "Gather Merge",
          "Subquery Scan"
        ],
        [
          "Seq Scan",
          "Hash",
          "Hash Join",
          "Sort",
          "Aggregate",
          "Gather Merge",
          "Subquery Scan"
        ],
        [
          "Seq Scan",
          "Hash",
          "Hash Join",
          "Sort",
          "Aggregate",
          "Gather Merge",
          "Subquery Scan"
        ],
        [
          "Seq Scan",
          "Hash",
          "Hash Join",
          "Sort"
        ]
      ],
      "index_shape": [],
      "physical_operator": {}
    }
  },
  {
    "query": "select  c_customer_id as customer_id\n       , coalesce(c_last_name,'') || ', ' || coalesce(c_first_name,'') as customername\n from customer\n     ,customer_address\n     ,customer_demographics\n     ,household_demographics\n     ,income_band\n     ,store_returns\n where ca_city\t        =  'Union Hill'\n   and c_current_addr_sk = ca_address_sk\n   and ib_lower_bound   >=  50882\n   and ib_upper_bound   <=  50882 + 50000\n   and ib_income_band_sk = hd_income_band_sk\n   and cd_demo_sk = c_current_cdemo_sk\n   and hd_demo_sk = c_current_hdemo_sk\n   and sr_cdemo_sk = cd_demo_sk\n order by c_customer_id\n limit 100;\n\n-- end query 64 in stream 0 using template query84.tpl\n",
    "indexes": "store_returns.sr_cdemo_sk",
    "wo plan est": {
      "Node Type": "Limit",
      "Parallel Aware": false,
      "Async Capable": false,
      "Startup Cost": 121951.72,
      "Total Cost": 121963.38,
      "Plan Rows": 100,
      "Plan Width": 49,
      "Plans": [
        {
          "Node Type": "Gather Merge",
          "Parent Relationship": "Outer",
          "Parallel Aware": false,
          "Async Capable": false,
          "Startup Cost": 121951.72,
          "Total Cost": 122145.86,
          "Plan Rows": 1664,
          "Plan Width": 49,
          "Workers Planned": 2,
          "Plans": [
            {
              "Node Type": "Sort",
              "Parent Relationship": "Outer",
              "Parallel Aware": false,
              "Async Capable": false,
              "Startup Cost": 120951.69,
              "Total Cost": 120953.77,
              "Plan Rows": 832,
              "Plan Width": 49,
              "Sort Key": [
                "customer.c_customer_id"
              ],
              "Plans": [
                {
                  "Node Type": "Hash Join",
                  "Parent Relationship": "Outer",
                  "Parallel Aware": true,
                  "Async Capable": false,
                  "Join Type": "Inner",
                  "Startup Cost": 56527.35,
                  "Total Cost": 120919.89,
                  "Plan Rows": 832,
                  "Plan Width": 49,
                  "Inner Unique": false,
                  "Hash Cond": "(store_returns.sr_cdemo_sk = customer_demographics.cd_demo_sk)",
                  "Plans": [
                    {
                      "Node Type": "Seq Scan",
                      "Parent Relationship": "Outer",
                      "Parallel Aware": true,
                      "Async Capable": false,
                      "Relation Name": "store_returns",
                      "Alias": "store_returns",
                      "Startup Cost": 0.0,
                      "Total Cost": 59887.64,
                      "Plan Rows": 1198164,
                      "Plan Width": 4,
                      "parent": 3,
                      "ID": 4
                    },
                    {
                      "Node Type": "Hash",
                      "Parent Relationship": "Inner",
                      "Parallel Aware": true,
                      "Async Capable": false,
                      "Startup Cost": 56520.15,
                      "Total Cost": 56520.15,
                      "Plan Rows": 576,
                      "Plan Width": 77,
                      "Plans": [
                        {
                          "Node Type": "Hash Join",
                          "Parent Relationship": "Outer",
                          "Parallel Aware": true,
                          "Async Capable": false,
                          "Join Type": "Inner",
                          "Startup Cost": 23685.17,
                          "Total Cost": 56520.15,
                          "Plan Rows": 576,
                          "Plan Width": 77,
                          "Inner Unique": false,
                          "Hash Cond": "(customer_demographics.cd_demo_sk = customer.c_current_cdemo_sk)",
                          "Plans": [
                            {
                              "Node Type": "Seq Scan",
                              "Parent Relationship": "Outer",
                              "Parallel Aware": true,
                              "Async Capable": false,
                              "Relation Name": "customer_demographics",
                              "Alias": "customer_demographics",
                              "Startup Cost": 0.0,
                              "Total Cost": 29831.33,
                              "Plan Rows": 800333,
                              "Plan Width": 4,
                              "parent": 6,
                              "ID": 7
                            },
                            {
                              "Node Type": "Hash",
                              "Parent Relationship": "Inner",
                              "Parallel Aware": true,
                              "Async Capable": false,
                              "Startup Cost": 23677.7,
                              "Total Cost": 23677.7,
                              "Plan Rows": 597,
                              "Plan Width": 73,
                              "Plans": [
                                {
                                  "Node Type": "Hash Join",
                                  "Parent Relationship": "Outer",
                                  "Parallel Aware": false,
                                  "Async Capable": false,
                                  "Join Type": "Inner",
                                  "Startup Cost": 6958.2,
                                  "Total Cost": 23677.7,
                                  "Plan Rows": 597,
                                  "Plan Width": 73,
                                  "Inner Unique": false,
                                  "Hash Cond": "(customer.c_current_hdemo_sk = household_demographics.hd_demo_sk)",
                                  "Plans": [
                                    {
                                      "Node Type": "Hash Join",
                                      "Parent Relationship": "Outer",
                                      "Parallel Aware": true,
                                      "Async Capable": false,
                                      "Join Type": "Inner",
                                      "Startup Cost": 6748.11,
                                      "Total Cost": 23455.04,
                                      "Plan Rows": 1764,
                                      "Plan Width": 77,
                                      "Inner Unique": false,
                                      "Hash Cond": "(customer.c_current_addr_sk = customer_address.ca_address_sk)",
                                      "Plans": [
                                        {
                                          "Node Type": "Seq Scan",
                                          "Parent Relationship": "Outer",
                                          "Parallel Aware": true,
                                          "Async Capable": false,
                                          "Relation Name": "customer",
                                          "Alias": "customer",
                                          "Startup Cost": 0.0,
                                          "Total Cost": 15918.33,
                                          "Plan Rows": 208333,
                                          "Plan Width": 81,
                                          "parent": 10,
                                          "ID": 11
                                        },
                                        {
                                          "Node Type": "Hash",
                                          "Parent Relationship": "Inner",
                                          "Parallel Aware": true,
                                          "Async Capable": false,
                                          "Startup Cost": 6737.08,
                                          "Total Cost": 6737.08,
                                          "Plan Rows": 882,
                                          "Plan Width": 4,
                                          "Plans": [
                                            {
                                              "Node Type": "Seq Scan",
                                              "Parent Relationship": "Outer",
                                              "Parallel Aware": true,
                                              "Async Capable": false,
                                              "Relation Name": "customer_address",
                                              "Alias": "customer_address",
                                              "Startup Cost": 0.0,
                                              "Total Cost": 6737.08,
                                              "Plan Rows": 882,
                                              "Plan Width": 4,
                                              "Filter": "((ca_city)::text = 'Union Hill'::text)",
                                              "parent": 12,
                                              "ID": 13
                                            }
                                          ],
                                          "parent": 10,
                                          "ID": 12,
                                          "left": 13
                                        }
                                      ],
                                      "parent": 9,
                                      "ID": 10,
                                      "left": 11,
                                      "right": 12
                                    },
                                    {
                                      "Node Type": "Hash",
                                      "Parent Relationship": "Inner",
                                      "Parallel Aware": false,
                                      "Async Capable": false,
                                      "Startup Cost": 178.59,
                                      "Total Cost": 178.59,
                                      "Plan Rows": 2520,
                                      "Plan Width": 4,
                                      "Plans": [
                                        {
                                          "Node Type": "Hash Join",
                                          "Parent Relationship": "Outer",
                                          "Parallel Aware": false,
                                          "Async Capable": false,
                                          "Join Type": "Inner",
                                          "Startup Cost": 1.39,
                                          "Total Cost": 178.59,
                                          "Plan Rows": 2520,
                                          "Plan Width": 4,
                                          "Inner Unique": false,
                                          "Hash Cond": "(household_demographics.hd_income_band_sk = income_band.ib_income_band_sk)",
                                          "Plans": [
                                            {
                                              "Node Type": "Seq Scan",
                                              "Parent Relationship": "Outer",
                                              "Parallel Aware": false,
                                              "Async Capable": false,
                                              "Relation Name": "household_demographics",
                                              "Alias": "household_demographics",
                                              "Startup Cost": 0.0,
                                              "Total Cost": 125.0,
                                              "Plan Rows": 7200,
                                              "Plan Width": 8,
                                              "parent": 15,
                                              "ID": 16
                                            },
                                            {
                                              "Node Type": "Hash",
                                              "Parent Relationship": "Inner",
                                              "Parallel Aware": false,
                                              "Async Capable": false,
                                              "Startup Cost": 1.3,
                                              "Total Cost": 1.3,
                                              "Plan Rows": 7,
                                              "Plan Width": 4,
                                              "Plans": [
                                                {
                                                  "Node Type": "Seq Scan",
                                                  "Parent Relationship": "Outer",
                                                  "Parallel Aware": false,
                                                  "Async Capable": false,
                                                  "Relation Name": "income_band",
                                                  "Alias": "income_band",
                                                  "Startup Cost": 0.0,
                                                  "Total Cost": 1.3,
                                                  "Plan Rows": 7,
                                                  "Plan Width": 4,
                                                  "Filter": "((ib_lower_bound >= 50882) AND (ib_upper_bound <= 100882))",
                                                  "parent": 17,
                                                  "ID": 18
                                                }
                                              ],
                                              "parent": 15,
                                              "ID": 17,
                                              "left": 18
                                            }
                                          ],
                                          "parent": 14,
                                          "ID": 15,
                                          "left": 16,
                                          "right": 17
                                        }
                                      ],
                                      "parent": 9,
                                      "ID": 14,
                                      "left": 15
                                    }
                                  ],
                                  "parent": 8,
                                  "ID": 9,
                                  "left": 10,
                                  "right": 14
                                }
                              ],
                              "parent": 6,
                              "ID": 8,
                              "left": 9
                            }
                          ],
                          "parent": 5,
                          "ID": 6,
                          "left": 7,
                          "right": 8
                        }
                      ],
                      "parent": 3,
                      "ID": 5,
                      "left": 6
                    }
                  ],
                  "parent": 2,
                  "ID": 3,
                  "left": 4,
                  "right": 5
                }
              ],
              "parent": 1,
              "ID": 2,
              "left": 3
            }
          ],
          "parent": 0,
          "ID": 1,
          "left": 2
        }
      ],
      "parent": null,
      "ID": 0,
      "left": 1
    },
    "feat": {
      "utility": 1.0647233891333986e-05,
      "query_shape": [
        [
          "Seq Scan",
          "Hash Join",
          "Sort",
          "Gather Merge"
        ],
        [
          "Seq Scan",
          "Hash Join",
          "Hash",
          "Sort",
          "Gather Merge"
        ],
        [
          "Seq Scan",
          "Hash Join",
          "Hash",
          "Sort",
          "Gather Merge"
        ],
        [
          "Seq Scan",
          "Hash",
          "Hash Join",
          "Sort",
          "Gather Merge"
        ],
        [
          "Seq Scan",
          "Hash Join",
          "Hash",
          "Sort",
          "Gather Merge"
        ],
        [
          "Seq Scan",
          "Hash",
          "Hash Join",
          "Sort",
          "Gather Merge"
        ]
      ],
      "index_shape": [
        "join"
      ],
      "physical_operator": {
        "Hash Join": [
          0.001097974586426359
        ]
      }
    }
  },
  {
    "query": "select  c_customer_id as customer_id\n       , coalesce(c_last_name,'') || ', ' || coalesce(c_first_name,'') as customername\n from customer\n     ,customer_address\n     ,customer_demographics\n     ,household_demographics\n     ,income_band\n     ,store_returns\n where ca_city\t        =  'Union Hill'\n   and c_current_addr_sk = ca_address_sk\n   and ib_lower_bound   >=  50882\n   and ib_upper_bound   <=  50882 + 50000\n   and ib_income_band_sk = hd_income_band_sk\n   and cd_demo_sk = c_current_cdemo_sk\n   and hd_demo_sk = c_current_hdemo_sk\n   and sr_cdemo_sk = cd_demo_sk\n order by c_customer_id\n limit 100;\n\n-- end query 64 in stream 0 using template query84.tpl\n",
    "indexes": "customer.c_current_hdemo_sk",
    "wo plan est": {
      "Node Type": "Limit",
      "Parallel Aware": false,
      "Async Capable": false,
      "Startup Cost": 121951.72,
      "Total Cost": 121963.38,
      "Plan Rows": 100,
      "Plan Width": 49,
      "Plans": [
        {
          "Node Type": "Gather Merge",
          "Parent Relationship": "Outer",
          "Parallel Aware": false,
          "Async Capable": false,
          "Startup Cost": 121951.72,
          "Total Cost": 122145.86,
          "Plan Rows": 1664,
          "Plan Width": 49,
          "Workers Planned": 2,
          "Plans": [
            {
              "Node Type": "Sort",
              "Parent Relationship": "Outer",
              "Parallel Aware": false,
              "Async Capable": false,
              "Startup Cost": 120951.69,
              "Total Cost": 120953.77,
              "Plan Rows": 832,
              "Plan Width": 49,
              "Sort Key": [
                "customer.c_customer_id"
              ],
              "Plans": [
                {
                  "Node Type": "Hash Join",
                  "Parent Relationship": "Outer",
                  "Parallel Aware": true,
                  "Async Capable": false,
                  "Join Type": "Inner",
                  "Startup Cost": 56527.35,
                  "Total Cost": 120919.89,
                  "Plan Rows": 832,
                  "Plan Width": 49,
                  "Inner Unique": false,
                  "Hash Cond": "(store_returns.sr_cdemo_sk = customer_demographics.cd_demo_sk)",
                  "Plans": [
                    {
                      "Node Type": "Seq Scan",
                      "Parent Relationship": "Outer",
                      "Parallel Aware": true,
                      "Async Capable": false,
                      "Relation Name": "store_returns",
                      "Alias": "store_returns",
                      "Startup Cost": 0.0,
                      "Total Cost": 59887.64,
                      "Plan Rows": 1198164,
                      "Plan Width": 4,
                      "parent": 3,
                      "ID": 4
                    },
                    {
                      "Node Type": "Hash",
                      "Parent Relationship": "Inner",
                      "Parallel Aware": true,
                      "Async Capable": false,
                      "Startup Cost": 56520.15,
                      "Total Cost": 56520.15,
                      "Plan Rows": 576,
                      "Plan Width": 77,
                      "Plans": [
                        {
                          "Node Type": "Hash Join",
                          "Parent Relationship": "Outer",
                          "Parallel Aware": true,
                          "Async Capable": false,
                          "Join Type": "Inner",
                          "Startup Cost": 23685.17,
                          "Total Cost": 56520.15,
                          "Plan Rows": 576,
                          "Plan Width": 77,
                          "Inner Unique": false,
                          "Hash Cond": "(customer_demographics.cd_demo_sk = customer.c_current_cdemo_sk)",
                          "Plans": [
                            {
                              "Node Type": "Seq Scan",
                              "Parent Relationship": "Outer",
                              "Parallel Aware": true,
                              "Async Capable": false,
                              "Relation Name": "customer_demographics",
                              "Alias": "customer_demographics",
                              "Startup Cost": 0.0,
                              "Total Cost": 29831.33,
                              "Plan Rows": 800333,
                              "Plan Width": 4,
                              "parent": 6,
                              "ID": 7
                            },
                            {
                              "Node Type": "Hash",
                              "Parent Relationship": "Inner",
                              "Parallel Aware": true,
                              "Async Capable": false,
                              "Startup Cost": 23677.7,
                              "Total Cost": 23677.7,
                              "Plan Rows": 597,
                              "Plan Width": 73,
                              "Plans": [
                                {
                                  "Node Type": "Hash Join",
                                  "Parent Relationship": "Outer",
                                  "Parallel Aware": false,
                                  "Async Capable": false,
                                  "Join Type": "Inner",
                                  "Startup Cost": 6958.2,
                                  "Total Cost": 23677.7,
                                  "Plan Rows": 597,
                                  "Plan Width": 73,
                                  "Inner Unique": false,
                                  "Hash Cond": "(customer.c_current_hdemo_sk = household_demographics.hd_demo_sk)",
                                  "Plans": [
                                    {
                                      "Node Type": "Hash Join",
                                      "Parent Relationship": "Outer",
                                      "Parallel Aware": true,
                                      "Async Capable": false,
                                      "Join Type": "Inner",
                                      "Startup Cost": 6748.11,
                                      "Total Cost": 23455.04,
                                      "Plan Rows": 1764,
                                      "Plan Width": 77,
                                      "Inner Unique": false,
                                      "Hash Cond": "(customer.c_current_addr_sk = customer_address.ca_address_sk)",
                                      "Plans": [
                                        {
                                          "Node Type": "Seq Scan",
                                          "Parent Relationship": "Outer",
                                          "Parallel Aware": true,
                                          "Async Capable": false,
                                          "Relation Name": "customer",
                                          "Alias": "customer",
                                          "Startup Cost": 0.0,
                                          "Total Cost": 15918.33,
                                          "Plan Rows": 208333,
                                          "Plan Width": 81,
                                          "parent": 10,
                                          "ID": 11
                                        },
                                        {
                                          "Node Type": "Hash",
                                          "Parent Relationship": "Inner",
                                          "Parallel Aware": true,
                                          "Async Capable": false,
                                          "Startup Cost": 6737.08,
                                          "Total Cost": 6737.08,
                                          "Plan Rows": 882,
                                          "Plan Width": 4,
                                          "Plans": [
                                            {
                                              "Node Type": "Seq Scan",
                                              "Parent Relationship": "Outer",
                                              "Parallel Aware": true,
                                              "Async Capable": false,
                                              "Relation Name": "customer_address",
                                              "Alias": "customer_address",
                                              "Startup Cost": 0.0,
                                              "Total Cost": 6737.08,
                                              "Plan Rows": 882,
                                              "Plan Width": 4,
                                              "Filter": "((ca_city)::text = 'Union Hill'::text)",
                                              "parent": 12,
                                              "ID": 13
                                            }
                                          ],
                                          "parent": 10,
                                          "ID": 12,
                                          "left": 13
                                        }
                                      ],
                                      "parent": 9,
                                      "ID": 10,
                                      "left": 11,
                                      "right": 12
                                    },
                                    {
                                      "Node Type": "Hash",
                                      "Parent Relationship": "Inner",
                                      "Parallel Aware": false,
                                      "Async Capable": false,
                                      "Startup Cost": 178.59,
                                      "Total Cost": 178.59,
                                      "Plan Rows": 2520,
                                      "Plan Width": 4,
                                      "Plans": [
                                        {
                                          "Node Type": "Hash Join",
                                          "Parent Relationship": "Outer",
                                          "Parallel Aware": false,
                                          "Async Capable": false,
                                          "Join Type": "Inner",
                                          "Startup Cost": 1.39,
                                          "Total Cost": 178.59,
                                          "Plan Rows": 2520,
                                          "Plan Width": 4,
                                          "Inner Unique": false,
                                          "Hash Cond": "(household_demographics.hd_income_band_sk = income_band.ib_income_band_sk)",
                                          "Plans": [
                                            {
                                              "Node Type": "Seq Scan",
                                              "Parent Relationship": "Outer",
                                              "Parallel Aware": false,
                                              "Async Capable": false,
                                              "Relation Name": "household_demographics",
                                              "Alias": "household_demographics",
                                              "Startup Cost": 0.0,
                                              "Total Cost": 125.0,
                                              "Plan Rows": 7200,
                                              "Plan Width": 8,
                                              "parent": 15,
                                              "ID": 16
                                            },
                                            {
                                              "Node Type": "Hash",
                                              "Parent Relationship": "Inner",
                                              "Parallel Aware": false,
                                              "Async Capable": false,
                                              "Startup Cost": 1.3,
                                              "Total Cost": 1.3,
                                              "Plan Rows": 7,
                                              "Plan Width": 4,
                                              "Plans": [
                                                {
                                                  "Node Type": "Seq Scan",
                                                  "Parent Relationship": "Outer",
                                                  "Parallel Aware": false,
                                                  "Async Capable": false,
                                                  "Relation Name": "income_band",
                                                  "Alias": "income_band",
                                                  "Startup Cost": 0.0,
                                                  "Total Cost": 1.3,
                                                  "Plan Rows": 7,
                                                  "Plan Width": 4,
                                                  "Filter": "((ib_lower_bound >= 50882) AND (ib_upper_bound <= 100882))",
                                                  "parent": 17,
                                                  "ID": 18
                                                }
                                              ],
                                              "parent": 15,
                                              "ID": 17,
                                              "left": 18
                                            }
                                          ],
                                          "parent": 14,
                                          "ID": 15,
                                          "left": 16,
                                          "right": 17
                                        }
                                      ],
                                      "parent": 9,
                                      "ID": 14,
                                      "left": 15
                                    }
                                  ],
                                  "parent": 8,
                                  "ID": 9,
                                  "left": 10,
                                  "right": 14
                                }
                              ],
                              "parent": 6,
                              "ID": 8,
                              "left": 9
                            }
                          ],
                          "parent": 5,
                          "ID": 6,
                          "left": 7,
                          "right": 8
                        }
                      ],
                      "parent": 3,
                      "ID": 5,
                      "left": 6
                    }
                  ],
                  "parent": 2,
                  "ID": 3,
                  "left": 4,
                  "right": 5
                }
              ],
              "parent": 1,
              "ID": 2,
              "left": 3
            }
          ],
          "parent": 0,
          "ID": 1,
          "left": 2
        }
      ],
      "parent": null,
      "ID": 0,
      "left": 1
    },
    "feat": {
      "utility": 1.0535413088254597e-05,
      "query_shape": [
        [
          "Seq Scan",
          "Hash Join",
          "Sort",
          "Gather Merge"
        ],
        [
          "Seq Scan",
          "Hash Join",
          "Hash",
          "Sort",
          "Gather Merge"
        ],
        [
          "Seq Scan",
          "Hash Join",
          "Hash",
          "Sort",
          "Gather Merge"
        ],
        [
          "Seq Scan",
          "Hash",
          "Hash Join",
          "Sort",
          "Gather Merge"
        ],
        [
          "Seq Scan",
          "Hash Join",
          "Hash",
          "Sort",
          "Gather Merge"
        ],
        [
          "Seq Scan",
          "Hash",
          "Hash Join",
          "Sort",
          "Gather Merge"
        ]
      ],
      "index_shape": [
        "join"
      ],
      "physical_operator": {
        "Hash Join": [
          0.011588776969408394
        ]
      }
    }
  },
  {
    "query": "select  c_customer_id as customer_id\n       , coalesce(c_last_name,'') || ', ' || coalesce(c_first_name,'') as customername\n from customer\n     ,customer_address\n     ,customer_demographics\n     ,household_demographics\n     ,income_band\n     ,store_returns\n where ca_city\t        =  'Union Hill'\n   and c_current_addr_sk = ca_address_sk\n   and ib_lower_bound   >=  50882\n   and ib_upper_bound   <=  50882 + 50000\n   and ib_income_band_sk = hd_income_band_sk\n   and cd_demo_sk = c_current_cdemo_sk\n   and hd_demo_sk = c_current_hdemo_sk\n   and sr_cdemo_sk = cd_demo_sk\n order by c_customer_id\n limit 100;\n\n-- end query 64 in stream 0 using template query84.tpl\n",
    "indexes": "customer.c_current_addr_sk",
    "wo plan est": {
      "Node Type": "Limit",
      "Parallel Aware": false,
      "Async Capable": false,
      "Startup Cost": 121951.72,
      "Total Cost": 121963.38,
      "Plan Rows": 100,
      "Plan Width": 49,
      "Plans": [
        {
          "Node Type": "Gather Merge",
          "Parent Relationship": "Outer",
          "Parallel Aware": false,
          "Async Capable": false,
          "Startup Cost": 121951.72,
          "Total Cost": 122145.86,
          "Plan Rows": 1664,
          "Plan Width": 49,
          "Workers Planned": 2,
          "Plans": [
            {
              "Node Type": "Sort",
              "Parent Relationship": "Outer",
              "Parallel Aware": false,
              "Async Capable": false,
              "Startup Cost": 120951.69,
              "Total Cost": 120953.77,
              "Plan Rows": 832,
              "Plan Width": 49,
              "Sort Key": [
                "customer.c_customer_id"
              ],
              "Plans": [
                {
                  "Node Type": "Hash Join",
                  "Parent Relationship": "Outer",
                  "Parallel Aware": true,
                  "Async Capable": false,
                  "Join Type": "Inner",
                  "Startup Cost": 56527.35,
                  "Total Cost": 120919.89,
                  "Plan Rows": 832,
                  "Plan Width": 49,
                  "Inner Unique": false,
                  "Hash Cond": "(store_returns.sr_cdemo_sk = customer_demographics.cd_demo_sk)",
                  "Plans": [
                    {
                      "Node Type": "Seq Scan",
                      "Parent Relationship": "Outer",
                      "Parallel Aware": true,
                      "Async Capable": false,
                      "Relation Name": "store_returns",
                      "Alias": "store_returns",
                      "Startup Cost": 0.0,
                      "Total Cost": 59887.64,
                      "Plan Rows": 1198164,
                      "Plan Width": 4,
                      "parent": 3,
                      "ID": 4
                    },
                    {
                      "Node Type": "Hash",
                      "Parent Relationship": "Inner",
                      "Parallel Aware": true,
                      "Async Capable": false,
                      "Startup Cost": 56520.15,
                      "Total Cost": 56520.15,
                      "Plan Rows": 576,
                      "Plan Width": 77,
                      "Plans": [
                        {
                          "Node Type": "Hash Join",
                          "Parent Relationship": "Outer",
                          "Parallel Aware": true,
                          "Async Capable": false,
                          "Join Type": "Inner",
                          "Startup Cost": 23685.17,
                          "Total Cost": 56520.15,
                          "Plan Rows": 576,
                          "Plan Width": 77,
                          "Inner Unique": false,
                          "Hash Cond": "(customer_demographics.cd_demo_sk = customer.c_current_cdemo_sk)",
                          "Plans": [
                            {
                              "Node Type": "Seq Scan",
                              "Parent Relationship": "Outer",
                              "Parallel Aware": true,
                              "Async Capable": false,
                              "Relation Name": "customer_demographics",
                              "Alias": "customer_demographics",
                              "Startup Cost": 0.0,
                              "Total Cost": 29831.33,
                              "Plan Rows": 800333,
                              "Plan Width": 4,
                              "parent": 6,
                              "ID": 7
                            },
                            {
                              "Node Type": "Hash",
                              "Parent Relationship": "Inner",
                              "Parallel Aware": true,
                              "Async Capable": false,
                              "Startup Cost": 23677.7,
                              "Total Cost": 23677.7,
                              "Plan Rows": 597,
                              "Plan Width": 73,
                              "Plans": [
                                {
                                  "Node Type": "Hash Join",
                                  "Parent Relationship": "Outer",
                                  "Parallel Aware": false,
                                  "Async Capable": false,
                                  "Join Type": "Inner",
                                  "Startup Cost": 6958.2,
                                  "Total Cost": 23677.7,
                                  "Plan Rows": 597,
                                  "Plan Width": 73,
                                  "Inner Unique": false,
                                  "Hash Cond": "(customer.c_current_hdemo_sk = household_demographics.hd_demo_sk)",
                                  "Plans": [
                                    {
                                      "Node Type": "Hash Join",
                                      "Parent Relationship": "Outer",
                                      "Parallel Aware": true,
                                      "Async Capable": false,
                                      "Join Type": "Inner",
                                      "Startup Cost": 6748.11,
                                      "Total Cost": 23455.04,
                                      "Plan Rows": 1764,
                                      "Plan Width": 77,
                                      "Inner Unique": false,
                                      "Hash Cond": "(customer.c_current_addr_sk = customer_address.ca_address_sk)",
                                      "Plans": [
                                        {
                                          "Node Type": "Seq Scan",
                                          "Parent Relationship": "Outer",
                                          "Parallel Aware": true,
                                          "Async Capable": false,
                                          "Relation Name": "customer",
                                          "Alias": "customer",
                                          "Startup Cost": 0.0,
                                          "Total Cost": 15918.33,
                                          "Plan Rows": 208333,
                                          "Plan Width": 81,
                                          "parent": 10,
                                          "ID": 11
                                        },
                                        {
                                          "Node Type": "Hash",
                                          "Parent Relationship": "Inner",
                                          "Parallel Aware": true,
                                          "Async Capable": false,
                                          "Startup Cost": 6737.08,
                                          "Total Cost": 6737.08,
                                          "Plan Rows": 882,
                                          "Plan Width": 4,
                                          "Plans": [
                                            {
                                              "Node Type": "Seq Scan",
                                              "Parent Relationship": "Outer",
                                              "Parallel Aware": true,
                                              "Async Capable": false,
                                              "Relation Name": "customer_address",
                                              "Alias": "customer_address",
                                              "Startup Cost": 0.0,
                                              "Total Cost": 6737.08,
                                              "Plan Rows": 882,
                                              "Plan Width": 4,
                                              "Filter": "((ca_city)::text = 'Union Hill'::text)",
                                              "parent": 12,
                                              "ID": 13
                                            }
                                          ],
                                          "parent": 10,
                                          "ID": 12,
                                          "left": 13
                                        }
                                      ],
                                      "parent": 9,
                                      "ID": 10,
                                      "left": 11,
                                      "right": 12
                                    },
                                    {
                                      "Node Type": "Hash",
                                      "Parent Relationship": "Inner",
                                      "Parallel Aware": false,
                                      "Async Capable": false,
                                      "Startup Cost": 178.59,
                                      "Total Cost": 178.59,
                                      "Plan Rows": 2520,
                                      "Plan Width": 4,
                                      "Plans": [
                                        {
                                          "Node Type": "Hash Join",
                                          "Parent Relationship": "Outer",
                                          "Parallel Aware": false,
                                          "Async Capable": false,
                                          "Join Type": "Inner",
                                          "Startup Cost": 1.39,
                                          "Total Cost": 178.59,
                                          "Plan Rows": 2520,
                                          "Plan Width": 4,
                                          "Inner Unique": false,
                                          "Hash Cond": "(household_demographics.hd_income_band_sk = income_band.ib_income_band_sk)",
                                          "Plans": [
                                            {
                                              "Node Type": "Seq Scan",
                                              "Parent Relationship": "Outer",
                                              "Parallel Aware": false,
                                              "Async Capable": false,
                                              "Relation Name": "household_demographics",
                                              "Alias": "household_demographics",
                                              "Startup Cost": 0.0,
                                              "Total Cost": 125.0,
                                              "Plan Rows": 7200,
                                              "Plan Width": 8,
                                              "parent": 15,
                                              "ID": 16
                                            },
                                            {
                                              "Node Type": "Hash",
                                              "Parent Relationship": "Inner",
                                              "Parallel Aware": false,
                                              "Async Capable": false,
                                              "Startup Cost": 1.3,
                                              "Total Cost": 1.3,
                                              "Plan Rows": 7,
                                              "Plan Width": 4,
                                              "Plans": [
                                                {
                                                  "Node Type": "Seq Scan",
                                                  "Parent Relationship": "Outer",
                                                  "Parallel Aware": false,
                                                  "Async Capable": false,
                                                  "Relation Name": "income_band",
                                                  "Alias": "income_band",
                                                  "Startup Cost": 0.0,
                                                  "Total Cost": 1.3,
                                                  "Plan Rows": 7,
                                                  "Plan Width": 4,
                                                  "Filter": "((ib_lower_bound >= 50882) AND (ib_upper_bound <= 100882))",
                                                  "parent": 17,
                                                  "ID": 18
                                                }
                                              ],
                                              "parent": 15,
                                              "ID": 17,
                                              "left": 18
                                            }
                                          ],
                                          "parent": 14,
                                          "ID": 15,
                                          "left": 16,
                                          "right": 17
                                        }
                                      ],
                                      "parent": 9,
                                      "ID": 14,
                                      "left": 15
                                    }
                                  ],
                                  "parent": 8,
                                  "ID": 9,
                                  "left": 10,
                                  "right": 14
                                }
                              ],
                              "parent": 6,
                              "ID": 8,
                              "left": 9
                            }
                          ],
                          "parent": 5,
                          "ID": 6,
                          "left": 7,
                          "right": 8
                        }
                      ],
                      "parent": 3,
                      "ID": 5,
                      "left": 6
                    }
                  ],
                  "parent": 2,
                  "ID": 3,
                  "left": 4,
                  "right": 5
                }
              ],
              "parent": 1,
              "ID": 2,
              "left": 3
            }
          ],
          "parent": 0,
          "ID": 1,
          "left": 2
        }
      ],
      "parent": null,
      "ID": 0,
      "left": 1
    },
    "feat": {
      "utility": 1.0625911598199544e-05,
      "query_shape": [
        [
          "Seq Scan",
          "Hash Join",
          "Sort",
          "Gather Merge"
        ],
        [
          "Seq Scan",
          "Hash Join",
          "Hash",
          "Sort",
          "Gather Merge"
        ],
        [
          "Seq Scan",
          "Hash Join",
          "Hash",
          "Sort",
          "Gather Merge"
        ],
        [
          "Seq Scan",
          "Hash",
          "Hash Join",
          "Sort",
          "Gather Merge"
        ],
        [
          "Seq Scan",
          "Hash Join",
          "Hash",
          "Sort",
          "Gather Merge"
        ],
        [
          "Seq Scan",
          "Hash",
          "Hash Join",
          "Sort",
          "Gather Merge"
        ]
      ],
      "index_shape": [
        "join"
      ],
      "physical_operator": {
        "Hash Join": [
          0.0030983891556782494
        ]
      }
    }
  },
  {
    "query": "select  c_customer_id as customer_id\n       , coalesce(c_last_name,'') || ', ' || coalesce(c_first_name,'') as customername\n from customer\n     ,customer_address\n     ,customer_demographics\n     ,household_demographics\n     ,income_band\n     ,store_returns\n where ca_city\t        =  'Union Hill'\n   and c_current_addr_sk = ca_address_sk\n   and ib_lower_bound   >=  50882\n   and ib_upper_bound   <=  50882 + 50000\n   and ib_income_band_sk = hd_income_band_sk\n   and cd_demo_sk = c_current_cdemo_sk\n   and hd_demo_sk = c_current_hdemo_sk\n   and sr_cdemo_sk = cd_demo_sk\n order by c_customer_id\n limit 100;\n\n-- end query 64 in stream 0 using template query84.tpl\n",
    "indexes": "customer.c_current_cdemo_sk",
    "wo plan est": {
      "Node Type": "Limit",
      "Parallel Aware": false,
      "Async Capable": false,
      "Startup Cost": 121951.72,
      "Total Cost": 121963.38,
      "Plan Rows": 100,
      "Plan Width": 49,
      "Plans": [
        {
          "Node Type": "Gather Merge",
          "Parent Relationship": "Outer",
          "Parallel Aware": false,
          "Async Capable": false,
          "Startup Cost": 121951.72,
          "Total Cost": 122145.86,
          "Plan Rows": 1664,
          "Plan Width": 49,
          "Workers Planned": 2,
          "Plans": [
            {
              "Node Type": "Sort",
              "Parent Relationship": "Outer",
              "Parallel Aware": false,
              "Async Capable": false,
              "Startup Cost": 120951.69,
              "Total Cost": 120953.77,
              "Plan Rows": 832,
              "Plan Width": 49,
              "Sort Key": [
                "customer.c_customer_id"
              ],
              "Plans": [
                {
                  "Node Type": "Hash Join",
                  "Parent Relationship": "Outer",
                  "Parallel Aware": true,
                  "Async Capable": false,
                  "Join Type": "Inner",
                  "Startup Cost": 56527.35,
                  "Total Cost": 120919.89,
                  "Plan Rows": 832,
                  "Plan Width": 49,
                  "Inner Unique": false,
                  "Hash Cond": "(store_returns.sr_cdemo_sk = customer_demographics.cd_demo_sk)",
                  "Plans": [
                    {
                      "Node Type": "Seq Scan",
                      "Parent Relationship": "Outer",
                      "Parallel Aware": true,
                      "Async Capable": false,
                      "Relation Name": "store_returns",
                      "Alias": "store_returns",
                      "Startup Cost": 0.0,
                      "Total Cost": 59887.64,
                      "Plan Rows": 1198164,
                      "Plan Width": 4,
                      "parent": 3,
                      "ID": 4
                    },
                    {
                      "Node Type": "Hash",
                      "Parent Relationship": "Inner",
                      "Parallel Aware": true,
                      "Async Capable": false,
                      "Startup Cost": 56520.15,
                      "Total Cost": 56520.15,
                      "Plan Rows": 576,
                      "Plan Width": 77,
                      "Plans": [
                        {
                          "Node Type": "Hash Join",
                          "Parent Relationship": "Outer",
                          "Parallel Aware": true,
                          "Async Capable": false,
                          "Join Type": "Inner",
                          "Startup Cost": 23685.17,
                          "Total Cost": 56520.15,
                          "Plan Rows": 576,
                          "Plan Width": 77,
                          "Inner Unique": false,
                          "Hash Cond": "(customer_demographics.cd_demo_sk = customer.c_current_cdemo_sk)",
                          "Plans": [
                            {
                              "Node Type": "Seq Scan",
                              "Parent Relationship": "Outer",
                              "Parallel Aware": true,
                              "Async Capable": false,
                              "Relation Name": "customer_demographics",
                              "Alias": "customer_demographics",
                              "Startup Cost": 0.0,
                              "Total Cost": 29831.33,
                              "Plan Rows": 800333,
                              "Plan Width": 4,
                              "parent": 6,
                              "ID": 7
                            },
                            {
                              "Node Type": "Hash",
                              "Parent Relationship": "Inner",
                              "Parallel Aware": true,
                              "Async Capable": false,
                              "Startup Cost": 23677.7,
                              "Total Cost": 23677.7,
                              "Plan Rows": 597,
                              "Plan Width": 73,
                              "Plans": [
                                {
                                  "Node Type": "Hash Join",
                                  "Parent Relationship": "Outer",
                                  "Parallel Aware": false,
                                  "Async Capable": false,
                                  "Join Type": "Inner",
                                  "Startup Cost": 6958.2,
                                  "Total Cost": 23677.7,
                                  "Plan Rows": 597,
                                  "Plan Width": 73,
                                  "Inner Unique": false,
                                  "Hash Cond": "(customer.c_current_hdemo_sk = household_demographics.hd_demo_sk)",
                                  "Plans": [
                                    {
                                      "Node Type": "Hash Join",
                                      "Parent Relationship": "Outer",
                                      "Parallel Aware": true,
                                      "Async Capable": false,
                                      "Join Type": "Inner",
                                      "Startup Cost": 6748.11,
                                      "Total Cost": 23455.04,
                                      "Plan Rows": 1764,
                                      "Plan Width": 77,
                                      "Inner Unique": false,
                                      "Hash Cond": "(customer.c_current_addr_sk = customer_address.ca_address_sk)",
                                      "Plans": [
                                        {
                                          "Node Type": "Seq Scan",
                                          "Parent Relationship": "Outer",
                                          "Parallel Aware": true,
                                          "Async Capable": false,
                                          "Relation Name": "customer",
                                          "Alias": "customer",
                                          "Startup Cost": 0.0,
                                          "Total Cost": 15918.33,
                                          "Plan Rows": 208333,
                                          "Plan Width": 81,
                                          "parent": 10,
                                          "ID": 11
                                        },
                                        {
                                          "Node Type": "Hash",
                                          "Parent Relationship": "Inner",
                                          "Parallel Aware": true,
                                          "Async Capable": false,
                                          "Startup Cost": 6737.08,
                                          "Total Cost": 6737.08,
                                          "Plan Rows": 882,
                                          "Plan Width": 4,
                                          "Plans": [
                                            {
                                              "Node Type": "Seq Scan",
                                              "Parent Relationship": "Outer",
                                              "Parallel Aware": true,
                                              "Async Capable": false,
                                              "Relation Name": "customer_address",
                                              "Alias": "customer_address",
                                              "Startup Cost": 0.0,
                                              "Total Cost": 6737.08,
                                              "Plan Rows": 882,
                                              "Plan Width": 4,
                                              "Filter": "((ca_city)::text = 'Union Hill'::text)",
                                              "parent": 12,
                                              "ID": 13
                                            }
                                          ],
                                          "parent": 10,
                                          "ID": 12,
                                          "left": 13
                                        }
                                      ],
                                      "parent": 9,
                                      "ID": 10,
                                      "left": 11,
                                      "right": 12
                                    },
                                    {
                                      "Node Type": "Hash",
                                      "Parent Relationship": "Inner",
                                      "Parallel Aware": false,
                                      "Async Capable": false,
                                      "Startup Cost": 178.59,
                                      "Total Cost": 178.59,
                                      "Plan Rows": 2520,
                                      "Plan Width": 4,
                                      "Plans": [
                                        {
                                          "Node Type": "Hash Join",
                                          "Parent Relationship": "Outer",
                                          "Parallel Aware": false,
                                          "Async Capable": false,
                                          "Join Type": "Inner",
                                          "Startup Cost": 1.39,
                                          "Total Cost": 178.59,
                                          "Plan Rows": 2520,
                                          "Plan Width": 4,
                                          "Inner Unique": false,
                                          "Hash Cond": "(household_demographics.hd_income_band_sk = income_band.ib_income_band_sk)",
                                          "Plans": [
                                            {
                                              "Node Type": "Seq Scan",
                                              "Parent Relationship": "Outer",
                                              "Parallel Aware": false,
                                              "Async Capable": false,
                                              "Relation Name": "household_demographics",
                                              "Alias": "household_demographics",
                                              "Startup Cost": 0.0,
                                              "Total Cost": 125.0,
                                              "Plan Rows": 7200,
                                              "Plan Width": 8,
                                              "parent": 15,
                                              "ID": 16
                                            },
                                            {
                                              "Node Type": "Hash",
                                              "Parent Relationship": "Inner",
                                              "Parallel Aware": false,
                                              "Async Capable": false,
                                              "Startup Cost": 1.3,
                                              "Total Cost": 1.3,
                                              "Plan Rows": 7,
                                              "Plan Width": 4,
                                              "Plans": [
                                                {
                                                  "Node Type": "Seq Scan",
                                                  "Parent Relationship": "Outer",
                                                  "Parallel Aware": false,
                                                  "Async Capable": false,
                                                  "Relation Name": "income_band",
                                                  "Alias": "income_band",
                                                  "Startup Cost": 0.0,
                                                  "Total Cost": 1.3,
                                                  "Plan Rows": 7,
                                                  "Plan Width": 4,
                                                  "Filter": "((ib_lower_bound >= 50882) AND (ib_upper_bound <= 100882))",
                                                  "parent": 17,
                                                  "ID": 18
                                                }
                                              ],
                                              "parent": 15,
                                              "ID": 17,
                                              "left": 18
                                            }
                                          ],
                                          "parent": 14,
                                          "ID": 15,
                                          "left": 16,
                                          "right": 17
                                        }
                                      ],
                                      "parent": 9,
                                      "ID": 14,
                                      "left": 15
                                    }
                                  ],
                                  "parent": 8,
                                  "ID": 9,
                                  "left": 10,
                                  "right": 14
                                }
                              ],
                              "parent": 6,
                              "ID": 8,
                              "left": 9
                            }
                          ],
                          "parent": 5,
                          "ID": 6,
                          "left": 7,
                          "right": 8
                        }
                      ],
                      "parent": 3,
                      "ID": 5,
                      "left": 6
                    }
                  ],
                  "parent": 2,
                  "ID": 3,
                  "left": 4,
                  "right": 5
                }
              ],
              "parent": 1,
              "ID": 2,
              "left": 3
            }
          ],
          "parent": 0,
          "ID": 1,
          "left": 2
        }
      ],
      "parent": null,
      "ID": 0,
      "left": 1
    },
    "feat": {
      "utility": 1.0647233987649817e-05,
      "query_shape": [
        [
          "Seq Scan",
          "Hash Join",
          "Sort",
          "Gather Merge"
        ],
        [
          "Seq Scan",
          "Hash Join",
          "Hash",
          "Sort",
          "Gather Merge"
        ],
        [
          "Seq Scan",
          "Hash Join",
          "Hash",
          "Sort",
          "Gather Merge"
        ],
        [
          "Seq Scan",
          "Hash",
          "Hash Join",
          "Sort",
          "Gather Merge"
        ],
        [
          "Seq Scan",
          "Hash Join",
          "Hash",
          "Sort",
          "Gather Merge"
        ],
        [
          "Seq Scan",
          "Hash",
          "Hash Join",
          "Sort",
          "Gather Merge"
        ]
      ],
      "index_shape": [
        "join"
      ],
      "physical_operator": {
        "Hash Join": [
          0.001097965550269341
        ]
      }
    }
  },
  {
    "query": "select  c_customer_id as customer_id\n       , coalesce(c_last_name,'') || ', ' || coalesce(c_first_name,'') as customername\n from customer\n     ,customer_address\n     ,customer_demographics\n     ,household_demographics\n     ,income_band\n     ,store_returns\n where ca_city\t        =  'Union Hill'\n   and c_current_addr_sk = ca_address_sk\n   and ib_lower_bound   >=  50882\n   and ib_upper_bound   <=  50882 + 50000\n   and ib_income_band_sk = hd_income_band_sk\n   and cd_demo_sk = c_current_cdemo_sk\n   and hd_demo_sk = c_current_hdemo_sk\n   and sr_cdemo_sk = cd_demo_sk\n order by c_customer_id\n limit 100;\n\n-- end query 64 in stream 0 using template query84.tpl\n",
    "indexes": "customer.c_customer_id",
    "wo plan est": {
      "Node Type": "Limit",
      "Parallel Aware": false,
      "Async Capable": false,
      "Startup Cost": 121951.72,
      "Total Cost": 121963.38,
      "Plan Rows": 100,
      "Plan Width": 49,
      "Plans": [
        {
          "Node Type": "Gather Merge",
          "Parent Relationship": "Outer",
          "Parallel Aware": false,
          "Async Capable": false,
          "Startup Cost": 121951.72,
          "Total Cost": 122145.86,
          "Plan Rows": 1664,
          "Plan Width": 49,
          "Workers Planned": 2,
          "Plans": [
            {
              "Node Type": "Sort",
              "Parent Relationship": "Outer",
              "Parallel Aware": false,
              "Async Capable": false,
              "Startup Cost": 120951.69,
              "Total Cost": 120953.77,
              "Plan Rows": 832,
              "Plan Width": 49,
              "Sort Key": [
                "customer.c_customer_id"
              ],
              "Plans": [
                {
                  "Node Type": "Hash Join",
                  "Parent Relationship": "Outer",
                  "Parallel Aware": true,
                  "Async Capable": false,
                  "Join Type": "Inner",
                  "Startup Cost": 56527.35,
                  "Total Cost": 120919.89,
                  "Plan Rows": 832,
                  "Plan Width": 49,
                  "Inner Unique": false,
                  "Hash Cond": "(store_returns.sr_cdemo_sk = customer_demographics.cd_demo_sk)",
                  "Plans": [
                    {
                      "Node Type": "Seq Scan",
                      "Parent Relationship": "Outer",
                      "Parallel Aware": true,
                      "Async Capable": false,
                      "Relation Name": "store_returns",
                      "Alias": "store_returns",
                      "Startup Cost": 0.0,
                      "Total Cost": 59887.64,
                      "Plan Rows": 1198164,
                      "Plan Width": 4,
                      "parent": 3,
                      "ID": 4
                    },
                    {
                      "Node Type": "Hash",
                      "Parent Relationship": "Inner",
                      "Parallel Aware": true,
                      "Async Capable": false,
                      "Startup Cost": 56520.15,
                      "Total Cost": 56520.15,
                      "Plan Rows": 576,
                      "Plan Width": 77,
                      "Plans": [
                        {
                          "Node Type": "Hash Join",
                          "Parent Relationship": "Outer",
                          "Parallel Aware": true,
                          "Async Capable": false,
                          "Join Type": "Inner",
                          "Startup Cost": 23685.17,
                          "Total Cost": 56520.15,
                          "Plan Rows": 576,
                          "Plan Width": 77,
                          "Inner Unique": false,
                          "Hash Cond": "(customer_demographics.cd_demo_sk = customer.c_current_cdemo_sk)",
                          "Plans": [
                            {
                              "Node Type": "Seq Scan",
                              "Parent Relationship": "Outer",
                              "Parallel Aware": true,
                              "Async Capable": false,
                              "Relation Name": "customer_demographics",
                              "Alias": "customer_demographics",
                              "Startup Cost": 0.0,
                              "Total Cost": 29831.33,
                              "Plan Rows": 800333,
                              "Plan Width": 4,
                              "parent": 6,
                              "ID": 7
                            },
                            {
                              "Node Type": "Hash",
                              "Parent Relationship": "Inner",
                              "Parallel Aware": true,
                              "Async Capable": false,
                              "Startup Cost": 23677.7,
                              "Total Cost": 23677.7,
                              "Plan Rows": 597,
                              "Plan Width": 73,
                              "Plans": [
                                {
                                  "Node Type": "Hash Join",
                                  "Parent Relationship": "Outer",
                                  "Parallel Aware": false,
                                  "Async Capable": false,
                                  "Join Type": "Inner",
                                  "Startup Cost": 6958.2,
                                  "Total Cost": 23677.7,
                                  "Plan Rows": 597,
                                  "Plan Width": 73,
                                  "Inner Unique": false,
                                  "Hash Cond": "(customer.c_current_hdemo_sk = household_demographics.hd_demo_sk)",
                                  "Plans": [
                                    {
                                      "Node Type": "Hash Join",
                                      "Parent Relationship": "Outer",
                                      "Parallel Aware": true,
                                      "Async Capable": false,
                                      "Join Type": "Inner",
                                      "Startup Cost": 6748.11,
                                      "Total Cost": 23455.04,
                                      "Plan Rows": 1764,
                                      "Plan Width": 77,
                                      "Inner Unique": false,
                                      "Hash Cond": "(customer.c_current_addr_sk = customer_address.ca_address_sk)",
                                      "Plans": [
                                        {
                                          "Node Type": "Seq Scan",
                                          "Parent Relationship": "Outer",
                                          "Parallel Aware": true,
                                          "Async Capable": false,
                                          "Relation Name": "customer",
                                          "Alias": "customer",
                                          "Startup Cost": 0.0,
                                          "Total Cost": 15918.33,
                                          "Plan Rows": 208333,
                                          "Plan Width": 81,
                                          "parent": 10,
                                          "ID": 11
                                        },
                                        {
                                          "Node Type": "Hash",
                                          "Parent Relationship": "Inner",
                                          "Parallel Aware": true,
                                          "Async Capable": false,
                                          "Startup Cost": 6737.08,
                                          "Total Cost": 6737.08,
                                          "Plan Rows": 882,
                                          "Plan Width": 4,
                                          "Plans": [
                                            {
                                              "Node Type": "Seq Scan",
                                              "Parent Relationship": "Outer",
                                              "Parallel Aware": true,
                                              "Async Capable": false,
                                              "Relation Name": "customer_address",
                                              "Alias": "customer_address",
                                              "Startup Cost": 0.0,
                                              "Total Cost": 6737.08,
                                              "Plan Rows": 882,
                                              "Plan Width": 4,
                                              "Filter": "((ca_city)::text = 'Union Hill'::text)",
                                              "parent": 12,
                                              "ID": 13
                                            }
                                          ],
                                          "parent": 10,
                                          "ID": 12,
                                          "left": 13
                                        }
                                      ],
                                      "parent": 9,
                                      "ID": 10,
                                      "left": 11,
                                      "right": 12
                                    },
                                    {
                                      "Node Type": "Hash",
                                      "Parent Relationship": "Inner",
                                      "Parallel Aware": false,
                                      "Async Capable": false,
                                      "Startup Cost": 178.59,
                                      "Total Cost": 178.59,
                                      "Plan Rows": 2520,
                                      "Plan Width": 4,
                                      "Plans": [
                                        {
                                          "Node Type": "Hash Join",
                                          "Parent Relationship": "Outer",
                                          "Parallel Aware": false,
                                          "Async Capable": false,
                                          "Join Type": "Inner",
                                          "Startup Cost": 1.39,
                                          "Total Cost": 178.59,
                                          "Plan Rows": 2520,
                                          "Plan Width": 4,
                                          "Inner Unique": false,
                                          "Hash Cond": "(household_demographics.hd_income_band_sk = income_band.ib_income_band_sk)",
                                          "Plans": [
                                            {
                                              "Node Type": "Seq Scan",
                                              "Parent Relationship": "Outer",
                                              "Parallel Aware": false,
                                              "Async Capable": false,
                                              "Relation Name": "household_demographics",
                                              "Alias": "household_demographics",
                                              "Startup Cost": 0.0,
                                              "Total Cost": 125.0,
                                              "Plan Rows": 7200,
                                              "Plan Width": 8,
                                              "parent": 15,
                                              "ID": 16
                                            },
                                            {
                                              "Node Type": "Hash",
                                              "Parent Relationship": "Inner",
                                              "Parallel Aware": false,
                                              "Async Capable": false,
                                              "Startup Cost": 1.3,
                                              "Total Cost": 1.3,
                                              "Plan Rows": 7,
                                              "Plan Width": 4,
                                              "Plans": [
                                                {
                                                  "Node Type": "Seq Scan",
                                                  "Parent Relationship": "Outer",
                                                  "Parallel Aware": false,
                                                  "Async Capable": false,
                                                  "Relation Name": "income_band",
                                                  "Alias": "income_band",
                                                  "Startup Cost": 0.0,
                                                  "Total Cost": 1.3,
                                                  "Plan Rows": 7,
                                                  "Plan Width": 4,
                                                  "Filter": "((ib_lower_bound >= 50882) AND (ib_upper_bound <= 100882))",
                                                  "parent": 17,
                                                  "ID": 18
                                                }
                                              ],
                                              "parent": 15,
                                              "ID": 17,
                                              "left": 18
                                            }
                                          ],
                                          "parent": 14,
                                          "ID": 15,
                                          "left": 16,
                                          "right": 17
                                        }
                                      ],
                                      "parent": 9,
                                      "ID": 14,
                                      "left": 15
                                    }
                                  ],
                                  "parent": 8,
                                  "ID": 9,
                                  "left": 10,
                                  "right": 14
                                }
                              ],
                              "parent": 6,
                              "ID": 8,
                              "left": 9
                            }
                          ],
                          "parent": 5,
                          "ID": 6,
                          "left": 7,
                          "right": 8
                        }
                      ],
                      "parent": 3,
                      "ID": 5,
                      "left": 6
                    }
                  ],
                  "parent": 2,
                  "ID": 3,
                  "left": 4,
                  "right": 5
                }
              ],
              "parent": 1,
              "ID": 2,
              "left": 3
            }
          ],
          "parent": 0,
          "ID": 1,
          "left": 2
        }
      ],
      "parent": null,
      "ID": 0,
      "left": 1
    },
    "feat": {
      "utility": 0.0,
      "query_shape": [
        [
          "Seq Scan",
          "Hash Join",
          "Sort",
          "Gather Merge"
        ],
        [
          "Seq Scan",
          "Hash Join",
          "Hash",
          "Sort",
          "Gather Merge"
        ],
        [
          "Seq Scan",
          "Hash Join",
          "Hash",
          "Sort",
          "Gather Merge"
        ],
        [
          "Seq Scan",
          "Hash",
          "Hash Join",
          "Sort",
          "Gather Merge"
        ],
        [
          "Seq Scan",
          "Hash Join",
          "Hash",
          "Sort",
          "Gather Merge"
        ],
        [
          "Seq Scan",
          "Hash",
          "Hash Join",
          "Sort",
          "Gather Merge"
        ]
      ],
      "index_shape": [
        "order-by"
      ],
      "physical_operator": {
        "Sort": [
          "[0. 0. 0. 0. 0. 0. 0. 0. 0. 0. 0. 0. 0. 0. 0. 0. 0. 0. 0. 0. 0. 0. 0. 0.\n 0. 0. 0. 0. 0. 0. 0. 0. 0. 0. 0. 0. 0. 0. 0. 0. 0. 0. 0. 0. 0. 0. 0. 0.\n 0. 0. 0.]"
        ]
      }
    }
  },
  {
    "query": "select  c_customer_id as customer_id\n       , coalesce(c_last_name,'') || ', ' || coalesce(c_first_name,'') as customername\n from customer\n     ,customer_address\n     ,customer_demographics\n     ,household_demographics\n     ,income_band\n     ,store_returns\n where ca_city\t        =  'Union Hill'\n   and c_current_addr_sk = ca_address_sk\n   and ib_lower_bound   >=  50882\n   and ib_upper_bound   <=  50882 + 50000\n   and ib_income_band_sk = hd_income_band_sk\n   and cd_demo_sk = c_current_cdemo_sk\n   and hd_demo_sk = c_current_hdemo_sk\n   and sr_cdemo_sk = cd_demo_sk\n order by c_customer_id\n limit 100;\n\n-- end query 64 in stream 0 using template query84.tpl\n",
    "indexes": "customer.c_last_name",
    "wo plan est": {
      "Node Type": "Limit",
      "Parallel Aware": false,
      "Async Capable": false,
      "Startup Cost": 121951.72,
      "Total Cost": 121963.38,
      "Plan Rows": 100,
      "Plan Width": 49,
      "Plans": [
        {
          "Node Type": "Gather Merge",
          "Parent Relationship": "Outer",
          "Parallel Aware": false,
          "Async Capable": false,
          "Startup Cost": 121951.72,
          "Total Cost": 122145.86,
          "Plan Rows": 1664,
          "Plan Width": 49,
          "Workers Planned": 2,
          "Plans": [
            {
              "Node Type": "Sort",
              "Parent Relationship": "Outer",
              "Parallel Aware": false,
              "Async Capable": false,
              "Startup Cost": 120951.69,
              "Total Cost": 120953.77,
              "Plan Rows": 832,
              "Plan Width": 49,
              "Sort Key": [
                "customer.c_customer_id"
              ],
              "Plans": [
                {
                  "Node Type": "Hash Join",
                  "Parent Relationship": "Outer",
                  "Parallel Aware": true,
                  "Async Capable": false,
                  "Join Type": "Inner",
                  "Startup Cost": 56527.35,
                  "Total Cost": 120919.89,
                  "Plan Rows": 832,
                  "Plan Width": 49,
                  "Inner Unique": false,
                  "Hash Cond": "(store_returns.sr_cdemo_sk = customer_demographics.cd_demo_sk)",
                  "Plans": [
                    {
                      "Node Type": "Seq Scan",
                      "Parent Relationship": "Outer",
                      "Parallel Aware": true,
                      "Async Capable": false,
                      "Relation Name": "store_returns",
                      "Alias": "store_returns",
                      "Startup Cost": 0.0,
                      "Total Cost": 59887.64,
                      "Plan Rows": 1198164,
                      "Plan Width": 4,
                      "parent": 3,
                      "ID": 4
                    },
                    {
                      "Node Type": "Hash",
                      "Parent Relationship": "Inner",
                      "Parallel Aware": true,
                      "Async Capable": false,
                      "Startup Cost": 56520.15,
                      "Total Cost": 56520.15,
                      "Plan Rows": 576,
                      "Plan Width": 77,
                      "Plans": [
                        {
                          "Node Type": "Hash Join",
                          "Parent Relationship": "Outer",
                          "Parallel Aware": true,
                          "Async Capable": false,
                          "Join Type": "Inner",
                          "Startup Cost": 23685.17,
                          "Total Cost": 56520.15,
                          "Plan Rows": 576,
                          "Plan Width": 77,
                          "Inner Unique": false,
                          "Hash Cond": "(customer_demographics.cd_demo_sk = customer.c_current_cdemo_sk)",
                          "Plans": [
                            {
                              "Node Type": "Seq Scan",
                              "Parent Relationship": "Outer",
                              "Parallel Aware": true,
                              "Async Capable": false,
                              "Relation Name": "customer_demographics",
                              "Alias": "customer_demographics",
                              "Startup Cost": 0.0,
                              "Total Cost": 29831.33,
                              "Plan Rows": 800333,
                              "Plan Width": 4,
                              "parent": 6,
                              "ID": 7
                            },
                            {
                              "Node Type": "Hash",
                              "Parent Relationship": "Inner",
                              "Parallel Aware": true,
                              "Async Capable": false,
                              "Startup Cost": 23677.7,
                              "Total Cost": 23677.7,
                              "Plan Rows": 597,
                              "Plan Width": 73,
                              "Plans": [
                                {
                                  "Node Type": "Hash Join",
                                  "Parent Relationship": "Outer",
                                  "Parallel Aware": false,
                                  "Async Capable": false,
                                  "Join Type": "Inner",
                                  "Startup Cost": 6958.2,
                                  "Total Cost": 23677.7,
                                  "Plan Rows": 597,
                                  "Plan Width": 73,
                                  "Inner Unique": false,
                                  "Hash Cond": "(customer.c_current_hdemo_sk = household_demographics.hd_demo_sk)",
                                  "Plans": [
                                    {
                                      "Node Type": "Hash Join",
                                      "Parent Relationship": "Outer",
                                      "Parallel Aware": true,
                                      "Async Capable": false,
                                      "Join Type": "Inner",
                                      "Startup Cost": 6748.11,
                                      "Total Cost": 23455.04,
                                      "Plan Rows": 1764,
                                      "Plan Width": 77,
                                      "Inner Unique": false,
                                      "Hash Cond": "(customer.c_current_addr_sk = customer_address.ca_address_sk)",
                                      "Plans": [
                                        {
                                          "Node Type": "Seq Scan",
                                          "Parent Relationship": "Outer",
                                          "Parallel Aware": true,
                                          "Async Capable": false,
                                          "Relation Name": "customer",
                                          "Alias": "customer",
                                          "Startup Cost": 0.0,
                                          "Total Cost": 15918.33,
                                          "Plan Rows": 208333,
                                          "Plan Width": 81,
                                          "parent": 10,
                                          "ID": 11
                                        },
                                        {
                                          "Node Type": "Hash",
                                          "Parent Relationship": "Inner",
                                          "Parallel Aware": true,
                                          "Async Capable": false,
                                          "Startup Cost": 6737.08,
                                          "Total Cost": 6737.08,
                                          "Plan Rows": 882,
                                          "Plan Width": 4,
                                          "Plans": [
                                            {
                                              "Node Type": "Seq Scan",
                                              "Parent Relationship": "Outer",
                                              "Parallel Aware": true,
                                              "Async Capable": false,
                                              "Relation Name": "customer_address",
                                              "Alias": "customer_address",
                                              "Startup Cost": 0.0,
                                              "Total Cost": 6737.08,
                                              "Plan Rows": 882,
                                              "Plan Width": 4,
                                              "Filter": "((ca_city)::text = 'Union Hill'::text)",
                                              "parent": 12,
                                              "ID": 13
                                            }
                                          ],
                                          "parent": 10,
                                          "ID": 12,
                                          "left": 13
                                        }
                                      ],
                                      "parent": 9,
                                      "ID": 10,
                                      "left": 11,
                                      "right": 12
                                    },
                                    {
                                      "Node Type": "Hash",
                                      "Parent Relationship": "Inner",
                                      "Parallel Aware": false,
                                      "Async Capable": false,
                                      "Startup Cost": 178.59,
                                      "Total Cost": 178.59,
                                      "Plan Rows": 2520,
                                      "Plan Width": 4,
                                      "Plans": [
                                        {
                                          "Node Type": "Hash Join",
                                          "Parent Relationship": "Outer",
                                          "Parallel Aware": false,
                                          "Async Capable": false,
                                          "Join Type": "Inner",
                                          "Startup Cost": 1.39,
                                          "Total Cost": 178.59,
                                          "Plan Rows": 2520,
                                          "Plan Width": 4,
                                          "Inner Unique": false,
                                          "Hash Cond": "(household_demographics.hd_income_band_sk = income_band.ib_income_band_sk)",
                                          "Plans": [
                                            {
                                              "Node Type": "Seq Scan",
                                              "Parent Relationship": "Outer",
                                              "Parallel Aware": false,
                                              "Async Capable": false,
                                              "Relation Name": "household_demographics",
                                              "Alias": "household_demographics",
                                              "Startup Cost": 0.0,
                                              "Total Cost": 125.0,
                                              "Plan Rows": 7200,
                                              "Plan Width": 8,
                                              "parent": 15,
                                              "ID": 16
                                            },
                                            {
                                              "Node Type": "Hash",
                                              "Parent Relationship": "Inner",
                                              "Parallel Aware": false,
                                              "Async Capable": false,
                                              "Startup Cost": 1.3,
                                              "Total Cost": 1.3,
                                              "Plan Rows": 7,
                                              "Plan Width": 4,
                                              "Plans": [
                                                {
                                                  "Node Type": "Seq Scan",
                                                  "Parent Relationship": "Outer",
                                                  "Parallel Aware": false,
                                                  "Async Capable": false,
                                                  "Relation Name": "income_band",
                                                  "Alias": "income_band",
                                                  "Startup Cost": 0.0,
                                                  "Total Cost": 1.3,
                                                  "Plan Rows": 7,
                                                  "Plan Width": 4,
                                                  "Filter": "((ib_lower_bound >= 50882) AND (ib_upper_bound <= 100882))",
                                                  "parent": 17,
                                                  "ID": 18
                                                }
                                              ],
                                              "parent": 15,
                                              "ID": 17,
                                              "left": 18
                                            }
                                          ],
                                          "parent": 14,
                                          "ID": 15,
                                          "left": 16,
                                          "right": 17
                                        }
                                      ],
                                      "parent": 9,
                                      "ID": 14,
                                      "left": 15
                                    }
                                  ],
                                  "parent": 8,
                                  "ID": 9,
                                  "left": 10,
                                  "right": 14
                                }
                              ],
                              "parent": 6,
                              "ID": 8,
                              "left": 9
                            }
                          ],
                          "parent": 5,
                          "ID": 6,
                          "left": 7,
                          "right": 8
                        }
                      ],
                      "parent": 3,
                      "ID": 5,
                      "left": 6
                    }
                  ],
                  "parent": 2,
                  "ID": 3,
                  "left": 4,
                  "right": 5
                }
              ],
              "parent": 1,
              "ID": 2,
              "left": 3
            }
          ],
          "parent": 0,
          "ID": 1,
          "left": 2
        }
      ],
      "parent": null,
      "ID": 0,
      "left": 1
    },
    "feat": {
      "utility": 0.0,
      "query_shape": [
        [
          "Seq Scan",
          "Hash Join",
          "Sort",
          "Gather Merge"
        ],
        [
          "Seq Scan",
          "Hash Join",
          "Hash",
          "Sort",
          "Gather Merge"
        ],
        [
          "Seq Scan",
          "Hash Join",
          "Hash",
          "Sort",
          "Gather Merge"
        ],
        [
          "Seq Scan",
          "Hash",
          "Hash Join",
          "Sort",
          "Gather Merge"
        ],
        [
          "Seq Scan",
          "Hash Join",
          "Hash",
          "Sort",
          "Gather Merge"
        ],
        [
          "Seq Scan",
          "Hash",
          "Hash Join",
          "Sort",
          "Gather Merge"
        ]
      ],
      "index_shape": [],
      "physical_operator": {}
    }
  },
  {
    "query": "select  c_customer_id as customer_id\n       , coalesce(c_last_name,'') || ', ' || coalesce(c_first_name,'') as customername\n from customer\n     ,customer_address\n     ,customer_demographics\n     ,household_demographics\n     ,income_band\n     ,store_returns\n where ca_city\t        =  'Union Hill'\n   and c_current_addr_sk = ca_address_sk\n   and ib_lower_bound   >=  50882\n   and ib_upper_bound   <=  50882 + 50000\n   and ib_income_band_sk = hd_income_band_sk\n   and cd_demo_sk = c_current_cdemo_sk\n   and hd_demo_sk = c_current_hdemo_sk\n   and sr_cdemo_sk = cd_demo_sk\n order by c_customer_id\n limit 100;\n\n-- end query 64 in stream 0 using template query84.tpl\n",
    "indexes": "customer.c_first_name",
    "wo plan est": {
      "Node Type": "Limit",
      "Parallel Aware": false,
      "Async Capable": false,
      "Startup Cost": 121951.72,
      "Total Cost": 121963.38,
      "Plan Rows": 100,
      "Plan Width": 49,
      "Plans": [
        {
          "Node Type": "Gather Merge",
          "Parent Relationship": "Outer",
          "Parallel Aware": false,
          "Async Capable": false,
          "Startup Cost": 121951.72,
          "Total Cost": 122145.86,
          "Plan Rows": 1664,
          "Plan Width": 49,
          "Workers Planned": 2,
          "Plans": [
            {
              "Node Type": "Sort",
              "Parent Relationship": "Outer",
              "Parallel Aware": false,
              "Async Capable": false,
              "Startup Cost": 120951.69,
              "Total Cost": 120953.77,
              "Plan Rows": 832,
              "Plan Width": 49,
              "Sort Key": [
                "customer.c_customer_id"
              ],
              "Plans": [
                {
                  "Node Type": "Hash Join",
                  "Parent Relationship": "Outer",
                  "Parallel Aware": true,
                  "Async Capable": false,
                  "Join Type": "Inner",
                  "Startup Cost": 56527.35,
                  "Total Cost": 120919.89,
                  "Plan Rows": 832,
                  "Plan Width": 49,
                  "Inner Unique": false,
                  "Hash Cond": "(store_returns.sr_cdemo_sk = customer_demographics.cd_demo_sk)",
                  "Plans": [
                    {
                      "Node Type": "Seq Scan",
                      "Parent Relationship": "Outer",
                      "Parallel Aware": true,
                      "Async Capable": false,
                      "Relation Name": "store_returns",
                      "Alias": "store_returns",
                      "Startup Cost": 0.0,
                      "Total Cost": 59887.64,
                      "Plan Rows": 1198164,
                      "Plan Width": 4,
                      "parent": 3,
                      "ID": 4
                    },
                    {
                      "Node Type": "Hash",
                      "Parent Relationship": "Inner",
                      "Parallel Aware": true,
                      "Async Capable": false,
                      "Startup Cost": 56520.15,
                      "Total Cost": 56520.15,
                      "Plan Rows": 576,
                      "Plan Width": 77,
                      "Plans": [
                        {
                          "Node Type": "Hash Join",
                          "Parent Relationship": "Outer",
                          "Parallel Aware": true,
                          "Async Capable": false,
                          "Join Type": "Inner",
                          "Startup Cost": 23685.17,
                          "Total Cost": 56520.15,
                          "Plan Rows": 576,
                          "Plan Width": 77,
                          "Inner Unique": false,
                          "Hash Cond": "(customer_demographics.cd_demo_sk = customer.c_current_cdemo_sk)",
                          "Plans": [
                            {
                              "Node Type": "Seq Scan",
                              "Parent Relationship": "Outer",
                              "Parallel Aware": true,
                              "Async Capable": false,
                              "Relation Name": "customer_demographics",
                              "Alias": "customer_demographics",
                              "Startup Cost": 0.0,
                              "Total Cost": 29831.33,
                              "Plan Rows": 800333,
                              "Plan Width": 4,
                              "parent": 6,
                              "ID": 7
                            },
                            {
                              "Node Type": "Hash",
                              "Parent Relationship": "Inner",
                              "Parallel Aware": true,
                              "Async Capable": false,
                              "Startup Cost": 23677.7,
                              "Total Cost": 23677.7,
                              "Plan Rows": 597,
                              "Plan Width": 73,
                              "Plans": [
                                {
                                  "Node Type": "Hash Join",
                                  "Parent Relationship": "Outer",
                                  "Parallel Aware": false,
                                  "Async Capable": false,
                                  "Join Type": "Inner",
                                  "Startup Cost": 6958.2,
                                  "Total Cost": 23677.7,
                                  "Plan Rows": 597,
                                  "Plan Width": 73,
                                  "Inner Unique": false,
                                  "Hash Cond": "(customer.c_current_hdemo_sk = household_demographics.hd_demo_sk)",
                                  "Plans": [
                                    {
                                      "Node Type": "Hash Join",
                                      "Parent Relationship": "Outer",
                                      "Parallel Aware": true,
                                      "Async Capable": false,
                                      "Join Type": "Inner",
                                      "Startup Cost": 6748.11,
                                      "Total Cost": 23455.04,
                                      "Plan Rows": 1764,
                                      "Plan Width": 77,
                                      "Inner Unique": false,
                                      "Hash Cond": "(customer.c_current_addr_sk = customer_address.ca_address_sk)",
                                      "Plans": [
                                        {
                                          "Node Type": "Seq Scan",
                                          "Parent Relationship": "Outer",
                                          "Parallel Aware": true,
                                          "Async Capable": false,
                                          "Relation Name": "customer",
                                          "Alias": "customer",
                                          "Startup Cost": 0.0,
                                          "Total Cost": 15918.33,
                                          "Plan Rows": 208333,
                                          "Plan Width": 81,
                                          "parent": 10,
                                          "ID": 11
                                        },
                                        {
                                          "Node Type": "Hash",
                                          "Parent Relationship": "Inner",
                                          "Parallel Aware": true,
                                          "Async Capable": false,
                                          "Startup Cost": 6737.08,
                                          "Total Cost": 6737.08,
                                          "Plan Rows": 882,
                                          "Plan Width": 4,
                                          "Plans": [
                                            {
                                              "Node Type": "Seq Scan",
                                              "Parent Relationship": "Outer",
                                              "Parallel Aware": true,
                                              "Async Capable": false,
                                              "Relation Name": "customer_address",
                                              "Alias": "customer_address",
                                              "Startup Cost": 0.0,
                                              "Total Cost": 6737.08,
                                              "Plan Rows": 882,
                                              "Plan Width": 4,
                                              "Filter": "((ca_city)::text = 'Union Hill'::text)",
                                              "parent": 12,
                                              "ID": 13
                                            }
                                          ],
                                          "parent": 10,
                                          "ID": 12,
                                          "left": 13
                                        }
                                      ],
                                      "parent": 9,
                                      "ID": 10,
                                      "left": 11,
                                      "right": 12
                                    },
                                    {
                                      "Node Type": "Hash",
                                      "Parent Relationship": "Inner",
                                      "Parallel Aware": false,
                                      "Async Capable": false,
                                      "Startup Cost": 178.59,
                                      "Total Cost": 178.59,
                                      "Plan Rows": 2520,
                                      "Plan Width": 4,
                                      "Plans": [
                                        {
                                          "Node Type": "Hash Join",
                                          "Parent Relationship": "Outer",
                                          "Parallel Aware": false,
                                          "Async Capable": false,
                                          "Join Type": "Inner",
                                          "Startup Cost": 1.39,
                                          "Total Cost": 178.59,
                                          "Plan Rows": 2520,
                                          "Plan Width": 4,
                                          "Inner Unique": false,
                                          "Hash Cond": "(household_demographics.hd_income_band_sk = income_band.ib_income_band_sk)",
                                          "Plans": [
                                            {
                                              "Node Type": "Seq Scan",
                                              "Parent Relationship": "Outer",
                                              "Parallel Aware": false,
                                              "Async Capable": false,
                                              "Relation Name": "household_demographics",
                                              "Alias": "household_demographics",
                                              "Startup Cost": 0.0,
                                              "Total Cost": 125.0,
                                              "Plan Rows": 7200,
                                              "Plan Width": 8,
                                              "parent": 15,
                                              "ID": 16
                                            },
                                            {
                                              "Node Type": "Hash",
                                              "Parent Relationship": "Inner",
                                              "Parallel Aware": false,
                                              "Async Capable": false,
                                              "Startup Cost": 1.3,
                                              "Total Cost": 1.3,
                                              "Plan Rows": 7,
                                              "Plan Width": 4,
                                              "Plans": [
                                                {
                                                  "Node Type": "Seq Scan",
                                                  "Parent Relationship": "Outer",
                                                  "Parallel Aware": false,
                                                  "Async Capable": false,
                                                  "Relation Name": "income_band",
                                                  "Alias": "income_band",
                                                  "Startup Cost": 0.0,
                                                  "Total Cost": 1.3,
                                                  "Plan Rows": 7,
                                                  "Plan Width": 4,
                                                  "Filter": "((ib_lower_bound >= 50882) AND (ib_upper_bound <= 100882))",
                                                  "parent": 17,
                                                  "ID": 18
                                                }
                                              ],
                                              "parent": 15,
                                              "ID": 17,
                                              "left": 18
                                            }
                                          ],
                                          "parent": 14,
                                          "ID": 15,
                                          "left": 16,
                                          "right": 17
                                        }
                                      ],
                                      "parent": 9,
                                      "ID": 14,
                                      "left": 15
                                    }
                                  ],
                                  "parent": 8,
                                  "ID": 9,
                                  "left": 10,
                                  "right": 14
                                }
                              ],
                              "parent": 6,
                              "ID": 8,
                              "left": 9
                            }
                          ],
                          "parent": 5,
                          "ID": 6,
                          "left": 7,
                          "right": 8
                        }
                      ],
                      "parent": 3,
                      "ID": 5,
                      "left": 6
                    }
                  ],
                  "parent": 2,
                  "ID": 3,
                  "left": 4,
                  "right": 5
                }
              ],
              "parent": 1,
              "ID": 2,
              "left": 3
            }
          ],
          "parent": 0,
          "ID": 1,
          "left": 2
        }
      ],
      "parent": null,
      "ID": 0,
      "left": 1
    },
    "feat": {
      "utility": 0.0,
      "query_shape": [
        [
          "Seq Scan",
          "Hash Join",
          "Sort",
          "Gather Merge"
        ],
        [
          "Seq Scan",
          "Hash Join",
          "Hash",
          "Sort",
          "Gather Merge"
        ],
        [
          "Seq Scan",
          "Hash Join",
          "Hash",
          "Sort",
          "Gather Merge"
        ],
        [
          "Seq Scan",
          "Hash",
          "Hash Join",
          "Sort",
          "Gather Merge"
        ],
        [
          "Seq Scan",
          "Hash Join",
          "Hash",
          "Sort",
          "Gather Merge"
        ],
        [
          "Seq Scan",
          "Hash",
          "Hash Join",
          "Sort",
          "Gather Merge"
        ]
      ],
      "index_shape": [],
      "physical_operator": {}
    }
  },
  {
    "query": "select  c_customer_id as customer_id\n       , coalesce(c_last_name,'') || ', ' || coalesce(c_first_name,'') as customername\n from customer\n     ,customer_address\n     ,customer_demographics\n     ,household_demographics\n     ,income_band\n     ,store_returns\n where ca_city\t        =  'Union Hill'\n   and c_current_addr_sk = ca_address_sk\n   and ib_lower_bound   >=  50882\n   and ib_upper_bound   <=  50882 + 50000\n   and ib_income_band_sk = hd_income_band_sk\n   and cd_demo_sk = c_current_cdemo_sk\n   and hd_demo_sk = c_current_hdemo_sk\n   and sr_cdemo_sk = cd_demo_sk\n order by c_customer_id\n limit 100;\n\n-- end query 64 in stream 0 using template query84.tpl\n",
    "indexes": "customer_address.ca_address_sk",
    "wo plan est": {
      "Node Type": "Limit",
      "Parallel Aware": false,
      "Async Capable": false,
      "Startup Cost": 121951.72,
      "Total Cost": 121963.38,
      "Plan Rows": 100,
      "Plan Width": 49,
      "Plans": [
        {
          "Node Type": "Gather Merge",
          "Parent Relationship": "Outer",
          "Parallel Aware": false,
          "Async Capable": false,
          "Startup Cost": 121951.72,
          "Total Cost": 122145.86,
          "Plan Rows": 1664,
          "Plan Width": 49,
          "Workers Planned": 2,
          "Plans": [
            {
              "Node Type": "Sort",
              "Parent Relationship": "Outer",
              "Parallel Aware": false,
              "Async Capable": false,
              "Startup Cost": 120951.69,
              "Total Cost": 120953.77,
              "Plan Rows": 832,
              "Plan Width": 49,
              "Sort Key": [
                "customer.c_customer_id"
              ],
              "Plans": [
                {
                  "Node Type": "Hash Join",
                  "Parent Relationship": "Outer",
                  "Parallel Aware": true,
                  "Async Capable": false,
                  "Join Type": "Inner",
                  "Startup Cost": 56527.35,
                  "Total Cost": 120919.89,
                  "Plan Rows": 832,
                  "Plan Width": 49,
                  "Inner Unique": false,
                  "Hash Cond": "(store_returns.sr_cdemo_sk = customer_demographics.cd_demo_sk)",
                  "Plans": [
                    {
                      "Node Type": "Seq Scan",
                      "Parent Relationship": "Outer",
                      "Parallel Aware": true,
                      "Async Capable": false,
                      "Relation Name": "store_returns",
                      "Alias": "store_returns",
                      "Startup Cost": 0.0,
                      "Total Cost": 59887.64,
                      "Plan Rows": 1198164,
                      "Plan Width": 4,
                      "parent": 3,
                      "ID": 4
                    },
                    {
                      "Node Type": "Hash",
                      "Parent Relationship": "Inner",
                      "Parallel Aware": true,
                      "Async Capable": false,
                      "Startup Cost": 56520.15,
                      "Total Cost": 56520.15,
                      "Plan Rows": 576,
                      "Plan Width": 77,
                      "Plans": [
                        {
                          "Node Type": "Hash Join",
                          "Parent Relationship": "Outer",
                          "Parallel Aware": true,
                          "Async Capable": false,
                          "Join Type": "Inner",
                          "Startup Cost": 23685.17,
                          "Total Cost": 56520.15,
                          "Plan Rows": 576,
                          "Plan Width": 77,
                          "Inner Unique": false,
                          "Hash Cond": "(customer_demographics.cd_demo_sk = customer.c_current_cdemo_sk)",
                          "Plans": [
                            {
                              "Node Type": "Seq Scan",
                              "Parent Relationship": "Outer",
                              "Parallel Aware": true,
                              "Async Capable": false,
                              "Relation Name": "customer_demographics",
                              "Alias": "customer_demographics",
                              "Startup Cost": 0.0,
                              "Total Cost": 29831.33,
                              "Plan Rows": 800333,
                              "Plan Width": 4,
                              "parent": 6,
                              "ID": 7
                            },
                            {
                              "Node Type": "Hash",
                              "Parent Relationship": "Inner",
                              "Parallel Aware": true,
                              "Async Capable": false,
                              "Startup Cost": 23677.7,
                              "Total Cost": 23677.7,
                              "Plan Rows": 597,
                              "Plan Width": 73,
                              "Plans": [
                                {
                                  "Node Type": "Hash Join",
                                  "Parent Relationship": "Outer",
                                  "Parallel Aware": false,
                                  "Async Capable": false,
                                  "Join Type": "Inner",
                                  "Startup Cost": 6958.2,
                                  "Total Cost": 23677.7,
                                  "Plan Rows": 597,
                                  "Plan Width": 73,
                                  "Inner Unique": false,
                                  "Hash Cond": "(customer.c_current_hdemo_sk = household_demographics.hd_demo_sk)",
                                  "Plans": [
                                    {
                                      "Node Type": "Hash Join",
                                      "Parent Relationship": "Outer",
                                      "Parallel Aware": true,
                                      "Async Capable": false,
                                      "Join Type": "Inner",
                                      "Startup Cost": 6748.11,
                                      "Total Cost": 23455.04,
                                      "Plan Rows": 1764,
                                      "Plan Width": 77,
                                      "Inner Unique": false,
                                      "Hash Cond": "(customer.c_current_addr_sk = customer_address.ca_address_sk)",
                                      "Plans": [
                                        {
                                          "Node Type": "Seq Scan",
                                          "Parent Relationship": "Outer",
                                          "Parallel Aware": true,
                                          "Async Capable": false,
                                          "Relation Name": "customer",
                                          "Alias": "customer",
                                          "Startup Cost": 0.0,
                                          "Total Cost": 15918.33,
                                          "Plan Rows": 208333,
                                          "Plan Width": 81,
                                          "parent": 10,
                                          "ID": 11
                                        },
                                        {
                                          "Node Type": "Hash",
                                          "Parent Relationship": "Inner",
                                          "Parallel Aware": true,
                                          "Async Capable": false,
                                          "Startup Cost": 6737.08,
                                          "Total Cost": 6737.08,
                                          "Plan Rows": 882,
                                          "Plan Width": 4,
                                          "Plans": [
                                            {
                                              "Node Type": "Seq Scan",
                                              "Parent Relationship": "Outer",
                                              "Parallel Aware": true,
                                              "Async Capable": false,
                                              "Relation Name": "customer_address",
                                              "Alias": "customer_address",
                                              "Startup Cost": 0.0,
                                              "Total Cost": 6737.08,
                                              "Plan Rows": 882,
                                              "Plan Width": 4,
                                              "Filter": "((ca_city)::text = 'Union Hill'::text)",
                                              "parent": 12,
                                              "ID": 13
                                            }
                                          ],
                                          "parent": 10,
                                          "ID": 12,
                                          "left": 13
                                        }
                                      ],
                                      "parent": 9,
                                      "ID": 10,
                                      "left": 11,
                                      "right": 12
                                    },
                                    {
                                      "Node Type": "Hash",
                                      "Parent Relationship": "Inner",
                                      "Parallel Aware": false,
                                      "Async Capable": false,
                                      "Startup Cost": 178.59,
                                      "Total Cost": 178.59,
                                      "Plan Rows": 2520,
                                      "Plan Width": 4,
                                      "Plans": [
                                        {
                                          "Node Type": "Hash Join",
                                          "Parent Relationship": "Outer",
                                          "Parallel Aware": false,
                                          "Async Capable": false,
                                          "Join Type": "Inner",
                                          "Startup Cost": 1.39,
                                          "Total Cost": 178.59,
                                          "Plan Rows": 2520,
                                          "Plan Width": 4,
                                          "Inner Unique": false,
                                          "Hash Cond": "(household_demographics.hd_income_band_sk = income_band.ib_income_band_sk)",
                                          "Plans": [
                                            {
                                              "Node Type": "Seq Scan",
                                              "Parent Relationship": "Outer",
                                              "Parallel Aware": false,
                                              "Async Capable": false,
                                              "Relation Name": "household_demographics",
                                              "Alias": "household_demographics",
                                              "Startup Cost": 0.0,
                                              "Total Cost": 125.0,
                                              "Plan Rows": 7200,
                                              "Plan Width": 8,
                                              "parent": 15,
                                              "ID": 16
                                            },
                                            {
                                              "Node Type": "Hash",
                                              "Parent Relationship": "Inner",
                                              "Parallel Aware": false,
                                              "Async Capable": false,
                                              "Startup Cost": 1.3,
                                              "Total Cost": 1.3,
                                              "Plan Rows": 7,
                                              "Plan Width": 4,
                                              "Plans": [
                                                {
                                                  "Node Type": "Seq Scan",
                                                  "Parent Relationship": "Outer",
                                                  "Parallel Aware": false,
                                                  "Async Capable": false,
                                                  "Relation Name": "income_band",
                                                  "Alias": "income_band",
                                                  "Startup Cost": 0.0,
                                                  "Total Cost": 1.3,
                                                  "Plan Rows": 7,
                                                  "Plan Width": 4,
                                                  "Filter": "((ib_lower_bound >= 50882) AND (ib_upper_bound <= 100882))",
                                                  "parent": 17,
                                                  "ID": 18
                                                }
                                              ],
                                              "parent": 15,
                                              "ID": 17,
                                              "left": 18
                                            }
                                          ],
                                          "parent": 14,
                                          "ID": 15,
                                          "left": 16,
                                          "right": 17
                                        }
                                      ],
                                      "parent": 9,
                                      "ID": 14,
                                      "left": 15
                                    }
                                  ],
                                  "parent": 8,
                                  "ID": 9,
                                  "left": 10,
                                  "right": 14
                                }
                              ],
                              "parent": 6,
                              "ID": 8,
                              "left": 9
                            }
                          ],
                          "parent": 5,
                          "ID": 6,
                          "left": 7,
                          "right": 8
                        }
                      ],
                      "parent": 3,
                      "ID": 5,
                      "left": 6
                    }
                  ],
                  "parent": 2,
                  "ID": 3,
                  "left": 4,
                  "right": 5
                }
              ],
              "parent": 1,
              "ID": 2,
              "left": 3
            }
          ],
          "parent": 0,
          "ID": 1,
          "left": 2
        }
      ],
      "parent": null,
      "ID": 0,
      "left": 1
    },
    "feat": {
      "utility": 1.0625911598199544e-05,
      "query_shape": [
        [
          "Seq Scan",
          "Hash Join",
          "Sort",
          "Gather Merge"
        ],
        [
          "Seq Scan",
          "Hash Join",
          "Hash",
          "Sort",
          "Gather Merge"
        ],
        [
          "Seq Scan",
          "Hash Join",
          "Hash",
          "Sort",
          "Gather Merge"
        ],
        [
          "Seq Scan",
          "Hash",
          "Hash Join",
          "Sort",
          "Gather Merge"
        ],
        [
          "Seq Scan",
          "Hash Join",
          "Hash",
          "Sort",
          "Gather Merge"
        ],
        [
          "Seq Scan",
          "Hash",
          "Hash Join",
          "Sort",
          "Gather Merge"
        ]
      ],
      "index_shape": [
        "join"
      ],
      "physical_operator": {
        "Hash Join": [
          0.0030983891556782494
        ]
      }
    }
  },
  {
    "query": "select  c_customer_id as customer_id\n       , coalesce(c_last_name,'') || ', ' || coalesce(c_first_name,'') as customername\n from customer\n     ,customer_address\n     ,customer_demographics\n     ,household_demographics\n     ,income_band\n     ,store_returns\n where ca_city\t        =  'Union Hill'\n   and c_current_addr_sk = ca_address_sk\n   and ib_lower_bound   >=  50882\n   and ib_upper_bound   <=  50882 + 50000\n   and ib_income_band_sk = hd_income_band_sk\n   and cd_demo_sk = c_current_cdemo_sk\n   and hd_demo_sk = c_current_hdemo_sk\n   and sr_cdemo_sk = cd_demo_sk\n order by c_customer_id\n limit 100;\n\n-- end query 64 in stream 0 using template query84.tpl\n",
    "indexes": "customer_address.ca_city",
    "wo plan est": {
      "Node Type": "Limit",
      "Parallel Aware": false,
      "Async Capable": false,
      "Startup Cost": 121951.72,
      "Total Cost": 121963.38,
      "Plan Rows": 100,
      "Plan Width": 49,
      "Plans": [
        {
          "Node Type": "Gather Merge",
          "Parent Relationship": "Outer",
          "Parallel Aware": false,
          "Async Capable": false,
          "Startup Cost": 121951.72,
          "Total Cost": 122145.86,
          "Plan Rows": 1664,
          "Plan Width": 49,
          "Workers Planned": 2,
          "Plans": [
            {
              "Node Type": "Sort",
              "Parent Relationship": "Outer",
              "Parallel Aware": false,
              "Async Capable": false,
              "Startup Cost": 120951.69,
              "Total Cost": 120953.77,
              "Plan Rows": 832,
              "Plan Width": 49,
              "Sort Key": [
                "customer.c_customer_id"
              ],
              "Plans": [
                {
                  "Node Type": "Hash Join",
                  "Parent Relationship": "Outer",
                  "Parallel Aware": true,
                  "Async Capable": false,
                  "Join Type": "Inner",
                  "Startup Cost": 56527.35,
                  "Total Cost": 120919.89,
                  "Plan Rows": 832,
                  "Plan Width": 49,
                  "Inner Unique": false,
                  "Hash Cond": "(store_returns.sr_cdemo_sk = customer_demographics.cd_demo_sk)",
                  "Plans": [
                    {
                      "Node Type": "Seq Scan",
                      "Parent Relationship": "Outer",
                      "Parallel Aware": true,
                      "Async Capable": false,
                      "Relation Name": "store_returns",
                      "Alias": "store_returns",
                      "Startup Cost": 0.0,
                      "Total Cost": 59887.64,
                      "Plan Rows": 1198164,
                      "Plan Width": 4,
                      "parent": 3,
                      "ID": 4
                    },
                    {
                      "Node Type": "Hash",
                      "Parent Relationship": "Inner",
                      "Parallel Aware": true,
                      "Async Capable": false,
                      "Startup Cost": 56520.15,
                      "Total Cost": 56520.15,
                      "Plan Rows": 576,
                      "Plan Width": 77,
                      "Plans": [
                        {
                          "Node Type": "Hash Join",
                          "Parent Relationship": "Outer",
                          "Parallel Aware": true,
                          "Async Capable": false,
                          "Join Type": "Inner",
                          "Startup Cost": 23685.17,
                          "Total Cost": 56520.15,
                          "Plan Rows": 576,
                          "Plan Width": 77,
                          "Inner Unique": false,
                          "Hash Cond": "(customer_demographics.cd_demo_sk = customer.c_current_cdemo_sk)",
                          "Plans": [
                            {
                              "Node Type": "Seq Scan",
                              "Parent Relationship": "Outer",
                              "Parallel Aware": true,
                              "Async Capable": false,
                              "Relation Name": "customer_demographics",
                              "Alias": "customer_demographics",
                              "Startup Cost": 0.0,
                              "Total Cost": 29831.33,
                              "Plan Rows": 800333,
                              "Plan Width": 4,
                              "parent": 6,
                              "ID": 7
                            },
                            {
                              "Node Type": "Hash",
                              "Parent Relationship": "Inner",
                              "Parallel Aware": true,
                              "Async Capable": false,
                              "Startup Cost": 23677.7,
                              "Total Cost": 23677.7,
                              "Plan Rows": 597,
                              "Plan Width": 73,
                              "Plans": [
                                {
                                  "Node Type": "Hash Join",
                                  "Parent Relationship": "Outer",
                                  "Parallel Aware": false,
                                  "Async Capable": false,
                                  "Join Type": "Inner",
                                  "Startup Cost": 6958.2,
                                  "Total Cost": 23677.7,
                                  "Plan Rows": 597,
                                  "Plan Width": 73,
                                  "Inner Unique": false,
                                  "Hash Cond": "(customer.c_current_hdemo_sk = household_demographics.hd_demo_sk)",
                                  "Plans": [
                                    {
                                      "Node Type": "Hash Join",
                                      "Parent Relationship": "Outer",
                                      "Parallel Aware": true,
                                      "Async Capable": false,
                                      "Join Type": "Inner",
                                      "Startup Cost": 6748.11,
                                      "Total Cost": 23455.04,
                                      "Plan Rows": 1764,
                                      "Plan Width": 77,
                                      "Inner Unique": false,
                                      "Hash Cond": "(customer.c_current_addr_sk = customer_address.ca_address_sk)",
                                      "Plans": [
                                        {
                                          "Node Type": "Seq Scan",
                                          "Parent Relationship": "Outer",
                                          "Parallel Aware": true,
                                          "Async Capable": false,
                                          "Relation Name": "customer",
                                          "Alias": "customer",
                                          "Startup Cost": 0.0,
                                          "Total Cost": 15918.33,
                                          "Plan Rows": 208333,
                                          "Plan Width": 81,
                                          "parent": 10,
                                          "ID": 11
                                        },
                                        {
                                          "Node Type": "Hash",
                                          "Parent Relationship": "Inner",
                                          "Parallel Aware": true,
                                          "Async Capable": false,
                                          "Startup Cost": 6737.08,
                                          "Total Cost": 6737.08,
                                          "Plan Rows": 882,
                                          "Plan Width": 4,
                                          "Plans": [
                                            {
                                              "Node Type": "Seq Scan",
                                              "Parent Relationship": "Outer",
                                              "Parallel Aware": true,
                                              "Async Capable": false,
                                              "Relation Name": "customer_address",
                                              "Alias": "customer_address",
                                              "Startup Cost": 0.0,
                                              "Total Cost": 6737.08,
                                              "Plan Rows": 882,
                                              "Plan Width": 4,
                                              "Filter": "((ca_city)::text = 'Union Hill'::text)",
                                              "parent": 12,
                                              "ID": 13
                                            }
                                          ],
                                          "parent": 10,
                                          "ID": 12,
                                          "left": 13
                                        }
                                      ],
                                      "parent": 9,
                                      "ID": 10,
                                      "left": 11,
                                      "right": 12
                                    },
                                    {
                                      "Node Type": "Hash",
                                      "Parent Relationship": "Inner",
                                      "Parallel Aware": false,
                                      "Async Capable": false,
                                      "Startup Cost": 178.59,
                                      "Total Cost": 178.59,
                                      "Plan Rows": 2520,
                                      "Plan Width": 4,
                                      "Plans": [
                                        {
                                          "Node Type": "Hash Join",
                                          "Parent Relationship": "Outer",
                                          "Parallel Aware": false,
                                          "Async Capable": false,
                                          "Join Type": "Inner",
                                          "Startup Cost": 1.39,
                                          "Total Cost": 178.59,
                                          "Plan Rows": 2520,
                                          "Plan Width": 4,
                                          "Inner Unique": false,
                                          "Hash Cond": "(household_demographics.hd_income_band_sk = income_band.ib_income_band_sk)",
                                          "Plans": [
                                            {
                                              "Node Type": "Seq Scan",
                                              "Parent Relationship": "Outer",
                                              "Parallel Aware": false,
                                              "Async Capable": false,
                                              "Relation Name": "household_demographics",
                                              "Alias": "household_demographics",
                                              "Startup Cost": 0.0,
                                              "Total Cost": 125.0,
                                              "Plan Rows": 7200,
                                              "Plan Width": 8,
                                              "parent": 15,
                                              "ID": 16
                                            },
                                            {
                                              "Node Type": "Hash",
                                              "Parent Relationship": "Inner",
                                              "Parallel Aware": false,
                                              "Async Capable": false,
                                              "Startup Cost": 1.3,
                                              "Total Cost": 1.3,
                                              "Plan Rows": 7,
                                              "Plan Width": 4,
                                              "Plans": [
                                                {
                                                  "Node Type": "Seq Scan",
                                                  "Parent Relationship": "Outer",
                                                  "Parallel Aware": false,
                                                  "Async Capable": false,
                                                  "Relation Name": "income_band",
                                                  "Alias": "income_band",
                                                  "Startup Cost": 0.0,
                                                  "Total Cost": 1.3,
                                                  "Plan Rows": 7,
                                                  "Plan Width": 4,
                                                  "Filter": "((ib_lower_bound >= 50882) AND (ib_upper_bound <= 100882))",
                                                  "parent": 17,
                                                  "ID": 18
                                                }
                                              ],
                                              "parent": 15,
                                              "ID": 17,
                                              "left": 18
                                            }
                                          ],
                                          "parent": 14,
                                          "ID": 15,
                                          "left": 16,
                                          "right": 17
                                        }
                                      ],
                                      "parent": 9,
                                      "ID": 14,
                                      "left": 15
                                    }
                                  ],
                                  "parent": 8,
                                  "ID": 9,
                                  "left": 10,
                                  "right": 14
                                }
                              ],
                              "parent": 6,
                              "ID": 8,
                              "left": 9
                            }
                          ],
                          "parent": 5,
                          "ID": 6,
                          "left": 7,
                          "right": 8
                        }
                      ],
                      "parent": 3,
                      "ID": 5,
                      "left": 6
                    }
                  ],
                  "parent": 2,
                  "ID": 3,
                  "left": 4,
                  "right": 5
                }
              ],
              "parent": 1,
              "ID": 2,
              "left": 3
            }
          ],
          "parent": 0,
          "ID": 1,
          "left": 2
        }
      ],
      "parent": null,
      "ID": 0,
      "left": 1
    },
    "feat": {
      "utility": 0.05504366623620959,
      "query_shape": [
        [
          "Seq Scan",
          "Hash Join",
          "Sort",
          "Gather Merge"
        ],
        [
          "Seq Scan",
          "Hash Join",
          "Hash",
          "Sort",
          "Gather Merge"
        ],
        [
          "Seq Scan",
          "Hash Join",
          "Hash",
          "Sort",
          "Gather Merge"
        ],
        [
          "Seq Scan",
          "Hash",
          "Hash Join",
          "Sort",
          "Gather Merge"
        ],
        [
          "Seq Scan",
          "Hash Join",
          "Hash",
          "Sort",
          "Gather Merge"
        ],
        [
          "Seq Scan",
          "Hash",
          "Hash Join",
          "Sort",
          "Gather Merge"
        ]
      ],
      "index_shape": [
        "selection"
      ],
      "physical_operator": {
        "Seq Scan": [
          0.0035279999999999756
        ]
      }
    }
  },
  {
    "query": "select  c_customer_id as customer_id\n       , coalesce(c_last_name,'') || ', ' || coalesce(c_first_name,'') as customername\n from customer\n     ,customer_address\n     ,customer_demographics\n     ,household_demographics\n     ,income_band\n     ,store_returns\n where ca_city\t        =  'Union Hill'\n   and c_current_addr_sk = ca_address_sk\n   and ib_lower_bound   >=  50882\n   and ib_upper_bound   <=  50882 + 50000\n   and ib_income_band_sk = hd_income_band_sk\n   and cd_demo_sk = c_current_cdemo_sk\n   and hd_demo_sk = c_current_hdemo_sk\n   and sr_cdemo_sk = cd_demo_sk\n order by c_customer_id\n limit 100;\n\n-- end query 64 in stream 0 using template query84.tpl\n",
    "indexes": "customer_demographics.cd_demo_sk",
    "wo plan est": {
      "Node Type": "Limit",
      "Parallel Aware": false,
      "Async Capable": false,
      "Startup Cost": 121951.72,
      "Total Cost": 121963.38,
      "Plan Rows": 100,
      "Plan Width": 49,
      "Plans": [
        {
          "Node Type": "Gather Merge",
          "Parent Relationship": "Outer",
          "Parallel Aware": false,
          "Async Capable": false,
          "Startup Cost": 121951.72,
          "Total Cost": 122145.86,
          "Plan Rows": 1664,
          "Plan Width": 49,
          "Workers Planned": 2,
          "Plans": [
            {
              "Node Type": "Sort",
              "Parent Relationship": "Outer",
              "Parallel Aware": false,
              "Async Capable": false,
              "Startup Cost": 120951.69,
              "Total Cost": 120953.77,
              "Plan Rows": 832,
              "Plan Width": 49,
              "Sort Key": [
                "customer.c_customer_id"
              ],
              "Plans": [
                {
                  "Node Type": "Hash Join",
                  "Parent Relationship": "Outer",
                  "Parallel Aware": true,
                  "Async Capable": false,
                  "Join Type": "Inner",
                  "Startup Cost": 56527.35,
                  "Total Cost": 120919.89,
                  "Plan Rows": 832,
                  "Plan Width": 49,
                  "Inner Unique": false,
                  "Hash Cond": "(store_returns.sr_cdemo_sk = customer_demographics.cd_demo_sk)",
                  "Plans": [
                    {
                      "Node Type": "Seq Scan",
                      "Parent Relationship": "Outer",
                      "Parallel Aware": true,
                      "Async Capable": false,
                      "Relation Name": "store_returns",
                      "Alias": "store_returns",
                      "Startup Cost": 0.0,
                      "Total Cost": 59887.64,
                      "Plan Rows": 1198164,
                      "Plan Width": 4,
                      "parent": 3,
                      "ID": 4
                    },
                    {
                      "Node Type": "Hash",
                      "Parent Relationship": "Inner",
                      "Parallel Aware": true,
                      "Async Capable": false,
                      "Startup Cost": 56520.15,
                      "Total Cost": 56520.15,
                      "Plan Rows": 576,
                      "Plan Width": 77,
                      "Plans": [
                        {
                          "Node Type": "Hash Join",
                          "Parent Relationship": "Outer",
                          "Parallel Aware": true,
                          "Async Capable": false,
                          "Join Type": "Inner",
                          "Startup Cost": 23685.17,
                          "Total Cost": 56520.15,
                          "Plan Rows": 576,
                          "Plan Width": 77,
                          "Inner Unique": false,
                          "Hash Cond": "(customer_demographics.cd_demo_sk = customer.c_current_cdemo_sk)",
                          "Plans": [
                            {
                              "Node Type": "Seq Scan",
                              "Parent Relationship": "Outer",
                              "Parallel Aware": true,
                              "Async Capable": false,
                              "Relation Name": "customer_demographics",
                              "Alias": "customer_demographics",
                              "Startup Cost": 0.0,
                              "Total Cost": 29831.33,
                              "Plan Rows": 800333,
                              "Plan Width": 4,
                              "parent": 6,
                              "ID": 7
                            },
                            {
                              "Node Type": "Hash",
                              "Parent Relationship": "Inner",
                              "Parallel Aware": true,
                              "Async Capable": false,
                              "Startup Cost": 23677.7,
                              "Total Cost": 23677.7,
                              "Plan Rows": 597,
                              "Plan Width": 73,
                              "Plans": [
                                {
                                  "Node Type": "Hash Join",
                                  "Parent Relationship": "Outer",
                                  "Parallel Aware": false,
                                  "Async Capable": false,
                                  "Join Type": "Inner",
                                  "Startup Cost": 6958.2,
                                  "Total Cost": 23677.7,
                                  "Plan Rows": 597,
                                  "Plan Width": 73,
                                  "Inner Unique": false,
                                  "Hash Cond": "(customer.c_current_hdemo_sk = household_demographics.hd_demo_sk)",
                                  "Plans": [
                                    {
                                      "Node Type": "Hash Join",
                                      "Parent Relationship": "Outer",
                                      "Parallel Aware": true,
                                      "Async Capable": false,
                                      "Join Type": "Inner",
                                      "Startup Cost": 6748.11,
                                      "Total Cost": 23455.04,
                                      "Plan Rows": 1764,
                                      "Plan Width": 77,
                                      "Inner Unique": false,
                                      "Hash Cond": "(customer.c_current_addr_sk = customer_address.ca_address_sk)",
                                      "Plans": [
                                        {
                                          "Node Type": "Seq Scan",
                                          "Parent Relationship": "Outer",
                                          "Parallel Aware": true,
                                          "Async Capable": false,
                                          "Relation Name": "customer",
                                          "Alias": "customer",
                                          "Startup Cost": 0.0,
                                          "Total Cost": 15918.33,
                                          "Plan Rows": 208333,
                                          "Plan Width": 81,
                                          "parent": 10,
                                          "ID": 11
                                        },
                                        {
                                          "Node Type": "Hash",
                                          "Parent Relationship": "Inner",
                                          "Parallel Aware": true,
                                          "Async Capable": false,
                                          "Startup Cost": 6737.08,
                                          "Total Cost": 6737.08,
                                          "Plan Rows": 882,
                                          "Plan Width": 4,
                                          "Plans": [
                                            {
                                              "Node Type": "Seq Scan",
                                              "Parent Relationship": "Outer",
                                              "Parallel Aware": true,
                                              "Async Capable": false,
                                              "Relation Name": "customer_address",
                                              "Alias": "customer_address",
                                              "Startup Cost": 0.0,
                                              "Total Cost": 6737.08,
                                              "Plan Rows": 882,
                                              "Plan Width": 4,
                                              "Filter": "((ca_city)::text = 'Union Hill'::text)",
                                              "parent": 12,
                                              "ID": 13
                                            }
                                          ],
                                          "parent": 10,
                                          "ID": 12,
                                          "left": 13
                                        }
                                      ],
                                      "parent": 9,
                                      "ID": 10,
                                      "left": 11,
                                      "right": 12
                                    },
                                    {
                                      "Node Type": "Hash",
                                      "Parent Relationship": "Inner",
                                      "Parallel Aware": false,
                                      "Async Capable": false,
                                      "Startup Cost": 178.59,
                                      "Total Cost": 178.59,
                                      "Plan Rows": 2520,
                                      "Plan Width": 4,
                                      "Plans": [
                                        {
                                          "Node Type": "Hash Join",
                                          "Parent Relationship": "Outer",
                                          "Parallel Aware": false,
                                          "Async Capable": false,
                                          "Join Type": "Inner",
                                          "Startup Cost": 1.39,
                                          "Total Cost": 178.59,
                                          "Plan Rows": 2520,
                                          "Plan Width": 4,
                                          "Inner Unique": false,
                                          "Hash Cond": "(household_demographics.hd_income_band_sk = income_band.ib_income_band_sk)",
                                          "Plans": [
                                            {
                                              "Node Type": "Seq Scan",
                                              "Parent Relationship": "Outer",
                                              "Parallel Aware": false,
                                              "Async Capable": false,
                                              "Relation Name": "household_demographics",
                                              "Alias": "household_demographics",
                                              "Startup Cost": 0.0,
                                              "Total Cost": 125.0,
                                              "Plan Rows": 7200,
                                              "Plan Width": 8,
                                              "parent": 15,
                                              "ID": 16
                                            },
                                            {
                                              "Node Type": "Hash",
                                              "Parent Relationship": "Inner",
                                              "Parallel Aware": false,
                                              "Async Capable": false,
                                              "Startup Cost": 1.3,
                                              "Total Cost": 1.3,
                                              "Plan Rows": 7,
                                              "Plan Width": 4,
                                              "Plans": [
                                                {
                                                  "Node Type": "Seq Scan",
                                                  "Parent Relationship": "Outer",
                                                  "Parallel Aware": false,
                                                  "Async Capable": false,
                                                  "Relation Name": "income_band",
                                                  "Alias": "income_band",
                                                  "Startup Cost": 0.0,
                                                  "Total Cost": 1.3,
                                                  "Plan Rows": 7,
                                                  "Plan Width": 4,
                                                  "Filter": "((ib_lower_bound >= 50882) AND (ib_upper_bound <= 100882))",
                                                  "parent": 17,
                                                  "ID": 18
                                                }
                                              ],
                                              "parent": 15,
                                              "ID": 17,
                                              "left": 18
                                            }
                                          ],
                                          "parent": 14,
                                          "ID": 15,
                                          "left": 16,
                                          "right": 17
                                        }
                                      ],
                                      "parent": 9,
                                      "ID": 14,
                                      "left": 15
                                    }
                                  ],
                                  "parent": 8,
                                  "ID": 9,
                                  "left": 10,
                                  "right": 14
                                }
                              ],
                              "parent": 6,
                              "ID": 8,
                              "left": 9
                            }
                          ],
                          "parent": 5,
                          "ID": 6,
                          "left": 7,
                          "right": 8
                        }
                      ],
                      "parent": 3,
                      "ID": 5,
                      "left": 6
                    }
                  ],
                  "parent": 2,
                  "ID": 3,
                  "left": 4,
                  "right": 5
                }
              ],
              "parent": 1,
              "ID": 2,
              "left": 3
            }
          ],
          "parent": 0,
          "ID": 1,
          "left": 2
        }
      ],
      "parent": null,
      "ID": 0,
      "left": 1
    },
    "feat": {
      "utility": 2.1294467878983803e-05,
      "query_shape": [
        [
          "Seq Scan",
          "Hash Join",
          "Sort",
          "Gather Merge"
        ],
        [
          "Seq Scan",
          "Hash Join",
          "Hash",
          "Sort",
          "Gather Merge"
        ],
        [
          "Seq Scan",
          "Hash Join",
          "Hash",
          "Sort",
          "Gather Merge"
        ],
        [
          "Seq Scan",
          "Hash",
          "Hash Join",
          "Sort",
          "Gather Merge"
        ],
        [
          "Seq Scan",
          "Hash Join",
          "Hash",
          "Sort",
          "Gather Merge"
        ],
        [
          "Seq Scan",
          "Hash",
          "Hash Join",
          "Sort",
          "Gather Merge"
        ]
      ],
      "index_shape": [
        "join"
      ],
      "physical_operator": {
        "Hash Join": [
          0.001097974586426359,
          0.001097965550269341
        ]
      }
    }
  },
  {
    "query": "select  c_customer_id as customer_id\n       , coalesce(c_last_name,'') || ', ' || coalesce(c_first_name,'') as customername\n from customer\n     ,customer_address\n     ,customer_demographics\n     ,household_demographics\n     ,income_band\n     ,store_returns\n where ca_city\t        =  'Union Hill'\n   and c_current_addr_sk = ca_address_sk\n   and ib_lower_bound   >=  50882\n   and ib_upper_bound   <=  50882 + 50000\n   and ib_income_band_sk = hd_income_band_sk\n   and cd_demo_sk = c_current_cdemo_sk\n   and hd_demo_sk = c_current_hdemo_sk\n   and sr_cdemo_sk = cd_demo_sk\n order by c_customer_id\n limit 100;\n\n-- end query 64 in stream 0 using template query84.tpl\n",
    "indexes": "household_demographics.hd_demo_sk",
    "wo plan est": {
      "Node Type": "Limit",
      "Parallel Aware": false,
      "Async Capable": false,
      "Startup Cost": 121951.72,
      "Total Cost": 121963.38,
      "Plan Rows": 100,
      "Plan Width": 49,
      "Plans": [
        {
          "Node Type": "Gather Merge",
          "Parent Relationship": "Outer",
          "Parallel Aware": false,
          "Async Capable": false,
          "Startup Cost": 121951.72,
          "Total Cost": 122145.86,
          "Plan Rows": 1664,
          "Plan Width": 49,
          "Workers Planned": 2,
          "Plans": [
            {
              "Node Type": "Sort",
              "Parent Relationship": "Outer",
              "Parallel Aware": false,
              "Async Capable": false,
              "Startup Cost": 120951.69,
              "Total Cost": 120953.77,
              "Plan Rows": 832,
              "Plan Width": 49,
              "Sort Key": [
                "customer.c_customer_id"
              ],
              "Plans": [
                {
                  "Node Type": "Hash Join",
                  "Parent Relationship": "Outer",
                  "Parallel Aware": true,
                  "Async Capable": false,
                  "Join Type": "Inner",
                  "Startup Cost": 56527.35,
                  "Total Cost": 120919.89,
                  "Plan Rows": 832,
                  "Plan Width": 49,
                  "Inner Unique": false,
                  "Hash Cond": "(store_returns.sr_cdemo_sk = customer_demographics.cd_demo_sk)",
                  "Plans": [
                    {
                      "Node Type": "Seq Scan",
                      "Parent Relationship": "Outer",
                      "Parallel Aware": true,
                      "Async Capable": false,
                      "Relation Name": "store_returns",
                      "Alias": "store_returns",
                      "Startup Cost": 0.0,
                      "Total Cost": 59887.64,
                      "Plan Rows": 1198164,
                      "Plan Width": 4,
                      "parent": 3,
                      "ID": 4
                    },
                    {
                      "Node Type": "Hash",
                      "Parent Relationship": "Inner",
                      "Parallel Aware": true,
                      "Async Capable": false,
                      "Startup Cost": 56520.15,
                      "Total Cost": 56520.15,
                      "Plan Rows": 576,
                      "Plan Width": 77,
                      "Plans": [
                        {
                          "Node Type": "Hash Join",
                          "Parent Relationship": "Outer",
                          "Parallel Aware": true,
                          "Async Capable": false,
                          "Join Type": "Inner",
                          "Startup Cost": 23685.17,
                          "Total Cost": 56520.15,
                          "Plan Rows": 576,
                          "Plan Width": 77,
                          "Inner Unique": false,
                          "Hash Cond": "(customer_demographics.cd_demo_sk = customer.c_current_cdemo_sk)",
                          "Plans": [
                            {
                              "Node Type": "Seq Scan",
                              "Parent Relationship": "Outer",
                              "Parallel Aware": true,
                              "Async Capable": false,
                              "Relation Name": "customer_demographics",
                              "Alias": "customer_demographics",
                              "Startup Cost": 0.0,
                              "Total Cost": 29831.33,
                              "Plan Rows": 800333,
                              "Plan Width": 4,
                              "parent": 6,
                              "ID": 7
                            },
                            {
                              "Node Type": "Hash",
                              "Parent Relationship": "Inner",
                              "Parallel Aware": true,
                              "Async Capable": false,
                              "Startup Cost": 23677.7,
                              "Total Cost": 23677.7,
                              "Plan Rows": 597,
                              "Plan Width": 73,
                              "Plans": [
                                {
                                  "Node Type": "Hash Join",
                                  "Parent Relationship": "Outer",
                                  "Parallel Aware": false,
                                  "Async Capable": false,
                                  "Join Type": "Inner",
                                  "Startup Cost": 6958.2,
                                  "Total Cost": 23677.7,
                                  "Plan Rows": 597,
                                  "Plan Width": 73,
                                  "Inner Unique": false,
                                  "Hash Cond": "(customer.c_current_hdemo_sk = household_demographics.hd_demo_sk)",
                                  "Plans": [
                                    {
                                      "Node Type": "Hash Join",
                                      "Parent Relationship": "Outer",
                                      "Parallel Aware": true,
                                      "Async Capable": false,
                                      "Join Type": "Inner",
                                      "Startup Cost": 6748.11,
                                      "Total Cost": 23455.04,
                                      "Plan Rows": 1764,
                                      "Plan Width": 77,
                                      "Inner Unique": false,
                                      "Hash Cond": "(customer.c_current_addr_sk = customer_address.ca_address_sk)",
                                      "Plans": [
                                        {
                                          "Node Type": "Seq Scan",
                                          "Parent Relationship": "Outer",
                                          "Parallel Aware": true,
                                          "Async Capable": false,
                                          "Relation Name": "customer",
                                          "Alias": "customer",
                                          "Startup Cost": 0.0,
                                          "Total Cost": 15918.33,
                                          "Plan Rows": 208333,
                                          "Plan Width": 81,
                                          "parent": 10,
                                          "ID": 11
                                        },
                                        {
                                          "Node Type": "Hash",
                                          "Parent Relationship": "Inner",
                                          "Parallel Aware": true,
                                          "Async Capable": false,
                                          "Startup Cost": 6737.08,
                                          "Total Cost": 6737.08,
                                          "Plan Rows": 882,
                                          "Plan Width": 4,
                                          "Plans": [
                                            {
                                              "Node Type": "Seq Scan",
                                              "Parent Relationship": "Outer",
                                              "Parallel Aware": true,
                                              "Async Capable": false,
                                              "Relation Name": "customer_address",
                                              "Alias": "customer_address",
                                              "Startup Cost": 0.0,
                                              "Total Cost": 6737.08,
                                              "Plan Rows": 882,
                                              "Plan Width": 4,
                                              "Filter": "((ca_city)::text = 'Union Hill'::text)",
                                              "parent": 12,
                                              "ID": 13
                                            }
                                          ],
                                          "parent": 10,
                                          "ID": 12,
                                          "left": 13
                                        }
                                      ],
                                      "parent": 9,
                                      "ID": 10,
                                      "left": 11,
                                      "right": 12
                                    },
                                    {
                                      "Node Type": "Hash",
                                      "Parent Relationship": "Inner",
                                      "Parallel Aware": false,
                                      "Async Capable": false,
                                      "Startup Cost": 178.59,
                                      "Total Cost": 178.59,
                                      "Plan Rows": 2520,
                                      "Plan Width": 4,
                                      "Plans": [
                                        {
                                          "Node Type": "Hash Join",
                                          "Parent Relationship": "Outer",
                                          "Parallel Aware": false,
                                          "Async Capable": false,
                                          "Join Type": "Inner",
                                          "Startup Cost": 1.39,
                                          "Total Cost": 178.59,
                                          "Plan Rows": 2520,
                                          "Plan Width": 4,
                                          "Inner Unique": false,
                                          "Hash Cond": "(household_demographics.hd_income_band_sk = income_band.ib_income_band_sk)",
                                          "Plans": [
                                            {
                                              "Node Type": "Seq Scan",
                                              "Parent Relationship": "Outer",
                                              "Parallel Aware": false,
                                              "Async Capable": false,
                                              "Relation Name": "household_demographics",
                                              "Alias": "household_demographics",
                                              "Startup Cost": 0.0,
                                              "Total Cost": 125.0,
                                              "Plan Rows": 7200,
                                              "Plan Width": 8,
                                              "parent": 15,
                                              "ID": 16
                                            },
                                            {
                                              "Node Type": "Hash",
                                              "Parent Relationship": "Inner",
                                              "Parallel Aware": false,
                                              "Async Capable": false,
                                              "Startup Cost": 1.3,
                                              "Total Cost": 1.3,
                                              "Plan Rows": 7,
                                              "Plan Width": 4,
                                              "Plans": [
                                                {
                                                  "Node Type": "Seq Scan",
                                                  "Parent Relationship": "Outer",
                                                  "Parallel Aware": false,
                                                  "Async Capable": false,
                                                  "Relation Name": "income_band",
                                                  "Alias": "income_band",
                                                  "Startup Cost": 0.0,
                                                  "Total Cost": 1.3,
                                                  "Plan Rows": 7,
                                                  "Plan Width": 4,
                                                  "Filter": "((ib_lower_bound >= 50882) AND (ib_upper_bound <= 100882))",
                                                  "parent": 17,
                                                  "ID": 18
                                                }
                                              ],
                                              "parent": 15,
                                              "ID": 17,
                                              "left": 18
                                            }
                                          ],
                                          "parent": 14,
                                          "ID": 15,
                                          "left": 16,
                                          "right": 17
                                        }
                                      ],
                                      "parent": 9,
                                      "ID": 14,
                                      "left": 15
                                    }
                                  ],
                                  "parent": 8,
                                  "ID": 9,
                                  "left": 10,
                                  "right": 14
                                }
                              ],
                              "parent": 6,
                              "ID": 8,
                              "left": 9
                            }
                          ],
                          "parent": 5,
                          "ID": 6,
                          "left": 7,
                          "right": 8
                        }
                      ],
                      "parent": 3,
                      "ID": 5,
                      "left": 6
                    }
                  ],
                  "parent": 2,
                  "ID": 3,
                  "left": 4,
                  "right": 5
                }
              ],
              "parent": 1,
              "ID": 2,
              "left": 3
            }
          ],
          "parent": 0,
          "ID": 1,
          "left": 2
        }
      ],
      "parent": null,
      "ID": 0,
      "left": 1
    },
    "feat": {
      "utility": 1.0535413088254597e-05,
      "query_shape": [
        [
          "Seq Scan",
          "Hash Join",
          "Sort",
          "Gather Merge"
        ],
        [
          "Seq Scan",
          "Hash Join",
          "Hash",
          "Sort",
          "Gather Merge"
        ],
        [
          "Seq Scan",
          "Hash Join",
          "Hash",
          "Sort",
          "Gather Merge"
        ],
        [
          "Seq Scan",
          "Hash",
          "Hash Join",
          "Sort",
          "Gather Merge"
        ],
        [
          "Seq Scan",
          "Hash Join",
          "Hash",
          "Sort",
          "Gather Merge"
        ],
        [
          "Seq Scan",
          "Hash",
          "Hash Join",
          "Sort",
          "Gather Merge"
        ]
      ],
      "index_shape": [
        "join"
      ],
      "physical_operator": {
        "Hash Join": [
          0.011588776969408394
        ]
      }
    }
  },
  {
    "query": "select  c_customer_id as customer_id\n       , coalesce(c_last_name,'') || ', ' || coalesce(c_first_name,'') as customername\n from customer\n     ,customer_address\n     ,customer_demographics\n     ,household_demographics\n     ,income_band\n     ,store_returns\n where ca_city\t        =  'Union Hill'\n   and c_current_addr_sk = ca_address_sk\n   and ib_lower_bound   >=  50882\n   and ib_upper_bound   <=  50882 + 50000\n   and ib_income_band_sk = hd_income_band_sk\n   and cd_demo_sk = c_current_cdemo_sk\n   and hd_demo_sk = c_current_hdemo_sk\n   and sr_cdemo_sk = cd_demo_sk\n order by c_customer_id\n limit 100;\n\n-- end query 64 in stream 0 using template query84.tpl\n",
    "indexes": "household_demographics.hd_income_band_sk",
    "wo plan est": {
      "Node Type": "Limit",
      "Parallel Aware": false,
      "Async Capable": false,
      "Startup Cost": 121951.72,
      "Total Cost": 121963.38,
      "Plan Rows": 100,
      "Plan Width": 49,
      "Plans": [
        {
          "Node Type": "Gather Merge",
          "Parent Relationship": "Outer",
          "Parallel Aware": false,
          "Async Capable": false,
          "Startup Cost": 121951.72,
          "Total Cost": 122145.86,
          "Plan Rows": 1664,
          "Plan Width": 49,
          "Workers Planned": 2,
          "Plans": [
            {
              "Node Type": "Sort",
              "Parent Relationship": "Outer",
              "Parallel Aware": false,
              "Async Capable": false,
              "Startup Cost": 120951.69,
              "Total Cost": 120953.77,
              "Plan Rows": 832,
              "Plan Width": 49,
              "Sort Key": [
                "customer.c_customer_id"
              ],
              "Plans": [
                {
                  "Node Type": "Hash Join",
                  "Parent Relationship": "Outer",
                  "Parallel Aware": true,
                  "Async Capable": false,
                  "Join Type": "Inner",
                  "Startup Cost": 56527.35,
                  "Total Cost": 120919.89,
                  "Plan Rows": 832,
                  "Plan Width": 49,
                  "Inner Unique": false,
                  "Hash Cond": "(store_returns.sr_cdemo_sk = customer_demographics.cd_demo_sk)",
                  "Plans": [
                    {
                      "Node Type": "Seq Scan",
                      "Parent Relationship": "Outer",
                      "Parallel Aware": true,
                      "Async Capable": false,
                      "Relation Name": "store_returns",
                      "Alias": "store_returns",
                      "Startup Cost": 0.0,
                      "Total Cost": 59887.64,
                      "Plan Rows": 1198164,
                      "Plan Width": 4,
                      "parent": 3,
                      "ID": 4
                    },
                    {
                      "Node Type": "Hash",
                      "Parent Relationship": "Inner",
                      "Parallel Aware": true,
                      "Async Capable": false,
                      "Startup Cost": 56520.15,
                      "Total Cost": 56520.15,
                      "Plan Rows": 576,
                      "Plan Width": 77,
                      "Plans": [
                        {
                          "Node Type": "Hash Join",
                          "Parent Relationship": "Outer",
                          "Parallel Aware": true,
                          "Async Capable": false,
                          "Join Type": "Inner",
                          "Startup Cost": 23685.17,
                          "Total Cost": 56520.15,
                          "Plan Rows": 576,
                          "Plan Width": 77,
                          "Inner Unique": false,
                          "Hash Cond": "(customer_demographics.cd_demo_sk = customer.c_current_cdemo_sk)",
                          "Plans": [
                            {
                              "Node Type": "Seq Scan",
                              "Parent Relationship": "Outer",
                              "Parallel Aware": true,
                              "Async Capable": false,
                              "Relation Name": "customer_demographics",
                              "Alias": "customer_demographics",
                              "Startup Cost": 0.0,
                              "Total Cost": 29831.33,
                              "Plan Rows": 800333,
                              "Plan Width": 4,
                              "parent": 6,
                              "ID": 7
                            },
                            {
                              "Node Type": "Hash",
                              "Parent Relationship": "Inner",
                              "Parallel Aware": true,
                              "Async Capable": false,
                              "Startup Cost": 23677.7,
                              "Total Cost": 23677.7,
                              "Plan Rows": 597,
                              "Plan Width": 73,
                              "Plans": [
                                {
                                  "Node Type": "Hash Join",
                                  "Parent Relationship": "Outer",
                                  "Parallel Aware": false,
                                  "Async Capable": false,
                                  "Join Type": "Inner",
                                  "Startup Cost": 6958.2,
                                  "Total Cost": 23677.7,
                                  "Plan Rows": 597,
                                  "Plan Width": 73,
                                  "Inner Unique": false,
                                  "Hash Cond": "(customer.c_current_hdemo_sk = household_demographics.hd_demo_sk)",
                                  "Plans": [
                                    {
                                      "Node Type": "Hash Join",
                                      "Parent Relationship": "Outer",
                                      "Parallel Aware": true,
                                      "Async Capable": false,
                                      "Join Type": "Inner",
                                      "Startup Cost": 6748.11,
                                      "Total Cost": 23455.04,
                                      "Plan Rows": 1764,
                                      "Plan Width": 77,
                                      "Inner Unique": false,
                                      "Hash Cond": "(customer.c_current_addr_sk = customer_address.ca_address_sk)",
                                      "Plans": [
                                        {
                                          "Node Type": "Seq Scan",
                                          "Parent Relationship": "Outer",
                                          "Parallel Aware": true,
                                          "Async Capable": false,
                                          "Relation Name": "customer",
                                          "Alias": "customer",
                                          "Startup Cost": 0.0,
                                          "Total Cost": 15918.33,
                                          "Plan Rows": 208333,
                                          "Plan Width": 81,
                                          "parent": 10,
                                          "ID": 11
                                        },
                                        {
                                          "Node Type": "Hash",
                                          "Parent Relationship": "Inner",
                                          "Parallel Aware": true,
                                          "Async Capable": false,
                                          "Startup Cost": 6737.08,
                                          "Total Cost": 6737.08,
                                          "Plan Rows": 882,
                                          "Plan Width": 4,
                                          "Plans": [
                                            {
                                              "Node Type": "Seq Scan",
                                              "Parent Relationship": "Outer",
                                              "Parallel Aware": true,
                                              "Async Capable": false,
                                              "Relation Name": "customer_address",
                                              "Alias": "customer_address",
                                              "Startup Cost": 0.0,
                                              "Total Cost": 6737.08,
                                              "Plan Rows": 882,
                                              "Plan Width": 4,
                                              "Filter": "((ca_city)::text = 'Union Hill'::text)",
                                              "parent": 12,
                                              "ID": 13
                                            }
                                          ],
                                          "parent": 10,
                                          "ID": 12,
                                          "left": 13
                                        }
                                      ],
                                      "parent": 9,
                                      "ID": 10,
                                      "left": 11,
                                      "right": 12
                                    },
                                    {
                                      "Node Type": "Hash",
                                      "Parent Relationship": "Inner",
                                      "Parallel Aware": false,
                                      "Async Capable": false,
                                      "Startup Cost": 178.59,
                                      "Total Cost": 178.59,
                                      "Plan Rows": 2520,
                                      "Plan Width": 4,
                                      "Plans": [
                                        {
                                          "Node Type": "Hash Join",
                                          "Parent Relationship": "Outer",
                                          "Parallel Aware": false,
                                          "Async Capable": false,
                                          "Join Type": "Inner",
                                          "Startup Cost": 1.39,
                                          "Total Cost": 178.59,
                                          "Plan Rows": 2520,
                                          "Plan Width": 4,
                                          "Inner Unique": false,
                                          "Hash Cond": "(household_demographics.hd_income_band_sk = income_band.ib_income_band_sk)",
                                          "Plans": [
                                            {
                                              "Node Type": "Seq Scan",
                                              "Parent Relationship": "Outer",
                                              "Parallel Aware": false,
                                              "Async Capable": false,
                                              "Relation Name": "household_demographics",
                                              "Alias": "household_demographics",
                                              "Startup Cost": 0.0,
                                              "Total Cost": 125.0,
                                              "Plan Rows": 7200,
                                              "Plan Width": 8,
                                              "parent": 15,
                                              "ID": 16
                                            },
                                            {
                                              "Node Type": "Hash",
                                              "Parent Relationship": "Inner",
                                              "Parallel Aware": false,
                                              "Async Capable": false,
                                              "Startup Cost": 1.3,
                                              "Total Cost": 1.3,
                                              "Plan Rows": 7,
                                              "Plan Width": 4,
                                              "Plans": [
                                                {
                                                  "Node Type": "Seq Scan",
                                                  "Parent Relationship": "Outer",
                                                  "Parallel Aware": false,
                                                  "Async Capable": false,
                                                  "Relation Name": "income_band",
                                                  "Alias": "income_band",
                                                  "Startup Cost": 0.0,
                                                  "Total Cost": 1.3,
                                                  "Plan Rows": 7,
                                                  "Plan Width": 4,
                                                  "Filter": "((ib_lower_bound >= 50882) AND (ib_upper_bound <= 100882))",
                                                  "parent": 17,
                                                  "ID": 18
                                                }
                                              ],
                                              "parent": 15,
                                              "ID": 17,
                                              "left": 18
                                            }
                                          ],
                                          "parent": 14,
                                          "ID": 15,
                                          "left": 16,
                                          "right": 17
                                        }
                                      ],
                                      "parent": 9,
                                      "ID": 14,
                                      "left": 15
                                    }
                                  ],
                                  "parent": 8,
                                  "ID": 9,
                                  "left": 10,
                                  "right": 14
                                }
                              ],
                              "parent": 6,
                              "ID": 8,
                              "left": 9
                            }
                          ],
                          "parent": 5,
                          "ID": 6,
                          "left": 7,
                          "right": 8
                        }
                      ],
                      "parent": 3,
                      "ID": 5,
                      "left": 6
                    }
                  ],
                  "parent": 2,
                  "ID": 3,
                  "left": 4,
                  "right": 5
                }
              ],
              "parent": 1,
              "ID": 2,
              "left": 3
            }
          ],
          "parent": 0,
          "ID": 1,
          "left": 2
        }
      ],
      "parent": null,
      "ID": 0,
      "left": 1
    },
    "feat": {
      "utility": 8.275526333601343e-06,
      "query_shape": [
        [
          "Seq Scan",
          "Hash Join",
          "Sort",
          "Gather Merge"
        ],
        [
          "Seq Scan",
          "Hash Join",
          "Hash",
          "Sort",
          "Gather Merge"
        ],
        [
          "Seq Scan",
          "Hash Join",
          "Hash",
          "Sort",
          "Gather Merge"
        ],
        [
          "Seq Scan",
          "Hash",
          "Hash Join",
          "Sort",
          "Gather Merge"
        ],
        [
          "Seq Scan",
          "Hash Join",
          "Hash",
          "Sort",
          "Gather Merge"
        ],
        [
          "Seq Scan",
          "Hash",
          "Hash Join",
          "Sort",
          "Gather Merge"
        ]
      ],
      "index_shape": [
        "join"
      ],
      "physical_operator": {
        "Hash Join": [
          0.22360679774997896
        ]
      }
    }
  },
  {
    "query": "select  c_customer_id as customer_id\n       , coalesce(c_last_name,'') || ', ' || coalesce(c_first_name,'') as customername\n from customer\n     ,customer_address\n     ,customer_demographics\n     ,household_demographics\n     ,income_band\n     ,store_returns\n where ca_city\t        =  'Union Hill'\n   and c_current_addr_sk = ca_address_sk\n   and ib_lower_bound   >=  50882\n   and ib_upper_bound   <=  50882 + 50000\n   and ib_income_band_sk = hd_income_band_sk\n   and cd_demo_sk = c_current_cdemo_sk\n   and hd_demo_sk = c_current_hdemo_sk\n   and sr_cdemo_sk = cd_demo_sk\n order by c_customer_id\n limit 100;\n\n-- end query 64 in stream 0 using template query84.tpl\n",
    "indexes": "income_band.ib_income_band_sk",
    "wo plan est": {
      "Node Type": "Limit",
      "Parallel Aware": false,
      "Async Capable": false,
      "Startup Cost": 121951.72,
      "Total Cost": 121963.38,
      "Plan Rows": 100,
      "Plan Width": 49,
      "Plans": [
        {
          "Node Type": "Gather Merge",
          "Parent Relationship": "Outer",
          "Parallel Aware": false,
          "Async Capable": false,
          "Startup Cost": 121951.72,
          "Total Cost": 122145.86,
          "Plan Rows": 1664,
          "Plan Width": 49,
          "Workers Planned": 2,
          "Plans": [
            {
              "Node Type": "Sort",
              "Parent Relationship": "Outer",
              "Parallel Aware": false,
              "Async Capable": false,
              "Startup Cost": 120951.69,
              "Total Cost": 120953.77,
              "Plan Rows": 832,
              "Plan Width": 49,
              "Sort Key": [
                "customer.c_customer_id"
              ],
              "Plans": [
                {
                  "Node Type": "Hash Join",
                  "Parent Relationship": "Outer",
                  "Parallel Aware": true,
                  "Async Capable": false,
                  "Join Type": "Inner",
                  "Startup Cost": 56527.35,
                  "Total Cost": 120919.89,
                  "Plan Rows": 832,
                  "Plan Width": 49,
                  "Inner Unique": false,
                  "Hash Cond": "(store_returns.sr_cdemo_sk = customer_demographics.cd_demo_sk)",
                  "Plans": [
                    {
                      "Node Type": "Seq Scan",
                      "Parent Relationship": "Outer",
                      "Parallel Aware": true,
                      "Async Capable": false,
                      "Relation Name": "store_returns",
                      "Alias": "store_returns",
                      "Startup Cost": 0.0,
                      "Total Cost": 59887.64,
                      "Plan Rows": 1198164,
                      "Plan Width": 4,
                      "parent": 3,
                      "ID": 4
                    },
                    {
                      "Node Type": "Hash",
                      "Parent Relationship": "Inner",
                      "Parallel Aware": true,
                      "Async Capable": false,
                      "Startup Cost": 56520.15,
                      "Total Cost": 56520.15,
                      "Plan Rows": 576,
                      "Plan Width": 77,
                      "Plans": [
                        {
                          "Node Type": "Hash Join",
                          "Parent Relationship": "Outer",
                          "Parallel Aware": true,
                          "Async Capable": false,
                          "Join Type": "Inner",
                          "Startup Cost": 23685.17,
                          "Total Cost": 56520.15,
                          "Plan Rows": 576,
                          "Plan Width": 77,
                          "Inner Unique": false,
                          "Hash Cond": "(customer_demographics.cd_demo_sk = customer.c_current_cdemo_sk)",
                          "Plans": [
                            {
                              "Node Type": "Seq Scan",
                              "Parent Relationship": "Outer",
                              "Parallel Aware": true,
                              "Async Capable": false,
                              "Relation Name": "customer_demographics",
                              "Alias": "customer_demographics",
                              "Startup Cost": 0.0,
                              "Total Cost": 29831.33,
                              "Plan Rows": 800333,
                              "Plan Width": 4,
                              "parent": 6,
                              "ID": 7
                            },
                            {
                              "Node Type": "Hash",
                              "Parent Relationship": "Inner",
                              "Parallel Aware": true,
                              "Async Capable": false,
                              "Startup Cost": 23677.7,
                              "Total Cost": 23677.7,
                              "Plan Rows": 597,
                              "Plan Width": 73,
                              "Plans": [
                                {
                                  "Node Type": "Hash Join",
                                  "Parent Relationship": "Outer",
                                  "Parallel Aware": false,
                                  "Async Capable": false,
                                  "Join Type": "Inner",
                                  "Startup Cost": 6958.2,
                                  "Total Cost": 23677.7,
                                  "Plan Rows": 597,
                                  "Plan Width": 73,
                                  "Inner Unique": false,
                                  "Hash Cond": "(customer.c_current_hdemo_sk = household_demographics.hd_demo_sk)",
                                  "Plans": [
                                    {
                                      "Node Type": "Hash Join",
                                      "Parent Relationship": "Outer",
                                      "Parallel Aware": true,
                                      "Async Capable": false,
                                      "Join Type": "Inner",
                                      "Startup Cost": 6748.11,
                                      "Total Cost": 23455.04,
                                      "Plan Rows": 1764,
                                      "Plan Width": 77,
                                      "Inner Unique": false,
                                      "Hash Cond": "(customer.c_current_addr_sk = customer_address.ca_address_sk)",
                                      "Plans": [
                                        {
                                          "Node Type": "Seq Scan",
                                          "Parent Relationship": "Outer",
                                          "Parallel Aware": true,
                                          "Async Capable": false,
                                          "Relation Name": "customer",
                                          "Alias": "customer",
                                          "Startup Cost": 0.0,
                                          "Total Cost": 15918.33,
                                          "Plan Rows": 208333,
                                          "Plan Width": 81,
                                          "parent": 10,
                                          "ID": 11
                                        },
                                        {
                                          "Node Type": "Hash",
                                          "Parent Relationship": "Inner",
                                          "Parallel Aware": true,
                                          "Async Capable": false,
                                          "Startup Cost": 6737.08,
                                          "Total Cost": 6737.08,
                                          "Plan Rows": 882,
                                          "Plan Width": 4,
                                          "Plans": [
                                            {
                                              "Node Type": "Seq Scan",
                                              "Parent Relationship": "Outer",
                                              "Parallel Aware": true,
                                              "Async Capable": false,
                                              "Relation Name": "customer_address",
                                              "Alias": "customer_address",
                                              "Startup Cost": 0.0,
                                              "Total Cost": 6737.08,
                                              "Plan Rows": 882,
                                              "Plan Width": 4,
                                              "Filter": "((ca_city)::text = 'Union Hill'::text)",
                                              "parent": 12,
                                              "ID": 13
                                            }
                                          ],
                                          "parent": 10,
                                          "ID": 12,
                                          "left": 13
                                        }
                                      ],
                                      "parent": 9,
                                      "ID": 10,
                                      "left": 11,
                                      "right": 12
                                    },
                                    {
                                      "Node Type": "Hash",
                                      "Parent Relationship": "Inner",
                                      "Parallel Aware": false,
                                      "Async Capable": false,
                                      "Startup Cost": 178.59,
                                      "Total Cost": 178.59,
                                      "Plan Rows": 2520,
                                      "Plan Width": 4,
                                      "Plans": [
                                        {
                                          "Node Type": "Hash Join",
                                          "Parent Relationship": "Outer",
                                          "Parallel Aware": false,
                                          "Async Capable": false,
                                          "Join Type": "Inner",
                                          "Startup Cost": 1.39,
                                          "Total Cost": 178.59,
                                          "Plan Rows": 2520,
                                          "Plan Width": 4,
                                          "Inner Unique": false,
                                          "Hash Cond": "(household_demographics.hd_income_band_sk = income_band.ib_income_band_sk)",
                                          "Plans": [
                                            {
                                              "Node Type": "Seq Scan",
                                              "Parent Relationship": "Outer",
                                              "Parallel Aware": false,
                                              "Async Capable": false,
                                              "Relation Name": "household_demographics",
                                              "Alias": "household_demographics",
                                              "Startup Cost": 0.0,
                                              "Total Cost": 125.0,
                                              "Plan Rows": 7200,
                                              "Plan Width": 8,
                                              "parent": 15,
                                              "ID": 16
                                            },
                                            {
                                              "Node Type": "Hash",
                                              "Parent Relationship": "Inner",
                                              "Parallel Aware": false,
                                              "Async Capable": false,
                                              "Startup Cost": 1.3,
                                              "Total Cost": 1.3,
                                              "Plan Rows": 7,
                                              "Plan Width": 4,
                                              "Plans": [
                                                {
                                                  "Node Type": "Seq Scan",
                                                  "Parent Relationship": "Outer",
                                                  "Parallel Aware": false,
                                                  "Async Capable": false,
                                                  "Relation Name": "income_band",
                                                  "Alias": "income_band",
                                                  "Startup Cost": 0.0,
                                                  "Total Cost": 1.3,
                                                  "Plan Rows": 7,
                                                  "Plan Width": 4,
                                                  "Filter": "((ib_lower_bound >= 50882) AND (ib_upper_bound <= 100882))",
                                                  "parent": 17,
                                                  "ID": 18
                                                }
                                              ],
                                              "parent": 15,
                                              "ID": 17,
                                              "left": 18
                                            }
                                          ],
                                          "parent": 14,
                                          "ID": 15,
                                          "left": 16,
                                          "right": 17
                                        }
                                      ],
                                      "parent": 9,
                                      "ID": 14,
                                      "left": 15
                                    }
                                  ],
                                  "parent": 8,
                                  "ID": 9,
                                  "left": 10,
                                  "right": 14
                                }
                              ],
                              "parent": 6,
                              "ID": 8,
                              "left": 9
                            }
                          ],
                          "parent": 5,
                          "ID": 6,
                          "left": 7,
                          "right": 8
                        }
                      ],
                      "parent": 3,
                      "ID": 5,
                      "left": 6
                    }
                  ],
                  "parent": 2,
                  "ID": 3,
                  "left": 4,
                  "right": 5
                }
              ],
              "parent": 1,
              "ID": 2,
              "left": 3
            }
          ],
          "parent": 0,
          "ID": 1,
          "left": 2
        }
      ],
      "parent": null,
      "ID": 0,
      "left": 1
    },
    "feat": {
      "utility": 8.275526333601343e-06,
      "query_shape": [
        [
          "Seq Scan",
          "Hash Join",
          "Sort",
          "Gather Merge"
        ],
        [
          "Seq Scan",
          "Hash Join",
          "Hash",
          "Sort",
          "Gather Merge"
        ],
        [
          "Seq Scan",
          "Hash Join",
          "Hash",
          "Sort",
          "Gather Merge"
        ],
        [
          "Seq Scan",
          "Hash",
          "Hash Join",
          "Sort",
          "Gather Merge"
        ],
        [
          "Seq Scan",
          "Hash Join",
          "Hash",
          "Sort",
          "Gather Merge"
        ],
        [
          "Seq Scan",
          "Hash",
          "Hash Join",
          "Sort",
          "Gather Merge"
        ]
      ],
      "index_shape": [
        "join"
      ],
      "physical_operator": {
        "Hash Join": [
          0.22360679774997896
        ]
      }
    }
  },
  {
    "query": "select  c_customer_id as customer_id\n       , coalesce(c_last_name,'') || ', ' || coalesce(c_first_name,'') as customername\n from customer\n     ,customer_address\n     ,customer_demographics\n     ,household_demographics\n     ,income_band\n     ,store_returns\n where ca_city\t        =  'Union Hill'\n   and c_current_addr_sk = ca_address_sk\n   and ib_lower_bound   >=  50882\n   and ib_upper_bound   <=  50882 + 50000\n   and ib_income_band_sk = hd_income_band_sk\n   and cd_demo_sk = c_current_cdemo_sk\n   and hd_demo_sk = c_current_hdemo_sk\n   and sr_cdemo_sk = cd_demo_sk\n order by c_customer_id\n limit 100;\n\n-- end query 64 in stream 0 using template query84.tpl\n",
    "indexes": "income_band.ib_lower_bound",
    "wo plan est": {
      "Node Type": "Limit",
      "Parallel Aware": false,
      "Async Capable": false,
      "Startup Cost": 121951.72,
      "Total Cost": 121963.38,
      "Plan Rows": 100,
      "Plan Width": 49,
      "Plans": [
        {
          "Node Type": "Gather Merge",
          "Parent Relationship": "Outer",
          "Parallel Aware": false,
          "Async Capable": false,
          "Startup Cost": 121951.72,
          "Total Cost": 122145.86,
          "Plan Rows": 1664,
          "Plan Width": 49,
          "Workers Planned": 2,
          "Plans": [
            {
              "Node Type": "Sort",
              "Parent Relationship": "Outer",
              "Parallel Aware": false,
              "Async Capable": false,
              "Startup Cost": 120951.69,
              "Total Cost": 120953.77,
              "Plan Rows": 832,
              "Plan Width": 49,
              "Sort Key": [
                "customer.c_customer_id"
              ],
              "Plans": [
                {
                  "Node Type": "Hash Join",
                  "Parent Relationship": "Outer",
                  "Parallel Aware": true,
                  "Async Capable": false,
                  "Join Type": "Inner",
                  "Startup Cost": 56527.35,
                  "Total Cost": 120919.89,
                  "Plan Rows": 832,
                  "Plan Width": 49,
                  "Inner Unique": false,
                  "Hash Cond": "(store_returns.sr_cdemo_sk = customer_demographics.cd_demo_sk)",
                  "Plans": [
                    {
                      "Node Type": "Seq Scan",
                      "Parent Relationship": "Outer",
                      "Parallel Aware": true,
                      "Async Capable": false,
                      "Relation Name": "store_returns",
                      "Alias": "store_returns",
                      "Startup Cost": 0.0,
                      "Total Cost": 59887.64,
                      "Plan Rows": 1198164,
                      "Plan Width": 4,
                      "parent": 3,
                      "ID": 4
                    },
                    {
                      "Node Type": "Hash",
                      "Parent Relationship": "Inner",
                      "Parallel Aware": true,
                      "Async Capable": false,
                      "Startup Cost": 56520.15,
                      "Total Cost": 56520.15,
                      "Plan Rows": 576,
                      "Plan Width": 77,
                      "Plans": [
                        {
                          "Node Type": "Hash Join",
                          "Parent Relationship": "Outer",
                          "Parallel Aware": true,
                          "Async Capable": false,
                          "Join Type": "Inner",
                          "Startup Cost": 23685.17,
                          "Total Cost": 56520.15,
                          "Plan Rows": 576,
                          "Plan Width": 77,
                          "Inner Unique": false,
                          "Hash Cond": "(customer_demographics.cd_demo_sk = customer.c_current_cdemo_sk)",
                          "Plans": [
                            {
                              "Node Type": "Seq Scan",
                              "Parent Relationship": "Outer",
                              "Parallel Aware": true,
                              "Async Capable": false,
                              "Relation Name": "customer_demographics",
                              "Alias": "customer_demographics",
                              "Startup Cost": 0.0,
                              "Total Cost": 29831.33,
                              "Plan Rows": 800333,
                              "Plan Width": 4,
                              "parent": 6,
                              "ID": 7
                            },
                            {
                              "Node Type": "Hash",
                              "Parent Relationship": "Inner",
                              "Parallel Aware": true,
                              "Async Capable": false,
                              "Startup Cost": 23677.7,
                              "Total Cost": 23677.7,
                              "Plan Rows": 597,
                              "Plan Width": 73,
                              "Plans": [
                                {
                                  "Node Type": "Hash Join",
                                  "Parent Relationship": "Outer",
                                  "Parallel Aware": false,
                                  "Async Capable": false,
                                  "Join Type": "Inner",
                                  "Startup Cost": 6958.2,
                                  "Total Cost": 23677.7,
                                  "Plan Rows": 597,
                                  "Plan Width": 73,
                                  "Inner Unique": false,
                                  "Hash Cond": "(customer.c_current_hdemo_sk = household_demographics.hd_demo_sk)",
                                  "Plans": [
                                    {
                                      "Node Type": "Hash Join",
                                      "Parent Relationship": "Outer",
                                      "Parallel Aware": true,
                                      "Async Capable": false,
                                      "Join Type": "Inner",
                                      "Startup Cost": 6748.11,
                                      "Total Cost": 23455.04,
                                      "Plan Rows": 1764,
                                      "Plan Width": 77,
                                      "Inner Unique": false,
                                      "Hash Cond": "(customer.c_current_addr_sk = customer_address.ca_address_sk)",
                                      "Plans": [
                                        {
                                          "Node Type": "Seq Scan",
                                          "Parent Relationship": "Outer",
                                          "Parallel Aware": true,
                                          "Async Capable": false,
                                          "Relation Name": "customer",
                                          "Alias": "customer",
                                          "Startup Cost": 0.0,
                                          "Total Cost": 15918.33,
                                          "Plan Rows": 208333,
                                          "Plan Width": 81,
                                          "parent": 10,
                                          "ID": 11
                                        },
                                        {
                                          "Node Type": "Hash",
                                          "Parent Relationship": "Inner",
                                          "Parallel Aware": true,
                                          "Async Capable": false,
                                          "Startup Cost": 6737.08,
                                          "Total Cost": 6737.08,
                                          "Plan Rows": 882,
                                          "Plan Width": 4,
                                          "Plans": [
                                            {
                                              "Node Type": "Seq Scan",
                                              "Parent Relationship": "Outer",
                                              "Parallel Aware": true,
                                              "Async Capable": false,
                                              "Relation Name": "customer_address",
                                              "Alias": "customer_address",
                                              "Startup Cost": 0.0,
                                              "Total Cost": 6737.08,
                                              "Plan Rows": 882,
                                              "Plan Width": 4,
                                              "Filter": "((ca_city)::text = 'Union Hill'::text)",
                                              "parent": 12,
                                              "ID": 13
                                            }
                                          ],
                                          "parent": 10,
                                          "ID": 12,
                                          "left": 13
                                        }
                                      ],
                                      "parent": 9,
                                      "ID": 10,
                                      "left": 11,
                                      "right": 12
                                    },
                                    {
                                      "Node Type": "Hash",
                                      "Parent Relationship": "Inner",
                                      "Parallel Aware": false,
                                      "Async Capable": false,
                                      "Startup Cost": 178.59,
                                      "Total Cost": 178.59,
                                      "Plan Rows": 2520,
                                      "Plan Width": 4,
                                      "Plans": [
                                        {
                                          "Node Type": "Hash Join",
                                          "Parent Relationship": "Outer",
                                          "Parallel Aware": false,
                                          "Async Capable": false,
                                          "Join Type": "Inner",
                                          "Startup Cost": 1.39,
                                          "Total Cost": 178.59,
                                          "Plan Rows": 2520,
                                          "Plan Width": 4,
                                          "Inner Unique": false,
                                          "Hash Cond": "(household_demographics.hd_income_band_sk = income_band.ib_income_band_sk)",
                                          "Plans": [
                                            {
                                              "Node Type": "Seq Scan",
                                              "Parent Relationship": "Outer",
                                              "Parallel Aware": false,
                                              "Async Capable": false,
                                              "Relation Name": "household_demographics",
                                              "Alias": "household_demographics",
                                              "Startup Cost": 0.0,
                                              "Total Cost": 125.0,
                                              "Plan Rows": 7200,
                                              "Plan Width": 8,
                                              "parent": 15,
                                              "ID": 16
                                            },
                                            {
                                              "Node Type": "Hash",
                                              "Parent Relationship": "Inner",
                                              "Parallel Aware": false,
                                              "Async Capable": false,
                                              "Startup Cost": 1.3,
                                              "Total Cost": 1.3,
                                              "Plan Rows": 7,
                                              "Plan Width": 4,
                                              "Plans": [
                                                {
                                                  "Node Type": "Seq Scan",
                                                  "Parent Relationship": "Outer",
                                                  "Parallel Aware": false,
                                                  "Async Capable": false,
                                                  "Relation Name": "income_band",
                                                  "Alias": "income_band",
                                                  "Startup Cost": 0.0,
                                                  "Total Cost": 1.3,
                                                  "Plan Rows": 7,
                                                  "Plan Width": 4,
                                                  "Filter": "((ib_lower_bound >= 50882) AND (ib_upper_bound <= 100882))",
                                                  "parent": 17,
                                                  "ID": 18
                                                }
                                              ],
                                              "parent": 15,
                                              "ID": 17,
                                              "left": 18
                                            }
                                          ],
                                          "parent": 14,
                                          "ID": 15,
                                          "left": 16,
                                          "right": 17
                                        }
                                      ],
                                      "parent": 9,
                                      "ID": 14,
                                      "left": 15
                                    }
                                  ],
                                  "parent": 8,
                                  "ID": 9,
                                  "left": 10,
                                  "right": 14
                                }
                              ],
                              "parent": 6,
                              "ID": 8,
                              "left": 9
                            }
                          ],
                          "parent": 5,
                          "ID": 6,
                          "left": 7,
                          "right": 8
                        }
                      ],
                      "parent": 3,
                      "ID": 5,
                      "left": 6
                    }
                  ],
                  "parent": 2,
                  "ID": 3,
                  "left": 4,
                  "right": 5
                }
              ],
              "parent": 1,
              "ID": 2,
              "left": 3
            }
          ],
          "parent": 0,
          "ID": 1,
          "left": 2
        }
      ],
      "parent": null,
      "ID": 0,
      "left": 1
    },
    "feat": {
      "utility": 6.928309136726123e-06,
      "query_shape": [
        [
          "Seq Scan",
          "Hash Join",
          "Sort",
          "Gather Merge"
        ],
        [
          "Seq Scan",
          "Hash Join",
          "Hash",
          "Sort",
          "Gather Merge"
        ],
        [
          "Seq Scan",
          "Hash Join",
          "Hash",
          "Sort",
          "Gather Merge"
        ],
        [
          "Seq Scan",
          "Hash",
          "Hash Join",
          "Sort",
          "Gather Merge"
        ],
        [
          "Seq Scan",
          "Hash Join",
          "Hash",
          "Sort",
          "Gather Merge"
        ],
        [
          "Seq Scan",
          "Hash",
          "Hash Join",
          "Sort",
          "Gather Merge"
        ]
      ],
      "index_shape": [
        "selection"
      ],
      "physical_operator": {
        "Seq Scan": [
          0.35
        ]
      }
    }
  },
  {
    "query": "select  c_customer_id as customer_id\n       , coalesce(c_last_name,'') || ', ' || coalesce(c_first_name,'') as customername\n from customer\n     ,customer_address\n     ,customer_demographics\n     ,household_demographics\n     ,income_band\n     ,store_returns\n where ca_city\t        =  'Union Hill'\n   and c_current_addr_sk = ca_address_sk\n   and ib_lower_bound   >=  50882\n   and ib_upper_bound   <=  50882 + 50000\n   and ib_income_band_sk = hd_income_band_sk\n   and cd_demo_sk = c_current_cdemo_sk\n   and hd_demo_sk = c_current_hdemo_sk\n   and sr_cdemo_sk = cd_demo_sk\n order by c_customer_id\n limit 100;\n\n-- end query 64 in stream 0 using template query84.tpl\n",
    "indexes": "income_band.ib_upper_bound",
    "wo plan est": {
      "Node Type": "Limit",
      "Parallel Aware": false,
      "Async Capable": false,
      "Startup Cost": 121951.72,
      "Total Cost": 121963.38,
      "Plan Rows": 100,
      "Plan Width": 49,
      "Plans": [
        {
          "Node Type": "Gather Merge",
          "Parent Relationship": "Outer",
          "Parallel Aware": false,
          "Async Capable": false,
          "Startup Cost": 121951.72,
          "Total Cost": 122145.86,
          "Plan Rows": 1664,
          "Plan Width": 49,
          "Workers Planned": 2,
          "Plans": [
            {
              "Node Type": "Sort",
              "Parent Relationship": "Outer",
              "Parallel Aware": false,
              "Async Capable": false,
              "Startup Cost": 120951.69,
              "Total Cost": 120953.77,
              "Plan Rows": 832,
              "Plan Width": 49,
              "Sort Key": [
                "customer.c_customer_id"
              ],
              "Plans": [
                {
                  "Node Type": "Hash Join",
                  "Parent Relationship": "Outer",
                  "Parallel Aware": true,
                  "Async Capable": false,
                  "Join Type": "Inner",
                  "Startup Cost": 56527.35,
                  "Total Cost": 120919.89,
                  "Plan Rows": 832,
                  "Plan Width": 49,
                  "Inner Unique": false,
                  "Hash Cond": "(store_returns.sr_cdemo_sk = customer_demographics.cd_demo_sk)",
                  "Plans": [
                    {
                      "Node Type": "Seq Scan",
                      "Parent Relationship": "Outer",
                      "Parallel Aware": true,
                      "Async Capable": false,
                      "Relation Name": "store_returns",
                      "Alias": "store_returns",
                      "Startup Cost": 0.0,
                      "Total Cost": 59887.64,
                      "Plan Rows": 1198164,
                      "Plan Width": 4,
                      "parent": 3,
                      "ID": 4
                    },
                    {
                      "Node Type": "Hash",
                      "Parent Relationship": "Inner",
                      "Parallel Aware": true,
                      "Async Capable": false,
                      "Startup Cost": 56520.15,
                      "Total Cost": 56520.15,
                      "Plan Rows": 576,
                      "Plan Width": 77,
                      "Plans": [
                        {
                          "Node Type": "Hash Join",
                          "Parent Relationship": "Outer",
                          "Parallel Aware": true,
                          "Async Capable": false,
                          "Join Type": "Inner",
                          "Startup Cost": 23685.17,
                          "Total Cost": 56520.15,
                          "Plan Rows": 576,
                          "Plan Width": 77,
                          "Inner Unique": false,
                          "Hash Cond": "(customer_demographics.cd_demo_sk = customer.c_current_cdemo_sk)",
                          "Plans": [
                            {
                              "Node Type": "Seq Scan",
                              "Parent Relationship": "Outer",
                              "Parallel Aware": true,
                              "Async Capable": false,
                              "Relation Name": "customer_demographics",
                              "Alias": "customer_demographics",
                              "Startup Cost": 0.0,
                              "Total Cost": 29831.33,
                              "Plan Rows": 800333,
                              "Plan Width": 4,
                              "parent": 6,
                              "ID": 7
                            },
                            {
                              "Node Type": "Hash",
                              "Parent Relationship": "Inner",
                              "Parallel Aware": true,
                              "Async Capable": false,
                              "Startup Cost": 23677.7,
                              "Total Cost": 23677.7,
                              "Plan Rows": 597,
                              "Plan Width": 73,
                              "Plans": [
                                {
                                  "Node Type": "Hash Join",
                                  "Parent Relationship": "Outer",
                                  "Parallel Aware": false,
                                  "Async Capable": false,
                                  "Join Type": "Inner",
                                  "Startup Cost": 6958.2,
                                  "Total Cost": 23677.7,
                                  "Plan Rows": 597,
                                  "Plan Width": 73,
                                  "Inner Unique": false,
                                  "Hash Cond": "(customer.c_current_hdemo_sk = household_demographics.hd_demo_sk)",
                                  "Plans": [
                                    {
                                      "Node Type": "Hash Join",
                                      "Parent Relationship": "Outer",
                                      "Parallel Aware": true,
                                      "Async Capable": false,
                                      "Join Type": "Inner",
                                      "Startup Cost": 6748.11,
                                      "Total Cost": 23455.04,
                                      "Plan Rows": 1764,
                                      "Plan Width": 77,
                                      "Inner Unique": false,
                                      "Hash Cond": "(customer.c_current_addr_sk = customer_address.ca_address_sk)",
                                      "Plans": [
                                        {
                                          "Node Type": "Seq Scan",
                                          "Parent Relationship": "Outer",
                                          "Parallel Aware": true,
                                          "Async Capable": false,
                                          "Relation Name": "customer",
                                          "Alias": "customer",
                                          "Startup Cost": 0.0,
                                          "Total Cost": 15918.33,
                                          "Plan Rows": 208333,
                                          "Plan Width": 81,
                                          "parent": 10,
                                          "ID": 11
                                        },
                                        {
                                          "Node Type": "Hash",
                                          "Parent Relationship": "Inner",
                                          "Parallel Aware": true,
                                          "Async Capable": false,
                                          "Startup Cost": 6737.08,
                                          "Total Cost": 6737.08,
                                          "Plan Rows": 882,
                                          "Plan Width": 4,
                                          "Plans": [
                                            {
                                              "Node Type": "Seq Scan",
                                              "Parent Relationship": "Outer",
                                              "Parallel Aware": true,
                                              "Async Capable": false,
                                              "Relation Name": "customer_address",
                                              "Alias": "customer_address",
                                              "Startup Cost": 0.0,
                                              "Total Cost": 6737.08,
                                              "Plan Rows": 882,
                                              "Plan Width": 4,
                                              "Filter": "((ca_city)::text = 'Union Hill'::text)",
                                              "parent": 12,
                                              "ID": 13
                                            }
                                          ],
                                          "parent": 10,
                                          "ID": 12,
                                          "left": 13
                                        }
                                      ],
                                      "parent": 9,
                                      "ID": 10,
                                      "left": 11,
                                      "right": 12
                                    },
                                    {
                                      "Node Type": "Hash",
                                      "Parent Relationship": "Inner",
                                      "Parallel Aware": false,
                                      "Async Capable": false,
                                      "Startup Cost": 178.59,
                                      "Total Cost": 178.59,
                                      "Plan Rows": 2520,
                                      "Plan Width": 4,
                                      "Plans": [
                                        {
                                          "Node Type": "Hash Join",
                                          "Parent Relationship": "Outer",
                                          "Parallel Aware": false,
                                          "Async Capable": false,
                                          "Join Type": "Inner",
                                          "Startup Cost": 1.39,
                                          "Total Cost": 178.59,
                                          "Plan Rows": 2520,
                                          "Plan Width": 4,
                                          "Inner Unique": false,
                                          "Hash Cond": "(household_demographics.hd_income_band_sk = income_band.ib_income_band_sk)",
                                          "Plans": [
                                            {
                                              "Node Type": "Seq Scan",
                                              "Parent Relationship": "Outer",
                                              "Parallel Aware": false,
                                              "Async Capable": false,
                                              "Relation Name": "household_demographics",
                                              "Alias": "household_demographics",
                                              "Startup Cost": 0.0,
                                              "Total Cost": 125.0,
                                              "Plan Rows": 7200,
                                              "Plan Width": 8,
                                              "parent": 15,
                                              "ID": 16
                                            },
                                            {
                                              "Node Type": "Hash",
                                              "Parent Relationship": "Inner",
                                              "Parallel Aware": false,
                                              "Async Capable": false,
                                              "Startup Cost": 1.3,
                                              "Total Cost": 1.3,
                                              "Plan Rows": 7,
                                              "Plan Width": 4,
                                              "Plans": [
                                                {
                                                  "Node Type": "Seq Scan",
                                                  "Parent Relationship": "Outer",
                                                  "Parallel Aware": false,
                                                  "Async Capable": false,
                                                  "Relation Name": "income_band",
                                                  "Alias": "income_band",
                                                  "Startup Cost": 0.0,
                                                  "Total Cost": 1.3,
                                                  "Plan Rows": 7,
                                                  "Plan Width": 4,
                                                  "Filter": "((ib_lower_bound >= 50882) AND (ib_upper_bound <= 100882))",
                                                  "parent": 17,
                                                  "ID": 18
                                                }
                                              ],
                                              "parent": 15,
                                              "ID": 17,
                                              "left": 18
                                            }
                                          ],
                                          "parent": 14,
                                          "ID": 15,
                                          "left": 16,
                                          "right": 17
                                        }
                                      ],
                                      "parent": 9,
                                      "ID": 14,
                                      "left": 15
                                    }
                                  ],
                                  "parent": 8,
                                  "ID": 9,
                                  "left": 10,
                                  "right": 14
                                }
                              ],
                              "parent": 6,
                              "ID": 8,
                              "left": 9
                            }
                          ],
                          "parent": 5,
                          "ID": 6,
                          "left": 7,
                          "right": 8
                        }
                      ],
                      "parent": 3,
                      "ID": 5,
                      "left": 6
                    }
                  ],
                  "parent": 2,
                  "ID": 3,
                  "left": 4,
                  "right": 5
                }
              ],
              "parent": 1,
              "ID": 2,
              "left": 3
            }
          ],
          "parent": 0,
          "ID": 1,
          "left": 2
        }
      ],
      "parent": null,
      "ID": 0,
      "left": 1
    },
    "feat": {
      "utility": 6.928309136726123e-06,
      "query_shape": [
        [
          "Seq Scan",
          "Hash Join",
          "Sort",
          "Gather Merge"
        ],
        [
          "Seq Scan",
          "Hash Join",
          "Hash",
          "Sort",
          "Gather Merge"
        ],
        [
          "Seq Scan",
          "Hash Join",
          "Hash",
          "Sort",
          "Gather Merge"
        ],
        [
          "Seq Scan",
          "Hash",
          "Hash Join",
          "Sort",
          "Gather Merge"
        ],
        [
          "Seq Scan",
          "Hash Join",
          "Hash",
          "Sort",
          "Gather Merge"
        ],
        [
          "Seq Scan",
          "Hash",
          "Hash Join",
          "Sort",
          "Gather Merge"
        ]
      ],
      "index_shape": [
        "selection"
      ],
      "physical_operator": {
        "Seq Scan": [
          0.35
        ]
      }
    }
  },
  {
    "query": "with ss_items as\n (select i_item_id item_id\n        ,sum(ss_ext_sales_price) ss_item_rev \n from store_sales\n     ,item\n     ,date_dim\n where ss_item_sk = i_item_sk\n   and d_date in (select d_date\n                  from date_dim\n                  where d_week_seq = (select d_week_seq \n                                      from date_dim\n                                      where d_date = '2000-05-19'))\n   and ss_sold_date_sk   = d_date_sk\n group by i_item_id),\n cs_items as\n (select i_item_id item_id\n        ,sum(cs_ext_sales_price) cs_item_rev\n  from catalog_sales\n      ,item\n      ,date_dim\n where cs_item_sk = i_item_sk\n  and  d_date in (select d_date\n                  from date_dim\n                  where d_week_seq = (select d_week_seq \n                                      from date_dim\n                                      where d_date = '2000-05-19'))\n  and  cs_sold_date_sk = d_date_sk\n group by i_item_id),\n ws_items as\n (select i_item_id item_id\n        ,sum(ws_ext_sales_price) ws_item_rev\n  from web_sales\n      ,item\n      ,date_dim\n where ws_item_sk = i_item_sk\n  and  d_date in (select d_date\n                  from date_dim\n                  where d_week_seq =(select d_week_seq \n                                     from date_dim\n                                     where d_date = '2000-05-19'))\n  and ws_sold_date_sk   = d_date_sk\n group by i_item_id)\n  select  ss_items.item_id\n       ,ss_item_rev\n       ,ss_item_rev/((ss_item_rev+cs_item_rev+ws_item_rev)/3) * 100 ss_dev\n       ,cs_item_rev\n       ,cs_item_rev/((ss_item_rev+cs_item_rev+ws_item_rev)/3) * 100 cs_dev\n       ,ws_item_rev\n       ,ws_item_rev/((ss_item_rev+cs_item_rev+ws_item_rev)/3) * 100 ws_dev\n       ,(ss_item_rev+cs_item_rev+ws_item_rev)/3 average\n from ss_items,cs_items,ws_items\n where ss_items.item_id=cs_items.item_id\n   and ss_items.item_id=ws_items.item_id \n   and ss_item_rev between 0.9 * cs_item_rev and 1.1 * cs_item_rev\n   and ss_item_rev between 0.9 * ws_item_rev and 1.1 * ws_item_rev\n   and cs_item_rev between 0.9 * ss_item_rev and 1.1 * ss_item_rev\n   and cs_item_rev between 0.9 * ws_item_rev and 1.1 * ws_item_rev\n   and ws_item_rev between 0.9 * ss_item_rev and 1.1 * ss_item_rev\n   and ws_item_rev between 0.9 * cs_item_rev and 1.1 * cs_item_rev\n order by item_id\n         ,ss_item_rev\n limit 100;\n\n-- end query 42 in stream 2 using template query58.tpl\n",
    "indexes": "date_dim.d_date_sk",
    "wo plan est": {
      "Node Type": "Limit",
      "Parallel Aware": false,
      "Async Capable": false,
      "Startup Cost": 1412339.33,
      "Total Cost": 1412339.33,
      "Plan Rows": 1,
      "Plan Width": 241,
      "Plans": [
        {
          "Node Type": "Sort",
          "Parent Relationship": "Outer",
          "Parallel Aware": false,
          "Async Capable": false,
          "Startup Cost": 1412339.33,
          "Total Cost": 1412339.33,
          "Plan Rows": 1,
          "Plan Width": 241,
          "Sort Key": [
            "item.i_item_id",
            "(sum(store_sales.ss_ext_sales_price))"
          ],
          "Plans": [
            {
              "Node Type": "Merge Join",
              "Parent Relationship": "Outer",
              "Parallel Aware": false,
              "Async Capable": false,
              "Join Type": "Inner",
              "Startup Cost": 1411497.09,
              "Total Cost": 1412339.32,
              "Plan Rows": 1,
              "Plan Width": 241,
              "Inner Unique": false,
              "Merge Cond": "(item.i_item_id = item_2.i_item_id)",
              "Join Filter": "(((sum(store_sales.ss_ext_sales_price)) >= (0.9 * (sum(catalog_sales.cs_ext_sales_price)))) AND ((sum(store_sales.ss_ext_sales_price)) <= (1.1 * (sum(catalog_sales.cs_ext_sales_price)))) AND ((sum(catalog_sales.cs_ext_sales_price)) >= (0.9 * (sum(store_sales.ss_ext_sales_price)))) AND ((sum(catalog_sales.cs_ext_sales_price)) <= (1.1 * (sum(store_sales.ss_ext_sales_price)))) AND ((sum(store_sales.ss_ext_sales_price)) >= (0.9 * (sum(web_sales.ws_ext_sales_price)))) AND ((sum(store_sales.ss_ext_sales_price)) <= (1.1 * (sum(web_sales.ws_ext_sales_price)))) AND ((sum(web_sales.ws_ext_sales_price)) >= (0.9 * (sum(store_sales.ss_ext_sales_price)))) AND ((sum(web_sales.ws_ext_sales_price)) <= (1.1 * (sum(store_sales.ss_ext_sales_price)))))",
              "Plans": [
                {
                  "Node Type": "Aggregate",
                  "Strategy": "Sorted",
                  "Partial Mode": "Finalize",
                  "Parent Relationship": "Outer",
                  "Parallel Aware": false,
                  "Async Capable": false,
                  "Startup Cost": 696753.06,
                  "Total Cost": 697077.89,
                  "Plan Rows": 2634,
                  "Plan Width": 49,
                  "Group Key": [
                    "item.i_item_id"
                  ],
                  "Plans": [
                    {
                      "Node Type": "Seq Scan",
                      "Parent Relationship": "InitPlan",
                      "Subplan Name": "InitPlan 1 (returns $0)",
                      "Parallel Aware": false,
                      "Async Capable": false,
                      "Relation Name": "date_dim",
                      "Alias": "date_dim_6",
                      "Startup Cost": 0.0,
                      "Total Cost": 2318.11,
                      "Plan Rows": 1,
                      "Plan Width": 4,
                      "Filter": "(d_date = '2000-05-19'::date)",
                      "parent": 3,
                      "ID": 4
                    },
                    {
                      "Node Type": "Gather Merge",
                      "Parent Relationship": "Outer",
                      "Parallel Aware": false,
                      "Async Capable": false,
                      "Startup Cost": 694434.95,
                      "Total Cost": 694710.38,
                      "Plan Rows": 2196,
                      "Plan Width": 49,
                      "Workers Planned": 2,
                      "Params Evaluated": [
                        "$0"
                      ],
                      "Plans": [
                        {
                          "Node Type": "Aggregate",
                          "Strategy": "Sorted",
                          "Partial Mode": "Partial",
                          "Parent Relationship": "Outer",
                          "Parallel Aware": false,
                          "Async Capable": false,
                          "Startup Cost": 693434.92,
                          "Total Cost": 693456.88,
                          "Plan Rows": 1098,
                          "Plan Width": 49,
                          "Group Key": [
                            "item.i_item_id"
                          ],
                          "Plans": [
                            {
                              "Node Type": "Sort",
                              "Parent Relationship": "Outer",
                              "Parallel Aware": false,
                              "Async Capable": false,
                              "Startup Cost": 693434.92,
                              "Total Cost": 693437.67,
                              "Plan Rows": 1098,
                              "Plan Width": 23,
                              "Sort Key": [
                                "item.i_item_id"
                              ],
                              "Plans": [
                                {
                                  "Node Type": "Hash Join",
                                  "Parent Relationship": "Outer",
                                  "Parallel Aware": true,
                                  "Async Capable": false,
                                  "Join Type": "Inner",
                                  "Startup Cost": 685826.52,
                                  "Total Cost": 693379.47,
                                  "Plan Rows": 1098,
                                  "Plan Width": 23,
                                  "Inner Unique": false,
                                  "Hash Cond": "(item.i_item_sk = store_sales.ss_item_sk)",
                                  "Plans": [
                                    {
                                      "Node Type": "Seq Scan",
                                      "Parent Relationship": "Outer",
                                      "Parallel Aware": true,
                                      "Async Capable": false,
                                      "Relation Name": "item",
                                      "Alias": "item",
                                      "Startup Cost": 0.0,
                                      "Total Cost": 7389.0,
                                      "Plan Rows": 42500,
                                      "Plan Width": 21,
                                      "parent": 8,
                                      "ID": 9
                                    },
                                    {
                                      "Node Type": "Hash",
                                      "Parent Relationship": "Inner",
                                      "Parallel Aware": true,
                                      "Async Capable": false,
                                      "Startup Cost": 685812.79,
                                      "Total Cost": 685812.79,
                                      "Plan Rows": 1098,
                                      "Plan Width": 10,
                                      "Plans": [
                                        {
                                          "Node Type": "Hash Join",
                                          "Parent Relationship": "Outer",
                                          "Parallel Aware": true,
                                          "Async Capable": false,
                                          "Join Type": "Inner",
                                          "Startup Cost": 3889.77,
                                          "Total Cost": 685812.79,
                                          "Plan Rows": 1098,
                                          "Plan Width": 10,
                                          "Inner Unique": false,
                                          "Hash Cond": "(store_sales.ss_sold_date_sk = date_dim.d_date_sk)",
                                          "Plans": [
                                            {
                                              "Node Type": "Seq Scan",
                                              "Parent Relationship": "Outer",
                                              "Parallel Aware": true,
                                              "Async Capable": false,
                                              "Relation Name": "store_sales",
                                              "Alias": "store_sales",
                                              "Startup Cost": 0.0,
                                              "Total Cost": 636914.37,
                                              "Plan Rows": 12000637,
                                              "Plan Width": 14,
                                              "parent": 11,
                                              "ID": 12
                                            },
                                            {
                                              "Node Type": "Hash",
                                              "Parent Relationship": "Inner",
                                              "Parallel Aware": true,
                                              "Async Capable": false,
                                              "Startup Cost": 3889.72,
                                              "Total Cost": 3889.72,
                                              "Plan Rows": 4,
                                              "Plan Width": 4,
                                              "Plans": [
                                                {
                                                  "Node Type": "Hash Join",
                                                  "Parent Relationship": "Outer",
                                                  "Parallel Aware": true,
                                                  "Async Capable": false,
                                                  "Join Type": "Semi",
                                                  "Startup Cost": 1942.17,
                                                  "Total Cost": 3889.72,
                                                  "Plan Rows": 4,
                                                  "Plan Width": 4,
                                                  "Inner Unique": false,
                                                  "Hash Cond": "(date_dim.d_date = date_dim_1.d_date)",
                                                  "Plans": [
                                                    {
                                                      "Node Type": "Seq Scan",
                                                      "Parent Relationship": "Outer",
                                                      "Parallel Aware": true,
                                                      "Async Capable": false,
                                                      "Relation Name": "date_dim",
                                                      "Alias": "date_dim",
                                                      "Startup Cost": 0.0,
                                                      "Total Cost": 1834.7,
                                                      "Plan Rows": 42970,
                                                      "Plan Width": 8,
                                                      "parent": 14,
                                                      "ID": 15
                                                    },
                                                    {
                                                      "Node Type": "Hash",
                                                      "Parent Relationship": "Inner",
                                                      "Parallel Aware": true,
                                                      "Async Capable": false,
                                                      "Startup Cost": 1942.12,
                                                      "Total Cost": 1942.12,
                                                      "Plan Rows": 4,
                                                      "Plan Width": 4,
                                                      "Plans": [
                                                        {
                                                          "Node Type": "Seq Scan",
                                                          "Parent Relationship": "Outer",
                                                          "Parallel Aware": true,
                                                          "Async Capable": false,
                                                          "Relation Name": "date_dim",
                                                          "Alias": "date_dim_1",
                                                          "Startup Cost": 0.0,
                                                          "Total Cost": 1942.12,
                                                          "Plan Rows": 4,
                                                          "Plan Width": 4,
                                                          "Filter": "(d_week_seq = $0)",
                                                          "parent": 16,
                                                          "ID": 17
                                                        }
                                                      ],
                                                      "parent": 14,
                                                      "ID": 16,
                                                      "left": 17
                                                    }
                                                  ],
                                                  "parent": 13,
                                                  "ID": 14,
                                                  "left": 15,
                                                  "right": 16
                                                }
                                              ],
                                              "parent": 11,
                                              "ID": 13,
                                              "left": 14
                                            }
                                          ],
                                          "parent": 10,
                                          "ID": 11,
                                          "left": 12,
                                          "right": 13
                                        }
                                      ],
                                      "parent": 8,
                                      "ID": 10,
                                      "left": 11
                                    }
                                  ],
                                  "parent": 7,
                                  "ID": 8,
                                  "left": 9,
                                  "right": 10
                                }
                              ],
                              "parent": 6,
                              "ID": 7,
                              "left": 8
                            }
                          ],
                          "parent": 5,
                          "ID": 6,
                          "left": 7
                        }
                      ],
                      "parent": 3,
                      "ID": 5,
                      "left": 6
                    }
                  ],
                  "parent": 2,
                  "ID": 3,
                  "left": 4,
                  "right": 5
                },
                {
                  "Node Type": "Materialize",
                  "Parent Relationship": "Inner",
                  "Parallel Aware": false,
                  "Async Capable": false,
                  "Startup Cost": 714744.03,
                  "Total Cost": 715186.59,
                  "Plan Rows": 58,
                  "Plan Width": 98,
                  "Plans": [
                    {
                      "Node Type": "Merge Join",
                      "Parent Relationship": "Outer",
                      "Parallel Aware": false,
                      "Async Capable": false,
                      "Join Type": "Inner",
                      "Startup Cost": 714744.03,
                      "Total Cost": 715186.44,
                      "Plan Rows": 58,
                      "Plan Width": 98,
                      "Inner Unique": true,
                      "Merge Cond": "(item_1.i_item_id = item_2.i_item_id)",
                      "Join Filter": "(((sum(catalog_sales.cs_ext_sales_price)) >= (0.9 * (sum(web_sales.ws_ext_sales_price)))) AND ((sum(catalog_sales.cs_ext_sales_price)) <= (1.1 * (sum(web_sales.ws_ext_sales_price)))) AND ((sum(web_sales.ws_ext_sales_price)) >= (0.9 * (sum(catalog_sales.cs_ext_sales_price)))) AND ((sum(web_sales.ws_ext_sales_price)) <= (1.1 * (sum(catalog_sales.cs_ext_sales_price)))))",
                      "Plans": [
                        {
                          "Node Type": "Aggregate",
                          "Strategy": "Sorted",
                          "Partial Mode": "Finalize",
                          "Parent Relationship": "Outer",
                          "Parallel Aware": false,
                          "Async Capable": false,
                          "Startup Cost": 243758.54,
                          "Total Cost": 243843.73,
                          "Plan Rows": 690,
                          "Plan Width": 49,
                          "Group Key": [
                            "item_1.i_item_id"
                          ],
                          "Plans": [
                            {
                              "Node Type": "Seq Scan",
                              "Parent Relationship": "InitPlan",
                              "Subplan Name": "InitPlan 3 (returns $2)",
                              "Parallel Aware": false,
                              "Async Capable": false,
                              "Relation Name": "date_dim",
                              "Alias": "date_dim_8",
                              "Startup Cost": 0.0,
                              "Total Cost": 2318.11,
                              "Plan Rows": 1,
                              "Plan Width": 4,
                              "Filter": "(d_date = '2000-05-19'::date)",
                              "parent": 20,
                              "ID": 21
                            },
                            {
                              "Node Type": "Gather Merge",
                              "Parent Relationship": "Outer",
                              "Parallel Aware": false,
                              "Async Capable": false,
                              "Startup Cost": 241440.43,
                              "Total Cost": 241512.67,
                              "Plan Rows": 576,
                              "Plan Width": 49,
                              "Workers Planned": 2,
                              "Params Evaluated": [
                                "$2"
                              ],
                              "Plans": [
                                {
                                  "Node Type": "Aggregate",
                                  "Strategy": "Sorted",
                                  "Partial Mode": "Partial",
                                  "Parent Relationship": "Outer",
                                  "Parallel Aware": false,
                                  "Async Capable": false,
                                  "Startup Cost": 240440.4,
                                  "Total Cost": 240446.16,
                                  "Plan Rows": 288,
                                  "Plan Width": 49,
                                  "Group Key": [
                                    "item_1.i_item_id"
                                  ],
                                  "Plans": [
                                    {
                                      "Node Type": "Sort",
                                      "Parent Relationship": "Outer",
                                      "Parallel Aware": false,
                                      "Async Capable": false,
                                      "Startup Cost": 240440.4,
                                      "Total Cost": 240441.12,
                                      "Plan Rows": 288,
                                      "Plan Width": 23,
                                      "Sort Key": [
                                        "item_1.i_item_id"
                                      ],
                                      "Plans": [
                                        {
                                          "Node Type": "Hash Join",
                                          "Parent Relationship": "Outer",
                                          "Parallel Aware": true,
                                          "Async Capable": false,
                                          "Join Type": "Inner",
                                          "Startup Cost": 232879.06,
                                          "Total Cost": 240428.64,
                                          "Plan Rows": 288,
                                          "Plan Width": 23,
                                          "Inner Unique": false,
                                          "Hash Cond": "(item_1.i_item_sk = web_sales.ws_item_sk)",
                                          "Plans": [
                                            {
                                              "Node Type": "Seq Scan",
                                              "Parent Relationship": "Outer",
                                              "Parallel Aware": true,
                                              "Async Capable": false,
                                              "Relation Name": "item",
                                              "Alias": "item_1",
                                              "Startup Cost": 0.0,
                                              "Total Cost": 7389.0,
                                              "Plan Rows": 42500,
                                              "Plan Width": 21,
                                              "parent": 25,
                                              "ID": 26
                                            },
                                            {
                                              "Node Type": "Hash",
                                              "Parent Relationship": "Inner",
                                              "Parallel Aware": true,
                                              "Async Capable": false,
                                              "Startup Cost": 232875.46,
                                              "Total Cost": 232875.46,
                                              "Plan Rows": 288,
                                              "Plan Width": 10,
                                              "Plans": [
                                                {
                                                  "Node Type": "Hash Join",
                                                  "Parent Relationship": "Outer",
                                                  "Parallel Aware": true,
                                                  "Async Capable": false,
                                                  "Join Type": "Inner",
                                                  "Startup Cost": 3889.77,
                                                  "Total Cost": 232875.46,
                                                  "Plan Rows": 288,
                                                  "Plan Width": 10,
                                                  "Inner Unique": false,
                                                  "Hash Cond": "(web_sales.ws_sold_date_sk = date_dim_2.d_date_sk)",
                                                  "Plans": [
                                                    {
                                                      "Node Type": "Seq Scan",
                                                      "Parent Relationship": "Outer",
                                                      "Parallel Aware": true,
                                                      "Async Capable": false,
                                                      "Relation Name": "web_sales",
                                                      "Alias": "web_sales",
                                                      "Startup Cost": 0.0,
                                                      "Total Cost": 217737.86,
                                                      "Plan Rows": 2998986,
                                                      "Plan Width": 14,
                                                      "parent": 28,
                                                      "ID": 29
                                                    },
                                                    {
                                                      "Node Type": "Hash",
                                                      "Parent Relationship": "Inner",
                                                      "Parallel Aware": true,
                                                      "Async Capable": false,
                                                      "Startup Cost": 3889.72,
                                                      "Total Cost": 3889.72,
                                                      "Plan Rows": 4,
                                                      "Plan Width": 4,
                                                      "Plans": [
                                                        {
                                                          "Node Type": "Hash Join",
                                                          "Parent Relationship": "Outer",
                                                          "Parallel Aware": true,
                                                          "Async Capable": false,
                                                          "Join Type": "Semi",
                                                          "Startup Cost": 1942.17,
                                                          "Total Cost": 3889.72,
                                                          "Plan Rows": 4,
                                                          "Plan Width": 4,
                                                          "Inner Unique": false,
                                                          "Hash Cond": "(date_dim_2.d_date = date_dim_3.d_date)",
                                                          "Plans": [
                                                            {
                                                              "Node Type": "Seq Scan",
                                                              "Parent Relationship": "Outer",
                                                              "Parallel Aware": true,
                                                              "Async Capable": false,
                                                              "Relation Name": "date_dim",
                                                              "Alias": "date_dim_2",
                                                              "Startup Cost": 0.0,
                                                              "Total Cost": 1834.7,
                                                              "Plan Rows": 42970,
                                                              "Plan Width": 8,
                                                              "parent": 31,
                                                              "ID": 32
                                                            },
                                                            {
                                                              "Node Type": "Hash",
                                                              "Parent Relationship": "Inner",
                                                              "Parallel Aware": true,
                                                              "Async Capable": false,
                                                              "Startup Cost": 1942.12,
                                                              "Total Cost": 1942.12,
                                                              "Plan Rows": 4,
                                                              "Plan Width": 4,
                                                              "Plans": [
                                                                {
                                                                  "Node Type": "Seq Scan",
                                                                  "Parent Relationship": "Outer",
                                                                  "Parallel Aware": true,
                                                                  "Async Capable": false,
                                                                  "Relation Name": "date_dim",
                                                                  "Alias": "date_dim_3",
                                                                  "Startup Cost": 0.0,
                                                                  "Total Cost": 1942.12,
                                                                  "Plan Rows": 4,
                                                                  "Plan Width": 4,
                                                                  "Filter": "(d_week_seq = $2)",
                                                                  "parent": 33,
                                                                  "ID": 34
                                                                }
                                                              ],
                                                              "parent": 31,
                                                              "ID": 33,
                                                              "left": 34
                                                            }
                                                          ],
                                                          "parent": 30,
                                                          "ID": 31,
                                                          "left": 32,
                                                          "right": 33
                                                        }
                                                      ],
                                                      "parent": 28,
                                                      "ID": 30,
                                                      "left": 31
                                                    }
                                                  ],
                                                  "parent": 27,
                                                  "ID": 28,
                                                  "left": 29,
                                                  "right": 30
                                                }
                                              ],
                                              "parent": 25,
                                              "ID": 27,
                                              "left": 28
                                            }
                                          ],
                                          "parent": 24,
                                          "ID": 25,
                                          "left": 26,
                                          "right": 27
                                        }
                                      ],
                                      "parent": 23,
                                      "ID": 24,
                                      "left": 25
                                    }
                                  ],
                                  "parent": 22,
                                  "ID": 23,
                                  "left": 24
                                }
                              ],
                              "parent": 20,
                              "ID": 22,
                              "left": 23
                            }
                          ],
                          "parent": 19,
                          "ID": 20,
                          "left": 21,
                          "right": 22
                        },
                        {
                          "Node Type": "Materialize",
                          "Parent Relationship": "Inner",
                          "Parallel Aware": false,
                          "Async Capable": false,
                          "Startup Cost": 470985.5,
                          "Total Cost": 471171.86,
                          "Plan Rows": 1372,
                          "Plan Width": 49,
                          "Plans": [
                            {
                              "Node Type": "Aggregate",
                              "Strategy": "Sorted",
                              "Partial Mode": "Finalize",
                              "Parent Relationship": "Outer",
                              "Parallel Aware": false,
                              "Async Capable": false,
                              "Startup Cost": 470985.5,
                              "Total Cost": 471154.71,
                              "Plan Rows": 1372,
                              "Plan Width": 49,
                              "Group Key": [
                                "item_2.i_item_id"
                              ],
                              "Plans": [
                                {
                                  "Node Type": "Seq Scan",
                                  "Parent Relationship": "InitPlan",
                                  "Subplan Name": "InitPlan 2 (returns $1)",
                                  "Parallel Aware": false,
                                  "Async Capable": false,
                                  "Relation Name": "date_dim",
                                  "Alias": "date_dim_7",
                                  "Startup Cost": 0.0,
                                  "Total Cost": 2318.11,
                                  "Plan Rows": 1,
                                  "Plan Width": 4,
                                  "Filter": "(d_date = '2000-05-19'::date)",
                                  "parent": 36,
                                  "ID": 37
                                },
                                {
                                  "Node Type": "Gather Merge",
                                  "Parent Relationship": "Outer",
                                  "Parallel Aware": false,
                                  "Async Capable": false,
                                  "Startup Cost": 468667.38,
                                  "Total Cost": 468810.87,
                                  "Plan Rows": 1144,
                                  "Plan Width": 49,
                                  "Workers Planned": 2,
                                  "Params Evaluated": [
                                    "$1"
                                  ],
                                  "Plans": [
                                    {
                                      "Node Type": "Aggregate",
                                      "Strategy": "Sorted",
                                      "Partial Mode": "Partial",
                                      "Parent Relationship": "Outer",
                                      "Parallel Aware": false,
                                      "Async Capable": false,
                                      "Startup Cost": 467667.36,
                                      "Total Cost": 467678.8,
                                      "Plan Rows": 572,
                                      "Plan Width": 49,
                                      "Group Key": [
                                        "item_2.i_item_id"
                                      ],
                                      "Plans": [
                                        {
                                          "Node Type": "Sort",
                                          "Parent Relationship": "Outer",
                                          "Parallel Aware": false,
                                          "Async Capable": false,
                                          "Startup Cost": 467667.36,
                                          "Total Cost": 467668.79,
                                          "Plan Rows": 572,
                                          "Plan Width": 23,
                                          "Sort Key": [
                                            "item_2.i_item_id"
                                          ],
                                          "Plans": [
                                            {
                                              "Node Type": "Hash Join",
                                              "Parent Relationship": "Outer",
                                              "Parallel Aware": true,
                                              "Async Capable": false,
                                              "Join Type": "Inner",
                                              "Startup Cost": 460090.41,
                                              "Total Cost": 467641.16,
                                              "Plan Rows": 572,
                                              "Plan Width": 23,
                                              "Inner Unique": false,
                                              "Hash Cond": "(item_2.i_item_sk = catalog_sales.cs_item_sk)",
                                              "Plans": [
                                                {
                                                  "Node Type": "Seq Scan",
                                                  "Parent Relationship": "Outer",
                                                  "Parallel Aware": true,
                                                  "Async Capable": false,
                                                  "Relation Name": "item",
                                                  "Alias": "item_2",
                                                  "Startup Cost": 0.0,
                                                  "Total Cost": 7389.0,
                                                  "Plan Rows": 42500,
                                                  "Plan Width": 21,
                                                  "parent": 41,
                                                  "ID": 42
                                                },
                                                {
                                                  "Node Type": "Hash",
                                                  "Parent Relationship": "Inner",
                                                  "Parallel Aware": true,
                                                  "Async Capable": false,
                                                  "Startup Cost": 460083.26,
                                                  "Total Cost": 460083.26,
                                                  "Plan Rows": 572,
                                                  "Plan Width": 10,
                                                  "Plans": [
                                                    {
                                                      "Node Type": "Hash Join",
                                                      "Parent Relationship": "Outer",
                                                      "Parallel Aware": true,
                                                      "Async Capable": false,
                                                      "Join Type": "Inner",
                                                      "Startup Cost": 3889.77,
                                                      "Total Cost": 460083.26,
                                                      "Plan Rows": 572,
                                                      "Plan Width": 10,
                                                      "Inner Unique": false,
                                                      "Hash Cond": "(catalog_sales.cs_sold_date_sk = date_dim_4.d_date_sk)",
                                                      "Plans": [
                                                        {
                                                          "Node Type": "Seq Scan",
                                                          "Parent Relationship": "Outer",
                                                          "Parallel Aware": true,
                                                          "Async Capable": false,
                                                          "Relation Name": "catalog_sales",
                                                          "Alias": "catalog_sales",
                                                          "Startup Cost": 0.0,
                                                          "Total Cost": 433688.25,
                                                          "Plan Rows": 6000525,
                                                          "Plan Width": 14,
                                                          "parent": 44,
                                                          "ID": 45
                                                        },
                                                        {
                                                          "Node Type": "Hash",
                                                          "Parent Relationship": "Inner",
                                                          "Parallel Aware": true,
                                                          "Async Capable": false,
                                                          "Startup Cost": 3889.72,
                                                          "Total Cost": 3889.72,
                                                          "Plan Rows": 4,
                                                          "Plan Width": 4,
                                                          "Plans": [
                                                            {
                                                              "Node Type": "Hash Join",
                                                              "Parent Relationship": "Outer",
                                                              "Parallel Aware": true,
                                                              "Async Capable": false,
                                                              "Join Type": "Semi",
                                                              "Startup Cost": 1942.17,
                                                              "Total Cost": 3889.72,
                                                              "Plan Rows": 4,
                                                              "Plan Width": 4,
                                                              "Inner Unique": false,
                                                              "Hash Cond": "(date_dim_4.d_date = date_dim_5.d_date)",
                                                              "Plans": [
                                                                {
                                                                  "Node Type": "Seq Scan",
                                                                  "Parent Relationship": "Outer",
                                                                  "Parallel Aware": true,
                                                                  "Async Capable": false,
                                                                  "Relation Name": "date_dim",
                                                                  "Alias": "date_dim_4",
                                                                  "Startup Cost": 0.0,
                                                                  "Total Cost": 1834.7,
                                                                  "Plan Rows": 42970,
                                                                  "Plan Width": 8,
                                                                  "parent": 47,
                                                                  "ID": 48
                                                                },
                                                                {
                                                                  "Node Type": "Hash",
                                                                  "Parent Relationship": "Inner",
                                                                  "Parallel Aware": true,
                                                                  "Async Capable": false,
                                                                  "Startup Cost": 1942.12,
                                                                  "Total Cost": 1942.12,
                                                                  "Plan Rows": 4,
                                                                  "Plan Width": 4,
                                                                  "Plans": [
                                                                    {
                                                                      "Node Type": "Seq Scan",
                                                                      "Parent Relationship": "Outer",
                                                                      "Parallel Aware": true,
                                                                      "Async Capable": false,
                                                                      "Relation Name": "date_dim",
                                                                      "Alias": "date_dim_5",
                                                                      "Startup Cost": 0.0,
                                                                      "Total Cost": 1942.12,
                                                                      "Plan Rows": 4,
                                                                      "Plan Width": 4,
                                                                      "Filter": "(d_week_seq = $1)",
                                                                      "parent": 49,
                                                                      "ID": 50
                                                                    }
                                                                  ],
                                                                  "parent": 47,
                                                                  "ID": 49,
                                                                  "left": 50
                                                                }
                                                              ],
                                                              "parent": 46,
                                                              "ID": 47,
                                                              "left": 48,
                                                              "right": 49
                                                            }
                                                          ],
                                                          "parent": 44,
                                                          "ID": 46,
                                                          "left": 47
                                                        }
                                                      ],
                                                      "parent": 43,
                                                      "ID": 44,
                                                      "left": 45,
                                                      "right": 46
                                                    }
                                                  ],
                                                  "parent": 41,
                                                  "ID": 43,
                                                  "left": 44
                                                }
                                              ],
                                              "parent": 40,
                                              "ID": 41,
                                              "left": 42,
                                              "right": 43
                                            }
                                          ],
                                          "parent": 39,
                                          "ID": 40,
                                          "left": 41
                                        }
                                      ],
                                      "parent": 38,
                                      "ID": 39,
                                      "left": 40
                                    }
                                  ],
                                  "parent": 36,
                                  "ID": 38,
                                  "left": 39
                                }
                              ],
                              "parent": 35,
                              "ID": 36,
                              "left": 37,
                              "right": 38
                            }
                          ],
                          "parent": 19,
                          "ID": 35,
                          "left": 36
                        }
                      ],
                      "parent": 18,
                      "ID": 19,
                      "left": 20,
                      "right": 35
                    }
                  ],
                  "parent": 2,
                  "ID": 18,
                  "left": 19
                }
              ],
              "parent": 1,
              "ID": 2,
              "left": 3,
              "right": 18
            }
          ],
          "parent": 0,
          "ID": 1,
          "left": 2
        }
      ],
      "parent": null,
      "ID": 0,
      "left": 1
    },
    "feat": {
      "utility": 0.004105298546590216,
      "query_shape": [
        [
          "Seq Scan",
          "Aggregate",
          "Merge Join",
          "Sort"
        ],
        [
          "Seq Scan",
          "Hash Join",
          "Sort",
          "Aggregate",
          "Gather Merge",
          "Merge Join"
        ],
        [
          "Seq Scan",
          "Hash Join",
          "Hash",
          "Sort",
          "Aggregate",
          "Gather Merge",
          "Merge Join"
        ],
        [
          "Seq Scan",
          "Hash Join",
          "Hash",
          "Sort",
          "Aggregate",
          "Gather Merge",
          "Merge Join"
        ],
        [
          "Seq Scan",
          "Hash",
          "Hash Join",
          "Sort",
          "Aggregate",
          "Gather Merge",
          "Merge Join"
        ],
        [
          "Seq Scan",
          "Aggregate",
          "Merge Join",
          "Materialize",
          "Sort"
        ],
        [
          "Seq Scan",
          "Hash Join",
          "Sort",
          "Aggregate",
          "Gather Merge",
          "Merge Join",
          "Materialize"
        ],
        [
          "Seq Scan",
          "Hash Join",
          "Hash",
          "Sort",
          "Aggregate",
          "Gather Merge",
          "Merge Join",
          "Materialize"
        ],
        [
          "Seq Scan",
          "Hash Join",
          "Hash",
          "Sort",
          "Aggregate",
          "Gather Merge",
          "Merge Join",
          "Materialize"
        ],
        [
          "Seq Scan",
          "Hash",
          "Hash Join",
          "Sort",
          "Aggregate",
          "Gather Merge",
          "Merge Join",
          "Materialize"
        ],
        [
          "Seq Scan",
          "Aggregate",
          "Materialize",
          "Merge Join",
          "Sort"
        ],
        [
          "Seq Scan",
          "Hash Join",
          "Sort",
          "Aggregate",
          "Gather Merge",
          "Materialize",
          "Merge Join"
        ],
        [
          "Seq Scan",
          "Hash Join",
          "Hash",
          "Sort",
          "Aggregate",
          "Gather Merge",
          "Materialize",
          "Merge Join"
        ],
        [
          "Seq Scan",
          "Hash Join",
          "Hash",
          "Sort",
          "Aggregate",
          "Gather Merge",
          "Materialize",
          "Merge Join"
        ],
        [
          "Seq Scan",
          "Hash",
          "Hash Join",
          "Sort",
          "Aggregate",
          "Gather Merge",
          "Materialize",
          "Merge Join"
        ]
      ],
      "index_shape": [
        "join"
      ],
      "physical_operator": {
        "Hash Join": [
          0.004782654679485513,
          0.00489980762303818,
          0.0048817259344543975
        ]
      }
    }
  },
  {
    "query": "with ss_items as\n (select i_item_id item_id\n        ,sum(ss_ext_sales_price) ss_item_rev \n from store_sales\n     ,item\n     ,date_dim\n where ss_item_sk = i_item_sk\n   and d_date in (select d_date\n                  from date_dim\n                  where d_week_seq = (select d_week_seq \n                                      from date_dim\n                                      where d_date = '2000-05-19'))\n   and ss_sold_date_sk   = d_date_sk\n group by i_item_id),\n cs_items as\n (select i_item_id item_id\n        ,sum(cs_ext_sales_price) cs_item_rev\n  from catalog_sales\n      ,item\n      ,date_dim\n where cs_item_sk = i_item_sk\n  and  d_date in (select d_date\n                  from date_dim\n                  where d_week_seq = (select d_week_seq \n                                      from date_dim\n                                      where d_date = '2000-05-19'))\n  and  cs_sold_date_sk = d_date_sk\n group by i_item_id),\n ws_items as\n (select i_item_id item_id\n        ,sum(ws_ext_sales_price) ws_item_rev\n  from web_sales\n      ,item\n      ,date_dim\n where ws_item_sk = i_item_sk\n  and  d_date in (select d_date\n                  from date_dim\n                  where d_week_seq =(select d_week_seq \n                                     from date_dim\n                                     where d_date = '2000-05-19'))\n  and ws_sold_date_sk   = d_date_sk\n group by i_item_id)\n  select  ss_items.item_id\n       ,ss_item_rev\n       ,ss_item_rev/((ss_item_rev+cs_item_rev+ws_item_rev)/3) * 100 ss_dev\n       ,cs_item_rev\n       ,cs_item_rev/((ss_item_rev+cs_item_rev+ws_item_rev)/3) * 100 cs_dev\n       ,ws_item_rev\n       ,ws_item_rev/((ss_item_rev+cs_item_rev+ws_item_rev)/3) * 100 ws_dev\n       ,(ss_item_rev+cs_item_rev+ws_item_rev)/3 average\n from ss_items,cs_items,ws_items\n where ss_items.item_id=cs_items.item_id\n   and ss_items.item_id=ws_items.item_id \n   and ss_item_rev between 0.9 * cs_item_rev and 1.1 * cs_item_rev\n   and ss_item_rev between 0.9 * ws_item_rev and 1.1 * ws_item_rev\n   and cs_item_rev between 0.9 * ss_item_rev and 1.1 * ss_item_rev\n   and cs_item_rev between 0.9 * ws_item_rev and 1.1 * ws_item_rev\n   and ws_item_rev between 0.9 * ss_item_rev and 1.1 * ss_item_rev\n   and ws_item_rev between 0.9 * cs_item_rev and 1.1 * cs_item_rev\n order by item_id\n         ,ss_item_rev\n limit 100;\n\n-- end query 42 in stream 2 using template query58.tpl\n",
    "indexes": "date_dim.d_date",
    "wo plan est": {
      "Node Type": "Limit",
      "Parallel Aware": false,
      "Async Capable": false,
      "Startup Cost": 1412339.33,
      "Total Cost": 1412339.33,
      "Plan Rows": 1,
      "Plan Width": 241,
      "Plans": [
        {
          "Node Type": "Sort",
          "Parent Relationship": "Outer",
          "Parallel Aware": false,
          "Async Capable": false,
          "Startup Cost": 1412339.33,
          "Total Cost": 1412339.33,
          "Plan Rows": 1,
          "Plan Width": 241,
          "Sort Key": [
            "item.i_item_id",
            "(sum(store_sales.ss_ext_sales_price))"
          ],
          "Plans": [
            {
              "Node Type": "Merge Join",
              "Parent Relationship": "Outer",
              "Parallel Aware": false,
              "Async Capable": false,
              "Join Type": "Inner",
              "Startup Cost": 1411497.09,
              "Total Cost": 1412339.32,
              "Plan Rows": 1,
              "Plan Width": 241,
              "Inner Unique": false,
              "Merge Cond": "(item.i_item_id = item_2.i_item_id)",
              "Join Filter": "(((sum(store_sales.ss_ext_sales_price)) >= (0.9 * (sum(catalog_sales.cs_ext_sales_price)))) AND ((sum(store_sales.ss_ext_sales_price)) <= (1.1 * (sum(catalog_sales.cs_ext_sales_price)))) AND ((sum(catalog_sales.cs_ext_sales_price)) >= (0.9 * (sum(store_sales.ss_ext_sales_price)))) AND ((sum(catalog_sales.cs_ext_sales_price)) <= (1.1 * (sum(store_sales.ss_ext_sales_price)))) AND ((sum(store_sales.ss_ext_sales_price)) >= (0.9 * (sum(web_sales.ws_ext_sales_price)))) AND ((sum(store_sales.ss_ext_sales_price)) <= (1.1 * (sum(web_sales.ws_ext_sales_price)))) AND ((sum(web_sales.ws_ext_sales_price)) >= (0.9 * (sum(store_sales.ss_ext_sales_price)))) AND ((sum(web_sales.ws_ext_sales_price)) <= (1.1 * (sum(store_sales.ss_ext_sales_price)))))",
              "Plans": [
                {
                  "Node Type": "Aggregate",
                  "Strategy": "Sorted",
                  "Partial Mode": "Finalize",
                  "Parent Relationship": "Outer",
                  "Parallel Aware": false,
                  "Async Capable": false,
                  "Startup Cost": 696753.06,
                  "Total Cost": 697077.89,
                  "Plan Rows": 2634,
                  "Plan Width": 49,
                  "Group Key": [
                    "item.i_item_id"
                  ],
                  "Plans": [
                    {
                      "Node Type": "Seq Scan",
                      "Parent Relationship": "InitPlan",
                      "Subplan Name": "InitPlan 1 (returns $0)",
                      "Parallel Aware": false,
                      "Async Capable": false,
                      "Relation Name": "date_dim",
                      "Alias": "date_dim_6",
                      "Startup Cost": 0.0,
                      "Total Cost": 2318.11,
                      "Plan Rows": 1,
                      "Plan Width": 4,
                      "Filter": "(d_date = '2000-05-19'::date)",
                      "parent": 3,
                      "ID": 4
                    },
                    {
                      "Node Type": "Gather Merge",
                      "Parent Relationship": "Outer",
                      "Parallel Aware": false,
                      "Async Capable": false,
                      "Startup Cost": 694434.95,
                      "Total Cost": 694710.38,
                      "Plan Rows": 2196,
                      "Plan Width": 49,
                      "Workers Planned": 2,
                      "Params Evaluated": [
                        "$0"
                      ],
                      "Plans": [
                        {
                          "Node Type": "Aggregate",
                          "Strategy": "Sorted",
                          "Partial Mode": "Partial",
                          "Parent Relationship": "Outer",
                          "Parallel Aware": false,
                          "Async Capable": false,
                          "Startup Cost": 693434.92,
                          "Total Cost": 693456.88,
                          "Plan Rows": 1098,
                          "Plan Width": 49,
                          "Group Key": [
                            "item.i_item_id"
                          ],
                          "Plans": [
                            {
                              "Node Type": "Sort",
                              "Parent Relationship": "Outer",
                              "Parallel Aware": false,
                              "Async Capable": false,
                              "Startup Cost": 693434.92,
                              "Total Cost": 693437.67,
                              "Plan Rows": 1098,
                              "Plan Width": 23,
                              "Sort Key": [
                                "item.i_item_id"
                              ],
                              "Plans": [
                                {
                                  "Node Type": "Hash Join",
                                  "Parent Relationship": "Outer",
                                  "Parallel Aware": true,
                                  "Async Capable": false,
                                  "Join Type": "Inner",
                                  "Startup Cost": 685826.52,
                                  "Total Cost": 693379.47,
                                  "Plan Rows": 1098,
                                  "Plan Width": 23,
                                  "Inner Unique": false,
                                  "Hash Cond": "(item.i_item_sk = store_sales.ss_item_sk)",
                                  "Plans": [
                                    {
                                      "Node Type": "Seq Scan",
                                      "Parent Relationship": "Outer",
                                      "Parallel Aware": true,
                                      "Async Capable": false,
                                      "Relation Name": "item",
                                      "Alias": "item",
                                      "Startup Cost": 0.0,
                                      "Total Cost": 7389.0,
                                      "Plan Rows": 42500,
                                      "Plan Width": 21,
                                      "parent": 8,
                                      "ID": 9
                                    },
                                    {
                                      "Node Type": "Hash",
                                      "Parent Relationship": "Inner",
                                      "Parallel Aware": true,
                                      "Async Capable": false,
                                      "Startup Cost": 685812.79,
                                      "Total Cost": 685812.79,
                                      "Plan Rows": 1098,
                                      "Plan Width": 10,
                                      "Plans": [
                                        {
                                          "Node Type": "Hash Join",
                                          "Parent Relationship": "Outer",
                                          "Parallel Aware": true,
                                          "Async Capable": false,
                                          "Join Type": "Inner",
                                          "Startup Cost": 3889.77,
                                          "Total Cost": 685812.79,
                                          "Plan Rows": 1098,
                                          "Plan Width": 10,
                                          "Inner Unique": false,
                                          "Hash Cond": "(store_sales.ss_sold_date_sk = date_dim.d_date_sk)",
                                          "Plans": [
                                            {
                                              "Node Type": "Seq Scan",
                                              "Parent Relationship": "Outer",
                                              "Parallel Aware": true,
                                              "Async Capable": false,
                                              "Relation Name": "store_sales",
                                              "Alias": "store_sales",
                                              "Startup Cost": 0.0,
                                              "Total Cost": 636914.37,
                                              "Plan Rows": 12000637,
                                              "Plan Width": 14,
                                              "parent": 11,
                                              "ID": 12
                                            },
                                            {
                                              "Node Type": "Hash",
                                              "Parent Relationship": "Inner",
                                              "Parallel Aware": true,
                                              "Async Capable": false,
                                              "Startup Cost": 3889.72,
                                              "Total Cost": 3889.72,
                                              "Plan Rows": 4,
                                              "Plan Width": 4,
                                              "Plans": [
                                                {
                                                  "Node Type": "Hash Join",
                                                  "Parent Relationship": "Outer",
                                                  "Parallel Aware": true,
                                                  "Async Capable": false,
                                                  "Join Type": "Semi",
                                                  "Startup Cost": 1942.17,
                                                  "Total Cost": 3889.72,
                                                  "Plan Rows": 4,
                                                  "Plan Width": 4,
                                                  "Inner Unique": false,
                                                  "Hash Cond": "(date_dim.d_date = date_dim_1.d_date)",
                                                  "Plans": [
                                                    {
                                                      "Node Type": "Seq Scan",
                                                      "Parent Relationship": "Outer",
                                                      "Parallel Aware": true,
                                                      "Async Capable": false,
                                                      "Relation Name": "date_dim",
                                                      "Alias": "date_dim",
                                                      "Startup Cost": 0.0,
                                                      "Total Cost": 1834.7,
                                                      "Plan Rows": 42970,
                                                      "Plan Width": 8,
                                                      "parent": 14,
                                                      "ID": 15
                                                    },
                                                    {
                                                      "Node Type": "Hash",
                                                      "Parent Relationship": "Inner",
                                                      "Parallel Aware": true,
                                                      "Async Capable": false,
                                                      "Startup Cost": 1942.12,
                                                      "Total Cost": 1942.12,
                                                      "Plan Rows": 4,
                                                      "Plan Width": 4,
                                                      "Plans": [
                                                        {
                                                          "Node Type": "Seq Scan",
                                                          "Parent Relationship": "Outer",
                                                          "Parallel Aware": true,
                                                          "Async Capable": false,
                                                          "Relation Name": "date_dim",
                                                          "Alias": "date_dim_1",
                                                          "Startup Cost": 0.0,
                                                          "Total Cost": 1942.12,
                                                          "Plan Rows": 4,
                                                          "Plan Width": 4,
                                                          "Filter": "(d_week_seq = $0)",
                                                          "parent": 16,
                                                          "ID": 17
                                                        }
                                                      ],
                                                      "parent": 14,
                                                      "ID": 16,
                                                      "left": 17
                                                    }
                                                  ],
                                                  "parent": 13,
                                                  "ID": 14,
                                                  "left": 15,
                                                  "right": 16
                                                }
                                              ],
                                              "parent": 11,
                                              "ID": 13,
                                              "left": 14
                                            }
                                          ],
                                          "parent": 10,
                                          "ID": 11,
                                          "left": 12,
                                          "right": 13
                                        }
                                      ],
                                      "parent": 8,
                                      "ID": 10,
                                      "left": 11
                                    }
                                  ],
                                  "parent": 7,
                                  "ID": 8,
                                  "left": 9,
                                  "right": 10
                                }
                              ],
                              "parent": 6,
                              "ID": 7,
                              "left": 8
                            }
                          ],
                          "parent": 5,
                          "ID": 6,
                          "left": 7
                        }
                      ],
                      "parent": 3,
                      "ID": 5,
                      "left": 6
                    }
                  ],
                  "parent": 2,
                  "ID": 3,
                  "left": 4,
                  "right": 5
                },
                {
                  "Node Type": "Materialize",
                  "Parent Relationship": "Inner",
                  "Parallel Aware": false,
                  "Async Capable": false,
                  "Startup Cost": 714744.03,
                  "Total Cost": 715186.59,
                  "Plan Rows": 58,
                  "Plan Width": 98,
                  "Plans": [
                    {
                      "Node Type": "Merge Join",
                      "Parent Relationship": "Outer",
                      "Parallel Aware": false,
                      "Async Capable": false,
                      "Join Type": "Inner",
                      "Startup Cost": 714744.03,
                      "Total Cost": 715186.44,
                      "Plan Rows": 58,
                      "Plan Width": 98,
                      "Inner Unique": true,
                      "Merge Cond": "(item_1.i_item_id = item_2.i_item_id)",
                      "Join Filter": "(((sum(catalog_sales.cs_ext_sales_price)) >= (0.9 * (sum(web_sales.ws_ext_sales_price)))) AND ((sum(catalog_sales.cs_ext_sales_price)) <= (1.1 * (sum(web_sales.ws_ext_sales_price)))) AND ((sum(web_sales.ws_ext_sales_price)) >= (0.9 * (sum(catalog_sales.cs_ext_sales_price)))) AND ((sum(web_sales.ws_ext_sales_price)) <= (1.1 * (sum(catalog_sales.cs_ext_sales_price)))))",
                      "Plans": [
                        {
                          "Node Type": "Aggregate",
                          "Strategy": "Sorted",
                          "Partial Mode": "Finalize",
                          "Parent Relationship": "Outer",
                          "Parallel Aware": false,
                          "Async Capable": false,
                          "Startup Cost": 243758.54,
                          "Total Cost": 243843.73,
                          "Plan Rows": 690,
                          "Plan Width": 49,
                          "Group Key": [
                            "item_1.i_item_id"
                          ],
                          "Plans": [
                            {
                              "Node Type": "Seq Scan",
                              "Parent Relationship": "InitPlan",
                              "Subplan Name": "InitPlan 3 (returns $2)",
                              "Parallel Aware": false,
                              "Async Capable": false,
                              "Relation Name": "date_dim",
                              "Alias": "date_dim_8",
                              "Startup Cost": 0.0,
                              "Total Cost": 2318.11,
                              "Plan Rows": 1,
                              "Plan Width": 4,
                              "Filter": "(d_date = '2000-05-19'::date)",
                              "parent": 20,
                              "ID": 21
                            },
                            {
                              "Node Type": "Gather Merge",
                              "Parent Relationship": "Outer",
                              "Parallel Aware": false,
                              "Async Capable": false,
                              "Startup Cost": 241440.43,
                              "Total Cost": 241512.67,
                              "Plan Rows": 576,
                              "Plan Width": 49,
                              "Workers Planned": 2,
                              "Params Evaluated": [
                                "$2"
                              ],
                              "Plans": [
                                {
                                  "Node Type": "Aggregate",
                                  "Strategy": "Sorted",
                                  "Partial Mode": "Partial",
                                  "Parent Relationship": "Outer",
                                  "Parallel Aware": false,
                                  "Async Capable": false,
                                  "Startup Cost": 240440.4,
                                  "Total Cost": 240446.16,
                                  "Plan Rows": 288,
                                  "Plan Width": 49,
                                  "Group Key": [
                                    "item_1.i_item_id"
                                  ],
                                  "Plans": [
                                    {
                                      "Node Type": "Sort",
                                      "Parent Relationship": "Outer",
                                      "Parallel Aware": false,
                                      "Async Capable": false,
                                      "Startup Cost": 240440.4,
                                      "Total Cost": 240441.12,
                                      "Plan Rows": 288,
                                      "Plan Width": 23,
                                      "Sort Key": [
                                        "item_1.i_item_id"
                                      ],
                                      "Plans": [
                                        {
                                          "Node Type": "Hash Join",
                                          "Parent Relationship": "Outer",
                                          "Parallel Aware": true,
                                          "Async Capable": false,
                                          "Join Type": "Inner",
                                          "Startup Cost": 232879.06,
                                          "Total Cost": 240428.64,
                                          "Plan Rows": 288,
                                          "Plan Width": 23,
                                          "Inner Unique": false,
                                          "Hash Cond": "(item_1.i_item_sk = web_sales.ws_item_sk)",
                                          "Plans": [
                                            {
                                              "Node Type": "Seq Scan",
                                              "Parent Relationship": "Outer",
                                              "Parallel Aware": true,
                                              "Async Capable": false,
                                              "Relation Name": "item",
                                              "Alias": "item_1",
                                              "Startup Cost": 0.0,
                                              "Total Cost": 7389.0,
                                              "Plan Rows": 42500,
                                              "Plan Width": 21,
                                              "parent": 25,
                                              "ID": 26
                                            },
                                            {
                                              "Node Type": "Hash",
                                              "Parent Relationship": "Inner",
                                              "Parallel Aware": true,
                                              "Async Capable": false,
                                              "Startup Cost": 232875.46,
                                              "Total Cost": 232875.46,
                                              "Plan Rows": 288,
                                              "Plan Width": 10,
                                              "Plans": [
                                                {
                                                  "Node Type": "Hash Join",
                                                  "Parent Relationship": "Outer",
                                                  "Parallel Aware": true,
                                                  "Async Capable": false,
                                                  "Join Type": "Inner",
                                                  "Startup Cost": 3889.77,
                                                  "Total Cost": 232875.46,
                                                  "Plan Rows": 288,
                                                  "Plan Width": 10,
                                                  "Inner Unique": false,
                                                  "Hash Cond": "(web_sales.ws_sold_date_sk = date_dim_2.d_date_sk)",
                                                  "Plans": [
                                                    {
                                                      "Node Type": "Seq Scan",
                                                      "Parent Relationship": "Outer",
                                                      "Parallel Aware": true,
                                                      "Async Capable": false,
                                                      "Relation Name": "web_sales",
                                                      "Alias": "web_sales",
                                                      "Startup Cost": 0.0,
                                                      "Total Cost": 217737.86,
                                                      "Plan Rows": 2998986,
                                                      "Plan Width": 14,
                                                      "parent": 28,
                                                      "ID": 29
                                                    },
                                                    {
                                                      "Node Type": "Hash",
                                                      "Parent Relationship": "Inner",
                                                      "Parallel Aware": true,
                                                      "Async Capable": false,
                                                      "Startup Cost": 3889.72,
                                                      "Total Cost": 3889.72,
                                                      "Plan Rows": 4,
                                                      "Plan Width": 4,
                                                      "Plans": [
                                                        {
                                                          "Node Type": "Hash Join",
                                                          "Parent Relationship": "Outer",
                                                          "Parallel Aware": true,
                                                          "Async Capable": false,
                                                          "Join Type": "Semi",
                                                          "Startup Cost": 1942.17,
                                                          "Total Cost": 3889.72,
                                                          "Plan Rows": 4,
                                                          "Plan Width": 4,
                                                          "Inner Unique": false,
                                                          "Hash Cond": "(date_dim_2.d_date = date_dim_3.d_date)",
                                                          "Plans": [
                                                            {
                                                              "Node Type": "Seq Scan",
                                                              "Parent Relationship": "Outer",
                                                              "Parallel Aware": true,
                                                              "Async Capable": false,
                                                              "Relation Name": "date_dim",
                                                              "Alias": "date_dim_2",
                                                              "Startup Cost": 0.0,
                                                              "Total Cost": 1834.7,
                                                              "Plan Rows": 42970,
                                                              "Plan Width": 8,
                                                              "parent": 31,
                                                              "ID": 32
                                                            },
                                                            {
                                                              "Node Type": "Hash",
                                                              "Parent Relationship": "Inner",
                                                              "Parallel Aware": true,
                                                              "Async Capable": false,
                                                              "Startup Cost": 1942.12,
                                                              "Total Cost": 1942.12,
                                                              "Plan Rows": 4,
                                                              "Plan Width": 4,
                                                              "Plans": [
                                                                {
                                                                  "Node Type": "Seq Scan",
                                                                  "Parent Relationship": "Outer",
                                                                  "Parallel Aware": true,
                                                                  "Async Capable": false,
                                                                  "Relation Name": "date_dim",
                                                                  "Alias": "date_dim_3",
                                                                  "Startup Cost": 0.0,
                                                                  "Total Cost": 1942.12,
                                                                  "Plan Rows": 4,
                                                                  "Plan Width": 4,
                                                                  "Filter": "(d_week_seq = $2)",
                                                                  "parent": 33,
                                                                  "ID": 34
                                                                }
                                                              ],
                                                              "parent": 31,
                                                              "ID": 33,
                                                              "left": 34
                                                            }
                                                          ],
                                                          "parent": 30,
                                                          "ID": 31,
                                                          "left": 32,
                                                          "right": 33
                                                        }
                                                      ],
                                                      "parent": 28,
                                                      "ID": 30,
                                                      "left": 31
                                                    }
                                                  ],
                                                  "parent": 27,
                                                  "ID": 28,
                                                  "left": 29,
                                                  "right": 30
                                                }
                                              ],
                                              "parent": 25,
                                              "ID": 27,
                                              "left": 28
                                            }
                                          ],
                                          "parent": 24,
                                          "ID": 25,
                                          "left": 26,
                                          "right": 27
                                        }
                                      ],
                                      "parent": 23,
                                      "ID": 24,
                                      "left": 25
                                    }
                                  ],
                                  "parent": 22,
                                  "ID": 23,
                                  "left": 24
                                }
                              ],
                              "parent": 20,
                              "ID": 22,
                              "left": 23
                            }
                          ],
                          "parent": 19,
                          "ID": 20,
                          "left": 21,
                          "right": 22
                        },
                        {
                          "Node Type": "Materialize",
                          "Parent Relationship": "Inner",
                          "Parallel Aware": false,
                          "Async Capable": false,
                          "Startup Cost": 470985.5,
                          "Total Cost": 471171.86,
                          "Plan Rows": 1372,
                          "Plan Width": 49,
                          "Plans": [
                            {
                              "Node Type": "Aggregate",
                              "Strategy": "Sorted",
                              "Partial Mode": "Finalize",
                              "Parent Relationship": "Outer",
                              "Parallel Aware": false,
                              "Async Capable": false,
                              "Startup Cost": 470985.5,
                              "Total Cost": 471154.71,
                              "Plan Rows": 1372,
                              "Plan Width": 49,
                              "Group Key": [
                                "item_2.i_item_id"
                              ],
                              "Plans": [
                                {
                                  "Node Type": "Seq Scan",
                                  "Parent Relationship": "InitPlan",
                                  "Subplan Name": "InitPlan 2 (returns $1)",
                                  "Parallel Aware": false,
                                  "Async Capable": false,
                                  "Relation Name": "date_dim",
                                  "Alias": "date_dim_7",
                                  "Startup Cost": 0.0,
                                  "Total Cost": 2318.11,
                                  "Plan Rows": 1,
                                  "Plan Width": 4,
                                  "Filter": "(d_date = '2000-05-19'::date)",
                                  "parent": 36,
                                  "ID": 37
                                },
                                {
                                  "Node Type": "Gather Merge",
                                  "Parent Relationship": "Outer",
                                  "Parallel Aware": false,
                                  "Async Capable": false,
                                  "Startup Cost": 468667.38,
                                  "Total Cost": 468810.87,
                                  "Plan Rows": 1144,
                                  "Plan Width": 49,
                                  "Workers Planned": 2,
                                  "Params Evaluated": [
                                    "$1"
                                  ],
                                  "Plans": [
                                    {
                                      "Node Type": "Aggregate",
                                      "Strategy": "Sorted",
                                      "Partial Mode": "Partial",
                                      "Parent Relationship": "Outer",
                                      "Parallel Aware": false,
                                      "Async Capable": false,
                                      "Startup Cost": 467667.36,
                                      "Total Cost": 467678.8,
                                      "Plan Rows": 572,
                                      "Plan Width": 49,
                                      "Group Key": [
                                        "item_2.i_item_id"
                                      ],
                                      "Plans": [
                                        {
                                          "Node Type": "Sort",
                                          "Parent Relationship": "Outer",
                                          "Parallel Aware": false,
                                          "Async Capable": false,
                                          "Startup Cost": 467667.36,
                                          "Total Cost": 467668.79,
                                          "Plan Rows": 572,
                                          "Plan Width": 23,
                                          "Sort Key": [
                                            "item_2.i_item_id"
                                          ],
                                          "Plans": [
                                            {
                                              "Node Type": "Hash Join",
                                              "Parent Relationship": "Outer",
                                              "Parallel Aware": true,
                                              "Async Capable": false,
                                              "Join Type": "Inner",
                                              "Startup Cost": 460090.41,
                                              "Total Cost": 467641.16,
                                              "Plan Rows": 572,
                                              "Plan Width": 23,
                                              "Inner Unique": false,
                                              "Hash Cond": "(item_2.i_item_sk = catalog_sales.cs_item_sk)",
                                              "Plans": [
                                                {
                                                  "Node Type": "Seq Scan",
                                                  "Parent Relationship": "Outer",
                                                  "Parallel Aware": true,
                                                  "Async Capable": false,
                                                  "Relation Name": "item",
                                                  "Alias": "item_2",
                                                  "Startup Cost": 0.0,
                                                  "Total Cost": 7389.0,
                                                  "Plan Rows": 42500,
                                                  "Plan Width": 21,
                                                  "parent": 41,
                                                  "ID": 42
                                                },
                                                {
                                                  "Node Type": "Hash",
                                                  "Parent Relationship": "Inner",
                                                  "Parallel Aware": true,
                                                  "Async Capable": false,
                                                  "Startup Cost": 460083.26,
                                                  "Total Cost": 460083.26,
                                                  "Plan Rows": 572,
                                                  "Plan Width": 10,
                                                  "Plans": [
                                                    {
                                                      "Node Type": "Hash Join",
                                                      "Parent Relationship": "Outer",
                                                      "Parallel Aware": true,
                                                      "Async Capable": false,
                                                      "Join Type": "Inner",
                                                      "Startup Cost": 3889.77,
                                                      "Total Cost": 460083.26,
                                                      "Plan Rows": 572,
                                                      "Plan Width": 10,
                                                      "Inner Unique": false,
                                                      "Hash Cond": "(catalog_sales.cs_sold_date_sk = date_dim_4.d_date_sk)",
                                                      "Plans": [
                                                        {
                                                          "Node Type": "Seq Scan",
                                                          "Parent Relationship": "Outer",
                                                          "Parallel Aware": true,
                                                          "Async Capable": false,
                                                          "Relation Name": "catalog_sales",
                                                          "Alias": "catalog_sales",
                                                          "Startup Cost": 0.0,
                                                          "Total Cost": 433688.25,
                                                          "Plan Rows": 6000525,
                                                          "Plan Width": 14,
                                                          "parent": 44,
                                                          "ID": 45
                                                        },
                                                        {
                                                          "Node Type": "Hash",
                                                          "Parent Relationship": "Inner",
                                                          "Parallel Aware": true,
                                                          "Async Capable": false,
                                                          "Startup Cost": 3889.72,
                                                          "Total Cost": 3889.72,
                                                          "Plan Rows": 4,
                                                          "Plan Width": 4,
                                                          "Plans": [
                                                            {
                                                              "Node Type": "Hash Join",
                                                              "Parent Relationship": "Outer",
                                                              "Parallel Aware": true,
                                                              "Async Capable": false,
                                                              "Join Type": "Semi",
                                                              "Startup Cost": 1942.17,
                                                              "Total Cost": 3889.72,
                                                              "Plan Rows": 4,
                                                              "Plan Width": 4,
                                                              "Inner Unique": false,
                                                              "Hash Cond": "(date_dim_4.d_date = date_dim_5.d_date)",
                                                              "Plans": [
                                                                {
                                                                  "Node Type": "Seq Scan",
                                                                  "Parent Relationship": "Outer",
                                                                  "Parallel Aware": true,
                                                                  "Async Capable": false,
                                                                  "Relation Name": "date_dim",
                                                                  "Alias": "date_dim_4",
                                                                  "Startup Cost": 0.0,
                                                                  "Total Cost": 1834.7,
                                                                  "Plan Rows": 42970,
                                                                  "Plan Width": 8,
                                                                  "parent": 47,
                                                                  "ID": 48
                                                                },
                                                                {
                                                                  "Node Type": "Hash",
                                                                  "Parent Relationship": "Inner",
                                                                  "Parallel Aware": true,
                                                                  "Async Capable": false,
                                                                  "Startup Cost": 1942.12,
                                                                  "Total Cost": 1942.12,
                                                                  "Plan Rows": 4,
                                                                  "Plan Width": 4,
                                                                  "Plans": [
                                                                    {
                                                                      "Node Type": "Seq Scan",
                                                                      "Parent Relationship": "Outer",
                                                                      "Parallel Aware": true,
                                                                      "Async Capable": false,
                                                                      "Relation Name": "date_dim",
                                                                      "Alias": "date_dim_5",
                                                                      "Startup Cost": 0.0,
                                                                      "Total Cost": 1942.12,
                                                                      "Plan Rows": 4,
                                                                      "Plan Width": 4,
                                                                      "Filter": "(d_week_seq = $1)",
                                                                      "parent": 49,
                                                                      "ID": 50
                                                                    }
                                                                  ],
                                                                  "parent": 47,
                                                                  "ID": 49,
                                                                  "left": 50
                                                                }
                                                              ],
                                                              "parent": 46,
                                                              "ID": 47,
                                                              "left": 48,
                                                              "right": 49
                                                            }
                                                          ],
                                                          "parent": 44,
                                                          "ID": 46,
                                                          "left": 47
                                                        }
                                                      ],
                                                      "parent": 43,
                                                      "ID": 44,
                                                      "left": 45,
                                                      "right": 46
                                                    }
                                                  ],
                                                  "parent": 41,
                                                  "ID": 43,
                                                  "left": 44
                                                }
                                              ],
                                              "parent": 40,
                                              "ID": 41,
                                              "left": 42,
                                              "right": 43
                                            }
                                          ],
                                          "parent": 39,
                                          "ID": 40,
                                          "left": 41
                                        }
                                      ],
                                      "parent": 38,
                                      "ID": 39,
                                      "left": 40
                                    }
                                  ],
                                  "parent": 36,
                                  "ID": 38,
                                  "left": 39
                                }
                              ],
                              "parent": 35,
                              "ID": 36,
                              "left": 37,
                              "right": 38
                            }
                          ],
                          "parent": 19,
                          "ID": 35,
                          "left": 36
                        }
                      ],
                      "parent": 18,
                      "ID": 19,
                      "left": 20,
                      "right": 35
                    }
                  ],
                  "parent": 2,
                  "ID": 18,
                  "left": 19
                }
              ],
              "parent": 1,
              "ID": 2,
              "left": 3,
              "right": 18
            }
          ],
          "parent": 0,
          "ID": 1,
          "left": 2
        }
      ],
      "parent": null,
      "ID": 0,
      "left": 1
    },
    "feat": {
      "utility": 0.013134635561323207,
      "query_shape": [
        [
          "Seq Scan",
          "Aggregate",
          "Merge Join",
          "Sort"
        ],
        [
          "Seq Scan",
          "Hash Join",
          "Sort",
          "Aggregate",
          "Gather Merge",
          "Merge Join"
        ],
        [
          "Seq Scan",
          "Hash Join",
          "Hash",
          "Sort",
          "Aggregate",
          "Gather Merge",
          "Merge Join"
        ],
        [
          "Seq Scan",
          "Hash Join",
          "Hash",
          "Sort",
          "Aggregate",
          "Gather Merge",
          "Merge Join"
        ],
        [
          "Seq Scan",
          "Hash",
          "Hash Join",
          "Sort",
          "Aggregate",
          "Gather Merge",
          "Merge Join"
        ],
        [
          "Seq Scan",
          "Aggregate",
          "Merge Join",
          "Materialize",
          "Sort"
        ],
        [
          "Seq Scan",
          "Hash Join",
          "Sort",
          "Aggregate",
          "Gather Merge",
          "Merge Join",
          "Materialize"
        ],
        [
          "Seq Scan",
          "Hash Join",
          "Hash",
          "Sort",
          "Aggregate",
          "Gather Merge",
          "Merge Join",
          "Materialize"
        ],
        [
          "Seq Scan",
          "Hash Join",
          "Hash",
          "Sort",
          "Aggregate",
          "Gather Merge",
          "Merge Join",
          "Materialize"
        ],
        [
          "Seq Scan",
          "Hash",
          "Hash Join",
          "Sort",
          "Aggregate",
          "Gather Merge",
          "Merge Join",
          "Materialize"
        ],
        [
          "Seq Scan",
          "Aggregate",
          "Materialize",
          "Merge Join",
          "Sort"
        ],
        [
          "Seq Scan",
          "Hash Join",
          "Sort",
          "Aggregate",
          "Gather Merge",
          "Materialize",
          "Merge Join"
        ],
        [
          "Seq Scan",
          "Hash Join",
          "Hash",
          "Sort",
          "Aggregate",
          "Gather Merge",
          "Materialize",
          "Merge Join"
        ],
        [
          "Seq Scan",
          "Hash Join",
          "Hash",
          "Sort",
          "Aggregate",
          "Gather Merge",
          "Materialize",
          "Merge Join"
        ],
        [
          "Seq Scan",
          "Hash",
          "Hash Join",
          "Sort",
          "Aggregate",
          "Gather Merge",
          "Materialize",
          "Merge Join"
        ]
      ],
      "index_shape": [
        "join"
      ],
      "physical_operator": {
        "Seq Scan": [
          1.3689441333952779e-05,
          1.3689441333952779e-05,
          1.3689441333952779e-05
        ],
        "Hash Join": [
          0.004782654679485513,
          0.004824111344862241,
          0.00489980762303818,
          0.004824111344862241,
          0.0048817259344543975,
          0.004824111344862241
        ]
      }
    }
  },
  {
    "query": "with ss_items as\n (select i_item_id item_id\n        ,sum(ss_ext_sales_price) ss_item_rev \n from store_sales\n     ,item\n     ,date_dim\n where ss_item_sk = i_item_sk\n   and d_date in (select d_date\n                  from date_dim\n                  where d_week_seq = (select d_week_seq \n                                      from date_dim\n                                      where d_date = '2000-05-19'))\n   and ss_sold_date_sk   = d_date_sk\n group by i_item_id),\n cs_items as\n (select i_item_id item_id\n        ,sum(cs_ext_sales_price) cs_item_rev\n  from catalog_sales\n      ,item\n      ,date_dim\n where cs_item_sk = i_item_sk\n  and  d_date in (select d_date\n                  from date_dim\n                  where d_week_seq = (select d_week_seq \n                                      from date_dim\n                                      where d_date = '2000-05-19'))\n  and  cs_sold_date_sk = d_date_sk\n group by i_item_id),\n ws_items as\n (select i_item_id item_id\n        ,sum(ws_ext_sales_price) ws_item_rev\n  from web_sales\n      ,item\n      ,date_dim\n where ws_item_sk = i_item_sk\n  and  d_date in (select d_date\n                  from date_dim\n                  where d_week_seq =(select d_week_seq \n                                     from date_dim\n                                     where d_date = '2000-05-19'))\n  and ws_sold_date_sk   = d_date_sk\n group by i_item_id)\n  select  ss_items.item_id\n       ,ss_item_rev\n       ,ss_item_rev/((ss_item_rev+cs_item_rev+ws_item_rev)/3) * 100 ss_dev\n       ,cs_item_rev\n       ,cs_item_rev/((ss_item_rev+cs_item_rev+ws_item_rev)/3) * 100 cs_dev\n       ,ws_item_rev\n       ,ws_item_rev/((ss_item_rev+cs_item_rev+ws_item_rev)/3) * 100 ws_dev\n       ,(ss_item_rev+cs_item_rev+ws_item_rev)/3 average\n from ss_items,cs_items,ws_items\n where ss_items.item_id=cs_items.item_id\n   and ss_items.item_id=ws_items.item_id \n   and ss_item_rev between 0.9 * cs_item_rev and 1.1 * cs_item_rev\n   and ss_item_rev between 0.9 * ws_item_rev and 1.1 * ws_item_rev\n   and cs_item_rev between 0.9 * ss_item_rev and 1.1 * ss_item_rev\n   and cs_item_rev between 0.9 * ws_item_rev and 1.1 * ws_item_rev\n   and ws_item_rev between 0.9 * ss_item_rev and 1.1 * ss_item_rev\n   and ws_item_rev between 0.9 * cs_item_rev and 1.1 * cs_item_rev\n order by item_id\n         ,ss_item_rev\n limit 100;\n\n-- end query 42 in stream 2 using template query58.tpl\n",
    "indexes": "date_dim.d_week_seq",
    "wo plan est": {
      "Node Type": "Limit",
      "Parallel Aware": false,
      "Async Capable": false,
      "Startup Cost": 1412339.33,
      "Total Cost": 1412339.33,
      "Plan Rows": 1,
      "Plan Width": 241,
      "Plans": [
        {
          "Node Type": "Sort",
          "Parent Relationship": "Outer",
          "Parallel Aware": false,
          "Async Capable": false,
          "Startup Cost": 1412339.33,
          "Total Cost": 1412339.33,
          "Plan Rows": 1,
          "Plan Width": 241,
          "Sort Key": [
            "item.i_item_id",
            "(sum(store_sales.ss_ext_sales_price))"
          ],
          "Plans": [
            {
              "Node Type": "Merge Join",
              "Parent Relationship": "Outer",
              "Parallel Aware": false,
              "Async Capable": false,
              "Join Type": "Inner",
              "Startup Cost": 1411497.09,
              "Total Cost": 1412339.32,
              "Plan Rows": 1,
              "Plan Width": 241,
              "Inner Unique": false,
              "Merge Cond": "(item.i_item_id = item_2.i_item_id)",
              "Join Filter": "(((sum(store_sales.ss_ext_sales_price)) >= (0.9 * (sum(catalog_sales.cs_ext_sales_price)))) AND ((sum(store_sales.ss_ext_sales_price)) <= (1.1 * (sum(catalog_sales.cs_ext_sales_price)))) AND ((sum(catalog_sales.cs_ext_sales_price)) >= (0.9 * (sum(store_sales.ss_ext_sales_price)))) AND ((sum(catalog_sales.cs_ext_sales_price)) <= (1.1 * (sum(store_sales.ss_ext_sales_price)))) AND ((sum(store_sales.ss_ext_sales_price)) >= (0.9 * (sum(web_sales.ws_ext_sales_price)))) AND ((sum(store_sales.ss_ext_sales_price)) <= (1.1 * (sum(web_sales.ws_ext_sales_price)))) AND ((sum(web_sales.ws_ext_sales_price)) >= (0.9 * (sum(store_sales.ss_ext_sales_price)))) AND ((sum(web_sales.ws_ext_sales_price)) <= (1.1 * (sum(store_sales.ss_ext_sales_price)))))",
              "Plans": [
                {
                  "Node Type": "Aggregate",
                  "Strategy": "Sorted",
                  "Partial Mode": "Finalize",
                  "Parent Relationship": "Outer",
                  "Parallel Aware": false,
                  "Async Capable": false,
                  "Startup Cost": 696753.06,
                  "Total Cost": 697077.89,
                  "Plan Rows": 2634,
                  "Plan Width": 49,
                  "Group Key": [
                    "item.i_item_id"
                  ],
                  "Plans": [
                    {
                      "Node Type": "Seq Scan",
                      "Parent Relationship": "InitPlan",
                      "Subplan Name": "InitPlan 1 (returns $0)",
                      "Parallel Aware": false,
                      "Async Capable": false,
                      "Relation Name": "date_dim",
                      "Alias": "date_dim_6",
                      "Startup Cost": 0.0,
                      "Total Cost": 2318.11,
                      "Plan Rows": 1,
                      "Plan Width": 4,
                      "Filter": "(d_date = '2000-05-19'::date)",
                      "parent": 3,
                      "ID": 4
                    },
                    {
                      "Node Type": "Gather Merge",
                      "Parent Relationship": "Outer",
                      "Parallel Aware": false,
                      "Async Capable": false,
                      "Startup Cost": 694434.95,
                      "Total Cost": 694710.38,
                      "Plan Rows": 2196,
                      "Plan Width": 49,
                      "Workers Planned": 2,
                      "Params Evaluated": [
                        "$0"
                      ],
                      "Plans": [
                        {
                          "Node Type": "Aggregate",
                          "Strategy": "Sorted",
                          "Partial Mode": "Partial",
                          "Parent Relationship": "Outer",
                          "Parallel Aware": false,
                          "Async Capable": false,
                          "Startup Cost": 693434.92,
                          "Total Cost": 693456.88,
                          "Plan Rows": 1098,
                          "Plan Width": 49,
                          "Group Key": [
                            "item.i_item_id"
                          ],
                          "Plans": [
                            {
                              "Node Type": "Sort",
                              "Parent Relationship": "Outer",
                              "Parallel Aware": false,
                              "Async Capable": false,
                              "Startup Cost": 693434.92,
                              "Total Cost": 693437.67,
                              "Plan Rows": 1098,
                              "Plan Width": 23,
                              "Sort Key": [
                                "item.i_item_id"
                              ],
                              "Plans": [
                                {
                                  "Node Type": "Hash Join",
                                  "Parent Relationship": "Outer",
                                  "Parallel Aware": true,
                                  "Async Capable": false,
                                  "Join Type": "Inner",
                                  "Startup Cost": 685826.52,
                                  "Total Cost": 693379.47,
                                  "Plan Rows": 1098,
                                  "Plan Width": 23,
                                  "Inner Unique": false,
                                  "Hash Cond": "(item.i_item_sk = store_sales.ss_item_sk)",
                                  "Plans": [
                                    {
                                      "Node Type": "Seq Scan",
                                      "Parent Relationship": "Outer",
                                      "Parallel Aware": true,
                                      "Async Capable": false,
                                      "Relation Name": "item",
                                      "Alias": "item",
                                      "Startup Cost": 0.0,
                                      "Total Cost": 7389.0,
                                      "Plan Rows": 42500,
                                      "Plan Width": 21,
                                      "parent": 8,
                                      "ID": 9
                                    },
                                    {
                                      "Node Type": "Hash",
                                      "Parent Relationship": "Inner",
                                      "Parallel Aware": true,
                                      "Async Capable": false,
                                      "Startup Cost": 685812.79,
                                      "Total Cost": 685812.79,
                                      "Plan Rows": 1098,
                                      "Plan Width": 10,
                                      "Plans": [
                                        {
                                          "Node Type": "Hash Join",
                                          "Parent Relationship": "Outer",
                                          "Parallel Aware": true,
                                          "Async Capable": false,
                                          "Join Type": "Inner",
                                          "Startup Cost": 3889.77,
                                          "Total Cost": 685812.79,
                                          "Plan Rows": 1098,
                                          "Plan Width": 10,
                                          "Inner Unique": false,
                                          "Hash Cond": "(store_sales.ss_sold_date_sk = date_dim.d_date_sk)",
                                          "Plans": [
                                            {
                                              "Node Type": "Seq Scan",
                                              "Parent Relationship": "Outer",
                                              "Parallel Aware": true,
                                              "Async Capable": false,
                                              "Relation Name": "store_sales",
                                              "Alias": "store_sales",
                                              "Startup Cost": 0.0,
                                              "Total Cost": 636914.37,
                                              "Plan Rows": 12000637,
                                              "Plan Width": 14,
                                              "parent": 11,
                                              "ID": 12
                                            },
                                            {
                                              "Node Type": "Hash",
                                              "Parent Relationship": "Inner",
                                              "Parallel Aware": true,
                                              "Async Capable": false,
                                              "Startup Cost": 3889.72,
                                              "Total Cost": 3889.72,
                                              "Plan Rows": 4,
                                              "Plan Width": 4,
                                              "Plans": [
                                                {
                                                  "Node Type": "Hash Join",
                                                  "Parent Relationship": "Outer",
                                                  "Parallel Aware": true,
                                                  "Async Capable": false,
                                                  "Join Type": "Semi",
                                                  "Startup Cost": 1942.17,
                                                  "Total Cost": 3889.72,
                                                  "Plan Rows": 4,
                                                  "Plan Width": 4,
                                                  "Inner Unique": false,
                                                  "Hash Cond": "(date_dim.d_date = date_dim_1.d_date)",
                                                  "Plans": [
                                                    {
                                                      "Node Type": "Seq Scan",
                                                      "Parent Relationship": "Outer",
                                                      "Parallel Aware": true,
                                                      "Async Capable": false,
                                                      "Relation Name": "date_dim",
                                                      "Alias": "date_dim",
                                                      "Startup Cost": 0.0,
                                                      "Total Cost": 1834.7,
                                                      "Plan Rows": 42970,
                                                      "Plan Width": 8,
                                                      "parent": 14,
                                                      "ID": 15
                                                    },
                                                    {
                                                      "Node Type": "Hash",
                                                      "Parent Relationship": "Inner",
                                                      "Parallel Aware": true,
                                                      "Async Capable": false,
                                                      "Startup Cost": 1942.12,
                                                      "Total Cost": 1942.12,
                                                      "Plan Rows": 4,
                                                      "Plan Width": 4,
                                                      "Plans": [
                                                        {
                                                          "Node Type": "Seq Scan",
                                                          "Parent Relationship": "Outer",
                                                          "Parallel Aware": true,
                                                          "Async Capable": false,
                                                          "Relation Name": "date_dim",
                                                          "Alias": "date_dim_1",
                                                          "Startup Cost": 0.0,
                                                          "Total Cost": 1942.12,
                                                          "Plan Rows": 4,
                                                          "Plan Width": 4,
                                                          "Filter": "(d_week_seq = $0)",
                                                          "parent": 16,
                                                          "ID": 17
                                                        }
                                                      ],
                                                      "parent": 14,
                                                      "ID": 16,
                                                      "left": 17
                                                    }
                                                  ],
                                                  "parent": 13,
                                                  "ID": 14,
                                                  "left": 15,
                                                  "right": 16
                                                }
                                              ],
                                              "parent": 11,
                                              "ID": 13,
                                              "left": 14
                                            }
                                          ],
                                          "parent": 10,
                                          "ID": 11,
                                          "left": 12,
                                          "right": 13
                                        }
                                      ],
                                      "parent": 8,
                                      "ID": 10,
                                      "left": 11
                                    }
                                  ],
                                  "parent": 7,
                                  "ID": 8,
                                  "left": 9,
                                  "right": 10
                                }
                              ],
                              "parent": 6,
                              "ID": 7,
                              "left": 8
                            }
                          ],
                          "parent": 5,
                          "ID": 6,
                          "left": 7
                        }
                      ],
                      "parent": 3,
                      "ID": 5,
                      "left": 6
                    }
                  ],
                  "parent": 2,
                  "ID": 3,
                  "left": 4,
                  "right": 5
                },
                {
                  "Node Type": "Materialize",
                  "Parent Relationship": "Inner",
                  "Parallel Aware": false,
                  "Async Capable": false,
                  "Startup Cost": 714744.03,
                  "Total Cost": 715186.59,
                  "Plan Rows": 58,
                  "Plan Width": 98,
                  "Plans": [
                    {
                      "Node Type": "Merge Join",
                      "Parent Relationship": "Outer",
                      "Parallel Aware": false,
                      "Async Capable": false,
                      "Join Type": "Inner",
                      "Startup Cost": 714744.03,
                      "Total Cost": 715186.44,
                      "Plan Rows": 58,
                      "Plan Width": 98,
                      "Inner Unique": true,
                      "Merge Cond": "(item_1.i_item_id = item_2.i_item_id)",
                      "Join Filter": "(((sum(catalog_sales.cs_ext_sales_price)) >= (0.9 * (sum(web_sales.ws_ext_sales_price)))) AND ((sum(catalog_sales.cs_ext_sales_price)) <= (1.1 * (sum(web_sales.ws_ext_sales_price)))) AND ((sum(web_sales.ws_ext_sales_price)) >= (0.9 * (sum(catalog_sales.cs_ext_sales_price)))) AND ((sum(web_sales.ws_ext_sales_price)) <= (1.1 * (sum(catalog_sales.cs_ext_sales_price)))))",
                      "Plans": [
                        {
                          "Node Type": "Aggregate",
                          "Strategy": "Sorted",
                          "Partial Mode": "Finalize",
                          "Parent Relationship": "Outer",
                          "Parallel Aware": false,
                          "Async Capable": false,
                          "Startup Cost": 243758.54,
                          "Total Cost": 243843.73,
                          "Plan Rows": 690,
                          "Plan Width": 49,
                          "Group Key": [
                            "item_1.i_item_id"
                          ],
                          "Plans": [
                            {
                              "Node Type": "Seq Scan",
                              "Parent Relationship": "InitPlan",
                              "Subplan Name": "InitPlan 3 (returns $2)",
                              "Parallel Aware": false,
                              "Async Capable": false,
                              "Relation Name": "date_dim",
                              "Alias": "date_dim_8",
                              "Startup Cost": 0.0,
                              "Total Cost": 2318.11,
                              "Plan Rows": 1,
                              "Plan Width": 4,
                              "Filter": "(d_date = '2000-05-19'::date)",
                              "parent": 20,
                              "ID": 21
                            },
                            {
                              "Node Type": "Gather Merge",
                              "Parent Relationship": "Outer",
                              "Parallel Aware": false,
                              "Async Capable": false,
                              "Startup Cost": 241440.43,
                              "Total Cost": 241512.67,
                              "Plan Rows": 576,
                              "Plan Width": 49,
                              "Workers Planned": 2,
                              "Params Evaluated": [
                                "$2"
                              ],
                              "Plans": [
                                {
                                  "Node Type": "Aggregate",
                                  "Strategy": "Sorted",
                                  "Partial Mode": "Partial",
                                  "Parent Relationship": "Outer",
                                  "Parallel Aware": false,
                                  "Async Capable": false,
                                  "Startup Cost": 240440.4,
                                  "Total Cost": 240446.16,
                                  "Plan Rows": 288,
                                  "Plan Width": 49,
                                  "Group Key": [
                                    "item_1.i_item_id"
                                  ],
                                  "Plans": [
                                    {
                                      "Node Type": "Sort",
                                      "Parent Relationship": "Outer",
                                      "Parallel Aware": false,
                                      "Async Capable": false,
                                      "Startup Cost": 240440.4,
                                      "Total Cost": 240441.12,
                                      "Plan Rows": 288,
                                      "Plan Width": 23,
                                      "Sort Key": [
                                        "item_1.i_item_id"
                                      ],
                                      "Plans": [
                                        {
                                          "Node Type": "Hash Join",
                                          "Parent Relationship": "Outer",
                                          "Parallel Aware": true,
                                          "Async Capable": false,
                                          "Join Type": "Inner",
                                          "Startup Cost": 232879.06,
                                          "Total Cost": 240428.64,
                                          "Plan Rows": 288,
                                          "Plan Width": 23,
                                          "Inner Unique": false,
                                          "Hash Cond": "(item_1.i_item_sk = web_sales.ws_item_sk)",
                                          "Plans": [
                                            {
                                              "Node Type": "Seq Scan",
                                              "Parent Relationship": "Outer",
                                              "Parallel Aware": true,
                                              "Async Capable": false,
                                              "Relation Name": "item",
                                              "Alias": "item_1",
                                              "Startup Cost": 0.0,
                                              "Total Cost": 7389.0,
                                              "Plan Rows": 42500,
                                              "Plan Width": 21,
                                              "parent": 25,
                                              "ID": 26
                                            },
                                            {
                                              "Node Type": "Hash",
                                              "Parent Relationship": "Inner",
                                              "Parallel Aware": true,
                                              "Async Capable": false,
                                              "Startup Cost": 232875.46,
                                              "Total Cost": 232875.46,
                                              "Plan Rows": 288,
                                              "Plan Width": 10,
                                              "Plans": [
                                                {
                                                  "Node Type": "Hash Join",
                                                  "Parent Relationship": "Outer",
                                                  "Parallel Aware": true,
                                                  "Async Capable": false,
                                                  "Join Type": "Inner",
                                                  "Startup Cost": 3889.77,
                                                  "Total Cost": 232875.46,
                                                  "Plan Rows": 288,
                                                  "Plan Width": 10,
                                                  "Inner Unique": false,
                                                  "Hash Cond": "(web_sales.ws_sold_date_sk = date_dim_2.d_date_sk)",
                                                  "Plans": [
                                                    {
                                                      "Node Type": "Seq Scan",
                                                      "Parent Relationship": "Outer",
                                                      "Parallel Aware": true,
                                                      "Async Capable": false,
                                                      "Relation Name": "web_sales",
                                                      "Alias": "web_sales",
                                                      "Startup Cost": 0.0,
                                                      "Total Cost": 217737.86,
                                                      "Plan Rows": 2998986,
                                                      "Plan Width": 14,
                                                      "parent": 28,
                                                      "ID": 29
                                                    },
                                                    {
                                                      "Node Type": "Hash",
                                                      "Parent Relationship": "Inner",
                                                      "Parallel Aware": true,
                                                      "Async Capable": false,
                                                      "Startup Cost": 3889.72,
                                                      "Total Cost": 3889.72,
                                                      "Plan Rows": 4,
                                                      "Plan Width": 4,
                                                      "Plans": [
                                                        {
                                                          "Node Type": "Hash Join",
                                                          "Parent Relationship": "Outer",
                                                          "Parallel Aware": true,
                                                          "Async Capable": false,
                                                          "Join Type": "Semi",
                                                          "Startup Cost": 1942.17,
                                                          "Total Cost": 3889.72,
                                                          "Plan Rows": 4,
                                                          "Plan Width": 4,
                                                          "Inner Unique": false,
                                                          "Hash Cond": "(date_dim_2.d_date = date_dim_3.d_date)",
                                                          "Plans": [
                                                            {
                                                              "Node Type": "Seq Scan",
                                                              "Parent Relationship": "Outer",
                                                              "Parallel Aware": true,
                                                              "Async Capable": false,
                                                              "Relation Name": "date_dim",
                                                              "Alias": "date_dim_2",
                                                              "Startup Cost": 0.0,
                                                              "Total Cost": 1834.7,
                                                              "Plan Rows": 42970,
                                                              "Plan Width": 8,
                                                              "parent": 31,
                                                              "ID": 32
                                                            },
                                                            {
                                                              "Node Type": "Hash",
                                                              "Parent Relationship": "Inner",
                                                              "Parallel Aware": true,
                                                              "Async Capable": false,
                                                              "Startup Cost": 1942.12,
                                                              "Total Cost": 1942.12,
                                                              "Plan Rows": 4,
                                                              "Plan Width": 4,
                                                              "Plans": [
                                                                {
                                                                  "Node Type": "Seq Scan",
                                                                  "Parent Relationship": "Outer",
                                                                  "Parallel Aware": true,
                                                                  "Async Capable": false,
                                                                  "Relation Name": "date_dim",
                                                                  "Alias": "date_dim_3",
                                                                  "Startup Cost": 0.0,
                                                                  "Total Cost": 1942.12,
                                                                  "Plan Rows": 4,
                                                                  "Plan Width": 4,
                                                                  "Filter": "(d_week_seq = $2)",
                                                                  "parent": 33,
                                                                  "ID": 34
                                                                }
                                                              ],
                                                              "parent": 31,
                                                              "ID": 33,
                                                              "left": 34
                                                            }
                                                          ],
                                                          "parent": 30,
                                                          "ID": 31,
                                                          "left": 32,
                                                          "right": 33
                                                        }
                                                      ],
                                                      "parent": 28,
                                                      "ID": 30,
                                                      "left": 31
                                                    }
                                                  ],
                                                  "parent": 27,
                                                  "ID": 28,
                                                  "left": 29,
                                                  "right": 30
                                                }
                                              ],
                                              "parent": 25,
                                              "ID": 27,
                                              "left": 28
                                            }
                                          ],
                                          "parent": 24,
                                          "ID": 25,
                                          "left": 26,
                                          "right": 27
                                        }
                                      ],
                                      "parent": 23,
                                      "ID": 24,
                                      "left": 25
                                    }
                                  ],
                                  "parent": 22,
                                  "ID": 23,
                                  "left": 24
                                }
                              ],
                              "parent": 20,
                              "ID": 22,
                              "left": 23
                            }
                          ],
                          "parent": 19,
                          "ID": 20,
                          "left": 21,
                          "right": 22
                        },
                        {
                          "Node Type": "Materialize",
                          "Parent Relationship": "Inner",
                          "Parallel Aware": false,
                          "Async Capable": false,
                          "Startup Cost": 470985.5,
                          "Total Cost": 471171.86,
                          "Plan Rows": 1372,
                          "Plan Width": 49,
                          "Plans": [
                            {
                              "Node Type": "Aggregate",
                              "Strategy": "Sorted",
                              "Partial Mode": "Finalize",
                              "Parent Relationship": "Outer",
                              "Parallel Aware": false,
                              "Async Capable": false,
                              "Startup Cost": 470985.5,
                              "Total Cost": 471154.71,
                              "Plan Rows": 1372,
                              "Plan Width": 49,
                              "Group Key": [
                                "item_2.i_item_id"
                              ],
                              "Plans": [
                                {
                                  "Node Type": "Seq Scan",
                                  "Parent Relationship": "InitPlan",
                                  "Subplan Name": "InitPlan 2 (returns $1)",
                                  "Parallel Aware": false,
                                  "Async Capable": false,
                                  "Relation Name": "date_dim",
                                  "Alias": "date_dim_7",
                                  "Startup Cost": 0.0,
                                  "Total Cost": 2318.11,
                                  "Plan Rows": 1,
                                  "Plan Width": 4,
                                  "Filter": "(d_date = '2000-05-19'::date)",
                                  "parent": 36,
                                  "ID": 37
                                },
                                {
                                  "Node Type": "Gather Merge",
                                  "Parent Relationship": "Outer",
                                  "Parallel Aware": false,
                                  "Async Capable": false,
                                  "Startup Cost": 468667.38,
                                  "Total Cost": 468810.87,
                                  "Plan Rows": 1144,
                                  "Plan Width": 49,
                                  "Workers Planned": 2,
                                  "Params Evaluated": [
                                    "$1"
                                  ],
                                  "Plans": [
                                    {
                                      "Node Type": "Aggregate",
                                      "Strategy": "Sorted",
                                      "Partial Mode": "Partial",
                                      "Parent Relationship": "Outer",
                                      "Parallel Aware": false,
                                      "Async Capable": false,
                                      "Startup Cost": 467667.36,
                                      "Total Cost": 467678.8,
                                      "Plan Rows": 572,
                                      "Plan Width": 49,
                                      "Group Key": [
                                        "item_2.i_item_id"
                                      ],
                                      "Plans": [
                                        {
                                          "Node Type": "Sort",
                                          "Parent Relationship": "Outer",
                                          "Parallel Aware": false,
                                          "Async Capable": false,
                                          "Startup Cost": 467667.36,
                                          "Total Cost": 467668.79,
                                          "Plan Rows": 572,
                                          "Plan Width": 23,
                                          "Sort Key": [
                                            "item_2.i_item_id"
                                          ],
                                          "Plans": [
                                            {
                                              "Node Type": "Hash Join",
                                              "Parent Relationship": "Outer",
                                              "Parallel Aware": true,
                                              "Async Capable": false,
                                              "Join Type": "Inner",
                                              "Startup Cost": 460090.41,
                                              "Total Cost": 467641.16,
                                              "Plan Rows": 572,
                                              "Plan Width": 23,
                                              "Inner Unique": false,
                                              "Hash Cond": "(item_2.i_item_sk = catalog_sales.cs_item_sk)",
                                              "Plans": [
                                                {
                                                  "Node Type": "Seq Scan",
                                                  "Parent Relationship": "Outer",
                                                  "Parallel Aware": true,
                                                  "Async Capable": false,
                                                  "Relation Name": "item",
                                                  "Alias": "item_2",
                                                  "Startup Cost": 0.0,
                                                  "Total Cost": 7389.0,
                                                  "Plan Rows": 42500,
                                                  "Plan Width": 21,
                                                  "parent": 41,
                                                  "ID": 42
                                                },
                                                {
                                                  "Node Type": "Hash",
                                                  "Parent Relationship": "Inner",
                                                  "Parallel Aware": true,
                                                  "Async Capable": false,
                                                  "Startup Cost": 460083.26,
                                                  "Total Cost": 460083.26,
                                                  "Plan Rows": 572,
                                                  "Plan Width": 10,
                                                  "Plans": [
                                                    {
                                                      "Node Type": "Hash Join",
                                                      "Parent Relationship": "Outer",
                                                      "Parallel Aware": true,
                                                      "Async Capable": false,
                                                      "Join Type": "Inner",
                                                      "Startup Cost": 3889.77,
                                                      "Total Cost": 460083.26,
                                                      "Plan Rows": 572,
                                                      "Plan Width": 10,
                                                      "Inner Unique": false,
                                                      "Hash Cond": "(catalog_sales.cs_sold_date_sk = date_dim_4.d_date_sk)",
                                                      "Plans": [
                                                        {
                                                          "Node Type": "Seq Scan",
                                                          "Parent Relationship": "Outer",
                                                          "Parallel Aware": true,
                                                          "Async Capable": false,
                                                          "Relation Name": "catalog_sales",
                                                          "Alias": "catalog_sales",
                                                          "Startup Cost": 0.0,
                                                          "Total Cost": 433688.25,
                                                          "Plan Rows": 6000525,
                                                          "Plan Width": 14,
                                                          "parent": 44,
                                                          "ID": 45
                                                        },
                                                        {
                                                          "Node Type": "Hash",
                                                          "Parent Relationship": "Inner",
                                                          "Parallel Aware": true,
                                                          "Async Capable": false,
                                                          "Startup Cost": 3889.72,
                                                          "Total Cost": 3889.72,
                                                          "Plan Rows": 4,
                                                          "Plan Width": 4,
                                                          "Plans": [
                                                            {
                                                              "Node Type": "Hash Join",
                                                              "Parent Relationship": "Outer",
                                                              "Parallel Aware": true,
                                                              "Async Capable": false,
                                                              "Join Type": "Semi",
                                                              "Startup Cost": 1942.17,
                                                              "Total Cost": 3889.72,
                                                              "Plan Rows": 4,
                                                              "Plan Width": 4,
                                                              "Inner Unique": false,
                                                              "Hash Cond": "(date_dim_4.d_date = date_dim_5.d_date)",
                                                              "Plans": [
                                                                {
                                                                  "Node Type": "Seq Scan",
                                                                  "Parent Relationship": "Outer",
                                                                  "Parallel Aware": true,
                                                                  "Async Capable": false,
                                                                  "Relation Name": "date_dim",
                                                                  "Alias": "date_dim_4",
                                                                  "Startup Cost": 0.0,
                                                                  "Total Cost": 1834.7,
                                                                  "Plan Rows": 42970,
                                                                  "Plan Width": 8,
                                                                  "parent": 47,
                                                                  "ID": 48
                                                                },
                                                                {
                                                                  "Node Type": "Hash",
                                                                  "Parent Relationship": "Inner",
                                                                  "Parallel Aware": true,
                                                                  "Async Capable": false,
                                                                  "Startup Cost": 1942.12,
                                                                  "Total Cost": 1942.12,
                                                                  "Plan Rows": 4,
                                                                  "Plan Width": 4,
                                                                  "Plans": [
                                                                    {
                                                                      "Node Type": "Seq Scan",
                                                                      "Parent Relationship": "Outer",
                                                                      "Parallel Aware": true,
                                                                      "Async Capable": false,
                                                                      "Relation Name": "date_dim",
                                                                      "Alias": "date_dim_5",
                                                                      "Startup Cost": 0.0,
                                                                      "Total Cost": 1942.12,
                                                                      "Plan Rows": 4,
                                                                      "Plan Width": 4,
                                                                      "Filter": "(d_week_seq = $1)",
                                                                      "parent": 49,
                                                                      "ID": 50
                                                                    }
                                                                  ],
                                                                  "parent": 47,
                                                                  "ID": 49,
                                                                  "left": 50
                                                                }
                                                              ],
                                                              "parent": 46,
                                                              "ID": 47,
                                                              "left": 48,
                                                              "right": 49
                                                            }
                                                          ],
                                                          "parent": 44,
                                                          "ID": 46,
                                                          "left": 47
                                                        }
                                                      ],
                                                      "parent": 43,
                                                      "ID": 44,
                                                      "left": 45,
                                                      "right": 46
                                                    }
                                                  ],
                                                  "parent": 41,
                                                  "ID": 43,
                                                  "left": 44
                                                }
                                              ],
                                              "parent": 40,
                                              "ID": 41,
                                              "left": 42,
                                              "right": 43
                                            }
                                          ],
                                          "parent": 39,
                                          "ID": 40,
                                          "left": 41
                                        }
                                      ],
                                      "parent": 38,
                                      "ID": 39,
                                      "left": 40
                                    }
                                  ],
                                  "parent": 36,
                                  "ID": 38,
                                  "left": 39
                                }
                              ],
                              "parent": 35,
                              "ID": 36,
                              "left": 37,
                              "right": 38
                            }
                          ],
                          "parent": 19,
                          "ID": 35,
                          "left": 36
                        }
                      ],
                      "parent": 18,
                      "ID": 19,
                      "left": 20,
                      "right": 35
                    }
                  ],
                  "parent": 2,
                  "ID": 18,
                  "left": 19
                }
              ],
              "parent": 1,
              "ID": 2,
              "left": 3,
              "right": 18
            }
          ],
          "parent": 0,
          "ID": 1,
          "left": 2
        }
      ],
      "parent": null,
      "ID": 0,
      "left": 1
    },
    "feat": {
      "utility": 0.004125099993884869,
      "query_shape": [
        [
          "Seq Scan",
          "Aggregate",
          "Merge Join",
          "Sort"
        ],
        [
          "Seq Scan",
          "Hash Join",
          "Sort",
          "Aggregate",
          "Gather Merge",
          "Merge Join"
        ],
        [
          "Seq Scan",
          "Hash Join",
          "Hash",
          "Sort",
          "Aggregate",
          "Gather Merge",
          "Merge Join"
        ],
        [
          "Seq Scan",
          "Hash Join",
          "Hash",
          "Sort",
          "Aggregate",
          "Gather Merge",
          "Merge Join"
        ],
        [
          "Seq Scan",
          "Hash",
          "Hash Join",
          "Sort",
          "Aggregate",
          "Gather Merge",
          "Merge Join"
        ],
        [
          "Seq Scan",
          "Aggregate",
          "Merge Join",
          "Materialize",
          "Sort"
        ],
        [
          "Seq Scan",
          "Hash Join",
          "Sort",
          "Aggregate",
          "Gather Merge",
          "Merge Join",
          "Materialize"
        ],
        [
          "Seq Scan",
          "Hash Join",
          "Hash",
          "Sort",
          "Aggregate",
          "Gather Merge",
          "Merge Join",
          "Materialize"
        ],
        [
          "Seq Scan",
          "Hash Join",
          "Hash",
          "Sort",
          "Aggregate",
          "Gather Merge",
          "Merge Join",
          "Materialize"
        ],
        [
          "Seq Scan",
          "Hash",
          "Hash Join",
          "Sort",
          "Aggregate",
          "Gather Merge",
          "Merge Join",
          "Materialize"
        ],
        [
          "Seq Scan",
          "Aggregate",
          "Materialize",
          "Merge Join",
          "Sort"
        ],
        [
          "Seq Scan",
          "Hash Join",
          "Sort",
          "Aggregate",
          "Gather Merge",
          "Materialize",
          "Merge Join"
        ],
        [
          "Seq Scan",
          "Hash Join",
          "Hash",
          "Sort",
          "Aggregate",
          "Gather Merge",
          "Materialize",
          "Merge Join"
        ],
        [
          "Seq Scan",
          "Hash Join",
          "Hash",
          "Sort",
          "Aggregate",
          "Gather Merge",
          "Materialize",
          "Merge Join"
        ],
        [
          "Seq Scan",
          "Hash",
          "Hash Join",
          "Sort",
          "Aggregate",
          "Gather Merge",
          "Materialize",
          "Merge Join"
        ]
      ],
      "index_shape": [
        "selection"
      ],
      "physical_operator": {
        "Seq Scan": [
          5.475776533558907e-05,
          5.475776533558907e-05,
          5.475776533558907e-05
        ]
      }
    }
  },
  {
    "query": "with ss_items as\n (select i_item_id item_id\n        ,sum(ss_ext_sales_price) ss_item_rev \n from store_sales\n     ,item\n     ,date_dim\n where ss_item_sk = i_item_sk\n   and d_date in (select d_date\n                  from date_dim\n                  where d_week_seq = (select d_week_seq \n                                      from date_dim\n                                      where d_date = '2000-05-19'))\n   and ss_sold_date_sk   = d_date_sk\n group by i_item_id),\n cs_items as\n (select i_item_id item_id\n        ,sum(cs_ext_sales_price) cs_item_rev\n  from catalog_sales\n      ,item\n      ,date_dim\n where cs_item_sk = i_item_sk\n  and  d_date in (select d_date\n                  from date_dim\n                  where d_week_seq = (select d_week_seq \n                                      from date_dim\n                                      where d_date = '2000-05-19'))\n  and  cs_sold_date_sk = d_date_sk\n group by i_item_id),\n ws_items as\n (select i_item_id item_id\n        ,sum(ws_ext_sales_price) ws_item_rev\n  from web_sales\n      ,item\n      ,date_dim\n where ws_item_sk = i_item_sk\n  and  d_date in (select d_date\n                  from date_dim\n                  where d_week_seq =(select d_week_seq \n                                     from date_dim\n                                     where d_date = '2000-05-19'))\n  and ws_sold_date_sk   = d_date_sk\n group by i_item_id)\n  select  ss_items.item_id\n       ,ss_item_rev\n       ,ss_item_rev/((ss_item_rev+cs_item_rev+ws_item_rev)/3) * 100 ss_dev\n       ,cs_item_rev\n       ,cs_item_rev/((ss_item_rev+cs_item_rev+ws_item_rev)/3) * 100 cs_dev\n       ,ws_item_rev\n       ,ws_item_rev/((ss_item_rev+cs_item_rev+ws_item_rev)/3) * 100 ws_dev\n       ,(ss_item_rev+cs_item_rev+ws_item_rev)/3 average\n from ss_items,cs_items,ws_items\n where ss_items.item_id=cs_items.item_id\n   and ss_items.item_id=ws_items.item_id \n   and ss_item_rev between 0.9 * cs_item_rev and 1.1 * cs_item_rev\n   and ss_item_rev between 0.9 * ws_item_rev and 1.1 * ws_item_rev\n   and cs_item_rev between 0.9 * ss_item_rev and 1.1 * ss_item_rev\n   and cs_item_rev between 0.9 * ws_item_rev and 1.1 * ws_item_rev\n   and ws_item_rev between 0.9 * ss_item_rev and 1.1 * ss_item_rev\n   and ws_item_rev between 0.9 * cs_item_rev and 1.1 * cs_item_rev\n order by item_id\n         ,ss_item_rev\n limit 100;\n\n-- end query 42 in stream 2 using template query58.tpl\n",
    "indexes": "item.i_item_sk",
    "wo plan est": {
      "Node Type": "Limit",
      "Parallel Aware": false,
      "Async Capable": false,
      "Startup Cost": 1412339.33,
      "Total Cost": 1412339.33,
      "Plan Rows": 1,
      "Plan Width": 241,
      "Plans": [
        {
          "Node Type": "Sort",
          "Parent Relationship": "Outer",
          "Parallel Aware": false,
          "Async Capable": false,
          "Startup Cost": 1412339.33,
          "Total Cost": 1412339.33,
          "Plan Rows": 1,
          "Plan Width": 241,
          "Sort Key": [
            "item.i_item_id",
            "(sum(store_sales.ss_ext_sales_price))"
          ],
          "Plans": [
            {
              "Node Type": "Merge Join",
              "Parent Relationship": "Outer",
              "Parallel Aware": false,
              "Async Capable": false,
              "Join Type": "Inner",
              "Startup Cost": 1411497.09,
              "Total Cost": 1412339.32,
              "Plan Rows": 1,
              "Plan Width": 241,
              "Inner Unique": false,
              "Merge Cond": "(item.i_item_id = item_2.i_item_id)",
              "Join Filter": "(((sum(store_sales.ss_ext_sales_price)) >= (0.9 * (sum(catalog_sales.cs_ext_sales_price)))) AND ((sum(store_sales.ss_ext_sales_price)) <= (1.1 * (sum(catalog_sales.cs_ext_sales_price)))) AND ((sum(catalog_sales.cs_ext_sales_price)) >= (0.9 * (sum(store_sales.ss_ext_sales_price)))) AND ((sum(catalog_sales.cs_ext_sales_price)) <= (1.1 * (sum(store_sales.ss_ext_sales_price)))) AND ((sum(store_sales.ss_ext_sales_price)) >= (0.9 * (sum(web_sales.ws_ext_sales_price)))) AND ((sum(store_sales.ss_ext_sales_price)) <= (1.1 * (sum(web_sales.ws_ext_sales_price)))) AND ((sum(web_sales.ws_ext_sales_price)) >= (0.9 * (sum(store_sales.ss_ext_sales_price)))) AND ((sum(web_sales.ws_ext_sales_price)) <= (1.1 * (sum(store_sales.ss_ext_sales_price)))))",
              "Plans": [
                {
                  "Node Type": "Aggregate",
                  "Strategy": "Sorted",
                  "Partial Mode": "Finalize",
                  "Parent Relationship": "Outer",
                  "Parallel Aware": false,
                  "Async Capable": false,
                  "Startup Cost": 696753.06,
                  "Total Cost": 697077.89,
                  "Plan Rows": 2634,
                  "Plan Width": 49,
                  "Group Key": [
                    "item.i_item_id"
                  ],
                  "Plans": [
                    {
                      "Node Type": "Seq Scan",
                      "Parent Relationship": "InitPlan",
                      "Subplan Name": "InitPlan 1 (returns $0)",
                      "Parallel Aware": false,
                      "Async Capable": false,
                      "Relation Name": "date_dim",
                      "Alias": "date_dim_6",
                      "Startup Cost": 0.0,
                      "Total Cost": 2318.11,
                      "Plan Rows": 1,
                      "Plan Width": 4,
                      "Filter": "(d_date = '2000-05-19'::date)",
                      "parent": 3,
                      "ID": 4
                    },
                    {
                      "Node Type": "Gather Merge",
                      "Parent Relationship": "Outer",
                      "Parallel Aware": false,
                      "Async Capable": false,
                      "Startup Cost": 694434.95,
                      "Total Cost": 694710.38,
                      "Plan Rows": 2196,
                      "Plan Width": 49,
                      "Workers Planned": 2,
                      "Params Evaluated": [
                        "$0"
                      ],
                      "Plans": [
                        {
                          "Node Type": "Aggregate",
                          "Strategy": "Sorted",
                          "Partial Mode": "Partial",
                          "Parent Relationship": "Outer",
                          "Parallel Aware": false,
                          "Async Capable": false,
                          "Startup Cost": 693434.92,
                          "Total Cost": 693456.88,
                          "Plan Rows": 1098,
                          "Plan Width": 49,
                          "Group Key": [
                            "item.i_item_id"
                          ],
                          "Plans": [
                            {
                              "Node Type": "Sort",
                              "Parent Relationship": "Outer",
                              "Parallel Aware": false,
                              "Async Capable": false,
                              "Startup Cost": 693434.92,
                              "Total Cost": 693437.67,
                              "Plan Rows": 1098,
                              "Plan Width": 23,
                              "Sort Key": [
                                "item.i_item_id"
                              ],
                              "Plans": [
                                {
                                  "Node Type": "Hash Join",
                                  "Parent Relationship": "Outer",
                                  "Parallel Aware": true,
                                  "Async Capable": false,
                                  "Join Type": "Inner",
                                  "Startup Cost": 685826.52,
                                  "Total Cost": 693379.47,
                                  "Plan Rows": 1098,
                                  "Plan Width": 23,
                                  "Inner Unique": false,
                                  "Hash Cond": "(item.i_item_sk = store_sales.ss_item_sk)",
                                  "Plans": [
                                    {
                                      "Node Type": "Seq Scan",
                                      "Parent Relationship": "Outer",
                                      "Parallel Aware": true,
                                      "Async Capable": false,
                                      "Relation Name": "item",
                                      "Alias": "item",
                                      "Startup Cost": 0.0,
                                      "Total Cost": 7389.0,
                                      "Plan Rows": 42500,
                                      "Plan Width": 21,
                                      "parent": 8,
                                      "ID": 9
                                    },
                                    {
                                      "Node Type": "Hash",
                                      "Parent Relationship": "Inner",
                                      "Parallel Aware": true,
                                      "Async Capable": false,
                                      "Startup Cost": 685812.79,
                                      "Total Cost": 685812.79,
                                      "Plan Rows": 1098,
                                      "Plan Width": 10,
                                      "Plans": [
                                        {
                                          "Node Type": "Hash Join",
                                          "Parent Relationship": "Outer",
                                          "Parallel Aware": true,
                                          "Async Capable": false,
                                          "Join Type": "Inner",
                                          "Startup Cost": 3889.77,
                                          "Total Cost": 685812.79,
                                          "Plan Rows": 1098,
                                          "Plan Width": 10,
                                          "Inner Unique": false,
                                          "Hash Cond": "(store_sales.ss_sold_date_sk = date_dim.d_date_sk)",
                                          "Plans": [
                                            {
                                              "Node Type": "Seq Scan",
                                              "Parent Relationship": "Outer",
                                              "Parallel Aware": true,
                                              "Async Capable": false,
                                              "Relation Name": "store_sales",
                                              "Alias": "store_sales",
                                              "Startup Cost": 0.0,
                                              "Total Cost": 636914.37,
                                              "Plan Rows": 12000637,
                                              "Plan Width": 14,
                                              "parent": 11,
                                              "ID": 12
                                            },
                                            {
                                              "Node Type": "Hash",
                                              "Parent Relationship": "Inner",
                                              "Parallel Aware": true,
                                              "Async Capable": false,
                                              "Startup Cost": 3889.72,
                                              "Total Cost": 3889.72,
                                              "Plan Rows": 4,
                                              "Plan Width": 4,
                                              "Plans": [
                                                {
                                                  "Node Type": "Hash Join",
                                                  "Parent Relationship": "Outer",
                                                  "Parallel Aware": true,
                                                  "Async Capable": false,
                                                  "Join Type": "Semi",
                                                  "Startup Cost": 1942.17,
                                                  "Total Cost": 3889.72,
                                                  "Plan Rows": 4,
                                                  "Plan Width": 4,
                                                  "Inner Unique": false,
                                                  "Hash Cond": "(date_dim.d_date = date_dim_1.d_date)",
                                                  "Plans": [
                                                    {
                                                      "Node Type": "Seq Scan",
                                                      "Parent Relationship": "Outer",
                                                      "Parallel Aware": true,
                                                      "Async Capable": false,
                                                      "Relation Name": "date_dim",
                                                      "Alias": "date_dim",
                                                      "Startup Cost": 0.0,
                                                      "Total Cost": 1834.7,
                                                      "Plan Rows": 42970,
                                                      "Plan Width": 8,
                                                      "parent": 14,
                                                      "ID": 15
                                                    },
                                                    {
                                                      "Node Type": "Hash",
                                                      "Parent Relationship": "Inner",
                                                      "Parallel Aware": true,
                                                      "Async Capable": false,
                                                      "Startup Cost": 1942.12,
                                                      "Total Cost": 1942.12,
                                                      "Plan Rows": 4,
                                                      "Plan Width": 4,
                                                      "Plans": [
                                                        {
                                                          "Node Type": "Seq Scan",
                                                          "Parent Relationship": "Outer",
                                                          "Parallel Aware": true,
                                                          "Async Capable": false,
                                                          "Relation Name": "date_dim",
                                                          "Alias": "date_dim_1",
                                                          "Startup Cost": 0.0,
                                                          "Total Cost": 1942.12,
                                                          "Plan Rows": 4,
                                                          "Plan Width": 4,
                                                          "Filter": "(d_week_seq = $0)",
                                                          "parent": 16,
                                                          "ID": 17
                                                        }
                                                      ],
                                                      "parent": 14,
                                                      "ID": 16,
                                                      "left": 17
                                                    }
                                                  ],
                                                  "parent": 13,
                                                  "ID": 14,
                                                  "left": 15,
                                                  "right": 16
                                                }
                                              ],
                                              "parent": 11,
                                              "ID": 13,
                                              "left": 14
                                            }
                                          ],
                                          "parent": 10,
                                          "ID": 11,
                                          "left": 12,
                                          "right": 13
                                        }
                                      ],
                                      "parent": 8,
                                      "ID": 10,
                                      "left": 11
                                    }
                                  ],
                                  "parent": 7,
                                  "ID": 8,
                                  "left": 9,
                                  "right": 10
                                }
                              ],
                              "parent": 6,
                              "ID": 7,
                              "left": 8
                            }
                          ],
                          "parent": 5,
                          "ID": 6,
                          "left": 7
                        }
                      ],
                      "parent": 3,
                      "ID": 5,
                      "left": 6
                    }
                  ],
                  "parent": 2,
                  "ID": 3,
                  "left": 4,
                  "right": 5
                },
                {
                  "Node Type": "Materialize",
                  "Parent Relationship": "Inner",
                  "Parallel Aware": false,
                  "Async Capable": false,
                  "Startup Cost": 714744.03,
                  "Total Cost": 715186.59,
                  "Plan Rows": 58,
                  "Plan Width": 98,
                  "Plans": [
                    {
                      "Node Type": "Merge Join",
                      "Parent Relationship": "Outer",
                      "Parallel Aware": false,
                      "Async Capable": false,
                      "Join Type": "Inner",
                      "Startup Cost": 714744.03,
                      "Total Cost": 715186.44,
                      "Plan Rows": 58,
                      "Plan Width": 98,
                      "Inner Unique": true,
                      "Merge Cond": "(item_1.i_item_id = item_2.i_item_id)",
                      "Join Filter": "(((sum(catalog_sales.cs_ext_sales_price)) >= (0.9 * (sum(web_sales.ws_ext_sales_price)))) AND ((sum(catalog_sales.cs_ext_sales_price)) <= (1.1 * (sum(web_sales.ws_ext_sales_price)))) AND ((sum(web_sales.ws_ext_sales_price)) >= (0.9 * (sum(catalog_sales.cs_ext_sales_price)))) AND ((sum(web_sales.ws_ext_sales_price)) <= (1.1 * (sum(catalog_sales.cs_ext_sales_price)))))",
                      "Plans": [
                        {
                          "Node Type": "Aggregate",
                          "Strategy": "Sorted",
                          "Partial Mode": "Finalize",
                          "Parent Relationship": "Outer",
                          "Parallel Aware": false,
                          "Async Capable": false,
                          "Startup Cost": 243758.54,
                          "Total Cost": 243843.73,
                          "Plan Rows": 690,
                          "Plan Width": 49,
                          "Group Key": [
                            "item_1.i_item_id"
                          ],
                          "Plans": [
                            {
                              "Node Type": "Seq Scan",
                              "Parent Relationship": "InitPlan",
                              "Subplan Name": "InitPlan 3 (returns $2)",
                              "Parallel Aware": false,
                              "Async Capable": false,
                              "Relation Name": "date_dim",
                              "Alias": "date_dim_8",
                              "Startup Cost": 0.0,
                              "Total Cost": 2318.11,
                              "Plan Rows": 1,
                              "Plan Width": 4,
                              "Filter": "(d_date = '2000-05-19'::date)",
                              "parent": 20,
                              "ID": 21
                            },
                            {
                              "Node Type": "Gather Merge",
                              "Parent Relationship": "Outer",
                              "Parallel Aware": false,
                              "Async Capable": false,
                              "Startup Cost": 241440.43,
                              "Total Cost": 241512.67,
                              "Plan Rows": 576,
                              "Plan Width": 49,
                              "Workers Planned": 2,
                              "Params Evaluated": [
                                "$2"
                              ],
                              "Plans": [
                                {
                                  "Node Type": "Aggregate",
                                  "Strategy": "Sorted",
                                  "Partial Mode": "Partial",
                                  "Parent Relationship": "Outer",
                                  "Parallel Aware": false,
                                  "Async Capable": false,
                                  "Startup Cost": 240440.4,
                                  "Total Cost": 240446.16,
                                  "Plan Rows": 288,
                                  "Plan Width": 49,
                                  "Group Key": [
                                    "item_1.i_item_id"
                                  ],
                                  "Plans": [
                                    {
                                      "Node Type": "Sort",
                                      "Parent Relationship": "Outer",
                                      "Parallel Aware": false,
                                      "Async Capable": false,
                                      "Startup Cost": 240440.4,
                                      "Total Cost": 240441.12,
                                      "Plan Rows": 288,
                                      "Plan Width": 23,
                                      "Sort Key": [
                                        "item_1.i_item_id"
                                      ],
                                      "Plans": [
                                        {
                                          "Node Type": "Hash Join",
                                          "Parent Relationship": "Outer",
                                          "Parallel Aware": true,
                                          "Async Capable": false,
                                          "Join Type": "Inner",
                                          "Startup Cost": 232879.06,
                                          "Total Cost": 240428.64,
                                          "Plan Rows": 288,
                                          "Plan Width": 23,
                                          "Inner Unique": false,
                                          "Hash Cond": "(item_1.i_item_sk = web_sales.ws_item_sk)",
                                          "Plans": [
                                            {
                                              "Node Type": "Seq Scan",
                                              "Parent Relationship": "Outer",
                                              "Parallel Aware": true,
                                              "Async Capable": false,
                                              "Relation Name": "item",
                                              "Alias": "item_1",
                                              "Startup Cost": 0.0,
                                              "Total Cost": 7389.0,
                                              "Plan Rows": 42500,
                                              "Plan Width": 21,
                                              "parent": 25,
                                              "ID": 26
                                            },
                                            {
                                              "Node Type": "Hash",
                                              "Parent Relationship": "Inner",
                                              "Parallel Aware": true,
                                              "Async Capable": false,
                                              "Startup Cost": 232875.46,
                                              "Total Cost": 232875.46,
                                              "Plan Rows": 288,
                                              "Plan Width": 10,
                                              "Plans": [
                                                {
                                                  "Node Type": "Hash Join",
                                                  "Parent Relationship": "Outer",
                                                  "Parallel Aware": true,
                                                  "Async Capable": false,
                                                  "Join Type": "Inner",
                                                  "Startup Cost": 3889.77,
                                                  "Total Cost": 232875.46,
                                                  "Plan Rows": 288,
                                                  "Plan Width": 10,
                                                  "Inner Unique": false,
                                                  "Hash Cond": "(web_sales.ws_sold_date_sk = date_dim_2.d_date_sk)",
                                                  "Plans": [
                                                    {
                                                      "Node Type": "Seq Scan",
                                                      "Parent Relationship": "Outer",
                                                      "Parallel Aware": true,
                                                      "Async Capable": false,
                                                      "Relation Name": "web_sales",
                                                      "Alias": "web_sales",
                                                      "Startup Cost": 0.0,
                                                      "Total Cost": 217737.86,
                                                      "Plan Rows": 2998986,
                                                      "Plan Width": 14,
                                                      "parent": 28,
                                                      "ID": 29
                                                    },
                                                    {
                                                      "Node Type": "Hash",
                                                      "Parent Relationship": "Inner",
                                                      "Parallel Aware": true,
                                                      "Async Capable": false,
                                                      "Startup Cost": 3889.72,
                                                      "Total Cost": 3889.72,
                                                      "Plan Rows": 4,
                                                      "Plan Width": 4,
                                                      "Plans": [
                                                        {
                                                          "Node Type": "Hash Join",
                                                          "Parent Relationship": "Outer",
                                                          "Parallel Aware": true,
                                                          "Async Capable": false,
                                                          "Join Type": "Semi",
                                                          "Startup Cost": 1942.17,
                                                          "Total Cost": 3889.72,
                                                          "Plan Rows": 4,
                                                          "Plan Width": 4,
                                                          "Inner Unique": false,
                                                          "Hash Cond": "(date_dim_2.d_date = date_dim_3.d_date)",
                                                          "Plans": [
                                                            {
                                                              "Node Type": "Seq Scan",
                                                              "Parent Relationship": "Outer",
                                                              "Parallel Aware": true,
                                                              "Async Capable": false,
                                                              "Relation Name": "date_dim",
                                                              "Alias": "date_dim_2",
                                                              "Startup Cost": 0.0,
                                                              "Total Cost": 1834.7,
                                                              "Plan Rows": 42970,
                                                              "Plan Width": 8,
                                                              "parent": 31,
                                                              "ID": 32
                                                            },
                                                            {
                                                              "Node Type": "Hash",
                                                              "Parent Relationship": "Inner",
                                                              "Parallel Aware": true,
                                                              "Async Capable": false,
                                                              "Startup Cost": 1942.12,
                                                              "Total Cost": 1942.12,
                                                              "Plan Rows": 4,
                                                              "Plan Width": 4,
                                                              "Plans": [
                                                                {
                                                                  "Node Type": "Seq Scan",
                                                                  "Parent Relationship": "Outer",
                                                                  "Parallel Aware": true,
                                                                  "Async Capable": false,
                                                                  "Relation Name": "date_dim",
                                                                  "Alias": "date_dim_3",
                                                                  "Startup Cost": 0.0,
                                                                  "Total Cost": 1942.12,
                                                                  "Plan Rows": 4,
                                                                  "Plan Width": 4,
                                                                  "Filter": "(d_week_seq = $2)",
                                                                  "parent": 33,
                                                                  "ID": 34
                                                                }
                                                              ],
                                                              "parent": 31,
                                                              "ID": 33,
                                                              "left": 34
                                                            }
                                                          ],
                                                          "parent": 30,
                                                          "ID": 31,
                                                          "left": 32,
                                                          "right": 33
                                                        }
                                                      ],
                                                      "parent": 28,
                                                      "ID": 30,
                                                      "left": 31
                                                    }
                                                  ],
                                                  "parent": 27,
                                                  "ID": 28,
                                                  "left": 29,
                                                  "right": 30
                                                }
                                              ],
                                              "parent": 25,
                                              "ID": 27,
                                              "left": 28
                                            }
                                          ],
                                          "parent": 24,
                                          "ID": 25,
                                          "left": 26,
                                          "right": 27
                                        }
                                      ],
                                      "parent": 23,
                                      "ID": 24,
                                      "left": 25
                                    }
                                  ],
                                  "parent": 22,
                                  "ID": 23,
                                  "left": 24
                                }
                              ],
                              "parent": 20,
                              "ID": 22,
                              "left": 23
                            }
                          ],
                          "parent": 19,
                          "ID": 20,
                          "left": 21,
                          "right": 22
                        },
                        {
                          "Node Type": "Materialize",
                          "Parent Relationship": "Inner",
                          "Parallel Aware": false,
                          "Async Capable": false,
                          "Startup Cost": 470985.5,
                          "Total Cost": 471171.86,
                          "Plan Rows": 1372,
                          "Plan Width": 49,
                          "Plans": [
                            {
                              "Node Type": "Aggregate",
                              "Strategy": "Sorted",
                              "Partial Mode": "Finalize",
                              "Parent Relationship": "Outer",
                              "Parallel Aware": false,
                              "Async Capable": false,
                              "Startup Cost": 470985.5,
                              "Total Cost": 471154.71,
                              "Plan Rows": 1372,
                              "Plan Width": 49,
                              "Group Key": [
                                "item_2.i_item_id"
                              ],
                              "Plans": [
                                {
                                  "Node Type": "Seq Scan",
                                  "Parent Relationship": "InitPlan",
                                  "Subplan Name": "InitPlan 2 (returns $1)",
                                  "Parallel Aware": false,
                                  "Async Capable": false,
                                  "Relation Name": "date_dim",
                                  "Alias": "date_dim_7",
                                  "Startup Cost": 0.0,
                                  "Total Cost": 2318.11,
                                  "Plan Rows": 1,
                                  "Plan Width": 4,
                                  "Filter": "(d_date = '2000-05-19'::date)",
                                  "parent": 36,
                                  "ID": 37
                                },
                                {
                                  "Node Type": "Gather Merge",
                                  "Parent Relationship": "Outer",
                                  "Parallel Aware": false,
                                  "Async Capable": false,
                                  "Startup Cost": 468667.38,
                                  "Total Cost": 468810.87,
                                  "Plan Rows": 1144,
                                  "Plan Width": 49,
                                  "Workers Planned": 2,
                                  "Params Evaluated": [
                                    "$1"
                                  ],
                                  "Plans": [
                                    {
                                      "Node Type": "Aggregate",
                                      "Strategy": "Sorted",
                                      "Partial Mode": "Partial",
                                      "Parent Relationship": "Outer",
                                      "Parallel Aware": false,
                                      "Async Capable": false,
                                      "Startup Cost": 467667.36,
                                      "Total Cost": 467678.8,
                                      "Plan Rows": 572,
                                      "Plan Width": 49,
                                      "Group Key": [
                                        "item_2.i_item_id"
                                      ],
                                      "Plans": [
                                        {
                                          "Node Type": "Sort",
                                          "Parent Relationship": "Outer",
                                          "Parallel Aware": false,
                                          "Async Capable": false,
                                          "Startup Cost": 467667.36,
                                          "Total Cost": 467668.79,
                                          "Plan Rows": 572,
                                          "Plan Width": 23,
                                          "Sort Key": [
                                            "item_2.i_item_id"
                                          ],
                                          "Plans": [
                                            {
                                              "Node Type": "Hash Join",
                                              "Parent Relationship": "Outer",
                                              "Parallel Aware": true,
                                              "Async Capable": false,
                                              "Join Type": "Inner",
                                              "Startup Cost": 460090.41,
                                              "Total Cost": 467641.16,
                                              "Plan Rows": 572,
                                              "Plan Width": 23,
                                              "Inner Unique": false,
                                              "Hash Cond": "(item_2.i_item_sk = catalog_sales.cs_item_sk)",
                                              "Plans": [
                                                {
                                                  "Node Type": "Seq Scan",
                                                  "Parent Relationship": "Outer",
                                                  "Parallel Aware": true,
                                                  "Async Capable": false,
                                                  "Relation Name": "item",
                                                  "Alias": "item_2",
                                                  "Startup Cost": 0.0,
                                                  "Total Cost": 7389.0,
                                                  "Plan Rows": 42500,
                                                  "Plan Width": 21,
                                                  "parent": 41,
                                                  "ID": 42
                                                },
                                                {
                                                  "Node Type": "Hash",
                                                  "Parent Relationship": "Inner",
                                                  "Parallel Aware": true,
                                                  "Async Capable": false,
                                                  "Startup Cost": 460083.26,
                                                  "Total Cost": 460083.26,
                                                  "Plan Rows": 572,
                                                  "Plan Width": 10,
                                                  "Plans": [
                                                    {
                                                      "Node Type": "Hash Join",
                                                      "Parent Relationship": "Outer",
                                                      "Parallel Aware": true,
                                                      "Async Capable": false,
                                                      "Join Type": "Inner",
                                                      "Startup Cost": 3889.77,
                                                      "Total Cost": 460083.26,
                                                      "Plan Rows": 572,
                                                      "Plan Width": 10,
                                                      "Inner Unique": false,
                                                      "Hash Cond": "(catalog_sales.cs_sold_date_sk = date_dim_4.d_date_sk)",
                                                      "Plans": [
                                                        {
                                                          "Node Type": "Seq Scan",
                                                          "Parent Relationship": "Outer",
                                                          "Parallel Aware": true,
                                                          "Async Capable": false,
                                                          "Relation Name": "catalog_sales",
                                                          "Alias": "catalog_sales",
                                                          "Startup Cost": 0.0,
                                                          "Total Cost": 433688.25,
                                                          "Plan Rows": 6000525,
                                                          "Plan Width": 14,
                                                          "parent": 44,
                                                          "ID": 45
                                                        },
                                                        {
                                                          "Node Type": "Hash",
                                                          "Parent Relationship": "Inner",
                                                          "Parallel Aware": true,
                                                          "Async Capable": false,
                                                          "Startup Cost": 3889.72,
                                                          "Total Cost": 3889.72,
                                                          "Plan Rows": 4,
                                                          "Plan Width": 4,
                                                          "Plans": [
                                                            {
                                                              "Node Type": "Hash Join",
                                                              "Parent Relationship": "Outer",
                                                              "Parallel Aware": true,
                                                              "Async Capable": false,
                                                              "Join Type": "Semi",
                                                              "Startup Cost": 1942.17,
                                                              "Total Cost": 3889.72,
                                                              "Plan Rows": 4,
                                                              "Plan Width": 4,
                                                              "Inner Unique": false,
                                                              "Hash Cond": "(date_dim_4.d_date = date_dim_5.d_date)",
                                                              "Plans": [
                                                                {
                                                                  "Node Type": "Seq Scan",
                                                                  "Parent Relationship": "Outer",
                                                                  "Parallel Aware": true,
                                                                  "Async Capable": false,
                                                                  "Relation Name": "date_dim",
                                                                  "Alias": "date_dim_4",
                                                                  "Startup Cost": 0.0,
                                                                  "Total Cost": 1834.7,
                                                                  "Plan Rows": 42970,
                                                                  "Plan Width": 8,
                                                                  "parent": 47,
                                                                  "ID": 48
                                                                },
                                                                {
                                                                  "Node Type": "Hash",
                                                                  "Parent Relationship": "Inner",
                                                                  "Parallel Aware": true,
                                                                  "Async Capable": false,
                                                                  "Startup Cost": 1942.12,
                                                                  "Total Cost": 1942.12,
                                                                  "Plan Rows": 4,
                                                                  "Plan Width": 4,
                                                                  "Plans": [
                                                                    {
                                                                      "Node Type": "Seq Scan",
                                                                      "Parent Relationship": "Outer",
                                                                      "Parallel Aware": true,
                                                                      "Async Capable": false,
                                                                      "Relation Name": "date_dim",
                                                                      "Alias": "date_dim_5",
                                                                      "Startup Cost": 0.0,
                                                                      "Total Cost": 1942.12,
                                                                      "Plan Rows": 4,
                                                                      "Plan Width": 4,
                                                                      "Filter": "(d_week_seq = $1)",
                                                                      "parent": 49,
                                                                      "ID": 50
                                                                    }
                                                                  ],
                                                                  "parent": 47,
                                                                  "ID": 49,
                                                                  "left": 50
                                                                }
                                                              ],
                                                              "parent": 46,
                                                              "ID": 47,
                                                              "left": 48,
                                                              "right": 49
                                                            }
                                                          ],
                                                          "parent": 44,
                                                          "ID": 46,
                                                          "left": 47
                                                        }
                                                      ],
                                                      "parent": 43,
                                                      "ID": 44,
                                                      "left": 45,
                                                      "right": 46
                                                    }
                                                  ],
                                                  "parent": 41,
                                                  "ID": 43,
                                                  "left": 44
                                                }
                                              ],
                                              "parent": 40,
                                              "ID": 41,
                                              "left": 42,
                                              "right": 43
                                            }
                                          ],
                                          "parent": 39,
                                          "ID": 40,
                                          "left": 41
                                        }
                                      ],
                                      "parent": 38,
                                      "ID": 39,
                                      "left": 40
                                    }
                                  ],
                                  "parent": 36,
                                  "ID": 38,
                                  "left": 39
                                }
                              ],
                              "parent": 35,
                              "ID": 36,
                              "left": 37,
                              "right": 38
                            }
                          ],
                          "parent": 19,
                          "ID": 35,
                          "left": 36
                        }
                      ],
                      "parent": 18,
                      "ID": 19,
                      "left": 20,
                      "right": 35
                    }
                  ],
                  "parent": 2,
                  "ID": 18,
                  "left": 19
                }
              ],
              "parent": 1,
              "ID": 2,
              "left": 3,
              "right": 18
            }
          ],
          "parent": 0,
          "ID": 1,
          "left": 2
        }
      ],
      "parent": null,
      "ID": 0,
      "left": 1
    },
    "feat": {
      "utility": 0.004105315117659625,
      "query_shape": [
        [
          "Seq Scan",
          "Aggregate",
          "Merge Join",
          "Sort"
        ],
        [
          "Seq Scan",
          "Hash Join",
          "Sort",
          "Aggregate",
          "Gather Merge",
          "Merge Join"
        ],
        [
          "Seq Scan",
          "Hash Join",
          "Hash",
          "Sort",
          "Aggregate",
          "Gather Merge",
          "Merge Join"
        ],
        [
          "Seq Scan",
          "Hash Join",
          "Hash",
          "Sort",
          "Aggregate",
          "Gather Merge",
          "Merge Join"
        ],
        [
          "Seq Scan",
          "Hash",
          "Hash Join",
          "Sort",
          "Aggregate",
          "Gather Merge",
          "Merge Join"
        ],
        [
          "Seq Scan",
          "Aggregate",
          "Merge Join",
          "Materialize",
          "Sort"
        ],
        [
          "Seq Scan",
          "Hash Join",
          "Sort",
          "Aggregate",
          "Gather Merge",
          "Merge Join",
          "Materialize"
        ],
        [
          "Seq Scan",
          "Hash Join",
          "Hash",
          "Sort",
          "Aggregate",
          "Gather Merge",
          "Merge Join",
          "Materialize"
        ],
        [
          "Seq Scan",
          "Hash Join",
          "Hash",
          "Sort",
          "Aggregate",
          "Gather Merge",
          "Merge Join",
          "Materialize"
        ],
        [
          "Seq Scan",
          "Hash",
          "Hash Join",
          "Sort",
          "Aggregate",
          "Gather Merge",
          "Merge Join",
          "Materialize"
        ],
        [
          "Seq Scan",
          "Aggregate",
          "Materialize",
          "Merge Join",
          "Sort"
        ],
        [
          "Seq Scan",
          "Hash Join",
          "Sort",
          "Aggregate",
          "Gather Merge",
          "Materialize",
          "Merge Join"
        ],
        [
          "Seq Scan",
          "Hash Join",
          "Hash",
          "Sort",
          "Aggregate",
          "Gather Merge",
          "Materialize",
          "Merge Join"
        ],
        [
          "Seq Scan",
          "Hash Join",
          "Hash",
          "Sort",
          "Aggregate",
          "Gather Merge",
          "Materialize",
          "Merge Join"
        ],
        [
          "Seq Scan",
          "Hash",
          "Hash Join",
          "Sort",
          "Aggregate",
          "Gather Merge",
          "Materialize",
          "Merge Join"
        ]
      ],
      "index_shape": [
        "join"
      ],
      "physical_operator": {
        "Hash Join": [
          0.00485071250072666,
          0.00485071250072666,
          0.00485071250072666
        ]
      }
    }
  },
  {
    "query": "with ss_items as\n (select i_item_id item_id\n        ,sum(ss_ext_sales_price) ss_item_rev \n from store_sales\n     ,item\n     ,date_dim\n where ss_item_sk = i_item_sk\n   and d_date in (select d_date\n                  from date_dim\n                  where d_week_seq = (select d_week_seq \n                                      from date_dim\n                                      where d_date = '2000-05-19'))\n   and ss_sold_date_sk   = d_date_sk\n group by i_item_id),\n cs_items as\n (select i_item_id item_id\n        ,sum(cs_ext_sales_price) cs_item_rev\n  from catalog_sales\n      ,item\n      ,date_dim\n where cs_item_sk = i_item_sk\n  and  d_date in (select d_date\n                  from date_dim\n                  where d_week_seq = (select d_week_seq \n                                      from date_dim\n                                      where d_date = '2000-05-19'))\n  and  cs_sold_date_sk = d_date_sk\n group by i_item_id),\n ws_items as\n (select i_item_id item_id\n        ,sum(ws_ext_sales_price) ws_item_rev\n  from web_sales\n      ,item\n      ,date_dim\n where ws_item_sk = i_item_sk\n  and  d_date in (select d_date\n                  from date_dim\n                  where d_week_seq =(select d_week_seq \n                                     from date_dim\n                                     where d_date = '2000-05-19'))\n  and ws_sold_date_sk   = d_date_sk\n group by i_item_id)\n  select  ss_items.item_id\n       ,ss_item_rev\n       ,ss_item_rev/((ss_item_rev+cs_item_rev+ws_item_rev)/3) * 100 ss_dev\n       ,cs_item_rev\n       ,cs_item_rev/((ss_item_rev+cs_item_rev+ws_item_rev)/3) * 100 cs_dev\n       ,ws_item_rev\n       ,ws_item_rev/((ss_item_rev+cs_item_rev+ws_item_rev)/3) * 100 ws_dev\n       ,(ss_item_rev+cs_item_rev+ws_item_rev)/3 average\n from ss_items,cs_items,ws_items\n where ss_items.item_id=cs_items.item_id\n   and ss_items.item_id=ws_items.item_id \n   and ss_item_rev between 0.9 * cs_item_rev and 1.1 * cs_item_rev\n   and ss_item_rev between 0.9 * ws_item_rev and 1.1 * ws_item_rev\n   and cs_item_rev between 0.9 * ss_item_rev and 1.1 * ss_item_rev\n   and cs_item_rev between 0.9 * ws_item_rev and 1.1 * ws_item_rev\n   and ws_item_rev between 0.9 * ss_item_rev and 1.1 * ss_item_rev\n   and ws_item_rev between 0.9 * cs_item_rev and 1.1 * cs_item_rev\n order by item_id\n         ,ss_item_rev\n limit 100;\n\n-- end query 42 in stream 2 using template query58.tpl\n",
    "indexes": "item.i_item_id",
    "wo plan est": {
      "Node Type": "Limit",
      "Parallel Aware": false,
      "Async Capable": false,
      "Startup Cost": 1412339.33,
      "Total Cost": 1412339.33,
      "Plan Rows": 1,
      "Plan Width": 241,
      "Plans": [
        {
          "Node Type": "Sort",
          "Parent Relationship": "Outer",
          "Parallel Aware": false,
          "Async Capable": false,
          "Startup Cost": 1412339.33,
          "Total Cost": 1412339.33,
          "Plan Rows": 1,
          "Plan Width": 241,
          "Sort Key": [
            "item.i_item_id",
            "(sum(store_sales.ss_ext_sales_price))"
          ],
          "Plans": [
            {
              "Node Type": "Merge Join",
              "Parent Relationship": "Outer",
              "Parallel Aware": false,
              "Async Capable": false,
              "Join Type": "Inner",
              "Startup Cost": 1411497.09,
              "Total Cost": 1412339.32,
              "Plan Rows": 1,
              "Plan Width": 241,
              "Inner Unique": false,
              "Merge Cond": "(item.i_item_id = item_2.i_item_id)",
              "Join Filter": "(((sum(store_sales.ss_ext_sales_price)) >= (0.9 * (sum(catalog_sales.cs_ext_sales_price)))) AND ((sum(store_sales.ss_ext_sales_price)) <= (1.1 * (sum(catalog_sales.cs_ext_sales_price)))) AND ((sum(catalog_sales.cs_ext_sales_price)) >= (0.9 * (sum(store_sales.ss_ext_sales_price)))) AND ((sum(catalog_sales.cs_ext_sales_price)) <= (1.1 * (sum(store_sales.ss_ext_sales_price)))) AND ((sum(store_sales.ss_ext_sales_price)) >= (0.9 * (sum(web_sales.ws_ext_sales_price)))) AND ((sum(store_sales.ss_ext_sales_price)) <= (1.1 * (sum(web_sales.ws_ext_sales_price)))) AND ((sum(web_sales.ws_ext_sales_price)) >= (0.9 * (sum(store_sales.ss_ext_sales_price)))) AND ((sum(web_sales.ws_ext_sales_price)) <= (1.1 * (sum(store_sales.ss_ext_sales_price)))))",
              "Plans": [
                {
                  "Node Type": "Aggregate",
                  "Strategy": "Sorted",
                  "Partial Mode": "Finalize",
                  "Parent Relationship": "Outer",
                  "Parallel Aware": false,
                  "Async Capable": false,
                  "Startup Cost": 696753.06,
                  "Total Cost": 697077.89,
                  "Plan Rows": 2634,
                  "Plan Width": 49,
                  "Group Key": [
                    "item.i_item_id"
                  ],
                  "Plans": [
                    {
                      "Node Type": "Seq Scan",
                      "Parent Relationship": "InitPlan",
                      "Subplan Name": "InitPlan 1 (returns $0)",
                      "Parallel Aware": false,
                      "Async Capable": false,
                      "Relation Name": "date_dim",
                      "Alias": "date_dim_6",
                      "Startup Cost": 0.0,
                      "Total Cost": 2318.11,
                      "Plan Rows": 1,
                      "Plan Width": 4,
                      "Filter": "(d_date = '2000-05-19'::date)",
                      "parent": 3,
                      "ID": 4
                    },
                    {
                      "Node Type": "Gather Merge",
                      "Parent Relationship": "Outer",
                      "Parallel Aware": false,
                      "Async Capable": false,
                      "Startup Cost": 694434.95,
                      "Total Cost": 694710.38,
                      "Plan Rows": 2196,
                      "Plan Width": 49,
                      "Workers Planned": 2,
                      "Params Evaluated": [
                        "$0"
                      ],
                      "Plans": [
                        {
                          "Node Type": "Aggregate",
                          "Strategy": "Sorted",
                          "Partial Mode": "Partial",
                          "Parent Relationship": "Outer",
                          "Parallel Aware": false,
                          "Async Capable": false,
                          "Startup Cost": 693434.92,
                          "Total Cost": 693456.88,
                          "Plan Rows": 1098,
                          "Plan Width": 49,
                          "Group Key": [
                            "item.i_item_id"
                          ],
                          "Plans": [
                            {
                              "Node Type": "Sort",
                              "Parent Relationship": "Outer",
                              "Parallel Aware": false,
                              "Async Capable": false,
                              "Startup Cost": 693434.92,
                              "Total Cost": 693437.67,
                              "Plan Rows": 1098,
                              "Plan Width": 23,
                              "Sort Key": [
                                "item.i_item_id"
                              ],
                              "Plans": [
                                {
                                  "Node Type": "Hash Join",
                                  "Parent Relationship": "Outer",
                                  "Parallel Aware": true,
                                  "Async Capable": false,
                                  "Join Type": "Inner",
                                  "Startup Cost": 685826.52,
                                  "Total Cost": 693379.47,
                                  "Plan Rows": 1098,
                                  "Plan Width": 23,
                                  "Inner Unique": false,
                                  "Hash Cond": "(item.i_item_sk = store_sales.ss_item_sk)",
                                  "Plans": [
                                    {
                                      "Node Type": "Seq Scan",
                                      "Parent Relationship": "Outer",
                                      "Parallel Aware": true,
                                      "Async Capable": false,
                                      "Relation Name": "item",
                                      "Alias": "item",
                                      "Startup Cost": 0.0,
                                      "Total Cost": 7389.0,
                                      "Plan Rows": 42500,
                                      "Plan Width": 21,
                                      "parent": 8,
                                      "ID": 9
                                    },
                                    {
                                      "Node Type": "Hash",
                                      "Parent Relationship": "Inner",
                                      "Parallel Aware": true,
                                      "Async Capable": false,
                                      "Startup Cost": 685812.79,
                                      "Total Cost": 685812.79,
                                      "Plan Rows": 1098,
                                      "Plan Width": 10,
                                      "Plans": [
                                        {
                                          "Node Type": "Hash Join",
                                          "Parent Relationship": "Outer",
                                          "Parallel Aware": true,
                                          "Async Capable": false,
                                          "Join Type": "Inner",
                                          "Startup Cost": 3889.77,
                                          "Total Cost": 685812.79,
                                          "Plan Rows": 1098,
                                          "Plan Width": 10,
                                          "Inner Unique": false,
                                          "Hash Cond": "(store_sales.ss_sold_date_sk = date_dim.d_date_sk)",
                                          "Plans": [
                                            {
                                              "Node Type": "Seq Scan",
                                              "Parent Relationship": "Outer",
                                              "Parallel Aware": true,
                                              "Async Capable": false,
                                              "Relation Name": "store_sales",
                                              "Alias": "store_sales",
                                              "Startup Cost": 0.0,
                                              "Total Cost": 636914.37,
                                              "Plan Rows": 12000637,
                                              "Plan Width": 14,
                                              "parent": 11,
                                              "ID": 12
                                            },
                                            {
                                              "Node Type": "Hash",
                                              "Parent Relationship": "Inner",
                                              "Parallel Aware": true,
                                              "Async Capable": false,
                                              "Startup Cost": 3889.72,
                                              "Total Cost": 3889.72,
                                              "Plan Rows": 4,
                                              "Plan Width": 4,
                                              "Plans": [
                                                {
                                                  "Node Type": "Hash Join",
                                                  "Parent Relationship": "Outer",
                                                  "Parallel Aware": true,
                                                  "Async Capable": false,
                                                  "Join Type": "Semi",
                                                  "Startup Cost": 1942.17,
                                                  "Total Cost": 3889.72,
                                                  "Plan Rows": 4,
                                                  "Plan Width": 4,
                                                  "Inner Unique": false,
                                                  "Hash Cond": "(date_dim.d_date = date_dim_1.d_date)",
                                                  "Plans": [
                                                    {
                                                      "Node Type": "Seq Scan",
                                                      "Parent Relationship": "Outer",
                                                      "Parallel Aware": true,
                                                      "Async Capable": false,
                                                      "Relation Name": "date_dim",
                                                      "Alias": "date_dim",
                                                      "Startup Cost": 0.0,
                                                      "Total Cost": 1834.7,
                                                      "Plan Rows": 42970,
                                                      "Plan Width": 8,
                                                      "parent": 14,
                                                      "ID": 15
                                                    },
                                                    {
                                                      "Node Type": "Hash",
                                                      "Parent Relationship": "Inner",
                                                      "Parallel Aware": true,
                                                      "Async Capable": false,
                                                      "Startup Cost": 1942.12,
                                                      "Total Cost": 1942.12,
                                                      "Plan Rows": 4,
                                                      "Plan Width": 4,
                                                      "Plans": [
                                                        {
                                                          "Node Type": "Seq Scan",
                                                          "Parent Relationship": "Outer",
                                                          "Parallel Aware": true,
                                                          "Async Capable": false,
                                                          "Relation Name": "date_dim",
                                                          "Alias": "date_dim_1",
                                                          "Startup Cost": 0.0,
                                                          "Total Cost": 1942.12,
                                                          "Plan Rows": 4,
                                                          "Plan Width": 4,
                                                          "Filter": "(d_week_seq = $0)",
                                                          "parent": 16,
                                                          "ID": 17
                                                        }
                                                      ],
                                                      "parent": 14,
                                                      "ID": 16,
                                                      "left": 17
                                                    }
                                                  ],
                                                  "parent": 13,
                                                  "ID": 14,
                                                  "left": 15,
                                                  "right": 16
                                                }
                                              ],
                                              "parent": 11,
                                              "ID": 13,
                                              "left": 14
                                            }
                                          ],
                                          "parent": 10,
                                          "ID": 11,
                                          "left": 12,
                                          "right": 13
                                        }
                                      ],
                                      "parent": 8,
                                      "ID": 10,
                                      "left": 11
                                    }
                                  ],
                                  "parent": 7,
                                  "ID": 8,
                                  "left": 9,
                                  "right": 10
                                }
                              ],
                              "parent": 6,
                              "ID": 7,
                              "left": 8
                            }
                          ],
                          "parent": 5,
                          "ID": 6,
                          "left": 7
                        }
                      ],
                      "parent": 3,
                      "ID": 5,
                      "left": 6
                    }
                  ],
                  "parent": 2,
                  "ID": 3,
                  "left": 4,
                  "right": 5
                },
                {
                  "Node Type": "Materialize",
                  "Parent Relationship": "Inner",
                  "Parallel Aware": false,
                  "Async Capable": false,
                  "Startup Cost": 714744.03,
                  "Total Cost": 715186.59,
                  "Plan Rows": 58,
                  "Plan Width": 98,
                  "Plans": [
                    {
                      "Node Type": "Merge Join",
                      "Parent Relationship": "Outer",
                      "Parallel Aware": false,
                      "Async Capable": false,
                      "Join Type": "Inner",
                      "Startup Cost": 714744.03,
                      "Total Cost": 715186.44,
                      "Plan Rows": 58,
                      "Plan Width": 98,
                      "Inner Unique": true,
                      "Merge Cond": "(item_1.i_item_id = item_2.i_item_id)",
                      "Join Filter": "(((sum(catalog_sales.cs_ext_sales_price)) >= (0.9 * (sum(web_sales.ws_ext_sales_price)))) AND ((sum(catalog_sales.cs_ext_sales_price)) <= (1.1 * (sum(web_sales.ws_ext_sales_price)))) AND ((sum(web_sales.ws_ext_sales_price)) >= (0.9 * (sum(catalog_sales.cs_ext_sales_price)))) AND ((sum(web_sales.ws_ext_sales_price)) <= (1.1 * (sum(catalog_sales.cs_ext_sales_price)))))",
                      "Plans": [
                        {
                          "Node Type": "Aggregate",
                          "Strategy": "Sorted",
                          "Partial Mode": "Finalize",
                          "Parent Relationship": "Outer",
                          "Parallel Aware": false,
                          "Async Capable": false,
                          "Startup Cost": 243758.54,
                          "Total Cost": 243843.73,
                          "Plan Rows": 690,
                          "Plan Width": 49,
                          "Group Key": [
                            "item_1.i_item_id"
                          ],
                          "Plans": [
                            {
                              "Node Type": "Seq Scan",
                              "Parent Relationship": "InitPlan",
                              "Subplan Name": "InitPlan 3 (returns $2)",
                              "Parallel Aware": false,
                              "Async Capable": false,
                              "Relation Name": "date_dim",
                              "Alias": "date_dim_8",
                              "Startup Cost": 0.0,
                              "Total Cost": 2318.11,
                              "Plan Rows": 1,
                              "Plan Width": 4,
                              "Filter": "(d_date = '2000-05-19'::date)",
                              "parent": 20,
                              "ID": 21
                            },
                            {
                              "Node Type": "Gather Merge",
                              "Parent Relationship": "Outer",
                              "Parallel Aware": false,
                              "Async Capable": false,
                              "Startup Cost": 241440.43,
                              "Total Cost": 241512.67,
                              "Plan Rows": 576,
                              "Plan Width": 49,
                              "Workers Planned": 2,
                              "Params Evaluated": [
                                "$2"
                              ],
                              "Plans": [
                                {
                                  "Node Type": "Aggregate",
                                  "Strategy": "Sorted",
                                  "Partial Mode": "Partial",
                                  "Parent Relationship": "Outer",
                                  "Parallel Aware": false,
                                  "Async Capable": false,
                                  "Startup Cost": 240440.4,
                                  "Total Cost": 240446.16,
                                  "Plan Rows": 288,
                                  "Plan Width": 49,
                                  "Group Key": [
                                    "item_1.i_item_id"
                                  ],
                                  "Plans": [
                                    {
                                      "Node Type": "Sort",
                                      "Parent Relationship": "Outer",
                                      "Parallel Aware": false,
                                      "Async Capable": false,
                                      "Startup Cost": 240440.4,
                                      "Total Cost": 240441.12,
                                      "Plan Rows": 288,
                                      "Plan Width": 23,
                                      "Sort Key": [
                                        "item_1.i_item_id"
                                      ],
                                      "Plans": [
                                        {
                                          "Node Type": "Hash Join",
                                          "Parent Relationship": "Outer",
                                          "Parallel Aware": true,
                                          "Async Capable": false,
                                          "Join Type": "Inner",
                                          "Startup Cost": 232879.06,
                                          "Total Cost": 240428.64,
                                          "Plan Rows": 288,
                                          "Plan Width": 23,
                                          "Inner Unique": false,
                                          "Hash Cond": "(item_1.i_item_sk = web_sales.ws_item_sk)",
                                          "Plans": [
                                            {
                                              "Node Type": "Seq Scan",
                                              "Parent Relationship": "Outer",
                                              "Parallel Aware": true,
                                              "Async Capable": false,
                                              "Relation Name": "item",
                                              "Alias": "item_1",
                                              "Startup Cost": 0.0,
                                              "Total Cost": 7389.0,
                                              "Plan Rows": 42500,
                                              "Plan Width": 21,
                                              "parent": 25,
                                              "ID": 26
                                            },
                                            {
                                              "Node Type": "Hash",
                                              "Parent Relationship": "Inner",
                                              "Parallel Aware": true,
                                              "Async Capable": false,
                                              "Startup Cost": 232875.46,
                                              "Total Cost": 232875.46,
                                              "Plan Rows": 288,
                                              "Plan Width": 10,
                                              "Plans": [
                                                {
                                                  "Node Type": "Hash Join",
                                                  "Parent Relationship": "Outer",
                                                  "Parallel Aware": true,
                                                  "Async Capable": false,
                                                  "Join Type": "Inner",
                                                  "Startup Cost": 3889.77,
                                                  "Total Cost": 232875.46,
                                                  "Plan Rows": 288,
                                                  "Plan Width": 10,
                                                  "Inner Unique": false,
                                                  "Hash Cond": "(web_sales.ws_sold_date_sk = date_dim_2.d_date_sk)",
                                                  "Plans": [
                                                    {
                                                      "Node Type": "Seq Scan",
                                                      "Parent Relationship": "Outer",
                                                      "Parallel Aware": true,
                                                      "Async Capable": false,
                                                      "Relation Name": "web_sales",
                                                      "Alias": "web_sales",
                                                      "Startup Cost": 0.0,
                                                      "Total Cost": 217737.86,
                                                      "Plan Rows": 2998986,
                                                      "Plan Width": 14,
                                                      "parent": 28,
                                                      "ID": 29
                                                    },
                                                    {
                                                      "Node Type": "Hash",
                                                      "Parent Relationship": "Inner",
                                                      "Parallel Aware": true,
                                                      "Async Capable": false,
                                                      "Startup Cost": 3889.72,
                                                      "Total Cost": 3889.72,
                                                      "Plan Rows": 4,
                                                      "Plan Width": 4,
                                                      "Plans": [
                                                        {
                                                          "Node Type": "Hash Join",
                                                          "Parent Relationship": "Outer",
                                                          "Parallel Aware": true,
                                                          "Async Capable": false,
                                                          "Join Type": "Semi",
                                                          "Startup Cost": 1942.17,
                                                          "Total Cost": 3889.72,
                                                          "Plan Rows": 4,
                                                          "Plan Width": 4,
                                                          "Inner Unique": false,
                                                          "Hash Cond": "(date_dim_2.d_date = date_dim_3.d_date)",
                                                          "Plans": [
                                                            {
                                                              "Node Type": "Seq Scan",
                                                              "Parent Relationship": "Outer",
                                                              "Parallel Aware": true,
                                                              "Async Capable": false,
                                                              "Relation Name": "date_dim",
                                                              "Alias": "date_dim_2",
                                                              "Startup Cost": 0.0,
                                                              "Total Cost": 1834.7,
                                                              "Plan Rows": 42970,
                                                              "Plan Width": 8,
                                                              "parent": 31,
                                                              "ID": 32
                                                            },
                                                            {
                                                              "Node Type": "Hash",
                                                              "Parent Relationship": "Inner",
                                                              "Parallel Aware": true,
                                                              "Async Capable": false,
                                                              "Startup Cost": 1942.12,
                                                              "Total Cost": 1942.12,
                                                              "Plan Rows": 4,
                                                              "Plan Width": 4,
                                                              "Plans": [
                                                                {
                                                                  "Node Type": "Seq Scan",
                                                                  "Parent Relationship": "Outer",
                                                                  "Parallel Aware": true,
                                                                  "Async Capable": false,
                                                                  "Relation Name": "date_dim",
                                                                  "Alias": "date_dim_3",
                                                                  "Startup Cost": 0.0,
                                                                  "Total Cost": 1942.12,
                                                                  "Plan Rows": 4,
                                                                  "Plan Width": 4,
                                                                  "Filter": "(d_week_seq = $2)",
                                                                  "parent": 33,
                                                                  "ID": 34
                                                                }
                                                              ],
                                                              "parent": 31,
                                                              "ID": 33,
                                                              "left": 34
                                                            }
                                                          ],
                                                          "parent": 30,
                                                          "ID": 31,
                                                          "left": 32,
                                                          "right": 33
                                                        }
                                                      ],
                                                      "parent": 28,
                                                      "ID": 30,
                                                      "left": 31
                                                    }
                                                  ],
                                                  "parent": 27,
                                                  "ID": 28,
                                                  "left": 29,
                                                  "right": 30
                                                }
                                              ],
                                              "parent": 25,
                                              "ID": 27,
                                              "left": 28
                                            }
                                          ],
                                          "parent": 24,
                                          "ID": 25,
                                          "left": 26,
                                          "right": 27
                                        }
                                      ],
                                      "parent": 23,
                                      "ID": 24,
                                      "left": 25
                                    }
                                  ],
                                  "parent": 22,
                                  "ID": 23,
                                  "left": 24
                                }
                              ],
                              "parent": 20,
                              "ID": 22,
                              "left": 23
                            }
                          ],
                          "parent": 19,
                          "ID": 20,
                          "left": 21,
                          "right": 22
                        },
                        {
                          "Node Type": "Materialize",
                          "Parent Relationship": "Inner",
                          "Parallel Aware": false,
                          "Async Capable": false,
                          "Startup Cost": 470985.5,
                          "Total Cost": 471171.86,
                          "Plan Rows": 1372,
                          "Plan Width": 49,
                          "Plans": [
                            {
                              "Node Type": "Aggregate",
                              "Strategy": "Sorted",
                              "Partial Mode": "Finalize",
                              "Parent Relationship": "Outer",
                              "Parallel Aware": false,
                              "Async Capable": false,
                              "Startup Cost": 470985.5,
                              "Total Cost": 471154.71,
                              "Plan Rows": 1372,
                              "Plan Width": 49,
                              "Group Key": [
                                "item_2.i_item_id"
                              ],
                              "Plans": [
                                {
                                  "Node Type": "Seq Scan",
                                  "Parent Relationship": "InitPlan",
                                  "Subplan Name": "InitPlan 2 (returns $1)",
                                  "Parallel Aware": false,
                                  "Async Capable": false,
                                  "Relation Name": "date_dim",
                                  "Alias": "date_dim_7",
                                  "Startup Cost": 0.0,
                                  "Total Cost": 2318.11,
                                  "Plan Rows": 1,
                                  "Plan Width": 4,
                                  "Filter": "(d_date = '2000-05-19'::date)",
                                  "parent": 36,
                                  "ID": 37
                                },
                                {
                                  "Node Type": "Gather Merge",
                                  "Parent Relationship": "Outer",
                                  "Parallel Aware": false,
                                  "Async Capable": false,
                                  "Startup Cost": 468667.38,
                                  "Total Cost": 468810.87,
                                  "Plan Rows": 1144,
                                  "Plan Width": 49,
                                  "Workers Planned": 2,
                                  "Params Evaluated": [
                                    "$1"
                                  ],
                                  "Plans": [
                                    {
                                      "Node Type": "Aggregate",
                                      "Strategy": "Sorted",
                                      "Partial Mode": "Partial",
                                      "Parent Relationship": "Outer",
                                      "Parallel Aware": false,
                                      "Async Capable": false,
                                      "Startup Cost": 467667.36,
                                      "Total Cost": 467678.8,
                                      "Plan Rows": 572,
                                      "Plan Width": 49,
                                      "Group Key": [
                                        "item_2.i_item_id"
                                      ],
                                      "Plans": [
                                        {
                                          "Node Type": "Sort",
                                          "Parent Relationship": "Outer",
                                          "Parallel Aware": false,
                                          "Async Capable": false,
                                          "Startup Cost": 467667.36,
                                          "Total Cost": 467668.79,
                                          "Plan Rows": 572,
                                          "Plan Width": 23,
                                          "Sort Key": [
                                            "item_2.i_item_id"
                                          ],
                                          "Plans": [
                                            {
                                              "Node Type": "Hash Join",
                                              "Parent Relationship": "Outer",
                                              "Parallel Aware": true,
                                              "Async Capable": false,
                                              "Join Type": "Inner",
                                              "Startup Cost": 460090.41,
                                              "Total Cost": 467641.16,
                                              "Plan Rows": 572,
                                              "Plan Width": 23,
                                              "Inner Unique": false,
                                              "Hash Cond": "(item_2.i_item_sk = catalog_sales.cs_item_sk)",
                                              "Plans": [
                                                {
                                                  "Node Type": "Seq Scan",
                                                  "Parent Relationship": "Outer",
                                                  "Parallel Aware": true,
                                                  "Async Capable": false,
                                                  "Relation Name": "item",
                                                  "Alias": "item_2",
                                                  "Startup Cost": 0.0,
                                                  "Total Cost": 7389.0,
                                                  "Plan Rows": 42500,
                                                  "Plan Width": 21,
                                                  "parent": 41,
                                                  "ID": 42
                                                },
                                                {
                                                  "Node Type": "Hash",
                                                  "Parent Relationship": "Inner",
                                                  "Parallel Aware": true,
                                                  "Async Capable": false,
                                                  "Startup Cost": 460083.26,
                                                  "Total Cost": 460083.26,
                                                  "Plan Rows": 572,
                                                  "Plan Width": 10,
                                                  "Plans": [
                                                    {
                                                      "Node Type": "Hash Join",
                                                      "Parent Relationship": "Outer",
                                                      "Parallel Aware": true,
                                                      "Async Capable": false,
                                                      "Join Type": "Inner",
                                                      "Startup Cost": 3889.77,
                                                      "Total Cost": 460083.26,
                                                      "Plan Rows": 572,
                                                      "Plan Width": 10,
                                                      "Inner Unique": false,
                                                      "Hash Cond": "(catalog_sales.cs_sold_date_sk = date_dim_4.d_date_sk)",
                                                      "Plans": [
                                                        {
                                                          "Node Type": "Seq Scan",
                                                          "Parent Relationship": "Outer",
                                                          "Parallel Aware": true,
                                                          "Async Capable": false,
                                                          "Relation Name": "catalog_sales",
                                                          "Alias": "catalog_sales",
                                                          "Startup Cost": 0.0,
                                                          "Total Cost": 433688.25,
                                                          "Plan Rows": 6000525,
                                                          "Plan Width": 14,
                                                          "parent": 44,
                                                          "ID": 45
                                                        },
                                                        {
                                                          "Node Type": "Hash",
                                                          "Parent Relationship": "Inner",
                                                          "Parallel Aware": true,
                                                          "Async Capable": false,
                                                          "Startup Cost": 3889.72,
                                                          "Total Cost": 3889.72,
                                                          "Plan Rows": 4,
                                                          "Plan Width": 4,
                                                          "Plans": [
                                                            {
                                                              "Node Type": "Hash Join",
                                                              "Parent Relationship": "Outer",
                                                              "Parallel Aware": true,
                                                              "Async Capable": false,
                                                              "Join Type": "Semi",
                                                              "Startup Cost": 1942.17,
                                                              "Total Cost": 3889.72,
                                                              "Plan Rows": 4,
                                                              "Plan Width": 4,
                                                              "Inner Unique": false,
                                                              "Hash Cond": "(date_dim_4.d_date = date_dim_5.d_date)",
                                                              "Plans": [
                                                                {
                                                                  "Node Type": "Seq Scan",
                                                                  "Parent Relationship": "Outer",
                                                                  "Parallel Aware": true,
                                                                  "Async Capable": false,
                                                                  "Relation Name": "date_dim",
                                                                  "Alias": "date_dim_4",
                                                                  "Startup Cost": 0.0,
                                                                  "Total Cost": 1834.7,
                                                                  "Plan Rows": 42970,
                                                                  "Plan Width": 8,
                                                                  "parent": 47,
                                                                  "ID": 48
                                                                },
                                                                {
                                                                  "Node Type": "Hash",
                                                                  "Parent Relationship": "Inner",
                                                                  "Parallel Aware": true,
                                                                  "Async Capable": false,
                                                                  "Startup Cost": 1942.12,
                                                                  "Total Cost": 1942.12,
                                                                  "Plan Rows": 4,
                                                                  "Plan Width": 4,
                                                                  "Plans": [
                                                                    {
                                                                      "Node Type": "Seq Scan",
                                                                      "Parent Relationship": "Outer",
                                                                      "Parallel Aware": true,
                                                                      "Async Capable": false,
                                                                      "Relation Name": "date_dim",
                                                                      "Alias": "date_dim_5",
                                                                      "Startup Cost": 0.0,
                                                                      "Total Cost": 1942.12,
                                                                      "Plan Rows": 4,
                                                                      "Plan Width": 4,
                                                                      "Filter": "(d_week_seq = $1)",
                                                                      "parent": 49,
                                                                      "ID": 50
                                                                    }
                                                                  ],
                                                                  "parent": 47,
                                                                  "ID": 49,
                                                                  "left": 50
                                                                }
                                                              ],
                                                              "parent": 46,
                                                              "ID": 47,
                                                              "left": 48,
                                                              "right": 49
                                                            }
                                                          ],
                                                          "parent": 44,
                                                          "ID": 46,
                                                          "left": 47
                                                        }
                                                      ],
                                                      "parent": 43,
                                                      "ID": 44,
                                                      "left": 45,
                                                      "right": 46
                                                    }
                                                  ],
                                                  "parent": 41,
                                                  "ID": 43,
                                                  "left": 44
                                                }
                                              ],
                                              "parent": 40,
                                              "ID": 41,
                                              "left": 42,
                                              "right": 43
                                            }
                                          ],
                                          "parent": 39,
                                          "ID": 40,
                                          "left": 41
                                        }
                                      ],
                                      "parent": 38,
                                      "ID": 39,
                                      "left": 40
                                    }
                                  ],
                                  "parent": 36,
                                  "ID": 38,
                                  "left": 39
                                }
                              ],
                              "parent": 35,
                              "ID": 36,
                              "left": 37,
                              "right": 38
                            }
                          ],
                          "parent": 19,
                          "ID": 35,
                          "left": 36
                        }
                      ],
                      "parent": 18,
                      "ID": 19,
                      "left": 20,
                      "right": 35
                    }
                  ],
                  "parent": 2,
                  "ID": 18,
                  "left": 19
                }
              ],
              "parent": 1,
              "ID": 2,
              "left": 3,
              "right": 18
            }
          ],
          "parent": 0,
          "ID": 1,
          "left": 2
        }
      ],
      "parent": null,
      "ID": 0,
      "left": 1
    },
    "feat": {
      "utility": 0.0027359357039893418,
      "query_shape": [
        [
          "Seq Scan",
          "Aggregate",
          "Merge Join",
          "Sort"
        ],
        [
          "Seq Scan",
          "Hash Join",
          "Sort",
          "Aggregate",
          "Gather Merge",
          "Merge Join"
        ],
        [
          "Seq Scan",
          "Hash Join",
          "Hash",
          "Sort",
          "Aggregate",
          "Gather Merge",
          "Merge Join"
        ],
        [
          "Seq Scan",
          "Hash Join",
          "Hash",
          "Sort",
          "Aggregate",
          "Gather Merge",
          "Merge Join"
        ],
        [
          "Seq Scan",
          "Hash",
          "Hash Join",
          "Sort",
          "Aggregate",
          "Gather Merge",
          "Merge Join"
        ],
        [
          "Seq Scan",
          "Aggregate",
          "Merge Join",
          "Materialize",
          "Sort"
        ],
        [
          "Seq Scan",
          "Hash Join",
          "Sort",
          "Aggregate",
          "Gather Merge",
          "Merge Join",
          "Materialize"
        ],
        [
          "Seq Scan",
          "Hash Join",
          "Hash",
          "Sort",
          "Aggregate",
          "Gather Merge",
          "Merge Join",
          "Materialize"
        ],
        [
          "Seq Scan",
          "Hash Join",
          "Hash",
          "Sort",
          "Aggregate",
          "Gather Merge",
          "Merge Join",
          "Materialize"
        ],
        [
          "Seq Scan",
          "Hash",
          "Hash Join",
          "Sort",
          "Aggregate",
          "Gather Merge",
          "Merge Join",
          "Materialize"
        ],
        [
          "Seq Scan",
          "Aggregate",
          "Materialize",
          "Merge Join",
          "Sort"
        ],
        [
          "Seq Scan",
          "Hash Join",
          "Sort",
          "Aggregate",
          "Gather Merge",
          "Materialize",
          "Merge Join"
        ],
        [
          "Seq Scan",
          "Hash Join",
          "Hash",
          "Sort",
          "Aggregate",
          "Gather Merge",
          "Materialize",
          "Merge Join"
        ],
        [
          "Seq Scan",
          "Hash Join",
          "Hash",
          "Sort",
          "Aggregate",
          "Gather Merge",
          "Materialize",
          "Merge Join"
        ],
        [
          "Seq Scan",
          "Hash",
          "Hash Join",
          "Sort",
          "Aggregate",
          "Gather Merge",
          "Materialize",
          "Merge Join"
        ]
      ],
      "index_shape": [
        "join"
      ],
      "physical_operator": {
        "Merge Join": [
          0.0025584569748202507,
          0.007827307501429435
        ],
        "Sort": [
          "[0. 0. 0. 0. 0. 0. 0. 0. 0. 0. 0. 0. 0. 0. 0. 0. 0. 0. 0. 0. 0. 0. 0. 0.\n 0. 0. 0. 0. 0. 0. 0. 0. 0. 0. 0. 0. 0. 0. 0. 0. 0. 0. 0. 0. 0. 0. 0. 0.\n 0. 0. 0.]",
          "[0. 0. 0. 0. 0. 0. 0. 0. 0. 0. 0. 0. 0. 0. 0. 0. 0. 0. 0. 0. 0. 0. 0. 0.\n 0. 0. 0. 0. 0. 0. 0. 0. 0. 0. 0. 0. 0. 0. 0. 0. 0. 0. 0. 0. 0. 0. 0. 0.\n 0. 0. 0.]",
          "[0. 0. 0. 0. 0. 0. 0. 0. 0. 0. 0. 0. 0. 0. 0. 0. 0. 0. 0. 0. 0. 0. 0. 0.\n 0. 0. 0. 0. 0. 0. 0. 0. 0. 0. 0. 0. 0. 0. 0. 0. 0. 0. 0. 0. 0. 0. 0. 0.\n 0. 0. 0.]",
          "[0. 0. 0. 0. 0. 0. 0. 0. 0. 0. 0. 0. 0. 0. 0. 0. 0. 0. 0. 0. 0. 0. 0. 0.\n 0. 0. 0. 0. 0. 0. 0. 0. 0. 0. 0. 0. 0. 0. 0. 0. 0. 0. 0. 0. 0. 0. 0. 0.\n 0. 0. 0.]"
        ],
        "Aggregate": [
          "[0. 0. 0. 0. 0. 0. 0. 0. 0. 0. 0. 0. 0. 0. 0. 0. 0. 0. 0. 0. 0. 0. 0. 0.\n 0. 0. 0. 0. 0. 0. 0. 0. 0. 0. 0. 0. 0. 0. 0. 0. 0. 0. 0. 0. 0. 0. 0. 0.\n 0. 0. 0.]",
          "[0. 0. 0. 0. 0. 0. 0. 0. 0. 0. 0. 0. 0. 0. 0. 0. 0. 0. 0. 0. 0. 0. 0. 0.\n 0. 0. 0. 0. 0. 0. 0. 0. 0. 0. 0. 0. 0. 0. 0. 0. 0. 0. 0. 0. 0. 0. 0. 0.\n 0. 0. 0.]",
          "[0. 0. 0. 0. 0. 0. 0. 0. 0. 0. 0. 0. 0. 0. 0. 0. 0. 0. 0. 0. 0. 0. 0. 0.\n 0. 0. 0. 0. 0. 0. 0. 0. 0. 0. 0. 0. 0. 0. 0. 0. 0. 0. 0. 0. 0. 0. 0. 0.\n 0. 0. 0.]",
          "[0. 0. 0. 0. 0. 0. 0. 0. 0. 0. 0. 0. 0. 0. 0. 0. 0. 0. 0. 0. 0. 0. 0. 0.\n 0. 0. 0. 0. 0. 0. 0. 0. 0. 0. 0. 0. 0. 0. 0. 0. 0. 0. 0. 0. 0. 0. 0. 0.\n 0. 0. 0.]",
          "[0. 0. 0. 0. 0. 0. 0. 0. 0. 0. 0. 0. 0. 0. 0. 0. 0. 0. 0. 0. 0. 0. 0. 0.\n 0. 0. 0. 0. 0. 0. 0. 0. 0. 0. 0. 0. 0. 0. 0. 0. 0. 0. 0. 0. 0. 0. 0. 0.\n 0. 0. 0.]",
          "[0. 0. 0. 0. 0. 0. 0. 0. 0. 0. 0. 0. 0. 0. 0. 0. 0. 0. 0. 0. 0. 0. 0. 0.\n 0. 0. 0. 0. 0. 0. 0. 0. 0. 0. 0. 0. 0. 0. 0. 0. 0. 0. 0. 0. 0. 0. 0. 0.\n 0. 0. 0.]"
        ]
      }
    }
  },
  {
    "query": "with ss_items as\n (select i_item_id item_id\n        ,sum(ss_ext_sales_price) ss_item_rev \n from store_sales\n     ,item\n     ,date_dim\n where ss_item_sk = i_item_sk\n   and d_date in (select d_date\n                  from date_dim\n                  where d_week_seq = (select d_week_seq \n                                      from date_dim\n                                      where d_date = '2000-05-19'))\n   and ss_sold_date_sk   = d_date_sk\n group by i_item_id),\n cs_items as\n (select i_item_id item_id\n        ,sum(cs_ext_sales_price) cs_item_rev\n  from catalog_sales\n      ,item\n      ,date_dim\n where cs_item_sk = i_item_sk\n  and  d_date in (select d_date\n                  from date_dim\n                  where d_week_seq = (select d_week_seq \n                                      from date_dim\n                                      where d_date = '2000-05-19'))\n  and  cs_sold_date_sk = d_date_sk\n group by i_item_id),\n ws_items as\n (select i_item_id item_id\n        ,sum(ws_ext_sales_price) ws_item_rev\n  from web_sales\n      ,item\n      ,date_dim\n where ws_item_sk = i_item_sk\n  and  d_date in (select d_date\n                  from date_dim\n                  where d_week_seq =(select d_week_seq \n                                     from date_dim\n                                     where d_date = '2000-05-19'))\n  and ws_sold_date_sk   = d_date_sk\n group by i_item_id)\n  select  ss_items.item_id\n       ,ss_item_rev\n       ,ss_item_rev/((ss_item_rev+cs_item_rev+ws_item_rev)/3) * 100 ss_dev\n       ,cs_item_rev\n       ,cs_item_rev/((ss_item_rev+cs_item_rev+ws_item_rev)/3) * 100 cs_dev\n       ,ws_item_rev\n       ,ws_item_rev/((ss_item_rev+cs_item_rev+ws_item_rev)/3) * 100 ws_dev\n       ,(ss_item_rev+cs_item_rev+ws_item_rev)/3 average\n from ss_items,cs_items,ws_items\n where ss_items.item_id=cs_items.item_id\n   and ss_items.item_id=ws_items.item_id \n   and ss_item_rev between 0.9 * cs_item_rev and 1.1 * cs_item_rev\n   and ss_item_rev between 0.9 * ws_item_rev and 1.1 * ws_item_rev\n   and cs_item_rev between 0.9 * ss_item_rev and 1.1 * ss_item_rev\n   and cs_item_rev between 0.9 * ws_item_rev and 1.1 * ws_item_rev\n   and ws_item_rev between 0.9 * ss_item_rev and 1.1 * ss_item_rev\n   and ws_item_rev between 0.9 * cs_item_rev and 1.1 * cs_item_rev\n order by item_id\n         ,ss_item_rev\n limit 100;\n\n-- end query 42 in stream 2 using template query58.tpl\n",
    "indexes": "catalog_sales.cs_sold_date_sk",
    "wo plan est": {
      "Node Type": "Limit",
      "Parallel Aware": false,
      "Async Capable": false,
      "Startup Cost": 1412339.33,
      "Total Cost": 1412339.33,
      "Plan Rows": 1,
      "Plan Width": 241,
      "Plans": [
        {
          "Node Type": "Sort",
          "Parent Relationship": "Outer",
          "Parallel Aware": false,
          "Async Capable": false,
          "Startup Cost": 1412339.33,
          "Total Cost": 1412339.33,
          "Plan Rows": 1,
          "Plan Width": 241,
          "Sort Key": [
            "item.i_item_id",
            "(sum(store_sales.ss_ext_sales_price))"
          ],
          "Plans": [
            {
              "Node Type": "Merge Join",
              "Parent Relationship": "Outer",
              "Parallel Aware": false,
              "Async Capable": false,
              "Join Type": "Inner",
              "Startup Cost": 1411497.09,
              "Total Cost": 1412339.32,
              "Plan Rows": 1,
              "Plan Width": 241,
              "Inner Unique": false,
              "Merge Cond": "(item.i_item_id = item_2.i_item_id)",
              "Join Filter": "(((sum(store_sales.ss_ext_sales_price)) >= (0.9 * (sum(catalog_sales.cs_ext_sales_price)))) AND ((sum(store_sales.ss_ext_sales_price)) <= (1.1 * (sum(catalog_sales.cs_ext_sales_price)))) AND ((sum(catalog_sales.cs_ext_sales_price)) >= (0.9 * (sum(store_sales.ss_ext_sales_price)))) AND ((sum(catalog_sales.cs_ext_sales_price)) <= (1.1 * (sum(store_sales.ss_ext_sales_price)))) AND ((sum(store_sales.ss_ext_sales_price)) >= (0.9 * (sum(web_sales.ws_ext_sales_price)))) AND ((sum(store_sales.ss_ext_sales_price)) <= (1.1 * (sum(web_sales.ws_ext_sales_price)))) AND ((sum(web_sales.ws_ext_sales_price)) >= (0.9 * (sum(store_sales.ss_ext_sales_price)))) AND ((sum(web_sales.ws_ext_sales_price)) <= (1.1 * (sum(store_sales.ss_ext_sales_price)))))",
              "Plans": [
                {
                  "Node Type": "Aggregate",
                  "Strategy": "Sorted",
                  "Partial Mode": "Finalize",
                  "Parent Relationship": "Outer",
                  "Parallel Aware": false,
                  "Async Capable": false,
                  "Startup Cost": 696753.06,
                  "Total Cost": 697077.89,
                  "Plan Rows": 2634,
                  "Plan Width": 49,
                  "Group Key": [
                    "item.i_item_id"
                  ],
                  "Plans": [
                    {
                      "Node Type": "Seq Scan",
                      "Parent Relationship": "InitPlan",
                      "Subplan Name": "InitPlan 1 (returns $0)",
                      "Parallel Aware": false,
                      "Async Capable": false,
                      "Relation Name": "date_dim",
                      "Alias": "date_dim_6",
                      "Startup Cost": 0.0,
                      "Total Cost": 2318.11,
                      "Plan Rows": 1,
                      "Plan Width": 4,
                      "Filter": "(d_date = '2000-05-19'::date)",
                      "parent": 3,
                      "ID": 4
                    },
                    {
                      "Node Type": "Gather Merge",
                      "Parent Relationship": "Outer",
                      "Parallel Aware": false,
                      "Async Capable": false,
                      "Startup Cost": 694434.95,
                      "Total Cost": 694710.38,
                      "Plan Rows": 2196,
                      "Plan Width": 49,
                      "Workers Planned": 2,
                      "Params Evaluated": [
                        "$0"
                      ],
                      "Plans": [
                        {
                          "Node Type": "Aggregate",
                          "Strategy": "Sorted",
                          "Partial Mode": "Partial",
                          "Parent Relationship": "Outer",
                          "Parallel Aware": false,
                          "Async Capable": false,
                          "Startup Cost": 693434.92,
                          "Total Cost": 693456.88,
                          "Plan Rows": 1098,
                          "Plan Width": 49,
                          "Group Key": [
                            "item.i_item_id"
                          ],
                          "Plans": [
                            {
                              "Node Type": "Sort",
                              "Parent Relationship": "Outer",
                              "Parallel Aware": false,
                              "Async Capable": false,
                              "Startup Cost": 693434.92,
                              "Total Cost": 693437.67,
                              "Plan Rows": 1098,
                              "Plan Width": 23,
                              "Sort Key": [
                                "item.i_item_id"
                              ],
                              "Plans": [
                                {
                                  "Node Type": "Hash Join",
                                  "Parent Relationship": "Outer",
                                  "Parallel Aware": true,
                                  "Async Capable": false,
                                  "Join Type": "Inner",
                                  "Startup Cost": 685826.52,
                                  "Total Cost": 693379.47,
                                  "Plan Rows": 1098,
                                  "Plan Width": 23,
                                  "Inner Unique": false,
                                  "Hash Cond": "(item.i_item_sk = store_sales.ss_item_sk)",
                                  "Plans": [
                                    {
                                      "Node Type": "Seq Scan",
                                      "Parent Relationship": "Outer",
                                      "Parallel Aware": true,
                                      "Async Capable": false,
                                      "Relation Name": "item",
                                      "Alias": "item",
                                      "Startup Cost": 0.0,
                                      "Total Cost": 7389.0,
                                      "Plan Rows": 42500,
                                      "Plan Width": 21,
                                      "parent": 8,
                                      "ID": 9
                                    },
                                    {
                                      "Node Type": "Hash",
                                      "Parent Relationship": "Inner",
                                      "Parallel Aware": true,
                                      "Async Capable": false,
                                      "Startup Cost": 685812.79,
                                      "Total Cost": 685812.79,
                                      "Plan Rows": 1098,
                                      "Plan Width": 10,
                                      "Plans": [
                                        {
                                          "Node Type": "Hash Join",
                                          "Parent Relationship": "Outer",
                                          "Parallel Aware": true,
                                          "Async Capable": false,
                                          "Join Type": "Inner",
                                          "Startup Cost": 3889.77,
                                          "Total Cost": 685812.79,
                                          "Plan Rows": 1098,
                                          "Plan Width": 10,
                                          "Inner Unique": false,
                                          "Hash Cond": "(store_sales.ss_sold_date_sk = date_dim.d_date_sk)",
                                          "Plans": [
                                            {
                                              "Node Type": "Seq Scan",
                                              "Parent Relationship": "Outer",
                                              "Parallel Aware": true,
                                              "Async Capable": false,
                                              "Relation Name": "store_sales",
                                              "Alias": "store_sales",
                                              "Startup Cost": 0.0,
                                              "Total Cost": 636914.37,
                                              "Plan Rows": 12000637,
                                              "Plan Width": 14,
                                              "parent": 11,
                                              "ID": 12
                                            },
                                            {
                                              "Node Type": "Hash",
                                              "Parent Relationship": "Inner",
                                              "Parallel Aware": true,
                                              "Async Capable": false,
                                              "Startup Cost": 3889.72,
                                              "Total Cost": 3889.72,
                                              "Plan Rows": 4,
                                              "Plan Width": 4,
                                              "Plans": [
                                                {
                                                  "Node Type": "Hash Join",
                                                  "Parent Relationship": "Outer",
                                                  "Parallel Aware": true,
                                                  "Async Capable": false,
                                                  "Join Type": "Semi",
                                                  "Startup Cost": 1942.17,
                                                  "Total Cost": 3889.72,
                                                  "Plan Rows": 4,
                                                  "Plan Width": 4,
                                                  "Inner Unique": false,
                                                  "Hash Cond": "(date_dim.d_date = date_dim_1.d_date)",
                                                  "Plans": [
                                                    {
                                                      "Node Type": "Seq Scan",
                                                      "Parent Relationship": "Outer",
                                                      "Parallel Aware": true,
                                                      "Async Capable": false,
                                                      "Relation Name": "date_dim",
                                                      "Alias": "date_dim",
                                                      "Startup Cost": 0.0,
                                                      "Total Cost": 1834.7,
                                                      "Plan Rows": 42970,
                                                      "Plan Width": 8,
                                                      "parent": 14,
                                                      "ID": 15
                                                    },
                                                    {
                                                      "Node Type": "Hash",
                                                      "Parent Relationship": "Inner",
                                                      "Parallel Aware": true,
                                                      "Async Capable": false,
                                                      "Startup Cost": 1942.12,
                                                      "Total Cost": 1942.12,
                                                      "Plan Rows": 4,
                                                      "Plan Width": 4,
                                                      "Plans": [
                                                        {
                                                          "Node Type": "Seq Scan",
                                                          "Parent Relationship": "Outer",
                                                          "Parallel Aware": true,
                                                          "Async Capable": false,
                                                          "Relation Name": "date_dim",
                                                          "Alias": "date_dim_1",
                                                          "Startup Cost": 0.0,
                                                          "Total Cost": 1942.12,
                                                          "Plan Rows": 4,
                                                          "Plan Width": 4,
                                                          "Filter": "(d_week_seq = $0)",
                                                          "parent": 16,
                                                          "ID": 17
                                                        }
                                                      ],
                                                      "parent": 14,
                                                      "ID": 16,
                                                      "left": 17
                                                    }
                                                  ],
                                                  "parent": 13,
                                                  "ID": 14,
                                                  "left": 15,
                                                  "right": 16
                                                }
                                              ],
                                              "parent": 11,
                                              "ID": 13,
                                              "left": 14
                                            }
                                          ],
                                          "parent": 10,
                                          "ID": 11,
                                          "left": 12,
                                          "right": 13
                                        }
                                      ],
                                      "parent": 8,
                                      "ID": 10,
                                      "left": 11
                                    }
                                  ],
                                  "parent": 7,
                                  "ID": 8,
                                  "left": 9,
                                  "right": 10
                                }
                              ],
                              "parent": 6,
                              "ID": 7,
                              "left": 8
                            }
                          ],
                          "parent": 5,
                          "ID": 6,
                          "left": 7
                        }
                      ],
                      "parent": 3,
                      "ID": 5,
                      "left": 6
                    }
                  ],
                  "parent": 2,
                  "ID": 3,
                  "left": 4,
                  "right": 5
                },
                {
                  "Node Type": "Materialize",
                  "Parent Relationship": "Inner",
                  "Parallel Aware": false,
                  "Async Capable": false,
                  "Startup Cost": 714744.03,
                  "Total Cost": 715186.59,
                  "Plan Rows": 58,
                  "Plan Width": 98,
                  "Plans": [
                    {
                      "Node Type": "Merge Join",
                      "Parent Relationship": "Outer",
                      "Parallel Aware": false,
                      "Async Capable": false,
                      "Join Type": "Inner",
                      "Startup Cost": 714744.03,
                      "Total Cost": 715186.44,
                      "Plan Rows": 58,
                      "Plan Width": 98,
                      "Inner Unique": true,
                      "Merge Cond": "(item_1.i_item_id = item_2.i_item_id)",
                      "Join Filter": "(((sum(catalog_sales.cs_ext_sales_price)) >= (0.9 * (sum(web_sales.ws_ext_sales_price)))) AND ((sum(catalog_sales.cs_ext_sales_price)) <= (1.1 * (sum(web_sales.ws_ext_sales_price)))) AND ((sum(web_sales.ws_ext_sales_price)) >= (0.9 * (sum(catalog_sales.cs_ext_sales_price)))) AND ((sum(web_sales.ws_ext_sales_price)) <= (1.1 * (sum(catalog_sales.cs_ext_sales_price)))))",
                      "Plans": [
                        {
                          "Node Type": "Aggregate",
                          "Strategy": "Sorted",
                          "Partial Mode": "Finalize",
                          "Parent Relationship": "Outer",
                          "Parallel Aware": false,
                          "Async Capable": false,
                          "Startup Cost": 243758.54,
                          "Total Cost": 243843.73,
                          "Plan Rows": 690,
                          "Plan Width": 49,
                          "Group Key": [
                            "item_1.i_item_id"
                          ],
                          "Plans": [
                            {
                              "Node Type": "Seq Scan",
                              "Parent Relationship": "InitPlan",
                              "Subplan Name": "InitPlan 3 (returns $2)",
                              "Parallel Aware": false,
                              "Async Capable": false,
                              "Relation Name": "date_dim",
                              "Alias": "date_dim_8",
                              "Startup Cost": 0.0,
                              "Total Cost": 2318.11,
                              "Plan Rows": 1,
                              "Plan Width": 4,
                              "Filter": "(d_date = '2000-05-19'::date)",
                              "parent": 20,
                              "ID": 21
                            },
                            {
                              "Node Type": "Gather Merge",
                              "Parent Relationship": "Outer",
                              "Parallel Aware": false,
                              "Async Capable": false,
                              "Startup Cost": 241440.43,
                              "Total Cost": 241512.67,
                              "Plan Rows": 576,
                              "Plan Width": 49,
                              "Workers Planned": 2,
                              "Params Evaluated": [
                                "$2"
                              ],
                              "Plans": [
                                {
                                  "Node Type": "Aggregate",
                                  "Strategy": "Sorted",
                                  "Partial Mode": "Partial",
                                  "Parent Relationship": "Outer",
                                  "Parallel Aware": false,
                                  "Async Capable": false,
                                  "Startup Cost": 240440.4,
                                  "Total Cost": 240446.16,
                                  "Plan Rows": 288,
                                  "Plan Width": 49,
                                  "Group Key": [
                                    "item_1.i_item_id"
                                  ],
                                  "Plans": [
                                    {
                                      "Node Type": "Sort",
                                      "Parent Relationship": "Outer",
                                      "Parallel Aware": false,
                                      "Async Capable": false,
                                      "Startup Cost": 240440.4,
                                      "Total Cost": 240441.12,
                                      "Plan Rows": 288,
                                      "Plan Width": 23,
                                      "Sort Key": [
                                        "item_1.i_item_id"
                                      ],
                                      "Plans": [
                                        {
                                          "Node Type": "Hash Join",
                                          "Parent Relationship": "Outer",
                                          "Parallel Aware": true,
                                          "Async Capable": false,
                                          "Join Type": "Inner",
                                          "Startup Cost": 232879.06,
                                          "Total Cost": 240428.64,
                                          "Plan Rows": 288,
                                          "Plan Width": 23,
                                          "Inner Unique": false,
                                          "Hash Cond": "(item_1.i_item_sk = web_sales.ws_item_sk)",
                                          "Plans": [
                                            {
                                              "Node Type": "Seq Scan",
                                              "Parent Relationship": "Outer",
                                              "Parallel Aware": true,
                                              "Async Capable": false,
                                              "Relation Name": "item",
                                              "Alias": "item_1",
                                              "Startup Cost": 0.0,
                                              "Total Cost": 7389.0,
                                              "Plan Rows": 42500,
                                              "Plan Width": 21,
                                              "parent": 25,
                                              "ID": 26
                                            },
                                            {
                                              "Node Type": "Hash",
                                              "Parent Relationship": "Inner",
                                              "Parallel Aware": true,
                                              "Async Capable": false,
                                              "Startup Cost": 232875.46,
                                              "Total Cost": 232875.46,
                                              "Plan Rows": 288,
                                              "Plan Width": 10,
                                              "Plans": [
                                                {
                                                  "Node Type": "Hash Join",
                                                  "Parent Relationship": "Outer",
                                                  "Parallel Aware": true,
                                                  "Async Capable": false,
                                                  "Join Type": "Inner",
                                                  "Startup Cost": 3889.77,
                                                  "Total Cost": 232875.46,
                                                  "Plan Rows": 288,
                                                  "Plan Width": 10,
                                                  "Inner Unique": false,
                                                  "Hash Cond": "(web_sales.ws_sold_date_sk = date_dim_2.d_date_sk)",
                                                  "Plans": [
                                                    {
                                                      "Node Type": "Seq Scan",
                                                      "Parent Relationship": "Outer",
                                                      "Parallel Aware": true,
                                                      "Async Capable": false,
                                                      "Relation Name": "web_sales",
                                                      "Alias": "web_sales",
                                                      "Startup Cost": 0.0,
                                                      "Total Cost": 217737.86,
                                                      "Plan Rows": 2998986,
                                                      "Plan Width": 14,
                                                      "parent": 28,
                                                      "ID": 29
                                                    },
                                                    {
                                                      "Node Type": "Hash",
                                                      "Parent Relationship": "Inner",
                                                      "Parallel Aware": true,
                                                      "Async Capable": false,
                                                      "Startup Cost": 3889.72,
                                                      "Total Cost": 3889.72,
                                                      "Plan Rows": 4,
                                                      "Plan Width": 4,
                                                      "Plans": [
                                                        {
                                                          "Node Type": "Hash Join",
                                                          "Parent Relationship": "Outer",
                                                          "Parallel Aware": true,
                                                          "Async Capable": false,
                                                          "Join Type": "Semi",
                                                          "Startup Cost": 1942.17,
                                                          "Total Cost": 3889.72,
                                                          "Plan Rows": 4,
                                                          "Plan Width": 4,
                                                          "Inner Unique": false,
                                                          "Hash Cond": "(date_dim_2.d_date = date_dim_3.d_date)",
                                                          "Plans": [
                                                            {
                                                              "Node Type": "Seq Scan",
                                                              "Parent Relationship": "Outer",
                                                              "Parallel Aware": true,
                                                              "Async Capable": false,
                                                              "Relation Name": "date_dim",
                                                              "Alias": "date_dim_2",
                                                              "Startup Cost": 0.0,
                                                              "Total Cost": 1834.7,
                                                              "Plan Rows": 42970,
                                                              "Plan Width": 8,
                                                              "parent": 31,
                                                              "ID": 32
                                                            },
                                                            {
                                                              "Node Type": "Hash",
                                                              "Parent Relationship": "Inner",
                                                              "Parallel Aware": true,
                                                              "Async Capable": false,
                                                              "Startup Cost": 1942.12,
                                                              "Total Cost": 1942.12,
                                                              "Plan Rows": 4,
                                                              "Plan Width": 4,
                                                              "Plans": [
                                                                {
                                                                  "Node Type": "Seq Scan",
                                                                  "Parent Relationship": "Outer",
                                                                  "Parallel Aware": true,
                                                                  "Async Capable": false,
                                                                  "Relation Name": "date_dim",
                                                                  "Alias": "date_dim_3",
                                                                  "Startup Cost": 0.0,
                                                                  "Total Cost": 1942.12,
                                                                  "Plan Rows": 4,
                                                                  "Plan Width": 4,
                                                                  "Filter": "(d_week_seq = $2)",
                                                                  "parent": 33,
                                                                  "ID": 34
                                                                }
                                                              ],
                                                              "parent": 31,
                                                              "ID": 33,
                                                              "left": 34
                                                            }
                                                          ],
                                                          "parent": 30,
                                                          "ID": 31,
                                                          "left": 32,
                                                          "right": 33
                                                        }
                                                      ],
                                                      "parent": 28,
                                                      "ID": 30,
                                                      "left": 31
                                                    }
                                                  ],
                                                  "parent": 27,
                                                  "ID": 28,
                                                  "left": 29,
                                                  "right": 30
                                                }
                                              ],
                                              "parent": 25,
                                              "ID": 27,
                                              "left": 28
                                            }
                                          ],
                                          "parent": 24,
                                          "ID": 25,
                                          "left": 26,
                                          "right": 27
                                        }
                                      ],
                                      "parent": 23,
                                      "ID": 24,
                                      "left": 25
                                    }
                                  ],
                                  "parent": 22,
                                  "ID": 23,
                                  "left": 24
                                }
                              ],
                              "parent": 20,
                              "ID": 22,
                              "left": 23
                            }
                          ],
                          "parent": 19,
                          "ID": 20,
                          "left": 21,
                          "right": 22
                        },
                        {
                          "Node Type": "Materialize",
                          "Parent Relationship": "Inner",
                          "Parallel Aware": false,
                          "Async Capable": false,
                          "Startup Cost": 470985.5,
                          "Total Cost": 471171.86,
                          "Plan Rows": 1372,
                          "Plan Width": 49,
                          "Plans": [
                            {
                              "Node Type": "Aggregate",
                              "Strategy": "Sorted",
                              "Partial Mode": "Finalize",
                              "Parent Relationship": "Outer",
                              "Parallel Aware": false,
                              "Async Capable": false,
                              "Startup Cost": 470985.5,
                              "Total Cost": 471154.71,
                              "Plan Rows": 1372,
                              "Plan Width": 49,
                              "Group Key": [
                                "item_2.i_item_id"
                              ],
                              "Plans": [
                                {
                                  "Node Type": "Seq Scan",
                                  "Parent Relationship": "InitPlan",
                                  "Subplan Name": "InitPlan 2 (returns $1)",
                                  "Parallel Aware": false,
                                  "Async Capable": false,
                                  "Relation Name": "date_dim",
                                  "Alias": "date_dim_7",
                                  "Startup Cost": 0.0,
                                  "Total Cost": 2318.11,
                                  "Plan Rows": 1,
                                  "Plan Width": 4,
                                  "Filter": "(d_date = '2000-05-19'::date)",
                                  "parent": 36,
                                  "ID": 37
                                },
                                {
                                  "Node Type": "Gather Merge",
                                  "Parent Relationship": "Outer",
                                  "Parallel Aware": false,
                                  "Async Capable": false,
                                  "Startup Cost": 468667.38,
                                  "Total Cost": 468810.87,
                                  "Plan Rows": 1144,
                                  "Plan Width": 49,
                                  "Workers Planned": 2,
                                  "Params Evaluated": [
                                    "$1"
                                  ],
                                  "Plans": [
                                    {
                                      "Node Type": "Aggregate",
                                      "Strategy": "Sorted",
                                      "Partial Mode": "Partial",
                                      "Parent Relationship": "Outer",
                                      "Parallel Aware": false,
                                      "Async Capable": false,
                                      "Startup Cost": 467667.36,
                                      "Total Cost": 467678.8,
                                      "Plan Rows": 572,
                                      "Plan Width": 49,
                                      "Group Key": [
                                        "item_2.i_item_id"
                                      ],
                                      "Plans": [
                                        {
                                          "Node Type": "Sort",
                                          "Parent Relationship": "Outer",
                                          "Parallel Aware": false,
                                          "Async Capable": false,
                                          "Startup Cost": 467667.36,
                                          "Total Cost": 467668.79,
                                          "Plan Rows": 572,
                                          "Plan Width": 23,
                                          "Sort Key": [
                                            "item_2.i_item_id"
                                          ],
                                          "Plans": [
                                            {
                                              "Node Type": "Hash Join",
                                              "Parent Relationship": "Outer",
                                              "Parallel Aware": true,
                                              "Async Capable": false,
                                              "Join Type": "Inner",
                                              "Startup Cost": 460090.41,
                                              "Total Cost": 467641.16,
                                              "Plan Rows": 572,
                                              "Plan Width": 23,
                                              "Inner Unique": false,
                                              "Hash Cond": "(item_2.i_item_sk = catalog_sales.cs_item_sk)",
                                              "Plans": [
                                                {
                                                  "Node Type": "Seq Scan",
                                                  "Parent Relationship": "Outer",
                                                  "Parallel Aware": true,
                                                  "Async Capable": false,
                                                  "Relation Name": "item",
                                                  "Alias": "item_2",
                                                  "Startup Cost": 0.0,
                                                  "Total Cost": 7389.0,
                                                  "Plan Rows": 42500,
                                                  "Plan Width": 21,
                                                  "parent": 41,
                                                  "ID": 42
                                                },
                                                {
                                                  "Node Type": "Hash",
                                                  "Parent Relationship": "Inner",
                                                  "Parallel Aware": true,
                                                  "Async Capable": false,
                                                  "Startup Cost": 460083.26,
                                                  "Total Cost": 460083.26,
                                                  "Plan Rows": 572,
                                                  "Plan Width": 10,
                                                  "Plans": [
                                                    {
                                                      "Node Type": "Hash Join",
                                                      "Parent Relationship": "Outer",
                                                      "Parallel Aware": true,
                                                      "Async Capable": false,
                                                      "Join Type": "Inner",
                                                      "Startup Cost": 3889.77,
                                                      "Total Cost": 460083.26,
                                                      "Plan Rows": 572,
                                                      "Plan Width": 10,
                                                      "Inner Unique": false,
                                                      "Hash Cond": "(catalog_sales.cs_sold_date_sk = date_dim_4.d_date_sk)",
                                                      "Plans": [
                                                        {
                                                          "Node Type": "Seq Scan",
                                                          "Parent Relationship": "Outer",
                                                          "Parallel Aware": true,
                                                          "Async Capable": false,
                                                          "Relation Name": "catalog_sales",
                                                          "Alias": "catalog_sales",
                                                          "Startup Cost": 0.0,
                                                          "Total Cost": 433688.25,
                                                          "Plan Rows": 6000525,
                                                          "Plan Width": 14,
                                                          "parent": 44,
                                                          "ID": 45
                                                        },
                                                        {
                                                          "Node Type": "Hash",
                                                          "Parent Relationship": "Inner",
                                                          "Parallel Aware": true,
                                                          "Async Capable": false,
                                                          "Startup Cost": 3889.72,
                                                          "Total Cost": 3889.72,
                                                          "Plan Rows": 4,
                                                          "Plan Width": 4,
                                                          "Plans": [
                                                            {
                                                              "Node Type": "Hash Join",
                                                              "Parent Relationship": "Outer",
                                                              "Parallel Aware": true,
                                                              "Async Capable": false,
                                                              "Join Type": "Semi",
                                                              "Startup Cost": 1942.17,
                                                              "Total Cost": 3889.72,
                                                              "Plan Rows": 4,
                                                              "Plan Width": 4,
                                                              "Inner Unique": false,
                                                              "Hash Cond": "(date_dim_4.d_date = date_dim_5.d_date)",
                                                              "Plans": [
                                                                {
                                                                  "Node Type": "Seq Scan",
                                                                  "Parent Relationship": "Outer",
                                                                  "Parallel Aware": true,
                                                                  "Async Capable": false,
                                                                  "Relation Name": "date_dim",
                                                                  "Alias": "date_dim_4",
                                                                  "Startup Cost": 0.0,
                                                                  "Total Cost": 1834.7,
                                                                  "Plan Rows": 42970,
                                                                  "Plan Width": 8,
                                                                  "parent": 47,
                                                                  "ID": 48
                                                                },
                                                                {
                                                                  "Node Type": "Hash",
                                                                  "Parent Relationship": "Inner",
                                                                  "Parallel Aware": true,
                                                                  "Async Capable": false,
                                                                  "Startup Cost": 1942.12,
                                                                  "Total Cost": 1942.12,
                                                                  "Plan Rows": 4,
                                                                  "Plan Width": 4,
                                                                  "Plans": [
                                                                    {
                                                                      "Node Type": "Seq Scan",
                                                                      "Parent Relationship": "Outer",
                                                                      "Parallel Aware": true,
                                                                      "Async Capable": false,
                                                                      "Relation Name": "date_dim",
                                                                      "Alias": "date_dim_5",
                                                                      "Startup Cost": 0.0,
                                                                      "Total Cost": 1942.12,
                                                                      "Plan Rows": 4,
                                                                      "Plan Width": 4,
                                                                      "Filter": "(d_week_seq = $1)",
                                                                      "parent": 49,
                                                                      "ID": 50
                                                                    }
                                                                  ],
                                                                  "parent": 47,
                                                                  "ID": 49,
                                                                  "left": 50
                                                                }
                                                              ],
                                                              "parent": 46,
                                                              "ID": 47,
                                                              "left": 48,
                                                              "right": 49
                                                            }
                                                          ],
                                                          "parent": 44,
                                                          "ID": 46,
                                                          "left": 47
                                                        }
                                                      ],
                                                      "parent": 43,
                                                      "ID": 44,
                                                      "left": 45,
                                                      "right": 46
                                                    }
                                                  ],
                                                  "parent": 41,
                                                  "ID": 43,
                                                  "left": 44
                                                }
                                              ],
                                              "parent": 40,
                                              "ID": 41,
                                              "left": 42,
                                              "right": 43
                                            }
                                          ],
                                          "parent": 39,
                                          "ID": 40,
                                          "left": 41
                                        }
                                      ],
                                      "parent": 38,
                                      "ID": 39,
                                      "left": 40
                                    }
                                  ],
                                  "parent": 36,
                                  "ID": 38,
                                  "left": 39
                                }
                              ],
                              "parent": 35,
                              "ID": 36,
                              "left": 37,
                              "right": 38
                            }
                          ],
                          "parent": 19,
                          "ID": 35,
                          "left": 36
                        }
                      ],
                      "parent": 18,
                      "ID": 19,
                      "left": 20,
                      "right": 35
                    }
                  ],
                  "parent": 2,
                  "ID": 18,
                  "left": 19
                }
              ],
              "parent": 1,
              "ID": 2,
              "left": 3,
              "right": 18
            }
          ],
          "parent": 0,
          "ID": 1,
          "left": 2
        }
      ],
      "parent": null,
      "ID": 0,
      "left": 1
    },
    "feat": {
      "utility": 0.001368395725712869,
      "query_shape": [
        [
          "Seq Scan",
          "Aggregate",
          "Merge Join",
          "Sort"
        ],
        [
          "Seq Scan",
          "Hash Join",
          "Sort",
          "Aggregate",
          "Gather Merge",
          "Merge Join"
        ],
        [
          "Seq Scan",
          "Hash Join",
          "Hash",
          "Sort",
          "Aggregate",
          "Gather Merge",
          "Merge Join"
        ],
        [
          "Seq Scan",
          "Hash Join",
          "Hash",
          "Sort",
          "Aggregate",
          "Gather Merge",
          "Merge Join"
        ],
        [
          "Seq Scan",
          "Hash",
          "Hash Join",
          "Sort",
          "Aggregate",
          "Gather Merge",
          "Merge Join"
        ],
        [
          "Seq Scan",
          "Aggregate",
          "Merge Join",
          "Materialize",
          "Sort"
        ],
        [
          "Seq Scan",
          "Hash Join",
          "Sort",
          "Aggregate",
          "Gather Merge",
          "Merge Join",
          "Materialize"
        ],
        [
          "Seq Scan",
          "Hash Join",
          "Hash",
          "Sort",
          "Aggregate",
          "Gather Merge",
          "Merge Join",
          "Materialize"
        ],
        [
          "Seq Scan",
          "Hash Join",
          "Hash",
          "Sort",
          "Aggregate",
          "Gather Merge",
          "Merge Join",
          "Materialize"
        ],
        [
          "Seq Scan",
          "Hash",
          "Hash Join",
          "Sort",
          "Aggregate",
          "Gather Merge",
          "Merge Join",
          "Materialize"
        ],
        [
          "Seq Scan",
          "Aggregate",
          "Materialize",
          "Merge Join",
          "Sort"
        ],
        [
          "Seq Scan",
          "Hash Join",
          "Sort",
          "Aggregate",
          "Gather Merge",
          "Materialize",
          "Merge Join"
        ],
        [
          "Seq Scan",
          "Hash Join",
          "Hash",
          "Sort",
          "Aggregate",
          "Gather Merge",
          "Materialize",
          "Merge Join"
        ],
        [
          "Seq Scan",
          "Hash Join",
          "Hash",
          "Sort",
          "Aggregate",
          "Gather Merge",
          "Materialize",
          "Merge Join"
        ],
        [
          "Seq Scan",
          "Hash",
          "Hash Join",
          "Sort",
          "Aggregate",
          "Gather Merge",
          "Materialize",
          "Merge Join"
        ]
      ],
      "index_shape": [
        "join"
      ],
      "physical_operator": {
        "Hash Join": [
          0.0048817259344543975
        ]
      }
    }
  },
  {
    "query": "with ss_items as\n (select i_item_id item_id\n        ,sum(ss_ext_sales_price) ss_item_rev \n from store_sales\n     ,item\n     ,date_dim\n where ss_item_sk = i_item_sk\n   and d_date in (select d_date\n                  from date_dim\n                  where d_week_seq = (select d_week_seq \n                                      from date_dim\n                                      where d_date = '2000-05-19'))\n   and ss_sold_date_sk   = d_date_sk\n group by i_item_id),\n cs_items as\n (select i_item_id item_id\n        ,sum(cs_ext_sales_price) cs_item_rev\n  from catalog_sales\n      ,item\n      ,date_dim\n where cs_item_sk = i_item_sk\n  and  d_date in (select d_date\n                  from date_dim\n                  where d_week_seq = (select d_week_seq \n                                      from date_dim\n                                      where d_date = '2000-05-19'))\n  and  cs_sold_date_sk = d_date_sk\n group by i_item_id),\n ws_items as\n (select i_item_id item_id\n        ,sum(ws_ext_sales_price) ws_item_rev\n  from web_sales\n      ,item\n      ,date_dim\n where ws_item_sk = i_item_sk\n  and  d_date in (select d_date\n                  from date_dim\n                  where d_week_seq =(select d_week_seq \n                                     from date_dim\n                                     where d_date = '2000-05-19'))\n  and ws_sold_date_sk   = d_date_sk\n group by i_item_id)\n  select  ss_items.item_id\n       ,ss_item_rev\n       ,ss_item_rev/((ss_item_rev+cs_item_rev+ws_item_rev)/3) * 100 ss_dev\n       ,cs_item_rev\n       ,cs_item_rev/((ss_item_rev+cs_item_rev+ws_item_rev)/3) * 100 cs_dev\n       ,ws_item_rev\n       ,ws_item_rev/((ss_item_rev+cs_item_rev+ws_item_rev)/3) * 100 ws_dev\n       ,(ss_item_rev+cs_item_rev+ws_item_rev)/3 average\n from ss_items,cs_items,ws_items\n where ss_items.item_id=cs_items.item_id\n   and ss_items.item_id=ws_items.item_id \n   and ss_item_rev between 0.9 * cs_item_rev and 1.1 * cs_item_rev\n   and ss_item_rev between 0.9 * ws_item_rev and 1.1 * ws_item_rev\n   and cs_item_rev between 0.9 * ss_item_rev and 1.1 * ss_item_rev\n   and cs_item_rev between 0.9 * ws_item_rev and 1.1 * ws_item_rev\n   and ws_item_rev between 0.9 * ss_item_rev and 1.1 * ss_item_rev\n   and ws_item_rev between 0.9 * cs_item_rev and 1.1 * cs_item_rev\n order by item_id\n         ,ss_item_rev\n limit 100;\n\n-- end query 42 in stream 2 using template query58.tpl\n",
    "indexes": "catalog_sales.cs_item_sk",
    "wo plan est": {
      "Node Type": "Limit",
      "Parallel Aware": false,
      "Async Capable": false,
      "Startup Cost": 1412339.33,
      "Total Cost": 1412339.33,
      "Plan Rows": 1,
      "Plan Width": 241,
      "Plans": [
        {
          "Node Type": "Sort",
          "Parent Relationship": "Outer",
          "Parallel Aware": false,
          "Async Capable": false,
          "Startup Cost": 1412339.33,
          "Total Cost": 1412339.33,
          "Plan Rows": 1,
          "Plan Width": 241,
          "Sort Key": [
            "item.i_item_id",
            "(sum(store_sales.ss_ext_sales_price))"
          ],
          "Plans": [
            {
              "Node Type": "Merge Join",
              "Parent Relationship": "Outer",
              "Parallel Aware": false,
              "Async Capable": false,
              "Join Type": "Inner",
              "Startup Cost": 1411497.09,
              "Total Cost": 1412339.32,
              "Plan Rows": 1,
              "Plan Width": 241,
              "Inner Unique": false,
              "Merge Cond": "(item.i_item_id = item_2.i_item_id)",
              "Join Filter": "(((sum(store_sales.ss_ext_sales_price)) >= (0.9 * (sum(catalog_sales.cs_ext_sales_price)))) AND ((sum(store_sales.ss_ext_sales_price)) <= (1.1 * (sum(catalog_sales.cs_ext_sales_price)))) AND ((sum(catalog_sales.cs_ext_sales_price)) >= (0.9 * (sum(store_sales.ss_ext_sales_price)))) AND ((sum(catalog_sales.cs_ext_sales_price)) <= (1.1 * (sum(store_sales.ss_ext_sales_price)))) AND ((sum(store_sales.ss_ext_sales_price)) >= (0.9 * (sum(web_sales.ws_ext_sales_price)))) AND ((sum(store_sales.ss_ext_sales_price)) <= (1.1 * (sum(web_sales.ws_ext_sales_price)))) AND ((sum(web_sales.ws_ext_sales_price)) >= (0.9 * (sum(store_sales.ss_ext_sales_price)))) AND ((sum(web_sales.ws_ext_sales_price)) <= (1.1 * (sum(store_sales.ss_ext_sales_price)))))",
              "Plans": [
                {
                  "Node Type": "Aggregate",
                  "Strategy": "Sorted",
                  "Partial Mode": "Finalize",
                  "Parent Relationship": "Outer",
                  "Parallel Aware": false,
                  "Async Capable": false,
                  "Startup Cost": 696753.06,
                  "Total Cost": 697077.89,
                  "Plan Rows": 2634,
                  "Plan Width": 49,
                  "Group Key": [
                    "item.i_item_id"
                  ],
                  "Plans": [
                    {
                      "Node Type": "Seq Scan",
                      "Parent Relationship": "InitPlan",
                      "Subplan Name": "InitPlan 1 (returns $0)",
                      "Parallel Aware": false,
                      "Async Capable": false,
                      "Relation Name": "date_dim",
                      "Alias": "date_dim_6",
                      "Startup Cost": 0.0,
                      "Total Cost": 2318.11,
                      "Plan Rows": 1,
                      "Plan Width": 4,
                      "Filter": "(d_date = '2000-05-19'::date)",
                      "parent": 3,
                      "ID": 4
                    },
                    {
                      "Node Type": "Gather Merge",
                      "Parent Relationship": "Outer",
                      "Parallel Aware": false,
                      "Async Capable": false,
                      "Startup Cost": 694434.95,
                      "Total Cost": 694710.38,
                      "Plan Rows": 2196,
                      "Plan Width": 49,
                      "Workers Planned": 2,
                      "Params Evaluated": [
                        "$0"
                      ],
                      "Plans": [
                        {
                          "Node Type": "Aggregate",
                          "Strategy": "Sorted",
                          "Partial Mode": "Partial",
                          "Parent Relationship": "Outer",
                          "Parallel Aware": false,
                          "Async Capable": false,
                          "Startup Cost": 693434.92,
                          "Total Cost": 693456.88,
                          "Plan Rows": 1098,
                          "Plan Width": 49,
                          "Group Key": [
                            "item.i_item_id"
                          ],
                          "Plans": [
                            {
                              "Node Type": "Sort",
                              "Parent Relationship": "Outer",
                              "Parallel Aware": false,
                              "Async Capable": false,
                              "Startup Cost": 693434.92,
                              "Total Cost": 693437.67,
                              "Plan Rows": 1098,
                              "Plan Width": 23,
                              "Sort Key": [
                                "item.i_item_id"
                              ],
                              "Plans": [
                                {
                                  "Node Type": "Hash Join",
                                  "Parent Relationship": "Outer",
                                  "Parallel Aware": true,
                                  "Async Capable": false,
                                  "Join Type": "Inner",
                                  "Startup Cost": 685826.52,
                                  "Total Cost": 693379.47,
                                  "Plan Rows": 1098,
                                  "Plan Width": 23,
                                  "Inner Unique": false,
                                  "Hash Cond": "(item.i_item_sk = store_sales.ss_item_sk)",
                                  "Plans": [
                                    {
                                      "Node Type": "Seq Scan",
                                      "Parent Relationship": "Outer",
                                      "Parallel Aware": true,
                                      "Async Capable": false,
                                      "Relation Name": "item",
                                      "Alias": "item",
                                      "Startup Cost": 0.0,
                                      "Total Cost": 7389.0,
                                      "Plan Rows": 42500,
                                      "Plan Width": 21,
                                      "parent": 8,
                                      "ID": 9
                                    },
                                    {
                                      "Node Type": "Hash",
                                      "Parent Relationship": "Inner",
                                      "Parallel Aware": true,
                                      "Async Capable": false,
                                      "Startup Cost": 685812.79,
                                      "Total Cost": 685812.79,
                                      "Plan Rows": 1098,
                                      "Plan Width": 10,
                                      "Plans": [
                                        {
                                          "Node Type": "Hash Join",
                                          "Parent Relationship": "Outer",
                                          "Parallel Aware": true,
                                          "Async Capable": false,
                                          "Join Type": "Inner",
                                          "Startup Cost": 3889.77,
                                          "Total Cost": 685812.79,
                                          "Plan Rows": 1098,
                                          "Plan Width": 10,
                                          "Inner Unique": false,
                                          "Hash Cond": "(store_sales.ss_sold_date_sk = date_dim.d_date_sk)",
                                          "Plans": [
                                            {
                                              "Node Type": "Seq Scan",
                                              "Parent Relationship": "Outer",
                                              "Parallel Aware": true,
                                              "Async Capable": false,
                                              "Relation Name": "store_sales",
                                              "Alias": "store_sales",
                                              "Startup Cost": 0.0,
                                              "Total Cost": 636914.37,
                                              "Plan Rows": 12000637,
                                              "Plan Width": 14,
                                              "parent": 11,
                                              "ID": 12
                                            },
                                            {
                                              "Node Type": "Hash",
                                              "Parent Relationship": "Inner",
                                              "Parallel Aware": true,
                                              "Async Capable": false,
                                              "Startup Cost": 3889.72,
                                              "Total Cost": 3889.72,
                                              "Plan Rows": 4,
                                              "Plan Width": 4,
                                              "Plans": [
                                                {
                                                  "Node Type": "Hash Join",
                                                  "Parent Relationship": "Outer",
                                                  "Parallel Aware": true,
                                                  "Async Capable": false,
                                                  "Join Type": "Semi",
                                                  "Startup Cost": 1942.17,
                                                  "Total Cost": 3889.72,
                                                  "Plan Rows": 4,
                                                  "Plan Width": 4,
                                                  "Inner Unique": false,
                                                  "Hash Cond": "(date_dim.d_date = date_dim_1.d_date)",
                                                  "Plans": [
                                                    {
                                                      "Node Type": "Seq Scan",
                                                      "Parent Relationship": "Outer",
                                                      "Parallel Aware": true,
                                                      "Async Capable": false,
                                                      "Relation Name": "date_dim",
                                                      "Alias": "date_dim",
                                                      "Startup Cost": 0.0,
                                                      "Total Cost": 1834.7,
                                                      "Plan Rows": 42970,
                                                      "Plan Width": 8,
                                                      "parent": 14,
                                                      "ID": 15
                                                    },
                                                    {
                                                      "Node Type": "Hash",
                                                      "Parent Relationship": "Inner",
                                                      "Parallel Aware": true,
                                                      "Async Capable": false,
                                                      "Startup Cost": 1942.12,
                                                      "Total Cost": 1942.12,
                                                      "Plan Rows": 4,
                                                      "Plan Width": 4,
                                                      "Plans": [
                                                        {
                                                          "Node Type": "Seq Scan",
                                                          "Parent Relationship": "Outer",
                                                          "Parallel Aware": true,
                                                          "Async Capable": false,
                                                          "Relation Name": "date_dim",
                                                          "Alias": "date_dim_1",
                                                          "Startup Cost": 0.0,
                                                          "Total Cost": 1942.12,
                                                          "Plan Rows": 4,
                                                          "Plan Width": 4,
                                                          "Filter": "(d_week_seq = $0)",
                                                          "parent": 16,
                                                          "ID": 17
                                                        }
                                                      ],
                                                      "parent": 14,
                                                      "ID": 16,
                                                      "left": 17
                                                    }
                                                  ],
                                                  "parent": 13,
                                                  "ID": 14,
                                                  "left": 15,
                                                  "right": 16
                                                }
                                              ],
                                              "parent": 11,
                                              "ID": 13,
                                              "left": 14
                                            }
                                          ],
                                          "parent": 10,
                                          "ID": 11,
                                          "left": 12,
                                          "right": 13
                                        }
                                      ],
                                      "parent": 8,
                                      "ID": 10,
                                      "left": 11
                                    }
                                  ],
                                  "parent": 7,
                                  "ID": 8,
                                  "left": 9,
                                  "right": 10
                                }
                              ],
                              "parent": 6,
                              "ID": 7,
                              "left": 8
                            }
                          ],
                          "parent": 5,
                          "ID": 6,
                          "left": 7
                        }
                      ],
                      "parent": 3,
                      "ID": 5,
                      "left": 6
                    }
                  ],
                  "parent": 2,
                  "ID": 3,
                  "left": 4,
                  "right": 5
                },
                {
                  "Node Type": "Materialize",
                  "Parent Relationship": "Inner",
                  "Parallel Aware": false,
                  "Async Capable": false,
                  "Startup Cost": 714744.03,
                  "Total Cost": 715186.59,
                  "Plan Rows": 58,
                  "Plan Width": 98,
                  "Plans": [
                    {
                      "Node Type": "Merge Join",
                      "Parent Relationship": "Outer",
                      "Parallel Aware": false,
                      "Async Capable": false,
                      "Join Type": "Inner",
                      "Startup Cost": 714744.03,
                      "Total Cost": 715186.44,
                      "Plan Rows": 58,
                      "Plan Width": 98,
                      "Inner Unique": true,
                      "Merge Cond": "(item_1.i_item_id = item_2.i_item_id)",
                      "Join Filter": "(((sum(catalog_sales.cs_ext_sales_price)) >= (0.9 * (sum(web_sales.ws_ext_sales_price)))) AND ((sum(catalog_sales.cs_ext_sales_price)) <= (1.1 * (sum(web_sales.ws_ext_sales_price)))) AND ((sum(web_sales.ws_ext_sales_price)) >= (0.9 * (sum(catalog_sales.cs_ext_sales_price)))) AND ((sum(web_sales.ws_ext_sales_price)) <= (1.1 * (sum(catalog_sales.cs_ext_sales_price)))))",
                      "Plans": [
                        {
                          "Node Type": "Aggregate",
                          "Strategy": "Sorted",
                          "Partial Mode": "Finalize",
                          "Parent Relationship": "Outer",
                          "Parallel Aware": false,
                          "Async Capable": false,
                          "Startup Cost": 243758.54,
                          "Total Cost": 243843.73,
                          "Plan Rows": 690,
                          "Plan Width": 49,
                          "Group Key": [
                            "item_1.i_item_id"
                          ],
                          "Plans": [
                            {
                              "Node Type": "Seq Scan",
                              "Parent Relationship": "InitPlan",
                              "Subplan Name": "InitPlan 3 (returns $2)",
                              "Parallel Aware": false,
                              "Async Capable": false,
                              "Relation Name": "date_dim",
                              "Alias": "date_dim_8",
                              "Startup Cost": 0.0,
                              "Total Cost": 2318.11,
                              "Plan Rows": 1,
                              "Plan Width": 4,
                              "Filter": "(d_date = '2000-05-19'::date)",
                              "parent": 20,
                              "ID": 21
                            },
                            {
                              "Node Type": "Gather Merge",
                              "Parent Relationship": "Outer",
                              "Parallel Aware": false,
                              "Async Capable": false,
                              "Startup Cost": 241440.43,
                              "Total Cost": 241512.67,
                              "Plan Rows": 576,
                              "Plan Width": 49,
                              "Workers Planned": 2,
                              "Params Evaluated": [
                                "$2"
                              ],
                              "Plans": [
                                {
                                  "Node Type": "Aggregate",
                                  "Strategy": "Sorted",
                                  "Partial Mode": "Partial",
                                  "Parent Relationship": "Outer",
                                  "Parallel Aware": false,
                                  "Async Capable": false,
                                  "Startup Cost": 240440.4,
                                  "Total Cost": 240446.16,
                                  "Plan Rows": 288,
                                  "Plan Width": 49,
                                  "Group Key": [
                                    "item_1.i_item_id"
                                  ],
                                  "Plans": [
                                    {
                                      "Node Type": "Sort",
                                      "Parent Relationship": "Outer",
                                      "Parallel Aware": false,
                                      "Async Capable": false,
                                      "Startup Cost": 240440.4,
                                      "Total Cost": 240441.12,
                                      "Plan Rows": 288,
                                      "Plan Width": 23,
                                      "Sort Key": [
                                        "item_1.i_item_id"
                                      ],
                                      "Plans": [
                                        {
                                          "Node Type": "Hash Join",
                                          "Parent Relationship": "Outer",
                                          "Parallel Aware": true,
                                          "Async Capable": false,
                                          "Join Type": "Inner",
                                          "Startup Cost": 232879.06,
                                          "Total Cost": 240428.64,
                                          "Plan Rows": 288,
                                          "Plan Width": 23,
                                          "Inner Unique": false,
                                          "Hash Cond": "(item_1.i_item_sk = web_sales.ws_item_sk)",
                                          "Plans": [
                                            {
                                              "Node Type": "Seq Scan",
                                              "Parent Relationship": "Outer",
                                              "Parallel Aware": true,
                                              "Async Capable": false,
                                              "Relation Name": "item",
                                              "Alias": "item_1",
                                              "Startup Cost": 0.0,
                                              "Total Cost": 7389.0,
                                              "Plan Rows": 42500,
                                              "Plan Width": 21,
                                              "parent": 25,
                                              "ID": 26
                                            },
                                            {
                                              "Node Type": "Hash",
                                              "Parent Relationship": "Inner",
                                              "Parallel Aware": true,
                                              "Async Capable": false,
                                              "Startup Cost": 232875.46,
                                              "Total Cost": 232875.46,
                                              "Plan Rows": 288,
                                              "Plan Width": 10,
                                              "Plans": [
                                                {
                                                  "Node Type": "Hash Join",
                                                  "Parent Relationship": "Outer",
                                                  "Parallel Aware": true,
                                                  "Async Capable": false,
                                                  "Join Type": "Inner",
                                                  "Startup Cost": 3889.77,
                                                  "Total Cost": 232875.46,
                                                  "Plan Rows": 288,
                                                  "Plan Width": 10,
                                                  "Inner Unique": false,
                                                  "Hash Cond": "(web_sales.ws_sold_date_sk = date_dim_2.d_date_sk)",
                                                  "Plans": [
                                                    {
                                                      "Node Type": "Seq Scan",
                                                      "Parent Relationship": "Outer",
                                                      "Parallel Aware": true,
                                                      "Async Capable": false,
                                                      "Relation Name": "web_sales",
                                                      "Alias": "web_sales",
                                                      "Startup Cost": 0.0,
                                                      "Total Cost": 217737.86,
                                                      "Plan Rows": 2998986,
                                                      "Plan Width": 14,
                                                      "parent": 28,
                                                      "ID": 29
                                                    },
                                                    {
                                                      "Node Type": "Hash",
                                                      "Parent Relationship": "Inner",
                                                      "Parallel Aware": true,
                                                      "Async Capable": false,
                                                      "Startup Cost": 3889.72,
                                                      "Total Cost": 3889.72,
                                                      "Plan Rows": 4,
                                                      "Plan Width": 4,
                                                      "Plans": [
                                                        {
                                                          "Node Type": "Hash Join",
                                                          "Parent Relationship": "Outer",
                                                          "Parallel Aware": true,
                                                          "Async Capable": false,
                                                          "Join Type": "Semi",
                                                          "Startup Cost": 1942.17,
                                                          "Total Cost": 3889.72,
                                                          "Plan Rows": 4,
                                                          "Plan Width": 4,
                                                          "Inner Unique": false,
                                                          "Hash Cond": "(date_dim_2.d_date = date_dim_3.d_date)",
                                                          "Plans": [
                                                            {
                                                              "Node Type": "Seq Scan",
                                                              "Parent Relationship": "Outer",
                                                              "Parallel Aware": true,
                                                              "Async Capable": false,
                                                              "Relation Name": "date_dim",
                                                              "Alias": "date_dim_2",
                                                              "Startup Cost": 0.0,
                                                              "Total Cost": 1834.7,
                                                              "Plan Rows": 42970,
                                                              "Plan Width": 8,
                                                              "parent": 31,
                                                              "ID": 32
                                                            },
                                                            {
                                                              "Node Type": "Hash",
                                                              "Parent Relationship": "Inner",
                                                              "Parallel Aware": true,
                                                              "Async Capable": false,
                                                              "Startup Cost": 1942.12,
                                                              "Total Cost": 1942.12,
                                                              "Plan Rows": 4,
                                                              "Plan Width": 4,
                                                              "Plans": [
                                                                {
                                                                  "Node Type": "Seq Scan",
                                                                  "Parent Relationship": "Outer",
                                                                  "Parallel Aware": true,
                                                                  "Async Capable": false,
                                                                  "Relation Name": "date_dim",
                                                                  "Alias": "date_dim_3",
                                                                  "Startup Cost": 0.0,
                                                                  "Total Cost": 1942.12,
                                                                  "Plan Rows": 4,
                                                                  "Plan Width": 4,
                                                                  "Filter": "(d_week_seq = $2)",
                                                                  "parent": 33,
                                                                  "ID": 34
                                                                }
                                                              ],
                                                              "parent": 31,
                                                              "ID": 33,
                                                              "left": 34
                                                            }
                                                          ],
                                                          "parent": 30,
                                                          "ID": 31,
                                                          "left": 32,
                                                          "right": 33
                                                        }
                                                      ],
                                                      "parent": 28,
                                                      "ID": 30,
                                                      "left": 31
                                                    }
                                                  ],
                                                  "parent": 27,
                                                  "ID": 28,
                                                  "left": 29,
                                                  "right": 30
                                                }
                                              ],
                                              "parent": 25,
                                              "ID": 27,
                                              "left": 28
                                            }
                                          ],
                                          "parent": 24,
                                          "ID": 25,
                                          "left": 26,
                                          "right": 27
                                        }
                                      ],
                                      "parent": 23,
                                      "ID": 24,
                                      "left": 25
                                    }
                                  ],
                                  "parent": 22,
                                  "ID": 23,
                                  "left": 24
                                }
                              ],
                              "parent": 20,
                              "ID": 22,
                              "left": 23
                            }
                          ],
                          "parent": 19,
                          "ID": 20,
                          "left": 21,
                          "right": 22
                        },
                        {
                          "Node Type": "Materialize",
                          "Parent Relationship": "Inner",
                          "Parallel Aware": false,
                          "Async Capable": false,
                          "Startup Cost": 470985.5,
                          "Total Cost": 471171.86,
                          "Plan Rows": 1372,
                          "Plan Width": 49,
                          "Plans": [
                            {
                              "Node Type": "Aggregate",
                              "Strategy": "Sorted",
                              "Partial Mode": "Finalize",
                              "Parent Relationship": "Outer",
                              "Parallel Aware": false,
                              "Async Capable": false,
                              "Startup Cost": 470985.5,
                              "Total Cost": 471154.71,
                              "Plan Rows": 1372,
                              "Plan Width": 49,
                              "Group Key": [
                                "item_2.i_item_id"
                              ],
                              "Plans": [
                                {
                                  "Node Type": "Seq Scan",
                                  "Parent Relationship": "InitPlan",
                                  "Subplan Name": "InitPlan 2 (returns $1)",
                                  "Parallel Aware": false,
                                  "Async Capable": false,
                                  "Relation Name": "date_dim",
                                  "Alias": "date_dim_7",
                                  "Startup Cost": 0.0,
                                  "Total Cost": 2318.11,
                                  "Plan Rows": 1,
                                  "Plan Width": 4,
                                  "Filter": "(d_date = '2000-05-19'::date)",
                                  "parent": 36,
                                  "ID": 37
                                },
                                {
                                  "Node Type": "Gather Merge",
                                  "Parent Relationship": "Outer",
                                  "Parallel Aware": false,
                                  "Async Capable": false,
                                  "Startup Cost": 468667.38,
                                  "Total Cost": 468810.87,
                                  "Plan Rows": 1144,
                                  "Plan Width": 49,
                                  "Workers Planned": 2,
                                  "Params Evaluated": [
                                    "$1"
                                  ],
                                  "Plans": [
                                    {
                                      "Node Type": "Aggregate",
                                      "Strategy": "Sorted",
                                      "Partial Mode": "Partial",
                                      "Parent Relationship": "Outer",
                                      "Parallel Aware": false,
                                      "Async Capable": false,
                                      "Startup Cost": 467667.36,
                                      "Total Cost": 467678.8,
                                      "Plan Rows": 572,
                                      "Plan Width": 49,
                                      "Group Key": [
                                        "item_2.i_item_id"
                                      ],
                                      "Plans": [
                                        {
                                          "Node Type": "Sort",
                                          "Parent Relationship": "Outer",
                                          "Parallel Aware": false,
                                          "Async Capable": false,
                                          "Startup Cost": 467667.36,
                                          "Total Cost": 467668.79,
                                          "Plan Rows": 572,
                                          "Plan Width": 23,
                                          "Sort Key": [
                                            "item_2.i_item_id"
                                          ],
                                          "Plans": [
                                            {
                                              "Node Type": "Hash Join",
                                              "Parent Relationship": "Outer",
                                              "Parallel Aware": true,
                                              "Async Capable": false,
                                              "Join Type": "Inner",
                                              "Startup Cost": 460090.41,
                                              "Total Cost": 467641.16,
                                              "Plan Rows": 572,
                                              "Plan Width": 23,
                                              "Inner Unique": false,
                                              "Hash Cond": "(item_2.i_item_sk = catalog_sales.cs_item_sk)",
                                              "Plans": [
                                                {
                                                  "Node Type": "Seq Scan",
                                                  "Parent Relationship": "Outer",
                                                  "Parallel Aware": true,
                                                  "Async Capable": false,
                                                  "Relation Name": "item",
                                                  "Alias": "item_2",
                                                  "Startup Cost": 0.0,
                                                  "Total Cost": 7389.0,
                                                  "Plan Rows": 42500,
                                                  "Plan Width": 21,
                                                  "parent": 41,
                                                  "ID": 42
                                                },
                                                {
                                                  "Node Type": "Hash",
                                                  "Parent Relationship": "Inner",
                                                  "Parallel Aware": true,
                                                  "Async Capable": false,
                                                  "Startup Cost": 460083.26,
                                                  "Total Cost": 460083.26,
                                                  "Plan Rows": 572,
                                                  "Plan Width": 10,
                                                  "Plans": [
                                                    {
                                                      "Node Type": "Hash Join",
                                                      "Parent Relationship": "Outer",
                                                      "Parallel Aware": true,
                                                      "Async Capable": false,
                                                      "Join Type": "Inner",
                                                      "Startup Cost": 3889.77,
                                                      "Total Cost": 460083.26,
                                                      "Plan Rows": 572,
                                                      "Plan Width": 10,
                                                      "Inner Unique": false,
                                                      "Hash Cond": "(catalog_sales.cs_sold_date_sk = date_dim_4.d_date_sk)",
                                                      "Plans": [
                                                        {
                                                          "Node Type": "Seq Scan",
                                                          "Parent Relationship": "Outer",
                                                          "Parallel Aware": true,
                                                          "Async Capable": false,
                                                          "Relation Name": "catalog_sales",
                                                          "Alias": "catalog_sales",
                                                          "Startup Cost": 0.0,
                                                          "Total Cost": 433688.25,
                                                          "Plan Rows": 6000525,
                                                          "Plan Width": 14,
                                                          "parent": 44,
                                                          "ID": 45
                                                        },
                                                        {
                                                          "Node Type": "Hash",
                                                          "Parent Relationship": "Inner",
                                                          "Parallel Aware": true,
                                                          "Async Capable": false,
                                                          "Startup Cost": 3889.72,
                                                          "Total Cost": 3889.72,
                                                          "Plan Rows": 4,
                                                          "Plan Width": 4,
                                                          "Plans": [
                                                            {
                                                              "Node Type": "Hash Join",
                                                              "Parent Relationship": "Outer",
                                                              "Parallel Aware": true,
                                                              "Async Capable": false,
                                                              "Join Type": "Semi",
                                                              "Startup Cost": 1942.17,
                                                              "Total Cost": 3889.72,
                                                              "Plan Rows": 4,
                                                              "Plan Width": 4,
                                                              "Inner Unique": false,
                                                              "Hash Cond": "(date_dim_4.d_date = date_dim_5.d_date)",
                                                              "Plans": [
                                                                {
                                                                  "Node Type": "Seq Scan",
                                                                  "Parent Relationship": "Outer",
                                                                  "Parallel Aware": true,
                                                                  "Async Capable": false,
                                                                  "Relation Name": "date_dim",
                                                                  "Alias": "date_dim_4",
                                                                  "Startup Cost": 0.0,
                                                                  "Total Cost": 1834.7,
                                                                  "Plan Rows": 42970,
                                                                  "Plan Width": 8,
                                                                  "parent": 47,
                                                                  "ID": 48
                                                                },
                                                                {
                                                                  "Node Type": "Hash",
                                                                  "Parent Relationship": "Inner",
                                                                  "Parallel Aware": true,
                                                                  "Async Capable": false,
                                                                  "Startup Cost": 1942.12,
                                                                  "Total Cost": 1942.12,
                                                                  "Plan Rows": 4,
                                                                  "Plan Width": 4,
                                                                  "Plans": [
                                                                    {
                                                                      "Node Type": "Seq Scan",
                                                                      "Parent Relationship": "Outer",
                                                                      "Parallel Aware": true,
                                                                      "Async Capable": false,
                                                                      "Relation Name": "date_dim",
                                                                      "Alias": "date_dim_5",
                                                                      "Startup Cost": 0.0,
                                                                      "Total Cost": 1942.12,
                                                                      "Plan Rows": 4,
                                                                      "Plan Width": 4,
                                                                      "Filter": "(d_week_seq = $1)",
                                                                      "parent": 49,
                                                                      "ID": 50
                                                                    }
                                                                  ],
                                                                  "parent": 47,
                                                                  "ID": 49,
                                                                  "left": 50
                                                                }
                                                              ],
                                                              "parent": 46,
                                                              "ID": 47,
                                                              "left": 48,
                                                              "right": 49
                                                            }
                                                          ],
                                                          "parent": 44,
                                                          "ID": 46,
                                                          "left": 47
                                                        }
                                                      ],
                                                      "parent": 43,
                                                      "ID": 44,
                                                      "left": 45,
                                                      "right": 46
                                                    }
                                                  ],
                                                  "parent": 41,
                                                  "ID": 43,
                                                  "left": 44
                                                }
                                              ],
                                              "parent": 40,
                                              "ID": 41,
                                              "left": 42,
                                              "right": 43
                                            }
                                          ],
                                          "parent": 39,
                                          "ID": 40,
                                          "left": 41
                                        }
                                      ],
                                      "parent": 38,
                                      "ID": 39,
                                      "left": 40
                                    }
                                  ],
                                  "parent": 36,
                                  "ID": 38,
                                  "left": 39
                                }
                              ],
                              "parent": 35,
                              "ID": 36,
                              "left": 37,
                              "right": 38
                            }
                          ],
                          "parent": 19,
                          "ID": 35,
                          "left": 36
                        }
                      ],
                      "parent": 18,
                      "ID": 19,
                      "left": 20,
                      "right": 35
                    }
                  ],
                  "parent": 2,
                  "ID": 18,
                  "left": 19
                }
              ],
              "parent": 1,
              "ID": 2,
              "left": 3,
              "right": 18
            }
          ],
          "parent": 0,
          "ID": 1,
          "left": 2
        }
      ],
      "parent": null,
      "ID": 0,
      "left": 1
    },
    "feat": {
      "utility": 0.0013684383725532082,
      "query_shape": [
        [
          "Seq Scan",
          "Aggregate",
          "Merge Join",
          "Sort"
        ],
        [
          "Seq Scan",
          "Hash Join",
          "Sort",
          "Aggregate",
          "Gather Merge",
          "Merge Join"
        ],
        [
          "Seq Scan",
          "Hash Join",
          "Hash",
          "Sort",
          "Aggregate",
          "Gather Merge",
          "Merge Join"
        ],
        [
          "Seq Scan",
          "Hash Join",
          "Hash",
          "Sort",
          "Aggregate",
          "Gather Merge",
          "Merge Join"
        ],
        [
          "Seq Scan",
          "Hash",
          "Hash Join",
          "Sort",
          "Aggregate",
          "Gather Merge",
          "Merge Join"
        ],
        [
          "Seq Scan",
          "Aggregate",
          "Merge Join",
          "Materialize",
          "Sort"
        ],
        [
          "Seq Scan",
          "Hash Join",
          "Sort",
          "Aggregate",
          "Gather Merge",
          "Merge Join",
          "Materialize"
        ],
        [
          "Seq Scan",
          "Hash Join",
          "Hash",
          "Sort",
          "Aggregate",
          "Gather Merge",
          "Merge Join",
          "Materialize"
        ],
        [
          "Seq Scan",
          "Hash Join",
          "Hash",
          "Sort",
          "Aggregate",
          "Gather Merge",
          "Merge Join",
          "Materialize"
        ],
        [
          "Seq Scan",
          "Hash",
          "Hash Join",
          "Sort",
          "Aggregate",
          "Gather Merge",
          "Merge Join",
          "Materialize"
        ],
        [
          "Seq Scan",
          "Aggregate",
          "Materialize",
          "Merge Join",
          "Sort"
        ],
        [
          "Seq Scan",
          "Hash Join",
          "Sort",
          "Aggregate",
          "Gather Merge",
          "Materialize",
          "Merge Join"
        ],
        [
          "Seq Scan",
          "Hash Join",
          "Hash",
          "Sort",
          "Aggregate",
          "Gather Merge",
          "Materialize",
          "Merge Join"
        ],
        [
          "Seq Scan",
          "Hash Join",
          "Hash",
          "Sort",
          "Aggregate",
          "Gather Merge",
          "Materialize",
          "Merge Join"
        ],
        [
          "Seq Scan",
          "Hash",
          "Hash Join",
          "Sort",
          "Aggregate",
          "Gather Merge",
          "Materialize",
          "Merge Join"
        ]
      ],
      "index_shape": [
        "join"
      ],
      "physical_operator": {
        "Hash Join": [
          0.00485071250072666
        ]
      }
    }
  },
  {
    "query": "with ss_items as\n (select i_item_id item_id\n        ,sum(ss_ext_sales_price) ss_item_rev \n from store_sales\n     ,item\n     ,date_dim\n where ss_item_sk = i_item_sk\n   and d_date in (select d_date\n                  from date_dim\n                  where d_week_seq = (select d_week_seq \n                                      from date_dim\n                                      where d_date = '2000-05-19'))\n   and ss_sold_date_sk   = d_date_sk\n group by i_item_id),\n cs_items as\n (select i_item_id item_id\n        ,sum(cs_ext_sales_price) cs_item_rev\n  from catalog_sales\n      ,item\n      ,date_dim\n where cs_item_sk = i_item_sk\n  and  d_date in (select d_date\n                  from date_dim\n                  where d_week_seq = (select d_week_seq \n                                      from date_dim\n                                      where d_date = '2000-05-19'))\n  and  cs_sold_date_sk = d_date_sk\n group by i_item_id),\n ws_items as\n (select i_item_id item_id\n        ,sum(ws_ext_sales_price) ws_item_rev\n  from web_sales\n      ,item\n      ,date_dim\n where ws_item_sk = i_item_sk\n  and  d_date in (select d_date\n                  from date_dim\n                  where d_week_seq =(select d_week_seq \n                                     from date_dim\n                                     where d_date = '2000-05-19'))\n  and ws_sold_date_sk   = d_date_sk\n group by i_item_id)\n  select  ss_items.item_id\n       ,ss_item_rev\n       ,ss_item_rev/((ss_item_rev+cs_item_rev+ws_item_rev)/3) * 100 ss_dev\n       ,cs_item_rev\n       ,cs_item_rev/((ss_item_rev+cs_item_rev+ws_item_rev)/3) * 100 cs_dev\n       ,ws_item_rev\n       ,ws_item_rev/((ss_item_rev+cs_item_rev+ws_item_rev)/3) * 100 ws_dev\n       ,(ss_item_rev+cs_item_rev+ws_item_rev)/3 average\n from ss_items,cs_items,ws_items\n where ss_items.item_id=cs_items.item_id\n   and ss_items.item_id=ws_items.item_id \n   and ss_item_rev between 0.9 * cs_item_rev and 1.1 * cs_item_rev\n   and ss_item_rev between 0.9 * ws_item_rev and 1.1 * ws_item_rev\n   and cs_item_rev between 0.9 * ss_item_rev and 1.1 * ss_item_rev\n   and cs_item_rev between 0.9 * ws_item_rev and 1.1 * ws_item_rev\n   and ws_item_rev between 0.9 * ss_item_rev and 1.1 * ss_item_rev\n   and ws_item_rev between 0.9 * cs_item_rev and 1.1 * cs_item_rev\n order by item_id\n         ,ss_item_rev\n limit 100;\n\n-- end query 42 in stream 2 using template query58.tpl\n",
    "indexes": "catalog_sales.cs_ext_sales_price",
    "wo plan est": {
      "Node Type": "Limit",
      "Parallel Aware": false,
      "Async Capable": false,
      "Startup Cost": 1412339.33,
      "Total Cost": 1412339.33,
      "Plan Rows": 1,
      "Plan Width": 241,
      "Plans": [
        {
          "Node Type": "Sort",
          "Parent Relationship": "Outer",
          "Parallel Aware": false,
          "Async Capable": false,
          "Startup Cost": 1412339.33,
          "Total Cost": 1412339.33,
          "Plan Rows": 1,
          "Plan Width": 241,
          "Sort Key": [
            "item.i_item_id",
            "(sum(store_sales.ss_ext_sales_price))"
          ],
          "Plans": [
            {
              "Node Type": "Merge Join",
              "Parent Relationship": "Outer",
              "Parallel Aware": false,
              "Async Capable": false,
              "Join Type": "Inner",
              "Startup Cost": 1411497.09,
              "Total Cost": 1412339.32,
              "Plan Rows": 1,
              "Plan Width": 241,
              "Inner Unique": false,
              "Merge Cond": "(item.i_item_id = item_2.i_item_id)",
              "Join Filter": "(((sum(store_sales.ss_ext_sales_price)) >= (0.9 * (sum(catalog_sales.cs_ext_sales_price)))) AND ((sum(store_sales.ss_ext_sales_price)) <= (1.1 * (sum(catalog_sales.cs_ext_sales_price)))) AND ((sum(catalog_sales.cs_ext_sales_price)) >= (0.9 * (sum(store_sales.ss_ext_sales_price)))) AND ((sum(catalog_sales.cs_ext_sales_price)) <= (1.1 * (sum(store_sales.ss_ext_sales_price)))) AND ((sum(store_sales.ss_ext_sales_price)) >= (0.9 * (sum(web_sales.ws_ext_sales_price)))) AND ((sum(store_sales.ss_ext_sales_price)) <= (1.1 * (sum(web_sales.ws_ext_sales_price)))) AND ((sum(web_sales.ws_ext_sales_price)) >= (0.9 * (sum(store_sales.ss_ext_sales_price)))) AND ((sum(web_sales.ws_ext_sales_price)) <= (1.1 * (sum(store_sales.ss_ext_sales_price)))))",
              "Plans": [
                {
                  "Node Type": "Aggregate",
                  "Strategy": "Sorted",
                  "Partial Mode": "Finalize",
                  "Parent Relationship": "Outer",
                  "Parallel Aware": false,
                  "Async Capable": false,
                  "Startup Cost": 696753.06,
                  "Total Cost": 697077.89,
                  "Plan Rows": 2634,
                  "Plan Width": 49,
                  "Group Key": [
                    "item.i_item_id"
                  ],
                  "Plans": [
                    {
                      "Node Type": "Seq Scan",
                      "Parent Relationship": "InitPlan",
                      "Subplan Name": "InitPlan 1 (returns $0)",
                      "Parallel Aware": false,
                      "Async Capable": false,
                      "Relation Name": "date_dim",
                      "Alias": "date_dim_6",
                      "Startup Cost": 0.0,
                      "Total Cost": 2318.11,
                      "Plan Rows": 1,
                      "Plan Width": 4,
                      "Filter": "(d_date = '2000-05-19'::date)",
                      "parent": 3,
                      "ID": 4
                    },
                    {
                      "Node Type": "Gather Merge",
                      "Parent Relationship": "Outer",
                      "Parallel Aware": false,
                      "Async Capable": false,
                      "Startup Cost": 694434.95,
                      "Total Cost": 694710.38,
                      "Plan Rows": 2196,
                      "Plan Width": 49,
                      "Workers Planned": 2,
                      "Params Evaluated": [
                        "$0"
                      ],
                      "Plans": [
                        {
                          "Node Type": "Aggregate",
                          "Strategy": "Sorted",
                          "Partial Mode": "Partial",
                          "Parent Relationship": "Outer",
                          "Parallel Aware": false,
                          "Async Capable": false,
                          "Startup Cost": 693434.92,
                          "Total Cost": 693456.88,
                          "Plan Rows": 1098,
                          "Plan Width": 49,
                          "Group Key": [
                            "item.i_item_id"
                          ],
                          "Plans": [
                            {
                              "Node Type": "Sort",
                              "Parent Relationship": "Outer",
                              "Parallel Aware": false,
                              "Async Capable": false,
                              "Startup Cost": 693434.92,
                              "Total Cost": 693437.67,
                              "Plan Rows": 1098,
                              "Plan Width": 23,
                              "Sort Key": [
                                "item.i_item_id"
                              ],
                              "Plans": [
                                {
                                  "Node Type": "Hash Join",
                                  "Parent Relationship": "Outer",
                                  "Parallel Aware": true,
                                  "Async Capable": false,
                                  "Join Type": "Inner",
                                  "Startup Cost": 685826.52,
                                  "Total Cost": 693379.47,
                                  "Plan Rows": 1098,
                                  "Plan Width": 23,
                                  "Inner Unique": false,
                                  "Hash Cond": "(item.i_item_sk = store_sales.ss_item_sk)",
                                  "Plans": [
                                    {
                                      "Node Type": "Seq Scan",
                                      "Parent Relationship": "Outer",
                                      "Parallel Aware": true,
                                      "Async Capable": false,
                                      "Relation Name": "item",
                                      "Alias": "item",
                                      "Startup Cost": 0.0,
                                      "Total Cost": 7389.0,
                                      "Plan Rows": 42500,
                                      "Plan Width": 21,
                                      "parent": 8,
                                      "ID": 9
                                    },
                                    {
                                      "Node Type": "Hash",
                                      "Parent Relationship": "Inner",
                                      "Parallel Aware": true,
                                      "Async Capable": false,
                                      "Startup Cost": 685812.79,
                                      "Total Cost": 685812.79,
                                      "Plan Rows": 1098,
                                      "Plan Width": 10,
                                      "Plans": [
                                        {
                                          "Node Type": "Hash Join",
                                          "Parent Relationship": "Outer",
                                          "Parallel Aware": true,
                                          "Async Capable": false,
                                          "Join Type": "Inner",
                                          "Startup Cost": 3889.77,
                                          "Total Cost": 685812.79,
                                          "Plan Rows": 1098,
                                          "Plan Width": 10,
                                          "Inner Unique": false,
                                          "Hash Cond": "(store_sales.ss_sold_date_sk = date_dim.d_date_sk)",
                                          "Plans": [
                                            {
                                              "Node Type": "Seq Scan",
                                              "Parent Relationship": "Outer",
                                              "Parallel Aware": true,
                                              "Async Capable": false,
                                              "Relation Name": "store_sales",
                                              "Alias": "store_sales",
                                              "Startup Cost": 0.0,
                                              "Total Cost": 636914.37,
                                              "Plan Rows": 12000637,
                                              "Plan Width": 14,
                                              "parent": 11,
                                              "ID": 12
                                            },
                                            {
                                              "Node Type": "Hash",
                                              "Parent Relationship": "Inner",
                                              "Parallel Aware": true,
                                              "Async Capable": false,
                                              "Startup Cost": 3889.72,
                                              "Total Cost": 3889.72,
                                              "Plan Rows": 4,
                                              "Plan Width": 4,
                                              "Plans": [
                                                {
                                                  "Node Type": "Hash Join",
                                                  "Parent Relationship": "Outer",
                                                  "Parallel Aware": true,
                                                  "Async Capable": false,
                                                  "Join Type": "Semi",
                                                  "Startup Cost": 1942.17,
                                                  "Total Cost": 3889.72,
                                                  "Plan Rows": 4,
                                                  "Plan Width": 4,
                                                  "Inner Unique": false,
                                                  "Hash Cond": "(date_dim.d_date = date_dim_1.d_date)",
                                                  "Plans": [
                                                    {
                                                      "Node Type": "Seq Scan",
                                                      "Parent Relationship": "Outer",
                                                      "Parallel Aware": true,
                                                      "Async Capable": false,
                                                      "Relation Name": "date_dim",
                                                      "Alias": "date_dim",
                                                      "Startup Cost": 0.0,
                                                      "Total Cost": 1834.7,
                                                      "Plan Rows": 42970,
                                                      "Plan Width": 8,
                                                      "parent": 14,
                                                      "ID": 15
                                                    },
                                                    {
                                                      "Node Type": "Hash",
                                                      "Parent Relationship": "Inner",
                                                      "Parallel Aware": true,
                                                      "Async Capable": false,
                                                      "Startup Cost": 1942.12,
                                                      "Total Cost": 1942.12,
                                                      "Plan Rows": 4,
                                                      "Plan Width": 4,
                                                      "Plans": [
                                                        {
                                                          "Node Type": "Seq Scan",
                                                          "Parent Relationship": "Outer",
                                                          "Parallel Aware": true,
                                                          "Async Capable": false,
                                                          "Relation Name": "date_dim",
                                                          "Alias": "date_dim_1",
                                                          "Startup Cost": 0.0,
                                                          "Total Cost": 1942.12,
                                                          "Plan Rows": 4,
                                                          "Plan Width": 4,
                                                          "Filter": "(d_week_seq = $0)",
                                                          "parent": 16,
                                                          "ID": 17
                                                        }
                                                      ],
                                                      "parent": 14,
                                                      "ID": 16,
                                                      "left": 17
                                                    }
                                                  ],
                                                  "parent": 13,
                                                  "ID": 14,
                                                  "left": 15,
                                                  "right": 16
                                                }
                                              ],
                                              "parent": 11,
                                              "ID": 13,
                                              "left": 14
                                            }
                                          ],
                                          "parent": 10,
                                          "ID": 11,
                                          "left": 12,
                                          "right": 13
                                        }
                                      ],
                                      "parent": 8,
                                      "ID": 10,
                                      "left": 11
                                    }
                                  ],
                                  "parent": 7,
                                  "ID": 8,
                                  "left": 9,
                                  "right": 10
                                }
                              ],
                              "parent": 6,
                              "ID": 7,
                              "left": 8
                            }
                          ],
                          "parent": 5,
                          "ID": 6,
                          "left": 7
                        }
                      ],
                      "parent": 3,
                      "ID": 5,
                      "left": 6
                    }
                  ],
                  "parent": 2,
                  "ID": 3,
                  "left": 4,
                  "right": 5
                },
                {
                  "Node Type": "Materialize",
                  "Parent Relationship": "Inner",
                  "Parallel Aware": false,
                  "Async Capable": false,
                  "Startup Cost": 714744.03,
                  "Total Cost": 715186.59,
                  "Plan Rows": 58,
                  "Plan Width": 98,
                  "Plans": [
                    {
                      "Node Type": "Merge Join",
                      "Parent Relationship": "Outer",
                      "Parallel Aware": false,
                      "Async Capable": false,
                      "Join Type": "Inner",
                      "Startup Cost": 714744.03,
                      "Total Cost": 715186.44,
                      "Plan Rows": 58,
                      "Plan Width": 98,
                      "Inner Unique": true,
                      "Merge Cond": "(item_1.i_item_id = item_2.i_item_id)",
                      "Join Filter": "(((sum(catalog_sales.cs_ext_sales_price)) >= (0.9 * (sum(web_sales.ws_ext_sales_price)))) AND ((sum(catalog_sales.cs_ext_sales_price)) <= (1.1 * (sum(web_sales.ws_ext_sales_price)))) AND ((sum(web_sales.ws_ext_sales_price)) >= (0.9 * (sum(catalog_sales.cs_ext_sales_price)))) AND ((sum(web_sales.ws_ext_sales_price)) <= (1.1 * (sum(catalog_sales.cs_ext_sales_price)))))",
                      "Plans": [
                        {
                          "Node Type": "Aggregate",
                          "Strategy": "Sorted",
                          "Partial Mode": "Finalize",
                          "Parent Relationship": "Outer",
                          "Parallel Aware": false,
                          "Async Capable": false,
                          "Startup Cost": 243758.54,
                          "Total Cost": 243843.73,
                          "Plan Rows": 690,
                          "Plan Width": 49,
                          "Group Key": [
                            "item_1.i_item_id"
                          ],
                          "Plans": [
                            {
                              "Node Type": "Seq Scan",
                              "Parent Relationship": "InitPlan",
                              "Subplan Name": "InitPlan 3 (returns $2)",
                              "Parallel Aware": false,
                              "Async Capable": false,
                              "Relation Name": "date_dim",
                              "Alias": "date_dim_8",
                              "Startup Cost": 0.0,
                              "Total Cost": 2318.11,
                              "Plan Rows": 1,
                              "Plan Width": 4,
                              "Filter": "(d_date = '2000-05-19'::date)",
                              "parent": 20,
                              "ID": 21
                            },
                            {
                              "Node Type": "Gather Merge",
                              "Parent Relationship": "Outer",
                              "Parallel Aware": false,
                              "Async Capable": false,
                              "Startup Cost": 241440.43,
                              "Total Cost": 241512.67,
                              "Plan Rows": 576,
                              "Plan Width": 49,
                              "Workers Planned": 2,
                              "Params Evaluated": [
                                "$2"
                              ],
                              "Plans": [
                                {
                                  "Node Type": "Aggregate",
                                  "Strategy": "Sorted",
                                  "Partial Mode": "Partial",
                                  "Parent Relationship": "Outer",
                                  "Parallel Aware": false,
                                  "Async Capable": false,
                                  "Startup Cost": 240440.4,
                                  "Total Cost": 240446.16,
                                  "Plan Rows": 288,
                                  "Plan Width": 49,
                                  "Group Key": [
                                    "item_1.i_item_id"
                                  ],
                                  "Plans": [
                                    {
                                      "Node Type": "Sort",
                                      "Parent Relationship": "Outer",
                                      "Parallel Aware": false,
                                      "Async Capable": false,
                                      "Startup Cost": 240440.4,
                                      "Total Cost": 240441.12,
                                      "Plan Rows": 288,
                                      "Plan Width": 23,
                                      "Sort Key": [
                                        "item_1.i_item_id"
                                      ],
                                      "Plans": [
                                        {
                                          "Node Type": "Hash Join",
                                          "Parent Relationship": "Outer",
                                          "Parallel Aware": true,
                                          "Async Capable": false,
                                          "Join Type": "Inner",
                                          "Startup Cost": 232879.06,
                                          "Total Cost": 240428.64,
                                          "Plan Rows": 288,
                                          "Plan Width": 23,
                                          "Inner Unique": false,
                                          "Hash Cond": "(item_1.i_item_sk = web_sales.ws_item_sk)",
                                          "Plans": [
                                            {
                                              "Node Type": "Seq Scan",
                                              "Parent Relationship": "Outer",
                                              "Parallel Aware": true,
                                              "Async Capable": false,
                                              "Relation Name": "item",
                                              "Alias": "item_1",
                                              "Startup Cost": 0.0,
                                              "Total Cost": 7389.0,
                                              "Plan Rows": 42500,
                                              "Plan Width": 21,
                                              "parent": 25,
                                              "ID": 26
                                            },
                                            {
                                              "Node Type": "Hash",
                                              "Parent Relationship": "Inner",
                                              "Parallel Aware": true,
                                              "Async Capable": false,
                                              "Startup Cost": 232875.46,
                                              "Total Cost": 232875.46,
                                              "Plan Rows": 288,
                                              "Plan Width": 10,
                                              "Plans": [
                                                {
                                                  "Node Type": "Hash Join",
                                                  "Parent Relationship": "Outer",
                                                  "Parallel Aware": true,
                                                  "Async Capable": false,
                                                  "Join Type": "Inner",
                                                  "Startup Cost": 3889.77,
                                                  "Total Cost": 232875.46,
                                                  "Plan Rows": 288,
                                                  "Plan Width": 10,
                                                  "Inner Unique": false,
                                                  "Hash Cond": "(web_sales.ws_sold_date_sk = date_dim_2.d_date_sk)",
                                                  "Plans": [
                                                    {
                                                      "Node Type": "Seq Scan",
                                                      "Parent Relationship": "Outer",
                                                      "Parallel Aware": true,
                                                      "Async Capable": false,
                                                      "Relation Name": "web_sales",
                                                      "Alias": "web_sales",
                                                      "Startup Cost": 0.0,
                                                      "Total Cost": 217737.86,
                                                      "Plan Rows": 2998986,
                                                      "Plan Width": 14,
                                                      "parent": 28,
                                                      "ID": 29
                                                    },
                                                    {
                                                      "Node Type": "Hash",
                                                      "Parent Relationship": "Inner",
                                                      "Parallel Aware": true,
                                                      "Async Capable": false,
                                                      "Startup Cost": 3889.72,
                                                      "Total Cost": 3889.72,
                                                      "Plan Rows": 4,
                                                      "Plan Width": 4,
                                                      "Plans": [
                                                        {
                                                          "Node Type": "Hash Join",
                                                          "Parent Relationship": "Outer",
                                                          "Parallel Aware": true,
                                                          "Async Capable": false,
                                                          "Join Type": "Semi",
                                                          "Startup Cost": 1942.17,
                                                          "Total Cost": 3889.72,
                                                          "Plan Rows": 4,
                                                          "Plan Width": 4,
                                                          "Inner Unique": false,
                                                          "Hash Cond": "(date_dim_2.d_date = date_dim_3.d_date)",
                                                          "Plans": [
                                                            {
                                                              "Node Type": "Seq Scan",
                                                              "Parent Relationship": "Outer",
                                                              "Parallel Aware": true,
                                                              "Async Capable": false,
                                                              "Relation Name": "date_dim",
                                                              "Alias": "date_dim_2",
                                                              "Startup Cost": 0.0,
                                                              "Total Cost": 1834.7,
                                                              "Plan Rows": 42970,
                                                              "Plan Width": 8,
                                                              "parent": 31,
                                                              "ID": 32
                                                            },
                                                            {
                                                              "Node Type": "Hash",
                                                              "Parent Relationship": "Inner",
                                                              "Parallel Aware": true,
                                                              "Async Capable": false,
                                                              "Startup Cost": 1942.12,
                                                              "Total Cost": 1942.12,
                                                              "Plan Rows": 4,
                                                              "Plan Width": 4,
                                                              "Plans": [
                                                                {
                                                                  "Node Type": "Seq Scan",
                                                                  "Parent Relationship": "Outer",
                                                                  "Parallel Aware": true,
                                                                  "Async Capable": false,
                                                                  "Relation Name": "date_dim",
                                                                  "Alias": "date_dim_3",
                                                                  "Startup Cost": 0.0,
                                                                  "Total Cost": 1942.12,
                                                                  "Plan Rows": 4,
                                                                  "Plan Width": 4,
                                                                  "Filter": "(d_week_seq = $2)",
                                                                  "parent": 33,
                                                                  "ID": 34
                                                                }
                                                              ],
                                                              "parent": 31,
                                                              "ID": 33,
                                                              "left": 34
                                                            }
                                                          ],
                                                          "parent": 30,
                                                          "ID": 31,
                                                          "left": 32,
                                                          "right": 33
                                                        }
                                                      ],
                                                      "parent": 28,
                                                      "ID": 30,
                                                      "left": 31
                                                    }
                                                  ],
                                                  "parent": 27,
                                                  "ID": 28,
                                                  "left": 29,
                                                  "right": 30
                                                }
                                              ],
                                              "parent": 25,
                                              "ID": 27,
                                              "left": 28
                                            }
                                          ],
                                          "parent": 24,
                                          "ID": 25,
                                          "left": 26,
                                          "right": 27
                                        }
                                      ],
                                      "parent": 23,
                                      "ID": 24,
                                      "left": 25
                                    }
                                  ],
                                  "parent": 22,
                                  "ID": 23,
                                  "left": 24
                                }
                              ],
                              "parent": 20,
                              "ID": 22,
                              "left": 23
                            }
                          ],
                          "parent": 19,
                          "ID": 20,
                          "left": 21,
                          "right": 22
                        },
                        {
                          "Node Type": "Materialize",
                          "Parent Relationship": "Inner",
                          "Parallel Aware": false,
                          "Async Capable": false,
                          "Startup Cost": 470985.5,
                          "Total Cost": 471171.86,
                          "Plan Rows": 1372,
                          "Plan Width": 49,
                          "Plans": [
                            {
                              "Node Type": "Aggregate",
                              "Strategy": "Sorted",
                              "Partial Mode": "Finalize",
                              "Parent Relationship": "Outer",
                              "Parallel Aware": false,
                              "Async Capable": false,
                              "Startup Cost": 470985.5,
                              "Total Cost": 471154.71,
                              "Plan Rows": 1372,
                              "Plan Width": 49,
                              "Group Key": [
                                "item_2.i_item_id"
                              ],
                              "Plans": [
                                {
                                  "Node Type": "Seq Scan",
                                  "Parent Relationship": "InitPlan",
                                  "Subplan Name": "InitPlan 2 (returns $1)",
                                  "Parallel Aware": false,
                                  "Async Capable": false,
                                  "Relation Name": "date_dim",
                                  "Alias": "date_dim_7",
                                  "Startup Cost": 0.0,
                                  "Total Cost": 2318.11,
                                  "Plan Rows": 1,
                                  "Plan Width": 4,
                                  "Filter": "(d_date = '2000-05-19'::date)",
                                  "parent": 36,
                                  "ID": 37
                                },
                                {
                                  "Node Type": "Gather Merge",
                                  "Parent Relationship": "Outer",
                                  "Parallel Aware": false,
                                  "Async Capable": false,
                                  "Startup Cost": 468667.38,
                                  "Total Cost": 468810.87,
                                  "Plan Rows": 1144,
                                  "Plan Width": 49,
                                  "Workers Planned": 2,
                                  "Params Evaluated": [
                                    "$1"
                                  ],
                                  "Plans": [
                                    {
                                      "Node Type": "Aggregate",
                                      "Strategy": "Sorted",
                                      "Partial Mode": "Partial",
                                      "Parent Relationship": "Outer",
                                      "Parallel Aware": false,
                                      "Async Capable": false,
                                      "Startup Cost": 467667.36,
                                      "Total Cost": 467678.8,
                                      "Plan Rows": 572,
                                      "Plan Width": 49,
                                      "Group Key": [
                                        "item_2.i_item_id"
                                      ],
                                      "Plans": [
                                        {
                                          "Node Type": "Sort",
                                          "Parent Relationship": "Outer",
                                          "Parallel Aware": false,
                                          "Async Capable": false,
                                          "Startup Cost": 467667.36,
                                          "Total Cost": 467668.79,
                                          "Plan Rows": 572,
                                          "Plan Width": 23,
                                          "Sort Key": [
                                            "item_2.i_item_id"
                                          ],
                                          "Plans": [
                                            {
                                              "Node Type": "Hash Join",
                                              "Parent Relationship": "Outer",
                                              "Parallel Aware": true,
                                              "Async Capable": false,
                                              "Join Type": "Inner",
                                              "Startup Cost": 460090.41,
                                              "Total Cost": 467641.16,
                                              "Plan Rows": 572,
                                              "Plan Width": 23,
                                              "Inner Unique": false,
                                              "Hash Cond": "(item_2.i_item_sk = catalog_sales.cs_item_sk)",
                                              "Plans": [
                                                {
                                                  "Node Type": "Seq Scan",
                                                  "Parent Relationship": "Outer",
                                                  "Parallel Aware": true,
                                                  "Async Capable": false,
                                                  "Relation Name": "item",
                                                  "Alias": "item_2",
                                                  "Startup Cost": 0.0,
                                                  "Total Cost": 7389.0,
                                                  "Plan Rows": 42500,
                                                  "Plan Width": 21,
                                                  "parent": 41,
                                                  "ID": 42
                                                },
                                                {
                                                  "Node Type": "Hash",
                                                  "Parent Relationship": "Inner",
                                                  "Parallel Aware": true,
                                                  "Async Capable": false,
                                                  "Startup Cost": 460083.26,
                                                  "Total Cost": 460083.26,
                                                  "Plan Rows": 572,
                                                  "Plan Width": 10,
                                                  "Plans": [
                                                    {
                                                      "Node Type": "Hash Join",
                                                      "Parent Relationship": "Outer",
                                                      "Parallel Aware": true,
                                                      "Async Capable": false,
                                                      "Join Type": "Inner",
                                                      "Startup Cost": 3889.77,
                                                      "Total Cost": 460083.26,
                                                      "Plan Rows": 572,
                                                      "Plan Width": 10,
                                                      "Inner Unique": false,
                                                      "Hash Cond": "(catalog_sales.cs_sold_date_sk = date_dim_4.d_date_sk)",
                                                      "Plans": [
                                                        {
                                                          "Node Type": "Seq Scan",
                                                          "Parent Relationship": "Outer",
                                                          "Parallel Aware": true,
                                                          "Async Capable": false,
                                                          "Relation Name": "catalog_sales",
                                                          "Alias": "catalog_sales",
                                                          "Startup Cost": 0.0,
                                                          "Total Cost": 433688.25,
                                                          "Plan Rows": 6000525,
                                                          "Plan Width": 14,
                                                          "parent": 44,
                                                          "ID": 45
                                                        },
                                                        {
                                                          "Node Type": "Hash",
                                                          "Parent Relationship": "Inner",
                                                          "Parallel Aware": true,
                                                          "Async Capable": false,
                                                          "Startup Cost": 3889.72,
                                                          "Total Cost": 3889.72,
                                                          "Plan Rows": 4,
                                                          "Plan Width": 4,
                                                          "Plans": [
                                                            {
                                                              "Node Type": "Hash Join",
                                                              "Parent Relationship": "Outer",
                                                              "Parallel Aware": true,
                                                              "Async Capable": false,
                                                              "Join Type": "Semi",
                                                              "Startup Cost": 1942.17,
                                                              "Total Cost": 3889.72,
                                                              "Plan Rows": 4,
                                                              "Plan Width": 4,
                                                              "Inner Unique": false,
                                                              "Hash Cond": "(date_dim_4.d_date = date_dim_5.d_date)",
                                                              "Plans": [
                                                                {
                                                                  "Node Type": "Seq Scan",
                                                                  "Parent Relationship": "Outer",
                                                                  "Parallel Aware": true,
                                                                  "Async Capable": false,
                                                                  "Relation Name": "date_dim",
                                                                  "Alias": "date_dim_4",
                                                                  "Startup Cost": 0.0,
                                                                  "Total Cost": 1834.7,
                                                                  "Plan Rows": 42970,
                                                                  "Plan Width": 8,
                                                                  "parent": 47,
                                                                  "ID": 48
                                                                },
                                                                {
                                                                  "Node Type": "Hash",
                                                                  "Parent Relationship": "Inner",
                                                                  "Parallel Aware": true,
                                                                  "Async Capable": false,
                                                                  "Startup Cost": 1942.12,
                                                                  "Total Cost": 1942.12,
                                                                  "Plan Rows": 4,
                                                                  "Plan Width": 4,
                                                                  "Plans": [
                                                                    {
                                                                      "Node Type": "Seq Scan",
                                                                      "Parent Relationship": "Outer",
                                                                      "Parallel Aware": true,
                                                                      "Async Capable": false,
                                                                      "Relation Name": "date_dim",
                                                                      "Alias": "date_dim_5",
                                                                      "Startup Cost": 0.0,
                                                                      "Total Cost": 1942.12,
                                                                      "Plan Rows": 4,
                                                                      "Plan Width": 4,
                                                                      "Filter": "(d_week_seq = $1)",
                                                                      "parent": 49,
                                                                      "ID": 50
                                                                    }
                                                                  ],
                                                                  "parent": 47,
                                                                  "ID": 49,
                                                                  "left": 50
                                                                }
                                                              ],
                                                              "parent": 46,
                                                              "ID": 47,
                                                              "left": 48,
                                                              "right": 49
                                                            }
                                                          ],
                                                          "parent": 44,
                                                          "ID": 46,
                                                          "left": 47
                                                        }
                                                      ],
                                                      "parent": 43,
                                                      "ID": 44,
                                                      "left": 45,
                                                      "right": 46
                                                    }
                                                  ],
                                                  "parent": 41,
                                                  "ID": 43,
                                                  "left": 44
                                                }
                                              ],
                                              "parent": 40,
                                              "ID": 41,
                                              "left": 42,
                                              "right": 43
                                            }
                                          ],
                                          "parent": 39,
                                          "ID": 40,
                                          "left": 41
                                        }
                                      ],
                                      "parent": 38,
                                      "ID": 39,
                                      "left": 40
                                    }
                                  ],
                                  "parent": 36,
                                  "ID": 38,
                                  "left": 39
                                }
                              ],
                              "parent": 35,
                              "ID": 36,
                              "left": 37,
                              "right": 38
                            }
                          ],
                          "parent": 19,
                          "ID": 35,
                          "left": 36
                        }
                      ],
                      "parent": 18,
                      "ID": 19,
                      "left": 20,
                      "right": 35
                    }
                  ],
                  "parent": 2,
                  "ID": 18,
                  "left": 19
                }
              ],
              "parent": 1,
              "ID": 2,
              "left": 3,
              "right": 18
            }
          ],
          "parent": 0,
          "ID": 1,
          "left": 2
        }
      ],
      "parent": null,
      "ID": 0,
      "left": 1
    },
    "feat": {
      "utility": 0.0027359357039893418,
      "query_shape": [
        [
          "Seq Scan",
          "Aggregate",
          "Merge Join",
          "Sort"
        ],
        [
          "Seq Scan",
          "Hash Join",
          "Sort",
          "Aggregate",
          "Gather Merge",
          "Merge Join"
        ],
        [
          "Seq Scan",
          "Hash Join",
          "Hash",
          "Sort",
          "Aggregate",
          "Gather Merge",
          "Merge Join"
        ],
        [
          "Seq Scan",
          "Hash Join",
          "Hash",
          "Sort",
          "Aggregate",
          "Gather Merge",
          "Merge Join"
        ],
        [
          "Seq Scan",
          "Hash",
          "Hash Join",
          "Sort",
          "Aggregate",
          "Gather Merge",
          "Merge Join"
        ],
        [
          "Seq Scan",
          "Aggregate",
          "Merge Join",
          "Materialize",
          "Sort"
        ],
        [
          "Seq Scan",
          "Hash Join",
          "Sort",
          "Aggregate",
          "Gather Merge",
          "Merge Join",
          "Materialize"
        ],
        [
          "Seq Scan",
          "Hash Join",
          "Hash",
          "Sort",
          "Aggregate",
          "Gather Merge",
          "Merge Join",
          "Materialize"
        ],
        [
          "Seq Scan",
          "Hash Join",
          "Hash",
          "Sort",
          "Aggregate",
          "Gather Merge",
          "Merge Join",
          "Materialize"
        ],
        [
          "Seq Scan",
          "Hash",
          "Hash Join",
          "Sort",
          "Aggregate",
          "Gather Merge",
          "Merge Join",
          "Materialize"
        ],
        [
          "Seq Scan",
          "Aggregate",
          "Materialize",
          "Merge Join",
          "Sort"
        ],
        [
          "Seq Scan",
          "Hash Join",
          "Sort",
          "Aggregate",
          "Gather Merge",
          "Materialize",
          "Merge Join"
        ],
        [
          "Seq Scan",
          "Hash Join",
          "Hash",
          "Sort",
          "Aggregate",
          "Gather Merge",
          "Materialize",
          "Merge Join"
        ],
        [
          "Seq Scan",
          "Hash Join",
          "Hash",
          "Sort",
          "Aggregate",
          "Gather Merge",
          "Materialize",
          "Merge Join"
        ],
        [
          "Seq Scan",
          "Hash",
          "Hash Join",
          "Sort",
          "Aggregate",
          "Gather Merge",
          "Materialize",
          "Merge Join"
        ]
      ],
      "index_shape": [
        "join"
      ],
      "physical_operator": {
        "Merge Join": [
          0.0025584569748202507,
          0.007827307501429435
        ]
      }
    }
  },
  {
    "query": "with ss_items as\n (select i_item_id item_id\n        ,sum(ss_ext_sales_price) ss_item_rev \n from store_sales\n     ,item\n     ,date_dim\n where ss_item_sk = i_item_sk\n   and d_date in (select d_date\n                  from date_dim\n                  where d_week_seq = (select d_week_seq \n                                      from date_dim\n                                      where d_date = '2000-05-19'))\n   and ss_sold_date_sk   = d_date_sk\n group by i_item_id),\n cs_items as\n (select i_item_id item_id\n        ,sum(cs_ext_sales_price) cs_item_rev\n  from catalog_sales\n      ,item\n      ,date_dim\n where cs_item_sk = i_item_sk\n  and  d_date in (select d_date\n                  from date_dim\n                  where d_week_seq = (select d_week_seq \n                                      from date_dim\n                                      where d_date = '2000-05-19'))\n  and  cs_sold_date_sk = d_date_sk\n group by i_item_id),\n ws_items as\n (select i_item_id item_id\n        ,sum(ws_ext_sales_price) ws_item_rev\n  from web_sales\n      ,item\n      ,date_dim\n where ws_item_sk = i_item_sk\n  and  d_date in (select d_date\n                  from date_dim\n                  where d_week_seq =(select d_week_seq \n                                     from date_dim\n                                     where d_date = '2000-05-19'))\n  and ws_sold_date_sk   = d_date_sk\n group by i_item_id)\n  select  ss_items.item_id\n       ,ss_item_rev\n       ,ss_item_rev/((ss_item_rev+cs_item_rev+ws_item_rev)/3) * 100 ss_dev\n       ,cs_item_rev\n       ,cs_item_rev/((ss_item_rev+cs_item_rev+ws_item_rev)/3) * 100 cs_dev\n       ,ws_item_rev\n       ,ws_item_rev/((ss_item_rev+cs_item_rev+ws_item_rev)/3) * 100 ws_dev\n       ,(ss_item_rev+cs_item_rev+ws_item_rev)/3 average\n from ss_items,cs_items,ws_items\n where ss_items.item_id=cs_items.item_id\n   and ss_items.item_id=ws_items.item_id \n   and ss_item_rev between 0.9 * cs_item_rev and 1.1 * cs_item_rev\n   and ss_item_rev between 0.9 * ws_item_rev and 1.1 * ws_item_rev\n   and cs_item_rev between 0.9 * ss_item_rev and 1.1 * ss_item_rev\n   and cs_item_rev between 0.9 * ws_item_rev and 1.1 * ws_item_rev\n   and ws_item_rev between 0.9 * ss_item_rev and 1.1 * ss_item_rev\n   and ws_item_rev between 0.9 * cs_item_rev and 1.1 * cs_item_rev\n order by item_id\n         ,ss_item_rev\n limit 100;\n\n-- end query 42 in stream 2 using template query58.tpl\n",
    "indexes": "store_sales.ss_sold_date_sk",
    "wo plan est": {
      "Node Type": "Limit",
      "Parallel Aware": false,
      "Async Capable": false,
      "Startup Cost": 1412339.33,
      "Total Cost": 1412339.33,
      "Plan Rows": 1,
      "Plan Width": 241,
      "Plans": [
        {
          "Node Type": "Sort",
          "Parent Relationship": "Outer",
          "Parallel Aware": false,
          "Async Capable": false,
          "Startup Cost": 1412339.33,
          "Total Cost": 1412339.33,
          "Plan Rows": 1,
          "Plan Width": 241,
          "Sort Key": [
            "item.i_item_id",
            "(sum(store_sales.ss_ext_sales_price))"
          ],
          "Plans": [
            {
              "Node Type": "Merge Join",
              "Parent Relationship": "Outer",
              "Parallel Aware": false,
              "Async Capable": false,
              "Join Type": "Inner",
              "Startup Cost": 1411497.09,
              "Total Cost": 1412339.32,
              "Plan Rows": 1,
              "Plan Width": 241,
              "Inner Unique": false,
              "Merge Cond": "(item.i_item_id = item_2.i_item_id)",
              "Join Filter": "(((sum(store_sales.ss_ext_sales_price)) >= (0.9 * (sum(catalog_sales.cs_ext_sales_price)))) AND ((sum(store_sales.ss_ext_sales_price)) <= (1.1 * (sum(catalog_sales.cs_ext_sales_price)))) AND ((sum(catalog_sales.cs_ext_sales_price)) >= (0.9 * (sum(store_sales.ss_ext_sales_price)))) AND ((sum(catalog_sales.cs_ext_sales_price)) <= (1.1 * (sum(store_sales.ss_ext_sales_price)))) AND ((sum(store_sales.ss_ext_sales_price)) >= (0.9 * (sum(web_sales.ws_ext_sales_price)))) AND ((sum(store_sales.ss_ext_sales_price)) <= (1.1 * (sum(web_sales.ws_ext_sales_price)))) AND ((sum(web_sales.ws_ext_sales_price)) >= (0.9 * (sum(store_sales.ss_ext_sales_price)))) AND ((sum(web_sales.ws_ext_sales_price)) <= (1.1 * (sum(store_sales.ss_ext_sales_price)))))",
              "Plans": [
                {
                  "Node Type": "Aggregate",
                  "Strategy": "Sorted",
                  "Partial Mode": "Finalize",
                  "Parent Relationship": "Outer",
                  "Parallel Aware": false,
                  "Async Capable": false,
                  "Startup Cost": 696753.06,
                  "Total Cost": 697077.89,
                  "Plan Rows": 2634,
                  "Plan Width": 49,
                  "Group Key": [
                    "item.i_item_id"
                  ],
                  "Plans": [
                    {
                      "Node Type": "Seq Scan",
                      "Parent Relationship": "InitPlan",
                      "Subplan Name": "InitPlan 1 (returns $0)",
                      "Parallel Aware": false,
                      "Async Capable": false,
                      "Relation Name": "date_dim",
                      "Alias": "date_dim_6",
                      "Startup Cost": 0.0,
                      "Total Cost": 2318.11,
                      "Plan Rows": 1,
                      "Plan Width": 4,
                      "Filter": "(d_date = '2000-05-19'::date)",
                      "parent": 3,
                      "ID": 4
                    },
                    {
                      "Node Type": "Gather Merge",
                      "Parent Relationship": "Outer",
                      "Parallel Aware": false,
                      "Async Capable": false,
                      "Startup Cost": 694434.95,
                      "Total Cost": 694710.38,
                      "Plan Rows": 2196,
                      "Plan Width": 49,
                      "Workers Planned": 2,
                      "Params Evaluated": [
                        "$0"
                      ],
                      "Plans": [
                        {
                          "Node Type": "Aggregate",
                          "Strategy": "Sorted",
                          "Partial Mode": "Partial",
                          "Parent Relationship": "Outer",
                          "Parallel Aware": false,
                          "Async Capable": false,
                          "Startup Cost": 693434.92,
                          "Total Cost": 693456.88,
                          "Plan Rows": 1098,
                          "Plan Width": 49,
                          "Group Key": [
                            "item.i_item_id"
                          ],
                          "Plans": [
                            {
                              "Node Type": "Sort",
                              "Parent Relationship": "Outer",
                              "Parallel Aware": false,
                              "Async Capable": false,
                              "Startup Cost": 693434.92,
                              "Total Cost": 693437.67,
                              "Plan Rows": 1098,
                              "Plan Width": 23,
                              "Sort Key": [
                                "item.i_item_id"
                              ],
                              "Plans": [
                                {
                                  "Node Type": "Hash Join",
                                  "Parent Relationship": "Outer",
                                  "Parallel Aware": true,
                                  "Async Capable": false,
                                  "Join Type": "Inner",
                                  "Startup Cost": 685826.52,
                                  "Total Cost": 693379.47,
                                  "Plan Rows": 1098,
                                  "Plan Width": 23,
                                  "Inner Unique": false,
                                  "Hash Cond": "(item.i_item_sk = store_sales.ss_item_sk)",
                                  "Plans": [
                                    {
                                      "Node Type": "Seq Scan",
                                      "Parent Relationship": "Outer",
                                      "Parallel Aware": true,
                                      "Async Capable": false,
                                      "Relation Name": "item",
                                      "Alias": "item",
                                      "Startup Cost": 0.0,
                                      "Total Cost": 7389.0,
                                      "Plan Rows": 42500,
                                      "Plan Width": 21,
                                      "parent": 8,
                                      "ID": 9
                                    },
                                    {
                                      "Node Type": "Hash",
                                      "Parent Relationship": "Inner",
                                      "Parallel Aware": true,
                                      "Async Capable": false,
                                      "Startup Cost": 685812.79,
                                      "Total Cost": 685812.79,
                                      "Plan Rows": 1098,
                                      "Plan Width": 10,
                                      "Plans": [
                                        {
                                          "Node Type": "Hash Join",
                                          "Parent Relationship": "Outer",
                                          "Parallel Aware": true,
                                          "Async Capable": false,
                                          "Join Type": "Inner",
                                          "Startup Cost": 3889.77,
                                          "Total Cost": 685812.79,
                                          "Plan Rows": 1098,
                                          "Plan Width": 10,
                                          "Inner Unique": false,
                                          "Hash Cond": "(store_sales.ss_sold_date_sk = date_dim.d_date_sk)",
                                          "Plans": [
                                            {
                                              "Node Type": "Seq Scan",
                                              "Parent Relationship": "Outer",
                                              "Parallel Aware": true,
                                              "Async Capable": false,
                                              "Relation Name": "store_sales",
                                              "Alias": "store_sales",
                                              "Startup Cost": 0.0,
                                              "Total Cost": 636914.37,
                                              "Plan Rows": 12000637,
                                              "Plan Width": 14,
                                              "parent": 11,
                                              "ID": 12
                                            },
                                            {
                                              "Node Type": "Hash",
                                              "Parent Relationship": "Inner",
                                              "Parallel Aware": true,
                                              "Async Capable": false,
                                              "Startup Cost": 3889.72,
                                              "Total Cost": 3889.72,
                                              "Plan Rows": 4,
                                              "Plan Width": 4,
                                              "Plans": [
                                                {
                                                  "Node Type": "Hash Join",
                                                  "Parent Relationship": "Outer",
                                                  "Parallel Aware": true,
                                                  "Async Capable": false,
                                                  "Join Type": "Semi",
                                                  "Startup Cost": 1942.17,
                                                  "Total Cost": 3889.72,
                                                  "Plan Rows": 4,
                                                  "Plan Width": 4,
                                                  "Inner Unique": false,
                                                  "Hash Cond": "(date_dim.d_date = date_dim_1.d_date)",
                                                  "Plans": [
                                                    {
                                                      "Node Type": "Seq Scan",
                                                      "Parent Relationship": "Outer",
                                                      "Parallel Aware": true,
                                                      "Async Capable": false,
                                                      "Relation Name": "date_dim",
                                                      "Alias": "date_dim",
                                                      "Startup Cost": 0.0,
                                                      "Total Cost": 1834.7,
                                                      "Plan Rows": 42970,
                                                      "Plan Width": 8,
                                                      "parent": 14,
                                                      "ID": 15
                                                    },
                                                    {
                                                      "Node Type": "Hash",
                                                      "Parent Relationship": "Inner",
                                                      "Parallel Aware": true,
                                                      "Async Capable": false,
                                                      "Startup Cost": 1942.12,
                                                      "Total Cost": 1942.12,
                                                      "Plan Rows": 4,
                                                      "Plan Width": 4,
                                                      "Plans": [
                                                        {
                                                          "Node Type": "Seq Scan",
                                                          "Parent Relationship": "Outer",
                                                          "Parallel Aware": true,
                                                          "Async Capable": false,
                                                          "Relation Name": "date_dim",
                                                          "Alias": "date_dim_1",
                                                          "Startup Cost": 0.0,
                                                          "Total Cost": 1942.12,
                                                          "Plan Rows": 4,
                                                          "Plan Width": 4,
                                                          "Filter": "(d_week_seq = $0)",
                                                          "parent": 16,
                                                          "ID": 17
                                                        }
                                                      ],
                                                      "parent": 14,
                                                      "ID": 16,
                                                      "left": 17
                                                    }
                                                  ],
                                                  "parent": 13,
                                                  "ID": 14,
                                                  "left": 15,
                                                  "right": 16
                                                }
                                              ],
                                              "parent": 11,
                                              "ID": 13,
                                              "left": 14
                                            }
                                          ],
                                          "parent": 10,
                                          "ID": 11,
                                          "left": 12,
                                          "right": 13
                                        }
                                      ],
                                      "parent": 8,
                                      "ID": 10,
                                      "left": 11
                                    }
                                  ],
                                  "parent": 7,
                                  "ID": 8,
                                  "left": 9,
                                  "right": 10
                                }
                              ],
                              "parent": 6,
                              "ID": 7,
                              "left": 8
                            }
                          ],
                          "parent": 5,
                          "ID": 6,
                          "left": 7
                        }
                      ],
                      "parent": 3,
                      "ID": 5,
                      "left": 6
                    }
                  ],
                  "parent": 2,
                  "ID": 3,
                  "left": 4,
                  "right": 5
                },
                {
                  "Node Type": "Materialize",
                  "Parent Relationship": "Inner",
                  "Parallel Aware": false,
                  "Async Capable": false,
                  "Startup Cost": 714744.03,
                  "Total Cost": 715186.59,
                  "Plan Rows": 58,
                  "Plan Width": 98,
                  "Plans": [
                    {
                      "Node Type": "Merge Join",
                      "Parent Relationship": "Outer",
                      "Parallel Aware": false,
                      "Async Capable": false,
                      "Join Type": "Inner",
                      "Startup Cost": 714744.03,
                      "Total Cost": 715186.44,
                      "Plan Rows": 58,
                      "Plan Width": 98,
                      "Inner Unique": true,
                      "Merge Cond": "(item_1.i_item_id = item_2.i_item_id)",
                      "Join Filter": "(((sum(catalog_sales.cs_ext_sales_price)) >= (0.9 * (sum(web_sales.ws_ext_sales_price)))) AND ((sum(catalog_sales.cs_ext_sales_price)) <= (1.1 * (sum(web_sales.ws_ext_sales_price)))) AND ((sum(web_sales.ws_ext_sales_price)) >= (0.9 * (sum(catalog_sales.cs_ext_sales_price)))) AND ((sum(web_sales.ws_ext_sales_price)) <= (1.1 * (sum(catalog_sales.cs_ext_sales_price)))))",
                      "Plans": [
                        {
                          "Node Type": "Aggregate",
                          "Strategy": "Sorted",
                          "Partial Mode": "Finalize",
                          "Parent Relationship": "Outer",
                          "Parallel Aware": false,
                          "Async Capable": false,
                          "Startup Cost": 243758.54,
                          "Total Cost": 243843.73,
                          "Plan Rows": 690,
                          "Plan Width": 49,
                          "Group Key": [
                            "item_1.i_item_id"
                          ],
                          "Plans": [
                            {
                              "Node Type": "Seq Scan",
                              "Parent Relationship": "InitPlan",
                              "Subplan Name": "InitPlan 3 (returns $2)",
                              "Parallel Aware": false,
                              "Async Capable": false,
                              "Relation Name": "date_dim",
                              "Alias": "date_dim_8",
                              "Startup Cost": 0.0,
                              "Total Cost": 2318.11,
                              "Plan Rows": 1,
                              "Plan Width": 4,
                              "Filter": "(d_date = '2000-05-19'::date)",
                              "parent": 20,
                              "ID": 21
                            },
                            {
                              "Node Type": "Gather Merge",
                              "Parent Relationship": "Outer",
                              "Parallel Aware": false,
                              "Async Capable": false,
                              "Startup Cost": 241440.43,
                              "Total Cost": 241512.67,
                              "Plan Rows": 576,
                              "Plan Width": 49,
                              "Workers Planned": 2,
                              "Params Evaluated": [
                                "$2"
                              ],
                              "Plans": [
                                {
                                  "Node Type": "Aggregate",
                                  "Strategy": "Sorted",
                                  "Partial Mode": "Partial",
                                  "Parent Relationship": "Outer",
                                  "Parallel Aware": false,
                                  "Async Capable": false,
                                  "Startup Cost": 240440.4,
                                  "Total Cost": 240446.16,
                                  "Plan Rows": 288,
                                  "Plan Width": 49,
                                  "Group Key": [
                                    "item_1.i_item_id"
                                  ],
                                  "Plans": [
                                    {
                                      "Node Type": "Sort",
                                      "Parent Relationship": "Outer",
                                      "Parallel Aware": false,
                                      "Async Capable": false,
                                      "Startup Cost": 240440.4,
                                      "Total Cost": 240441.12,
                                      "Plan Rows": 288,
                                      "Plan Width": 23,
                                      "Sort Key": [
                                        "item_1.i_item_id"
                                      ],
                                      "Plans": [
                                        {
                                          "Node Type": "Hash Join",
                                          "Parent Relationship": "Outer",
                                          "Parallel Aware": true,
                                          "Async Capable": false,
                                          "Join Type": "Inner",
                                          "Startup Cost": 232879.06,
                                          "Total Cost": 240428.64,
                                          "Plan Rows": 288,
                                          "Plan Width": 23,
                                          "Inner Unique": false,
                                          "Hash Cond": "(item_1.i_item_sk = web_sales.ws_item_sk)",
                                          "Plans": [
                                            {
                                              "Node Type": "Seq Scan",
                                              "Parent Relationship": "Outer",
                                              "Parallel Aware": true,
                                              "Async Capable": false,
                                              "Relation Name": "item",
                                              "Alias": "item_1",
                                              "Startup Cost": 0.0,
                                              "Total Cost": 7389.0,
                                              "Plan Rows": 42500,
                                              "Plan Width": 21,
                                              "parent": 25,
                                              "ID": 26
                                            },
                                            {
                                              "Node Type": "Hash",
                                              "Parent Relationship": "Inner",
                                              "Parallel Aware": true,
                                              "Async Capable": false,
                                              "Startup Cost": 232875.46,
                                              "Total Cost": 232875.46,
                                              "Plan Rows": 288,
                                              "Plan Width": 10,
                                              "Plans": [
                                                {
                                                  "Node Type": "Hash Join",
                                                  "Parent Relationship": "Outer",
                                                  "Parallel Aware": true,
                                                  "Async Capable": false,
                                                  "Join Type": "Inner",
                                                  "Startup Cost": 3889.77,
                                                  "Total Cost": 232875.46,
                                                  "Plan Rows": 288,
                                                  "Plan Width": 10,
                                                  "Inner Unique": false,
                                                  "Hash Cond": "(web_sales.ws_sold_date_sk = date_dim_2.d_date_sk)",
                                                  "Plans": [
                                                    {
                                                      "Node Type": "Seq Scan",
                                                      "Parent Relationship": "Outer",
                                                      "Parallel Aware": true,
                                                      "Async Capable": false,
                                                      "Relation Name": "web_sales",
                                                      "Alias": "web_sales",
                                                      "Startup Cost": 0.0,
                                                      "Total Cost": 217737.86,
                                                      "Plan Rows": 2998986,
                                                      "Plan Width": 14,
                                                      "parent": 28,
                                                      "ID": 29
                                                    },
                                                    {
                                                      "Node Type": "Hash",
                                                      "Parent Relationship": "Inner",
                                                      "Parallel Aware": true,
                                                      "Async Capable": false,
                                                      "Startup Cost": 3889.72,
                                                      "Total Cost": 3889.72,
                                                      "Plan Rows": 4,
                                                      "Plan Width": 4,
                                                      "Plans": [
                                                        {
                                                          "Node Type": "Hash Join",
                                                          "Parent Relationship": "Outer",
                                                          "Parallel Aware": true,
                                                          "Async Capable": false,
                                                          "Join Type": "Semi",
                                                          "Startup Cost": 1942.17,
                                                          "Total Cost": 3889.72,
                                                          "Plan Rows": 4,
                                                          "Plan Width": 4,
                                                          "Inner Unique": false,
                                                          "Hash Cond": "(date_dim_2.d_date = date_dim_3.d_date)",
                                                          "Plans": [
                                                            {
                                                              "Node Type": "Seq Scan",
                                                              "Parent Relationship": "Outer",
                                                              "Parallel Aware": true,
                                                              "Async Capable": false,
                                                              "Relation Name": "date_dim",
                                                              "Alias": "date_dim_2",
                                                              "Startup Cost": 0.0,
                                                              "Total Cost": 1834.7,
                                                              "Plan Rows": 42970,
                                                              "Plan Width": 8,
                                                              "parent": 31,
                                                              "ID": 32
                                                            },
                                                            {
                                                              "Node Type": "Hash",
                                                              "Parent Relationship": "Inner",
                                                              "Parallel Aware": true,
                                                              "Async Capable": false,
                                                              "Startup Cost": 1942.12,
                                                              "Total Cost": 1942.12,
                                                              "Plan Rows": 4,
                                                              "Plan Width": 4,
                                                              "Plans": [
                                                                {
                                                                  "Node Type": "Seq Scan",
                                                                  "Parent Relationship": "Outer",
                                                                  "Parallel Aware": true,
                                                                  "Async Capable": false,
                                                                  "Relation Name": "date_dim",
                                                                  "Alias": "date_dim_3",
                                                                  "Startup Cost": 0.0,
                                                                  "Total Cost": 1942.12,
                                                                  "Plan Rows": 4,
                                                                  "Plan Width": 4,
                                                                  "Filter": "(d_week_seq = $2)",
                                                                  "parent": 33,
                                                                  "ID": 34
                                                                }
                                                              ],
                                                              "parent": 31,
                                                              "ID": 33,
                                                              "left": 34
                                                            }
                                                          ],
                                                          "parent": 30,
                                                          "ID": 31,
                                                          "left": 32,
                                                          "right": 33
                                                        }
                                                      ],
                                                      "parent": 28,
                                                      "ID": 30,
                                                      "left": 31
                                                    }
                                                  ],
                                                  "parent": 27,
                                                  "ID": 28,
                                                  "left": 29,
                                                  "right": 30
                                                }
                                              ],
                                              "parent": 25,
                                              "ID": 27,
                                              "left": 28
                                            }
                                          ],
                                          "parent": 24,
                                          "ID": 25,
                                          "left": 26,
                                          "right": 27
                                        }
                                      ],
                                      "parent": 23,
                                      "ID": 24,
                                      "left": 25
                                    }
                                  ],
                                  "parent": 22,
                                  "ID": 23,
                                  "left": 24
                                }
                              ],
                              "parent": 20,
                              "ID": 22,
                              "left": 23
                            }
                          ],
                          "parent": 19,
                          "ID": 20,
                          "left": 21,
                          "right": 22
                        },
                        {
                          "Node Type": "Materialize",
                          "Parent Relationship": "Inner",
                          "Parallel Aware": false,
                          "Async Capable": false,
                          "Startup Cost": 470985.5,
                          "Total Cost": 471171.86,
                          "Plan Rows": 1372,
                          "Plan Width": 49,
                          "Plans": [
                            {
                              "Node Type": "Aggregate",
                              "Strategy": "Sorted",
                              "Partial Mode": "Finalize",
                              "Parent Relationship": "Outer",
                              "Parallel Aware": false,
                              "Async Capable": false,
                              "Startup Cost": 470985.5,
                              "Total Cost": 471154.71,
                              "Plan Rows": 1372,
                              "Plan Width": 49,
                              "Group Key": [
                                "item_2.i_item_id"
                              ],
                              "Plans": [
                                {
                                  "Node Type": "Seq Scan",
                                  "Parent Relationship": "InitPlan",
                                  "Subplan Name": "InitPlan 2 (returns $1)",
                                  "Parallel Aware": false,
                                  "Async Capable": false,
                                  "Relation Name": "date_dim",
                                  "Alias": "date_dim_7",
                                  "Startup Cost": 0.0,
                                  "Total Cost": 2318.11,
                                  "Plan Rows": 1,
                                  "Plan Width": 4,
                                  "Filter": "(d_date = '2000-05-19'::date)",
                                  "parent": 36,
                                  "ID": 37
                                },
                                {
                                  "Node Type": "Gather Merge",
                                  "Parent Relationship": "Outer",
                                  "Parallel Aware": false,
                                  "Async Capable": false,
                                  "Startup Cost": 468667.38,
                                  "Total Cost": 468810.87,
                                  "Plan Rows": 1144,
                                  "Plan Width": 49,
                                  "Workers Planned": 2,
                                  "Params Evaluated": [
                                    "$1"
                                  ],
                                  "Plans": [
                                    {
                                      "Node Type": "Aggregate",
                                      "Strategy": "Sorted",
                                      "Partial Mode": "Partial",
                                      "Parent Relationship": "Outer",
                                      "Parallel Aware": false,
                                      "Async Capable": false,
                                      "Startup Cost": 467667.36,
                                      "Total Cost": 467678.8,
                                      "Plan Rows": 572,
                                      "Plan Width": 49,
                                      "Group Key": [
                                        "item_2.i_item_id"
                                      ],
                                      "Plans": [
                                        {
                                          "Node Type": "Sort",
                                          "Parent Relationship": "Outer",
                                          "Parallel Aware": false,
                                          "Async Capable": false,
                                          "Startup Cost": 467667.36,
                                          "Total Cost": 467668.79,
                                          "Plan Rows": 572,
                                          "Plan Width": 23,
                                          "Sort Key": [
                                            "item_2.i_item_id"
                                          ],
                                          "Plans": [
                                            {
                                              "Node Type": "Hash Join",
                                              "Parent Relationship": "Outer",
                                              "Parallel Aware": true,
                                              "Async Capable": false,
                                              "Join Type": "Inner",
                                              "Startup Cost": 460090.41,
                                              "Total Cost": 467641.16,
                                              "Plan Rows": 572,
                                              "Plan Width": 23,
                                              "Inner Unique": false,
                                              "Hash Cond": "(item_2.i_item_sk = catalog_sales.cs_item_sk)",
                                              "Plans": [
                                                {
                                                  "Node Type": "Seq Scan",
                                                  "Parent Relationship": "Outer",
                                                  "Parallel Aware": true,
                                                  "Async Capable": false,
                                                  "Relation Name": "item",
                                                  "Alias": "item_2",
                                                  "Startup Cost": 0.0,
                                                  "Total Cost": 7389.0,
                                                  "Plan Rows": 42500,
                                                  "Plan Width": 21,
                                                  "parent": 41,
                                                  "ID": 42
                                                },
                                                {
                                                  "Node Type": "Hash",
                                                  "Parent Relationship": "Inner",
                                                  "Parallel Aware": true,
                                                  "Async Capable": false,
                                                  "Startup Cost": 460083.26,
                                                  "Total Cost": 460083.26,
                                                  "Plan Rows": 572,
                                                  "Plan Width": 10,
                                                  "Plans": [
                                                    {
                                                      "Node Type": "Hash Join",
                                                      "Parent Relationship": "Outer",
                                                      "Parallel Aware": true,
                                                      "Async Capable": false,
                                                      "Join Type": "Inner",
                                                      "Startup Cost": 3889.77,
                                                      "Total Cost": 460083.26,
                                                      "Plan Rows": 572,
                                                      "Plan Width": 10,
                                                      "Inner Unique": false,
                                                      "Hash Cond": "(catalog_sales.cs_sold_date_sk = date_dim_4.d_date_sk)",
                                                      "Plans": [
                                                        {
                                                          "Node Type": "Seq Scan",
                                                          "Parent Relationship": "Outer",
                                                          "Parallel Aware": true,
                                                          "Async Capable": false,
                                                          "Relation Name": "catalog_sales",
                                                          "Alias": "catalog_sales",
                                                          "Startup Cost": 0.0,
                                                          "Total Cost": 433688.25,
                                                          "Plan Rows": 6000525,
                                                          "Plan Width": 14,
                                                          "parent": 44,
                                                          "ID": 45
                                                        },
                                                        {
                                                          "Node Type": "Hash",
                                                          "Parent Relationship": "Inner",
                                                          "Parallel Aware": true,
                                                          "Async Capable": false,
                                                          "Startup Cost": 3889.72,
                                                          "Total Cost": 3889.72,
                                                          "Plan Rows": 4,
                                                          "Plan Width": 4,
                                                          "Plans": [
                                                            {
                                                              "Node Type": "Hash Join",
                                                              "Parent Relationship": "Outer",
                                                              "Parallel Aware": true,
                                                              "Async Capable": false,
                                                              "Join Type": "Semi",
                                                              "Startup Cost": 1942.17,
                                                              "Total Cost": 3889.72,
                                                              "Plan Rows": 4,
                                                              "Plan Width": 4,
                                                              "Inner Unique": false,
                                                              "Hash Cond": "(date_dim_4.d_date = date_dim_5.d_date)",
                                                              "Plans": [
                                                                {
                                                                  "Node Type": "Seq Scan",
                                                                  "Parent Relationship": "Outer",
                                                                  "Parallel Aware": true,
                                                                  "Async Capable": false,
                                                                  "Relation Name": "date_dim",
                                                                  "Alias": "date_dim_4",
                                                                  "Startup Cost": 0.0,
                                                                  "Total Cost": 1834.7,
                                                                  "Plan Rows": 42970,
                                                                  "Plan Width": 8,
                                                                  "parent": 47,
                                                                  "ID": 48
                                                                },
                                                                {
                                                                  "Node Type": "Hash",
                                                                  "Parent Relationship": "Inner",
                                                                  "Parallel Aware": true,
                                                                  "Async Capable": false,
                                                                  "Startup Cost": 1942.12,
                                                                  "Total Cost": 1942.12,
                                                                  "Plan Rows": 4,
                                                                  "Plan Width": 4,
                                                                  "Plans": [
                                                                    {
                                                                      "Node Type": "Seq Scan",
                                                                      "Parent Relationship": "Outer",
                                                                      "Parallel Aware": true,
                                                                      "Async Capable": false,
                                                                      "Relation Name": "date_dim",
                                                                      "Alias": "date_dim_5",
                                                                      "Startup Cost": 0.0,
                                                                      "Total Cost": 1942.12,
                                                                      "Plan Rows": 4,
                                                                      "Plan Width": 4,
                                                                      "Filter": "(d_week_seq = $1)",
                                                                      "parent": 49,
                                                                      "ID": 50
                                                                    }
                                                                  ],
                                                                  "parent": 47,
                                                                  "ID": 49,
                                                                  "left": 50
                                                                }
                                                              ],
                                                              "parent": 46,
                                                              "ID": 47,
                                                              "left": 48,
                                                              "right": 49
                                                            }
                                                          ],
                                                          "parent": 44,
                                                          "ID": 46,
                                                          "left": 47
                                                        }
                                                      ],
                                                      "parent": 43,
                                                      "ID": 44,
                                                      "left": 45,
                                                      "right": 46
                                                    }
                                                  ],
                                                  "parent": 41,
                                                  "ID": 43,
                                                  "left": 44
                                                }
                                              ],
                                              "parent": 40,
                                              "ID": 41,
                                              "left": 42,
                                              "right": 43
                                            }
                                          ],
                                          "parent": 39,
                                          "ID": 40,
                                          "left": 41
                                        }
                                      ],
                                      "parent": 38,
                                      "ID": 39,
                                      "left": 40
                                    }
                                  ],
                                  "parent": 36,
                                  "ID": 38,
                                  "left": 39
                                }
                              ],
                              "parent": 35,
                              "ID": 36,
                              "left": 37,
                              "right": 38
                            }
                          ],
                          "parent": 19,
                          "ID": 35,
                          "left": 36
                        }
                      ],
                      "parent": 18,
                      "ID": 19,
                      "left": 20,
                      "right": 35
                    }
                  ],
                  "parent": 2,
                  "ID": 18,
                  "left": 19
                }
              ],
              "parent": 1,
              "ID": 2,
              "left": 3,
              "right": 18
            }
          ],
          "parent": 0,
          "ID": 1,
          "left": 2
        }
      ],
      "parent": null,
      "ID": 0,
      "left": 1
    },
    "feat": {
      "utility": 0.0013685319594504797,
      "query_shape": [
        [
          "Seq Scan",
          "Aggregate",
          "Merge Join",
          "Sort"
        ],
        [
          "Seq Scan",
          "Hash Join",
          "Sort",
          "Aggregate",
          "Gather Merge",
          "Merge Join"
        ],
        [
          "Seq Scan",
          "Hash Join",
          "Hash",
          "Sort",
          "Aggregate",
          "Gather Merge",
          "Merge Join"
        ],
        [
          "Seq Scan",
          "Hash Join",
          "Hash",
          "Sort",
          "Aggregate",
          "Gather Merge",
          "Merge Join"
        ],
        [
          "Seq Scan",
          "Hash",
          "Hash Join",
          "Sort",
          "Aggregate",
          "Gather Merge",
          "Merge Join"
        ],
        [
          "Seq Scan",
          "Aggregate",
          "Merge Join",
          "Materialize",
          "Sort"
        ],
        [
          "Seq Scan",
          "Hash Join",
          "Sort",
          "Aggregate",
          "Gather Merge",
          "Merge Join",
          "Materialize"
        ],
        [
          "Seq Scan",
          "Hash Join",
          "Hash",
          "Sort",
          "Aggregate",
          "Gather Merge",
          "Merge Join",
          "Materialize"
        ],
        [
          "Seq Scan",
          "Hash Join",
          "Hash",
          "Sort",
          "Aggregate",
          "Gather Merge",
          "Merge Join",
          "Materialize"
        ],
        [
          "Seq Scan",
          "Hash",
          "Hash Join",
          "Sort",
          "Aggregate",
          "Gather Merge",
          "Merge Join",
          "Materialize"
        ],
        [
          "Seq Scan",
          "Aggregate",
          "Materialize",
          "Merge Join",
          "Sort"
        ],
        [
          "Seq Scan",
          "Hash Join",
          "Sort",
          "Aggregate",
          "Gather Merge",
          "Materialize",
          "Merge Join"
        ],
        [
          "Seq Scan",
          "Hash Join",
          "Hash",
          "Sort",
          "Aggregate",
          "Gather Merge",
          "Materialize",
          "Merge Join"
        ],
        [
          "Seq Scan",
          "Hash Join",
          "Hash",
          "Sort",
          "Aggregate",
          "Gather Merge",
          "Materialize",
          "Merge Join"
        ],
        [
          "Seq Scan",
          "Hash",
          "Hash Join",
          "Sort",
          "Aggregate",
          "Gather Merge",
          "Materialize",
          "Merge Join"
        ]
      ],
      "index_shape": [
        "join"
      ],
      "physical_operator": {
        "Hash Join": [
          0.004782654679485513
        ]
      }
    }
  },
  {
    "query": "with ss_items as\n (select i_item_id item_id\n        ,sum(ss_ext_sales_price) ss_item_rev \n from store_sales\n     ,item\n     ,date_dim\n where ss_item_sk = i_item_sk\n   and d_date in (select d_date\n                  from date_dim\n                  where d_week_seq = (select d_week_seq \n                                      from date_dim\n                                      where d_date = '2000-05-19'))\n   and ss_sold_date_sk   = d_date_sk\n group by i_item_id),\n cs_items as\n (select i_item_id item_id\n        ,sum(cs_ext_sales_price) cs_item_rev\n  from catalog_sales\n      ,item\n      ,date_dim\n where cs_item_sk = i_item_sk\n  and  d_date in (select d_date\n                  from date_dim\n                  where d_week_seq = (select d_week_seq \n                                      from date_dim\n                                      where d_date = '2000-05-19'))\n  and  cs_sold_date_sk = d_date_sk\n group by i_item_id),\n ws_items as\n (select i_item_id item_id\n        ,sum(ws_ext_sales_price) ws_item_rev\n  from web_sales\n      ,item\n      ,date_dim\n where ws_item_sk = i_item_sk\n  and  d_date in (select d_date\n                  from date_dim\n                  where d_week_seq =(select d_week_seq \n                                     from date_dim\n                                     where d_date = '2000-05-19'))\n  and ws_sold_date_sk   = d_date_sk\n group by i_item_id)\n  select  ss_items.item_id\n       ,ss_item_rev\n       ,ss_item_rev/((ss_item_rev+cs_item_rev+ws_item_rev)/3) * 100 ss_dev\n       ,cs_item_rev\n       ,cs_item_rev/((ss_item_rev+cs_item_rev+ws_item_rev)/3) * 100 cs_dev\n       ,ws_item_rev\n       ,ws_item_rev/((ss_item_rev+cs_item_rev+ws_item_rev)/3) * 100 ws_dev\n       ,(ss_item_rev+cs_item_rev+ws_item_rev)/3 average\n from ss_items,cs_items,ws_items\n where ss_items.item_id=cs_items.item_id\n   and ss_items.item_id=ws_items.item_id \n   and ss_item_rev between 0.9 * cs_item_rev and 1.1 * cs_item_rev\n   and ss_item_rev between 0.9 * ws_item_rev and 1.1 * ws_item_rev\n   and cs_item_rev between 0.9 * ss_item_rev and 1.1 * ss_item_rev\n   and cs_item_rev between 0.9 * ws_item_rev and 1.1 * ws_item_rev\n   and ws_item_rev between 0.9 * ss_item_rev and 1.1 * ss_item_rev\n   and ws_item_rev between 0.9 * cs_item_rev and 1.1 * cs_item_rev\n order by item_id\n         ,ss_item_rev\n limit 100;\n\n-- end query 42 in stream 2 using template query58.tpl\n",
    "indexes": "store_sales.ss_item_sk",
    "wo plan est": {
      "Node Type": "Limit",
      "Parallel Aware": false,
      "Async Capable": false,
      "Startup Cost": 1412339.33,
      "Total Cost": 1412339.33,
      "Plan Rows": 1,
      "Plan Width": 241,
      "Plans": [
        {
          "Node Type": "Sort",
          "Parent Relationship": "Outer",
          "Parallel Aware": false,
          "Async Capable": false,
          "Startup Cost": 1412339.33,
          "Total Cost": 1412339.33,
          "Plan Rows": 1,
          "Plan Width": 241,
          "Sort Key": [
            "item.i_item_id",
            "(sum(store_sales.ss_ext_sales_price))"
          ],
          "Plans": [
            {
              "Node Type": "Merge Join",
              "Parent Relationship": "Outer",
              "Parallel Aware": false,
              "Async Capable": false,
              "Join Type": "Inner",
              "Startup Cost": 1411497.09,
              "Total Cost": 1412339.32,
              "Plan Rows": 1,
              "Plan Width": 241,
              "Inner Unique": false,
              "Merge Cond": "(item.i_item_id = item_2.i_item_id)",
              "Join Filter": "(((sum(store_sales.ss_ext_sales_price)) >= (0.9 * (sum(catalog_sales.cs_ext_sales_price)))) AND ((sum(store_sales.ss_ext_sales_price)) <= (1.1 * (sum(catalog_sales.cs_ext_sales_price)))) AND ((sum(catalog_sales.cs_ext_sales_price)) >= (0.9 * (sum(store_sales.ss_ext_sales_price)))) AND ((sum(catalog_sales.cs_ext_sales_price)) <= (1.1 * (sum(store_sales.ss_ext_sales_price)))) AND ((sum(store_sales.ss_ext_sales_price)) >= (0.9 * (sum(web_sales.ws_ext_sales_price)))) AND ((sum(store_sales.ss_ext_sales_price)) <= (1.1 * (sum(web_sales.ws_ext_sales_price)))) AND ((sum(web_sales.ws_ext_sales_price)) >= (0.9 * (sum(store_sales.ss_ext_sales_price)))) AND ((sum(web_sales.ws_ext_sales_price)) <= (1.1 * (sum(store_sales.ss_ext_sales_price)))))",
              "Plans": [
                {
                  "Node Type": "Aggregate",
                  "Strategy": "Sorted",
                  "Partial Mode": "Finalize",
                  "Parent Relationship": "Outer",
                  "Parallel Aware": false,
                  "Async Capable": false,
                  "Startup Cost": 696753.06,
                  "Total Cost": 697077.89,
                  "Plan Rows": 2634,
                  "Plan Width": 49,
                  "Group Key": [
                    "item.i_item_id"
                  ],
                  "Plans": [
                    {
                      "Node Type": "Seq Scan",
                      "Parent Relationship": "InitPlan",
                      "Subplan Name": "InitPlan 1 (returns $0)",
                      "Parallel Aware": false,
                      "Async Capable": false,
                      "Relation Name": "date_dim",
                      "Alias": "date_dim_6",
                      "Startup Cost": 0.0,
                      "Total Cost": 2318.11,
                      "Plan Rows": 1,
                      "Plan Width": 4,
                      "Filter": "(d_date = '2000-05-19'::date)",
                      "parent": 3,
                      "ID": 4
                    },
                    {
                      "Node Type": "Gather Merge",
                      "Parent Relationship": "Outer",
                      "Parallel Aware": false,
                      "Async Capable": false,
                      "Startup Cost": 694434.95,
                      "Total Cost": 694710.38,
                      "Plan Rows": 2196,
                      "Plan Width": 49,
                      "Workers Planned": 2,
                      "Params Evaluated": [
                        "$0"
                      ],
                      "Plans": [
                        {
                          "Node Type": "Aggregate",
                          "Strategy": "Sorted",
                          "Partial Mode": "Partial",
                          "Parent Relationship": "Outer",
                          "Parallel Aware": false,
                          "Async Capable": false,
                          "Startup Cost": 693434.92,
                          "Total Cost": 693456.88,
                          "Plan Rows": 1098,
                          "Plan Width": 49,
                          "Group Key": [
                            "item.i_item_id"
                          ],
                          "Plans": [
                            {
                              "Node Type": "Sort",
                              "Parent Relationship": "Outer",
                              "Parallel Aware": false,
                              "Async Capable": false,
                              "Startup Cost": 693434.92,
                              "Total Cost": 693437.67,
                              "Plan Rows": 1098,
                              "Plan Width": 23,
                              "Sort Key": [
                                "item.i_item_id"
                              ],
                              "Plans": [
                                {
                                  "Node Type": "Hash Join",
                                  "Parent Relationship": "Outer",
                                  "Parallel Aware": true,
                                  "Async Capable": false,
                                  "Join Type": "Inner",
                                  "Startup Cost": 685826.52,
                                  "Total Cost": 693379.47,
                                  "Plan Rows": 1098,
                                  "Plan Width": 23,
                                  "Inner Unique": false,
                                  "Hash Cond": "(item.i_item_sk = store_sales.ss_item_sk)",
                                  "Plans": [
                                    {
                                      "Node Type": "Seq Scan",
                                      "Parent Relationship": "Outer",
                                      "Parallel Aware": true,
                                      "Async Capable": false,
                                      "Relation Name": "item",
                                      "Alias": "item",
                                      "Startup Cost": 0.0,
                                      "Total Cost": 7389.0,
                                      "Plan Rows": 42500,
                                      "Plan Width": 21,
                                      "parent": 8,
                                      "ID": 9
                                    },
                                    {
                                      "Node Type": "Hash",
                                      "Parent Relationship": "Inner",
                                      "Parallel Aware": true,
                                      "Async Capable": false,
                                      "Startup Cost": 685812.79,
                                      "Total Cost": 685812.79,
                                      "Plan Rows": 1098,
                                      "Plan Width": 10,
                                      "Plans": [
                                        {
                                          "Node Type": "Hash Join",
                                          "Parent Relationship": "Outer",
                                          "Parallel Aware": true,
                                          "Async Capable": false,
                                          "Join Type": "Inner",
                                          "Startup Cost": 3889.77,
                                          "Total Cost": 685812.79,
                                          "Plan Rows": 1098,
                                          "Plan Width": 10,
                                          "Inner Unique": false,
                                          "Hash Cond": "(store_sales.ss_sold_date_sk = date_dim.d_date_sk)",
                                          "Plans": [
                                            {
                                              "Node Type": "Seq Scan",
                                              "Parent Relationship": "Outer",
                                              "Parallel Aware": true,
                                              "Async Capable": false,
                                              "Relation Name": "store_sales",
                                              "Alias": "store_sales",
                                              "Startup Cost": 0.0,
                                              "Total Cost": 636914.37,
                                              "Plan Rows": 12000637,
                                              "Plan Width": 14,
                                              "parent": 11,
                                              "ID": 12
                                            },
                                            {
                                              "Node Type": "Hash",
                                              "Parent Relationship": "Inner",
                                              "Parallel Aware": true,
                                              "Async Capable": false,
                                              "Startup Cost": 3889.72,
                                              "Total Cost": 3889.72,
                                              "Plan Rows": 4,
                                              "Plan Width": 4,
                                              "Plans": [
                                                {
                                                  "Node Type": "Hash Join",
                                                  "Parent Relationship": "Outer",
                                                  "Parallel Aware": true,
                                                  "Async Capable": false,
                                                  "Join Type": "Semi",
                                                  "Startup Cost": 1942.17,
                                                  "Total Cost": 3889.72,
                                                  "Plan Rows": 4,
                                                  "Plan Width": 4,
                                                  "Inner Unique": false,
                                                  "Hash Cond": "(date_dim.d_date = date_dim_1.d_date)",
                                                  "Plans": [
                                                    {
                                                      "Node Type": "Seq Scan",
                                                      "Parent Relationship": "Outer",
                                                      "Parallel Aware": true,
                                                      "Async Capable": false,
                                                      "Relation Name": "date_dim",
                                                      "Alias": "date_dim",
                                                      "Startup Cost": 0.0,
                                                      "Total Cost": 1834.7,
                                                      "Plan Rows": 42970,
                                                      "Plan Width": 8,
                                                      "parent": 14,
                                                      "ID": 15
                                                    },
                                                    {
                                                      "Node Type": "Hash",
                                                      "Parent Relationship": "Inner",
                                                      "Parallel Aware": true,
                                                      "Async Capable": false,
                                                      "Startup Cost": 1942.12,
                                                      "Total Cost": 1942.12,
                                                      "Plan Rows": 4,
                                                      "Plan Width": 4,
                                                      "Plans": [
                                                        {
                                                          "Node Type": "Seq Scan",
                                                          "Parent Relationship": "Outer",
                                                          "Parallel Aware": true,
                                                          "Async Capable": false,
                                                          "Relation Name": "date_dim",
                                                          "Alias": "date_dim_1",
                                                          "Startup Cost": 0.0,
                                                          "Total Cost": 1942.12,
                                                          "Plan Rows": 4,
                                                          "Plan Width": 4,
                                                          "Filter": "(d_week_seq = $0)",
                                                          "parent": 16,
                                                          "ID": 17
                                                        }
                                                      ],
                                                      "parent": 14,
                                                      "ID": 16,
                                                      "left": 17
                                                    }
                                                  ],
                                                  "parent": 13,
                                                  "ID": 14,
                                                  "left": 15,
                                                  "right": 16
                                                }
                                              ],
                                              "parent": 11,
                                              "ID": 13,
                                              "left": 14
                                            }
                                          ],
                                          "parent": 10,
                                          "ID": 11,
                                          "left": 12,
                                          "right": 13
                                        }
                                      ],
                                      "parent": 8,
                                      "ID": 10,
                                      "left": 11
                                    }
                                  ],
                                  "parent": 7,
                                  "ID": 8,
                                  "left": 9,
                                  "right": 10
                                }
                              ],
                              "parent": 6,
                              "ID": 7,
                              "left": 8
                            }
                          ],
                          "parent": 5,
                          "ID": 6,
                          "left": 7
                        }
                      ],
                      "parent": 3,
                      "ID": 5,
                      "left": 6
                    }
                  ],
                  "parent": 2,
                  "ID": 3,
                  "left": 4,
                  "right": 5
                },
                {
                  "Node Type": "Materialize",
                  "Parent Relationship": "Inner",
                  "Parallel Aware": false,
                  "Async Capable": false,
                  "Startup Cost": 714744.03,
                  "Total Cost": 715186.59,
                  "Plan Rows": 58,
                  "Plan Width": 98,
                  "Plans": [
                    {
                      "Node Type": "Merge Join",
                      "Parent Relationship": "Outer",
                      "Parallel Aware": false,
                      "Async Capable": false,
                      "Join Type": "Inner",
                      "Startup Cost": 714744.03,
                      "Total Cost": 715186.44,
                      "Plan Rows": 58,
                      "Plan Width": 98,
                      "Inner Unique": true,
                      "Merge Cond": "(item_1.i_item_id = item_2.i_item_id)",
                      "Join Filter": "(((sum(catalog_sales.cs_ext_sales_price)) >= (0.9 * (sum(web_sales.ws_ext_sales_price)))) AND ((sum(catalog_sales.cs_ext_sales_price)) <= (1.1 * (sum(web_sales.ws_ext_sales_price)))) AND ((sum(web_sales.ws_ext_sales_price)) >= (0.9 * (sum(catalog_sales.cs_ext_sales_price)))) AND ((sum(web_sales.ws_ext_sales_price)) <= (1.1 * (sum(catalog_sales.cs_ext_sales_price)))))",
                      "Plans": [
                        {
                          "Node Type": "Aggregate",
                          "Strategy": "Sorted",
                          "Partial Mode": "Finalize",
                          "Parent Relationship": "Outer",
                          "Parallel Aware": false,
                          "Async Capable": false,
                          "Startup Cost": 243758.54,
                          "Total Cost": 243843.73,
                          "Plan Rows": 690,
                          "Plan Width": 49,
                          "Group Key": [
                            "item_1.i_item_id"
                          ],
                          "Plans": [
                            {
                              "Node Type": "Seq Scan",
                              "Parent Relationship": "InitPlan",
                              "Subplan Name": "InitPlan 3 (returns $2)",
                              "Parallel Aware": false,
                              "Async Capable": false,
                              "Relation Name": "date_dim",
                              "Alias": "date_dim_8",
                              "Startup Cost": 0.0,
                              "Total Cost": 2318.11,
                              "Plan Rows": 1,
                              "Plan Width": 4,
                              "Filter": "(d_date = '2000-05-19'::date)",
                              "parent": 20,
                              "ID": 21
                            },
                            {
                              "Node Type": "Gather Merge",
                              "Parent Relationship": "Outer",
                              "Parallel Aware": false,
                              "Async Capable": false,
                              "Startup Cost": 241440.43,
                              "Total Cost": 241512.67,
                              "Plan Rows": 576,
                              "Plan Width": 49,
                              "Workers Planned": 2,
                              "Params Evaluated": [
                                "$2"
                              ],
                              "Plans": [
                                {
                                  "Node Type": "Aggregate",
                                  "Strategy": "Sorted",
                                  "Partial Mode": "Partial",
                                  "Parent Relationship": "Outer",
                                  "Parallel Aware": false,
                                  "Async Capable": false,
                                  "Startup Cost": 240440.4,
                                  "Total Cost": 240446.16,
                                  "Plan Rows": 288,
                                  "Plan Width": 49,
                                  "Group Key": [
                                    "item_1.i_item_id"
                                  ],
                                  "Plans": [
                                    {
                                      "Node Type": "Sort",
                                      "Parent Relationship": "Outer",
                                      "Parallel Aware": false,
                                      "Async Capable": false,
                                      "Startup Cost": 240440.4,
                                      "Total Cost": 240441.12,
                                      "Plan Rows": 288,
                                      "Plan Width": 23,
                                      "Sort Key": [
                                        "item_1.i_item_id"
                                      ],
                                      "Plans": [
                                        {
                                          "Node Type": "Hash Join",
                                          "Parent Relationship": "Outer",
                                          "Parallel Aware": true,
                                          "Async Capable": false,
                                          "Join Type": "Inner",
                                          "Startup Cost": 232879.06,
                                          "Total Cost": 240428.64,
                                          "Plan Rows": 288,
                                          "Plan Width": 23,
                                          "Inner Unique": false,
                                          "Hash Cond": "(item_1.i_item_sk = web_sales.ws_item_sk)",
                                          "Plans": [
                                            {
                                              "Node Type": "Seq Scan",
                                              "Parent Relationship": "Outer",
                                              "Parallel Aware": true,
                                              "Async Capable": false,
                                              "Relation Name": "item",
                                              "Alias": "item_1",
                                              "Startup Cost": 0.0,
                                              "Total Cost": 7389.0,
                                              "Plan Rows": 42500,
                                              "Plan Width": 21,
                                              "parent": 25,
                                              "ID": 26
                                            },
                                            {
                                              "Node Type": "Hash",
                                              "Parent Relationship": "Inner",
                                              "Parallel Aware": true,
                                              "Async Capable": false,
                                              "Startup Cost": 232875.46,
                                              "Total Cost": 232875.46,
                                              "Plan Rows": 288,
                                              "Plan Width": 10,
                                              "Plans": [
                                                {
                                                  "Node Type": "Hash Join",
                                                  "Parent Relationship": "Outer",
                                                  "Parallel Aware": true,
                                                  "Async Capable": false,
                                                  "Join Type": "Inner",
                                                  "Startup Cost": 3889.77,
                                                  "Total Cost": 232875.46,
                                                  "Plan Rows": 288,
                                                  "Plan Width": 10,
                                                  "Inner Unique": false,
                                                  "Hash Cond": "(web_sales.ws_sold_date_sk = date_dim_2.d_date_sk)",
                                                  "Plans": [
                                                    {
                                                      "Node Type": "Seq Scan",
                                                      "Parent Relationship": "Outer",
                                                      "Parallel Aware": true,
                                                      "Async Capable": false,
                                                      "Relation Name": "web_sales",
                                                      "Alias": "web_sales",
                                                      "Startup Cost": 0.0,
                                                      "Total Cost": 217737.86,
                                                      "Plan Rows": 2998986,
                                                      "Plan Width": 14,
                                                      "parent": 28,
                                                      "ID": 29
                                                    },
                                                    {
                                                      "Node Type": "Hash",
                                                      "Parent Relationship": "Inner",
                                                      "Parallel Aware": true,
                                                      "Async Capable": false,
                                                      "Startup Cost": 3889.72,
                                                      "Total Cost": 3889.72,
                                                      "Plan Rows": 4,
                                                      "Plan Width": 4,
                                                      "Plans": [
                                                        {
                                                          "Node Type": "Hash Join",
                                                          "Parent Relationship": "Outer",
                                                          "Parallel Aware": true,
                                                          "Async Capable": false,
                                                          "Join Type": "Semi",
                                                          "Startup Cost": 1942.17,
                                                          "Total Cost": 3889.72,
                                                          "Plan Rows": 4,
                                                          "Plan Width": 4,
                                                          "Inner Unique": false,
                                                          "Hash Cond": "(date_dim_2.d_date = date_dim_3.d_date)",
                                                          "Plans": [
                                                            {
                                                              "Node Type": "Seq Scan",
                                                              "Parent Relationship": "Outer",
                                                              "Parallel Aware": true,
                                                              "Async Capable": false,
                                                              "Relation Name": "date_dim",
                                                              "Alias": "date_dim_2",
                                                              "Startup Cost": 0.0,
                                                              "Total Cost": 1834.7,
                                                              "Plan Rows": 42970,
                                                              "Plan Width": 8,
                                                              "parent": 31,
                                                              "ID": 32
                                                            },
                                                            {
                                                              "Node Type": "Hash",
                                                              "Parent Relationship": "Inner",
                                                              "Parallel Aware": true,
                                                              "Async Capable": false,
                                                              "Startup Cost": 1942.12,
                                                              "Total Cost": 1942.12,
                                                              "Plan Rows": 4,
                                                              "Plan Width": 4,
                                                              "Plans": [
                                                                {
                                                                  "Node Type": "Seq Scan",
                                                                  "Parent Relationship": "Outer",
                                                                  "Parallel Aware": true,
                                                                  "Async Capable": false,
                                                                  "Relation Name": "date_dim",
                                                                  "Alias": "date_dim_3",
                                                                  "Startup Cost": 0.0,
                                                                  "Total Cost": 1942.12,
                                                                  "Plan Rows": 4,
                                                                  "Plan Width": 4,
                                                                  "Filter": "(d_week_seq = $2)",
                                                                  "parent": 33,
                                                                  "ID": 34
                                                                }
                                                              ],
                                                              "parent": 31,
                                                              "ID": 33,
                                                              "left": 34
                                                            }
                                                          ],
                                                          "parent": 30,
                                                          "ID": 31,
                                                          "left": 32,
                                                          "right": 33
                                                        }
                                                      ],
                                                      "parent": 28,
                                                      "ID": 30,
                                                      "left": 31
                                                    }
                                                  ],
                                                  "parent": 27,
                                                  "ID": 28,
                                                  "left": 29,
                                                  "right": 30
                                                }
                                              ],
                                              "parent": 25,
                                              "ID": 27,
                                              "left": 28
                                            }
                                          ],
                                          "parent": 24,
                                          "ID": 25,
                                          "left": 26,
                                          "right": 27
                                        }
                                      ],
                                      "parent": 23,
                                      "ID": 24,
                                      "left": 25
                                    }
                                  ],
                                  "parent": 22,
                                  "ID": 23,
                                  "left": 24
                                }
                              ],
                              "parent": 20,
                              "ID": 22,
                              "left": 23
                            }
                          ],
                          "parent": 19,
                          "ID": 20,
                          "left": 21,
                          "right": 22
                        },
                        {
                          "Node Type": "Materialize",
                          "Parent Relationship": "Inner",
                          "Parallel Aware": false,
                          "Async Capable": false,
                          "Startup Cost": 470985.5,
                          "Total Cost": 471171.86,
                          "Plan Rows": 1372,
                          "Plan Width": 49,
                          "Plans": [
                            {
                              "Node Type": "Aggregate",
                              "Strategy": "Sorted",
                              "Partial Mode": "Finalize",
                              "Parent Relationship": "Outer",
                              "Parallel Aware": false,
                              "Async Capable": false,
                              "Startup Cost": 470985.5,
                              "Total Cost": 471154.71,
                              "Plan Rows": 1372,
                              "Plan Width": 49,
                              "Group Key": [
                                "item_2.i_item_id"
                              ],
                              "Plans": [
                                {
                                  "Node Type": "Seq Scan",
                                  "Parent Relationship": "InitPlan",
                                  "Subplan Name": "InitPlan 2 (returns $1)",
                                  "Parallel Aware": false,
                                  "Async Capable": false,
                                  "Relation Name": "date_dim",
                                  "Alias": "date_dim_7",
                                  "Startup Cost": 0.0,
                                  "Total Cost": 2318.11,
                                  "Plan Rows": 1,
                                  "Plan Width": 4,
                                  "Filter": "(d_date = '2000-05-19'::date)",
                                  "parent": 36,
                                  "ID": 37
                                },
                                {
                                  "Node Type": "Gather Merge",
                                  "Parent Relationship": "Outer",
                                  "Parallel Aware": false,
                                  "Async Capable": false,
                                  "Startup Cost": 468667.38,
                                  "Total Cost": 468810.87,
                                  "Plan Rows": 1144,
                                  "Plan Width": 49,
                                  "Workers Planned": 2,
                                  "Params Evaluated": [
                                    "$1"
                                  ],
                                  "Plans": [
                                    {
                                      "Node Type": "Aggregate",
                                      "Strategy": "Sorted",
                                      "Partial Mode": "Partial",
                                      "Parent Relationship": "Outer",
                                      "Parallel Aware": false,
                                      "Async Capable": false,
                                      "Startup Cost": 467667.36,
                                      "Total Cost": 467678.8,
                                      "Plan Rows": 572,
                                      "Plan Width": 49,
                                      "Group Key": [
                                        "item_2.i_item_id"
                                      ],
                                      "Plans": [
                                        {
                                          "Node Type": "Sort",
                                          "Parent Relationship": "Outer",
                                          "Parallel Aware": false,
                                          "Async Capable": false,
                                          "Startup Cost": 467667.36,
                                          "Total Cost": 467668.79,
                                          "Plan Rows": 572,
                                          "Plan Width": 23,
                                          "Sort Key": [
                                            "item_2.i_item_id"
                                          ],
                                          "Plans": [
                                            {
                                              "Node Type": "Hash Join",
                                              "Parent Relationship": "Outer",
                                              "Parallel Aware": true,
                                              "Async Capable": false,
                                              "Join Type": "Inner",
                                              "Startup Cost": 460090.41,
                                              "Total Cost": 467641.16,
                                              "Plan Rows": 572,
                                              "Plan Width": 23,
                                              "Inner Unique": false,
                                              "Hash Cond": "(item_2.i_item_sk = catalog_sales.cs_item_sk)",
                                              "Plans": [
                                                {
                                                  "Node Type": "Seq Scan",
                                                  "Parent Relationship": "Outer",
                                                  "Parallel Aware": true,
                                                  "Async Capable": false,
                                                  "Relation Name": "item",
                                                  "Alias": "item_2",
                                                  "Startup Cost": 0.0,
                                                  "Total Cost": 7389.0,
                                                  "Plan Rows": 42500,
                                                  "Plan Width": 21,
                                                  "parent": 41,
                                                  "ID": 42
                                                },
                                                {
                                                  "Node Type": "Hash",
                                                  "Parent Relationship": "Inner",
                                                  "Parallel Aware": true,
                                                  "Async Capable": false,
                                                  "Startup Cost": 460083.26,
                                                  "Total Cost": 460083.26,
                                                  "Plan Rows": 572,
                                                  "Plan Width": 10,
                                                  "Plans": [
                                                    {
                                                      "Node Type": "Hash Join",
                                                      "Parent Relationship": "Outer",
                                                      "Parallel Aware": true,
                                                      "Async Capable": false,
                                                      "Join Type": "Inner",
                                                      "Startup Cost": 3889.77,
                                                      "Total Cost": 460083.26,
                                                      "Plan Rows": 572,
                                                      "Plan Width": 10,
                                                      "Inner Unique": false,
                                                      "Hash Cond": "(catalog_sales.cs_sold_date_sk = date_dim_4.d_date_sk)",
                                                      "Plans": [
                                                        {
                                                          "Node Type": "Seq Scan",
                                                          "Parent Relationship": "Outer",
                                                          "Parallel Aware": true,
                                                          "Async Capable": false,
                                                          "Relation Name": "catalog_sales",
                                                          "Alias": "catalog_sales",
                                                          "Startup Cost": 0.0,
                                                          "Total Cost": 433688.25,
                                                          "Plan Rows": 6000525,
                                                          "Plan Width": 14,
                                                          "parent": 44,
                                                          "ID": 45
                                                        },
                                                        {
                                                          "Node Type": "Hash",
                                                          "Parent Relationship": "Inner",
                                                          "Parallel Aware": true,
                                                          "Async Capable": false,
                                                          "Startup Cost": 3889.72,
                                                          "Total Cost": 3889.72,
                                                          "Plan Rows": 4,
                                                          "Plan Width": 4,
                                                          "Plans": [
                                                            {
                                                              "Node Type": "Hash Join",
                                                              "Parent Relationship": "Outer",
                                                              "Parallel Aware": true,
                                                              "Async Capable": false,
                                                              "Join Type": "Semi",
                                                              "Startup Cost": 1942.17,
                                                              "Total Cost": 3889.72,
                                                              "Plan Rows": 4,
                                                              "Plan Width": 4,
                                                              "Inner Unique": false,
                                                              "Hash Cond": "(date_dim_4.d_date = date_dim_5.d_date)",
                                                              "Plans": [
                                                                {
                                                                  "Node Type": "Seq Scan",
                                                                  "Parent Relationship": "Outer",
                                                                  "Parallel Aware": true,
                                                                  "Async Capable": false,
                                                                  "Relation Name": "date_dim",
                                                                  "Alias": "date_dim_4",
                                                                  "Startup Cost": 0.0,
                                                                  "Total Cost": 1834.7,
                                                                  "Plan Rows": 42970,
                                                                  "Plan Width": 8,
                                                                  "parent": 47,
                                                                  "ID": 48
                                                                },
                                                                {
                                                                  "Node Type": "Hash",
                                                                  "Parent Relationship": "Inner",
                                                                  "Parallel Aware": true,
                                                                  "Async Capable": false,
                                                                  "Startup Cost": 1942.12,
                                                                  "Total Cost": 1942.12,
                                                                  "Plan Rows": 4,
                                                                  "Plan Width": 4,
                                                                  "Plans": [
                                                                    {
                                                                      "Node Type": "Seq Scan",
                                                                      "Parent Relationship": "Outer",
                                                                      "Parallel Aware": true,
                                                                      "Async Capable": false,
                                                                      "Relation Name": "date_dim",
                                                                      "Alias": "date_dim_5",
                                                                      "Startup Cost": 0.0,
                                                                      "Total Cost": 1942.12,
                                                                      "Plan Rows": 4,
                                                                      "Plan Width": 4,
                                                                      "Filter": "(d_week_seq = $1)",
                                                                      "parent": 49,
                                                                      "ID": 50
                                                                    }
                                                                  ],
                                                                  "parent": 47,
                                                                  "ID": 49,
                                                                  "left": 50
                                                                }
                                                              ],
                                                              "parent": 46,
                                                              "ID": 47,
                                                              "left": 48,
                                                              "right": 49
                                                            }
                                                          ],
                                                          "parent": 44,
                                                          "ID": 46,
                                                          "left": 47
                                                        }
                                                      ],
                                                      "parent": 43,
                                                      "ID": 44,
                                                      "left": 45,
                                                      "right": 46
                                                    }
                                                  ],
                                                  "parent": 41,
                                                  "ID": 43,
                                                  "left": 44
                                                }
                                              ],
                                              "parent": 40,
                                              "ID": 41,
                                              "left": 42,
                                              "right": 43
                                            }
                                          ],
                                          "parent": 39,
                                          "ID": 40,
                                          "left": 41
                                        }
                                      ],
                                      "parent": 38,
                                      "ID": 39,
                                      "left": 40
                                    }
                                  ],
                                  "parent": 36,
                                  "ID": 38,
                                  "left": 39
                                }
                              ],
                              "parent": 35,
                              "ID": 36,
                              "left": 37,
                              "right": 38
                            }
                          ],
                          "parent": 19,
                          "ID": 35,
                          "left": 36
                        }
                      ],
                      "parent": 18,
                      "ID": 19,
                      "left": 20,
                      "right": 35
                    }
                  ],
                  "parent": 2,
                  "ID": 18,
                  "left": 19
                }
              ],
              "parent": 1,
              "ID": 2,
              "left": 3,
              "right": 18
            }
          ],
          "parent": 0,
          "ID": 1,
          "left": 2
        }
      ],
      "parent": null,
      "ID": 0,
      "left": 1
    },
    "feat": {
      "utility": 0.0013684383725532082,
      "query_shape": [
        [
          "Seq Scan",
          "Aggregate",
          "Merge Join",
          "Sort"
        ],
        [
          "Seq Scan",
          "Hash Join",
          "Sort",
          "Aggregate",
          "Gather Merge",
          "Merge Join"
        ],
        [
          "Seq Scan",
          "Hash Join",
          "Hash",
          "Sort",
          "Aggregate",
          "Gather Merge",
          "Merge Join"
        ],
        [
          "Seq Scan",
          "Hash Join",
          "Hash",
          "Sort",
          "Aggregate",
          "Gather Merge",
          "Merge Join"
        ],
        [
          "Seq Scan",
          "Hash",
          "Hash Join",
          "Sort",
          "Aggregate",
          "Gather Merge",
          "Merge Join"
        ],
        [
          "Seq Scan",
          "Aggregate",
          "Merge Join",
          "Materialize",
          "Sort"
        ],
        [
          "Seq Scan",
          "Hash Join",
          "Sort",
          "Aggregate",
          "Gather Merge",
          "Merge Join",
          "Materialize"
        ],
        [
          "Seq Scan",
          "Hash Join",
          "Hash",
          "Sort",
          "Aggregate",
          "Gather Merge",
          "Merge Join",
          "Materialize"
        ],
        [
          "Seq Scan",
          "Hash Join",
          "Hash",
          "Sort",
          "Aggregate",
          "Gather Merge",
          "Merge Join",
          "Materialize"
        ],
        [
          "Seq Scan",
          "Hash",
          "Hash Join",
          "Sort",
          "Aggregate",
          "Gather Merge",
          "Merge Join",
          "Materialize"
        ],
        [
          "Seq Scan",
          "Aggregate",
          "Materialize",
          "Merge Join",
          "Sort"
        ],
        [
          "Seq Scan",
          "Hash Join",
          "Sort",
          "Aggregate",
          "Gather Merge",
          "Materialize",
          "Merge Join"
        ],
        [
          "Seq Scan",
          "Hash Join",
          "Hash",
          "Sort",
          "Aggregate",
          "Gather Merge",
          "Materialize",
          "Merge Join"
        ],
        [
          "Seq Scan",
          "Hash Join",
          "Hash",
          "Sort",
          "Aggregate",
          "Gather Merge",
          "Materialize",
          "Merge Join"
        ],
        [
          "Seq Scan",
          "Hash",
          "Hash Join",
          "Sort",
          "Aggregate",
          "Gather Merge",
          "Materialize",
          "Merge Join"
        ]
      ],
      "index_shape": [
        "join"
      ],
      "physical_operator": {
        "Hash Join": [
          0.00485071250072666
        ]
      }
    }
  },
  {
    "query": "with ss_items as\n (select i_item_id item_id\n        ,sum(ss_ext_sales_price) ss_item_rev \n from store_sales\n     ,item\n     ,date_dim\n where ss_item_sk = i_item_sk\n   and d_date in (select d_date\n                  from date_dim\n                  where d_week_seq = (select d_week_seq \n                                      from date_dim\n                                      where d_date = '2000-05-19'))\n   and ss_sold_date_sk   = d_date_sk\n group by i_item_id),\n cs_items as\n (select i_item_id item_id\n        ,sum(cs_ext_sales_price) cs_item_rev\n  from catalog_sales\n      ,item\n      ,date_dim\n where cs_item_sk = i_item_sk\n  and  d_date in (select d_date\n                  from date_dim\n                  where d_week_seq = (select d_week_seq \n                                      from date_dim\n                                      where d_date = '2000-05-19'))\n  and  cs_sold_date_sk = d_date_sk\n group by i_item_id),\n ws_items as\n (select i_item_id item_id\n        ,sum(ws_ext_sales_price) ws_item_rev\n  from web_sales\n      ,item\n      ,date_dim\n where ws_item_sk = i_item_sk\n  and  d_date in (select d_date\n                  from date_dim\n                  where d_week_seq =(select d_week_seq \n                                     from date_dim\n                                     where d_date = '2000-05-19'))\n  and ws_sold_date_sk   = d_date_sk\n group by i_item_id)\n  select  ss_items.item_id\n       ,ss_item_rev\n       ,ss_item_rev/((ss_item_rev+cs_item_rev+ws_item_rev)/3) * 100 ss_dev\n       ,cs_item_rev\n       ,cs_item_rev/((ss_item_rev+cs_item_rev+ws_item_rev)/3) * 100 cs_dev\n       ,ws_item_rev\n       ,ws_item_rev/((ss_item_rev+cs_item_rev+ws_item_rev)/3) * 100 ws_dev\n       ,(ss_item_rev+cs_item_rev+ws_item_rev)/3 average\n from ss_items,cs_items,ws_items\n where ss_items.item_id=cs_items.item_id\n   and ss_items.item_id=ws_items.item_id \n   and ss_item_rev between 0.9 * cs_item_rev and 1.1 * cs_item_rev\n   and ss_item_rev between 0.9 * ws_item_rev and 1.1 * ws_item_rev\n   and cs_item_rev between 0.9 * ss_item_rev and 1.1 * ss_item_rev\n   and cs_item_rev between 0.9 * ws_item_rev and 1.1 * ws_item_rev\n   and ws_item_rev between 0.9 * ss_item_rev and 1.1 * ss_item_rev\n   and ws_item_rev between 0.9 * cs_item_rev and 1.1 * cs_item_rev\n order by item_id\n         ,ss_item_rev\n limit 100;\n\n-- end query 42 in stream 2 using template query58.tpl\n",
    "indexes": "store_sales.ss_ext_sales_price",
    "wo plan est": {
      "Node Type": "Limit",
      "Parallel Aware": false,
      "Async Capable": false,
      "Startup Cost": 1412339.33,
      "Total Cost": 1412339.33,
      "Plan Rows": 1,
      "Plan Width": 241,
      "Plans": [
        {
          "Node Type": "Sort",
          "Parent Relationship": "Outer",
          "Parallel Aware": false,
          "Async Capable": false,
          "Startup Cost": 1412339.33,
          "Total Cost": 1412339.33,
          "Plan Rows": 1,
          "Plan Width": 241,
          "Sort Key": [
            "item.i_item_id",
            "(sum(store_sales.ss_ext_sales_price))"
          ],
          "Plans": [
            {
              "Node Type": "Merge Join",
              "Parent Relationship": "Outer",
              "Parallel Aware": false,
              "Async Capable": false,
              "Join Type": "Inner",
              "Startup Cost": 1411497.09,
              "Total Cost": 1412339.32,
              "Plan Rows": 1,
              "Plan Width": 241,
              "Inner Unique": false,
              "Merge Cond": "(item.i_item_id = item_2.i_item_id)",
              "Join Filter": "(((sum(store_sales.ss_ext_sales_price)) >= (0.9 * (sum(catalog_sales.cs_ext_sales_price)))) AND ((sum(store_sales.ss_ext_sales_price)) <= (1.1 * (sum(catalog_sales.cs_ext_sales_price)))) AND ((sum(catalog_sales.cs_ext_sales_price)) >= (0.9 * (sum(store_sales.ss_ext_sales_price)))) AND ((sum(catalog_sales.cs_ext_sales_price)) <= (1.1 * (sum(store_sales.ss_ext_sales_price)))) AND ((sum(store_sales.ss_ext_sales_price)) >= (0.9 * (sum(web_sales.ws_ext_sales_price)))) AND ((sum(store_sales.ss_ext_sales_price)) <= (1.1 * (sum(web_sales.ws_ext_sales_price)))) AND ((sum(web_sales.ws_ext_sales_price)) >= (0.9 * (sum(store_sales.ss_ext_sales_price)))) AND ((sum(web_sales.ws_ext_sales_price)) <= (1.1 * (sum(store_sales.ss_ext_sales_price)))))",
              "Plans": [
                {
                  "Node Type": "Aggregate",
                  "Strategy": "Sorted",
                  "Partial Mode": "Finalize",
                  "Parent Relationship": "Outer",
                  "Parallel Aware": false,
                  "Async Capable": false,
                  "Startup Cost": 696753.06,
                  "Total Cost": 697077.89,
                  "Plan Rows": 2634,
                  "Plan Width": 49,
                  "Group Key": [
                    "item.i_item_id"
                  ],
                  "Plans": [
                    {
                      "Node Type": "Seq Scan",
                      "Parent Relationship": "InitPlan",
                      "Subplan Name": "InitPlan 1 (returns $0)",
                      "Parallel Aware": false,
                      "Async Capable": false,
                      "Relation Name": "date_dim",
                      "Alias": "date_dim_6",
                      "Startup Cost": 0.0,
                      "Total Cost": 2318.11,
                      "Plan Rows": 1,
                      "Plan Width": 4,
                      "Filter": "(d_date = '2000-05-19'::date)",
                      "parent": 3,
                      "ID": 4
                    },
                    {
                      "Node Type": "Gather Merge",
                      "Parent Relationship": "Outer",
                      "Parallel Aware": false,
                      "Async Capable": false,
                      "Startup Cost": 694434.95,
                      "Total Cost": 694710.38,
                      "Plan Rows": 2196,
                      "Plan Width": 49,
                      "Workers Planned": 2,
                      "Params Evaluated": [
                        "$0"
                      ],
                      "Plans": [
                        {
                          "Node Type": "Aggregate",
                          "Strategy": "Sorted",
                          "Partial Mode": "Partial",
                          "Parent Relationship": "Outer",
                          "Parallel Aware": false,
                          "Async Capable": false,
                          "Startup Cost": 693434.92,
                          "Total Cost": 693456.88,
                          "Plan Rows": 1098,
                          "Plan Width": 49,
                          "Group Key": [
                            "item.i_item_id"
                          ],
                          "Plans": [
                            {
                              "Node Type": "Sort",
                              "Parent Relationship": "Outer",
                              "Parallel Aware": false,
                              "Async Capable": false,
                              "Startup Cost": 693434.92,
                              "Total Cost": 693437.67,
                              "Plan Rows": 1098,
                              "Plan Width": 23,
                              "Sort Key": [
                                "item.i_item_id"
                              ],
                              "Plans": [
                                {
                                  "Node Type": "Hash Join",
                                  "Parent Relationship": "Outer",
                                  "Parallel Aware": true,
                                  "Async Capable": false,
                                  "Join Type": "Inner",
                                  "Startup Cost": 685826.52,
                                  "Total Cost": 693379.47,
                                  "Plan Rows": 1098,
                                  "Plan Width": 23,
                                  "Inner Unique": false,
                                  "Hash Cond": "(item.i_item_sk = store_sales.ss_item_sk)",
                                  "Plans": [
                                    {
                                      "Node Type": "Seq Scan",
                                      "Parent Relationship": "Outer",
                                      "Parallel Aware": true,
                                      "Async Capable": false,
                                      "Relation Name": "item",
                                      "Alias": "item",
                                      "Startup Cost": 0.0,
                                      "Total Cost": 7389.0,
                                      "Plan Rows": 42500,
                                      "Plan Width": 21,
                                      "parent": 8,
                                      "ID": 9
                                    },
                                    {
                                      "Node Type": "Hash",
                                      "Parent Relationship": "Inner",
                                      "Parallel Aware": true,
                                      "Async Capable": false,
                                      "Startup Cost": 685812.79,
                                      "Total Cost": 685812.79,
                                      "Plan Rows": 1098,
                                      "Plan Width": 10,
                                      "Plans": [
                                        {
                                          "Node Type": "Hash Join",
                                          "Parent Relationship": "Outer",
                                          "Parallel Aware": true,
                                          "Async Capable": false,
                                          "Join Type": "Inner",
                                          "Startup Cost": 3889.77,
                                          "Total Cost": 685812.79,
                                          "Plan Rows": 1098,
                                          "Plan Width": 10,
                                          "Inner Unique": false,
                                          "Hash Cond": "(store_sales.ss_sold_date_sk = date_dim.d_date_sk)",
                                          "Plans": [
                                            {
                                              "Node Type": "Seq Scan",
                                              "Parent Relationship": "Outer",
                                              "Parallel Aware": true,
                                              "Async Capable": false,
                                              "Relation Name": "store_sales",
                                              "Alias": "store_sales",
                                              "Startup Cost": 0.0,
                                              "Total Cost": 636914.37,
                                              "Plan Rows": 12000637,
                                              "Plan Width": 14,
                                              "parent": 11,
                                              "ID": 12
                                            },
                                            {
                                              "Node Type": "Hash",
                                              "Parent Relationship": "Inner",
                                              "Parallel Aware": true,
                                              "Async Capable": false,
                                              "Startup Cost": 3889.72,
                                              "Total Cost": 3889.72,
                                              "Plan Rows": 4,
                                              "Plan Width": 4,
                                              "Plans": [
                                                {
                                                  "Node Type": "Hash Join",
                                                  "Parent Relationship": "Outer",
                                                  "Parallel Aware": true,
                                                  "Async Capable": false,
                                                  "Join Type": "Semi",
                                                  "Startup Cost": 1942.17,
                                                  "Total Cost": 3889.72,
                                                  "Plan Rows": 4,
                                                  "Plan Width": 4,
                                                  "Inner Unique": false,
                                                  "Hash Cond": "(date_dim.d_date = date_dim_1.d_date)",
                                                  "Plans": [
                                                    {
                                                      "Node Type": "Seq Scan",
                                                      "Parent Relationship": "Outer",
                                                      "Parallel Aware": true,
                                                      "Async Capable": false,
                                                      "Relation Name": "date_dim",
                                                      "Alias": "date_dim",
                                                      "Startup Cost": 0.0,
                                                      "Total Cost": 1834.7,
                                                      "Plan Rows": 42970,
                                                      "Plan Width": 8,
                                                      "parent": 14,
                                                      "ID": 15
                                                    },
                                                    {
                                                      "Node Type": "Hash",
                                                      "Parent Relationship": "Inner",
                                                      "Parallel Aware": true,
                                                      "Async Capable": false,
                                                      "Startup Cost": 1942.12,
                                                      "Total Cost": 1942.12,
                                                      "Plan Rows": 4,
                                                      "Plan Width": 4,
                                                      "Plans": [
                                                        {
                                                          "Node Type": "Seq Scan",
                                                          "Parent Relationship": "Outer",
                                                          "Parallel Aware": true,
                                                          "Async Capable": false,
                                                          "Relation Name": "date_dim",
                                                          "Alias": "date_dim_1",
                                                          "Startup Cost": 0.0,
                                                          "Total Cost": 1942.12,
                                                          "Plan Rows": 4,
                                                          "Plan Width": 4,
                                                          "Filter": "(d_week_seq = $0)",
                                                          "parent": 16,
                                                          "ID": 17
                                                        }
                                                      ],
                                                      "parent": 14,
                                                      "ID": 16,
                                                      "left": 17
                                                    }
                                                  ],
                                                  "parent": 13,
                                                  "ID": 14,
                                                  "left": 15,
                                                  "right": 16
                                                }
                                              ],
                                              "parent": 11,
                                              "ID": 13,
                                              "left": 14
                                            }
                                          ],
                                          "parent": 10,
                                          "ID": 11,
                                          "left": 12,
                                          "right": 13
                                        }
                                      ],
                                      "parent": 8,
                                      "ID": 10,
                                      "left": 11
                                    }
                                  ],
                                  "parent": 7,
                                  "ID": 8,
                                  "left": 9,
                                  "right": 10
                                }
                              ],
                              "parent": 6,
                              "ID": 7,
                              "left": 8
                            }
                          ],
                          "parent": 5,
                          "ID": 6,
                          "left": 7
                        }
                      ],
                      "parent": 3,
                      "ID": 5,
                      "left": 6
                    }
                  ],
                  "parent": 2,
                  "ID": 3,
                  "left": 4,
                  "right": 5
                },
                {
                  "Node Type": "Materialize",
                  "Parent Relationship": "Inner",
                  "Parallel Aware": false,
                  "Async Capable": false,
                  "Startup Cost": 714744.03,
                  "Total Cost": 715186.59,
                  "Plan Rows": 58,
                  "Plan Width": 98,
                  "Plans": [
                    {
                      "Node Type": "Merge Join",
                      "Parent Relationship": "Outer",
                      "Parallel Aware": false,
                      "Async Capable": false,
                      "Join Type": "Inner",
                      "Startup Cost": 714744.03,
                      "Total Cost": 715186.44,
                      "Plan Rows": 58,
                      "Plan Width": 98,
                      "Inner Unique": true,
                      "Merge Cond": "(item_1.i_item_id = item_2.i_item_id)",
                      "Join Filter": "(((sum(catalog_sales.cs_ext_sales_price)) >= (0.9 * (sum(web_sales.ws_ext_sales_price)))) AND ((sum(catalog_sales.cs_ext_sales_price)) <= (1.1 * (sum(web_sales.ws_ext_sales_price)))) AND ((sum(web_sales.ws_ext_sales_price)) >= (0.9 * (sum(catalog_sales.cs_ext_sales_price)))) AND ((sum(web_sales.ws_ext_sales_price)) <= (1.1 * (sum(catalog_sales.cs_ext_sales_price)))))",
                      "Plans": [
                        {
                          "Node Type": "Aggregate",
                          "Strategy": "Sorted",
                          "Partial Mode": "Finalize",
                          "Parent Relationship": "Outer",
                          "Parallel Aware": false,
                          "Async Capable": false,
                          "Startup Cost": 243758.54,
                          "Total Cost": 243843.73,
                          "Plan Rows": 690,
                          "Plan Width": 49,
                          "Group Key": [
                            "item_1.i_item_id"
                          ],
                          "Plans": [
                            {
                              "Node Type": "Seq Scan",
                              "Parent Relationship": "InitPlan",
                              "Subplan Name": "InitPlan 3 (returns $2)",
                              "Parallel Aware": false,
                              "Async Capable": false,
                              "Relation Name": "date_dim",
                              "Alias": "date_dim_8",
                              "Startup Cost": 0.0,
                              "Total Cost": 2318.11,
                              "Plan Rows": 1,
                              "Plan Width": 4,
                              "Filter": "(d_date = '2000-05-19'::date)",
                              "parent": 20,
                              "ID": 21
                            },
                            {
                              "Node Type": "Gather Merge",
                              "Parent Relationship": "Outer",
                              "Parallel Aware": false,
                              "Async Capable": false,
                              "Startup Cost": 241440.43,
                              "Total Cost": 241512.67,
                              "Plan Rows": 576,
                              "Plan Width": 49,
                              "Workers Planned": 2,
                              "Params Evaluated": [
                                "$2"
                              ],
                              "Plans": [
                                {
                                  "Node Type": "Aggregate",
                                  "Strategy": "Sorted",
                                  "Partial Mode": "Partial",
                                  "Parent Relationship": "Outer",
                                  "Parallel Aware": false,
                                  "Async Capable": false,
                                  "Startup Cost": 240440.4,
                                  "Total Cost": 240446.16,
                                  "Plan Rows": 288,
                                  "Plan Width": 49,
                                  "Group Key": [
                                    "item_1.i_item_id"
                                  ],
                                  "Plans": [
                                    {
                                      "Node Type": "Sort",
                                      "Parent Relationship": "Outer",
                                      "Parallel Aware": false,
                                      "Async Capable": false,
                                      "Startup Cost": 240440.4,
                                      "Total Cost": 240441.12,
                                      "Plan Rows": 288,
                                      "Plan Width": 23,
                                      "Sort Key": [
                                        "item_1.i_item_id"
                                      ],
                                      "Plans": [
                                        {
                                          "Node Type": "Hash Join",
                                          "Parent Relationship": "Outer",
                                          "Parallel Aware": true,
                                          "Async Capable": false,
                                          "Join Type": "Inner",
                                          "Startup Cost": 232879.06,
                                          "Total Cost": 240428.64,
                                          "Plan Rows": 288,
                                          "Plan Width": 23,
                                          "Inner Unique": false,
                                          "Hash Cond": "(item_1.i_item_sk = web_sales.ws_item_sk)",
                                          "Plans": [
                                            {
                                              "Node Type": "Seq Scan",
                                              "Parent Relationship": "Outer",
                                              "Parallel Aware": true,
                                              "Async Capable": false,
                                              "Relation Name": "item",
                                              "Alias": "item_1",
                                              "Startup Cost": 0.0,
                                              "Total Cost": 7389.0,
                                              "Plan Rows": 42500,
                                              "Plan Width": 21,
                                              "parent": 25,
                                              "ID": 26
                                            },
                                            {
                                              "Node Type": "Hash",
                                              "Parent Relationship": "Inner",
                                              "Parallel Aware": true,
                                              "Async Capable": false,
                                              "Startup Cost": 232875.46,
                                              "Total Cost": 232875.46,
                                              "Plan Rows": 288,
                                              "Plan Width": 10,
                                              "Plans": [
                                                {
                                                  "Node Type": "Hash Join",
                                                  "Parent Relationship": "Outer",
                                                  "Parallel Aware": true,
                                                  "Async Capable": false,
                                                  "Join Type": "Inner",
                                                  "Startup Cost": 3889.77,
                                                  "Total Cost": 232875.46,
                                                  "Plan Rows": 288,
                                                  "Plan Width": 10,
                                                  "Inner Unique": false,
                                                  "Hash Cond": "(web_sales.ws_sold_date_sk = date_dim_2.d_date_sk)",
                                                  "Plans": [
                                                    {
                                                      "Node Type": "Seq Scan",
                                                      "Parent Relationship": "Outer",
                                                      "Parallel Aware": true,
                                                      "Async Capable": false,
                                                      "Relation Name": "web_sales",
                                                      "Alias": "web_sales",
                                                      "Startup Cost": 0.0,
                                                      "Total Cost": 217737.86,
                                                      "Plan Rows": 2998986,
                                                      "Plan Width": 14,
                                                      "parent": 28,
                                                      "ID": 29
                                                    },
                                                    {
                                                      "Node Type": "Hash",
                                                      "Parent Relationship": "Inner",
                                                      "Parallel Aware": true,
                                                      "Async Capable": false,
                                                      "Startup Cost": 3889.72,
                                                      "Total Cost": 3889.72,
                                                      "Plan Rows": 4,
                                                      "Plan Width": 4,
                                                      "Plans": [
                                                        {
                                                          "Node Type": "Hash Join",
                                                          "Parent Relationship": "Outer",
                                                          "Parallel Aware": true,
                                                          "Async Capable": false,
                                                          "Join Type": "Semi",
                                                          "Startup Cost": 1942.17,
                                                          "Total Cost": 3889.72,
                                                          "Plan Rows": 4,
                                                          "Plan Width": 4,
                                                          "Inner Unique": false,
                                                          "Hash Cond": "(date_dim_2.d_date = date_dim_3.d_date)",
                                                          "Plans": [
                                                            {
                                                              "Node Type": "Seq Scan",
                                                              "Parent Relationship": "Outer",
                                                              "Parallel Aware": true,
                                                              "Async Capable": false,
                                                              "Relation Name": "date_dim",
                                                              "Alias": "date_dim_2",
                                                              "Startup Cost": 0.0,
                                                              "Total Cost": 1834.7,
                                                              "Plan Rows": 42970,
                                                              "Plan Width": 8,
                                                              "parent": 31,
                                                              "ID": 32
                                                            },
                                                            {
                                                              "Node Type": "Hash",
                                                              "Parent Relationship": "Inner",
                                                              "Parallel Aware": true,
                                                              "Async Capable": false,
                                                              "Startup Cost": 1942.12,
                                                              "Total Cost": 1942.12,
                                                              "Plan Rows": 4,
                                                              "Plan Width": 4,
                                                              "Plans": [
                                                                {
                                                                  "Node Type": "Seq Scan",
                                                                  "Parent Relationship": "Outer",
                                                                  "Parallel Aware": true,
                                                                  "Async Capable": false,
                                                                  "Relation Name": "date_dim",
                                                                  "Alias": "date_dim_3",
                                                                  "Startup Cost": 0.0,
                                                                  "Total Cost": 1942.12,
                                                                  "Plan Rows": 4,
                                                                  "Plan Width": 4,
                                                                  "Filter": "(d_week_seq = $2)",
                                                                  "parent": 33,
                                                                  "ID": 34
                                                                }
                                                              ],
                                                              "parent": 31,
                                                              "ID": 33,
                                                              "left": 34
                                                            }
                                                          ],
                                                          "parent": 30,
                                                          "ID": 31,
                                                          "left": 32,
                                                          "right": 33
                                                        }
                                                      ],
                                                      "parent": 28,
                                                      "ID": 30,
                                                      "left": 31
                                                    }
                                                  ],
                                                  "parent": 27,
                                                  "ID": 28,
                                                  "left": 29,
                                                  "right": 30
                                                }
                                              ],
                                              "parent": 25,
                                              "ID": 27,
                                              "left": 28
                                            }
                                          ],
                                          "parent": 24,
                                          "ID": 25,
                                          "left": 26,
                                          "right": 27
                                        }
                                      ],
                                      "parent": 23,
                                      "ID": 24,
                                      "left": 25
                                    }
                                  ],
                                  "parent": 22,
                                  "ID": 23,
                                  "left": 24
                                }
                              ],
                              "parent": 20,
                              "ID": 22,
                              "left": 23
                            }
                          ],
                          "parent": 19,
                          "ID": 20,
                          "left": 21,
                          "right": 22
                        },
                        {
                          "Node Type": "Materialize",
                          "Parent Relationship": "Inner",
                          "Parallel Aware": false,
                          "Async Capable": false,
                          "Startup Cost": 470985.5,
                          "Total Cost": 471171.86,
                          "Plan Rows": 1372,
                          "Plan Width": 49,
                          "Plans": [
                            {
                              "Node Type": "Aggregate",
                              "Strategy": "Sorted",
                              "Partial Mode": "Finalize",
                              "Parent Relationship": "Outer",
                              "Parallel Aware": false,
                              "Async Capable": false,
                              "Startup Cost": 470985.5,
                              "Total Cost": 471154.71,
                              "Plan Rows": 1372,
                              "Plan Width": 49,
                              "Group Key": [
                                "item_2.i_item_id"
                              ],
                              "Plans": [
                                {
                                  "Node Type": "Seq Scan",
                                  "Parent Relationship": "InitPlan",
                                  "Subplan Name": "InitPlan 2 (returns $1)",
                                  "Parallel Aware": false,
                                  "Async Capable": false,
                                  "Relation Name": "date_dim",
                                  "Alias": "date_dim_7",
                                  "Startup Cost": 0.0,
                                  "Total Cost": 2318.11,
                                  "Plan Rows": 1,
                                  "Plan Width": 4,
                                  "Filter": "(d_date = '2000-05-19'::date)",
                                  "parent": 36,
                                  "ID": 37
                                },
                                {
                                  "Node Type": "Gather Merge",
                                  "Parent Relationship": "Outer",
                                  "Parallel Aware": false,
                                  "Async Capable": false,
                                  "Startup Cost": 468667.38,
                                  "Total Cost": 468810.87,
                                  "Plan Rows": 1144,
                                  "Plan Width": 49,
                                  "Workers Planned": 2,
                                  "Params Evaluated": [
                                    "$1"
                                  ],
                                  "Plans": [
                                    {
                                      "Node Type": "Aggregate",
                                      "Strategy": "Sorted",
                                      "Partial Mode": "Partial",
                                      "Parent Relationship": "Outer",
                                      "Parallel Aware": false,
                                      "Async Capable": false,
                                      "Startup Cost": 467667.36,
                                      "Total Cost": 467678.8,
                                      "Plan Rows": 572,
                                      "Plan Width": 49,
                                      "Group Key": [
                                        "item_2.i_item_id"
                                      ],
                                      "Plans": [
                                        {
                                          "Node Type": "Sort",
                                          "Parent Relationship": "Outer",
                                          "Parallel Aware": false,
                                          "Async Capable": false,
                                          "Startup Cost": 467667.36,
                                          "Total Cost": 467668.79,
                                          "Plan Rows": 572,
                                          "Plan Width": 23,
                                          "Sort Key": [
                                            "item_2.i_item_id"
                                          ],
                                          "Plans": [
                                            {
                                              "Node Type": "Hash Join",
                                              "Parent Relationship": "Outer",
                                              "Parallel Aware": true,
                                              "Async Capable": false,
                                              "Join Type": "Inner",
                                              "Startup Cost": 460090.41,
                                              "Total Cost": 467641.16,
                                              "Plan Rows": 572,
                                              "Plan Width": 23,
                                              "Inner Unique": false,
                                              "Hash Cond": "(item_2.i_item_sk = catalog_sales.cs_item_sk)",
                                              "Plans": [
                                                {
                                                  "Node Type": "Seq Scan",
                                                  "Parent Relationship": "Outer",
                                                  "Parallel Aware": true,
                                                  "Async Capable": false,
                                                  "Relation Name": "item",
                                                  "Alias": "item_2",
                                                  "Startup Cost": 0.0,
                                                  "Total Cost": 7389.0,
                                                  "Plan Rows": 42500,
                                                  "Plan Width": 21,
                                                  "parent": 41,
                                                  "ID": 42
                                                },
                                                {
                                                  "Node Type": "Hash",
                                                  "Parent Relationship": "Inner",
                                                  "Parallel Aware": true,
                                                  "Async Capable": false,
                                                  "Startup Cost": 460083.26,
                                                  "Total Cost": 460083.26,
                                                  "Plan Rows": 572,
                                                  "Plan Width": 10,
                                                  "Plans": [
                                                    {
                                                      "Node Type": "Hash Join",
                                                      "Parent Relationship": "Outer",
                                                      "Parallel Aware": true,
                                                      "Async Capable": false,
                                                      "Join Type": "Inner",
                                                      "Startup Cost": 3889.77,
                                                      "Total Cost": 460083.26,
                                                      "Plan Rows": 572,
                                                      "Plan Width": 10,
                                                      "Inner Unique": false,
                                                      "Hash Cond": "(catalog_sales.cs_sold_date_sk = date_dim_4.d_date_sk)",
                                                      "Plans": [
                                                        {
                                                          "Node Type": "Seq Scan",
                                                          "Parent Relationship": "Outer",
                                                          "Parallel Aware": true,
                                                          "Async Capable": false,
                                                          "Relation Name": "catalog_sales",
                                                          "Alias": "catalog_sales",
                                                          "Startup Cost": 0.0,
                                                          "Total Cost": 433688.25,
                                                          "Plan Rows": 6000525,
                                                          "Plan Width": 14,
                                                          "parent": 44,
                                                          "ID": 45
                                                        },
                                                        {
                                                          "Node Type": "Hash",
                                                          "Parent Relationship": "Inner",
                                                          "Parallel Aware": true,
                                                          "Async Capable": false,
                                                          "Startup Cost": 3889.72,
                                                          "Total Cost": 3889.72,
                                                          "Plan Rows": 4,
                                                          "Plan Width": 4,
                                                          "Plans": [
                                                            {
                                                              "Node Type": "Hash Join",
                                                              "Parent Relationship": "Outer",
                                                              "Parallel Aware": true,
                                                              "Async Capable": false,
                                                              "Join Type": "Semi",
                                                              "Startup Cost": 1942.17,
                                                              "Total Cost": 3889.72,
                                                              "Plan Rows": 4,
                                                              "Plan Width": 4,
                                                              "Inner Unique": false,
                                                              "Hash Cond": "(date_dim_4.d_date = date_dim_5.d_date)",
                                                              "Plans": [
                                                                {
                                                                  "Node Type": "Seq Scan",
                                                                  "Parent Relationship": "Outer",
                                                                  "Parallel Aware": true,
                                                                  "Async Capable": false,
                                                                  "Relation Name": "date_dim",
                                                                  "Alias": "date_dim_4",
                                                                  "Startup Cost": 0.0,
                                                                  "Total Cost": 1834.7,
                                                                  "Plan Rows": 42970,
                                                                  "Plan Width": 8,
                                                                  "parent": 47,
                                                                  "ID": 48
                                                                },
                                                                {
                                                                  "Node Type": "Hash",
                                                                  "Parent Relationship": "Inner",
                                                                  "Parallel Aware": true,
                                                                  "Async Capable": false,
                                                                  "Startup Cost": 1942.12,
                                                                  "Total Cost": 1942.12,
                                                                  "Plan Rows": 4,
                                                                  "Plan Width": 4,
                                                                  "Plans": [
                                                                    {
                                                                      "Node Type": "Seq Scan",
                                                                      "Parent Relationship": "Outer",
                                                                      "Parallel Aware": true,
                                                                      "Async Capable": false,
                                                                      "Relation Name": "date_dim",
                                                                      "Alias": "date_dim_5",
                                                                      "Startup Cost": 0.0,
                                                                      "Total Cost": 1942.12,
                                                                      "Plan Rows": 4,
                                                                      "Plan Width": 4,
                                                                      "Filter": "(d_week_seq = $1)",
                                                                      "parent": 49,
                                                                      "ID": 50
                                                                    }
                                                                  ],
                                                                  "parent": 47,
                                                                  "ID": 49,
                                                                  "left": 50
                                                                }
                                                              ],
                                                              "parent": 46,
                                                              "ID": 47,
                                                              "left": 48,
                                                              "right": 49
                                                            }
                                                          ],
                                                          "parent": 44,
                                                          "ID": 46,
                                                          "left": 47
                                                        }
                                                      ],
                                                      "parent": 43,
                                                      "ID": 44,
                                                      "left": 45,
                                                      "right": 46
                                                    }
                                                  ],
                                                  "parent": 41,
                                                  "ID": 43,
                                                  "left": 44
                                                }
                                              ],
                                              "parent": 40,
                                              "ID": 41,
                                              "left": 42,
                                              "right": 43
                                            }
                                          ],
                                          "parent": 39,
                                          "ID": 40,
                                          "left": 41
                                        }
                                      ],
                                      "parent": 38,
                                      "ID": 39,
                                      "left": 40
                                    }
                                  ],
                                  "parent": 36,
                                  "ID": 38,
                                  "left": 39
                                }
                              ],
                              "parent": 35,
                              "ID": 36,
                              "left": 37,
                              "right": 38
                            }
                          ],
                          "parent": 19,
                          "ID": 35,
                          "left": 36
                        }
                      ],
                      "parent": 18,
                      "ID": 19,
                      "left": 20,
                      "right": 35
                    }
                  ],
                  "parent": 2,
                  "ID": 18,
                  "left": 19
                }
              ],
              "parent": 1,
              "ID": 2,
              "left": 3,
              "right": 18
            }
          ],
          "parent": 0,
          "ID": 1,
          "left": 2
        }
      ],
      "parent": null,
      "ID": 0,
      "left": 1
    },
    "feat": {
      "utility": 0.0013715904729071462,
      "query_shape": [
        [
          "Seq Scan",
          "Aggregate",
          "Merge Join",
          "Sort"
        ],
        [
          "Seq Scan",
          "Hash Join",
          "Sort",
          "Aggregate",
          "Gather Merge",
          "Merge Join"
        ],
        [
          "Seq Scan",
          "Hash Join",
          "Hash",
          "Sort",
          "Aggregate",
          "Gather Merge",
          "Merge Join"
        ],
        [
          "Seq Scan",
          "Hash Join",
          "Hash",
          "Sort",
          "Aggregate",
          "Gather Merge",
          "Merge Join"
        ],
        [
          "Seq Scan",
          "Hash",
          "Hash Join",
          "Sort",
          "Aggregate",
          "Gather Merge",
          "Merge Join"
        ],
        [
          "Seq Scan",
          "Aggregate",
          "Merge Join",
          "Materialize",
          "Sort"
        ],
        [
          "Seq Scan",
          "Hash Join",
          "Sort",
          "Aggregate",
          "Gather Merge",
          "Merge Join",
          "Materialize"
        ],
        [
          "Seq Scan",
          "Hash Join",
          "Hash",
          "Sort",
          "Aggregate",
          "Gather Merge",
          "Merge Join",
          "Materialize"
        ],
        [
          "Seq Scan",
          "Hash Join",
          "Hash",
          "Sort",
          "Aggregate",
          "Gather Merge",
          "Merge Join",
          "Materialize"
        ],
        [
          "Seq Scan",
          "Hash",
          "Hash Join",
          "Sort",
          "Aggregate",
          "Gather Merge",
          "Merge Join",
          "Materialize"
        ],
        [
          "Seq Scan",
          "Aggregate",
          "Materialize",
          "Merge Join",
          "Sort"
        ],
        [
          "Seq Scan",
          "Hash Join",
          "Sort",
          "Aggregate",
          "Gather Merge",
          "Materialize",
          "Merge Join"
        ],
        [
          "Seq Scan",
          "Hash Join",
          "Hash",
          "Sort",
          "Aggregate",
          "Gather Merge",
          "Materialize",
          "Merge Join"
        ],
        [
          "Seq Scan",
          "Hash Join",
          "Hash",
          "Sort",
          "Aggregate",
          "Gather Merge",
          "Materialize",
          "Merge Join"
        ],
        [
          "Seq Scan",
          "Hash",
          "Hash Join",
          "Sort",
          "Aggregate",
          "Gather Merge",
          "Materialize",
          "Merge Join"
        ]
      ],
      "index_shape": [
        "join"
      ],
      "physical_operator": {
        "Merge Join": [
          0.0025584569748202507
        ],
        "Sort": [
          "[0.0000000e+00 8.4400000e+00 2.4240000e+01 4.1420000e+01 6.0240000e+01\n 8.0840000e+01 1.0340000e+02 1.2826000e+02 1.5540000e+02 1.8480000e+02\n 2.1648000e+02 2.5050000e+02 2.8692000e+02 3.2589000e+02 3.6750000e+02\n 4.1178000e+02 4.5907000e+02 5.0928000e+02 5.6253000e+02 6.1920000e+02\n 6.7925000e+02 7.4292000e+02 8.1069000e+02 8.8260000e+02 9.5897000e+02\n 1.0400000e+03 1.1262500e+03 1.2175800e+03 1.3154400e+03 1.4196000e+03\n 1.5306600e+03 1.6495800e+03 1.7771100e+03 1.9142200e+03 2.0608500e+03\n 2.2194200e+03 2.3910800e+03 2.5773300e+03 2.7802400e+03 3.0025600e+03\n 3.2476800e+03 3.5208900e+03 3.8278800e+03 4.1760500e+03 4.5770000e+03\n 5.0488000e+03 5.6174592e+03 6.3379500e+03 7.3200000e+03 8.8974900e+03\n 1.9562400e+04]"
        ]
      }
    }
  },
  {
    "query": "with ss_items as\n (select i_item_id item_id\n        ,sum(ss_ext_sales_price) ss_item_rev \n from store_sales\n     ,item\n     ,date_dim\n where ss_item_sk = i_item_sk\n   and d_date in (select d_date\n                  from date_dim\n                  where d_week_seq = (select d_week_seq \n                                      from date_dim\n                                      where d_date = '2000-05-19'))\n   and ss_sold_date_sk   = d_date_sk\n group by i_item_id),\n cs_items as\n (select i_item_id item_id\n        ,sum(cs_ext_sales_price) cs_item_rev\n  from catalog_sales\n      ,item\n      ,date_dim\n where cs_item_sk = i_item_sk\n  and  d_date in (select d_date\n                  from date_dim\n                  where d_week_seq = (select d_week_seq \n                                      from date_dim\n                                      where d_date = '2000-05-19'))\n  and  cs_sold_date_sk = d_date_sk\n group by i_item_id),\n ws_items as\n (select i_item_id item_id\n        ,sum(ws_ext_sales_price) ws_item_rev\n  from web_sales\n      ,item\n      ,date_dim\n where ws_item_sk = i_item_sk\n  and  d_date in (select d_date\n                  from date_dim\n                  where d_week_seq =(select d_week_seq \n                                     from date_dim\n                                     where d_date = '2000-05-19'))\n  and ws_sold_date_sk   = d_date_sk\n group by i_item_id)\n  select  ss_items.item_id\n       ,ss_item_rev\n       ,ss_item_rev/((ss_item_rev+cs_item_rev+ws_item_rev)/3) * 100 ss_dev\n       ,cs_item_rev\n       ,cs_item_rev/((ss_item_rev+cs_item_rev+ws_item_rev)/3) * 100 cs_dev\n       ,ws_item_rev\n       ,ws_item_rev/((ss_item_rev+cs_item_rev+ws_item_rev)/3) * 100 ws_dev\n       ,(ss_item_rev+cs_item_rev+ws_item_rev)/3 average\n from ss_items,cs_items,ws_items\n where ss_items.item_id=cs_items.item_id\n   and ss_items.item_id=ws_items.item_id \n   and ss_item_rev between 0.9 * cs_item_rev and 1.1 * cs_item_rev\n   and ss_item_rev between 0.9 * ws_item_rev and 1.1 * ws_item_rev\n   and cs_item_rev between 0.9 * ss_item_rev and 1.1 * ss_item_rev\n   and cs_item_rev between 0.9 * ws_item_rev and 1.1 * ws_item_rev\n   and ws_item_rev between 0.9 * ss_item_rev and 1.1 * ss_item_rev\n   and ws_item_rev between 0.9 * cs_item_rev and 1.1 * cs_item_rev\n order by item_id\n         ,ss_item_rev\n limit 100;\n\n-- end query 42 in stream 2 using template query58.tpl\n",
    "indexes": "web_sales.ws_sold_date_sk",
    "wo plan est": {
      "Node Type": "Limit",
      "Parallel Aware": false,
      "Async Capable": false,
      "Startup Cost": 1412339.33,
      "Total Cost": 1412339.33,
      "Plan Rows": 1,
      "Plan Width": 241,
      "Plans": [
        {
          "Node Type": "Sort",
          "Parent Relationship": "Outer",
          "Parallel Aware": false,
          "Async Capable": false,
          "Startup Cost": 1412339.33,
          "Total Cost": 1412339.33,
          "Plan Rows": 1,
          "Plan Width": 241,
          "Sort Key": [
            "item.i_item_id",
            "(sum(store_sales.ss_ext_sales_price))"
          ],
          "Plans": [
            {
              "Node Type": "Merge Join",
              "Parent Relationship": "Outer",
              "Parallel Aware": false,
              "Async Capable": false,
              "Join Type": "Inner",
              "Startup Cost": 1411497.09,
              "Total Cost": 1412339.32,
              "Plan Rows": 1,
              "Plan Width": 241,
              "Inner Unique": false,
              "Merge Cond": "(item.i_item_id = item_2.i_item_id)",
              "Join Filter": "(((sum(store_sales.ss_ext_sales_price)) >= (0.9 * (sum(catalog_sales.cs_ext_sales_price)))) AND ((sum(store_sales.ss_ext_sales_price)) <= (1.1 * (sum(catalog_sales.cs_ext_sales_price)))) AND ((sum(catalog_sales.cs_ext_sales_price)) >= (0.9 * (sum(store_sales.ss_ext_sales_price)))) AND ((sum(catalog_sales.cs_ext_sales_price)) <= (1.1 * (sum(store_sales.ss_ext_sales_price)))) AND ((sum(store_sales.ss_ext_sales_price)) >= (0.9 * (sum(web_sales.ws_ext_sales_price)))) AND ((sum(store_sales.ss_ext_sales_price)) <= (1.1 * (sum(web_sales.ws_ext_sales_price)))) AND ((sum(web_sales.ws_ext_sales_price)) >= (0.9 * (sum(store_sales.ss_ext_sales_price)))) AND ((sum(web_sales.ws_ext_sales_price)) <= (1.1 * (sum(store_sales.ss_ext_sales_price)))))",
              "Plans": [
                {
                  "Node Type": "Aggregate",
                  "Strategy": "Sorted",
                  "Partial Mode": "Finalize",
                  "Parent Relationship": "Outer",
                  "Parallel Aware": false,
                  "Async Capable": false,
                  "Startup Cost": 696753.06,
                  "Total Cost": 697077.89,
                  "Plan Rows": 2634,
                  "Plan Width": 49,
                  "Group Key": [
                    "item.i_item_id"
                  ],
                  "Plans": [
                    {
                      "Node Type": "Seq Scan",
                      "Parent Relationship": "InitPlan",
                      "Subplan Name": "InitPlan 1 (returns $0)",
                      "Parallel Aware": false,
                      "Async Capable": false,
                      "Relation Name": "date_dim",
                      "Alias": "date_dim_6",
                      "Startup Cost": 0.0,
                      "Total Cost": 2318.11,
                      "Plan Rows": 1,
                      "Plan Width": 4,
                      "Filter": "(d_date = '2000-05-19'::date)",
                      "parent": 3,
                      "ID": 4
                    },
                    {
                      "Node Type": "Gather Merge",
                      "Parent Relationship": "Outer",
                      "Parallel Aware": false,
                      "Async Capable": false,
                      "Startup Cost": 694434.95,
                      "Total Cost": 694710.38,
                      "Plan Rows": 2196,
                      "Plan Width": 49,
                      "Workers Planned": 2,
                      "Params Evaluated": [
                        "$0"
                      ],
                      "Plans": [
                        {
                          "Node Type": "Aggregate",
                          "Strategy": "Sorted",
                          "Partial Mode": "Partial",
                          "Parent Relationship": "Outer",
                          "Parallel Aware": false,
                          "Async Capable": false,
                          "Startup Cost": 693434.92,
                          "Total Cost": 693456.88,
                          "Plan Rows": 1098,
                          "Plan Width": 49,
                          "Group Key": [
                            "item.i_item_id"
                          ],
                          "Plans": [
                            {
                              "Node Type": "Sort",
                              "Parent Relationship": "Outer",
                              "Parallel Aware": false,
                              "Async Capable": false,
                              "Startup Cost": 693434.92,
                              "Total Cost": 693437.67,
                              "Plan Rows": 1098,
                              "Plan Width": 23,
                              "Sort Key": [
                                "item.i_item_id"
                              ],
                              "Plans": [
                                {
                                  "Node Type": "Hash Join",
                                  "Parent Relationship": "Outer",
                                  "Parallel Aware": true,
                                  "Async Capable": false,
                                  "Join Type": "Inner",
                                  "Startup Cost": 685826.52,
                                  "Total Cost": 693379.47,
                                  "Plan Rows": 1098,
                                  "Plan Width": 23,
                                  "Inner Unique": false,
                                  "Hash Cond": "(item.i_item_sk = store_sales.ss_item_sk)",
                                  "Plans": [
                                    {
                                      "Node Type": "Seq Scan",
                                      "Parent Relationship": "Outer",
                                      "Parallel Aware": true,
                                      "Async Capable": false,
                                      "Relation Name": "item",
                                      "Alias": "item",
                                      "Startup Cost": 0.0,
                                      "Total Cost": 7389.0,
                                      "Plan Rows": 42500,
                                      "Plan Width": 21,
                                      "parent": 8,
                                      "ID": 9
                                    },
                                    {
                                      "Node Type": "Hash",
                                      "Parent Relationship": "Inner",
                                      "Parallel Aware": true,
                                      "Async Capable": false,
                                      "Startup Cost": 685812.79,
                                      "Total Cost": 685812.79,
                                      "Plan Rows": 1098,
                                      "Plan Width": 10,
                                      "Plans": [
                                        {
                                          "Node Type": "Hash Join",
                                          "Parent Relationship": "Outer",
                                          "Parallel Aware": true,
                                          "Async Capable": false,
                                          "Join Type": "Inner",
                                          "Startup Cost": 3889.77,
                                          "Total Cost": 685812.79,
                                          "Plan Rows": 1098,
                                          "Plan Width": 10,
                                          "Inner Unique": false,
                                          "Hash Cond": "(store_sales.ss_sold_date_sk = date_dim.d_date_sk)",
                                          "Plans": [
                                            {
                                              "Node Type": "Seq Scan",
                                              "Parent Relationship": "Outer",
                                              "Parallel Aware": true,
                                              "Async Capable": false,
                                              "Relation Name": "store_sales",
                                              "Alias": "store_sales",
                                              "Startup Cost": 0.0,
                                              "Total Cost": 636914.37,
                                              "Plan Rows": 12000637,
                                              "Plan Width": 14,
                                              "parent": 11,
                                              "ID": 12
                                            },
                                            {
                                              "Node Type": "Hash",
                                              "Parent Relationship": "Inner",
                                              "Parallel Aware": true,
                                              "Async Capable": false,
                                              "Startup Cost": 3889.72,
                                              "Total Cost": 3889.72,
                                              "Plan Rows": 4,
                                              "Plan Width": 4,
                                              "Plans": [
                                                {
                                                  "Node Type": "Hash Join",
                                                  "Parent Relationship": "Outer",
                                                  "Parallel Aware": true,
                                                  "Async Capable": false,
                                                  "Join Type": "Semi",
                                                  "Startup Cost": 1942.17,
                                                  "Total Cost": 3889.72,
                                                  "Plan Rows": 4,
                                                  "Plan Width": 4,
                                                  "Inner Unique": false,
                                                  "Hash Cond": "(date_dim.d_date = date_dim_1.d_date)",
                                                  "Plans": [
                                                    {
                                                      "Node Type": "Seq Scan",
                                                      "Parent Relationship": "Outer",
                                                      "Parallel Aware": true,
                                                      "Async Capable": false,
                                                      "Relation Name": "date_dim",
                                                      "Alias": "date_dim",
                                                      "Startup Cost": 0.0,
                                                      "Total Cost": 1834.7,
                                                      "Plan Rows": 42970,
                                                      "Plan Width": 8,
                                                      "parent": 14,
                                                      "ID": 15
                                                    },
                                                    {
                                                      "Node Type": "Hash",
                                                      "Parent Relationship": "Inner",
                                                      "Parallel Aware": true,
                                                      "Async Capable": false,
                                                      "Startup Cost": 1942.12,
                                                      "Total Cost": 1942.12,
                                                      "Plan Rows": 4,
                                                      "Plan Width": 4,
                                                      "Plans": [
                                                        {
                                                          "Node Type": "Seq Scan",
                                                          "Parent Relationship": "Outer",
                                                          "Parallel Aware": true,
                                                          "Async Capable": false,
                                                          "Relation Name": "date_dim",
                                                          "Alias": "date_dim_1",
                                                          "Startup Cost": 0.0,
                                                          "Total Cost": 1942.12,
                                                          "Plan Rows": 4,
                                                          "Plan Width": 4,
                                                          "Filter": "(d_week_seq = $0)",
                                                          "parent": 16,
                                                          "ID": 17
                                                        }
                                                      ],
                                                      "parent": 14,
                                                      "ID": 16,
                                                      "left": 17
                                                    }
                                                  ],
                                                  "parent": 13,
                                                  "ID": 14,
                                                  "left": 15,
                                                  "right": 16
                                                }
                                              ],
                                              "parent": 11,
                                              "ID": 13,
                                              "left": 14
                                            }
                                          ],
                                          "parent": 10,
                                          "ID": 11,
                                          "left": 12,
                                          "right": 13
                                        }
                                      ],
                                      "parent": 8,
                                      "ID": 10,
                                      "left": 11
                                    }
                                  ],
                                  "parent": 7,
                                  "ID": 8,
                                  "left": 9,
                                  "right": 10
                                }
                              ],
                              "parent": 6,
                              "ID": 7,
                              "left": 8
                            }
                          ],
                          "parent": 5,
                          "ID": 6,
                          "left": 7
                        }
                      ],
                      "parent": 3,
                      "ID": 5,
                      "left": 6
                    }
                  ],
                  "parent": 2,
                  "ID": 3,
                  "left": 4,
                  "right": 5
                },
                {
                  "Node Type": "Materialize",
                  "Parent Relationship": "Inner",
                  "Parallel Aware": false,
                  "Async Capable": false,
                  "Startup Cost": 714744.03,
                  "Total Cost": 715186.59,
                  "Plan Rows": 58,
                  "Plan Width": 98,
                  "Plans": [
                    {
                      "Node Type": "Merge Join",
                      "Parent Relationship": "Outer",
                      "Parallel Aware": false,
                      "Async Capable": false,
                      "Join Type": "Inner",
                      "Startup Cost": 714744.03,
                      "Total Cost": 715186.44,
                      "Plan Rows": 58,
                      "Plan Width": 98,
                      "Inner Unique": true,
                      "Merge Cond": "(item_1.i_item_id = item_2.i_item_id)",
                      "Join Filter": "(((sum(catalog_sales.cs_ext_sales_price)) >= (0.9 * (sum(web_sales.ws_ext_sales_price)))) AND ((sum(catalog_sales.cs_ext_sales_price)) <= (1.1 * (sum(web_sales.ws_ext_sales_price)))) AND ((sum(web_sales.ws_ext_sales_price)) >= (0.9 * (sum(catalog_sales.cs_ext_sales_price)))) AND ((sum(web_sales.ws_ext_sales_price)) <= (1.1 * (sum(catalog_sales.cs_ext_sales_price)))))",
                      "Plans": [
                        {
                          "Node Type": "Aggregate",
                          "Strategy": "Sorted",
                          "Partial Mode": "Finalize",
                          "Parent Relationship": "Outer",
                          "Parallel Aware": false,
                          "Async Capable": false,
                          "Startup Cost": 243758.54,
                          "Total Cost": 243843.73,
                          "Plan Rows": 690,
                          "Plan Width": 49,
                          "Group Key": [
                            "item_1.i_item_id"
                          ],
                          "Plans": [
                            {
                              "Node Type": "Seq Scan",
                              "Parent Relationship": "InitPlan",
                              "Subplan Name": "InitPlan 3 (returns $2)",
                              "Parallel Aware": false,
                              "Async Capable": false,
                              "Relation Name": "date_dim",
                              "Alias": "date_dim_8",
                              "Startup Cost": 0.0,
                              "Total Cost": 2318.11,
                              "Plan Rows": 1,
                              "Plan Width": 4,
                              "Filter": "(d_date = '2000-05-19'::date)",
                              "parent": 20,
                              "ID": 21
                            },
                            {
                              "Node Type": "Gather Merge",
                              "Parent Relationship": "Outer",
                              "Parallel Aware": false,
                              "Async Capable": false,
                              "Startup Cost": 241440.43,
                              "Total Cost": 241512.67,
                              "Plan Rows": 576,
                              "Plan Width": 49,
                              "Workers Planned": 2,
                              "Params Evaluated": [
                                "$2"
                              ],
                              "Plans": [
                                {
                                  "Node Type": "Aggregate",
                                  "Strategy": "Sorted",
                                  "Partial Mode": "Partial",
                                  "Parent Relationship": "Outer",
                                  "Parallel Aware": false,
                                  "Async Capable": false,
                                  "Startup Cost": 240440.4,
                                  "Total Cost": 240446.16,
                                  "Plan Rows": 288,
                                  "Plan Width": 49,
                                  "Group Key": [
                                    "item_1.i_item_id"
                                  ],
                                  "Plans": [
                                    {
                                      "Node Type": "Sort",
                                      "Parent Relationship": "Outer",
                                      "Parallel Aware": false,
                                      "Async Capable": false,
                                      "Startup Cost": 240440.4,
                                      "Total Cost": 240441.12,
                                      "Plan Rows": 288,
                                      "Plan Width": 23,
                                      "Sort Key": [
                                        "item_1.i_item_id"
                                      ],
                                      "Plans": [
                                        {
                                          "Node Type": "Hash Join",
                                          "Parent Relationship": "Outer",
                                          "Parallel Aware": true,
                                          "Async Capable": false,
                                          "Join Type": "Inner",
                                          "Startup Cost": 232879.06,
                                          "Total Cost": 240428.64,
                                          "Plan Rows": 288,
                                          "Plan Width": 23,
                                          "Inner Unique": false,
                                          "Hash Cond": "(item_1.i_item_sk = web_sales.ws_item_sk)",
                                          "Plans": [
                                            {
                                              "Node Type": "Seq Scan",
                                              "Parent Relationship": "Outer",
                                              "Parallel Aware": true,
                                              "Async Capable": false,
                                              "Relation Name": "item",
                                              "Alias": "item_1",
                                              "Startup Cost": 0.0,
                                              "Total Cost": 7389.0,
                                              "Plan Rows": 42500,
                                              "Plan Width": 21,
                                              "parent": 25,
                                              "ID": 26
                                            },
                                            {
                                              "Node Type": "Hash",
                                              "Parent Relationship": "Inner",
                                              "Parallel Aware": true,
                                              "Async Capable": false,
                                              "Startup Cost": 232875.46,
                                              "Total Cost": 232875.46,
                                              "Plan Rows": 288,
                                              "Plan Width": 10,
                                              "Plans": [
                                                {
                                                  "Node Type": "Hash Join",
                                                  "Parent Relationship": "Outer",
                                                  "Parallel Aware": true,
                                                  "Async Capable": false,
                                                  "Join Type": "Inner",
                                                  "Startup Cost": 3889.77,
                                                  "Total Cost": 232875.46,
                                                  "Plan Rows": 288,
                                                  "Plan Width": 10,
                                                  "Inner Unique": false,
                                                  "Hash Cond": "(web_sales.ws_sold_date_sk = date_dim_2.d_date_sk)",
                                                  "Plans": [
                                                    {
                                                      "Node Type": "Seq Scan",
                                                      "Parent Relationship": "Outer",
                                                      "Parallel Aware": true,
                                                      "Async Capable": false,
                                                      "Relation Name": "web_sales",
                                                      "Alias": "web_sales",
                                                      "Startup Cost": 0.0,
                                                      "Total Cost": 217737.86,
                                                      "Plan Rows": 2998986,
                                                      "Plan Width": 14,
                                                      "parent": 28,
                                                      "ID": 29
                                                    },
                                                    {
                                                      "Node Type": "Hash",
                                                      "Parent Relationship": "Inner",
                                                      "Parallel Aware": true,
                                                      "Async Capable": false,
                                                      "Startup Cost": 3889.72,
                                                      "Total Cost": 3889.72,
                                                      "Plan Rows": 4,
                                                      "Plan Width": 4,
                                                      "Plans": [
                                                        {
                                                          "Node Type": "Hash Join",
                                                          "Parent Relationship": "Outer",
                                                          "Parallel Aware": true,
                                                          "Async Capable": false,
                                                          "Join Type": "Semi",
                                                          "Startup Cost": 1942.17,
                                                          "Total Cost": 3889.72,
                                                          "Plan Rows": 4,
                                                          "Plan Width": 4,
                                                          "Inner Unique": false,
                                                          "Hash Cond": "(date_dim_2.d_date = date_dim_3.d_date)",
                                                          "Plans": [
                                                            {
                                                              "Node Type": "Seq Scan",
                                                              "Parent Relationship": "Outer",
                                                              "Parallel Aware": true,
                                                              "Async Capable": false,
                                                              "Relation Name": "date_dim",
                                                              "Alias": "date_dim_2",
                                                              "Startup Cost": 0.0,
                                                              "Total Cost": 1834.7,
                                                              "Plan Rows": 42970,
                                                              "Plan Width": 8,
                                                              "parent": 31,
                                                              "ID": 32
                                                            },
                                                            {
                                                              "Node Type": "Hash",
                                                              "Parent Relationship": "Inner",
                                                              "Parallel Aware": true,
                                                              "Async Capable": false,
                                                              "Startup Cost": 1942.12,
                                                              "Total Cost": 1942.12,
                                                              "Plan Rows": 4,
                                                              "Plan Width": 4,
                                                              "Plans": [
                                                                {
                                                                  "Node Type": "Seq Scan",
                                                                  "Parent Relationship": "Outer",
                                                                  "Parallel Aware": true,
                                                                  "Async Capable": false,
                                                                  "Relation Name": "date_dim",
                                                                  "Alias": "date_dim_3",
                                                                  "Startup Cost": 0.0,
                                                                  "Total Cost": 1942.12,
                                                                  "Plan Rows": 4,
                                                                  "Plan Width": 4,
                                                                  "Filter": "(d_week_seq = $2)",
                                                                  "parent": 33,
                                                                  "ID": 34
                                                                }
                                                              ],
                                                              "parent": 31,
                                                              "ID": 33,
                                                              "left": 34
                                                            }
                                                          ],
                                                          "parent": 30,
                                                          "ID": 31,
                                                          "left": 32,
                                                          "right": 33
                                                        }
                                                      ],
                                                      "parent": 28,
                                                      "ID": 30,
                                                      "left": 31
                                                    }
                                                  ],
                                                  "parent": 27,
                                                  "ID": 28,
                                                  "left": 29,
                                                  "right": 30
                                                }
                                              ],
                                              "parent": 25,
                                              "ID": 27,
                                              "left": 28
                                            }
                                          ],
                                          "parent": 24,
                                          "ID": 25,
                                          "left": 26,
                                          "right": 27
                                        }
                                      ],
                                      "parent": 23,
                                      "ID": 24,
                                      "left": 25
                                    }
                                  ],
                                  "parent": 22,
                                  "ID": 23,
                                  "left": 24
                                }
                              ],
                              "parent": 20,
                              "ID": 22,
                              "left": 23
                            }
                          ],
                          "parent": 19,
                          "ID": 20,
                          "left": 21,
                          "right": 22
                        },
                        {
                          "Node Type": "Materialize",
                          "Parent Relationship": "Inner",
                          "Parallel Aware": false,
                          "Async Capable": false,
                          "Startup Cost": 470985.5,
                          "Total Cost": 471171.86,
                          "Plan Rows": 1372,
                          "Plan Width": 49,
                          "Plans": [
                            {
                              "Node Type": "Aggregate",
                              "Strategy": "Sorted",
                              "Partial Mode": "Finalize",
                              "Parent Relationship": "Outer",
                              "Parallel Aware": false,
                              "Async Capable": false,
                              "Startup Cost": 470985.5,
                              "Total Cost": 471154.71,
                              "Plan Rows": 1372,
                              "Plan Width": 49,
                              "Group Key": [
                                "item_2.i_item_id"
                              ],
                              "Plans": [
                                {
                                  "Node Type": "Seq Scan",
                                  "Parent Relationship": "InitPlan",
                                  "Subplan Name": "InitPlan 2 (returns $1)",
                                  "Parallel Aware": false,
                                  "Async Capable": false,
                                  "Relation Name": "date_dim",
                                  "Alias": "date_dim_7",
                                  "Startup Cost": 0.0,
                                  "Total Cost": 2318.11,
                                  "Plan Rows": 1,
                                  "Plan Width": 4,
                                  "Filter": "(d_date = '2000-05-19'::date)",
                                  "parent": 36,
                                  "ID": 37
                                },
                                {
                                  "Node Type": "Gather Merge",
                                  "Parent Relationship": "Outer",
                                  "Parallel Aware": false,
                                  "Async Capable": false,
                                  "Startup Cost": 468667.38,
                                  "Total Cost": 468810.87,
                                  "Plan Rows": 1144,
                                  "Plan Width": 49,
                                  "Workers Planned": 2,
                                  "Params Evaluated": [
                                    "$1"
                                  ],
                                  "Plans": [
                                    {
                                      "Node Type": "Aggregate",
                                      "Strategy": "Sorted",
                                      "Partial Mode": "Partial",
                                      "Parent Relationship": "Outer",
                                      "Parallel Aware": false,
                                      "Async Capable": false,
                                      "Startup Cost": 467667.36,
                                      "Total Cost": 467678.8,
                                      "Plan Rows": 572,
                                      "Plan Width": 49,
                                      "Group Key": [
                                        "item_2.i_item_id"
                                      ],
                                      "Plans": [
                                        {
                                          "Node Type": "Sort",
                                          "Parent Relationship": "Outer",
                                          "Parallel Aware": false,
                                          "Async Capable": false,
                                          "Startup Cost": 467667.36,
                                          "Total Cost": 467668.79,
                                          "Plan Rows": 572,
                                          "Plan Width": 23,
                                          "Sort Key": [
                                            "item_2.i_item_id"
                                          ],
                                          "Plans": [
                                            {
                                              "Node Type": "Hash Join",
                                              "Parent Relationship": "Outer",
                                              "Parallel Aware": true,
                                              "Async Capable": false,
                                              "Join Type": "Inner",
                                              "Startup Cost": 460090.41,
                                              "Total Cost": 467641.16,
                                              "Plan Rows": 572,
                                              "Plan Width": 23,
                                              "Inner Unique": false,
                                              "Hash Cond": "(item_2.i_item_sk = catalog_sales.cs_item_sk)",
                                              "Plans": [
                                                {
                                                  "Node Type": "Seq Scan",
                                                  "Parent Relationship": "Outer",
                                                  "Parallel Aware": true,
                                                  "Async Capable": false,
                                                  "Relation Name": "item",
                                                  "Alias": "item_2",
                                                  "Startup Cost": 0.0,
                                                  "Total Cost": 7389.0,
                                                  "Plan Rows": 42500,
                                                  "Plan Width": 21,
                                                  "parent": 41,
                                                  "ID": 42
                                                },
                                                {
                                                  "Node Type": "Hash",
                                                  "Parent Relationship": "Inner",
                                                  "Parallel Aware": true,
                                                  "Async Capable": false,
                                                  "Startup Cost": 460083.26,
                                                  "Total Cost": 460083.26,
                                                  "Plan Rows": 572,
                                                  "Plan Width": 10,
                                                  "Plans": [
                                                    {
                                                      "Node Type": "Hash Join",
                                                      "Parent Relationship": "Outer",
                                                      "Parallel Aware": true,
                                                      "Async Capable": false,
                                                      "Join Type": "Inner",
                                                      "Startup Cost": 3889.77,
                                                      "Total Cost": 460083.26,
                                                      "Plan Rows": 572,
                                                      "Plan Width": 10,
                                                      "Inner Unique": false,
                                                      "Hash Cond": "(catalog_sales.cs_sold_date_sk = date_dim_4.d_date_sk)",
                                                      "Plans": [
                                                        {
                                                          "Node Type": "Seq Scan",
                                                          "Parent Relationship": "Outer",
                                                          "Parallel Aware": true,
                                                          "Async Capable": false,
                                                          "Relation Name": "catalog_sales",
                                                          "Alias": "catalog_sales",
                                                          "Startup Cost": 0.0,
                                                          "Total Cost": 433688.25,
                                                          "Plan Rows": 6000525,
                                                          "Plan Width": 14,
                                                          "parent": 44,
                                                          "ID": 45
                                                        },
                                                        {
                                                          "Node Type": "Hash",
                                                          "Parent Relationship": "Inner",
                                                          "Parallel Aware": true,
                                                          "Async Capable": false,
                                                          "Startup Cost": 3889.72,
                                                          "Total Cost": 3889.72,
                                                          "Plan Rows": 4,
                                                          "Plan Width": 4,
                                                          "Plans": [
                                                            {
                                                              "Node Type": "Hash Join",
                                                              "Parent Relationship": "Outer",
                                                              "Parallel Aware": true,
                                                              "Async Capable": false,
                                                              "Join Type": "Semi",
                                                              "Startup Cost": 1942.17,
                                                              "Total Cost": 3889.72,
                                                              "Plan Rows": 4,
                                                              "Plan Width": 4,
                                                              "Inner Unique": false,
                                                              "Hash Cond": "(date_dim_4.d_date = date_dim_5.d_date)",
                                                              "Plans": [
                                                                {
                                                                  "Node Type": "Seq Scan",
                                                                  "Parent Relationship": "Outer",
                                                                  "Parallel Aware": true,
                                                                  "Async Capable": false,
                                                                  "Relation Name": "date_dim",
                                                                  "Alias": "date_dim_4",
                                                                  "Startup Cost": 0.0,
                                                                  "Total Cost": 1834.7,
                                                                  "Plan Rows": 42970,
                                                                  "Plan Width": 8,
                                                                  "parent": 47,
                                                                  "ID": 48
                                                                },
                                                                {
                                                                  "Node Type": "Hash",
                                                                  "Parent Relationship": "Inner",
                                                                  "Parallel Aware": true,
                                                                  "Async Capable": false,
                                                                  "Startup Cost": 1942.12,
                                                                  "Total Cost": 1942.12,
                                                                  "Plan Rows": 4,
                                                                  "Plan Width": 4,
                                                                  "Plans": [
                                                                    {
                                                                      "Node Type": "Seq Scan",
                                                                      "Parent Relationship": "Outer",
                                                                      "Parallel Aware": true,
                                                                      "Async Capable": false,
                                                                      "Relation Name": "date_dim",
                                                                      "Alias": "date_dim_5",
                                                                      "Startup Cost": 0.0,
                                                                      "Total Cost": 1942.12,
                                                                      "Plan Rows": 4,
                                                                      "Plan Width": 4,
                                                                      "Filter": "(d_week_seq = $1)",
                                                                      "parent": 49,
                                                                      "ID": 50
                                                                    }
                                                                  ],
                                                                  "parent": 47,
                                                                  "ID": 49,
                                                                  "left": 50
                                                                }
                                                              ],
                                                              "parent": 46,
                                                              "ID": 47,
                                                              "left": 48,
                                                              "right": 49
                                                            }
                                                          ],
                                                          "parent": 44,
                                                          "ID": 46,
                                                          "left": 47
                                                        }
                                                      ],
                                                      "parent": 43,
                                                      "ID": 44,
                                                      "left": 45,
                                                      "right": 46
                                                    }
                                                  ],
                                                  "parent": 41,
                                                  "ID": 43,
                                                  "left": 44
                                                }
                                              ],
                                              "parent": 40,
                                              "ID": 41,
                                              "left": 42,
                                              "right": 43
                                            }
                                          ],
                                          "parent": 39,
                                          "ID": 40,
                                          "left": 41
                                        }
                                      ],
                                      "parent": 38,
                                      "ID": 39,
                                      "left": 40
                                    }
                                  ],
                                  "parent": 36,
                                  "ID": 38,
                                  "left": 39
                                }
                              ],
                              "parent": 35,
                              "ID": 36,
                              "left": 37,
                              "right": 38
                            }
                          ],
                          "parent": 19,
                          "ID": 35,
                          "left": 36
                        }
                      ],
                      "parent": 18,
                      "ID": 19,
                      "left": 20,
                      "right": 35
                    }
                  ],
                  "parent": 2,
                  "ID": 18,
                  "left": 19
                }
              ],
              "parent": 1,
              "ID": 2,
              "left": 3,
              "right": 18
            }
          ],
          "parent": 0,
          "ID": 1,
          "left": 2
        }
      ],
      "parent": null,
      "ID": 0,
      "left": 1
    },
    "feat": {
      "utility": 0.0013683708614268674,
      "query_shape": [
        [
          "Seq Scan",
          "Aggregate",
          "Merge Join",
          "Sort"
        ],
        [
          "Seq Scan",
          "Hash Join",
          "Sort",
          "Aggregate",
          "Gather Merge",
          "Merge Join"
        ],
        [
          "Seq Scan",
          "Hash Join",
          "Hash",
          "Sort",
          "Aggregate",
          "Gather Merge",
          "Merge Join"
        ],
        [
          "Seq Scan",
          "Hash Join",
          "Hash",
          "Sort",
          "Aggregate",
          "Gather Merge",
          "Merge Join"
        ],
        [
          "Seq Scan",
          "Hash",
          "Hash Join",
          "Sort",
          "Aggregate",
          "Gather Merge",
          "Merge Join"
        ],
        [
          "Seq Scan",
          "Aggregate",
          "Merge Join",
          "Materialize",
          "Sort"
        ],
        [
          "Seq Scan",
          "Hash Join",
          "Sort",
          "Aggregate",
          "Gather Merge",
          "Merge Join",
          "Materialize"
        ],
        [
          "Seq Scan",
          "Hash Join",
          "Hash",
          "Sort",
          "Aggregate",
          "Gather Merge",
          "Merge Join",
          "Materialize"
        ],
        [
          "Seq Scan",
          "Hash Join",
          "Hash",
          "Sort",
          "Aggregate",
          "Gather Merge",
          "Merge Join",
          "Materialize"
        ],
        [
          "Seq Scan",
          "Hash",
          "Hash Join",
          "Sort",
          "Aggregate",
          "Gather Merge",
          "Merge Join",
          "Materialize"
        ],
        [
          "Seq Scan",
          "Aggregate",
          "Materialize",
          "Merge Join",
          "Sort"
        ],
        [
          "Seq Scan",
          "Hash Join",
          "Sort",
          "Aggregate",
          "Gather Merge",
          "Materialize",
          "Merge Join"
        ],
        [
          "Seq Scan",
          "Hash Join",
          "Hash",
          "Sort",
          "Aggregate",
          "Gather Merge",
          "Materialize",
          "Merge Join"
        ],
        [
          "Seq Scan",
          "Hash Join",
          "Hash",
          "Sort",
          "Aggregate",
          "Gather Merge",
          "Materialize",
          "Merge Join"
        ],
        [
          "Seq Scan",
          "Hash",
          "Hash Join",
          "Sort",
          "Aggregate",
          "Gather Merge",
          "Materialize",
          "Merge Join"
        ]
      ],
      "index_shape": [
        "join"
      ],
      "physical_operator": {
        "Hash Join": [
          0.00489980762303818
        ]
      }
    }
  },
  {
    "query": "with ss_items as\n (select i_item_id item_id\n        ,sum(ss_ext_sales_price) ss_item_rev \n from store_sales\n     ,item\n     ,date_dim\n where ss_item_sk = i_item_sk\n   and d_date in (select d_date\n                  from date_dim\n                  where d_week_seq = (select d_week_seq \n                                      from date_dim\n                                      where d_date = '2000-05-19'))\n   and ss_sold_date_sk   = d_date_sk\n group by i_item_id),\n cs_items as\n (select i_item_id item_id\n        ,sum(cs_ext_sales_price) cs_item_rev\n  from catalog_sales\n      ,item\n      ,date_dim\n where cs_item_sk = i_item_sk\n  and  d_date in (select d_date\n                  from date_dim\n                  where d_week_seq = (select d_week_seq \n                                      from date_dim\n                                      where d_date = '2000-05-19'))\n  and  cs_sold_date_sk = d_date_sk\n group by i_item_id),\n ws_items as\n (select i_item_id item_id\n        ,sum(ws_ext_sales_price) ws_item_rev\n  from web_sales\n      ,item\n      ,date_dim\n where ws_item_sk = i_item_sk\n  and  d_date in (select d_date\n                  from date_dim\n                  where d_week_seq =(select d_week_seq \n                                     from date_dim\n                                     where d_date = '2000-05-19'))\n  and ws_sold_date_sk   = d_date_sk\n group by i_item_id)\n  select  ss_items.item_id\n       ,ss_item_rev\n       ,ss_item_rev/((ss_item_rev+cs_item_rev+ws_item_rev)/3) * 100 ss_dev\n       ,cs_item_rev\n       ,cs_item_rev/((ss_item_rev+cs_item_rev+ws_item_rev)/3) * 100 cs_dev\n       ,ws_item_rev\n       ,ws_item_rev/((ss_item_rev+cs_item_rev+ws_item_rev)/3) * 100 ws_dev\n       ,(ss_item_rev+cs_item_rev+ws_item_rev)/3 average\n from ss_items,cs_items,ws_items\n where ss_items.item_id=cs_items.item_id\n   and ss_items.item_id=ws_items.item_id \n   and ss_item_rev between 0.9 * cs_item_rev and 1.1 * cs_item_rev\n   and ss_item_rev between 0.9 * ws_item_rev and 1.1 * ws_item_rev\n   and cs_item_rev between 0.9 * ss_item_rev and 1.1 * ss_item_rev\n   and cs_item_rev between 0.9 * ws_item_rev and 1.1 * ws_item_rev\n   and ws_item_rev between 0.9 * ss_item_rev and 1.1 * ss_item_rev\n   and ws_item_rev between 0.9 * cs_item_rev and 1.1 * cs_item_rev\n order by item_id\n         ,ss_item_rev\n limit 100;\n\n-- end query 42 in stream 2 using template query58.tpl\n",
    "indexes": "web_sales.ws_item_sk",
    "wo plan est": {
      "Node Type": "Limit",
      "Parallel Aware": false,
      "Async Capable": false,
      "Startup Cost": 1412339.33,
      "Total Cost": 1412339.33,
      "Plan Rows": 1,
      "Plan Width": 241,
      "Plans": [
        {
          "Node Type": "Sort",
          "Parent Relationship": "Outer",
          "Parallel Aware": false,
          "Async Capable": false,
          "Startup Cost": 1412339.33,
          "Total Cost": 1412339.33,
          "Plan Rows": 1,
          "Plan Width": 241,
          "Sort Key": [
            "item.i_item_id",
            "(sum(store_sales.ss_ext_sales_price))"
          ],
          "Plans": [
            {
              "Node Type": "Merge Join",
              "Parent Relationship": "Outer",
              "Parallel Aware": false,
              "Async Capable": false,
              "Join Type": "Inner",
              "Startup Cost": 1411497.09,
              "Total Cost": 1412339.32,
              "Plan Rows": 1,
              "Plan Width": 241,
              "Inner Unique": false,
              "Merge Cond": "(item.i_item_id = item_2.i_item_id)",
              "Join Filter": "(((sum(store_sales.ss_ext_sales_price)) >= (0.9 * (sum(catalog_sales.cs_ext_sales_price)))) AND ((sum(store_sales.ss_ext_sales_price)) <= (1.1 * (sum(catalog_sales.cs_ext_sales_price)))) AND ((sum(catalog_sales.cs_ext_sales_price)) >= (0.9 * (sum(store_sales.ss_ext_sales_price)))) AND ((sum(catalog_sales.cs_ext_sales_price)) <= (1.1 * (sum(store_sales.ss_ext_sales_price)))) AND ((sum(store_sales.ss_ext_sales_price)) >= (0.9 * (sum(web_sales.ws_ext_sales_price)))) AND ((sum(store_sales.ss_ext_sales_price)) <= (1.1 * (sum(web_sales.ws_ext_sales_price)))) AND ((sum(web_sales.ws_ext_sales_price)) >= (0.9 * (sum(store_sales.ss_ext_sales_price)))) AND ((sum(web_sales.ws_ext_sales_price)) <= (1.1 * (sum(store_sales.ss_ext_sales_price)))))",
              "Plans": [
                {
                  "Node Type": "Aggregate",
                  "Strategy": "Sorted",
                  "Partial Mode": "Finalize",
                  "Parent Relationship": "Outer",
                  "Parallel Aware": false,
                  "Async Capable": false,
                  "Startup Cost": 696753.06,
                  "Total Cost": 697077.89,
                  "Plan Rows": 2634,
                  "Plan Width": 49,
                  "Group Key": [
                    "item.i_item_id"
                  ],
                  "Plans": [
                    {
                      "Node Type": "Seq Scan",
                      "Parent Relationship": "InitPlan",
                      "Subplan Name": "InitPlan 1 (returns $0)",
                      "Parallel Aware": false,
                      "Async Capable": false,
                      "Relation Name": "date_dim",
                      "Alias": "date_dim_6",
                      "Startup Cost": 0.0,
                      "Total Cost": 2318.11,
                      "Plan Rows": 1,
                      "Plan Width": 4,
                      "Filter": "(d_date = '2000-05-19'::date)",
                      "parent": 3,
                      "ID": 4
                    },
                    {
                      "Node Type": "Gather Merge",
                      "Parent Relationship": "Outer",
                      "Parallel Aware": false,
                      "Async Capable": false,
                      "Startup Cost": 694434.95,
                      "Total Cost": 694710.38,
                      "Plan Rows": 2196,
                      "Plan Width": 49,
                      "Workers Planned": 2,
                      "Params Evaluated": [
                        "$0"
                      ],
                      "Plans": [
                        {
                          "Node Type": "Aggregate",
                          "Strategy": "Sorted",
                          "Partial Mode": "Partial",
                          "Parent Relationship": "Outer",
                          "Parallel Aware": false,
                          "Async Capable": false,
                          "Startup Cost": 693434.92,
                          "Total Cost": 693456.88,
                          "Plan Rows": 1098,
                          "Plan Width": 49,
                          "Group Key": [
                            "item.i_item_id"
                          ],
                          "Plans": [
                            {
                              "Node Type": "Sort",
                              "Parent Relationship": "Outer",
                              "Parallel Aware": false,
                              "Async Capable": false,
                              "Startup Cost": 693434.92,
                              "Total Cost": 693437.67,
                              "Plan Rows": 1098,
                              "Plan Width": 23,
                              "Sort Key": [
                                "item.i_item_id"
                              ],
                              "Plans": [
                                {
                                  "Node Type": "Hash Join",
                                  "Parent Relationship": "Outer",
                                  "Parallel Aware": true,
                                  "Async Capable": false,
                                  "Join Type": "Inner",
                                  "Startup Cost": 685826.52,
                                  "Total Cost": 693379.47,
                                  "Plan Rows": 1098,
                                  "Plan Width": 23,
                                  "Inner Unique": false,
                                  "Hash Cond": "(item.i_item_sk = store_sales.ss_item_sk)",
                                  "Plans": [
                                    {
                                      "Node Type": "Seq Scan",
                                      "Parent Relationship": "Outer",
                                      "Parallel Aware": true,
                                      "Async Capable": false,
                                      "Relation Name": "item",
                                      "Alias": "item",
                                      "Startup Cost": 0.0,
                                      "Total Cost": 7389.0,
                                      "Plan Rows": 42500,
                                      "Plan Width": 21,
                                      "parent": 8,
                                      "ID": 9
                                    },
                                    {
                                      "Node Type": "Hash",
                                      "Parent Relationship": "Inner",
                                      "Parallel Aware": true,
                                      "Async Capable": false,
                                      "Startup Cost": 685812.79,
                                      "Total Cost": 685812.79,
                                      "Plan Rows": 1098,
                                      "Plan Width": 10,
                                      "Plans": [
                                        {
                                          "Node Type": "Hash Join",
                                          "Parent Relationship": "Outer",
                                          "Parallel Aware": true,
                                          "Async Capable": false,
                                          "Join Type": "Inner",
                                          "Startup Cost": 3889.77,
                                          "Total Cost": 685812.79,
                                          "Plan Rows": 1098,
                                          "Plan Width": 10,
                                          "Inner Unique": false,
                                          "Hash Cond": "(store_sales.ss_sold_date_sk = date_dim.d_date_sk)",
                                          "Plans": [
                                            {
                                              "Node Type": "Seq Scan",
                                              "Parent Relationship": "Outer",
                                              "Parallel Aware": true,
                                              "Async Capable": false,
                                              "Relation Name": "store_sales",
                                              "Alias": "store_sales",
                                              "Startup Cost": 0.0,
                                              "Total Cost": 636914.37,
                                              "Plan Rows": 12000637,
                                              "Plan Width": 14,
                                              "parent": 11,
                                              "ID": 12
                                            },
                                            {
                                              "Node Type": "Hash",
                                              "Parent Relationship": "Inner",
                                              "Parallel Aware": true,
                                              "Async Capable": false,
                                              "Startup Cost": 3889.72,
                                              "Total Cost": 3889.72,
                                              "Plan Rows": 4,
                                              "Plan Width": 4,
                                              "Plans": [
                                                {
                                                  "Node Type": "Hash Join",
                                                  "Parent Relationship": "Outer",
                                                  "Parallel Aware": true,
                                                  "Async Capable": false,
                                                  "Join Type": "Semi",
                                                  "Startup Cost": 1942.17,
                                                  "Total Cost": 3889.72,
                                                  "Plan Rows": 4,
                                                  "Plan Width": 4,
                                                  "Inner Unique": false,
                                                  "Hash Cond": "(date_dim.d_date = date_dim_1.d_date)",
                                                  "Plans": [
                                                    {
                                                      "Node Type": "Seq Scan",
                                                      "Parent Relationship": "Outer",
                                                      "Parallel Aware": true,
                                                      "Async Capable": false,
                                                      "Relation Name": "date_dim",
                                                      "Alias": "date_dim",
                                                      "Startup Cost": 0.0,
                                                      "Total Cost": 1834.7,
                                                      "Plan Rows": 42970,
                                                      "Plan Width": 8,
                                                      "parent": 14,
                                                      "ID": 15
                                                    },
                                                    {
                                                      "Node Type": "Hash",
                                                      "Parent Relationship": "Inner",
                                                      "Parallel Aware": true,
                                                      "Async Capable": false,
                                                      "Startup Cost": 1942.12,
                                                      "Total Cost": 1942.12,
                                                      "Plan Rows": 4,
                                                      "Plan Width": 4,
                                                      "Plans": [
                                                        {
                                                          "Node Type": "Seq Scan",
                                                          "Parent Relationship": "Outer",
                                                          "Parallel Aware": true,
                                                          "Async Capable": false,
                                                          "Relation Name": "date_dim",
                                                          "Alias": "date_dim_1",
                                                          "Startup Cost": 0.0,
                                                          "Total Cost": 1942.12,
                                                          "Plan Rows": 4,
                                                          "Plan Width": 4,
                                                          "Filter": "(d_week_seq = $0)",
                                                          "parent": 16,
                                                          "ID": 17
                                                        }
                                                      ],
                                                      "parent": 14,
                                                      "ID": 16,
                                                      "left": 17
                                                    }
                                                  ],
                                                  "parent": 13,
                                                  "ID": 14,
                                                  "left": 15,
                                                  "right": 16
                                                }
                                              ],
                                              "parent": 11,
                                              "ID": 13,
                                              "left": 14
                                            }
                                          ],
                                          "parent": 10,
                                          "ID": 11,
                                          "left": 12,
                                          "right": 13
                                        }
                                      ],
                                      "parent": 8,
                                      "ID": 10,
                                      "left": 11
                                    }
                                  ],
                                  "parent": 7,
                                  "ID": 8,
                                  "left": 9,
                                  "right": 10
                                }
                              ],
                              "parent": 6,
                              "ID": 7,
                              "left": 8
                            }
                          ],
                          "parent": 5,
                          "ID": 6,
                          "left": 7
                        }
                      ],
                      "parent": 3,
                      "ID": 5,
                      "left": 6
                    }
                  ],
                  "parent": 2,
                  "ID": 3,
                  "left": 4,
                  "right": 5
                },
                {
                  "Node Type": "Materialize",
                  "Parent Relationship": "Inner",
                  "Parallel Aware": false,
                  "Async Capable": false,
                  "Startup Cost": 714744.03,
                  "Total Cost": 715186.59,
                  "Plan Rows": 58,
                  "Plan Width": 98,
                  "Plans": [
                    {
                      "Node Type": "Merge Join",
                      "Parent Relationship": "Outer",
                      "Parallel Aware": false,
                      "Async Capable": false,
                      "Join Type": "Inner",
                      "Startup Cost": 714744.03,
                      "Total Cost": 715186.44,
                      "Plan Rows": 58,
                      "Plan Width": 98,
                      "Inner Unique": true,
                      "Merge Cond": "(item_1.i_item_id = item_2.i_item_id)",
                      "Join Filter": "(((sum(catalog_sales.cs_ext_sales_price)) >= (0.9 * (sum(web_sales.ws_ext_sales_price)))) AND ((sum(catalog_sales.cs_ext_sales_price)) <= (1.1 * (sum(web_sales.ws_ext_sales_price)))) AND ((sum(web_sales.ws_ext_sales_price)) >= (0.9 * (sum(catalog_sales.cs_ext_sales_price)))) AND ((sum(web_sales.ws_ext_sales_price)) <= (1.1 * (sum(catalog_sales.cs_ext_sales_price)))))",
                      "Plans": [
                        {
                          "Node Type": "Aggregate",
                          "Strategy": "Sorted",
                          "Partial Mode": "Finalize",
                          "Parent Relationship": "Outer",
                          "Parallel Aware": false,
                          "Async Capable": false,
                          "Startup Cost": 243758.54,
                          "Total Cost": 243843.73,
                          "Plan Rows": 690,
                          "Plan Width": 49,
                          "Group Key": [
                            "item_1.i_item_id"
                          ],
                          "Plans": [
                            {
                              "Node Type": "Seq Scan",
                              "Parent Relationship": "InitPlan",
                              "Subplan Name": "InitPlan 3 (returns $2)",
                              "Parallel Aware": false,
                              "Async Capable": false,
                              "Relation Name": "date_dim",
                              "Alias": "date_dim_8",
                              "Startup Cost": 0.0,
                              "Total Cost": 2318.11,
                              "Plan Rows": 1,
                              "Plan Width": 4,
                              "Filter": "(d_date = '2000-05-19'::date)",
                              "parent": 20,
                              "ID": 21
                            },
                            {
                              "Node Type": "Gather Merge",
                              "Parent Relationship": "Outer",
                              "Parallel Aware": false,
                              "Async Capable": false,
                              "Startup Cost": 241440.43,
                              "Total Cost": 241512.67,
                              "Plan Rows": 576,
                              "Plan Width": 49,
                              "Workers Planned": 2,
                              "Params Evaluated": [
                                "$2"
                              ],
                              "Plans": [
                                {
                                  "Node Type": "Aggregate",
                                  "Strategy": "Sorted",
                                  "Partial Mode": "Partial",
                                  "Parent Relationship": "Outer",
                                  "Parallel Aware": false,
                                  "Async Capable": false,
                                  "Startup Cost": 240440.4,
                                  "Total Cost": 240446.16,
                                  "Plan Rows": 288,
                                  "Plan Width": 49,
                                  "Group Key": [
                                    "item_1.i_item_id"
                                  ],
                                  "Plans": [
                                    {
                                      "Node Type": "Sort",
                                      "Parent Relationship": "Outer",
                                      "Parallel Aware": false,
                                      "Async Capable": false,
                                      "Startup Cost": 240440.4,
                                      "Total Cost": 240441.12,
                                      "Plan Rows": 288,
                                      "Plan Width": 23,
                                      "Sort Key": [
                                        "item_1.i_item_id"
                                      ],
                                      "Plans": [
                                        {
                                          "Node Type": "Hash Join",
                                          "Parent Relationship": "Outer",
                                          "Parallel Aware": true,
                                          "Async Capable": false,
                                          "Join Type": "Inner",
                                          "Startup Cost": 232879.06,
                                          "Total Cost": 240428.64,
                                          "Plan Rows": 288,
                                          "Plan Width": 23,
                                          "Inner Unique": false,
                                          "Hash Cond": "(item_1.i_item_sk = web_sales.ws_item_sk)",
                                          "Plans": [
                                            {
                                              "Node Type": "Seq Scan",
                                              "Parent Relationship": "Outer",
                                              "Parallel Aware": true,
                                              "Async Capable": false,
                                              "Relation Name": "item",
                                              "Alias": "item_1",
                                              "Startup Cost": 0.0,
                                              "Total Cost": 7389.0,
                                              "Plan Rows": 42500,
                                              "Plan Width": 21,
                                              "parent": 25,
                                              "ID": 26
                                            },
                                            {
                                              "Node Type": "Hash",
                                              "Parent Relationship": "Inner",
                                              "Parallel Aware": true,
                                              "Async Capable": false,
                                              "Startup Cost": 232875.46,
                                              "Total Cost": 232875.46,
                                              "Plan Rows": 288,
                                              "Plan Width": 10,
                                              "Plans": [
                                                {
                                                  "Node Type": "Hash Join",
                                                  "Parent Relationship": "Outer",
                                                  "Parallel Aware": true,
                                                  "Async Capable": false,
                                                  "Join Type": "Inner",
                                                  "Startup Cost": 3889.77,
                                                  "Total Cost": 232875.46,
                                                  "Plan Rows": 288,
                                                  "Plan Width": 10,
                                                  "Inner Unique": false,
                                                  "Hash Cond": "(web_sales.ws_sold_date_sk = date_dim_2.d_date_sk)",
                                                  "Plans": [
                                                    {
                                                      "Node Type": "Seq Scan",
                                                      "Parent Relationship": "Outer",
                                                      "Parallel Aware": true,
                                                      "Async Capable": false,
                                                      "Relation Name": "web_sales",
                                                      "Alias": "web_sales",
                                                      "Startup Cost": 0.0,
                                                      "Total Cost": 217737.86,
                                                      "Plan Rows": 2998986,
                                                      "Plan Width": 14,
                                                      "parent": 28,
                                                      "ID": 29
                                                    },
                                                    {
                                                      "Node Type": "Hash",
                                                      "Parent Relationship": "Inner",
                                                      "Parallel Aware": true,
                                                      "Async Capable": false,
                                                      "Startup Cost": 3889.72,
                                                      "Total Cost": 3889.72,
                                                      "Plan Rows": 4,
                                                      "Plan Width": 4,
                                                      "Plans": [
                                                        {
                                                          "Node Type": "Hash Join",
                                                          "Parent Relationship": "Outer",
                                                          "Parallel Aware": true,
                                                          "Async Capable": false,
                                                          "Join Type": "Semi",
                                                          "Startup Cost": 1942.17,
                                                          "Total Cost": 3889.72,
                                                          "Plan Rows": 4,
                                                          "Plan Width": 4,
                                                          "Inner Unique": false,
                                                          "Hash Cond": "(date_dim_2.d_date = date_dim_3.d_date)",
                                                          "Plans": [
                                                            {
                                                              "Node Type": "Seq Scan",
                                                              "Parent Relationship": "Outer",
                                                              "Parallel Aware": true,
                                                              "Async Capable": false,
                                                              "Relation Name": "date_dim",
                                                              "Alias": "date_dim_2",
                                                              "Startup Cost": 0.0,
                                                              "Total Cost": 1834.7,
                                                              "Plan Rows": 42970,
                                                              "Plan Width": 8,
                                                              "parent": 31,
                                                              "ID": 32
                                                            },
                                                            {
                                                              "Node Type": "Hash",
                                                              "Parent Relationship": "Inner",
                                                              "Parallel Aware": true,
                                                              "Async Capable": false,
                                                              "Startup Cost": 1942.12,
                                                              "Total Cost": 1942.12,
                                                              "Plan Rows": 4,
                                                              "Plan Width": 4,
                                                              "Plans": [
                                                                {
                                                                  "Node Type": "Seq Scan",
                                                                  "Parent Relationship": "Outer",
                                                                  "Parallel Aware": true,
                                                                  "Async Capable": false,
                                                                  "Relation Name": "date_dim",
                                                                  "Alias": "date_dim_3",
                                                                  "Startup Cost": 0.0,
                                                                  "Total Cost": 1942.12,
                                                                  "Plan Rows": 4,
                                                                  "Plan Width": 4,
                                                                  "Filter": "(d_week_seq = $2)",
                                                                  "parent": 33,
                                                                  "ID": 34
                                                                }
                                                              ],
                                                              "parent": 31,
                                                              "ID": 33,
                                                              "left": 34
                                                            }
                                                          ],
                                                          "parent": 30,
                                                          "ID": 31,
                                                          "left": 32,
                                                          "right": 33
                                                        }
                                                      ],
                                                      "parent": 28,
                                                      "ID": 30,
                                                      "left": 31
                                                    }
                                                  ],
                                                  "parent": 27,
                                                  "ID": 28,
                                                  "left": 29,
                                                  "right": 30
                                                }
                                              ],
                                              "parent": 25,
                                              "ID": 27,
                                              "left": 28
                                            }
                                          ],
                                          "parent": 24,
                                          "ID": 25,
                                          "left": 26,
                                          "right": 27
                                        }
                                      ],
                                      "parent": 23,
                                      "ID": 24,
                                      "left": 25
                                    }
                                  ],
                                  "parent": 22,
                                  "ID": 23,
                                  "left": 24
                                }
                              ],
                              "parent": 20,
                              "ID": 22,
                              "left": 23
                            }
                          ],
                          "parent": 19,
                          "ID": 20,
                          "left": 21,
                          "right": 22
                        },
                        {
                          "Node Type": "Materialize",
                          "Parent Relationship": "Inner",
                          "Parallel Aware": false,
                          "Async Capable": false,
                          "Startup Cost": 470985.5,
                          "Total Cost": 471171.86,
                          "Plan Rows": 1372,
                          "Plan Width": 49,
                          "Plans": [
                            {
                              "Node Type": "Aggregate",
                              "Strategy": "Sorted",
                              "Partial Mode": "Finalize",
                              "Parent Relationship": "Outer",
                              "Parallel Aware": false,
                              "Async Capable": false,
                              "Startup Cost": 470985.5,
                              "Total Cost": 471154.71,
                              "Plan Rows": 1372,
                              "Plan Width": 49,
                              "Group Key": [
                                "item_2.i_item_id"
                              ],
                              "Plans": [
                                {
                                  "Node Type": "Seq Scan",
                                  "Parent Relationship": "InitPlan",
                                  "Subplan Name": "InitPlan 2 (returns $1)",
                                  "Parallel Aware": false,
                                  "Async Capable": false,
                                  "Relation Name": "date_dim",
                                  "Alias": "date_dim_7",
                                  "Startup Cost": 0.0,
                                  "Total Cost": 2318.11,
                                  "Plan Rows": 1,
                                  "Plan Width": 4,
                                  "Filter": "(d_date = '2000-05-19'::date)",
                                  "parent": 36,
                                  "ID": 37
                                },
                                {
                                  "Node Type": "Gather Merge",
                                  "Parent Relationship": "Outer",
                                  "Parallel Aware": false,
                                  "Async Capable": false,
                                  "Startup Cost": 468667.38,
                                  "Total Cost": 468810.87,
                                  "Plan Rows": 1144,
                                  "Plan Width": 49,
                                  "Workers Planned": 2,
                                  "Params Evaluated": [
                                    "$1"
                                  ],
                                  "Plans": [
                                    {
                                      "Node Type": "Aggregate",
                                      "Strategy": "Sorted",
                                      "Partial Mode": "Partial",
                                      "Parent Relationship": "Outer",
                                      "Parallel Aware": false,
                                      "Async Capable": false,
                                      "Startup Cost": 467667.36,
                                      "Total Cost": 467678.8,
                                      "Plan Rows": 572,
                                      "Plan Width": 49,
                                      "Group Key": [
                                        "item_2.i_item_id"
                                      ],
                                      "Plans": [
                                        {
                                          "Node Type": "Sort",
                                          "Parent Relationship": "Outer",
                                          "Parallel Aware": false,
                                          "Async Capable": false,
                                          "Startup Cost": 467667.36,
                                          "Total Cost": 467668.79,
                                          "Plan Rows": 572,
                                          "Plan Width": 23,
                                          "Sort Key": [
                                            "item_2.i_item_id"
                                          ],
                                          "Plans": [
                                            {
                                              "Node Type": "Hash Join",
                                              "Parent Relationship": "Outer",
                                              "Parallel Aware": true,
                                              "Async Capable": false,
                                              "Join Type": "Inner",
                                              "Startup Cost": 460090.41,
                                              "Total Cost": 467641.16,
                                              "Plan Rows": 572,
                                              "Plan Width": 23,
                                              "Inner Unique": false,
                                              "Hash Cond": "(item_2.i_item_sk = catalog_sales.cs_item_sk)",
                                              "Plans": [
                                                {
                                                  "Node Type": "Seq Scan",
                                                  "Parent Relationship": "Outer",
                                                  "Parallel Aware": true,
                                                  "Async Capable": false,
                                                  "Relation Name": "item",
                                                  "Alias": "item_2",
                                                  "Startup Cost": 0.0,
                                                  "Total Cost": 7389.0,
                                                  "Plan Rows": 42500,
                                                  "Plan Width": 21,
                                                  "parent": 41,
                                                  "ID": 42
                                                },
                                                {
                                                  "Node Type": "Hash",
                                                  "Parent Relationship": "Inner",
                                                  "Parallel Aware": true,
                                                  "Async Capable": false,
                                                  "Startup Cost": 460083.26,
                                                  "Total Cost": 460083.26,
                                                  "Plan Rows": 572,
                                                  "Plan Width": 10,
                                                  "Plans": [
                                                    {
                                                      "Node Type": "Hash Join",
                                                      "Parent Relationship": "Outer",
                                                      "Parallel Aware": true,
                                                      "Async Capable": false,
                                                      "Join Type": "Inner",
                                                      "Startup Cost": 3889.77,
                                                      "Total Cost": 460083.26,
                                                      "Plan Rows": 572,
                                                      "Plan Width": 10,
                                                      "Inner Unique": false,
                                                      "Hash Cond": "(catalog_sales.cs_sold_date_sk = date_dim_4.d_date_sk)",
                                                      "Plans": [
                                                        {
                                                          "Node Type": "Seq Scan",
                                                          "Parent Relationship": "Outer",
                                                          "Parallel Aware": true,
                                                          "Async Capable": false,
                                                          "Relation Name": "catalog_sales",
                                                          "Alias": "catalog_sales",
                                                          "Startup Cost": 0.0,
                                                          "Total Cost": 433688.25,
                                                          "Plan Rows": 6000525,
                                                          "Plan Width": 14,
                                                          "parent": 44,
                                                          "ID": 45
                                                        },
                                                        {
                                                          "Node Type": "Hash",
                                                          "Parent Relationship": "Inner",
                                                          "Parallel Aware": true,
                                                          "Async Capable": false,
                                                          "Startup Cost": 3889.72,
                                                          "Total Cost": 3889.72,
                                                          "Plan Rows": 4,
                                                          "Plan Width": 4,
                                                          "Plans": [
                                                            {
                                                              "Node Type": "Hash Join",
                                                              "Parent Relationship": "Outer",
                                                              "Parallel Aware": true,
                                                              "Async Capable": false,
                                                              "Join Type": "Semi",
                                                              "Startup Cost": 1942.17,
                                                              "Total Cost": 3889.72,
                                                              "Plan Rows": 4,
                                                              "Plan Width": 4,
                                                              "Inner Unique": false,
                                                              "Hash Cond": "(date_dim_4.d_date = date_dim_5.d_date)",
                                                              "Plans": [
                                                                {
                                                                  "Node Type": "Seq Scan",
                                                                  "Parent Relationship": "Outer",
                                                                  "Parallel Aware": true,
                                                                  "Async Capable": false,
                                                                  "Relation Name": "date_dim",
                                                                  "Alias": "date_dim_4",
                                                                  "Startup Cost": 0.0,
                                                                  "Total Cost": 1834.7,
                                                                  "Plan Rows": 42970,
                                                                  "Plan Width": 8,
                                                                  "parent": 47,
                                                                  "ID": 48
                                                                },
                                                                {
                                                                  "Node Type": "Hash",
                                                                  "Parent Relationship": "Inner",
                                                                  "Parallel Aware": true,
                                                                  "Async Capable": false,
                                                                  "Startup Cost": 1942.12,
                                                                  "Total Cost": 1942.12,
                                                                  "Plan Rows": 4,
                                                                  "Plan Width": 4,
                                                                  "Plans": [
                                                                    {
                                                                      "Node Type": "Seq Scan",
                                                                      "Parent Relationship": "Outer",
                                                                      "Parallel Aware": true,
                                                                      "Async Capable": false,
                                                                      "Relation Name": "date_dim",
                                                                      "Alias": "date_dim_5",
                                                                      "Startup Cost": 0.0,
                                                                      "Total Cost": 1942.12,
                                                                      "Plan Rows": 4,
                                                                      "Plan Width": 4,
                                                                      "Filter": "(d_week_seq = $1)",
                                                                      "parent": 49,
                                                                      "ID": 50
                                                                    }
                                                                  ],
                                                                  "parent": 47,
                                                                  "ID": 49,
                                                                  "left": 50
                                                                }
                                                              ],
                                                              "parent": 46,
                                                              "ID": 47,
                                                              "left": 48,
                                                              "right": 49
                                                            }
                                                          ],
                                                          "parent": 44,
                                                          "ID": 46,
                                                          "left": 47
                                                        }
                                                      ],
                                                      "parent": 43,
                                                      "ID": 44,
                                                      "left": 45,
                                                      "right": 46
                                                    }
                                                  ],
                                                  "parent": 41,
                                                  "ID": 43,
                                                  "left": 44
                                                }
                                              ],
                                              "parent": 40,
                                              "ID": 41,
                                              "left": 42,
                                              "right": 43
                                            }
                                          ],
                                          "parent": 39,
                                          "ID": 40,
                                          "left": 41
                                        }
                                      ],
                                      "parent": 38,
                                      "ID": 39,
                                      "left": 40
                                    }
                                  ],
                                  "parent": 36,
                                  "ID": 38,
                                  "left": 39
                                }
                              ],
                              "parent": 35,
                              "ID": 36,
                              "left": 37,
                              "right": 38
                            }
                          ],
                          "parent": 19,
                          "ID": 35,
                          "left": 36
                        }
                      ],
                      "parent": 18,
                      "ID": 19,
                      "left": 20,
                      "right": 35
                    }
                  ],
                  "parent": 2,
                  "ID": 18,
                  "left": 19
                }
              ],
              "parent": 1,
              "ID": 2,
              "left": 3,
              "right": 18
            }
          ],
          "parent": 0,
          "ID": 1,
          "left": 2
        }
      ],
      "parent": null,
      "ID": 0,
      "left": 1
    },
    "feat": {
      "utility": 0.0013684383725532082,
      "query_shape": [
        [
          "Seq Scan",
          "Aggregate",
          "Merge Join",
          "Sort"
        ],
        [
          "Seq Scan",
          "Hash Join",
          "Sort",
          "Aggregate",
          "Gather Merge",
          "Merge Join"
        ],
        [
          "Seq Scan",
          "Hash Join",
          "Hash",
          "Sort",
          "Aggregate",
          "Gather Merge",
          "Merge Join"
        ],
        [
          "Seq Scan",
          "Hash Join",
          "Hash",
          "Sort",
          "Aggregate",
          "Gather Merge",
          "Merge Join"
        ],
        [
          "Seq Scan",
          "Hash",
          "Hash Join",
          "Sort",
          "Aggregate",
          "Gather Merge",
          "Merge Join"
        ],
        [
          "Seq Scan",
          "Aggregate",
          "Merge Join",
          "Materialize",
          "Sort"
        ],
        [
          "Seq Scan",
          "Hash Join",
          "Sort",
          "Aggregate",
          "Gather Merge",
          "Merge Join",
          "Materialize"
        ],
        [
          "Seq Scan",
          "Hash Join",
          "Hash",
          "Sort",
          "Aggregate",
          "Gather Merge",
          "Merge Join",
          "Materialize"
        ],
        [
          "Seq Scan",
          "Hash Join",
          "Hash",
          "Sort",
          "Aggregate",
          "Gather Merge",
          "Merge Join",
          "Materialize"
        ],
        [
          "Seq Scan",
          "Hash",
          "Hash Join",
          "Sort",
          "Aggregate",
          "Gather Merge",
          "Merge Join",
          "Materialize"
        ],
        [
          "Seq Scan",
          "Aggregate",
          "Materialize",
          "Merge Join",
          "Sort"
        ],
        [
          "Seq Scan",
          "Hash Join",
          "Sort",
          "Aggregate",
          "Gather Merge",
          "Materialize",
          "Merge Join"
        ],
        [
          "Seq Scan",
          "Hash Join",
          "Hash",
          "Sort",
          "Aggregate",
          "Gather Merge",
          "Materialize",
          "Merge Join"
        ],
        [
          "Seq Scan",
          "Hash Join",
          "Hash",
          "Sort",
          "Aggregate",
          "Gather Merge",
          "Materialize",
          "Merge Join"
        ],
        [
          "Seq Scan",
          "Hash",
          "Hash Join",
          "Sort",
          "Aggregate",
          "Gather Merge",
          "Materialize",
          "Merge Join"
        ]
      ],
      "index_shape": [
        "join"
      ],
      "physical_operator": {
        "Hash Join": [
          0.00485071250072666
        ]
      }
    }
  },
  {
    "query": "with ss_items as\n (select i_item_id item_id\n        ,sum(ss_ext_sales_price) ss_item_rev \n from store_sales\n     ,item\n     ,date_dim\n where ss_item_sk = i_item_sk\n   and d_date in (select d_date\n                  from date_dim\n                  where d_week_seq = (select d_week_seq \n                                      from date_dim\n                                      where d_date = '2000-05-19'))\n   and ss_sold_date_sk   = d_date_sk\n group by i_item_id),\n cs_items as\n (select i_item_id item_id\n        ,sum(cs_ext_sales_price) cs_item_rev\n  from catalog_sales\n      ,item\n      ,date_dim\n where cs_item_sk = i_item_sk\n  and  d_date in (select d_date\n                  from date_dim\n                  where d_week_seq = (select d_week_seq \n                                      from date_dim\n                                      where d_date = '2000-05-19'))\n  and  cs_sold_date_sk = d_date_sk\n group by i_item_id),\n ws_items as\n (select i_item_id item_id\n        ,sum(ws_ext_sales_price) ws_item_rev\n  from web_sales\n      ,item\n      ,date_dim\n where ws_item_sk = i_item_sk\n  and  d_date in (select d_date\n                  from date_dim\n                  where d_week_seq =(select d_week_seq \n                                     from date_dim\n                                     where d_date = '2000-05-19'))\n  and ws_sold_date_sk   = d_date_sk\n group by i_item_id)\n  select  ss_items.item_id\n       ,ss_item_rev\n       ,ss_item_rev/((ss_item_rev+cs_item_rev+ws_item_rev)/3) * 100 ss_dev\n       ,cs_item_rev\n       ,cs_item_rev/((ss_item_rev+cs_item_rev+ws_item_rev)/3) * 100 cs_dev\n       ,ws_item_rev\n       ,ws_item_rev/((ss_item_rev+cs_item_rev+ws_item_rev)/3) * 100 ws_dev\n       ,(ss_item_rev+cs_item_rev+ws_item_rev)/3 average\n from ss_items,cs_items,ws_items\n where ss_items.item_id=cs_items.item_id\n   and ss_items.item_id=ws_items.item_id \n   and ss_item_rev between 0.9 * cs_item_rev and 1.1 * cs_item_rev\n   and ss_item_rev between 0.9 * ws_item_rev and 1.1 * ws_item_rev\n   and cs_item_rev between 0.9 * ss_item_rev and 1.1 * ss_item_rev\n   and cs_item_rev between 0.9 * ws_item_rev and 1.1 * ws_item_rev\n   and ws_item_rev between 0.9 * ss_item_rev and 1.1 * ss_item_rev\n   and ws_item_rev between 0.9 * cs_item_rev and 1.1 * cs_item_rev\n order by item_id\n         ,ss_item_rev\n limit 100;\n\n-- end query 42 in stream 2 using template query58.tpl\n",
    "indexes": "web_sales.ws_ext_sales_price",
    "wo plan est": {
      "Node Type": "Limit",
      "Parallel Aware": false,
      "Async Capable": false,
      "Startup Cost": 1412339.33,
      "Total Cost": 1412339.33,
      "Plan Rows": 1,
      "Plan Width": 241,
      "Plans": [
        {
          "Node Type": "Sort",
          "Parent Relationship": "Outer",
          "Parallel Aware": false,
          "Async Capable": false,
          "Startup Cost": 1412339.33,
          "Total Cost": 1412339.33,
          "Plan Rows": 1,
          "Plan Width": 241,
          "Sort Key": [
            "item.i_item_id",
            "(sum(store_sales.ss_ext_sales_price))"
          ],
          "Plans": [
            {
              "Node Type": "Merge Join",
              "Parent Relationship": "Outer",
              "Parallel Aware": false,
              "Async Capable": false,
              "Join Type": "Inner",
              "Startup Cost": 1411497.09,
              "Total Cost": 1412339.32,
              "Plan Rows": 1,
              "Plan Width": 241,
              "Inner Unique": false,
              "Merge Cond": "(item.i_item_id = item_2.i_item_id)",
              "Join Filter": "(((sum(store_sales.ss_ext_sales_price)) >= (0.9 * (sum(catalog_sales.cs_ext_sales_price)))) AND ((sum(store_sales.ss_ext_sales_price)) <= (1.1 * (sum(catalog_sales.cs_ext_sales_price)))) AND ((sum(catalog_sales.cs_ext_sales_price)) >= (0.9 * (sum(store_sales.ss_ext_sales_price)))) AND ((sum(catalog_sales.cs_ext_sales_price)) <= (1.1 * (sum(store_sales.ss_ext_sales_price)))) AND ((sum(store_sales.ss_ext_sales_price)) >= (0.9 * (sum(web_sales.ws_ext_sales_price)))) AND ((sum(store_sales.ss_ext_sales_price)) <= (1.1 * (sum(web_sales.ws_ext_sales_price)))) AND ((sum(web_sales.ws_ext_sales_price)) >= (0.9 * (sum(store_sales.ss_ext_sales_price)))) AND ((sum(web_sales.ws_ext_sales_price)) <= (1.1 * (sum(store_sales.ss_ext_sales_price)))))",
              "Plans": [
                {
                  "Node Type": "Aggregate",
                  "Strategy": "Sorted",
                  "Partial Mode": "Finalize",
                  "Parent Relationship": "Outer",
                  "Parallel Aware": false,
                  "Async Capable": false,
                  "Startup Cost": 696753.06,
                  "Total Cost": 697077.89,
                  "Plan Rows": 2634,
                  "Plan Width": 49,
                  "Group Key": [
                    "item.i_item_id"
                  ],
                  "Plans": [
                    {
                      "Node Type": "Seq Scan",
                      "Parent Relationship": "InitPlan",
                      "Subplan Name": "InitPlan 1 (returns $0)",
                      "Parallel Aware": false,
                      "Async Capable": false,
                      "Relation Name": "date_dim",
                      "Alias": "date_dim_6",
                      "Startup Cost": 0.0,
                      "Total Cost": 2318.11,
                      "Plan Rows": 1,
                      "Plan Width": 4,
                      "Filter": "(d_date = '2000-05-19'::date)",
                      "parent": 3,
                      "ID": 4
                    },
                    {
                      "Node Type": "Gather Merge",
                      "Parent Relationship": "Outer",
                      "Parallel Aware": false,
                      "Async Capable": false,
                      "Startup Cost": 694434.95,
                      "Total Cost": 694710.38,
                      "Plan Rows": 2196,
                      "Plan Width": 49,
                      "Workers Planned": 2,
                      "Params Evaluated": [
                        "$0"
                      ],
                      "Plans": [
                        {
                          "Node Type": "Aggregate",
                          "Strategy": "Sorted",
                          "Partial Mode": "Partial",
                          "Parent Relationship": "Outer",
                          "Parallel Aware": false,
                          "Async Capable": false,
                          "Startup Cost": 693434.92,
                          "Total Cost": 693456.88,
                          "Plan Rows": 1098,
                          "Plan Width": 49,
                          "Group Key": [
                            "item.i_item_id"
                          ],
                          "Plans": [
                            {
                              "Node Type": "Sort",
                              "Parent Relationship": "Outer",
                              "Parallel Aware": false,
                              "Async Capable": false,
                              "Startup Cost": 693434.92,
                              "Total Cost": 693437.67,
                              "Plan Rows": 1098,
                              "Plan Width": 23,
                              "Sort Key": [
                                "item.i_item_id"
                              ],
                              "Plans": [
                                {
                                  "Node Type": "Hash Join",
                                  "Parent Relationship": "Outer",
                                  "Parallel Aware": true,
                                  "Async Capable": false,
                                  "Join Type": "Inner",
                                  "Startup Cost": 685826.52,
                                  "Total Cost": 693379.47,
                                  "Plan Rows": 1098,
                                  "Plan Width": 23,
                                  "Inner Unique": false,
                                  "Hash Cond": "(item.i_item_sk = store_sales.ss_item_sk)",
                                  "Plans": [
                                    {
                                      "Node Type": "Seq Scan",
                                      "Parent Relationship": "Outer",
                                      "Parallel Aware": true,
                                      "Async Capable": false,
                                      "Relation Name": "item",
                                      "Alias": "item",
                                      "Startup Cost": 0.0,
                                      "Total Cost": 7389.0,
                                      "Plan Rows": 42500,
                                      "Plan Width": 21,
                                      "parent": 8,
                                      "ID": 9
                                    },
                                    {
                                      "Node Type": "Hash",
                                      "Parent Relationship": "Inner",
                                      "Parallel Aware": true,
                                      "Async Capable": false,
                                      "Startup Cost": 685812.79,
                                      "Total Cost": 685812.79,
                                      "Plan Rows": 1098,
                                      "Plan Width": 10,
                                      "Plans": [
                                        {
                                          "Node Type": "Hash Join",
                                          "Parent Relationship": "Outer",
                                          "Parallel Aware": true,
                                          "Async Capable": false,
                                          "Join Type": "Inner",
                                          "Startup Cost": 3889.77,
                                          "Total Cost": 685812.79,
                                          "Plan Rows": 1098,
                                          "Plan Width": 10,
                                          "Inner Unique": false,
                                          "Hash Cond": "(store_sales.ss_sold_date_sk = date_dim.d_date_sk)",
                                          "Plans": [
                                            {
                                              "Node Type": "Seq Scan",
                                              "Parent Relationship": "Outer",
                                              "Parallel Aware": true,
                                              "Async Capable": false,
                                              "Relation Name": "store_sales",
                                              "Alias": "store_sales",
                                              "Startup Cost": 0.0,
                                              "Total Cost": 636914.37,
                                              "Plan Rows": 12000637,
                                              "Plan Width": 14,
                                              "parent": 11,
                                              "ID": 12
                                            },
                                            {
                                              "Node Type": "Hash",
                                              "Parent Relationship": "Inner",
                                              "Parallel Aware": true,
                                              "Async Capable": false,
                                              "Startup Cost": 3889.72,
                                              "Total Cost": 3889.72,
                                              "Plan Rows": 4,
                                              "Plan Width": 4,
                                              "Plans": [
                                                {
                                                  "Node Type": "Hash Join",
                                                  "Parent Relationship": "Outer",
                                                  "Parallel Aware": true,
                                                  "Async Capable": false,
                                                  "Join Type": "Semi",
                                                  "Startup Cost": 1942.17,
                                                  "Total Cost": 3889.72,
                                                  "Plan Rows": 4,
                                                  "Plan Width": 4,
                                                  "Inner Unique": false,
                                                  "Hash Cond": "(date_dim.d_date = date_dim_1.d_date)",
                                                  "Plans": [
                                                    {
                                                      "Node Type": "Seq Scan",
                                                      "Parent Relationship": "Outer",
                                                      "Parallel Aware": true,
                                                      "Async Capable": false,
                                                      "Relation Name": "date_dim",
                                                      "Alias": "date_dim",
                                                      "Startup Cost": 0.0,
                                                      "Total Cost": 1834.7,
                                                      "Plan Rows": 42970,
                                                      "Plan Width": 8,
                                                      "parent": 14,
                                                      "ID": 15
                                                    },
                                                    {
                                                      "Node Type": "Hash",
                                                      "Parent Relationship": "Inner",
                                                      "Parallel Aware": true,
                                                      "Async Capable": false,
                                                      "Startup Cost": 1942.12,
                                                      "Total Cost": 1942.12,
                                                      "Plan Rows": 4,
                                                      "Plan Width": 4,
                                                      "Plans": [
                                                        {
                                                          "Node Type": "Seq Scan",
                                                          "Parent Relationship": "Outer",
                                                          "Parallel Aware": true,
                                                          "Async Capable": false,
                                                          "Relation Name": "date_dim",
                                                          "Alias": "date_dim_1",
                                                          "Startup Cost": 0.0,
                                                          "Total Cost": 1942.12,
                                                          "Plan Rows": 4,
                                                          "Plan Width": 4,
                                                          "Filter": "(d_week_seq = $0)",
                                                          "parent": 16,
                                                          "ID": 17
                                                        }
                                                      ],
                                                      "parent": 14,
                                                      "ID": 16,
                                                      "left": 17
                                                    }
                                                  ],
                                                  "parent": 13,
                                                  "ID": 14,
                                                  "left": 15,
                                                  "right": 16
                                                }
                                              ],
                                              "parent": 11,
                                              "ID": 13,
                                              "left": 14
                                            }
                                          ],
                                          "parent": 10,
                                          "ID": 11,
                                          "left": 12,
                                          "right": 13
                                        }
                                      ],
                                      "parent": 8,
                                      "ID": 10,
                                      "left": 11
                                    }
                                  ],
                                  "parent": 7,
                                  "ID": 8,
                                  "left": 9,
                                  "right": 10
                                }
                              ],
                              "parent": 6,
                              "ID": 7,
                              "left": 8
                            }
                          ],
                          "parent": 5,
                          "ID": 6,
                          "left": 7
                        }
                      ],
                      "parent": 3,
                      "ID": 5,
                      "left": 6
                    }
                  ],
                  "parent": 2,
                  "ID": 3,
                  "left": 4,
                  "right": 5
                },
                {
                  "Node Type": "Materialize",
                  "Parent Relationship": "Inner",
                  "Parallel Aware": false,
                  "Async Capable": false,
                  "Startup Cost": 714744.03,
                  "Total Cost": 715186.59,
                  "Plan Rows": 58,
                  "Plan Width": 98,
                  "Plans": [
                    {
                      "Node Type": "Merge Join",
                      "Parent Relationship": "Outer",
                      "Parallel Aware": false,
                      "Async Capable": false,
                      "Join Type": "Inner",
                      "Startup Cost": 714744.03,
                      "Total Cost": 715186.44,
                      "Plan Rows": 58,
                      "Plan Width": 98,
                      "Inner Unique": true,
                      "Merge Cond": "(item_1.i_item_id = item_2.i_item_id)",
                      "Join Filter": "(((sum(catalog_sales.cs_ext_sales_price)) >= (0.9 * (sum(web_sales.ws_ext_sales_price)))) AND ((sum(catalog_sales.cs_ext_sales_price)) <= (1.1 * (sum(web_sales.ws_ext_sales_price)))) AND ((sum(web_sales.ws_ext_sales_price)) >= (0.9 * (sum(catalog_sales.cs_ext_sales_price)))) AND ((sum(web_sales.ws_ext_sales_price)) <= (1.1 * (sum(catalog_sales.cs_ext_sales_price)))))",
                      "Plans": [
                        {
                          "Node Type": "Aggregate",
                          "Strategy": "Sorted",
                          "Partial Mode": "Finalize",
                          "Parent Relationship": "Outer",
                          "Parallel Aware": false,
                          "Async Capable": false,
                          "Startup Cost": 243758.54,
                          "Total Cost": 243843.73,
                          "Plan Rows": 690,
                          "Plan Width": 49,
                          "Group Key": [
                            "item_1.i_item_id"
                          ],
                          "Plans": [
                            {
                              "Node Type": "Seq Scan",
                              "Parent Relationship": "InitPlan",
                              "Subplan Name": "InitPlan 3 (returns $2)",
                              "Parallel Aware": false,
                              "Async Capable": false,
                              "Relation Name": "date_dim",
                              "Alias": "date_dim_8",
                              "Startup Cost": 0.0,
                              "Total Cost": 2318.11,
                              "Plan Rows": 1,
                              "Plan Width": 4,
                              "Filter": "(d_date = '2000-05-19'::date)",
                              "parent": 20,
                              "ID": 21
                            },
                            {
                              "Node Type": "Gather Merge",
                              "Parent Relationship": "Outer",
                              "Parallel Aware": false,
                              "Async Capable": false,
                              "Startup Cost": 241440.43,
                              "Total Cost": 241512.67,
                              "Plan Rows": 576,
                              "Plan Width": 49,
                              "Workers Planned": 2,
                              "Params Evaluated": [
                                "$2"
                              ],
                              "Plans": [
                                {
                                  "Node Type": "Aggregate",
                                  "Strategy": "Sorted",
                                  "Partial Mode": "Partial",
                                  "Parent Relationship": "Outer",
                                  "Parallel Aware": false,
                                  "Async Capable": false,
                                  "Startup Cost": 240440.4,
                                  "Total Cost": 240446.16,
                                  "Plan Rows": 288,
                                  "Plan Width": 49,
                                  "Group Key": [
                                    "item_1.i_item_id"
                                  ],
                                  "Plans": [
                                    {
                                      "Node Type": "Sort",
                                      "Parent Relationship": "Outer",
                                      "Parallel Aware": false,
                                      "Async Capable": false,
                                      "Startup Cost": 240440.4,
                                      "Total Cost": 240441.12,
                                      "Plan Rows": 288,
                                      "Plan Width": 23,
                                      "Sort Key": [
                                        "item_1.i_item_id"
                                      ],
                                      "Plans": [
                                        {
                                          "Node Type": "Hash Join",
                                          "Parent Relationship": "Outer",
                                          "Parallel Aware": true,
                                          "Async Capable": false,
                                          "Join Type": "Inner",
                                          "Startup Cost": 232879.06,
                                          "Total Cost": 240428.64,
                                          "Plan Rows": 288,
                                          "Plan Width": 23,
                                          "Inner Unique": false,
                                          "Hash Cond": "(item_1.i_item_sk = web_sales.ws_item_sk)",
                                          "Plans": [
                                            {
                                              "Node Type": "Seq Scan",
                                              "Parent Relationship": "Outer",
                                              "Parallel Aware": true,
                                              "Async Capable": false,
                                              "Relation Name": "item",
                                              "Alias": "item_1",
                                              "Startup Cost": 0.0,
                                              "Total Cost": 7389.0,
                                              "Plan Rows": 42500,
                                              "Plan Width": 21,
                                              "parent": 25,
                                              "ID": 26
                                            },
                                            {
                                              "Node Type": "Hash",
                                              "Parent Relationship": "Inner",
                                              "Parallel Aware": true,
                                              "Async Capable": false,
                                              "Startup Cost": 232875.46,
                                              "Total Cost": 232875.46,
                                              "Plan Rows": 288,
                                              "Plan Width": 10,
                                              "Plans": [
                                                {
                                                  "Node Type": "Hash Join",
                                                  "Parent Relationship": "Outer",
                                                  "Parallel Aware": true,
                                                  "Async Capable": false,
                                                  "Join Type": "Inner",
                                                  "Startup Cost": 3889.77,
                                                  "Total Cost": 232875.46,
                                                  "Plan Rows": 288,
                                                  "Plan Width": 10,
                                                  "Inner Unique": false,
                                                  "Hash Cond": "(web_sales.ws_sold_date_sk = date_dim_2.d_date_sk)",
                                                  "Plans": [
                                                    {
                                                      "Node Type": "Seq Scan",
                                                      "Parent Relationship": "Outer",
                                                      "Parallel Aware": true,
                                                      "Async Capable": false,
                                                      "Relation Name": "web_sales",
                                                      "Alias": "web_sales",
                                                      "Startup Cost": 0.0,
                                                      "Total Cost": 217737.86,
                                                      "Plan Rows": 2998986,
                                                      "Plan Width": 14,
                                                      "parent": 28,
                                                      "ID": 29
                                                    },
                                                    {
                                                      "Node Type": "Hash",
                                                      "Parent Relationship": "Inner",
                                                      "Parallel Aware": true,
                                                      "Async Capable": false,
                                                      "Startup Cost": 3889.72,
                                                      "Total Cost": 3889.72,
                                                      "Plan Rows": 4,
                                                      "Plan Width": 4,
                                                      "Plans": [
                                                        {
                                                          "Node Type": "Hash Join",
                                                          "Parent Relationship": "Outer",
                                                          "Parallel Aware": true,
                                                          "Async Capable": false,
                                                          "Join Type": "Semi",
                                                          "Startup Cost": 1942.17,
                                                          "Total Cost": 3889.72,
                                                          "Plan Rows": 4,
                                                          "Plan Width": 4,
                                                          "Inner Unique": false,
                                                          "Hash Cond": "(date_dim_2.d_date = date_dim_3.d_date)",
                                                          "Plans": [
                                                            {
                                                              "Node Type": "Seq Scan",
                                                              "Parent Relationship": "Outer",
                                                              "Parallel Aware": true,
                                                              "Async Capable": false,
                                                              "Relation Name": "date_dim",
                                                              "Alias": "date_dim_2",
                                                              "Startup Cost": 0.0,
                                                              "Total Cost": 1834.7,
                                                              "Plan Rows": 42970,
                                                              "Plan Width": 8,
                                                              "parent": 31,
                                                              "ID": 32
                                                            },
                                                            {
                                                              "Node Type": "Hash",
                                                              "Parent Relationship": "Inner",
                                                              "Parallel Aware": true,
                                                              "Async Capable": false,
                                                              "Startup Cost": 1942.12,
                                                              "Total Cost": 1942.12,
                                                              "Plan Rows": 4,
                                                              "Plan Width": 4,
                                                              "Plans": [
                                                                {
                                                                  "Node Type": "Seq Scan",
                                                                  "Parent Relationship": "Outer",
                                                                  "Parallel Aware": true,
                                                                  "Async Capable": false,
                                                                  "Relation Name": "date_dim",
                                                                  "Alias": "date_dim_3",
                                                                  "Startup Cost": 0.0,
                                                                  "Total Cost": 1942.12,
                                                                  "Plan Rows": 4,
                                                                  "Plan Width": 4,
                                                                  "Filter": "(d_week_seq = $2)",
                                                                  "parent": 33,
                                                                  "ID": 34
                                                                }
                                                              ],
                                                              "parent": 31,
                                                              "ID": 33,
                                                              "left": 34
                                                            }
                                                          ],
                                                          "parent": 30,
                                                          "ID": 31,
                                                          "left": 32,
                                                          "right": 33
                                                        }
                                                      ],
                                                      "parent": 28,
                                                      "ID": 30,
                                                      "left": 31
                                                    }
                                                  ],
                                                  "parent": 27,
                                                  "ID": 28,
                                                  "left": 29,
                                                  "right": 30
                                                }
                                              ],
                                              "parent": 25,
                                              "ID": 27,
                                              "left": 28
                                            }
                                          ],
                                          "parent": 24,
                                          "ID": 25,
                                          "left": 26,
                                          "right": 27
                                        }
                                      ],
                                      "parent": 23,
                                      "ID": 24,
                                      "left": 25
                                    }
                                  ],
                                  "parent": 22,
                                  "ID": 23,
                                  "left": 24
                                }
                              ],
                              "parent": 20,
                              "ID": 22,
                              "left": 23
                            }
                          ],
                          "parent": 19,
                          "ID": 20,
                          "left": 21,
                          "right": 22
                        },
                        {
                          "Node Type": "Materialize",
                          "Parent Relationship": "Inner",
                          "Parallel Aware": false,
                          "Async Capable": false,
                          "Startup Cost": 470985.5,
                          "Total Cost": 471171.86,
                          "Plan Rows": 1372,
                          "Plan Width": 49,
                          "Plans": [
                            {
                              "Node Type": "Aggregate",
                              "Strategy": "Sorted",
                              "Partial Mode": "Finalize",
                              "Parent Relationship": "Outer",
                              "Parallel Aware": false,
                              "Async Capable": false,
                              "Startup Cost": 470985.5,
                              "Total Cost": 471154.71,
                              "Plan Rows": 1372,
                              "Plan Width": 49,
                              "Group Key": [
                                "item_2.i_item_id"
                              ],
                              "Plans": [
                                {
                                  "Node Type": "Seq Scan",
                                  "Parent Relationship": "InitPlan",
                                  "Subplan Name": "InitPlan 2 (returns $1)",
                                  "Parallel Aware": false,
                                  "Async Capable": false,
                                  "Relation Name": "date_dim",
                                  "Alias": "date_dim_7",
                                  "Startup Cost": 0.0,
                                  "Total Cost": 2318.11,
                                  "Plan Rows": 1,
                                  "Plan Width": 4,
                                  "Filter": "(d_date = '2000-05-19'::date)",
                                  "parent": 36,
                                  "ID": 37
                                },
                                {
                                  "Node Type": "Gather Merge",
                                  "Parent Relationship": "Outer",
                                  "Parallel Aware": false,
                                  "Async Capable": false,
                                  "Startup Cost": 468667.38,
                                  "Total Cost": 468810.87,
                                  "Plan Rows": 1144,
                                  "Plan Width": 49,
                                  "Workers Planned": 2,
                                  "Params Evaluated": [
                                    "$1"
                                  ],
                                  "Plans": [
                                    {
                                      "Node Type": "Aggregate",
                                      "Strategy": "Sorted",
                                      "Partial Mode": "Partial",
                                      "Parent Relationship": "Outer",
                                      "Parallel Aware": false,
                                      "Async Capable": false,
                                      "Startup Cost": 467667.36,
                                      "Total Cost": 467678.8,
                                      "Plan Rows": 572,
                                      "Plan Width": 49,
                                      "Group Key": [
                                        "item_2.i_item_id"
                                      ],
                                      "Plans": [
                                        {
                                          "Node Type": "Sort",
                                          "Parent Relationship": "Outer",
                                          "Parallel Aware": false,
                                          "Async Capable": false,
                                          "Startup Cost": 467667.36,
                                          "Total Cost": 467668.79,
                                          "Plan Rows": 572,
                                          "Plan Width": 23,
                                          "Sort Key": [
                                            "item_2.i_item_id"
                                          ],
                                          "Plans": [
                                            {
                                              "Node Type": "Hash Join",
                                              "Parent Relationship": "Outer",
                                              "Parallel Aware": true,
                                              "Async Capable": false,
                                              "Join Type": "Inner",
                                              "Startup Cost": 460090.41,
                                              "Total Cost": 467641.16,
                                              "Plan Rows": 572,
                                              "Plan Width": 23,
                                              "Inner Unique": false,
                                              "Hash Cond": "(item_2.i_item_sk = catalog_sales.cs_item_sk)",
                                              "Plans": [
                                                {
                                                  "Node Type": "Seq Scan",
                                                  "Parent Relationship": "Outer",
                                                  "Parallel Aware": true,
                                                  "Async Capable": false,
                                                  "Relation Name": "item",
                                                  "Alias": "item_2",
                                                  "Startup Cost": 0.0,
                                                  "Total Cost": 7389.0,
                                                  "Plan Rows": 42500,
                                                  "Plan Width": 21,
                                                  "parent": 41,
                                                  "ID": 42
                                                },
                                                {
                                                  "Node Type": "Hash",
                                                  "Parent Relationship": "Inner",
                                                  "Parallel Aware": true,
                                                  "Async Capable": false,
                                                  "Startup Cost": 460083.26,
                                                  "Total Cost": 460083.26,
                                                  "Plan Rows": 572,
                                                  "Plan Width": 10,
                                                  "Plans": [
                                                    {
                                                      "Node Type": "Hash Join",
                                                      "Parent Relationship": "Outer",
                                                      "Parallel Aware": true,
                                                      "Async Capable": false,
                                                      "Join Type": "Inner",
                                                      "Startup Cost": 3889.77,
                                                      "Total Cost": 460083.26,
                                                      "Plan Rows": 572,
                                                      "Plan Width": 10,
                                                      "Inner Unique": false,
                                                      "Hash Cond": "(catalog_sales.cs_sold_date_sk = date_dim_4.d_date_sk)",
                                                      "Plans": [
                                                        {
                                                          "Node Type": "Seq Scan",
                                                          "Parent Relationship": "Outer",
                                                          "Parallel Aware": true,
                                                          "Async Capable": false,
                                                          "Relation Name": "catalog_sales",
                                                          "Alias": "catalog_sales",
                                                          "Startup Cost": 0.0,
                                                          "Total Cost": 433688.25,
                                                          "Plan Rows": 6000525,
                                                          "Plan Width": 14,
                                                          "parent": 44,
                                                          "ID": 45
                                                        },
                                                        {
                                                          "Node Type": "Hash",
                                                          "Parent Relationship": "Inner",
                                                          "Parallel Aware": true,
                                                          "Async Capable": false,
                                                          "Startup Cost": 3889.72,
                                                          "Total Cost": 3889.72,
                                                          "Plan Rows": 4,
                                                          "Plan Width": 4,
                                                          "Plans": [
                                                            {
                                                              "Node Type": "Hash Join",
                                                              "Parent Relationship": "Outer",
                                                              "Parallel Aware": true,
                                                              "Async Capable": false,
                                                              "Join Type": "Semi",
                                                              "Startup Cost": 1942.17,
                                                              "Total Cost": 3889.72,
                                                              "Plan Rows": 4,
                                                              "Plan Width": 4,
                                                              "Inner Unique": false,
                                                              "Hash Cond": "(date_dim_4.d_date = date_dim_5.d_date)",
                                                              "Plans": [
                                                                {
                                                                  "Node Type": "Seq Scan",
                                                                  "Parent Relationship": "Outer",
                                                                  "Parallel Aware": true,
                                                                  "Async Capable": false,
                                                                  "Relation Name": "date_dim",
                                                                  "Alias": "date_dim_4",
                                                                  "Startup Cost": 0.0,
                                                                  "Total Cost": 1834.7,
                                                                  "Plan Rows": 42970,
                                                                  "Plan Width": 8,
                                                                  "parent": 47,
                                                                  "ID": 48
                                                                },
                                                                {
                                                                  "Node Type": "Hash",
                                                                  "Parent Relationship": "Inner",
                                                                  "Parallel Aware": true,
                                                                  "Async Capable": false,
                                                                  "Startup Cost": 1942.12,
                                                                  "Total Cost": 1942.12,
                                                                  "Plan Rows": 4,
                                                                  "Plan Width": 4,
                                                                  "Plans": [
                                                                    {
                                                                      "Node Type": "Seq Scan",
                                                                      "Parent Relationship": "Outer",
                                                                      "Parallel Aware": true,
                                                                      "Async Capable": false,
                                                                      "Relation Name": "date_dim",
                                                                      "Alias": "date_dim_5",
                                                                      "Startup Cost": 0.0,
                                                                      "Total Cost": 1942.12,
                                                                      "Plan Rows": 4,
                                                                      "Plan Width": 4,
                                                                      "Filter": "(d_week_seq = $1)",
                                                                      "parent": 49,
                                                                      "ID": 50
                                                                    }
                                                                  ],
                                                                  "parent": 47,
                                                                  "ID": 49,
                                                                  "left": 50
                                                                }
                                                              ],
                                                              "parent": 46,
                                                              "ID": 47,
                                                              "left": 48,
                                                              "right": 49
                                                            }
                                                          ],
                                                          "parent": 44,
                                                          "ID": 46,
                                                          "left": 47
                                                        }
                                                      ],
                                                      "parent": 43,
                                                      "ID": 44,
                                                      "left": 45,
                                                      "right": 46
                                                    }
                                                  ],
                                                  "parent": 41,
                                                  "ID": 43,
                                                  "left": 44
                                                }
                                              ],
                                              "parent": 40,
                                              "ID": 41,
                                              "left": 42,
                                              "right": 43
                                            }
                                          ],
                                          "parent": 39,
                                          "ID": 40,
                                          "left": 41
                                        }
                                      ],
                                      "parent": 38,
                                      "ID": 39,
                                      "left": 40
                                    }
                                  ],
                                  "parent": 36,
                                  "ID": 38,
                                  "left": 39
                                }
                              ],
                              "parent": 35,
                              "ID": 36,
                              "left": 37,
                              "right": 38
                            }
                          ],
                          "parent": 19,
                          "ID": 35,
                          "left": 36
                        }
                      ],
                      "parent": 18,
                      "ID": 19,
                      "left": 20,
                      "right": 35
                    }
                  ],
                  "parent": 2,
                  "ID": 18,
                  "left": 19
                }
              ],
              "parent": 1,
              "ID": 2,
              "left": 3,
              "right": 18
            }
          ],
          "parent": 0,
          "ID": 1,
          "left": 2
        }
      ],
      "parent": null,
      "ID": 0,
      "left": 1
    },
    "feat": {
      "utility": 0.0027359357039893418,
      "query_shape": [
        [
          "Seq Scan",
          "Aggregate",
          "Merge Join",
          "Sort"
        ],
        [
          "Seq Scan",
          "Hash Join",
          "Sort",
          "Aggregate",
          "Gather Merge",
          "Merge Join"
        ],
        [
          "Seq Scan",
          "Hash Join",
          "Hash",
          "Sort",
          "Aggregate",
          "Gather Merge",
          "Merge Join"
        ],
        [
          "Seq Scan",
          "Hash Join",
          "Hash",
          "Sort",
          "Aggregate",
          "Gather Merge",
          "Merge Join"
        ],
        [
          "Seq Scan",
          "Hash",
          "Hash Join",
          "Sort",
          "Aggregate",
          "Gather Merge",
          "Merge Join"
        ],
        [
          "Seq Scan",
          "Aggregate",
          "Merge Join",
          "Materialize",
          "Sort"
        ],
        [
          "Seq Scan",
          "Hash Join",
          "Sort",
          "Aggregate",
          "Gather Merge",
          "Merge Join",
          "Materialize"
        ],
        [
          "Seq Scan",
          "Hash Join",
          "Hash",
          "Sort",
          "Aggregate",
          "Gather Merge",
          "Merge Join",
          "Materialize"
        ],
        [
          "Seq Scan",
          "Hash Join",
          "Hash",
          "Sort",
          "Aggregate",
          "Gather Merge",
          "Merge Join",
          "Materialize"
        ],
        [
          "Seq Scan",
          "Hash",
          "Hash Join",
          "Sort",
          "Aggregate",
          "Gather Merge",
          "Merge Join",
          "Materialize"
        ],
        [
          "Seq Scan",
          "Aggregate",
          "Materialize",
          "Merge Join",
          "Sort"
        ],
        [
          "Seq Scan",
          "Hash Join",
          "Sort",
          "Aggregate",
          "Gather Merge",
          "Materialize",
          "Merge Join"
        ],
        [
          "Seq Scan",
          "Hash Join",
          "Hash",
          "Sort",
          "Aggregate",
          "Gather Merge",
          "Materialize",
          "Merge Join"
        ],
        [
          "Seq Scan",
          "Hash Join",
          "Hash",
          "Sort",
          "Aggregate",
          "Gather Merge",
          "Materialize",
          "Merge Join"
        ],
        [
          "Seq Scan",
          "Hash",
          "Hash Join",
          "Sort",
          "Aggregate",
          "Gather Merge",
          "Materialize",
          "Merge Join"
        ]
      ],
      "index_shape": [
        "join"
      ],
      "physical_operator": {
        "Merge Join": [
          0.0025584569748202507,
          0.007827307501429435
        ]
      }
    }
  },
  {
    "query": "select  promotions,total,cast(promotions as decimal(15,4))/cast(total as decimal(15,4))*100\nfrom\n  (select sum(ss_ext_sales_price) promotions\n   from  store_sales\n        ,store\n        ,promotion\n        ,date_dim\n        ,customer\n        ,customer_address \n        ,item\n   where ss_sold_date_sk = d_date_sk\n   and   ss_store_sk = s_store_sk\n   and   ss_promo_sk = p_promo_sk\n   and   ss_customer_sk= c_customer_sk\n   and   ca_address_sk = c_current_addr_sk\n   and   ss_item_sk = i_item_sk \n   and   ca_gmt_offset = -6\n   and   i_category = 'Sports'\n   and   (p_channel_dmail = 'Y' or p_channel_email = 'Y' or p_channel_tv = 'Y')\n   and   s_gmt_offset = -6\n   and   d_year = 1999\n   and   d_moy  = 12) promotional_sales,\n  (select sum(ss_ext_sales_price) total\n   from  store_sales\n        ,store\n        ,date_dim\n        ,customer\n        ,customer_address\n        ,item\n   where ss_sold_date_sk = d_date_sk\n   and   ss_store_sk = s_store_sk\n   and   ss_customer_sk= c_customer_sk\n   and   ca_address_sk = c_current_addr_sk\n   and   ss_item_sk = i_item_sk\n   and   ca_gmt_offset = -6\n   and   i_category = 'Sports'\n   and   s_gmt_offset = -6\n   and   d_year = 1999\n   and   d_moy  = 12) all_sales\norder by promotions, total\nlimit 100;\n\n-- end query 45 in stream 1 using template query61.tpl\n",
    "indexes": "promotion.p_promo_sk",
    "wo plan est": {
      "Node Type": "Limit",
      "Parallel Aware": false,
      "Async Capable": false,
      "Startup Cost": 1432411.5,
      "Total Cost": 1432411.51,
      "Plan Rows": 1,
      "Plan Width": 96,
      "Plans": [
        {
          "Node Type": "Sort",
          "Parent Relationship": "Outer",
          "Parallel Aware": false,
          "Async Capable": false,
          "Startup Cost": 1432411.5,
          "Total Cost": 1432411.51,
          "Plan Rows": 1,
          "Plan Width": 96,
          "Sort Key": [
            "(sum(store_sales.ss_ext_sales_price))",
            "(sum(store_sales_1.ss_ext_sales_price))"
          ],
          "Plans": [
            {
              "Node Type": "Nested Loop",
              "Parent Relationship": "Outer",
              "Parallel Aware": false,
              "Async Capable": false,
              "Join Type": "Inner",
              "Startup Cost": 1432411.43,
              "Total Cost": 1432411.49,
              "Plan Rows": 1,
              "Plan Width": 96,
              "Inner Unique": false,
              "Plans": [
                {
                  "Node Type": "Aggregate",
                  "Strategy": "Plain",
                  "Partial Mode": "Finalize",
                  "Parent Relationship": "Outer",
                  "Parallel Aware": false,
                  "Async Capable": false,
                  "Startup Cost": 716216.31,
                  "Total Cost": 716216.32,
                  "Plan Rows": 1,
                  "Plan Width": 32,
                  "Plans": [
                    {
                      "Node Type": "Gather",
                      "Parent Relationship": "Outer",
                      "Parallel Aware": false,
                      "Async Capable": false,
                      "Startup Cost": 716216.08,
                      "Total Cost": 716216.29,
                      "Plan Rows": 2,
                      "Plan Width": 32,
                      "Workers Planned": 2,
                      "Single Copy": false,
                      "Plans": [
                        {
                          "Node Type": "Aggregate",
                          "Strategy": "Plain",
                          "Partial Mode": "Partial",
                          "Parent Relationship": "Outer",
                          "Parallel Aware": false,
                          "Async Capable": false,
                          "Startup Cost": 715216.08,
                          "Total Cost": 715216.09,
                          "Plan Rows": 1,
                          "Plan Width": 32,
                          "Plans": [
                            {
                              "Node Type": "Hash Join",
                              "Parent Relationship": "Outer",
                              "Parallel Aware": true,
                              "Async Capable": false,
                              "Join Type": "Inner",
                              "Startup Cost": 708306.5,
                              "Total Cost": 715215.92,
                              "Plan Rows": 65,
                              "Plan Width": 6,
                              "Inner Unique": false,
                              "Hash Cond": "(customer_address.ca_address_sk = customer.c_current_addr_sk)",
                              "Plans": [
                                {
                                  "Node Type": "Seq Scan",
                                  "Parent Relationship": "Outer",
                                  "Parallel Aware": true,
                                  "Async Capable": false,
                                  "Relation Name": "customer_address",
                                  "Alias": "customer_address",
                                  "Startup Cost": 0.0,
                                  "Total Cost": 6737.08,
                                  "Plan Rows": 45885,
                                  "Plan Width": 4,
                                  "Filter": "(ca_gmt_offset = '-6'::numeric)",
                                  "parent": 6,
                                  "ID": 7
                                },
                                {
                                  "Node Type": "Hash",
                                  "Parent Relationship": "Inner",
                                  "Parallel Aware": true,
                                  "Async Capable": false,
                                  "Startup Cost": 708304.67,
                                  "Total Cost": 708304.67,
                                  "Plan Rows": 146,
                                  "Plan Width": 10,
                                  "Plans": [
                                    {
                                      "Node Type": "Hash Join",
                                      "Parent Relationship": "Outer",
                                      "Parallel Aware": true,
                                      "Async Capable": false,
                                      "Join Type": "Inner",
                                      "Startup Cost": 691604.48,
                                      "Total Cost": 708304.67,
                                      "Plan Rows": 146,
                                      "Plan Width": 10,
                                      "Inner Unique": false,
                                      "Hash Cond": "(customer.c_customer_sk = store_sales.ss_customer_sk)",
                                      "Plans": [
                                        {
                                          "Node Type": "Seq Scan",
                                          "Parent Relationship": "Outer",
                                          "Parallel Aware": true,
                                          "Async Capable": false,
                                          "Relation Name": "customer",
                                          "Alias": "customer",
                                          "Startup Cost": 0.0,
                                          "Total Cost": 15918.33,
                                          "Plan Rows": 208333,
                                          "Plan Width": 8,
                                          "parent": 9,
                                          "ID": 10
                                        },
                                        {
                                          "Node Type": "Hash",
                                          "Parent Relationship": "Inner",
                                          "Parallel Aware": true,
                                          "Async Capable": false,
                                          "Startup Cost": 691602.57,
                                          "Total Cost": 691602.57,
                                          "Plan Rows": 153,
                                          "Plan Width": 10,
                                          "Plans": [
                                            {
                                              "Node Type": "Hash Join",
                                              "Parent Relationship": "Outer",
                                              "Parallel Aware": false,
                                              "Async Capable": false,
                                              "Join Type": "Inner",
                                              "Startup Cost": 9631.45,
                                              "Total Cost": 691602.57,
                                              "Plan Rows": 153,
                                              "Plan Width": 10,
                                              "Inner Unique": false,
                                              "Hash Cond": "(store_sales.ss_store_sk = store.s_store_sk)",
                                              "Plans": [
                                                {
                                                  "Node Type": "Hash Join",
                                                  "Parent Relationship": "Outer",
                                                  "Parallel Aware": false,
                                                  "Async Capable": false,
                                                  "Join Type": "Inner",
                                                  "Startup Cost": 9624.29,
                                                  "Total Cost": 691593.01,
                                                  "Plan Rows": 230,
                                                  "Plan Width": 14,
                                                  "Inner Unique": false,
                                                  "Hash Cond": "(store_sales.ss_promo_sk = promotion.p_promo_sk)",
                                                  "Plans": [
                                                    {
                                                      "Node Type": "Hash Join",
                                                      "Parent Relationship": "Outer",
                                                      "Parallel Aware": true,
                                                      "Async Capable": false,
                                                      "Join Type": "Inner",
                                                      "Startup Cost": 9599.4,
                                                      "Total Cost": 691564.02,
                                                      "Plan Rows": 481,
                                                      "Plan Width": 18,
                                                      "Inner Unique": false,
                                                      "Hash Cond": "(store_sales.ss_item_sk = item.i_item_sk)",
                                                      "Plans": [
                                                        {
                                                          "Node Type": "Hash Join",
                                                          "Parent Relationship": "Outer",
                                                          "Parallel Aware": true,
                                                          "Async Capable": false,
                                                          "Join Type": "Inner",
                                                          "Startup Cost": 2049.78,
                                                          "Total Cost": 683994.75,
                                                          "Plan Rows": 4703,
                                                          "Plan Width": 22,
                                                          "Inner Unique": false,
                                                          "Hash Cond": "(store_sales.ss_sold_date_sk = date_dim.d_date_sk)",
                                                          "Plans": [
                                                            {
                                                              "Node Type": "Seq Scan",
                                                              "Parent Relationship": "Outer",
                                                              "Parallel Aware": true,
                                                              "Async Capable": false,
                                                              "Relation Name": "store_sales",
                                                              "Alias": "store_sales",
                                                              "Startup Cost": 0.0,
                                                              "Total Cost": 636914.37,
                                                              "Plan Rows": 12000637,
                                                              "Plan Width": 26,
                                                              "parent": 15,
                                                              "ID": 16
                                                            },
                                                            {
                                                              "Node Type": "Hash",
                                                              "Parent Relationship": "Inner",
                                                              "Parallel Aware": true,
                                                              "Async Capable": false,
                                                              "Startup Cost": 2049.55,
                                                              "Total Cost": 2049.55,
                                                              "Plan Rows": 18,
                                                              "Plan Width": 4,
                                                              "Plans": [
                                                                {
                                                                  "Node Type": "Seq Scan",
                                                                  "Parent Relationship": "Outer",
                                                                  "Parallel Aware": true,
                                                                  "Async Capable": false,
                                                                  "Relation Name": "date_dim",
                                                                  "Alias": "date_dim",
                                                                  "Startup Cost": 0.0,
                                                                  "Total Cost": 2049.55,
                                                                  "Plan Rows": 18,
                                                                  "Plan Width": 4,
                                                                  "Filter": "((d_year = 1999) AND (d_moy = 12))",
                                                                  "parent": 17,
                                                                  "ID": 18
                                                                }
                                                              ],
                                                              "parent": 15,
                                                              "ID": 17,
                                                              "left": 18
                                                            }
                                                          ],
                                                          "parent": 14,
                                                          "ID": 15,
                                                          "left": 16,
                                                          "right": 17
                                                        },
                                                        {
                                                          "Node Type": "Hash",
                                                          "Parent Relationship": "Inner",
                                                          "Parallel Aware": true,
                                                          "Async Capable": false,
                                                          "Startup Cost": 7495.25,
                                                          "Total Cost": 7495.25,
                                                          "Plan Rows": 4350,
                                                          "Plan Width": 4,
                                                          "Plans": [
                                                            {
                                                              "Node Type": "Seq Scan",
                                                              "Parent Relationship": "Outer",
                                                              "Parallel Aware": true,
                                                              "Async Capable": false,
                                                              "Relation Name": "item",
                                                              "Alias": "item",
                                                              "Startup Cost": 0.0,
                                                              "Total Cost": 7495.25,
                                                              "Plan Rows": 4350,
                                                              "Plan Width": 4,
                                                              "Filter": "(i_category = 'Sports'::bpchar)",
                                                              "parent": 19,
                                                              "ID": 20
                                                            }
                                                          ],
                                                          "parent": 14,
                                                          "ID": 19,
                                                          "left": 20
                                                        }
                                                      ],
                                                      "parent": 13,
                                                      "ID": 14,
                                                      "left": 15,
                                                      "right": 19
                                                    },
                                                    {
                                                      "Node Type": "Hash",
                                                      "Parent Relationship": "Inner",
                                                      "Parallel Aware": false,
                                                      "Async Capable": false,
                                                      "Startup Cost": 21.75,
                                                      "Total Cost": 21.75,
                                                      "Plan Rows": 251,
                                                      "Plan Width": 4,
                                                      "Plans": [
                                                        {
                                                          "Node Type": "Seq Scan",
                                                          "Parent Relationship": "Outer",
                                                          "Parallel Aware": false,
                                                          "Async Capable": false,
                                                          "Relation Name": "promotion",
                                                          "Alias": "promotion",
                                                          "Startup Cost": 0.0,
                                                          "Total Cost": 21.75,
                                                          "Plan Rows": 251,
                                                          "Plan Width": 4,
                                                          "Filter": "((p_channel_dmail = 'Y'::bpchar) OR (p_channel_email = 'Y'::bpchar) OR (p_channel_tv = 'Y'::bpchar))",
                                                          "parent": 21,
                                                          "ID": 22
                                                        }
                                                      ],
                                                      "parent": 13,
                                                      "ID": 21,
                                                      "left": 22
                                                    }
                                                  ],
                                                  "parent": 12,
                                                  "ID": 13,
                                                  "left": 14,
                                                  "right": 21
                                                },
                                                {
                                                  "Node Type": "Hash",
                                                  "Parent Relationship": "Inner",
                                                  "Parallel Aware": false,
                                                  "Async Capable": false,
                                                  "Startup Cost": 6.28,
                                                  "Total Cost": 6.28,
                                                  "Plan Rows": 71,
                                                  "Plan Width": 4,
                                                  "Plans": [
                                                    {
                                                      "Node Type": "Seq Scan",
                                                      "Parent Relationship": "Outer",
                                                      "Parallel Aware": false,
                                                      "Async Capable": false,
                                                      "Relation Name": "store",
                                                      "Alias": "store",
                                                      "Startup Cost": 0.0,
                                                      "Total Cost": 6.28,
                                                      "Plan Rows": 71,
                                                      "Plan Width": 4,
                                                      "Filter": "(s_gmt_offset = '-6'::numeric)",
                                                      "parent": 23,
                                                      "ID": 24
                                                    }
                                                  ],
                                                  "parent": 12,
                                                  "ID": 23,
                                                  "left": 24
                                                }
                                              ],
                                              "parent": 11,
                                              "ID": 12,
                                              "left": 13,
                                              "right": 23
                                            }
                                          ],
                                          "parent": 9,
                                          "ID": 11,
                                          "left": 12
                                        }
                                      ],
                                      "parent": 8,
                                      "ID": 9,
                                      "left": 10,
                                      "right": 11
                                    }
                                  ],
                                  "parent": 6,
                                  "ID": 8,
                                  "left": 9
                                }
                              ],
                              "parent": 5,
                              "ID": 6,
                              "left": 7,
                              "right": 8
                            }
                          ],
                          "parent": 4,
                          "ID": 5,
                          "left": 6
                        }
                      ],
                      "parent": 3,
                      "ID": 4,
                      "left": 5
                    }
                  ],
                  "parent": 2,
                  "ID": 3,
                  "left": 4
                },
                {
                  "Node Type": "Aggregate",
                  "Strategy": "Plain",
                  "Partial Mode": "Finalize",
                  "Parent Relationship": "Inner",
                  "Parallel Aware": false,
                  "Async Capable": false,
                  "Startup Cost": 716195.13,
                  "Total Cost": 716195.14,
                  "Plan Rows": 1,
                  "Plan Width": 32,
                  "Plans": [
                    {
                      "Node Type": "Gather",
                      "Parent Relationship": "Outer",
                      "Parallel Aware": false,
                      "Async Capable": false,
                      "Startup Cost": 716194.9,
                      "Total Cost": 716195.11,
                      "Plan Rows": 2,
                      "Plan Width": 32,
                      "Workers Planned": 2,
                      "Single Copy": false,
                      "Plans": [
                        {
                          "Node Type": "Aggregate",
                          "Strategy": "Plain",
                          "Partial Mode": "Partial",
                          "Parent Relationship": "Outer",
                          "Parallel Aware": false,
                          "Async Capable": false,
                          "Startup Cost": 715194.9,
                          "Total Cost": 715194.91,
                          "Plan Rows": 1,
                          "Plan Width": 32,
                          "Plans": [
                            {
                              "Node Type": "Hash Join",
                              "Parent Relationship": "Outer",
                              "Parallel Aware": true,
                              "Async Capable": false,
                              "Join Type": "Inner",
                              "Startup Cost": 708284.85,
                              "Total Cost": 715194.56,
                              "Plan Rows": 135,
                              "Plan Width": 6,
                              "Inner Unique": false,
                              "Hash Cond": "(customer_address_1.ca_address_sk = customer_1.c_current_addr_sk)",
                              "Plans": [
                                {
                                  "Node Type": "Seq Scan",
                                  "Parent Relationship": "Outer",
                                  "Parallel Aware": true,
                                  "Async Capable": false,
                                  "Relation Name": "customer_address",
                                  "Alias": "customer_address_1",
                                  "Startup Cost": 0.0,
                                  "Total Cost": 6737.08,
                                  "Plan Rows": 45885,
                                  "Plan Width": 4,
                                  "Filter": "(ca_gmt_offset = '-6'::numeric)",
                                  "parent": 28,
                                  "ID": 29
                                },
                                {
                                  "Node Type": "Hash",
                                  "Parent Relationship": "Inner",
                                  "Parallel Aware": true,
                                  "Async Capable": false,
                                  "Startup Cost": 708281.04,
                                  "Total Cost": 708281.04,
                                  "Plan Rows": 305,
                                  "Plan Width": 10,
                                  "Plans": [
                                    {
                                      "Node Type": "Hash Join",
                                      "Parent Relationship": "Outer",
                                      "Parallel Aware": true,
                                      "Async Capable": false,
                                      "Join Type": "Inner",
                                      "Startup Cost": 691580.19,
                                      "Total Cost": 708281.04,
                                      "Plan Rows": 305,
                                      "Plan Width": 10,
                                      "Inner Unique": false,
                                      "Hash Cond": "(customer_1.c_customer_sk = store_sales_1.ss_customer_sk)",
                                      "Plans": [
                                        {
                                          "Node Type": "Seq Scan",
                                          "Parent Relationship": "Outer",
                                          "Parallel Aware": true,
                                          "Async Capable": false,
                                          "Relation Name": "customer",
                                          "Alias": "customer_1",
                                          "Startup Cost": 0.0,
                                          "Total Cost": 15918.33,
                                          "Plan Rows": 208333,
                                          "Plan Width": 8,
                                          "parent": 31,
                                          "ID": 32
                                        },
                                        {
                                          "Node Type": "Hash",
                                          "Parent Relationship": "Inner",
                                          "Parallel Aware": true,
                                          "Async Capable": false,
                                          "Startup Cost": 691576.19,
                                          "Total Cost": 691576.19,
                                          "Plan Rows": 320,
                                          "Plan Width": 10,
                                          "Plans": [
                                            {
                                              "Node Type": "Hash Join",
                                              "Parent Relationship": "Outer",
                                              "Parallel Aware": false,
                                              "Async Capable": false,
                                              "Join Type": "Inner",
                                              "Startup Cost": 9606.56,
                                              "Total Cost": 691576.19,
                                              "Plan Rows": 320,
                                              "Plan Width": 10,
                                              "Inner Unique": false,
                                              "Hash Cond": "(store_sales_1.ss_store_sk = store_1.s_store_sk)",
                                              "Plans": [
                                                {
                                                  "Node Type": "Hash Join",
                                                  "Parent Relationship": "Outer",
                                                  "Parallel Aware": true,
                                                  "Async Capable": false,
                                                  "Join Type": "Inner",
                                                  "Startup Cost": 9599.4,
                                                  "Total Cost": 691564.02,
                                                  "Plan Rows": 481,
                                                  "Plan Width": 14,
                                                  "Inner Unique": false,
                                                  "Hash Cond": "(store_sales_1.ss_item_sk = item_1.i_item_sk)",
                                                  "Plans": [
                                                    {
                                                      "Node Type": "Hash Join",
                                                      "Parent Relationship": "Outer",
                                                      "Parallel Aware": true,
                                                      "Async Capable": false,
                                                      "Join Type": "Inner",
                                                      "Startup Cost": 2049.78,
                                                      "Total Cost": 683994.75,
                                                      "Plan Rows": 4703,
                                                      "Plan Width": 18,
                                                      "Inner Unique": false,
                                                      "Hash Cond": "(store_sales_1.ss_sold_date_sk = date_dim_1.d_date_sk)",
                                                      "Plans": [
                                                        {
                                                          "Node Type": "Seq Scan",
                                                          "Parent Relationship": "Outer",
                                                          "Parallel Aware": true,
                                                          "Async Capable": false,
                                                          "Relation Name": "store_sales",
                                                          "Alias": "store_sales_1",
                                                          "Startup Cost": 0.0,
                                                          "Total Cost": 636914.37,
                                                          "Plan Rows": 12000637,
                                                          "Plan Width": 22,
                                                          "parent": 36,
                                                          "ID": 37
                                                        },
                                                        {
                                                          "Node Type": "Hash",
                                                          "Parent Relationship": "Inner",
                                                          "Parallel Aware": true,
                                                          "Async Capable": false,
                                                          "Startup Cost": 2049.55,
                                                          "Total Cost": 2049.55,
                                                          "Plan Rows": 18,
                                                          "Plan Width": 4,
                                                          "Plans": [
                                                            {
                                                              "Node Type": "Seq Scan",
                                                              "Parent Relationship": "Outer",
                                                              "Parallel Aware": true,
                                                              "Async Capable": false,
                                                              "Relation Name": "date_dim",
                                                              "Alias": "date_dim_1",
                                                              "Startup Cost": 0.0,
                                                              "Total Cost": 2049.55,
                                                              "Plan Rows": 18,
                                                              "Plan Width": 4,
                                                              "Filter": "((d_year = 1999) AND (d_moy = 12))",
                                                              "parent": 38,
                                                              "ID": 39
                                                            }
                                                          ],
                                                          "parent": 36,
                                                          "ID": 38,
                                                          "left": 39
                                                        }
                                                      ],
                                                      "parent": 35,
                                                      "ID": 36,
                                                      "left": 37,
                                                      "right": 38
                                                    },
                                                    {
                                                      "Node Type": "Hash",
                                                      "Parent Relationship": "Inner",
                                                      "Parallel Aware": true,
                                                      "Async Capable": false,
                                                      "Startup Cost": 7495.25,
                                                      "Total Cost": 7495.25,
                                                      "Plan Rows": 4350,
                                                      "Plan Width": 4,
                                                      "Plans": [
                                                        {
                                                          "Node Type": "Seq Scan",
                                                          "Parent Relationship": "Outer",
                                                          "Parallel Aware": true,
                                                          "Async Capable": false,
                                                          "Relation Name": "item",
                                                          "Alias": "item_1",
                                                          "Startup Cost": 0.0,
                                                          "Total Cost": 7495.25,
                                                          "Plan Rows": 4350,
                                                          "Plan Width": 4,
                                                          "Filter": "(i_category = 'Sports'::bpchar)",
                                                          "parent": 40,
                                                          "ID": 41
                                                        }
                                                      ],
                                                      "parent": 35,
                                                      "ID": 40,
                                                      "left": 41
                                                    }
                                                  ],
                                                  "parent": 34,
                                                  "ID": 35,
                                                  "left": 36,
                                                  "right": 40
                                                },
                                                {
                                                  "Node Type": "Hash",
                                                  "Parent Relationship": "Inner",
                                                  "Parallel Aware": false,
                                                  "Async Capable": false,
                                                  "Startup Cost": 6.28,
                                                  "Total Cost": 6.28,
                                                  "Plan Rows": 71,
                                                  "Plan Width": 4,
                                                  "Plans": [
                                                    {
                                                      "Node Type": "Seq Scan",
                                                      "Parent Relationship": "Outer",
                                                      "Parallel Aware": false,
                                                      "Async Capable": false,
                                                      "Relation Name": "store",
                                                      "Alias": "store_1",
                                                      "Startup Cost": 0.0,
                                                      "Total Cost": 6.28,
                                                      "Plan Rows": 71,
                                                      "Plan Width": 4,
                                                      "Filter": "(s_gmt_offset = '-6'::numeric)",
                                                      "parent": 42,
                                                      "ID": 43
                                                    }
                                                  ],
                                                  "parent": 34,
                                                  "ID": 42,
                                                  "left": 43
                                                }
                                              ],
                                              "parent": 33,
                                              "ID": 34,
                                              "left": 35,
                                              "right": 42
                                            }
                                          ],
                                          "parent": 31,
                                          "ID": 33,
                                          "left": 34
                                        }
                                      ],
                                      "parent": 30,
                                      "ID": 31,
                                      "left": 32,
                                      "right": 33
                                    }
                                  ],
                                  "parent": 28,
                                  "ID": 30,
                                  "left": 31
                                }
                              ],
                              "parent": 27,
                              "ID": 28,
                              "left": 29,
                              "right": 30
                            }
                          ],
                          "parent": 26,
                          "ID": 27,
                          "left": 28
                        }
                      ],
                      "parent": 25,
                      "ID": 26,
                      "left": 27
                    }
                  ],
                  "parent": 2,
                  "ID": 25,
                  "left": 26
                }
              ],
              "parent": 1,
              "ID": 2,
              "left": 3,
              "right": 25
            }
          ],
          "parent": 0,
          "ID": 1,
          "left": 2
        }
      ],
      "parent": null,
      "ID": 0,
      "left": 1
    },
    "feat": {
      "utility": 4.19285709590347e-06,
      "query_shape": [
        [
          "Seq Scan",
          "Hash Join",
          "Aggregate",
          "Gather",
          "Nested Loop",
          "Sort"
        ],
        [
          "Seq Scan",
          "Hash Join",
          "Hash",
          "Aggregate",
          "Gather",
          "Nested Loop",
          "Sort"
        ],
        [
          "Seq Scan",
          "Hash Join",
          "Hash",
          "Aggregate",
          "Gather",
          "Nested Loop",
          "Sort"
        ],
        [
          "Seq Scan",
          "Hash",
          "Hash Join",
          "Aggregate",
          "Gather",
          "Nested Loop",
          "Sort"
        ],
        [
          "Seq Scan",
          "Hash",
          "Hash Join",
          "Aggregate",
          "Gather",
          "Nested Loop",
          "Sort"
        ],
        [
          "Seq Scan",
          "Hash",
          "Hash Join",
          "Aggregate",
          "Gather",
          "Nested Loop",
          "Sort"
        ],
        [
          "Seq Scan",
          "Hash",
          "Hash Join",
          "Aggregate",
          "Gather",
          "Nested Loop",
          "Sort"
        ],
        [
          "Seq Scan",
          "Hash Join",
          "Aggregate",
          "Gather",
          "Nested Loop",
          "Sort"
        ],
        [
          "Seq Scan",
          "Hash Join",
          "Hash",
          "Aggregate",
          "Gather",
          "Nested Loop",
          "Sort"
        ],
        [
          "Seq Scan",
          "Hash Join",
          "Hash",
          "Aggregate",
          "Gather",
          "Nested Loop",
          "Sort"
        ],
        [
          "Seq Scan",
          "Hash",
          "Hash Join",
          "Aggregate",
          "Gather",
          "Nested Loop",
          "Sort"
        ],
        [
          "Seq Scan",
          "Hash",
          "Hash Join",
          "Aggregate",
          "Gather",
          "Nested Loop",
          "Sort"
        ],
        [
          "Seq Scan",
          "Hash",
          "Hash Join",
          "Aggregate",
          "Gather",
          "Nested Loop",
          "Sort"
        ]
      ],
      "index_shape": [
        "join"
      ],
      "physical_operator": {
        "Hash Join": [
          0.04364701210870959
        ]
      }
    }
  },
  {
    "query": "select  promotions,total,cast(promotions as decimal(15,4))/cast(total as decimal(15,4))*100\nfrom\n  (select sum(ss_ext_sales_price) promotions\n   from  store_sales\n        ,store\n        ,promotion\n        ,date_dim\n        ,customer\n        ,customer_address \n        ,item\n   where ss_sold_date_sk = d_date_sk\n   and   ss_store_sk = s_store_sk\n   and   ss_promo_sk = p_promo_sk\n   and   ss_customer_sk= c_customer_sk\n   and   ca_address_sk = c_current_addr_sk\n   and   ss_item_sk = i_item_sk \n   and   ca_gmt_offset = -6\n   and   i_category = 'Sports'\n   and   (p_channel_dmail = 'Y' or p_channel_email = 'Y' or p_channel_tv = 'Y')\n   and   s_gmt_offset = -6\n   and   d_year = 1999\n   and   d_moy  = 12) promotional_sales,\n  (select sum(ss_ext_sales_price) total\n   from  store_sales\n        ,store\n        ,date_dim\n        ,customer\n        ,customer_address\n        ,item\n   where ss_sold_date_sk = d_date_sk\n   and   ss_store_sk = s_store_sk\n   and   ss_customer_sk= c_customer_sk\n   and   ca_address_sk = c_current_addr_sk\n   and   ss_item_sk = i_item_sk\n   and   ca_gmt_offset = -6\n   and   i_category = 'Sports'\n   and   s_gmt_offset = -6\n   and   d_year = 1999\n   and   d_moy  = 12) all_sales\norder by promotions, total\nlimit 100;\n\n-- end query 45 in stream 1 using template query61.tpl\n",
    "indexes": "promotion.p_channel_tv",
    "wo plan est": {
      "Node Type": "Limit",
      "Parallel Aware": false,
      "Async Capable": false,
      "Startup Cost": 1432411.5,
      "Total Cost": 1432411.51,
      "Plan Rows": 1,
      "Plan Width": 96,
      "Plans": [
        {
          "Node Type": "Sort",
          "Parent Relationship": "Outer",
          "Parallel Aware": false,
          "Async Capable": false,
          "Startup Cost": 1432411.5,
          "Total Cost": 1432411.51,
          "Plan Rows": 1,
          "Plan Width": 96,
          "Sort Key": [
            "(sum(store_sales.ss_ext_sales_price))",
            "(sum(store_sales_1.ss_ext_sales_price))"
          ],
          "Plans": [
            {
              "Node Type": "Nested Loop",
              "Parent Relationship": "Outer",
              "Parallel Aware": false,
              "Async Capable": false,
              "Join Type": "Inner",
              "Startup Cost": 1432411.43,
              "Total Cost": 1432411.49,
              "Plan Rows": 1,
              "Plan Width": 96,
              "Inner Unique": false,
              "Plans": [
                {
                  "Node Type": "Aggregate",
                  "Strategy": "Plain",
                  "Partial Mode": "Finalize",
                  "Parent Relationship": "Outer",
                  "Parallel Aware": false,
                  "Async Capable": false,
                  "Startup Cost": 716216.31,
                  "Total Cost": 716216.32,
                  "Plan Rows": 1,
                  "Plan Width": 32,
                  "Plans": [
                    {
                      "Node Type": "Gather",
                      "Parent Relationship": "Outer",
                      "Parallel Aware": false,
                      "Async Capable": false,
                      "Startup Cost": 716216.08,
                      "Total Cost": 716216.29,
                      "Plan Rows": 2,
                      "Plan Width": 32,
                      "Workers Planned": 2,
                      "Single Copy": false,
                      "Plans": [
                        {
                          "Node Type": "Aggregate",
                          "Strategy": "Plain",
                          "Partial Mode": "Partial",
                          "Parent Relationship": "Outer",
                          "Parallel Aware": false,
                          "Async Capable": false,
                          "Startup Cost": 715216.08,
                          "Total Cost": 715216.09,
                          "Plan Rows": 1,
                          "Plan Width": 32,
                          "Plans": [
                            {
                              "Node Type": "Hash Join",
                              "Parent Relationship": "Outer",
                              "Parallel Aware": true,
                              "Async Capable": false,
                              "Join Type": "Inner",
                              "Startup Cost": 708306.5,
                              "Total Cost": 715215.92,
                              "Plan Rows": 65,
                              "Plan Width": 6,
                              "Inner Unique": false,
                              "Hash Cond": "(customer_address.ca_address_sk = customer.c_current_addr_sk)",
                              "Plans": [
                                {
                                  "Node Type": "Seq Scan",
                                  "Parent Relationship": "Outer",
                                  "Parallel Aware": true,
                                  "Async Capable": false,
                                  "Relation Name": "customer_address",
                                  "Alias": "customer_address",
                                  "Startup Cost": 0.0,
                                  "Total Cost": 6737.08,
                                  "Plan Rows": 45885,
                                  "Plan Width": 4,
                                  "Filter": "(ca_gmt_offset = '-6'::numeric)",
                                  "parent": 6,
                                  "ID": 7
                                },
                                {
                                  "Node Type": "Hash",
                                  "Parent Relationship": "Inner",
                                  "Parallel Aware": true,
                                  "Async Capable": false,
                                  "Startup Cost": 708304.67,
                                  "Total Cost": 708304.67,
                                  "Plan Rows": 146,
                                  "Plan Width": 10,
                                  "Plans": [
                                    {
                                      "Node Type": "Hash Join",
                                      "Parent Relationship": "Outer",
                                      "Parallel Aware": true,
                                      "Async Capable": false,
                                      "Join Type": "Inner",
                                      "Startup Cost": 691604.48,
                                      "Total Cost": 708304.67,
                                      "Plan Rows": 146,
                                      "Plan Width": 10,
                                      "Inner Unique": false,
                                      "Hash Cond": "(customer.c_customer_sk = store_sales.ss_customer_sk)",
                                      "Plans": [
                                        {
                                          "Node Type": "Seq Scan",
                                          "Parent Relationship": "Outer",
                                          "Parallel Aware": true,
                                          "Async Capable": false,
                                          "Relation Name": "customer",
                                          "Alias": "customer",
                                          "Startup Cost": 0.0,
                                          "Total Cost": 15918.33,
                                          "Plan Rows": 208333,
                                          "Plan Width": 8,
                                          "parent": 9,
                                          "ID": 10
                                        },
                                        {
                                          "Node Type": "Hash",
                                          "Parent Relationship": "Inner",
                                          "Parallel Aware": true,
                                          "Async Capable": false,
                                          "Startup Cost": 691602.57,
                                          "Total Cost": 691602.57,
                                          "Plan Rows": 153,
                                          "Plan Width": 10,
                                          "Plans": [
                                            {
                                              "Node Type": "Hash Join",
                                              "Parent Relationship": "Outer",
                                              "Parallel Aware": false,
                                              "Async Capable": false,
                                              "Join Type": "Inner",
                                              "Startup Cost": 9631.45,
                                              "Total Cost": 691602.57,
                                              "Plan Rows": 153,
                                              "Plan Width": 10,
                                              "Inner Unique": false,
                                              "Hash Cond": "(store_sales.ss_store_sk = store.s_store_sk)",
                                              "Plans": [
                                                {
                                                  "Node Type": "Hash Join",
                                                  "Parent Relationship": "Outer",
                                                  "Parallel Aware": false,
                                                  "Async Capable": false,
                                                  "Join Type": "Inner",
                                                  "Startup Cost": 9624.29,
                                                  "Total Cost": 691593.01,
                                                  "Plan Rows": 230,
                                                  "Plan Width": 14,
                                                  "Inner Unique": false,
                                                  "Hash Cond": "(store_sales.ss_promo_sk = promotion.p_promo_sk)",
                                                  "Plans": [
                                                    {
                                                      "Node Type": "Hash Join",
                                                      "Parent Relationship": "Outer",
                                                      "Parallel Aware": true,
                                                      "Async Capable": false,
                                                      "Join Type": "Inner",
                                                      "Startup Cost": 9599.4,
                                                      "Total Cost": 691564.02,
                                                      "Plan Rows": 481,
                                                      "Plan Width": 18,
                                                      "Inner Unique": false,
                                                      "Hash Cond": "(store_sales.ss_item_sk = item.i_item_sk)",
                                                      "Plans": [
                                                        {
                                                          "Node Type": "Hash Join",
                                                          "Parent Relationship": "Outer",
                                                          "Parallel Aware": true,
                                                          "Async Capable": false,
                                                          "Join Type": "Inner",
                                                          "Startup Cost": 2049.78,
                                                          "Total Cost": 683994.75,
                                                          "Plan Rows": 4703,
                                                          "Plan Width": 22,
                                                          "Inner Unique": false,
                                                          "Hash Cond": "(store_sales.ss_sold_date_sk = date_dim.d_date_sk)",
                                                          "Plans": [
                                                            {
                                                              "Node Type": "Seq Scan",
                                                              "Parent Relationship": "Outer",
                                                              "Parallel Aware": true,
                                                              "Async Capable": false,
                                                              "Relation Name": "store_sales",
                                                              "Alias": "store_sales",
                                                              "Startup Cost": 0.0,
                                                              "Total Cost": 636914.37,
                                                              "Plan Rows": 12000637,
                                                              "Plan Width": 26,
                                                              "parent": 15,
                                                              "ID": 16
                                                            },
                                                            {
                                                              "Node Type": "Hash",
                                                              "Parent Relationship": "Inner",
                                                              "Parallel Aware": true,
                                                              "Async Capable": false,
                                                              "Startup Cost": 2049.55,
                                                              "Total Cost": 2049.55,
                                                              "Plan Rows": 18,
                                                              "Plan Width": 4,
                                                              "Plans": [
                                                                {
                                                                  "Node Type": "Seq Scan",
                                                                  "Parent Relationship": "Outer",
                                                                  "Parallel Aware": true,
                                                                  "Async Capable": false,
                                                                  "Relation Name": "date_dim",
                                                                  "Alias": "date_dim",
                                                                  "Startup Cost": 0.0,
                                                                  "Total Cost": 2049.55,
                                                                  "Plan Rows": 18,
                                                                  "Plan Width": 4,
                                                                  "Filter": "((d_year = 1999) AND (d_moy = 12))",
                                                                  "parent": 17,
                                                                  "ID": 18
                                                                }
                                                              ],
                                                              "parent": 15,
                                                              "ID": 17,
                                                              "left": 18
                                                            }
                                                          ],
                                                          "parent": 14,
                                                          "ID": 15,
                                                          "left": 16,
                                                          "right": 17
                                                        },
                                                        {
                                                          "Node Type": "Hash",
                                                          "Parent Relationship": "Inner",
                                                          "Parallel Aware": true,
                                                          "Async Capable": false,
                                                          "Startup Cost": 7495.25,
                                                          "Total Cost": 7495.25,
                                                          "Plan Rows": 4350,
                                                          "Plan Width": 4,
                                                          "Plans": [
                                                            {
                                                              "Node Type": "Seq Scan",
                                                              "Parent Relationship": "Outer",
                                                              "Parallel Aware": true,
                                                              "Async Capable": false,
                                                              "Relation Name": "item",
                                                              "Alias": "item",
                                                              "Startup Cost": 0.0,
                                                              "Total Cost": 7495.25,
                                                              "Plan Rows": 4350,
                                                              "Plan Width": 4,
                                                              "Filter": "(i_category = 'Sports'::bpchar)",
                                                              "parent": 19,
                                                              "ID": 20
                                                            }
                                                          ],
                                                          "parent": 14,
                                                          "ID": 19,
                                                          "left": 20
                                                        }
                                                      ],
                                                      "parent": 13,
                                                      "ID": 14,
                                                      "left": 15,
                                                      "right": 19
                                                    },
                                                    {
                                                      "Node Type": "Hash",
                                                      "Parent Relationship": "Inner",
                                                      "Parallel Aware": false,
                                                      "Async Capable": false,
                                                      "Startup Cost": 21.75,
                                                      "Total Cost": 21.75,
                                                      "Plan Rows": 251,
                                                      "Plan Width": 4,
                                                      "Plans": [
                                                        {
                                                          "Node Type": "Seq Scan",
                                                          "Parent Relationship": "Outer",
                                                          "Parallel Aware": false,
                                                          "Async Capable": false,
                                                          "Relation Name": "promotion",
                                                          "Alias": "promotion",
                                                          "Startup Cost": 0.0,
                                                          "Total Cost": 21.75,
                                                          "Plan Rows": 251,
                                                          "Plan Width": 4,
                                                          "Filter": "((p_channel_dmail = 'Y'::bpchar) OR (p_channel_email = 'Y'::bpchar) OR (p_channel_tv = 'Y'::bpchar))",
                                                          "parent": 21,
                                                          "ID": 22
                                                        }
                                                      ],
                                                      "parent": 13,
                                                      "ID": 21,
                                                      "left": 22
                                                    }
                                                  ],
                                                  "parent": 12,
                                                  "ID": 13,
                                                  "left": 14,
                                                  "right": 21
                                                },
                                                {
                                                  "Node Type": "Hash",
                                                  "Parent Relationship": "Inner",
                                                  "Parallel Aware": false,
                                                  "Async Capable": false,
                                                  "Startup Cost": 6.28,
                                                  "Total Cost": 6.28,
                                                  "Plan Rows": 71,
                                                  "Plan Width": 4,
                                                  "Plans": [
                                                    {
                                                      "Node Type": "Seq Scan",
                                                      "Parent Relationship": "Outer",
                                                      "Parallel Aware": false,
                                                      "Async Capable": false,
                                                      "Relation Name": "store",
                                                      "Alias": "store",
                                                      "Startup Cost": 0.0,
                                                      "Total Cost": 6.28,
                                                      "Plan Rows": 71,
                                                      "Plan Width": 4,
                                                      "Filter": "(s_gmt_offset = '-6'::numeric)",
                                                      "parent": 23,
                                                      "ID": 24
                                                    }
                                                  ],
                                                  "parent": 12,
                                                  "ID": 23,
                                                  "left": 24
                                                }
                                              ],
                                              "parent": 11,
                                              "ID": 12,
                                              "left": 13,
                                              "right": 23
                                            }
                                          ],
                                          "parent": 9,
                                          "ID": 11,
                                          "left": 12
                                        }
                                      ],
                                      "parent": 8,
                                      "ID": 9,
                                      "left": 10,
                                      "right": 11
                                    }
                                  ],
                                  "parent": 6,
                                  "ID": 8,
                                  "left": 9
                                }
                              ],
                              "parent": 5,
                              "ID": 6,
                              "left": 7,
                              "right": 8
                            }
                          ],
                          "parent": 4,
                          "ID": 5,
                          "left": 6
                        }
                      ],
                      "parent": 3,
                      "ID": 4,
                      "left": 5
                    }
                  ],
                  "parent": 2,
                  "ID": 3,
                  "left": 4
                },
                {
                  "Node Type": "Aggregate",
                  "Strategy": "Plain",
                  "Partial Mode": "Finalize",
                  "Parent Relationship": "Inner",
                  "Parallel Aware": false,
                  "Async Capable": false,
                  "Startup Cost": 716195.13,
                  "Total Cost": 716195.14,
                  "Plan Rows": 1,
                  "Plan Width": 32,
                  "Plans": [
                    {
                      "Node Type": "Gather",
                      "Parent Relationship": "Outer",
                      "Parallel Aware": false,
                      "Async Capable": false,
                      "Startup Cost": 716194.9,
                      "Total Cost": 716195.11,
                      "Plan Rows": 2,
                      "Plan Width": 32,
                      "Workers Planned": 2,
                      "Single Copy": false,
                      "Plans": [
                        {
                          "Node Type": "Aggregate",
                          "Strategy": "Plain",
                          "Partial Mode": "Partial",
                          "Parent Relationship": "Outer",
                          "Parallel Aware": false,
                          "Async Capable": false,
                          "Startup Cost": 715194.9,
                          "Total Cost": 715194.91,
                          "Plan Rows": 1,
                          "Plan Width": 32,
                          "Plans": [
                            {
                              "Node Type": "Hash Join",
                              "Parent Relationship": "Outer",
                              "Parallel Aware": true,
                              "Async Capable": false,
                              "Join Type": "Inner",
                              "Startup Cost": 708284.85,
                              "Total Cost": 715194.56,
                              "Plan Rows": 135,
                              "Plan Width": 6,
                              "Inner Unique": false,
                              "Hash Cond": "(customer_address_1.ca_address_sk = customer_1.c_current_addr_sk)",
                              "Plans": [
                                {
                                  "Node Type": "Seq Scan",
                                  "Parent Relationship": "Outer",
                                  "Parallel Aware": true,
                                  "Async Capable": false,
                                  "Relation Name": "customer_address",
                                  "Alias": "customer_address_1",
                                  "Startup Cost": 0.0,
                                  "Total Cost": 6737.08,
                                  "Plan Rows": 45885,
                                  "Plan Width": 4,
                                  "Filter": "(ca_gmt_offset = '-6'::numeric)",
                                  "parent": 28,
                                  "ID": 29
                                },
                                {
                                  "Node Type": "Hash",
                                  "Parent Relationship": "Inner",
                                  "Parallel Aware": true,
                                  "Async Capable": false,
                                  "Startup Cost": 708281.04,
                                  "Total Cost": 708281.04,
                                  "Plan Rows": 305,
                                  "Plan Width": 10,
                                  "Plans": [
                                    {
                                      "Node Type": "Hash Join",
                                      "Parent Relationship": "Outer",
                                      "Parallel Aware": true,
                                      "Async Capable": false,
                                      "Join Type": "Inner",
                                      "Startup Cost": 691580.19,
                                      "Total Cost": 708281.04,
                                      "Plan Rows": 305,
                                      "Plan Width": 10,
                                      "Inner Unique": false,
                                      "Hash Cond": "(customer_1.c_customer_sk = store_sales_1.ss_customer_sk)",
                                      "Plans": [
                                        {
                                          "Node Type": "Seq Scan",
                                          "Parent Relationship": "Outer",
                                          "Parallel Aware": true,
                                          "Async Capable": false,
                                          "Relation Name": "customer",
                                          "Alias": "customer_1",
                                          "Startup Cost": 0.0,
                                          "Total Cost": 15918.33,
                                          "Plan Rows": 208333,
                                          "Plan Width": 8,
                                          "parent": 31,
                                          "ID": 32
                                        },
                                        {
                                          "Node Type": "Hash",
                                          "Parent Relationship": "Inner",
                                          "Parallel Aware": true,
                                          "Async Capable": false,
                                          "Startup Cost": 691576.19,
                                          "Total Cost": 691576.19,
                                          "Plan Rows": 320,
                                          "Plan Width": 10,
                                          "Plans": [
                                            {
                                              "Node Type": "Hash Join",
                                              "Parent Relationship": "Outer",
                                              "Parallel Aware": false,
                                              "Async Capable": false,
                                              "Join Type": "Inner",
                                              "Startup Cost": 9606.56,
                                              "Total Cost": 691576.19,
                                              "Plan Rows": 320,
                                              "Plan Width": 10,
                                              "Inner Unique": false,
                                              "Hash Cond": "(store_sales_1.ss_store_sk = store_1.s_store_sk)",
                                              "Plans": [
                                                {
                                                  "Node Type": "Hash Join",
                                                  "Parent Relationship": "Outer",
                                                  "Parallel Aware": true,
                                                  "Async Capable": false,
                                                  "Join Type": "Inner",
                                                  "Startup Cost": 9599.4,
                                                  "Total Cost": 691564.02,
                                                  "Plan Rows": 481,
                                                  "Plan Width": 14,
                                                  "Inner Unique": false,
                                                  "Hash Cond": "(store_sales_1.ss_item_sk = item_1.i_item_sk)",
                                                  "Plans": [
                                                    {
                                                      "Node Type": "Hash Join",
                                                      "Parent Relationship": "Outer",
                                                      "Parallel Aware": true,
                                                      "Async Capable": false,
                                                      "Join Type": "Inner",
                                                      "Startup Cost": 2049.78,
                                                      "Total Cost": 683994.75,
                                                      "Plan Rows": 4703,
                                                      "Plan Width": 18,
                                                      "Inner Unique": false,
                                                      "Hash Cond": "(store_sales_1.ss_sold_date_sk = date_dim_1.d_date_sk)",
                                                      "Plans": [
                                                        {
                                                          "Node Type": "Seq Scan",
                                                          "Parent Relationship": "Outer",
                                                          "Parallel Aware": true,
                                                          "Async Capable": false,
                                                          "Relation Name": "store_sales",
                                                          "Alias": "store_sales_1",
                                                          "Startup Cost": 0.0,
                                                          "Total Cost": 636914.37,
                                                          "Plan Rows": 12000637,
                                                          "Plan Width": 22,
                                                          "parent": 36,
                                                          "ID": 37
                                                        },
                                                        {
                                                          "Node Type": "Hash",
                                                          "Parent Relationship": "Inner",
                                                          "Parallel Aware": true,
                                                          "Async Capable": false,
                                                          "Startup Cost": 2049.55,
                                                          "Total Cost": 2049.55,
                                                          "Plan Rows": 18,
                                                          "Plan Width": 4,
                                                          "Plans": [
                                                            {
                                                              "Node Type": "Seq Scan",
                                                              "Parent Relationship": "Outer",
                                                              "Parallel Aware": true,
                                                              "Async Capable": false,
                                                              "Relation Name": "date_dim",
                                                              "Alias": "date_dim_1",
                                                              "Startup Cost": 0.0,
                                                              "Total Cost": 2049.55,
                                                              "Plan Rows": 18,
                                                              "Plan Width": 4,
                                                              "Filter": "((d_year = 1999) AND (d_moy = 12))",
                                                              "parent": 38,
                                                              "ID": 39
                                                            }
                                                          ],
                                                          "parent": 36,
                                                          "ID": 38,
                                                          "left": 39
                                                        }
                                                      ],
                                                      "parent": 35,
                                                      "ID": 36,
                                                      "left": 37,
                                                      "right": 38
                                                    },
                                                    {
                                                      "Node Type": "Hash",
                                                      "Parent Relationship": "Inner",
                                                      "Parallel Aware": true,
                                                      "Async Capable": false,
                                                      "Startup Cost": 7495.25,
                                                      "Total Cost": 7495.25,
                                                      "Plan Rows": 4350,
                                                      "Plan Width": 4,
                                                      "Plans": [
                                                        {
                                                          "Node Type": "Seq Scan",
                                                          "Parent Relationship": "Outer",
                                                          "Parallel Aware": true,
                                                          "Async Capable": false,
                                                          "Relation Name": "item",
                                                          "Alias": "item_1",
                                                          "Startup Cost": 0.0,
                                                          "Total Cost": 7495.25,
                                                          "Plan Rows": 4350,
                                                          "Plan Width": 4,
                                                          "Filter": "(i_category = 'Sports'::bpchar)",
                                                          "parent": 40,
                                                          "ID": 41
                                                        }
                                                      ],
                                                      "parent": 35,
                                                      "ID": 40,
                                                      "left": 41
                                                    }
                                                  ],
                                                  "parent": 34,
                                                  "ID": 35,
                                                  "left": 36,
                                                  "right": 40
                                                },
                                                {
                                                  "Node Type": "Hash",
                                                  "Parent Relationship": "Inner",
                                                  "Parallel Aware": false,
                                                  "Async Capable": false,
                                                  "Startup Cost": 6.28,
                                                  "Total Cost": 6.28,
                                                  "Plan Rows": 71,
                                                  "Plan Width": 4,
                                                  "Plans": [
                                                    {
                                                      "Node Type": "Seq Scan",
                                                      "Parent Relationship": "Outer",
                                                      "Parallel Aware": false,
                                                      "Async Capable": false,
                                                      "Relation Name": "store",
                                                      "Alias": "store_1",
                                                      "Startup Cost": 0.0,
                                                      "Total Cost": 6.28,
                                                      "Plan Rows": 71,
                                                      "Plan Width": 4,
                                                      "Filter": "(s_gmt_offset = '-6'::numeric)",
                                                      "parent": 42,
                                                      "ID": 43
                                                    }
                                                  ],
                                                  "parent": 34,
                                                  "ID": 42,
                                                  "left": 43
                                                }
                                              ],
                                              "parent": 33,
                                              "ID": 34,
                                              "left": 35,
                                              "right": 42
                                            }
                                          ],
                                          "parent": 31,
                                          "ID": 33,
                                          "left": 34
                                        }
                                      ],
                                      "parent": 30,
                                      "ID": 31,
                                      "left": 32,
                                      "right": 33
                                    }
                                  ],
                                  "parent": 28,
                                  "ID": 30,
                                  "left": 31
                                }
                              ],
                              "parent": 27,
                              "ID": 28,
                              "left": 29,
                              "right": 30
                            }
                          ],
                          "parent": 26,
                          "ID": 27,
                          "left": 28
                        }
                      ],
                      "parent": 25,
                      "ID": 26,
                      "left": 27
                    }
                  ],
                  "parent": 2,
                  "ID": 25,
                  "left": 26
                }
              ],
              "parent": 1,
              "ID": 2,
              "left": 3,
              "right": 25
            }
          ],
          "parent": 0,
          "ID": 1,
          "left": 2
        }
      ],
      "parent": null,
      "ID": 0,
      "left": 1
    },
    "feat": {
      "utility": 7.561723655794975e-06,
      "query_shape": [
        [
          "Seq Scan",
          "Hash Join",
          "Aggregate",
          "Gather",
          "Nested Loop",
          "Sort"
        ],
        [
          "Seq Scan",
          "Hash Join",
          "Hash",
          "Aggregate",
          "Gather",
          "Nested Loop",
          "Sort"
        ],
        [
          "Seq Scan",
          "Hash Join",
          "Hash",
          "Aggregate",
          "Gather",
          "Nested Loop",
          "Sort"
        ],
        [
          "Seq Scan",
          "Hash",
          "Hash Join",
          "Aggregate",
          "Gather",
          "Nested Loop",
          "Sort"
        ],
        [
          "Seq Scan",
          "Hash",
          "Hash Join",
          "Aggregate",
          "Gather",
          "Nested Loop",
          "Sort"
        ],
        [
          "Seq Scan",
          "Hash",
          "Hash Join",
          "Aggregate",
          "Gather",
          "Nested Loop",
          "Sort"
        ],
        [
          "Seq Scan",
          "Hash",
          "Hash Join",
          "Aggregate",
          "Gather",
          "Nested Loop",
          "Sort"
        ],
        [
          "Seq Scan",
          "Hash Join",
          "Aggregate",
          "Gather",
          "Nested Loop",
          "Sort"
        ],
        [
          "Seq Scan",
          "Hash Join",
          "Hash",
          "Aggregate",
          "Gather",
          "Nested Loop",
          "Sort"
        ],
        [
          "Seq Scan",
          "Hash Join",
          "Hash",
          "Aggregate",
          "Gather",
          "Nested Loop",
          "Sort"
        ],
        [
          "Seq Scan",
          "Hash",
          "Hash Join",
          "Aggregate",
          "Gather",
          "Nested Loop",
          "Sort"
        ],
        [
          "Seq Scan",
          "Hash",
          "Hash Join",
          "Aggregate",
          "Gather",
          "Nested Loop",
          "Sort"
        ],
        [
          "Seq Scan",
          "Hash",
          "Hash Join",
          "Aggregate",
          "Gather",
          "Nested Loop",
          "Sort"
        ]
      ],
      "index_shape": [
        "selection"
      ],
      "physical_operator": {
        "Seq Scan": [
          0.502
        ]
      }
    }
  },
  {
    "query": "select  promotions,total,cast(promotions as decimal(15,4))/cast(total as decimal(15,4))*100\nfrom\n  (select sum(ss_ext_sales_price) promotions\n   from  store_sales\n        ,store\n        ,promotion\n        ,date_dim\n        ,customer\n        ,customer_address \n        ,item\n   where ss_sold_date_sk = d_date_sk\n   and   ss_store_sk = s_store_sk\n   and   ss_promo_sk = p_promo_sk\n   and   ss_customer_sk= c_customer_sk\n   and   ca_address_sk = c_current_addr_sk\n   and   ss_item_sk = i_item_sk \n   and   ca_gmt_offset = -6\n   and   i_category = 'Sports'\n   and   (p_channel_dmail = 'Y' or p_channel_email = 'Y' or p_channel_tv = 'Y')\n   and   s_gmt_offset = -6\n   and   d_year = 1999\n   and   d_moy  = 12) promotional_sales,\n  (select sum(ss_ext_sales_price) total\n   from  store_sales\n        ,store\n        ,date_dim\n        ,customer\n        ,customer_address\n        ,item\n   where ss_sold_date_sk = d_date_sk\n   and   ss_store_sk = s_store_sk\n   and   ss_customer_sk= c_customer_sk\n   and   ca_address_sk = c_current_addr_sk\n   and   ss_item_sk = i_item_sk\n   and   ca_gmt_offset = -6\n   and   i_category = 'Sports'\n   and   s_gmt_offset = -6\n   and   d_year = 1999\n   and   d_moy  = 12) all_sales\norder by promotions, total\nlimit 100;\n\n-- end query 45 in stream 1 using template query61.tpl\n",
    "indexes": "promotion.p_channel_dmail",
    "wo plan est": {
      "Node Type": "Limit",
      "Parallel Aware": false,
      "Async Capable": false,
      "Startup Cost": 1432411.5,
      "Total Cost": 1432411.51,
      "Plan Rows": 1,
      "Plan Width": 96,
      "Plans": [
        {
          "Node Type": "Sort",
          "Parent Relationship": "Outer",
          "Parallel Aware": false,
          "Async Capable": false,
          "Startup Cost": 1432411.5,
          "Total Cost": 1432411.51,
          "Plan Rows": 1,
          "Plan Width": 96,
          "Sort Key": [
            "(sum(store_sales.ss_ext_sales_price))",
            "(sum(store_sales_1.ss_ext_sales_price))"
          ],
          "Plans": [
            {
              "Node Type": "Nested Loop",
              "Parent Relationship": "Outer",
              "Parallel Aware": false,
              "Async Capable": false,
              "Join Type": "Inner",
              "Startup Cost": 1432411.43,
              "Total Cost": 1432411.49,
              "Plan Rows": 1,
              "Plan Width": 96,
              "Inner Unique": false,
              "Plans": [
                {
                  "Node Type": "Aggregate",
                  "Strategy": "Plain",
                  "Partial Mode": "Finalize",
                  "Parent Relationship": "Outer",
                  "Parallel Aware": false,
                  "Async Capable": false,
                  "Startup Cost": 716216.31,
                  "Total Cost": 716216.32,
                  "Plan Rows": 1,
                  "Plan Width": 32,
                  "Plans": [
                    {
                      "Node Type": "Gather",
                      "Parent Relationship": "Outer",
                      "Parallel Aware": false,
                      "Async Capable": false,
                      "Startup Cost": 716216.08,
                      "Total Cost": 716216.29,
                      "Plan Rows": 2,
                      "Plan Width": 32,
                      "Workers Planned": 2,
                      "Single Copy": false,
                      "Plans": [
                        {
                          "Node Type": "Aggregate",
                          "Strategy": "Plain",
                          "Partial Mode": "Partial",
                          "Parent Relationship": "Outer",
                          "Parallel Aware": false,
                          "Async Capable": false,
                          "Startup Cost": 715216.08,
                          "Total Cost": 715216.09,
                          "Plan Rows": 1,
                          "Plan Width": 32,
                          "Plans": [
                            {
                              "Node Type": "Hash Join",
                              "Parent Relationship": "Outer",
                              "Parallel Aware": true,
                              "Async Capable": false,
                              "Join Type": "Inner",
                              "Startup Cost": 708306.5,
                              "Total Cost": 715215.92,
                              "Plan Rows": 65,
                              "Plan Width": 6,
                              "Inner Unique": false,
                              "Hash Cond": "(customer_address.ca_address_sk = customer.c_current_addr_sk)",
                              "Plans": [
                                {
                                  "Node Type": "Seq Scan",
                                  "Parent Relationship": "Outer",
                                  "Parallel Aware": true,
                                  "Async Capable": false,
                                  "Relation Name": "customer_address",
                                  "Alias": "customer_address",
                                  "Startup Cost": 0.0,
                                  "Total Cost": 6737.08,
                                  "Plan Rows": 45885,
                                  "Plan Width": 4,
                                  "Filter": "(ca_gmt_offset = '-6'::numeric)",
                                  "parent": 6,
                                  "ID": 7
                                },
                                {
                                  "Node Type": "Hash",
                                  "Parent Relationship": "Inner",
                                  "Parallel Aware": true,
                                  "Async Capable": false,
                                  "Startup Cost": 708304.67,
                                  "Total Cost": 708304.67,
                                  "Plan Rows": 146,
                                  "Plan Width": 10,
                                  "Plans": [
                                    {
                                      "Node Type": "Hash Join",
                                      "Parent Relationship": "Outer",
                                      "Parallel Aware": true,
                                      "Async Capable": false,
                                      "Join Type": "Inner",
                                      "Startup Cost": 691604.48,
                                      "Total Cost": 708304.67,
                                      "Plan Rows": 146,
                                      "Plan Width": 10,
                                      "Inner Unique": false,
                                      "Hash Cond": "(customer.c_customer_sk = store_sales.ss_customer_sk)",
                                      "Plans": [
                                        {
                                          "Node Type": "Seq Scan",
                                          "Parent Relationship": "Outer",
                                          "Parallel Aware": true,
                                          "Async Capable": false,
                                          "Relation Name": "customer",
                                          "Alias": "customer",
                                          "Startup Cost": 0.0,
                                          "Total Cost": 15918.33,
                                          "Plan Rows": 208333,
                                          "Plan Width": 8,
                                          "parent": 9,
                                          "ID": 10
                                        },
                                        {
                                          "Node Type": "Hash",
                                          "Parent Relationship": "Inner",
                                          "Parallel Aware": true,
                                          "Async Capable": false,
                                          "Startup Cost": 691602.57,
                                          "Total Cost": 691602.57,
                                          "Plan Rows": 153,
                                          "Plan Width": 10,
                                          "Plans": [
                                            {
                                              "Node Type": "Hash Join",
                                              "Parent Relationship": "Outer",
                                              "Parallel Aware": false,
                                              "Async Capable": false,
                                              "Join Type": "Inner",
                                              "Startup Cost": 9631.45,
                                              "Total Cost": 691602.57,
                                              "Plan Rows": 153,
                                              "Plan Width": 10,
                                              "Inner Unique": false,
                                              "Hash Cond": "(store_sales.ss_store_sk = store.s_store_sk)",
                                              "Plans": [
                                                {
                                                  "Node Type": "Hash Join",
                                                  "Parent Relationship": "Outer",
                                                  "Parallel Aware": false,
                                                  "Async Capable": false,
                                                  "Join Type": "Inner",
                                                  "Startup Cost": 9624.29,
                                                  "Total Cost": 691593.01,
                                                  "Plan Rows": 230,
                                                  "Plan Width": 14,
                                                  "Inner Unique": false,
                                                  "Hash Cond": "(store_sales.ss_promo_sk = promotion.p_promo_sk)",
                                                  "Plans": [
                                                    {
                                                      "Node Type": "Hash Join",
                                                      "Parent Relationship": "Outer",
                                                      "Parallel Aware": true,
                                                      "Async Capable": false,
                                                      "Join Type": "Inner",
                                                      "Startup Cost": 9599.4,
                                                      "Total Cost": 691564.02,
                                                      "Plan Rows": 481,
                                                      "Plan Width": 18,
                                                      "Inner Unique": false,
                                                      "Hash Cond": "(store_sales.ss_item_sk = item.i_item_sk)",
                                                      "Plans": [
                                                        {
                                                          "Node Type": "Hash Join",
                                                          "Parent Relationship": "Outer",
                                                          "Parallel Aware": true,
                                                          "Async Capable": false,
                                                          "Join Type": "Inner",
                                                          "Startup Cost": 2049.78,
                                                          "Total Cost": 683994.75,
                                                          "Plan Rows": 4703,
                                                          "Plan Width": 22,
                                                          "Inner Unique": false,
                                                          "Hash Cond": "(store_sales.ss_sold_date_sk = date_dim.d_date_sk)",
                                                          "Plans": [
                                                            {
                                                              "Node Type": "Seq Scan",
                                                              "Parent Relationship": "Outer",
                                                              "Parallel Aware": true,
                                                              "Async Capable": false,
                                                              "Relation Name": "store_sales",
                                                              "Alias": "store_sales",
                                                              "Startup Cost": 0.0,
                                                              "Total Cost": 636914.37,
                                                              "Plan Rows": 12000637,
                                                              "Plan Width": 26,
                                                              "parent": 15,
                                                              "ID": 16
                                                            },
                                                            {
                                                              "Node Type": "Hash",
                                                              "Parent Relationship": "Inner",
                                                              "Parallel Aware": true,
                                                              "Async Capable": false,
                                                              "Startup Cost": 2049.55,
                                                              "Total Cost": 2049.55,
                                                              "Plan Rows": 18,
                                                              "Plan Width": 4,
                                                              "Plans": [
                                                                {
                                                                  "Node Type": "Seq Scan",
                                                                  "Parent Relationship": "Outer",
                                                                  "Parallel Aware": true,
                                                                  "Async Capable": false,
                                                                  "Relation Name": "date_dim",
                                                                  "Alias": "date_dim",
                                                                  "Startup Cost": 0.0,
                                                                  "Total Cost": 2049.55,
                                                                  "Plan Rows": 18,
                                                                  "Plan Width": 4,
                                                                  "Filter": "((d_year = 1999) AND (d_moy = 12))",
                                                                  "parent": 17,
                                                                  "ID": 18
                                                                }
                                                              ],
                                                              "parent": 15,
                                                              "ID": 17,
                                                              "left": 18
                                                            }
                                                          ],
                                                          "parent": 14,
                                                          "ID": 15,
                                                          "left": 16,
                                                          "right": 17
                                                        },
                                                        {
                                                          "Node Type": "Hash",
                                                          "Parent Relationship": "Inner",
                                                          "Parallel Aware": true,
                                                          "Async Capable": false,
                                                          "Startup Cost": 7495.25,
                                                          "Total Cost": 7495.25,
                                                          "Plan Rows": 4350,
                                                          "Plan Width": 4,
                                                          "Plans": [
                                                            {
                                                              "Node Type": "Seq Scan",
                                                              "Parent Relationship": "Outer",
                                                              "Parallel Aware": true,
                                                              "Async Capable": false,
                                                              "Relation Name": "item",
                                                              "Alias": "item",
                                                              "Startup Cost": 0.0,
                                                              "Total Cost": 7495.25,
                                                              "Plan Rows": 4350,
                                                              "Plan Width": 4,
                                                              "Filter": "(i_category = 'Sports'::bpchar)",
                                                              "parent": 19,
                                                              "ID": 20
                                                            }
                                                          ],
                                                          "parent": 14,
                                                          "ID": 19,
                                                          "left": 20
                                                        }
                                                      ],
                                                      "parent": 13,
                                                      "ID": 14,
                                                      "left": 15,
                                                      "right": 19
                                                    },
                                                    {
                                                      "Node Type": "Hash",
                                                      "Parent Relationship": "Inner",
                                                      "Parallel Aware": false,
                                                      "Async Capable": false,
                                                      "Startup Cost": 21.75,
                                                      "Total Cost": 21.75,
                                                      "Plan Rows": 251,
                                                      "Plan Width": 4,
                                                      "Plans": [
                                                        {
                                                          "Node Type": "Seq Scan",
                                                          "Parent Relationship": "Outer",
                                                          "Parallel Aware": false,
                                                          "Async Capable": false,
                                                          "Relation Name": "promotion",
                                                          "Alias": "promotion",
                                                          "Startup Cost": 0.0,
                                                          "Total Cost": 21.75,
                                                          "Plan Rows": 251,
                                                          "Plan Width": 4,
                                                          "Filter": "((p_channel_dmail = 'Y'::bpchar) OR (p_channel_email = 'Y'::bpchar) OR (p_channel_tv = 'Y'::bpchar))",
                                                          "parent": 21,
                                                          "ID": 22
                                                        }
                                                      ],
                                                      "parent": 13,
                                                      "ID": 21,
                                                      "left": 22
                                                    }
                                                  ],
                                                  "parent": 12,
                                                  "ID": 13,
                                                  "left": 14,
                                                  "right": 21
                                                },
                                                {
                                                  "Node Type": "Hash",
                                                  "Parent Relationship": "Inner",
                                                  "Parallel Aware": false,
                                                  "Async Capable": false,
                                                  "Startup Cost": 6.28,
                                                  "Total Cost": 6.28,
                                                  "Plan Rows": 71,
                                                  "Plan Width": 4,
                                                  "Plans": [
                                                    {
                                                      "Node Type": "Seq Scan",
                                                      "Parent Relationship": "Outer",
                                                      "Parallel Aware": false,
                                                      "Async Capable": false,
                                                      "Relation Name": "store",
                                                      "Alias": "store",
                                                      "Startup Cost": 0.0,
                                                      "Total Cost": 6.28,
                                                      "Plan Rows": 71,
                                                      "Plan Width": 4,
                                                      "Filter": "(s_gmt_offset = '-6'::numeric)",
                                                      "parent": 23,
                                                      "ID": 24
                                                    }
                                                  ],
                                                  "parent": 12,
                                                  "ID": 23,
                                                  "left": 24
                                                }
                                              ],
                                              "parent": 11,
                                              "ID": 12,
                                              "left": 13,
                                              "right": 23
                                            }
                                          ],
                                          "parent": 9,
                                          "ID": 11,
                                          "left": 12
                                        }
                                      ],
                                      "parent": 8,
                                      "ID": 9,
                                      "left": 10,
                                      "right": 11
                                    }
                                  ],
                                  "parent": 6,
                                  "ID": 8,
                                  "left": 9
                                }
                              ],
                              "parent": 5,
                              "ID": 6,
                              "left": 7,
                              "right": 8
                            }
                          ],
                          "parent": 4,
                          "ID": 5,
                          "left": 6
                        }
                      ],
                      "parent": 3,
                      "ID": 4,
                      "left": 5
                    }
                  ],
                  "parent": 2,
                  "ID": 3,
                  "left": 4
                },
                {
                  "Node Type": "Aggregate",
                  "Strategy": "Plain",
                  "Partial Mode": "Finalize",
                  "Parent Relationship": "Inner",
                  "Parallel Aware": false,
                  "Async Capable": false,
                  "Startup Cost": 716195.13,
                  "Total Cost": 716195.14,
                  "Plan Rows": 1,
                  "Plan Width": 32,
                  "Plans": [
                    {
                      "Node Type": "Gather",
                      "Parent Relationship": "Outer",
                      "Parallel Aware": false,
                      "Async Capable": false,
                      "Startup Cost": 716194.9,
                      "Total Cost": 716195.11,
                      "Plan Rows": 2,
                      "Plan Width": 32,
                      "Workers Planned": 2,
                      "Single Copy": false,
                      "Plans": [
                        {
                          "Node Type": "Aggregate",
                          "Strategy": "Plain",
                          "Partial Mode": "Partial",
                          "Parent Relationship": "Outer",
                          "Parallel Aware": false,
                          "Async Capable": false,
                          "Startup Cost": 715194.9,
                          "Total Cost": 715194.91,
                          "Plan Rows": 1,
                          "Plan Width": 32,
                          "Plans": [
                            {
                              "Node Type": "Hash Join",
                              "Parent Relationship": "Outer",
                              "Parallel Aware": true,
                              "Async Capable": false,
                              "Join Type": "Inner",
                              "Startup Cost": 708284.85,
                              "Total Cost": 715194.56,
                              "Plan Rows": 135,
                              "Plan Width": 6,
                              "Inner Unique": false,
                              "Hash Cond": "(customer_address_1.ca_address_sk = customer_1.c_current_addr_sk)",
                              "Plans": [
                                {
                                  "Node Type": "Seq Scan",
                                  "Parent Relationship": "Outer",
                                  "Parallel Aware": true,
                                  "Async Capable": false,
                                  "Relation Name": "customer_address",
                                  "Alias": "customer_address_1",
                                  "Startup Cost": 0.0,
                                  "Total Cost": 6737.08,
                                  "Plan Rows": 45885,
                                  "Plan Width": 4,
                                  "Filter": "(ca_gmt_offset = '-6'::numeric)",
                                  "parent": 28,
                                  "ID": 29
                                },
                                {
                                  "Node Type": "Hash",
                                  "Parent Relationship": "Inner",
                                  "Parallel Aware": true,
                                  "Async Capable": false,
                                  "Startup Cost": 708281.04,
                                  "Total Cost": 708281.04,
                                  "Plan Rows": 305,
                                  "Plan Width": 10,
                                  "Plans": [
                                    {
                                      "Node Type": "Hash Join",
                                      "Parent Relationship": "Outer",
                                      "Parallel Aware": true,
                                      "Async Capable": false,
                                      "Join Type": "Inner",
                                      "Startup Cost": 691580.19,
                                      "Total Cost": 708281.04,
                                      "Plan Rows": 305,
                                      "Plan Width": 10,
                                      "Inner Unique": false,
                                      "Hash Cond": "(customer_1.c_customer_sk = store_sales_1.ss_customer_sk)",
                                      "Plans": [
                                        {
                                          "Node Type": "Seq Scan",
                                          "Parent Relationship": "Outer",
                                          "Parallel Aware": true,
                                          "Async Capable": false,
                                          "Relation Name": "customer",
                                          "Alias": "customer_1",
                                          "Startup Cost": 0.0,
                                          "Total Cost": 15918.33,
                                          "Plan Rows": 208333,
                                          "Plan Width": 8,
                                          "parent": 31,
                                          "ID": 32
                                        },
                                        {
                                          "Node Type": "Hash",
                                          "Parent Relationship": "Inner",
                                          "Parallel Aware": true,
                                          "Async Capable": false,
                                          "Startup Cost": 691576.19,
                                          "Total Cost": 691576.19,
                                          "Plan Rows": 320,
                                          "Plan Width": 10,
                                          "Plans": [
                                            {
                                              "Node Type": "Hash Join",
                                              "Parent Relationship": "Outer",
                                              "Parallel Aware": false,
                                              "Async Capable": false,
                                              "Join Type": "Inner",
                                              "Startup Cost": 9606.56,
                                              "Total Cost": 691576.19,
                                              "Plan Rows": 320,
                                              "Plan Width": 10,
                                              "Inner Unique": false,
                                              "Hash Cond": "(store_sales_1.ss_store_sk = store_1.s_store_sk)",
                                              "Plans": [
                                                {
                                                  "Node Type": "Hash Join",
                                                  "Parent Relationship": "Outer",
                                                  "Parallel Aware": true,
                                                  "Async Capable": false,
                                                  "Join Type": "Inner",
                                                  "Startup Cost": 9599.4,
                                                  "Total Cost": 691564.02,
                                                  "Plan Rows": 481,
                                                  "Plan Width": 14,
                                                  "Inner Unique": false,
                                                  "Hash Cond": "(store_sales_1.ss_item_sk = item_1.i_item_sk)",
                                                  "Plans": [
                                                    {
                                                      "Node Type": "Hash Join",
                                                      "Parent Relationship": "Outer",
                                                      "Parallel Aware": true,
                                                      "Async Capable": false,
                                                      "Join Type": "Inner",
                                                      "Startup Cost": 2049.78,
                                                      "Total Cost": 683994.75,
                                                      "Plan Rows": 4703,
                                                      "Plan Width": 18,
                                                      "Inner Unique": false,
                                                      "Hash Cond": "(store_sales_1.ss_sold_date_sk = date_dim_1.d_date_sk)",
                                                      "Plans": [
                                                        {
                                                          "Node Type": "Seq Scan",
                                                          "Parent Relationship": "Outer",
                                                          "Parallel Aware": true,
                                                          "Async Capable": false,
                                                          "Relation Name": "store_sales",
                                                          "Alias": "store_sales_1",
                                                          "Startup Cost": 0.0,
                                                          "Total Cost": 636914.37,
                                                          "Plan Rows": 12000637,
                                                          "Plan Width": 22,
                                                          "parent": 36,
                                                          "ID": 37
                                                        },
                                                        {
                                                          "Node Type": "Hash",
                                                          "Parent Relationship": "Inner",
                                                          "Parallel Aware": true,
                                                          "Async Capable": false,
                                                          "Startup Cost": 2049.55,
                                                          "Total Cost": 2049.55,
                                                          "Plan Rows": 18,
                                                          "Plan Width": 4,
                                                          "Plans": [
                                                            {
                                                              "Node Type": "Seq Scan",
                                                              "Parent Relationship": "Outer",
                                                              "Parallel Aware": true,
                                                              "Async Capable": false,
                                                              "Relation Name": "date_dim",
                                                              "Alias": "date_dim_1",
                                                              "Startup Cost": 0.0,
                                                              "Total Cost": 2049.55,
                                                              "Plan Rows": 18,
                                                              "Plan Width": 4,
                                                              "Filter": "((d_year = 1999) AND (d_moy = 12))",
                                                              "parent": 38,
                                                              "ID": 39
                                                            }
                                                          ],
                                                          "parent": 36,
                                                          "ID": 38,
                                                          "left": 39
                                                        }
                                                      ],
                                                      "parent": 35,
                                                      "ID": 36,
                                                      "left": 37,
                                                      "right": 38
                                                    },
                                                    {
                                                      "Node Type": "Hash",
                                                      "Parent Relationship": "Inner",
                                                      "Parallel Aware": true,
                                                      "Async Capable": false,
                                                      "Startup Cost": 7495.25,
                                                      "Total Cost": 7495.25,
                                                      "Plan Rows": 4350,
                                                      "Plan Width": 4,
                                                      "Plans": [
                                                        {
                                                          "Node Type": "Seq Scan",
                                                          "Parent Relationship": "Outer",
                                                          "Parallel Aware": true,
                                                          "Async Capable": false,
                                                          "Relation Name": "item",
                                                          "Alias": "item_1",
                                                          "Startup Cost": 0.0,
                                                          "Total Cost": 7495.25,
                                                          "Plan Rows": 4350,
                                                          "Plan Width": 4,
                                                          "Filter": "(i_category = 'Sports'::bpchar)",
                                                          "parent": 40,
                                                          "ID": 41
                                                        }
                                                      ],
                                                      "parent": 35,
                                                      "ID": 40,
                                                      "left": 41
                                                    }
                                                  ],
                                                  "parent": 34,
                                                  "ID": 35,
                                                  "left": 36,
                                                  "right": 40
                                                },
                                                {
                                                  "Node Type": "Hash",
                                                  "Parent Relationship": "Inner",
                                                  "Parallel Aware": false,
                                                  "Async Capable": false,
                                                  "Startup Cost": 6.28,
                                                  "Total Cost": 6.28,
                                                  "Plan Rows": 71,
                                                  "Plan Width": 4,
                                                  "Plans": [
                                                    {
                                                      "Node Type": "Seq Scan",
                                                      "Parent Relationship": "Outer",
                                                      "Parallel Aware": false,
                                                      "Async Capable": false,
                                                      "Relation Name": "store",
                                                      "Alias": "store_1",
                                                      "Startup Cost": 0.0,
                                                      "Total Cost": 6.28,
                                                      "Plan Rows": 71,
                                                      "Plan Width": 4,
                                                      "Filter": "(s_gmt_offset = '-6'::numeric)",
                                                      "parent": 42,
                                                      "ID": 43
                                                    }
                                                  ],
                                                  "parent": 34,
                                                  "ID": 42,
                                                  "left": 43
                                                }
                                              ],
                                              "parent": 33,
                                              "ID": 34,
                                              "left": 35,
                                              "right": 42
                                            }
                                          ],
                                          "parent": 31,
                                          "ID": 33,
                                          "left": 34
                                        }
                                      ],
                                      "parent": 30,
                                      "ID": 31,
                                      "left": 32,
                                      "right": 33
                                    }
                                  ],
                                  "parent": 28,
                                  "ID": 30,
                                  "left": 31
                                }
                              ],
                              "parent": 27,
                              "ID": 28,
                              "left": 29,
                              "right": 30
                            }
                          ],
                          "parent": 26,
                          "ID": 27,
                          "left": 28
                        }
                      ],
                      "parent": 25,
                      "ID": 26,
                      "left": 27
                    }
                  ],
                  "parent": 2,
                  "ID": 25,
                  "left": 26
                }
              ],
              "parent": 1,
              "ID": 2,
              "left": 3,
              "right": 25
            }
          ],
          "parent": 0,
          "ID": 1,
          "left": 2
        }
      ],
      "parent": null,
      "ID": 0,
      "left": 1
    },
    "feat": {
      "utility": 7.561723655794975e-06,
      "query_shape": [
        [
          "Seq Scan",
          "Hash Join",
          "Aggregate",
          "Gather",
          "Nested Loop",
          "Sort"
        ],
        [
          "Seq Scan",
          "Hash Join",
          "Hash",
          "Aggregate",
          "Gather",
          "Nested Loop",
          "Sort"
        ],
        [
          "Seq Scan",
          "Hash Join",
          "Hash",
          "Aggregate",
          "Gather",
          "Nested Loop",
          "Sort"
        ],
        [
          "Seq Scan",
          "Hash",
          "Hash Join",
          "Aggregate",
          "Gather",
          "Nested Loop",
          "Sort"
        ],
        [
          "Seq Scan",
          "Hash",
          "Hash Join",
          "Aggregate",
          "Gather",
          "Nested Loop",
          "Sort"
        ],
        [
          "Seq Scan",
          "Hash",
          "Hash Join",
          "Aggregate",
          "Gather",
          "Nested Loop",
          "Sort"
        ],
        [
          "Seq Scan",
          "Hash",
          "Hash Join",
          "Aggregate",
          "Gather",
          "Nested Loop",
          "Sort"
        ],
        [
          "Seq Scan",
          "Hash Join",
          "Aggregate",
          "Gather",
          "Nested Loop",
          "Sort"
        ],
        [
          "Seq Scan",
          "Hash Join",
          "Hash",
          "Aggregate",
          "Gather",
          "Nested Loop",
          "Sort"
        ],
        [
          "Seq Scan",
          "Hash Join",
          "Hash",
          "Aggregate",
          "Gather",
          "Nested Loop",
          "Sort"
        ],
        [
          "Seq Scan",
          "Hash",
          "Hash Join",
          "Aggregate",
          "Gather",
          "Nested Loop",
          "Sort"
        ],
        [
          "Seq Scan",
          "Hash",
          "Hash Join",
          "Aggregate",
          "Gather",
          "Nested Loop",
          "Sort"
        ],
        [
          "Seq Scan",
          "Hash",
          "Hash Join",
          "Aggregate",
          "Gather",
          "Nested Loop",
          "Sort"
        ]
      ],
      "index_shape": [
        "selection"
      ],
      "physical_operator": {
        "Seq Scan": [
          0.502
        ]
      }
    }
  },
  {
    "query": "select  promotions,total,cast(promotions as decimal(15,4))/cast(total as decimal(15,4))*100\nfrom\n  (select sum(ss_ext_sales_price) promotions\n   from  store_sales\n        ,store\n        ,promotion\n        ,date_dim\n        ,customer\n        ,customer_address \n        ,item\n   where ss_sold_date_sk = d_date_sk\n   and   ss_store_sk = s_store_sk\n   and   ss_promo_sk = p_promo_sk\n   and   ss_customer_sk= c_customer_sk\n   and   ca_address_sk = c_current_addr_sk\n   and   ss_item_sk = i_item_sk \n   and   ca_gmt_offset = -6\n   and   i_category = 'Sports'\n   and   (p_channel_dmail = 'Y' or p_channel_email = 'Y' or p_channel_tv = 'Y')\n   and   s_gmt_offset = -6\n   and   d_year = 1999\n   and   d_moy  = 12) promotional_sales,\n  (select sum(ss_ext_sales_price) total\n   from  store_sales\n        ,store\n        ,date_dim\n        ,customer\n        ,customer_address\n        ,item\n   where ss_sold_date_sk = d_date_sk\n   and   ss_store_sk = s_store_sk\n   and   ss_customer_sk= c_customer_sk\n   and   ca_address_sk = c_current_addr_sk\n   and   ss_item_sk = i_item_sk\n   and   ca_gmt_offset = -6\n   and   i_category = 'Sports'\n   and   s_gmt_offset = -6\n   and   d_year = 1999\n   and   d_moy  = 12) all_sales\norder by promotions, total\nlimit 100;\n\n-- end query 45 in stream 1 using template query61.tpl\n",
    "indexes": "promotion.p_channel_email",
    "wo plan est": {
      "Node Type": "Limit",
      "Parallel Aware": false,
      "Async Capable": false,
      "Startup Cost": 1432411.5,
      "Total Cost": 1432411.51,
      "Plan Rows": 1,
      "Plan Width": 96,
      "Plans": [
        {
          "Node Type": "Sort",
          "Parent Relationship": "Outer",
          "Parallel Aware": false,
          "Async Capable": false,
          "Startup Cost": 1432411.5,
          "Total Cost": 1432411.51,
          "Plan Rows": 1,
          "Plan Width": 96,
          "Sort Key": [
            "(sum(store_sales.ss_ext_sales_price))",
            "(sum(store_sales_1.ss_ext_sales_price))"
          ],
          "Plans": [
            {
              "Node Type": "Nested Loop",
              "Parent Relationship": "Outer",
              "Parallel Aware": false,
              "Async Capable": false,
              "Join Type": "Inner",
              "Startup Cost": 1432411.43,
              "Total Cost": 1432411.49,
              "Plan Rows": 1,
              "Plan Width": 96,
              "Inner Unique": false,
              "Plans": [
                {
                  "Node Type": "Aggregate",
                  "Strategy": "Plain",
                  "Partial Mode": "Finalize",
                  "Parent Relationship": "Outer",
                  "Parallel Aware": false,
                  "Async Capable": false,
                  "Startup Cost": 716216.31,
                  "Total Cost": 716216.32,
                  "Plan Rows": 1,
                  "Plan Width": 32,
                  "Plans": [
                    {
                      "Node Type": "Gather",
                      "Parent Relationship": "Outer",
                      "Parallel Aware": false,
                      "Async Capable": false,
                      "Startup Cost": 716216.08,
                      "Total Cost": 716216.29,
                      "Plan Rows": 2,
                      "Plan Width": 32,
                      "Workers Planned": 2,
                      "Single Copy": false,
                      "Plans": [
                        {
                          "Node Type": "Aggregate",
                          "Strategy": "Plain",
                          "Partial Mode": "Partial",
                          "Parent Relationship": "Outer",
                          "Parallel Aware": false,
                          "Async Capable": false,
                          "Startup Cost": 715216.08,
                          "Total Cost": 715216.09,
                          "Plan Rows": 1,
                          "Plan Width": 32,
                          "Plans": [
                            {
                              "Node Type": "Hash Join",
                              "Parent Relationship": "Outer",
                              "Parallel Aware": true,
                              "Async Capable": false,
                              "Join Type": "Inner",
                              "Startup Cost": 708306.5,
                              "Total Cost": 715215.92,
                              "Plan Rows": 65,
                              "Plan Width": 6,
                              "Inner Unique": false,
                              "Hash Cond": "(customer_address.ca_address_sk = customer.c_current_addr_sk)",
                              "Plans": [
                                {
                                  "Node Type": "Seq Scan",
                                  "Parent Relationship": "Outer",
                                  "Parallel Aware": true,
                                  "Async Capable": false,
                                  "Relation Name": "customer_address",
                                  "Alias": "customer_address",
                                  "Startup Cost": 0.0,
                                  "Total Cost": 6737.08,
                                  "Plan Rows": 45885,
                                  "Plan Width": 4,
                                  "Filter": "(ca_gmt_offset = '-6'::numeric)",
                                  "parent": 6,
                                  "ID": 7
                                },
                                {
                                  "Node Type": "Hash",
                                  "Parent Relationship": "Inner",
                                  "Parallel Aware": true,
                                  "Async Capable": false,
                                  "Startup Cost": 708304.67,
                                  "Total Cost": 708304.67,
                                  "Plan Rows": 146,
                                  "Plan Width": 10,
                                  "Plans": [
                                    {
                                      "Node Type": "Hash Join",
                                      "Parent Relationship": "Outer",
                                      "Parallel Aware": true,
                                      "Async Capable": false,
                                      "Join Type": "Inner",
                                      "Startup Cost": 691604.48,
                                      "Total Cost": 708304.67,
                                      "Plan Rows": 146,
                                      "Plan Width": 10,
                                      "Inner Unique": false,
                                      "Hash Cond": "(customer.c_customer_sk = store_sales.ss_customer_sk)",
                                      "Plans": [
                                        {
                                          "Node Type": "Seq Scan",
                                          "Parent Relationship": "Outer",
                                          "Parallel Aware": true,
                                          "Async Capable": false,
                                          "Relation Name": "customer",
                                          "Alias": "customer",
                                          "Startup Cost": 0.0,
                                          "Total Cost": 15918.33,
                                          "Plan Rows": 208333,
                                          "Plan Width": 8,
                                          "parent": 9,
                                          "ID": 10
                                        },
                                        {
                                          "Node Type": "Hash",
                                          "Parent Relationship": "Inner",
                                          "Parallel Aware": true,
                                          "Async Capable": false,
                                          "Startup Cost": 691602.57,
                                          "Total Cost": 691602.57,
                                          "Plan Rows": 153,
                                          "Plan Width": 10,
                                          "Plans": [
                                            {
                                              "Node Type": "Hash Join",
                                              "Parent Relationship": "Outer",
                                              "Parallel Aware": false,
                                              "Async Capable": false,
                                              "Join Type": "Inner",
                                              "Startup Cost": 9631.45,
                                              "Total Cost": 691602.57,
                                              "Plan Rows": 153,
                                              "Plan Width": 10,
                                              "Inner Unique": false,
                                              "Hash Cond": "(store_sales.ss_store_sk = store.s_store_sk)",
                                              "Plans": [
                                                {
                                                  "Node Type": "Hash Join",
                                                  "Parent Relationship": "Outer",
                                                  "Parallel Aware": false,
                                                  "Async Capable": false,
                                                  "Join Type": "Inner",
                                                  "Startup Cost": 9624.29,
                                                  "Total Cost": 691593.01,
                                                  "Plan Rows": 230,
                                                  "Plan Width": 14,
                                                  "Inner Unique": false,
                                                  "Hash Cond": "(store_sales.ss_promo_sk = promotion.p_promo_sk)",
                                                  "Plans": [
                                                    {
                                                      "Node Type": "Hash Join",
                                                      "Parent Relationship": "Outer",
                                                      "Parallel Aware": true,
                                                      "Async Capable": false,
                                                      "Join Type": "Inner",
                                                      "Startup Cost": 9599.4,
                                                      "Total Cost": 691564.02,
                                                      "Plan Rows": 481,
                                                      "Plan Width": 18,
                                                      "Inner Unique": false,
                                                      "Hash Cond": "(store_sales.ss_item_sk = item.i_item_sk)",
                                                      "Plans": [
                                                        {
                                                          "Node Type": "Hash Join",
                                                          "Parent Relationship": "Outer",
                                                          "Parallel Aware": true,
                                                          "Async Capable": false,
                                                          "Join Type": "Inner",
                                                          "Startup Cost": 2049.78,
                                                          "Total Cost": 683994.75,
                                                          "Plan Rows": 4703,
                                                          "Plan Width": 22,
                                                          "Inner Unique": false,
                                                          "Hash Cond": "(store_sales.ss_sold_date_sk = date_dim.d_date_sk)",
                                                          "Plans": [
                                                            {
                                                              "Node Type": "Seq Scan",
                                                              "Parent Relationship": "Outer",
                                                              "Parallel Aware": true,
                                                              "Async Capable": false,
                                                              "Relation Name": "store_sales",
                                                              "Alias": "store_sales",
                                                              "Startup Cost": 0.0,
                                                              "Total Cost": 636914.37,
                                                              "Plan Rows": 12000637,
                                                              "Plan Width": 26,
                                                              "parent": 15,
                                                              "ID": 16
                                                            },
                                                            {
                                                              "Node Type": "Hash",
                                                              "Parent Relationship": "Inner",
                                                              "Parallel Aware": true,
                                                              "Async Capable": false,
                                                              "Startup Cost": 2049.55,
                                                              "Total Cost": 2049.55,
                                                              "Plan Rows": 18,
                                                              "Plan Width": 4,
                                                              "Plans": [
                                                                {
                                                                  "Node Type": "Seq Scan",
                                                                  "Parent Relationship": "Outer",
                                                                  "Parallel Aware": true,
                                                                  "Async Capable": false,
                                                                  "Relation Name": "date_dim",
                                                                  "Alias": "date_dim",
                                                                  "Startup Cost": 0.0,
                                                                  "Total Cost": 2049.55,
                                                                  "Plan Rows": 18,
                                                                  "Plan Width": 4,
                                                                  "Filter": "((d_year = 1999) AND (d_moy = 12))",
                                                                  "parent": 17,
                                                                  "ID": 18
                                                                }
                                                              ],
                                                              "parent": 15,
                                                              "ID": 17,
                                                              "left": 18
                                                            }
                                                          ],
                                                          "parent": 14,
                                                          "ID": 15,
                                                          "left": 16,
                                                          "right": 17
                                                        },
                                                        {
                                                          "Node Type": "Hash",
                                                          "Parent Relationship": "Inner",
                                                          "Parallel Aware": true,
                                                          "Async Capable": false,
                                                          "Startup Cost": 7495.25,
                                                          "Total Cost": 7495.25,
                                                          "Plan Rows": 4350,
                                                          "Plan Width": 4,
                                                          "Plans": [
                                                            {
                                                              "Node Type": "Seq Scan",
                                                              "Parent Relationship": "Outer",
                                                              "Parallel Aware": true,
                                                              "Async Capable": false,
                                                              "Relation Name": "item",
                                                              "Alias": "item",
                                                              "Startup Cost": 0.0,
                                                              "Total Cost": 7495.25,
                                                              "Plan Rows": 4350,
                                                              "Plan Width": 4,
                                                              "Filter": "(i_category = 'Sports'::bpchar)",
                                                              "parent": 19,
                                                              "ID": 20
                                                            }
                                                          ],
                                                          "parent": 14,
                                                          "ID": 19,
                                                          "left": 20
                                                        }
                                                      ],
                                                      "parent": 13,
                                                      "ID": 14,
                                                      "left": 15,
                                                      "right": 19
                                                    },
                                                    {
                                                      "Node Type": "Hash",
                                                      "Parent Relationship": "Inner",
                                                      "Parallel Aware": false,
                                                      "Async Capable": false,
                                                      "Startup Cost": 21.75,
                                                      "Total Cost": 21.75,
                                                      "Plan Rows": 251,
                                                      "Plan Width": 4,
                                                      "Plans": [
                                                        {
                                                          "Node Type": "Seq Scan",
                                                          "Parent Relationship": "Outer",
                                                          "Parallel Aware": false,
                                                          "Async Capable": false,
                                                          "Relation Name": "promotion",
                                                          "Alias": "promotion",
                                                          "Startup Cost": 0.0,
                                                          "Total Cost": 21.75,
                                                          "Plan Rows": 251,
                                                          "Plan Width": 4,
                                                          "Filter": "((p_channel_dmail = 'Y'::bpchar) OR (p_channel_email = 'Y'::bpchar) OR (p_channel_tv = 'Y'::bpchar))",
                                                          "parent": 21,
                                                          "ID": 22
                                                        }
                                                      ],
                                                      "parent": 13,
                                                      "ID": 21,
                                                      "left": 22
                                                    }
                                                  ],
                                                  "parent": 12,
                                                  "ID": 13,
                                                  "left": 14,
                                                  "right": 21
                                                },
                                                {
                                                  "Node Type": "Hash",
                                                  "Parent Relationship": "Inner",
                                                  "Parallel Aware": false,
                                                  "Async Capable": false,
                                                  "Startup Cost": 6.28,
                                                  "Total Cost": 6.28,
                                                  "Plan Rows": 71,
                                                  "Plan Width": 4,
                                                  "Plans": [
                                                    {
                                                      "Node Type": "Seq Scan",
                                                      "Parent Relationship": "Outer",
                                                      "Parallel Aware": false,
                                                      "Async Capable": false,
                                                      "Relation Name": "store",
                                                      "Alias": "store",
                                                      "Startup Cost": 0.0,
                                                      "Total Cost": 6.28,
                                                      "Plan Rows": 71,
                                                      "Plan Width": 4,
                                                      "Filter": "(s_gmt_offset = '-6'::numeric)",
                                                      "parent": 23,
                                                      "ID": 24
                                                    }
                                                  ],
                                                  "parent": 12,
                                                  "ID": 23,
                                                  "left": 24
                                                }
                                              ],
                                              "parent": 11,
                                              "ID": 12,
                                              "left": 13,
                                              "right": 23
                                            }
                                          ],
                                          "parent": 9,
                                          "ID": 11,
                                          "left": 12
                                        }
                                      ],
                                      "parent": 8,
                                      "ID": 9,
                                      "left": 10,
                                      "right": 11
                                    }
                                  ],
                                  "parent": 6,
                                  "ID": 8,
                                  "left": 9
                                }
                              ],
                              "parent": 5,
                              "ID": 6,
                              "left": 7,
                              "right": 8
                            }
                          ],
                          "parent": 4,
                          "ID": 5,
                          "left": 6
                        }
                      ],
                      "parent": 3,
                      "ID": 4,
                      "left": 5
                    }
                  ],
                  "parent": 2,
                  "ID": 3,
                  "left": 4
                },
                {
                  "Node Type": "Aggregate",
                  "Strategy": "Plain",
                  "Partial Mode": "Finalize",
                  "Parent Relationship": "Inner",
                  "Parallel Aware": false,
                  "Async Capable": false,
                  "Startup Cost": 716195.13,
                  "Total Cost": 716195.14,
                  "Plan Rows": 1,
                  "Plan Width": 32,
                  "Plans": [
                    {
                      "Node Type": "Gather",
                      "Parent Relationship": "Outer",
                      "Parallel Aware": false,
                      "Async Capable": false,
                      "Startup Cost": 716194.9,
                      "Total Cost": 716195.11,
                      "Plan Rows": 2,
                      "Plan Width": 32,
                      "Workers Planned": 2,
                      "Single Copy": false,
                      "Plans": [
                        {
                          "Node Type": "Aggregate",
                          "Strategy": "Plain",
                          "Partial Mode": "Partial",
                          "Parent Relationship": "Outer",
                          "Parallel Aware": false,
                          "Async Capable": false,
                          "Startup Cost": 715194.9,
                          "Total Cost": 715194.91,
                          "Plan Rows": 1,
                          "Plan Width": 32,
                          "Plans": [
                            {
                              "Node Type": "Hash Join",
                              "Parent Relationship": "Outer",
                              "Parallel Aware": true,
                              "Async Capable": false,
                              "Join Type": "Inner",
                              "Startup Cost": 708284.85,
                              "Total Cost": 715194.56,
                              "Plan Rows": 135,
                              "Plan Width": 6,
                              "Inner Unique": false,
                              "Hash Cond": "(customer_address_1.ca_address_sk = customer_1.c_current_addr_sk)",
                              "Plans": [
                                {
                                  "Node Type": "Seq Scan",
                                  "Parent Relationship": "Outer",
                                  "Parallel Aware": true,
                                  "Async Capable": false,
                                  "Relation Name": "customer_address",
                                  "Alias": "customer_address_1",
                                  "Startup Cost": 0.0,
                                  "Total Cost": 6737.08,
                                  "Plan Rows": 45885,
                                  "Plan Width": 4,
                                  "Filter": "(ca_gmt_offset = '-6'::numeric)",
                                  "parent": 28,
                                  "ID": 29
                                },
                                {
                                  "Node Type": "Hash",
                                  "Parent Relationship": "Inner",
                                  "Parallel Aware": true,
                                  "Async Capable": false,
                                  "Startup Cost": 708281.04,
                                  "Total Cost": 708281.04,
                                  "Plan Rows": 305,
                                  "Plan Width": 10,
                                  "Plans": [
                                    {
                                      "Node Type": "Hash Join",
                                      "Parent Relationship": "Outer",
                                      "Parallel Aware": true,
                                      "Async Capable": false,
                                      "Join Type": "Inner",
                                      "Startup Cost": 691580.19,
                                      "Total Cost": 708281.04,
                                      "Plan Rows": 305,
                                      "Plan Width": 10,
                                      "Inner Unique": false,
                                      "Hash Cond": "(customer_1.c_customer_sk = store_sales_1.ss_customer_sk)",
                                      "Plans": [
                                        {
                                          "Node Type": "Seq Scan",
                                          "Parent Relationship": "Outer",
                                          "Parallel Aware": true,
                                          "Async Capable": false,
                                          "Relation Name": "customer",
                                          "Alias": "customer_1",
                                          "Startup Cost": 0.0,
                                          "Total Cost": 15918.33,
                                          "Plan Rows": 208333,
                                          "Plan Width": 8,
                                          "parent": 31,
                                          "ID": 32
                                        },
                                        {
                                          "Node Type": "Hash",
                                          "Parent Relationship": "Inner",
                                          "Parallel Aware": true,
                                          "Async Capable": false,
                                          "Startup Cost": 691576.19,
                                          "Total Cost": 691576.19,
                                          "Plan Rows": 320,
                                          "Plan Width": 10,
                                          "Plans": [
                                            {
                                              "Node Type": "Hash Join",
                                              "Parent Relationship": "Outer",
                                              "Parallel Aware": false,
                                              "Async Capable": false,
                                              "Join Type": "Inner",
                                              "Startup Cost": 9606.56,
                                              "Total Cost": 691576.19,
                                              "Plan Rows": 320,
                                              "Plan Width": 10,
                                              "Inner Unique": false,
                                              "Hash Cond": "(store_sales_1.ss_store_sk = store_1.s_store_sk)",
                                              "Plans": [
                                                {
                                                  "Node Type": "Hash Join",
                                                  "Parent Relationship": "Outer",
                                                  "Parallel Aware": true,
                                                  "Async Capable": false,
                                                  "Join Type": "Inner",
                                                  "Startup Cost": 9599.4,
                                                  "Total Cost": 691564.02,
                                                  "Plan Rows": 481,
                                                  "Plan Width": 14,
                                                  "Inner Unique": false,
                                                  "Hash Cond": "(store_sales_1.ss_item_sk = item_1.i_item_sk)",
                                                  "Plans": [
                                                    {
                                                      "Node Type": "Hash Join",
                                                      "Parent Relationship": "Outer",
                                                      "Parallel Aware": true,
                                                      "Async Capable": false,
                                                      "Join Type": "Inner",
                                                      "Startup Cost": 2049.78,
                                                      "Total Cost": 683994.75,
                                                      "Plan Rows": 4703,
                                                      "Plan Width": 18,
                                                      "Inner Unique": false,
                                                      "Hash Cond": "(store_sales_1.ss_sold_date_sk = date_dim_1.d_date_sk)",
                                                      "Plans": [
                                                        {
                                                          "Node Type": "Seq Scan",
                                                          "Parent Relationship": "Outer",
                                                          "Parallel Aware": true,
                                                          "Async Capable": false,
                                                          "Relation Name": "store_sales",
                                                          "Alias": "store_sales_1",
                                                          "Startup Cost": 0.0,
                                                          "Total Cost": 636914.37,
                                                          "Plan Rows": 12000637,
                                                          "Plan Width": 22,
                                                          "parent": 36,
                                                          "ID": 37
                                                        },
                                                        {
                                                          "Node Type": "Hash",
                                                          "Parent Relationship": "Inner",
                                                          "Parallel Aware": true,
                                                          "Async Capable": false,
                                                          "Startup Cost": 2049.55,
                                                          "Total Cost": 2049.55,
                                                          "Plan Rows": 18,
                                                          "Plan Width": 4,
                                                          "Plans": [
                                                            {
                                                              "Node Type": "Seq Scan",
                                                              "Parent Relationship": "Outer",
                                                              "Parallel Aware": true,
                                                              "Async Capable": false,
                                                              "Relation Name": "date_dim",
                                                              "Alias": "date_dim_1",
                                                              "Startup Cost": 0.0,
                                                              "Total Cost": 2049.55,
                                                              "Plan Rows": 18,
                                                              "Plan Width": 4,
                                                              "Filter": "((d_year = 1999) AND (d_moy = 12))",
                                                              "parent": 38,
                                                              "ID": 39
                                                            }
                                                          ],
                                                          "parent": 36,
                                                          "ID": 38,
                                                          "left": 39
                                                        }
                                                      ],
                                                      "parent": 35,
                                                      "ID": 36,
                                                      "left": 37,
                                                      "right": 38
                                                    },
                                                    {
                                                      "Node Type": "Hash",
                                                      "Parent Relationship": "Inner",
                                                      "Parallel Aware": true,
                                                      "Async Capable": false,
                                                      "Startup Cost": 7495.25,
                                                      "Total Cost": 7495.25,
                                                      "Plan Rows": 4350,
                                                      "Plan Width": 4,
                                                      "Plans": [
                                                        {
                                                          "Node Type": "Seq Scan",
                                                          "Parent Relationship": "Outer",
                                                          "Parallel Aware": true,
                                                          "Async Capable": false,
                                                          "Relation Name": "item",
                                                          "Alias": "item_1",
                                                          "Startup Cost": 0.0,
                                                          "Total Cost": 7495.25,
                                                          "Plan Rows": 4350,
                                                          "Plan Width": 4,
                                                          "Filter": "(i_category = 'Sports'::bpchar)",
                                                          "parent": 40,
                                                          "ID": 41
                                                        }
                                                      ],
                                                      "parent": 35,
                                                      "ID": 40,
                                                      "left": 41
                                                    }
                                                  ],
                                                  "parent": 34,
                                                  "ID": 35,
                                                  "left": 36,
                                                  "right": 40
                                                },
                                                {
                                                  "Node Type": "Hash",
                                                  "Parent Relationship": "Inner",
                                                  "Parallel Aware": false,
                                                  "Async Capable": false,
                                                  "Startup Cost": 6.28,
                                                  "Total Cost": 6.28,
                                                  "Plan Rows": 71,
                                                  "Plan Width": 4,
                                                  "Plans": [
                                                    {
                                                      "Node Type": "Seq Scan",
                                                      "Parent Relationship": "Outer",
                                                      "Parallel Aware": false,
                                                      "Async Capable": false,
                                                      "Relation Name": "store",
                                                      "Alias": "store_1",
                                                      "Startup Cost": 0.0,
                                                      "Total Cost": 6.28,
                                                      "Plan Rows": 71,
                                                      "Plan Width": 4,
                                                      "Filter": "(s_gmt_offset = '-6'::numeric)",
                                                      "parent": 42,
                                                      "ID": 43
                                                    }
                                                  ],
                                                  "parent": 34,
                                                  "ID": 42,
                                                  "left": 43
                                                }
                                              ],
                                              "parent": 33,
                                              "ID": 34,
                                              "left": 35,
                                              "right": 42
                                            }
                                          ],
                                          "parent": 31,
                                          "ID": 33,
                                          "left": 34
                                        }
                                      ],
                                      "parent": 30,
                                      "ID": 31,
                                      "left": 32,
                                      "right": 33
                                    }
                                  ],
                                  "parent": 28,
                                  "ID": 30,
                                  "left": 31
                                }
                              ],
                              "parent": 27,
                              "ID": 28,
                              "left": 29,
                              "right": 30
                            }
                          ],
                          "parent": 26,
                          "ID": 27,
                          "left": 28
                        }
                      ],
                      "parent": 25,
                      "ID": 26,
                      "left": 27
                    }
                  ],
                  "parent": 2,
                  "ID": 25,
                  "left": 26
                }
              ],
              "parent": 1,
              "ID": 2,
              "left": 3,
              "right": 25
            }
          ],
          "parent": 0,
          "ID": 1,
          "left": 2
        }
      ],
      "parent": null,
      "ID": 0,
      "left": 1
    },
    "feat": {
      "utility": 7.561723655794975e-06,
      "query_shape": [
        [
          "Seq Scan",
          "Hash Join",
          "Aggregate",
          "Gather",
          "Nested Loop",
          "Sort"
        ],
        [
          "Seq Scan",
          "Hash Join",
          "Hash",
          "Aggregate",
          "Gather",
          "Nested Loop",
          "Sort"
        ],
        [
          "Seq Scan",
          "Hash Join",
          "Hash",
          "Aggregate",
          "Gather",
          "Nested Loop",
          "Sort"
        ],
        [
          "Seq Scan",
          "Hash",
          "Hash Join",
          "Aggregate",
          "Gather",
          "Nested Loop",
          "Sort"
        ],
        [
          "Seq Scan",
          "Hash",
          "Hash Join",
          "Aggregate",
          "Gather",
          "Nested Loop",
          "Sort"
        ],
        [
          "Seq Scan",
          "Hash",
          "Hash Join",
          "Aggregate",
          "Gather",
          "Nested Loop",
          "Sort"
        ],
        [
          "Seq Scan",
          "Hash",
          "Hash Join",
          "Aggregate",
          "Gather",
          "Nested Loop",
          "Sort"
        ],
        [
          "Seq Scan",
          "Hash Join",
          "Aggregate",
          "Gather",
          "Nested Loop",
          "Sort"
        ],
        [
          "Seq Scan",
          "Hash Join",
          "Hash",
          "Aggregate",
          "Gather",
          "Nested Loop",
          "Sort"
        ],
        [
          "Seq Scan",
          "Hash Join",
          "Hash",
          "Aggregate",
          "Gather",
          "Nested Loop",
          "Sort"
        ],
        [
          "Seq Scan",
          "Hash",
          "Hash Join",
          "Aggregate",
          "Gather",
          "Nested Loop",
          "Sort"
        ],
        [
          "Seq Scan",
          "Hash",
          "Hash Join",
          "Aggregate",
          "Gather",
          "Nested Loop",
          "Sort"
        ],
        [
          "Seq Scan",
          "Hash",
          "Hash Join",
          "Aggregate",
          "Gather",
          "Nested Loop",
          "Sort"
        ]
      ],
      "index_shape": [
        "selection"
      ],
      "physical_operator": {
        "Seq Scan": [
          0.502
        ]
      }
    }
  },
  {
    "query": "select  promotions,total,cast(promotions as decimal(15,4))/cast(total as decimal(15,4))*100\nfrom\n  (select sum(ss_ext_sales_price) promotions\n   from  store_sales\n        ,store\n        ,promotion\n        ,date_dim\n        ,customer\n        ,customer_address \n        ,item\n   where ss_sold_date_sk = d_date_sk\n   and   ss_store_sk = s_store_sk\n   and   ss_promo_sk = p_promo_sk\n   and   ss_customer_sk= c_customer_sk\n   and   ca_address_sk = c_current_addr_sk\n   and   ss_item_sk = i_item_sk \n   and   ca_gmt_offset = -6\n   and   i_category = 'Sports'\n   and   (p_channel_dmail = 'Y' or p_channel_email = 'Y' or p_channel_tv = 'Y')\n   and   s_gmt_offset = -6\n   and   d_year = 1999\n   and   d_moy  = 12) promotional_sales,\n  (select sum(ss_ext_sales_price) total\n   from  store_sales\n        ,store\n        ,date_dim\n        ,customer\n        ,customer_address\n        ,item\n   where ss_sold_date_sk = d_date_sk\n   and   ss_store_sk = s_store_sk\n   and   ss_customer_sk= c_customer_sk\n   and   ca_address_sk = c_current_addr_sk\n   and   ss_item_sk = i_item_sk\n   and   ca_gmt_offset = -6\n   and   i_category = 'Sports'\n   and   s_gmt_offset = -6\n   and   d_year = 1999\n   and   d_moy  = 12) all_sales\norder by promotions, total\nlimit 100;\n\n-- end query 45 in stream 1 using template query61.tpl\n",
    "indexes": "customer.c_customer_sk",
    "wo plan est": {
      "Node Type": "Limit",
      "Parallel Aware": false,
      "Async Capable": false,
      "Startup Cost": 1432411.5,
      "Total Cost": 1432411.51,
      "Plan Rows": 1,
      "Plan Width": 96,
      "Plans": [
        {
          "Node Type": "Sort",
          "Parent Relationship": "Outer",
          "Parallel Aware": false,
          "Async Capable": false,
          "Startup Cost": 1432411.5,
          "Total Cost": 1432411.51,
          "Plan Rows": 1,
          "Plan Width": 96,
          "Sort Key": [
            "(sum(store_sales.ss_ext_sales_price))",
            "(sum(store_sales_1.ss_ext_sales_price))"
          ],
          "Plans": [
            {
              "Node Type": "Nested Loop",
              "Parent Relationship": "Outer",
              "Parallel Aware": false,
              "Async Capable": false,
              "Join Type": "Inner",
              "Startup Cost": 1432411.43,
              "Total Cost": 1432411.49,
              "Plan Rows": 1,
              "Plan Width": 96,
              "Inner Unique": false,
              "Plans": [
                {
                  "Node Type": "Aggregate",
                  "Strategy": "Plain",
                  "Partial Mode": "Finalize",
                  "Parent Relationship": "Outer",
                  "Parallel Aware": false,
                  "Async Capable": false,
                  "Startup Cost": 716216.31,
                  "Total Cost": 716216.32,
                  "Plan Rows": 1,
                  "Plan Width": 32,
                  "Plans": [
                    {
                      "Node Type": "Gather",
                      "Parent Relationship": "Outer",
                      "Parallel Aware": false,
                      "Async Capable": false,
                      "Startup Cost": 716216.08,
                      "Total Cost": 716216.29,
                      "Plan Rows": 2,
                      "Plan Width": 32,
                      "Workers Planned": 2,
                      "Single Copy": false,
                      "Plans": [
                        {
                          "Node Type": "Aggregate",
                          "Strategy": "Plain",
                          "Partial Mode": "Partial",
                          "Parent Relationship": "Outer",
                          "Parallel Aware": false,
                          "Async Capable": false,
                          "Startup Cost": 715216.08,
                          "Total Cost": 715216.09,
                          "Plan Rows": 1,
                          "Plan Width": 32,
                          "Plans": [
                            {
                              "Node Type": "Hash Join",
                              "Parent Relationship": "Outer",
                              "Parallel Aware": true,
                              "Async Capable": false,
                              "Join Type": "Inner",
                              "Startup Cost": 708306.5,
                              "Total Cost": 715215.92,
                              "Plan Rows": 65,
                              "Plan Width": 6,
                              "Inner Unique": false,
                              "Hash Cond": "(customer_address.ca_address_sk = customer.c_current_addr_sk)",
                              "Plans": [
                                {
                                  "Node Type": "Seq Scan",
                                  "Parent Relationship": "Outer",
                                  "Parallel Aware": true,
                                  "Async Capable": false,
                                  "Relation Name": "customer_address",
                                  "Alias": "customer_address",
                                  "Startup Cost": 0.0,
                                  "Total Cost": 6737.08,
                                  "Plan Rows": 45885,
                                  "Plan Width": 4,
                                  "Filter": "(ca_gmt_offset = '-6'::numeric)",
                                  "parent": 6,
                                  "ID": 7
                                },
                                {
                                  "Node Type": "Hash",
                                  "Parent Relationship": "Inner",
                                  "Parallel Aware": true,
                                  "Async Capable": false,
                                  "Startup Cost": 708304.67,
                                  "Total Cost": 708304.67,
                                  "Plan Rows": 146,
                                  "Plan Width": 10,
                                  "Plans": [
                                    {
                                      "Node Type": "Hash Join",
                                      "Parent Relationship": "Outer",
                                      "Parallel Aware": true,
                                      "Async Capable": false,
                                      "Join Type": "Inner",
                                      "Startup Cost": 691604.48,
                                      "Total Cost": 708304.67,
                                      "Plan Rows": 146,
                                      "Plan Width": 10,
                                      "Inner Unique": false,
                                      "Hash Cond": "(customer.c_customer_sk = store_sales.ss_customer_sk)",
                                      "Plans": [
                                        {
                                          "Node Type": "Seq Scan",
                                          "Parent Relationship": "Outer",
                                          "Parallel Aware": true,
                                          "Async Capable": false,
                                          "Relation Name": "customer",
                                          "Alias": "customer",
                                          "Startup Cost": 0.0,
                                          "Total Cost": 15918.33,
                                          "Plan Rows": 208333,
                                          "Plan Width": 8,
                                          "parent": 9,
                                          "ID": 10
                                        },
                                        {
                                          "Node Type": "Hash",
                                          "Parent Relationship": "Inner",
                                          "Parallel Aware": true,
                                          "Async Capable": false,
                                          "Startup Cost": 691602.57,
                                          "Total Cost": 691602.57,
                                          "Plan Rows": 153,
                                          "Plan Width": 10,
                                          "Plans": [
                                            {
                                              "Node Type": "Hash Join",
                                              "Parent Relationship": "Outer",
                                              "Parallel Aware": false,
                                              "Async Capable": false,
                                              "Join Type": "Inner",
                                              "Startup Cost": 9631.45,
                                              "Total Cost": 691602.57,
                                              "Plan Rows": 153,
                                              "Plan Width": 10,
                                              "Inner Unique": false,
                                              "Hash Cond": "(store_sales.ss_store_sk = store.s_store_sk)",
                                              "Plans": [
                                                {
                                                  "Node Type": "Hash Join",
                                                  "Parent Relationship": "Outer",
                                                  "Parallel Aware": false,
                                                  "Async Capable": false,
                                                  "Join Type": "Inner",
                                                  "Startup Cost": 9624.29,
                                                  "Total Cost": 691593.01,
                                                  "Plan Rows": 230,
                                                  "Plan Width": 14,
                                                  "Inner Unique": false,
                                                  "Hash Cond": "(store_sales.ss_promo_sk = promotion.p_promo_sk)",
                                                  "Plans": [
                                                    {
                                                      "Node Type": "Hash Join",
                                                      "Parent Relationship": "Outer",
                                                      "Parallel Aware": true,
                                                      "Async Capable": false,
                                                      "Join Type": "Inner",
                                                      "Startup Cost": 9599.4,
                                                      "Total Cost": 691564.02,
                                                      "Plan Rows": 481,
                                                      "Plan Width": 18,
                                                      "Inner Unique": false,
                                                      "Hash Cond": "(store_sales.ss_item_sk = item.i_item_sk)",
                                                      "Plans": [
                                                        {
                                                          "Node Type": "Hash Join",
                                                          "Parent Relationship": "Outer",
                                                          "Parallel Aware": true,
                                                          "Async Capable": false,
                                                          "Join Type": "Inner",
                                                          "Startup Cost": 2049.78,
                                                          "Total Cost": 683994.75,
                                                          "Plan Rows": 4703,
                                                          "Plan Width": 22,
                                                          "Inner Unique": false,
                                                          "Hash Cond": "(store_sales.ss_sold_date_sk = date_dim.d_date_sk)",
                                                          "Plans": [
                                                            {
                                                              "Node Type": "Seq Scan",
                                                              "Parent Relationship": "Outer",
                                                              "Parallel Aware": true,
                                                              "Async Capable": false,
                                                              "Relation Name": "store_sales",
                                                              "Alias": "store_sales",
                                                              "Startup Cost": 0.0,
                                                              "Total Cost": 636914.37,
                                                              "Plan Rows": 12000637,
                                                              "Plan Width": 26,
                                                              "parent": 15,
                                                              "ID": 16
                                                            },
                                                            {
                                                              "Node Type": "Hash",
                                                              "Parent Relationship": "Inner",
                                                              "Parallel Aware": true,
                                                              "Async Capable": false,
                                                              "Startup Cost": 2049.55,
                                                              "Total Cost": 2049.55,
                                                              "Plan Rows": 18,
                                                              "Plan Width": 4,
                                                              "Plans": [
                                                                {
                                                                  "Node Type": "Seq Scan",
                                                                  "Parent Relationship": "Outer",
                                                                  "Parallel Aware": true,
                                                                  "Async Capable": false,
                                                                  "Relation Name": "date_dim",
                                                                  "Alias": "date_dim",
                                                                  "Startup Cost": 0.0,
                                                                  "Total Cost": 2049.55,
                                                                  "Plan Rows": 18,
                                                                  "Plan Width": 4,
                                                                  "Filter": "((d_year = 1999) AND (d_moy = 12))",
                                                                  "parent": 17,
                                                                  "ID": 18
                                                                }
                                                              ],
                                                              "parent": 15,
                                                              "ID": 17,
                                                              "left": 18
                                                            }
                                                          ],
                                                          "parent": 14,
                                                          "ID": 15,
                                                          "left": 16,
                                                          "right": 17
                                                        },
                                                        {
                                                          "Node Type": "Hash",
                                                          "Parent Relationship": "Inner",
                                                          "Parallel Aware": true,
                                                          "Async Capable": false,
                                                          "Startup Cost": 7495.25,
                                                          "Total Cost": 7495.25,
                                                          "Plan Rows": 4350,
                                                          "Plan Width": 4,
                                                          "Plans": [
                                                            {
                                                              "Node Type": "Seq Scan",
                                                              "Parent Relationship": "Outer",
                                                              "Parallel Aware": true,
                                                              "Async Capable": false,
                                                              "Relation Name": "item",
                                                              "Alias": "item",
                                                              "Startup Cost": 0.0,
                                                              "Total Cost": 7495.25,
                                                              "Plan Rows": 4350,
                                                              "Plan Width": 4,
                                                              "Filter": "(i_category = 'Sports'::bpchar)",
                                                              "parent": 19,
                                                              "ID": 20
                                                            }
                                                          ],
                                                          "parent": 14,
                                                          "ID": 19,
                                                          "left": 20
                                                        }
                                                      ],
                                                      "parent": 13,
                                                      "ID": 14,
                                                      "left": 15,
                                                      "right": 19
                                                    },
                                                    {
                                                      "Node Type": "Hash",
                                                      "Parent Relationship": "Inner",
                                                      "Parallel Aware": false,
                                                      "Async Capable": false,
                                                      "Startup Cost": 21.75,
                                                      "Total Cost": 21.75,
                                                      "Plan Rows": 251,
                                                      "Plan Width": 4,
                                                      "Plans": [
                                                        {
                                                          "Node Type": "Seq Scan",
                                                          "Parent Relationship": "Outer",
                                                          "Parallel Aware": false,
                                                          "Async Capable": false,
                                                          "Relation Name": "promotion",
                                                          "Alias": "promotion",
                                                          "Startup Cost": 0.0,
                                                          "Total Cost": 21.75,
                                                          "Plan Rows": 251,
                                                          "Plan Width": 4,
                                                          "Filter": "((p_channel_dmail = 'Y'::bpchar) OR (p_channel_email = 'Y'::bpchar) OR (p_channel_tv = 'Y'::bpchar))",
                                                          "parent": 21,
                                                          "ID": 22
                                                        }
                                                      ],
                                                      "parent": 13,
                                                      "ID": 21,
                                                      "left": 22
                                                    }
                                                  ],
                                                  "parent": 12,
                                                  "ID": 13,
                                                  "left": 14,
                                                  "right": 21
                                                },
                                                {
                                                  "Node Type": "Hash",
                                                  "Parent Relationship": "Inner",
                                                  "Parallel Aware": false,
                                                  "Async Capable": false,
                                                  "Startup Cost": 6.28,
                                                  "Total Cost": 6.28,
                                                  "Plan Rows": 71,
                                                  "Plan Width": 4,
                                                  "Plans": [
                                                    {
                                                      "Node Type": "Seq Scan",
                                                      "Parent Relationship": "Outer",
                                                      "Parallel Aware": false,
                                                      "Async Capable": false,
                                                      "Relation Name": "store",
                                                      "Alias": "store",
                                                      "Startup Cost": 0.0,
                                                      "Total Cost": 6.28,
                                                      "Plan Rows": 71,
                                                      "Plan Width": 4,
                                                      "Filter": "(s_gmt_offset = '-6'::numeric)",
                                                      "parent": 23,
                                                      "ID": 24
                                                    }
                                                  ],
                                                  "parent": 12,
                                                  "ID": 23,
                                                  "left": 24
                                                }
                                              ],
                                              "parent": 11,
                                              "ID": 12,
                                              "left": 13,
                                              "right": 23
                                            }
                                          ],
                                          "parent": 9,
                                          "ID": 11,
                                          "left": 12
                                        }
                                      ],
                                      "parent": 8,
                                      "ID": 9,
                                      "left": 10,
                                      "right": 11
                                    }
                                  ],
                                  "parent": 6,
                                  "ID": 8,
                                  "left": 9
                                }
                              ],
                              "parent": 5,
                              "ID": 6,
                              "left": 7,
                              "right": 8
                            }
                          ],
                          "parent": 4,
                          "ID": 5,
                          "left": 6
                        }
                      ],
                      "parent": 3,
                      "ID": 4,
                      "left": 5
                    }
                  ],
                  "parent": 2,
                  "ID": 3,
                  "left": 4
                },
                {
                  "Node Type": "Aggregate",
                  "Strategy": "Plain",
                  "Partial Mode": "Finalize",
                  "Parent Relationship": "Inner",
                  "Parallel Aware": false,
                  "Async Capable": false,
                  "Startup Cost": 716195.13,
                  "Total Cost": 716195.14,
                  "Plan Rows": 1,
                  "Plan Width": 32,
                  "Plans": [
                    {
                      "Node Type": "Gather",
                      "Parent Relationship": "Outer",
                      "Parallel Aware": false,
                      "Async Capable": false,
                      "Startup Cost": 716194.9,
                      "Total Cost": 716195.11,
                      "Plan Rows": 2,
                      "Plan Width": 32,
                      "Workers Planned": 2,
                      "Single Copy": false,
                      "Plans": [
                        {
                          "Node Type": "Aggregate",
                          "Strategy": "Plain",
                          "Partial Mode": "Partial",
                          "Parent Relationship": "Outer",
                          "Parallel Aware": false,
                          "Async Capable": false,
                          "Startup Cost": 715194.9,
                          "Total Cost": 715194.91,
                          "Plan Rows": 1,
                          "Plan Width": 32,
                          "Plans": [
                            {
                              "Node Type": "Hash Join",
                              "Parent Relationship": "Outer",
                              "Parallel Aware": true,
                              "Async Capable": false,
                              "Join Type": "Inner",
                              "Startup Cost": 708284.85,
                              "Total Cost": 715194.56,
                              "Plan Rows": 135,
                              "Plan Width": 6,
                              "Inner Unique": false,
                              "Hash Cond": "(customer_address_1.ca_address_sk = customer_1.c_current_addr_sk)",
                              "Plans": [
                                {
                                  "Node Type": "Seq Scan",
                                  "Parent Relationship": "Outer",
                                  "Parallel Aware": true,
                                  "Async Capable": false,
                                  "Relation Name": "customer_address",
                                  "Alias": "customer_address_1",
                                  "Startup Cost": 0.0,
                                  "Total Cost": 6737.08,
                                  "Plan Rows": 45885,
                                  "Plan Width": 4,
                                  "Filter": "(ca_gmt_offset = '-6'::numeric)",
                                  "parent": 28,
                                  "ID": 29
                                },
                                {
                                  "Node Type": "Hash",
                                  "Parent Relationship": "Inner",
                                  "Parallel Aware": true,
                                  "Async Capable": false,
                                  "Startup Cost": 708281.04,
                                  "Total Cost": 708281.04,
                                  "Plan Rows": 305,
                                  "Plan Width": 10,
                                  "Plans": [
                                    {
                                      "Node Type": "Hash Join",
                                      "Parent Relationship": "Outer",
                                      "Parallel Aware": true,
                                      "Async Capable": false,
                                      "Join Type": "Inner",
                                      "Startup Cost": 691580.19,
                                      "Total Cost": 708281.04,
                                      "Plan Rows": 305,
                                      "Plan Width": 10,
                                      "Inner Unique": false,
                                      "Hash Cond": "(customer_1.c_customer_sk = store_sales_1.ss_customer_sk)",
                                      "Plans": [
                                        {
                                          "Node Type": "Seq Scan",
                                          "Parent Relationship": "Outer",
                                          "Parallel Aware": true,
                                          "Async Capable": false,
                                          "Relation Name": "customer",
                                          "Alias": "customer_1",
                                          "Startup Cost": 0.0,
                                          "Total Cost": 15918.33,
                                          "Plan Rows": 208333,
                                          "Plan Width": 8,
                                          "parent": 31,
                                          "ID": 32
                                        },
                                        {
                                          "Node Type": "Hash",
                                          "Parent Relationship": "Inner",
                                          "Parallel Aware": true,
                                          "Async Capable": false,
                                          "Startup Cost": 691576.19,
                                          "Total Cost": 691576.19,
                                          "Plan Rows": 320,
                                          "Plan Width": 10,
                                          "Plans": [
                                            {
                                              "Node Type": "Hash Join",
                                              "Parent Relationship": "Outer",
                                              "Parallel Aware": false,
                                              "Async Capable": false,
                                              "Join Type": "Inner",
                                              "Startup Cost": 9606.56,
                                              "Total Cost": 691576.19,
                                              "Plan Rows": 320,
                                              "Plan Width": 10,
                                              "Inner Unique": false,
                                              "Hash Cond": "(store_sales_1.ss_store_sk = store_1.s_store_sk)",
                                              "Plans": [
                                                {
                                                  "Node Type": "Hash Join",
                                                  "Parent Relationship": "Outer",
                                                  "Parallel Aware": true,
                                                  "Async Capable": false,
                                                  "Join Type": "Inner",
                                                  "Startup Cost": 9599.4,
                                                  "Total Cost": 691564.02,
                                                  "Plan Rows": 481,
                                                  "Plan Width": 14,
                                                  "Inner Unique": false,
                                                  "Hash Cond": "(store_sales_1.ss_item_sk = item_1.i_item_sk)",
                                                  "Plans": [
                                                    {
                                                      "Node Type": "Hash Join",
                                                      "Parent Relationship": "Outer",
                                                      "Parallel Aware": true,
                                                      "Async Capable": false,
                                                      "Join Type": "Inner",
                                                      "Startup Cost": 2049.78,
                                                      "Total Cost": 683994.75,
                                                      "Plan Rows": 4703,
                                                      "Plan Width": 18,
                                                      "Inner Unique": false,
                                                      "Hash Cond": "(store_sales_1.ss_sold_date_sk = date_dim_1.d_date_sk)",
                                                      "Plans": [
                                                        {
                                                          "Node Type": "Seq Scan",
                                                          "Parent Relationship": "Outer",
                                                          "Parallel Aware": true,
                                                          "Async Capable": false,
                                                          "Relation Name": "store_sales",
                                                          "Alias": "store_sales_1",
                                                          "Startup Cost": 0.0,
                                                          "Total Cost": 636914.37,
                                                          "Plan Rows": 12000637,
                                                          "Plan Width": 22,
                                                          "parent": 36,
                                                          "ID": 37
                                                        },
                                                        {
                                                          "Node Type": "Hash",
                                                          "Parent Relationship": "Inner",
                                                          "Parallel Aware": true,
                                                          "Async Capable": false,
                                                          "Startup Cost": 2049.55,
                                                          "Total Cost": 2049.55,
                                                          "Plan Rows": 18,
                                                          "Plan Width": 4,
                                                          "Plans": [
                                                            {
                                                              "Node Type": "Seq Scan",
                                                              "Parent Relationship": "Outer",
                                                              "Parallel Aware": true,
                                                              "Async Capable": false,
                                                              "Relation Name": "date_dim",
                                                              "Alias": "date_dim_1",
                                                              "Startup Cost": 0.0,
                                                              "Total Cost": 2049.55,
                                                              "Plan Rows": 18,
                                                              "Plan Width": 4,
                                                              "Filter": "((d_year = 1999) AND (d_moy = 12))",
                                                              "parent": 38,
                                                              "ID": 39
                                                            }
                                                          ],
                                                          "parent": 36,
                                                          "ID": 38,
                                                          "left": 39
                                                        }
                                                      ],
                                                      "parent": 35,
                                                      "ID": 36,
                                                      "left": 37,
                                                      "right": 38
                                                    },
                                                    {
                                                      "Node Type": "Hash",
                                                      "Parent Relationship": "Inner",
                                                      "Parallel Aware": true,
                                                      "Async Capable": false,
                                                      "Startup Cost": 7495.25,
                                                      "Total Cost": 7495.25,
                                                      "Plan Rows": 4350,
                                                      "Plan Width": 4,
                                                      "Plans": [
                                                        {
                                                          "Node Type": "Seq Scan",
                                                          "Parent Relationship": "Outer",
                                                          "Parallel Aware": true,
                                                          "Async Capable": false,
                                                          "Relation Name": "item",
                                                          "Alias": "item_1",
                                                          "Startup Cost": 0.0,
                                                          "Total Cost": 7495.25,
                                                          "Plan Rows": 4350,
                                                          "Plan Width": 4,
                                                          "Filter": "(i_category = 'Sports'::bpchar)",
                                                          "parent": 40,
                                                          "ID": 41
                                                        }
                                                      ],
                                                      "parent": 35,
                                                      "ID": 40,
                                                      "left": 41
                                                    }
                                                  ],
                                                  "parent": 34,
                                                  "ID": 35,
                                                  "left": 36,
                                                  "right": 40
                                                },
                                                {
                                                  "Node Type": "Hash",
                                                  "Parent Relationship": "Inner",
                                                  "Parallel Aware": false,
                                                  "Async Capable": false,
                                                  "Startup Cost": 6.28,
                                                  "Total Cost": 6.28,
                                                  "Plan Rows": 71,
                                                  "Plan Width": 4,
                                                  "Plans": [
                                                    {
                                                      "Node Type": "Seq Scan",
                                                      "Parent Relationship": "Outer",
                                                      "Parallel Aware": false,
                                                      "Async Capable": false,
                                                      "Relation Name": "store",
                                                      "Alias": "store_1",
                                                      "Startup Cost": 0.0,
                                                      "Total Cost": 6.28,
                                                      "Plan Rows": 71,
                                                      "Plan Width": 4,
                                                      "Filter": "(s_gmt_offset = '-6'::numeric)",
                                                      "parent": 42,
                                                      "ID": 43
                                                    }
                                                  ],
                                                  "parent": 34,
                                                  "ID": 42,
                                                  "left": 43
                                                }
                                              ],
                                              "parent": 33,
                                              "ID": 34,
                                              "left": 35,
                                              "right": 42
                                            }
                                          ],
                                          "parent": 31,
                                          "ID": 33,
                                          "left": 34
                                        }
                                      ],
                                      "parent": 30,
                                      "ID": 31,
                                      "left": 32,
                                      "right": 33
                                    }
                                  ],
                                  "parent": 28,
                                  "ID": 30,
                                  "left": 31
                                }
                              ],
                              "parent": 27,
                              "ID": 28,
                              "left": 29,
                              "right": 30
                            }
                          ],
                          "parent": 26,
                          "ID": 27,
                          "left": 28
                        }
                      ],
                      "parent": 25,
                      "ID": 26,
                      "left": 27
                    }
                  ],
                  "parent": 2,
                  "ID": 25,
                  "left": 26
                }
              ],
              "parent": 1,
              "ID": 2,
              "left": 3,
              "right": 25
            }
          ],
          "parent": 0,
          "ID": 1,
          "left": 2
        }
      ],
      "parent": null,
      "ID": 0,
      "left": 1
    },
    "feat": {
      "utility": 8.749669407122277e-06,
      "query_shape": [
        [
          "Seq Scan",
          "Hash Join",
          "Aggregate",
          "Gather",
          "Nested Loop",
          "Sort"
        ],
        [
          "Seq Scan",
          "Hash Join",
          "Hash",
          "Aggregate",
          "Gather",
          "Nested Loop",
          "Sort"
        ],
        [
          "Seq Scan",
          "Hash Join",
          "Hash",
          "Aggregate",
          "Gather",
          "Nested Loop",
          "Sort"
        ],
        [
          "Seq Scan",
          "Hash",
          "Hash Join",
          "Aggregate",
          "Gather",
          "Nested Loop",
          "Sort"
        ],
        [
          "Seq Scan",
          "Hash",
          "Hash Join",
          "Aggregate",
          "Gather",
          "Nested Loop",
          "Sort"
        ],
        [
          "Seq Scan",
          "Hash",
          "Hash Join",
          "Aggregate",
          "Gather",
          "Nested Loop",
          "Sort"
        ],
        [
          "Seq Scan",
          "Hash",
          "Hash Join",
          "Aggregate",
          "Gather",
          "Nested Loop",
          "Sort"
        ],
        [
          "Seq Scan",
          "Hash Join",
          "Aggregate",
          "Gather",
          "Nested Loop",
          "Sort"
        ],
        [
          "Seq Scan",
          "Hash Join",
          "Hash",
          "Aggregate",
          "Gather",
          "Nested Loop",
          "Sort"
        ],
        [
          "Seq Scan",
          "Hash Join",
          "Hash",
          "Aggregate",
          "Gather",
          "Nested Loop",
          "Sort"
        ],
        [
          "Seq Scan",
          "Hash",
          "Hash Join",
          "Aggregate",
          "Gather",
          "Nested Loop",
          "Sort"
        ],
        [
          "Seq Scan",
          "Hash",
          "Hash Join",
          "Aggregate",
          "Gather",
          "Nested Loop",
          "Sort"
        ],
        [
          "Seq Scan",
          "Hash",
          "Hash Join",
          "Aggregate",
          "Gather",
          "Nested Loop",
          "Sort"
        ]
      ],
      "index_shape": [
        "join"
      ],
      "physical_operator": {
        "Hash Join": [
          0.0021401867875262483,
          0.002138926674762768
        ]
      }
    }
  },
  {
    "query": "select  promotions,total,cast(promotions as decimal(15,4))/cast(total as decimal(15,4))*100\nfrom\n  (select sum(ss_ext_sales_price) promotions\n   from  store_sales\n        ,store\n        ,promotion\n        ,date_dim\n        ,customer\n        ,customer_address \n        ,item\n   where ss_sold_date_sk = d_date_sk\n   and   ss_store_sk = s_store_sk\n   and   ss_promo_sk = p_promo_sk\n   and   ss_customer_sk= c_customer_sk\n   and   ca_address_sk = c_current_addr_sk\n   and   ss_item_sk = i_item_sk \n   and   ca_gmt_offset = -6\n   and   i_category = 'Sports'\n   and   (p_channel_dmail = 'Y' or p_channel_email = 'Y' or p_channel_tv = 'Y')\n   and   s_gmt_offset = -6\n   and   d_year = 1999\n   and   d_moy  = 12) promotional_sales,\n  (select sum(ss_ext_sales_price) total\n   from  store_sales\n        ,store\n        ,date_dim\n        ,customer\n        ,customer_address\n        ,item\n   where ss_sold_date_sk = d_date_sk\n   and   ss_store_sk = s_store_sk\n   and   ss_customer_sk= c_customer_sk\n   and   ca_address_sk = c_current_addr_sk\n   and   ss_item_sk = i_item_sk\n   and   ca_gmt_offset = -6\n   and   i_category = 'Sports'\n   and   s_gmt_offset = -6\n   and   d_year = 1999\n   and   d_moy  = 12) all_sales\norder by promotions, total\nlimit 100;\n\n-- end query 45 in stream 1 using template query61.tpl\n",
    "indexes": "customer.c_current_addr_sk",
    "wo plan est": {
      "Node Type": "Limit",
      "Parallel Aware": false,
      "Async Capable": false,
      "Startup Cost": 1432411.5,
      "Total Cost": 1432411.51,
      "Plan Rows": 1,
      "Plan Width": 96,
      "Plans": [
        {
          "Node Type": "Sort",
          "Parent Relationship": "Outer",
          "Parallel Aware": false,
          "Async Capable": false,
          "Startup Cost": 1432411.5,
          "Total Cost": 1432411.51,
          "Plan Rows": 1,
          "Plan Width": 96,
          "Sort Key": [
            "(sum(store_sales.ss_ext_sales_price))",
            "(sum(store_sales_1.ss_ext_sales_price))"
          ],
          "Plans": [
            {
              "Node Type": "Nested Loop",
              "Parent Relationship": "Outer",
              "Parallel Aware": false,
              "Async Capable": false,
              "Join Type": "Inner",
              "Startup Cost": 1432411.43,
              "Total Cost": 1432411.49,
              "Plan Rows": 1,
              "Plan Width": 96,
              "Inner Unique": false,
              "Plans": [
                {
                  "Node Type": "Aggregate",
                  "Strategy": "Plain",
                  "Partial Mode": "Finalize",
                  "Parent Relationship": "Outer",
                  "Parallel Aware": false,
                  "Async Capable": false,
                  "Startup Cost": 716216.31,
                  "Total Cost": 716216.32,
                  "Plan Rows": 1,
                  "Plan Width": 32,
                  "Plans": [
                    {
                      "Node Type": "Gather",
                      "Parent Relationship": "Outer",
                      "Parallel Aware": false,
                      "Async Capable": false,
                      "Startup Cost": 716216.08,
                      "Total Cost": 716216.29,
                      "Plan Rows": 2,
                      "Plan Width": 32,
                      "Workers Planned": 2,
                      "Single Copy": false,
                      "Plans": [
                        {
                          "Node Type": "Aggregate",
                          "Strategy": "Plain",
                          "Partial Mode": "Partial",
                          "Parent Relationship": "Outer",
                          "Parallel Aware": false,
                          "Async Capable": false,
                          "Startup Cost": 715216.08,
                          "Total Cost": 715216.09,
                          "Plan Rows": 1,
                          "Plan Width": 32,
                          "Plans": [
                            {
                              "Node Type": "Hash Join",
                              "Parent Relationship": "Outer",
                              "Parallel Aware": true,
                              "Async Capable": false,
                              "Join Type": "Inner",
                              "Startup Cost": 708306.5,
                              "Total Cost": 715215.92,
                              "Plan Rows": 65,
                              "Plan Width": 6,
                              "Inner Unique": false,
                              "Hash Cond": "(customer_address.ca_address_sk = customer.c_current_addr_sk)",
                              "Plans": [
                                {
                                  "Node Type": "Seq Scan",
                                  "Parent Relationship": "Outer",
                                  "Parallel Aware": true,
                                  "Async Capable": false,
                                  "Relation Name": "customer_address",
                                  "Alias": "customer_address",
                                  "Startup Cost": 0.0,
                                  "Total Cost": 6737.08,
                                  "Plan Rows": 45885,
                                  "Plan Width": 4,
                                  "Filter": "(ca_gmt_offset = '-6'::numeric)",
                                  "parent": 6,
                                  "ID": 7
                                },
                                {
                                  "Node Type": "Hash",
                                  "Parent Relationship": "Inner",
                                  "Parallel Aware": true,
                                  "Async Capable": false,
                                  "Startup Cost": 708304.67,
                                  "Total Cost": 708304.67,
                                  "Plan Rows": 146,
                                  "Plan Width": 10,
                                  "Plans": [
                                    {
                                      "Node Type": "Hash Join",
                                      "Parent Relationship": "Outer",
                                      "Parallel Aware": true,
                                      "Async Capable": false,
                                      "Join Type": "Inner",
                                      "Startup Cost": 691604.48,
                                      "Total Cost": 708304.67,
                                      "Plan Rows": 146,
                                      "Plan Width": 10,
                                      "Inner Unique": false,
                                      "Hash Cond": "(customer.c_customer_sk = store_sales.ss_customer_sk)",
                                      "Plans": [
                                        {
                                          "Node Type": "Seq Scan",
                                          "Parent Relationship": "Outer",
                                          "Parallel Aware": true,
                                          "Async Capable": false,
                                          "Relation Name": "customer",
                                          "Alias": "customer",
                                          "Startup Cost": 0.0,
                                          "Total Cost": 15918.33,
                                          "Plan Rows": 208333,
                                          "Plan Width": 8,
                                          "parent": 9,
                                          "ID": 10
                                        },
                                        {
                                          "Node Type": "Hash",
                                          "Parent Relationship": "Inner",
                                          "Parallel Aware": true,
                                          "Async Capable": false,
                                          "Startup Cost": 691602.57,
                                          "Total Cost": 691602.57,
                                          "Plan Rows": 153,
                                          "Plan Width": 10,
                                          "Plans": [
                                            {
                                              "Node Type": "Hash Join",
                                              "Parent Relationship": "Outer",
                                              "Parallel Aware": false,
                                              "Async Capable": false,
                                              "Join Type": "Inner",
                                              "Startup Cost": 9631.45,
                                              "Total Cost": 691602.57,
                                              "Plan Rows": 153,
                                              "Plan Width": 10,
                                              "Inner Unique": false,
                                              "Hash Cond": "(store_sales.ss_store_sk = store.s_store_sk)",
                                              "Plans": [
                                                {
                                                  "Node Type": "Hash Join",
                                                  "Parent Relationship": "Outer",
                                                  "Parallel Aware": false,
                                                  "Async Capable": false,
                                                  "Join Type": "Inner",
                                                  "Startup Cost": 9624.29,
                                                  "Total Cost": 691593.01,
                                                  "Plan Rows": 230,
                                                  "Plan Width": 14,
                                                  "Inner Unique": false,
                                                  "Hash Cond": "(store_sales.ss_promo_sk = promotion.p_promo_sk)",
                                                  "Plans": [
                                                    {
                                                      "Node Type": "Hash Join",
                                                      "Parent Relationship": "Outer",
                                                      "Parallel Aware": true,
                                                      "Async Capable": false,
                                                      "Join Type": "Inner",
                                                      "Startup Cost": 9599.4,
                                                      "Total Cost": 691564.02,
                                                      "Plan Rows": 481,
                                                      "Plan Width": 18,
                                                      "Inner Unique": false,
                                                      "Hash Cond": "(store_sales.ss_item_sk = item.i_item_sk)",
                                                      "Plans": [
                                                        {
                                                          "Node Type": "Hash Join",
                                                          "Parent Relationship": "Outer",
                                                          "Parallel Aware": true,
                                                          "Async Capable": false,
                                                          "Join Type": "Inner",
                                                          "Startup Cost": 2049.78,
                                                          "Total Cost": 683994.75,
                                                          "Plan Rows": 4703,
                                                          "Plan Width": 22,
                                                          "Inner Unique": false,
                                                          "Hash Cond": "(store_sales.ss_sold_date_sk = date_dim.d_date_sk)",
                                                          "Plans": [
                                                            {
                                                              "Node Type": "Seq Scan",
                                                              "Parent Relationship": "Outer",
                                                              "Parallel Aware": true,
                                                              "Async Capable": false,
                                                              "Relation Name": "store_sales",
                                                              "Alias": "store_sales",
                                                              "Startup Cost": 0.0,
                                                              "Total Cost": 636914.37,
                                                              "Plan Rows": 12000637,
                                                              "Plan Width": 26,
                                                              "parent": 15,
                                                              "ID": 16
                                                            },
                                                            {
                                                              "Node Type": "Hash",
                                                              "Parent Relationship": "Inner",
                                                              "Parallel Aware": true,
                                                              "Async Capable": false,
                                                              "Startup Cost": 2049.55,
                                                              "Total Cost": 2049.55,
                                                              "Plan Rows": 18,
                                                              "Plan Width": 4,
                                                              "Plans": [
                                                                {
                                                                  "Node Type": "Seq Scan",
                                                                  "Parent Relationship": "Outer",
                                                                  "Parallel Aware": true,
                                                                  "Async Capable": false,
                                                                  "Relation Name": "date_dim",
                                                                  "Alias": "date_dim",
                                                                  "Startup Cost": 0.0,
                                                                  "Total Cost": 2049.55,
                                                                  "Plan Rows": 18,
                                                                  "Plan Width": 4,
                                                                  "Filter": "((d_year = 1999) AND (d_moy = 12))",
                                                                  "parent": 17,
                                                                  "ID": 18
                                                                }
                                                              ],
                                                              "parent": 15,
                                                              "ID": 17,
                                                              "left": 18
                                                            }
                                                          ],
                                                          "parent": 14,
                                                          "ID": 15,
                                                          "left": 16,
                                                          "right": 17
                                                        },
                                                        {
                                                          "Node Type": "Hash",
                                                          "Parent Relationship": "Inner",
                                                          "Parallel Aware": true,
                                                          "Async Capable": false,
                                                          "Startup Cost": 7495.25,
                                                          "Total Cost": 7495.25,
                                                          "Plan Rows": 4350,
                                                          "Plan Width": 4,
                                                          "Plans": [
                                                            {
                                                              "Node Type": "Seq Scan",
                                                              "Parent Relationship": "Outer",
                                                              "Parallel Aware": true,
                                                              "Async Capable": false,
                                                              "Relation Name": "item",
                                                              "Alias": "item",
                                                              "Startup Cost": 0.0,
                                                              "Total Cost": 7495.25,
                                                              "Plan Rows": 4350,
                                                              "Plan Width": 4,
                                                              "Filter": "(i_category = 'Sports'::bpchar)",
                                                              "parent": 19,
                                                              "ID": 20
                                                            }
                                                          ],
                                                          "parent": 14,
                                                          "ID": 19,
                                                          "left": 20
                                                        }
                                                      ],
                                                      "parent": 13,
                                                      "ID": 14,
                                                      "left": 15,
                                                      "right": 19
                                                    },
                                                    {
                                                      "Node Type": "Hash",
                                                      "Parent Relationship": "Inner",
                                                      "Parallel Aware": false,
                                                      "Async Capable": false,
                                                      "Startup Cost": 21.75,
                                                      "Total Cost": 21.75,
                                                      "Plan Rows": 251,
                                                      "Plan Width": 4,
                                                      "Plans": [
                                                        {
                                                          "Node Type": "Seq Scan",
                                                          "Parent Relationship": "Outer",
                                                          "Parallel Aware": false,
                                                          "Async Capable": false,
                                                          "Relation Name": "promotion",
                                                          "Alias": "promotion",
                                                          "Startup Cost": 0.0,
                                                          "Total Cost": 21.75,
                                                          "Plan Rows": 251,
                                                          "Plan Width": 4,
                                                          "Filter": "((p_channel_dmail = 'Y'::bpchar) OR (p_channel_email = 'Y'::bpchar) OR (p_channel_tv = 'Y'::bpchar))",
                                                          "parent": 21,
                                                          "ID": 22
                                                        }
                                                      ],
                                                      "parent": 13,
                                                      "ID": 21,
                                                      "left": 22
                                                    }
                                                  ],
                                                  "parent": 12,
                                                  "ID": 13,
                                                  "left": 14,
                                                  "right": 21
                                                },
                                                {
                                                  "Node Type": "Hash",
                                                  "Parent Relationship": "Inner",
                                                  "Parallel Aware": false,
                                                  "Async Capable": false,
                                                  "Startup Cost": 6.28,
                                                  "Total Cost": 6.28,
                                                  "Plan Rows": 71,
                                                  "Plan Width": 4,
                                                  "Plans": [
                                                    {
                                                      "Node Type": "Seq Scan",
                                                      "Parent Relationship": "Outer",
                                                      "Parallel Aware": false,
                                                      "Async Capable": false,
                                                      "Relation Name": "store",
                                                      "Alias": "store",
                                                      "Startup Cost": 0.0,
                                                      "Total Cost": 6.28,
                                                      "Plan Rows": 71,
                                                      "Plan Width": 4,
                                                      "Filter": "(s_gmt_offset = '-6'::numeric)",
                                                      "parent": 23,
                                                      "ID": 24
                                                    }
                                                  ],
                                                  "parent": 12,
                                                  "ID": 23,
                                                  "left": 24
                                                }
                                              ],
                                              "parent": 11,
                                              "ID": 12,
                                              "left": 13,
                                              "right": 23
                                            }
                                          ],
                                          "parent": 9,
                                          "ID": 11,
                                          "left": 12
                                        }
                                      ],
                                      "parent": 8,
                                      "ID": 9,
                                      "left": 10,
                                      "right": 11
                                    }
                                  ],
                                  "parent": 6,
                                  "ID": 8,
                                  "left": 9
                                }
                              ],
                              "parent": 5,
                              "ID": 6,
                              "left": 7,
                              "right": 8
                            }
                          ],
                          "parent": 4,
                          "ID": 5,
                          "left": 6
                        }
                      ],
                      "parent": 3,
                      "ID": 4,
                      "left": 5
                    }
                  ],
                  "parent": 2,
                  "ID": 3,
                  "left": 4
                },
                {
                  "Node Type": "Aggregate",
                  "Strategy": "Plain",
                  "Partial Mode": "Finalize",
                  "Parent Relationship": "Inner",
                  "Parallel Aware": false,
                  "Async Capable": false,
                  "Startup Cost": 716195.13,
                  "Total Cost": 716195.14,
                  "Plan Rows": 1,
                  "Plan Width": 32,
                  "Plans": [
                    {
                      "Node Type": "Gather",
                      "Parent Relationship": "Outer",
                      "Parallel Aware": false,
                      "Async Capable": false,
                      "Startup Cost": 716194.9,
                      "Total Cost": 716195.11,
                      "Plan Rows": 2,
                      "Plan Width": 32,
                      "Workers Planned": 2,
                      "Single Copy": false,
                      "Plans": [
                        {
                          "Node Type": "Aggregate",
                          "Strategy": "Plain",
                          "Partial Mode": "Partial",
                          "Parent Relationship": "Outer",
                          "Parallel Aware": false,
                          "Async Capable": false,
                          "Startup Cost": 715194.9,
                          "Total Cost": 715194.91,
                          "Plan Rows": 1,
                          "Plan Width": 32,
                          "Plans": [
                            {
                              "Node Type": "Hash Join",
                              "Parent Relationship": "Outer",
                              "Parallel Aware": true,
                              "Async Capable": false,
                              "Join Type": "Inner",
                              "Startup Cost": 708284.85,
                              "Total Cost": 715194.56,
                              "Plan Rows": 135,
                              "Plan Width": 6,
                              "Inner Unique": false,
                              "Hash Cond": "(customer_address_1.ca_address_sk = customer_1.c_current_addr_sk)",
                              "Plans": [
                                {
                                  "Node Type": "Seq Scan",
                                  "Parent Relationship": "Outer",
                                  "Parallel Aware": true,
                                  "Async Capable": false,
                                  "Relation Name": "customer_address",
                                  "Alias": "customer_address_1",
                                  "Startup Cost": 0.0,
                                  "Total Cost": 6737.08,
                                  "Plan Rows": 45885,
                                  "Plan Width": 4,
                                  "Filter": "(ca_gmt_offset = '-6'::numeric)",
                                  "parent": 28,
                                  "ID": 29
                                },
                                {
                                  "Node Type": "Hash",
                                  "Parent Relationship": "Inner",
                                  "Parallel Aware": true,
                                  "Async Capable": false,
                                  "Startup Cost": 708281.04,
                                  "Total Cost": 708281.04,
                                  "Plan Rows": 305,
                                  "Plan Width": 10,
                                  "Plans": [
                                    {
                                      "Node Type": "Hash Join",
                                      "Parent Relationship": "Outer",
                                      "Parallel Aware": true,
                                      "Async Capable": false,
                                      "Join Type": "Inner",
                                      "Startup Cost": 691580.19,
                                      "Total Cost": 708281.04,
                                      "Plan Rows": 305,
                                      "Plan Width": 10,
                                      "Inner Unique": false,
                                      "Hash Cond": "(customer_1.c_customer_sk = store_sales_1.ss_customer_sk)",
                                      "Plans": [
                                        {
                                          "Node Type": "Seq Scan",
                                          "Parent Relationship": "Outer",
                                          "Parallel Aware": true,
                                          "Async Capable": false,
                                          "Relation Name": "customer",
                                          "Alias": "customer_1",
                                          "Startup Cost": 0.0,
                                          "Total Cost": 15918.33,
                                          "Plan Rows": 208333,
                                          "Plan Width": 8,
                                          "parent": 31,
                                          "ID": 32
                                        },
                                        {
                                          "Node Type": "Hash",
                                          "Parent Relationship": "Inner",
                                          "Parallel Aware": true,
                                          "Async Capable": false,
                                          "Startup Cost": 691576.19,
                                          "Total Cost": 691576.19,
                                          "Plan Rows": 320,
                                          "Plan Width": 10,
                                          "Plans": [
                                            {
                                              "Node Type": "Hash Join",
                                              "Parent Relationship": "Outer",
                                              "Parallel Aware": false,
                                              "Async Capable": false,
                                              "Join Type": "Inner",
                                              "Startup Cost": 9606.56,
                                              "Total Cost": 691576.19,
                                              "Plan Rows": 320,
                                              "Plan Width": 10,
                                              "Inner Unique": false,
                                              "Hash Cond": "(store_sales_1.ss_store_sk = store_1.s_store_sk)",
                                              "Plans": [
                                                {
                                                  "Node Type": "Hash Join",
                                                  "Parent Relationship": "Outer",
                                                  "Parallel Aware": true,
                                                  "Async Capable": false,
                                                  "Join Type": "Inner",
                                                  "Startup Cost": 9599.4,
                                                  "Total Cost": 691564.02,
                                                  "Plan Rows": 481,
                                                  "Plan Width": 14,
                                                  "Inner Unique": false,
                                                  "Hash Cond": "(store_sales_1.ss_item_sk = item_1.i_item_sk)",
                                                  "Plans": [
                                                    {
                                                      "Node Type": "Hash Join",
                                                      "Parent Relationship": "Outer",
                                                      "Parallel Aware": true,
                                                      "Async Capable": false,
                                                      "Join Type": "Inner",
                                                      "Startup Cost": 2049.78,
                                                      "Total Cost": 683994.75,
                                                      "Plan Rows": 4703,
                                                      "Plan Width": 18,
                                                      "Inner Unique": false,
                                                      "Hash Cond": "(store_sales_1.ss_sold_date_sk = date_dim_1.d_date_sk)",
                                                      "Plans": [
                                                        {
                                                          "Node Type": "Seq Scan",
                                                          "Parent Relationship": "Outer",
                                                          "Parallel Aware": true,
                                                          "Async Capable": false,
                                                          "Relation Name": "store_sales",
                                                          "Alias": "store_sales_1",
                                                          "Startup Cost": 0.0,
                                                          "Total Cost": 636914.37,
                                                          "Plan Rows": 12000637,
                                                          "Plan Width": 22,
                                                          "parent": 36,
                                                          "ID": 37
                                                        },
                                                        {
                                                          "Node Type": "Hash",
                                                          "Parent Relationship": "Inner",
                                                          "Parallel Aware": true,
                                                          "Async Capable": false,
                                                          "Startup Cost": 2049.55,
                                                          "Total Cost": 2049.55,
                                                          "Plan Rows": 18,
                                                          "Plan Width": 4,
                                                          "Plans": [
                                                            {
                                                              "Node Type": "Seq Scan",
                                                              "Parent Relationship": "Outer",
                                                              "Parallel Aware": true,
                                                              "Async Capable": false,
                                                              "Relation Name": "date_dim",
                                                              "Alias": "date_dim_1",
                                                              "Startup Cost": 0.0,
                                                              "Total Cost": 2049.55,
                                                              "Plan Rows": 18,
                                                              "Plan Width": 4,
                                                              "Filter": "((d_year = 1999) AND (d_moy = 12))",
                                                              "parent": 38,
                                                              "ID": 39
                                                            }
                                                          ],
                                                          "parent": 36,
                                                          "ID": 38,
                                                          "left": 39
                                                        }
                                                      ],
                                                      "parent": 35,
                                                      "ID": 36,
                                                      "left": 37,
                                                      "right": 38
                                                    },
                                                    {
                                                      "Node Type": "Hash",
                                                      "Parent Relationship": "Inner",
                                                      "Parallel Aware": true,
                                                      "Async Capable": false,
                                                      "Startup Cost": 7495.25,
                                                      "Total Cost": 7495.25,
                                                      "Plan Rows": 4350,
                                                      "Plan Width": 4,
                                                      "Plans": [
                                                        {
                                                          "Node Type": "Seq Scan",
                                                          "Parent Relationship": "Outer",
                                                          "Parallel Aware": true,
                                                          "Async Capable": false,
                                                          "Relation Name": "item",
                                                          "Alias": "item_1",
                                                          "Startup Cost": 0.0,
                                                          "Total Cost": 7495.25,
                                                          "Plan Rows": 4350,
                                                          "Plan Width": 4,
                                                          "Filter": "(i_category = 'Sports'::bpchar)",
                                                          "parent": 40,
                                                          "ID": 41
                                                        }
                                                      ],
                                                      "parent": 35,
                                                      "ID": 40,
                                                      "left": 41
                                                    }
                                                  ],
                                                  "parent": 34,
                                                  "ID": 35,
                                                  "left": 36,
                                                  "right": 40
                                                },
                                                {
                                                  "Node Type": "Hash",
                                                  "Parent Relationship": "Inner",
                                                  "Parallel Aware": false,
                                                  "Async Capable": false,
                                                  "Startup Cost": 6.28,
                                                  "Total Cost": 6.28,
                                                  "Plan Rows": 71,
                                                  "Plan Width": 4,
                                                  "Plans": [
                                                    {
                                                      "Node Type": "Seq Scan",
                                                      "Parent Relationship": "Outer",
                                                      "Parallel Aware": false,
                                                      "Async Capable": false,
                                                      "Relation Name": "store",
                                                      "Alias": "store_1",
                                                      "Startup Cost": 0.0,
                                                      "Total Cost": 6.28,
                                                      "Plan Rows": 71,
                                                      "Plan Width": 4,
                                                      "Filter": "(s_gmt_offset = '-6'::numeric)",
                                                      "parent": 42,
                                                      "ID": 43
                                                    }
                                                  ],
                                                  "parent": 34,
                                                  "ID": 42,
                                                  "left": 43
                                                }
                                              ],
                                              "parent": 33,
                                              "ID": 34,
                                              "left": 35,
                                              "right": 42
                                            }
                                          ],
                                          "parent": 31,
                                          "ID": 33,
                                          "left": 34
                                        }
                                      ],
                                      "parent": 30,
                                      "ID": 31,
                                      "left": 32,
                                      "right": 33
                                    }
                                  ],
                                  "parent": 28,
                                  "ID": 30,
                                  "left": 31
                                }
                              ],
                              "parent": 27,
                              "ID": 28,
                              "left": 29,
                              "right": 30
                            }
                          ],
                          "parent": 26,
                          "ID": 27,
                          "left": 28
                        }
                      ],
                      "parent": 25,
                      "ID": 26,
                      "left": 27
                    }
                  ],
                  "parent": 2,
                  "ID": 25,
                  "left": 26
                }
              ],
              "parent": 1,
              "ID": 2,
              "left": 3,
              "right": 25
            }
          ],
          "parent": 0,
          "ID": 1,
          "left": 2
        }
      ],
      "parent": null,
      "ID": 0,
      "left": 1
    },
    "feat": {
      "utility": 8.741156795704331e-06,
      "query_shape": [
        [
          "Seq Scan",
          "Hash Join",
          "Aggregate",
          "Gather",
          "Nested Loop",
          "Sort"
        ],
        [
          "Seq Scan",
          "Hash Join",
          "Hash",
          "Aggregate",
          "Gather",
          "Nested Loop",
          "Sort"
        ],
        [
          "Seq Scan",
          "Hash Join",
          "Hash",
          "Aggregate",
          "Gather",
          "Nested Loop",
          "Sort"
        ],
        [
          "Seq Scan",
          "Hash",
          "Hash Join",
          "Aggregate",
          "Gather",
          "Nested Loop",
          "Sort"
        ],
        [
          "Seq Scan",
          "Hash",
          "Hash Join",
          "Aggregate",
          "Gather",
          "Nested Loop",
          "Sort"
        ],
        [
          "Seq Scan",
          "Hash",
          "Hash Join",
          "Aggregate",
          "Gather",
          "Nested Loop",
          "Sort"
        ],
        [
          "Seq Scan",
          "Hash",
          "Hash Join",
          "Aggregate",
          "Gather",
          "Nested Loop",
          "Sort"
        ],
        [
          "Seq Scan",
          "Hash Join",
          "Aggregate",
          "Gather",
          "Nested Loop",
          "Sort"
        ],
        [
          "Seq Scan",
          "Hash Join",
          "Hash",
          "Aggregate",
          "Gather",
          "Nested Loop",
          "Sort"
        ],
        [
          "Seq Scan",
          "Hash Join",
          "Hash",
          "Aggregate",
          "Gather",
          "Nested Loop",
          "Sort"
        ],
        [
          "Seq Scan",
          "Hash",
          "Hash Join",
          "Aggregate",
          "Gather",
          "Nested Loop",
          "Sort"
        ],
        [
          "Seq Scan",
          "Hash",
          "Hash Join",
          "Aggregate",
          "Gather",
          "Nested Loop",
          "Sort"
        ],
        [
          "Seq Scan",
          "Hash",
          "Hash Join",
          "Aggregate",
          "Gather",
          "Nested Loop",
          "Sort"
        ]
      ],
      "index_shape": [
        "join"
      ],
      "physical_operator": {
        "Hash Join": [
          0.003114905549055539,
          0.003105858004829362
        ]
      }
    }
  },
  {
    "query": "select  promotions,total,cast(promotions as decimal(15,4))/cast(total as decimal(15,4))*100\nfrom\n  (select sum(ss_ext_sales_price) promotions\n   from  store_sales\n        ,store\n        ,promotion\n        ,date_dim\n        ,customer\n        ,customer_address \n        ,item\n   where ss_sold_date_sk = d_date_sk\n   and   ss_store_sk = s_store_sk\n   and   ss_promo_sk = p_promo_sk\n   and   ss_customer_sk= c_customer_sk\n   and   ca_address_sk = c_current_addr_sk\n   and   ss_item_sk = i_item_sk \n   and   ca_gmt_offset = -6\n   and   i_category = 'Sports'\n   and   (p_channel_dmail = 'Y' or p_channel_email = 'Y' or p_channel_tv = 'Y')\n   and   s_gmt_offset = -6\n   and   d_year = 1999\n   and   d_moy  = 12) promotional_sales,\n  (select sum(ss_ext_sales_price) total\n   from  store_sales\n        ,store\n        ,date_dim\n        ,customer\n        ,customer_address\n        ,item\n   where ss_sold_date_sk = d_date_sk\n   and   ss_store_sk = s_store_sk\n   and   ss_customer_sk= c_customer_sk\n   and   ca_address_sk = c_current_addr_sk\n   and   ss_item_sk = i_item_sk\n   and   ca_gmt_offset = -6\n   and   i_category = 'Sports'\n   and   s_gmt_offset = -6\n   and   d_year = 1999\n   and   d_moy  = 12) all_sales\norder by promotions, total\nlimit 100;\n\n-- end query 45 in stream 1 using template query61.tpl\n",
    "indexes": "customer_address.ca_gmt_offset",
    "wo plan est": {
      "Node Type": "Limit",
      "Parallel Aware": false,
      "Async Capable": false,
      "Startup Cost": 1432411.5,
      "Total Cost": 1432411.51,
      "Plan Rows": 1,
      "Plan Width": 96,
      "Plans": [
        {
          "Node Type": "Sort",
          "Parent Relationship": "Outer",
          "Parallel Aware": false,
          "Async Capable": false,
          "Startup Cost": 1432411.5,
          "Total Cost": 1432411.51,
          "Plan Rows": 1,
          "Plan Width": 96,
          "Sort Key": [
            "(sum(store_sales.ss_ext_sales_price))",
            "(sum(store_sales_1.ss_ext_sales_price))"
          ],
          "Plans": [
            {
              "Node Type": "Nested Loop",
              "Parent Relationship": "Outer",
              "Parallel Aware": false,
              "Async Capable": false,
              "Join Type": "Inner",
              "Startup Cost": 1432411.43,
              "Total Cost": 1432411.49,
              "Plan Rows": 1,
              "Plan Width": 96,
              "Inner Unique": false,
              "Plans": [
                {
                  "Node Type": "Aggregate",
                  "Strategy": "Plain",
                  "Partial Mode": "Finalize",
                  "Parent Relationship": "Outer",
                  "Parallel Aware": false,
                  "Async Capable": false,
                  "Startup Cost": 716216.31,
                  "Total Cost": 716216.32,
                  "Plan Rows": 1,
                  "Plan Width": 32,
                  "Plans": [
                    {
                      "Node Type": "Gather",
                      "Parent Relationship": "Outer",
                      "Parallel Aware": false,
                      "Async Capable": false,
                      "Startup Cost": 716216.08,
                      "Total Cost": 716216.29,
                      "Plan Rows": 2,
                      "Plan Width": 32,
                      "Workers Planned": 2,
                      "Single Copy": false,
                      "Plans": [
                        {
                          "Node Type": "Aggregate",
                          "Strategy": "Plain",
                          "Partial Mode": "Partial",
                          "Parent Relationship": "Outer",
                          "Parallel Aware": false,
                          "Async Capable": false,
                          "Startup Cost": 715216.08,
                          "Total Cost": 715216.09,
                          "Plan Rows": 1,
                          "Plan Width": 32,
                          "Plans": [
                            {
                              "Node Type": "Hash Join",
                              "Parent Relationship": "Outer",
                              "Parallel Aware": true,
                              "Async Capable": false,
                              "Join Type": "Inner",
                              "Startup Cost": 708306.5,
                              "Total Cost": 715215.92,
                              "Plan Rows": 65,
                              "Plan Width": 6,
                              "Inner Unique": false,
                              "Hash Cond": "(customer_address.ca_address_sk = customer.c_current_addr_sk)",
                              "Plans": [
                                {
                                  "Node Type": "Seq Scan",
                                  "Parent Relationship": "Outer",
                                  "Parallel Aware": true,
                                  "Async Capable": false,
                                  "Relation Name": "customer_address",
                                  "Alias": "customer_address",
                                  "Startup Cost": 0.0,
                                  "Total Cost": 6737.08,
                                  "Plan Rows": 45885,
                                  "Plan Width": 4,
                                  "Filter": "(ca_gmt_offset = '-6'::numeric)",
                                  "parent": 6,
                                  "ID": 7
                                },
                                {
                                  "Node Type": "Hash",
                                  "Parent Relationship": "Inner",
                                  "Parallel Aware": true,
                                  "Async Capable": false,
                                  "Startup Cost": 708304.67,
                                  "Total Cost": 708304.67,
                                  "Plan Rows": 146,
                                  "Plan Width": 10,
                                  "Plans": [
                                    {
                                      "Node Type": "Hash Join",
                                      "Parent Relationship": "Outer",
                                      "Parallel Aware": true,
                                      "Async Capable": false,
                                      "Join Type": "Inner",
                                      "Startup Cost": 691604.48,
                                      "Total Cost": 708304.67,
                                      "Plan Rows": 146,
                                      "Plan Width": 10,
                                      "Inner Unique": false,
                                      "Hash Cond": "(customer.c_customer_sk = store_sales.ss_customer_sk)",
                                      "Plans": [
                                        {
                                          "Node Type": "Seq Scan",
                                          "Parent Relationship": "Outer",
                                          "Parallel Aware": true,
                                          "Async Capable": false,
                                          "Relation Name": "customer",
                                          "Alias": "customer",
                                          "Startup Cost": 0.0,
                                          "Total Cost": 15918.33,
                                          "Plan Rows": 208333,
                                          "Plan Width": 8,
                                          "parent": 9,
                                          "ID": 10
                                        },
                                        {
                                          "Node Type": "Hash",
                                          "Parent Relationship": "Inner",
                                          "Parallel Aware": true,
                                          "Async Capable": false,
                                          "Startup Cost": 691602.57,
                                          "Total Cost": 691602.57,
                                          "Plan Rows": 153,
                                          "Plan Width": 10,
                                          "Plans": [
                                            {
                                              "Node Type": "Hash Join",
                                              "Parent Relationship": "Outer",
                                              "Parallel Aware": false,
                                              "Async Capable": false,
                                              "Join Type": "Inner",
                                              "Startup Cost": 9631.45,
                                              "Total Cost": 691602.57,
                                              "Plan Rows": 153,
                                              "Plan Width": 10,
                                              "Inner Unique": false,
                                              "Hash Cond": "(store_sales.ss_store_sk = store.s_store_sk)",
                                              "Plans": [
                                                {
                                                  "Node Type": "Hash Join",
                                                  "Parent Relationship": "Outer",
                                                  "Parallel Aware": false,
                                                  "Async Capable": false,
                                                  "Join Type": "Inner",
                                                  "Startup Cost": 9624.29,
                                                  "Total Cost": 691593.01,
                                                  "Plan Rows": 230,
                                                  "Plan Width": 14,
                                                  "Inner Unique": false,
                                                  "Hash Cond": "(store_sales.ss_promo_sk = promotion.p_promo_sk)",
                                                  "Plans": [
                                                    {
                                                      "Node Type": "Hash Join",
                                                      "Parent Relationship": "Outer",
                                                      "Parallel Aware": true,
                                                      "Async Capable": false,
                                                      "Join Type": "Inner",
                                                      "Startup Cost": 9599.4,
                                                      "Total Cost": 691564.02,
                                                      "Plan Rows": 481,
                                                      "Plan Width": 18,
                                                      "Inner Unique": false,
                                                      "Hash Cond": "(store_sales.ss_item_sk = item.i_item_sk)",
                                                      "Plans": [
                                                        {
                                                          "Node Type": "Hash Join",
                                                          "Parent Relationship": "Outer",
                                                          "Parallel Aware": true,
                                                          "Async Capable": false,
                                                          "Join Type": "Inner",
                                                          "Startup Cost": 2049.78,
                                                          "Total Cost": 683994.75,
                                                          "Plan Rows": 4703,
                                                          "Plan Width": 22,
                                                          "Inner Unique": false,
                                                          "Hash Cond": "(store_sales.ss_sold_date_sk = date_dim.d_date_sk)",
                                                          "Plans": [
                                                            {
                                                              "Node Type": "Seq Scan",
                                                              "Parent Relationship": "Outer",
                                                              "Parallel Aware": true,
                                                              "Async Capable": false,
                                                              "Relation Name": "store_sales",
                                                              "Alias": "store_sales",
                                                              "Startup Cost": 0.0,
                                                              "Total Cost": 636914.37,
                                                              "Plan Rows": 12000637,
                                                              "Plan Width": 26,
                                                              "parent": 15,
                                                              "ID": 16
                                                            },
                                                            {
                                                              "Node Type": "Hash",
                                                              "Parent Relationship": "Inner",
                                                              "Parallel Aware": true,
                                                              "Async Capable": false,
                                                              "Startup Cost": 2049.55,
                                                              "Total Cost": 2049.55,
                                                              "Plan Rows": 18,
                                                              "Plan Width": 4,
                                                              "Plans": [
                                                                {
                                                                  "Node Type": "Seq Scan",
                                                                  "Parent Relationship": "Outer",
                                                                  "Parallel Aware": true,
                                                                  "Async Capable": false,
                                                                  "Relation Name": "date_dim",
                                                                  "Alias": "date_dim",
                                                                  "Startup Cost": 0.0,
                                                                  "Total Cost": 2049.55,
                                                                  "Plan Rows": 18,
                                                                  "Plan Width": 4,
                                                                  "Filter": "((d_year = 1999) AND (d_moy = 12))",
                                                                  "parent": 17,
                                                                  "ID": 18
                                                                }
                                                              ],
                                                              "parent": 15,
                                                              "ID": 17,
                                                              "left": 18
                                                            }
                                                          ],
                                                          "parent": 14,
                                                          "ID": 15,
                                                          "left": 16,
                                                          "right": 17
                                                        },
                                                        {
                                                          "Node Type": "Hash",
                                                          "Parent Relationship": "Inner",
                                                          "Parallel Aware": true,
                                                          "Async Capable": false,
                                                          "Startup Cost": 7495.25,
                                                          "Total Cost": 7495.25,
                                                          "Plan Rows": 4350,
                                                          "Plan Width": 4,
                                                          "Plans": [
                                                            {
                                                              "Node Type": "Seq Scan",
                                                              "Parent Relationship": "Outer",
                                                              "Parallel Aware": true,
                                                              "Async Capable": false,
                                                              "Relation Name": "item",
                                                              "Alias": "item",
                                                              "Startup Cost": 0.0,
                                                              "Total Cost": 7495.25,
                                                              "Plan Rows": 4350,
                                                              "Plan Width": 4,
                                                              "Filter": "(i_category = 'Sports'::bpchar)",
                                                              "parent": 19,
                                                              "ID": 20
                                                            }
                                                          ],
                                                          "parent": 14,
                                                          "ID": 19,
                                                          "left": 20
                                                        }
                                                      ],
                                                      "parent": 13,
                                                      "ID": 14,
                                                      "left": 15,
                                                      "right": 19
                                                    },
                                                    {
                                                      "Node Type": "Hash",
                                                      "Parent Relationship": "Inner",
                                                      "Parallel Aware": false,
                                                      "Async Capable": false,
                                                      "Startup Cost": 21.75,
                                                      "Total Cost": 21.75,
                                                      "Plan Rows": 251,
                                                      "Plan Width": 4,
                                                      "Plans": [
                                                        {
                                                          "Node Type": "Seq Scan",
                                                          "Parent Relationship": "Outer",
                                                          "Parallel Aware": false,
                                                          "Async Capable": false,
                                                          "Relation Name": "promotion",
                                                          "Alias": "promotion",
                                                          "Startup Cost": 0.0,
                                                          "Total Cost": 21.75,
                                                          "Plan Rows": 251,
                                                          "Plan Width": 4,
                                                          "Filter": "((p_channel_dmail = 'Y'::bpchar) OR (p_channel_email = 'Y'::bpchar) OR (p_channel_tv = 'Y'::bpchar))",
                                                          "parent": 21,
                                                          "ID": 22
                                                        }
                                                      ],
                                                      "parent": 13,
                                                      "ID": 21,
                                                      "left": 22
                                                    }
                                                  ],
                                                  "parent": 12,
                                                  "ID": 13,
                                                  "left": 14,
                                                  "right": 21
                                                },
                                                {
                                                  "Node Type": "Hash",
                                                  "Parent Relationship": "Inner",
                                                  "Parallel Aware": false,
                                                  "Async Capable": false,
                                                  "Startup Cost": 6.28,
                                                  "Total Cost": 6.28,
                                                  "Plan Rows": 71,
                                                  "Plan Width": 4,
                                                  "Plans": [
                                                    {
                                                      "Node Type": "Seq Scan",
                                                      "Parent Relationship": "Outer",
                                                      "Parallel Aware": false,
                                                      "Async Capable": false,
                                                      "Relation Name": "store",
                                                      "Alias": "store",
                                                      "Startup Cost": 0.0,
                                                      "Total Cost": 6.28,
                                                      "Plan Rows": 71,
                                                      "Plan Width": 4,
                                                      "Filter": "(s_gmt_offset = '-6'::numeric)",
                                                      "parent": 23,
                                                      "ID": 24
                                                    }
                                                  ],
                                                  "parent": 12,
                                                  "ID": 23,
                                                  "left": 24
                                                }
                                              ],
                                              "parent": 11,
                                              "ID": 12,
                                              "left": 13,
                                              "right": 23
                                            }
                                          ],
                                          "parent": 9,
                                          "ID": 11,
                                          "left": 12
                                        }
                                      ],
                                      "parent": 8,
                                      "ID": 9,
                                      "left": 10,
                                      "right": 11
                                    }
                                  ],
                                  "parent": 6,
                                  "ID": 8,
                                  "left": 9
                                }
                              ],
                              "parent": 5,
                              "ID": 6,
                              "left": 7,
                              "right": 8
                            }
                          ],
                          "parent": 4,
                          "ID": 5,
                          "left": 6
                        }
                      ],
                      "parent": 3,
                      "ID": 4,
                      "left": 5
                    }
                  ],
                  "parent": 2,
                  "ID": 3,
                  "left": 4
                },
                {
                  "Node Type": "Aggregate",
                  "Strategy": "Plain",
                  "Partial Mode": "Finalize",
                  "Parent Relationship": "Inner",
                  "Parallel Aware": false,
                  "Async Capable": false,
                  "Startup Cost": 716195.13,
                  "Total Cost": 716195.14,
                  "Plan Rows": 1,
                  "Plan Width": 32,
                  "Plans": [
                    {
                      "Node Type": "Gather",
                      "Parent Relationship": "Outer",
                      "Parallel Aware": false,
                      "Async Capable": false,
                      "Startup Cost": 716194.9,
                      "Total Cost": 716195.11,
                      "Plan Rows": 2,
                      "Plan Width": 32,
                      "Workers Planned": 2,
                      "Single Copy": false,
                      "Plans": [
                        {
                          "Node Type": "Aggregate",
                          "Strategy": "Plain",
                          "Partial Mode": "Partial",
                          "Parent Relationship": "Outer",
                          "Parallel Aware": false,
                          "Async Capable": false,
                          "Startup Cost": 715194.9,
                          "Total Cost": 715194.91,
                          "Plan Rows": 1,
                          "Plan Width": 32,
                          "Plans": [
                            {
                              "Node Type": "Hash Join",
                              "Parent Relationship": "Outer",
                              "Parallel Aware": true,
                              "Async Capable": false,
                              "Join Type": "Inner",
                              "Startup Cost": 708284.85,
                              "Total Cost": 715194.56,
                              "Plan Rows": 135,
                              "Plan Width": 6,
                              "Inner Unique": false,
                              "Hash Cond": "(customer_address_1.ca_address_sk = customer_1.c_current_addr_sk)",
                              "Plans": [
                                {
                                  "Node Type": "Seq Scan",
                                  "Parent Relationship": "Outer",
                                  "Parallel Aware": true,
                                  "Async Capable": false,
                                  "Relation Name": "customer_address",
                                  "Alias": "customer_address_1",
                                  "Startup Cost": 0.0,
                                  "Total Cost": 6737.08,
                                  "Plan Rows": 45885,
                                  "Plan Width": 4,
                                  "Filter": "(ca_gmt_offset = '-6'::numeric)",
                                  "parent": 28,
                                  "ID": 29
                                },
                                {
                                  "Node Type": "Hash",
                                  "Parent Relationship": "Inner",
                                  "Parallel Aware": true,
                                  "Async Capable": false,
                                  "Startup Cost": 708281.04,
                                  "Total Cost": 708281.04,
                                  "Plan Rows": 305,
                                  "Plan Width": 10,
                                  "Plans": [
                                    {
                                      "Node Type": "Hash Join",
                                      "Parent Relationship": "Outer",
                                      "Parallel Aware": true,
                                      "Async Capable": false,
                                      "Join Type": "Inner",
                                      "Startup Cost": 691580.19,
                                      "Total Cost": 708281.04,
                                      "Plan Rows": 305,
                                      "Plan Width": 10,
                                      "Inner Unique": false,
                                      "Hash Cond": "(customer_1.c_customer_sk = store_sales_1.ss_customer_sk)",
                                      "Plans": [
                                        {
                                          "Node Type": "Seq Scan",
                                          "Parent Relationship": "Outer",
                                          "Parallel Aware": true,
                                          "Async Capable": false,
                                          "Relation Name": "customer",
                                          "Alias": "customer_1",
                                          "Startup Cost": 0.0,
                                          "Total Cost": 15918.33,
                                          "Plan Rows": 208333,
                                          "Plan Width": 8,
                                          "parent": 31,
                                          "ID": 32
                                        },
                                        {
                                          "Node Type": "Hash",
                                          "Parent Relationship": "Inner",
                                          "Parallel Aware": true,
                                          "Async Capable": false,
                                          "Startup Cost": 691576.19,
                                          "Total Cost": 691576.19,
                                          "Plan Rows": 320,
                                          "Plan Width": 10,
                                          "Plans": [
                                            {
                                              "Node Type": "Hash Join",
                                              "Parent Relationship": "Outer",
                                              "Parallel Aware": false,
                                              "Async Capable": false,
                                              "Join Type": "Inner",
                                              "Startup Cost": 9606.56,
                                              "Total Cost": 691576.19,
                                              "Plan Rows": 320,
                                              "Plan Width": 10,
                                              "Inner Unique": false,
                                              "Hash Cond": "(store_sales_1.ss_store_sk = store_1.s_store_sk)",
                                              "Plans": [
                                                {
                                                  "Node Type": "Hash Join",
                                                  "Parent Relationship": "Outer",
                                                  "Parallel Aware": true,
                                                  "Async Capable": false,
                                                  "Join Type": "Inner",
                                                  "Startup Cost": 9599.4,
                                                  "Total Cost": 691564.02,
                                                  "Plan Rows": 481,
                                                  "Plan Width": 14,
                                                  "Inner Unique": false,
                                                  "Hash Cond": "(store_sales_1.ss_item_sk = item_1.i_item_sk)",
                                                  "Plans": [
                                                    {
                                                      "Node Type": "Hash Join",
                                                      "Parent Relationship": "Outer",
                                                      "Parallel Aware": true,
                                                      "Async Capable": false,
                                                      "Join Type": "Inner",
                                                      "Startup Cost": 2049.78,
                                                      "Total Cost": 683994.75,
                                                      "Plan Rows": 4703,
                                                      "Plan Width": 18,
                                                      "Inner Unique": false,
                                                      "Hash Cond": "(store_sales_1.ss_sold_date_sk = date_dim_1.d_date_sk)",
                                                      "Plans": [
                                                        {
                                                          "Node Type": "Seq Scan",
                                                          "Parent Relationship": "Outer",
                                                          "Parallel Aware": true,
                                                          "Async Capable": false,
                                                          "Relation Name": "store_sales",
                                                          "Alias": "store_sales_1",
                                                          "Startup Cost": 0.0,
                                                          "Total Cost": 636914.37,
                                                          "Plan Rows": 12000637,
                                                          "Plan Width": 22,
                                                          "parent": 36,
                                                          "ID": 37
                                                        },
                                                        {
                                                          "Node Type": "Hash",
                                                          "Parent Relationship": "Inner",
                                                          "Parallel Aware": true,
                                                          "Async Capable": false,
                                                          "Startup Cost": 2049.55,
                                                          "Total Cost": 2049.55,
                                                          "Plan Rows": 18,
                                                          "Plan Width": 4,
                                                          "Plans": [
                                                            {
                                                              "Node Type": "Seq Scan",
                                                              "Parent Relationship": "Outer",
                                                              "Parallel Aware": true,
                                                              "Async Capable": false,
                                                              "Relation Name": "date_dim",
                                                              "Alias": "date_dim_1",
                                                              "Startup Cost": 0.0,
                                                              "Total Cost": 2049.55,
                                                              "Plan Rows": 18,
                                                              "Plan Width": 4,
                                                              "Filter": "((d_year = 1999) AND (d_moy = 12))",
                                                              "parent": 38,
                                                              "ID": 39
                                                            }
                                                          ],
                                                          "parent": 36,
                                                          "ID": 38,
                                                          "left": 39
                                                        }
                                                      ],
                                                      "parent": 35,
                                                      "ID": 36,
                                                      "left": 37,
                                                      "right": 38
                                                    },
                                                    {
                                                      "Node Type": "Hash",
                                                      "Parent Relationship": "Inner",
                                                      "Parallel Aware": true,
                                                      "Async Capable": false,
                                                      "Startup Cost": 7495.25,
                                                      "Total Cost": 7495.25,
                                                      "Plan Rows": 4350,
                                                      "Plan Width": 4,
                                                      "Plans": [
                                                        {
                                                          "Node Type": "Seq Scan",
                                                          "Parent Relationship": "Outer",
                                                          "Parallel Aware": true,
                                                          "Async Capable": false,
                                                          "Relation Name": "item",
                                                          "Alias": "item_1",
                                                          "Startup Cost": 0.0,
                                                          "Total Cost": 7495.25,
                                                          "Plan Rows": 4350,
                                                          "Plan Width": 4,
                                                          "Filter": "(i_category = 'Sports'::bpchar)",
                                                          "parent": 40,
                                                          "ID": 41
                                                        }
                                                      ],
                                                      "parent": 35,
                                                      "ID": 40,
                                                      "left": 41
                                                    }
                                                  ],
                                                  "parent": 34,
                                                  "ID": 35,
                                                  "left": 36,
                                                  "right": 40
                                                },
                                                {
                                                  "Node Type": "Hash",
                                                  "Parent Relationship": "Inner",
                                                  "Parallel Aware": false,
                                                  "Async Capable": false,
                                                  "Startup Cost": 6.28,
                                                  "Total Cost": 6.28,
                                                  "Plan Rows": 71,
                                                  "Plan Width": 4,
                                                  "Plans": [
                                                    {
                                                      "Node Type": "Seq Scan",
                                                      "Parent Relationship": "Outer",
                                                      "Parallel Aware": false,
                                                      "Async Capable": false,
                                                      "Relation Name": "store",
                                                      "Alias": "store_1",
                                                      "Startup Cost": 0.0,
                                                      "Total Cost": 6.28,
                                                      "Plan Rows": 71,
                                                      "Plan Width": 4,
                                                      "Filter": "(s_gmt_offset = '-6'::numeric)",
                                                      "parent": 42,
                                                      "ID": 43
                                                    }
                                                  ],
                                                  "parent": 34,
                                                  "ID": 42,
                                                  "left": 43
                                                }
                                              ],
                                              "parent": 33,
                                              "ID": 34,
                                              "left": 35,
                                              "right": 42
                                            }
                                          ],
                                          "parent": 31,
                                          "ID": 33,
                                          "left": 34
                                        }
                                      ],
                                      "parent": 30,
                                      "ID": 31,
                                      "left": 32,
                                      "right": 33
                                    }
                                  ],
                                  "parent": 28,
                                  "ID": 30,
                                  "left": 31
                                }
                              ],
                              "parent": 27,
                              "ID": 28,
                              "left": 29,
                              "right": 30
                            }
                          ],
                          "parent": 26,
                          "ID": 27,
                          "left": 28
                        }
                      ],
                      "parent": 25,
                      "ID": 26,
                      "left": 27
                    }
                  ],
                  "parent": 2,
                  "ID": 25,
                  "left": 26
                }
              ],
              "parent": 1,
              "ID": 2,
              "left": 3,
              "right": 25
            }
          ],
          "parent": 0,
          "ID": 1,
          "left": 2
        }
      ],
      "parent": null,
      "ID": 0,
      "left": 1
    },
    "feat": {
      "utility": 0.0076801342329342204,
      "query_shape": [
        [
          "Seq Scan",
          "Hash Join",
          "Aggregate",
          "Gather",
          "Nested Loop",
          "Sort"
        ],
        [
          "Seq Scan",
          "Hash Join",
          "Hash",
          "Aggregate",
          "Gather",
          "Nested Loop",
          "Sort"
        ],
        [
          "Seq Scan",
          "Hash Join",
          "Hash",
          "Aggregate",
          "Gather",
          "Nested Loop",
          "Sort"
        ],
        [
          "Seq Scan",
          "Hash",
          "Hash Join",
          "Aggregate",
          "Gather",
          "Nested Loop",
          "Sort"
        ],
        [
          "Seq Scan",
          "Hash",
          "Hash Join",
          "Aggregate",
          "Gather",
          "Nested Loop",
          "Sort"
        ],
        [
          "Seq Scan",
          "Hash",
          "Hash Join",
          "Aggregate",
          "Gather",
          "Nested Loop",
          "Sort"
        ],
        [
          "Seq Scan",
          "Hash",
          "Hash Join",
          "Aggregate",
          "Gather",
          "Nested Loop",
          "Sort"
        ],
        [
          "Seq Scan",
          "Hash Join",
          "Aggregate",
          "Gather",
          "Nested Loop",
          "Sort"
        ],
        [
          "Seq Scan",
          "Hash Join",
          "Hash",
          "Aggregate",
          "Gather",
          "Nested Loop",
          "Sort"
        ],
        [
          "Seq Scan",
          "Hash Join",
          "Hash",
          "Aggregate",
          "Gather",
          "Nested Loop",
          "Sort"
        ],
        [
          "Seq Scan",
          "Hash",
          "Hash Join",
          "Aggregate",
          "Gather",
          "Nested Loop",
          "Sort"
        ],
        [
          "Seq Scan",
          "Hash",
          "Hash Join",
          "Aggregate",
          "Gather",
          "Nested Loop",
          "Sort"
        ],
        [
          "Seq Scan",
          "Hash",
          "Hash Join",
          "Aggregate",
          "Gather",
          "Nested Loop",
          "Sort"
        ]
      ],
      "index_shape": [
        "selection"
      ],
      "physical_operator": {
        "Seq Scan": [
          0.18354000000000004,
          0.18354000000000004
        ]
      }
    }
  },
  {
    "query": "select  promotions,total,cast(promotions as decimal(15,4))/cast(total as decimal(15,4))*100\nfrom\n  (select sum(ss_ext_sales_price) promotions\n   from  store_sales\n        ,store\n        ,promotion\n        ,date_dim\n        ,customer\n        ,customer_address \n        ,item\n   where ss_sold_date_sk = d_date_sk\n   and   ss_store_sk = s_store_sk\n   and   ss_promo_sk = p_promo_sk\n   and   ss_customer_sk= c_customer_sk\n   and   ca_address_sk = c_current_addr_sk\n   and   ss_item_sk = i_item_sk \n   and   ca_gmt_offset = -6\n   and   i_category = 'Sports'\n   and   (p_channel_dmail = 'Y' or p_channel_email = 'Y' or p_channel_tv = 'Y')\n   and   s_gmt_offset = -6\n   and   d_year = 1999\n   and   d_moy  = 12) promotional_sales,\n  (select sum(ss_ext_sales_price) total\n   from  store_sales\n        ,store\n        ,date_dim\n        ,customer\n        ,customer_address\n        ,item\n   where ss_sold_date_sk = d_date_sk\n   and   ss_store_sk = s_store_sk\n   and   ss_customer_sk= c_customer_sk\n   and   ca_address_sk = c_current_addr_sk\n   and   ss_item_sk = i_item_sk\n   and   ca_gmt_offset = -6\n   and   i_category = 'Sports'\n   and   s_gmt_offset = -6\n   and   d_year = 1999\n   and   d_moy  = 12) all_sales\norder by promotions, total\nlimit 100;\n\n-- end query 45 in stream 1 using template query61.tpl\n",
    "indexes": "customer_address.ca_address_sk",
    "wo plan est": {
      "Node Type": "Limit",
      "Parallel Aware": false,
      "Async Capable": false,
      "Startup Cost": 1432411.5,
      "Total Cost": 1432411.51,
      "Plan Rows": 1,
      "Plan Width": 96,
      "Plans": [
        {
          "Node Type": "Sort",
          "Parent Relationship": "Outer",
          "Parallel Aware": false,
          "Async Capable": false,
          "Startup Cost": 1432411.5,
          "Total Cost": 1432411.51,
          "Plan Rows": 1,
          "Plan Width": 96,
          "Sort Key": [
            "(sum(store_sales.ss_ext_sales_price))",
            "(sum(store_sales_1.ss_ext_sales_price))"
          ],
          "Plans": [
            {
              "Node Type": "Nested Loop",
              "Parent Relationship": "Outer",
              "Parallel Aware": false,
              "Async Capable": false,
              "Join Type": "Inner",
              "Startup Cost": 1432411.43,
              "Total Cost": 1432411.49,
              "Plan Rows": 1,
              "Plan Width": 96,
              "Inner Unique": false,
              "Plans": [
                {
                  "Node Type": "Aggregate",
                  "Strategy": "Plain",
                  "Partial Mode": "Finalize",
                  "Parent Relationship": "Outer",
                  "Parallel Aware": false,
                  "Async Capable": false,
                  "Startup Cost": 716216.31,
                  "Total Cost": 716216.32,
                  "Plan Rows": 1,
                  "Plan Width": 32,
                  "Plans": [
                    {
                      "Node Type": "Gather",
                      "Parent Relationship": "Outer",
                      "Parallel Aware": false,
                      "Async Capable": false,
                      "Startup Cost": 716216.08,
                      "Total Cost": 716216.29,
                      "Plan Rows": 2,
                      "Plan Width": 32,
                      "Workers Planned": 2,
                      "Single Copy": false,
                      "Plans": [
                        {
                          "Node Type": "Aggregate",
                          "Strategy": "Plain",
                          "Partial Mode": "Partial",
                          "Parent Relationship": "Outer",
                          "Parallel Aware": false,
                          "Async Capable": false,
                          "Startup Cost": 715216.08,
                          "Total Cost": 715216.09,
                          "Plan Rows": 1,
                          "Plan Width": 32,
                          "Plans": [
                            {
                              "Node Type": "Hash Join",
                              "Parent Relationship": "Outer",
                              "Parallel Aware": true,
                              "Async Capable": false,
                              "Join Type": "Inner",
                              "Startup Cost": 708306.5,
                              "Total Cost": 715215.92,
                              "Plan Rows": 65,
                              "Plan Width": 6,
                              "Inner Unique": false,
                              "Hash Cond": "(customer_address.ca_address_sk = customer.c_current_addr_sk)",
                              "Plans": [
                                {
                                  "Node Type": "Seq Scan",
                                  "Parent Relationship": "Outer",
                                  "Parallel Aware": true,
                                  "Async Capable": false,
                                  "Relation Name": "customer_address",
                                  "Alias": "customer_address",
                                  "Startup Cost": 0.0,
                                  "Total Cost": 6737.08,
                                  "Plan Rows": 45885,
                                  "Plan Width": 4,
                                  "Filter": "(ca_gmt_offset = '-6'::numeric)",
                                  "parent": 6,
                                  "ID": 7
                                },
                                {
                                  "Node Type": "Hash",
                                  "Parent Relationship": "Inner",
                                  "Parallel Aware": true,
                                  "Async Capable": false,
                                  "Startup Cost": 708304.67,
                                  "Total Cost": 708304.67,
                                  "Plan Rows": 146,
                                  "Plan Width": 10,
                                  "Plans": [
                                    {
                                      "Node Type": "Hash Join",
                                      "Parent Relationship": "Outer",
                                      "Parallel Aware": true,
                                      "Async Capable": false,
                                      "Join Type": "Inner",
                                      "Startup Cost": 691604.48,
                                      "Total Cost": 708304.67,
                                      "Plan Rows": 146,
                                      "Plan Width": 10,
                                      "Inner Unique": false,
                                      "Hash Cond": "(customer.c_customer_sk = store_sales.ss_customer_sk)",
                                      "Plans": [
                                        {
                                          "Node Type": "Seq Scan",
                                          "Parent Relationship": "Outer",
                                          "Parallel Aware": true,
                                          "Async Capable": false,
                                          "Relation Name": "customer",
                                          "Alias": "customer",
                                          "Startup Cost": 0.0,
                                          "Total Cost": 15918.33,
                                          "Plan Rows": 208333,
                                          "Plan Width": 8,
                                          "parent": 9,
                                          "ID": 10
                                        },
                                        {
                                          "Node Type": "Hash",
                                          "Parent Relationship": "Inner",
                                          "Parallel Aware": true,
                                          "Async Capable": false,
                                          "Startup Cost": 691602.57,
                                          "Total Cost": 691602.57,
                                          "Plan Rows": 153,
                                          "Plan Width": 10,
                                          "Plans": [
                                            {
                                              "Node Type": "Hash Join",
                                              "Parent Relationship": "Outer",
                                              "Parallel Aware": false,
                                              "Async Capable": false,
                                              "Join Type": "Inner",
                                              "Startup Cost": 9631.45,
                                              "Total Cost": 691602.57,
                                              "Plan Rows": 153,
                                              "Plan Width": 10,
                                              "Inner Unique": false,
                                              "Hash Cond": "(store_sales.ss_store_sk = store.s_store_sk)",
                                              "Plans": [
                                                {
                                                  "Node Type": "Hash Join",
                                                  "Parent Relationship": "Outer",
                                                  "Parallel Aware": false,
                                                  "Async Capable": false,
                                                  "Join Type": "Inner",
                                                  "Startup Cost": 9624.29,
                                                  "Total Cost": 691593.01,
                                                  "Plan Rows": 230,
                                                  "Plan Width": 14,
                                                  "Inner Unique": false,
                                                  "Hash Cond": "(store_sales.ss_promo_sk = promotion.p_promo_sk)",
                                                  "Plans": [
                                                    {
                                                      "Node Type": "Hash Join",
                                                      "Parent Relationship": "Outer",
                                                      "Parallel Aware": true,
                                                      "Async Capable": false,
                                                      "Join Type": "Inner",
                                                      "Startup Cost": 9599.4,
                                                      "Total Cost": 691564.02,
                                                      "Plan Rows": 481,
                                                      "Plan Width": 18,
                                                      "Inner Unique": false,
                                                      "Hash Cond": "(store_sales.ss_item_sk = item.i_item_sk)",
                                                      "Plans": [
                                                        {
                                                          "Node Type": "Hash Join",
                                                          "Parent Relationship": "Outer",
                                                          "Parallel Aware": true,
                                                          "Async Capable": false,
                                                          "Join Type": "Inner",
                                                          "Startup Cost": 2049.78,
                                                          "Total Cost": 683994.75,
                                                          "Plan Rows": 4703,
                                                          "Plan Width": 22,
                                                          "Inner Unique": false,
                                                          "Hash Cond": "(store_sales.ss_sold_date_sk = date_dim.d_date_sk)",
                                                          "Plans": [
                                                            {
                                                              "Node Type": "Seq Scan",
                                                              "Parent Relationship": "Outer",
                                                              "Parallel Aware": true,
                                                              "Async Capable": false,
                                                              "Relation Name": "store_sales",
                                                              "Alias": "store_sales",
                                                              "Startup Cost": 0.0,
                                                              "Total Cost": 636914.37,
                                                              "Plan Rows": 12000637,
                                                              "Plan Width": 26,
                                                              "parent": 15,
                                                              "ID": 16
                                                            },
                                                            {
                                                              "Node Type": "Hash",
                                                              "Parent Relationship": "Inner",
                                                              "Parallel Aware": true,
                                                              "Async Capable": false,
                                                              "Startup Cost": 2049.55,
                                                              "Total Cost": 2049.55,
                                                              "Plan Rows": 18,
                                                              "Plan Width": 4,
                                                              "Plans": [
                                                                {
                                                                  "Node Type": "Seq Scan",
                                                                  "Parent Relationship": "Outer",
                                                                  "Parallel Aware": true,
                                                                  "Async Capable": false,
                                                                  "Relation Name": "date_dim",
                                                                  "Alias": "date_dim",
                                                                  "Startup Cost": 0.0,
                                                                  "Total Cost": 2049.55,
                                                                  "Plan Rows": 18,
                                                                  "Plan Width": 4,
                                                                  "Filter": "((d_year = 1999) AND (d_moy = 12))",
                                                                  "parent": 17,
                                                                  "ID": 18
                                                                }
                                                              ],
                                                              "parent": 15,
                                                              "ID": 17,
                                                              "left": 18
                                                            }
                                                          ],
                                                          "parent": 14,
                                                          "ID": 15,
                                                          "left": 16,
                                                          "right": 17
                                                        },
                                                        {
                                                          "Node Type": "Hash",
                                                          "Parent Relationship": "Inner",
                                                          "Parallel Aware": true,
                                                          "Async Capable": false,
                                                          "Startup Cost": 7495.25,
                                                          "Total Cost": 7495.25,
                                                          "Plan Rows": 4350,
                                                          "Plan Width": 4,
                                                          "Plans": [
                                                            {
                                                              "Node Type": "Seq Scan",
                                                              "Parent Relationship": "Outer",
                                                              "Parallel Aware": true,
                                                              "Async Capable": false,
                                                              "Relation Name": "item",
                                                              "Alias": "item",
                                                              "Startup Cost": 0.0,
                                                              "Total Cost": 7495.25,
                                                              "Plan Rows": 4350,
                                                              "Plan Width": 4,
                                                              "Filter": "(i_category = 'Sports'::bpchar)",
                                                              "parent": 19,
                                                              "ID": 20
                                                            }
                                                          ],
                                                          "parent": 14,
                                                          "ID": 19,
                                                          "left": 20
                                                        }
                                                      ],
                                                      "parent": 13,
                                                      "ID": 14,
                                                      "left": 15,
                                                      "right": 19
                                                    },
                                                    {
                                                      "Node Type": "Hash",
                                                      "Parent Relationship": "Inner",
                                                      "Parallel Aware": false,
                                                      "Async Capable": false,
                                                      "Startup Cost": 21.75,
                                                      "Total Cost": 21.75,
                                                      "Plan Rows": 251,
                                                      "Plan Width": 4,
                                                      "Plans": [
                                                        {
                                                          "Node Type": "Seq Scan",
                                                          "Parent Relationship": "Outer",
                                                          "Parallel Aware": false,
                                                          "Async Capable": false,
                                                          "Relation Name": "promotion",
                                                          "Alias": "promotion",
                                                          "Startup Cost": 0.0,
                                                          "Total Cost": 21.75,
                                                          "Plan Rows": 251,
                                                          "Plan Width": 4,
                                                          "Filter": "((p_channel_dmail = 'Y'::bpchar) OR (p_channel_email = 'Y'::bpchar) OR (p_channel_tv = 'Y'::bpchar))",
                                                          "parent": 21,
                                                          "ID": 22
                                                        }
                                                      ],
                                                      "parent": 13,
                                                      "ID": 21,
                                                      "left": 22
                                                    }
                                                  ],
                                                  "parent": 12,
                                                  "ID": 13,
                                                  "left": 14,
                                                  "right": 21
                                                },
                                                {
                                                  "Node Type": "Hash",
                                                  "Parent Relationship": "Inner",
                                                  "Parallel Aware": false,
                                                  "Async Capable": false,
                                                  "Startup Cost": 6.28,
                                                  "Total Cost": 6.28,
                                                  "Plan Rows": 71,
                                                  "Plan Width": 4,
                                                  "Plans": [
                                                    {
                                                      "Node Type": "Seq Scan",
                                                      "Parent Relationship": "Outer",
                                                      "Parallel Aware": false,
                                                      "Async Capable": false,
                                                      "Relation Name": "store",
                                                      "Alias": "store",
                                                      "Startup Cost": 0.0,
                                                      "Total Cost": 6.28,
                                                      "Plan Rows": 71,
                                                      "Plan Width": 4,
                                                      "Filter": "(s_gmt_offset = '-6'::numeric)",
                                                      "parent": 23,
                                                      "ID": 24
                                                    }
                                                  ],
                                                  "parent": 12,
                                                  "ID": 23,
                                                  "left": 24
                                                }
                                              ],
                                              "parent": 11,
                                              "ID": 12,
                                              "left": 13,
                                              "right": 23
                                            }
                                          ],
                                          "parent": 9,
                                          "ID": 11,
                                          "left": 12
                                        }
                                      ],
                                      "parent": 8,
                                      "ID": 9,
                                      "left": 10,
                                      "right": 11
                                    }
                                  ],
                                  "parent": 6,
                                  "ID": 8,
                                  "left": 9
                                }
                              ],
                              "parent": 5,
                              "ID": 6,
                              "left": 7,
                              "right": 8
                            }
                          ],
                          "parent": 4,
                          "ID": 5,
                          "left": 6
                        }
                      ],
                      "parent": 3,
                      "ID": 4,
                      "left": 5
                    }
                  ],
                  "parent": 2,
                  "ID": 3,
                  "left": 4
                },
                {
                  "Node Type": "Aggregate",
                  "Strategy": "Plain",
                  "Partial Mode": "Finalize",
                  "Parent Relationship": "Inner",
                  "Parallel Aware": false,
                  "Async Capable": false,
                  "Startup Cost": 716195.13,
                  "Total Cost": 716195.14,
                  "Plan Rows": 1,
                  "Plan Width": 32,
                  "Plans": [
                    {
                      "Node Type": "Gather",
                      "Parent Relationship": "Outer",
                      "Parallel Aware": false,
                      "Async Capable": false,
                      "Startup Cost": 716194.9,
                      "Total Cost": 716195.11,
                      "Plan Rows": 2,
                      "Plan Width": 32,
                      "Workers Planned": 2,
                      "Single Copy": false,
                      "Plans": [
                        {
                          "Node Type": "Aggregate",
                          "Strategy": "Plain",
                          "Partial Mode": "Partial",
                          "Parent Relationship": "Outer",
                          "Parallel Aware": false,
                          "Async Capable": false,
                          "Startup Cost": 715194.9,
                          "Total Cost": 715194.91,
                          "Plan Rows": 1,
                          "Plan Width": 32,
                          "Plans": [
                            {
                              "Node Type": "Hash Join",
                              "Parent Relationship": "Outer",
                              "Parallel Aware": true,
                              "Async Capable": false,
                              "Join Type": "Inner",
                              "Startup Cost": 708284.85,
                              "Total Cost": 715194.56,
                              "Plan Rows": 135,
                              "Plan Width": 6,
                              "Inner Unique": false,
                              "Hash Cond": "(customer_address_1.ca_address_sk = customer_1.c_current_addr_sk)",
                              "Plans": [
                                {
                                  "Node Type": "Seq Scan",
                                  "Parent Relationship": "Outer",
                                  "Parallel Aware": true,
                                  "Async Capable": false,
                                  "Relation Name": "customer_address",
                                  "Alias": "customer_address_1",
                                  "Startup Cost": 0.0,
                                  "Total Cost": 6737.08,
                                  "Plan Rows": 45885,
                                  "Plan Width": 4,
                                  "Filter": "(ca_gmt_offset = '-6'::numeric)",
                                  "parent": 28,
                                  "ID": 29
                                },
                                {
                                  "Node Type": "Hash",
                                  "Parent Relationship": "Inner",
                                  "Parallel Aware": true,
                                  "Async Capable": false,
                                  "Startup Cost": 708281.04,
                                  "Total Cost": 708281.04,
                                  "Plan Rows": 305,
                                  "Plan Width": 10,
                                  "Plans": [
                                    {
                                      "Node Type": "Hash Join",
                                      "Parent Relationship": "Outer",
                                      "Parallel Aware": true,
                                      "Async Capable": false,
                                      "Join Type": "Inner",
                                      "Startup Cost": 691580.19,
                                      "Total Cost": 708281.04,
                                      "Plan Rows": 305,
                                      "Plan Width": 10,
                                      "Inner Unique": false,
                                      "Hash Cond": "(customer_1.c_customer_sk = store_sales_1.ss_customer_sk)",
                                      "Plans": [
                                        {
                                          "Node Type": "Seq Scan",
                                          "Parent Relationship": "Outer",
                                          "Parallel Aware": true,
                                          "Async Capable": false,
                                          "Relation Name": "customer",
                                          "Alias": "customer_1",
                                          "Startup Cost": 0.0,
                                          "Total Cost": 15918.33,
                                          "Plan Rows": 208333,
                                          "Plan Width": 8,
                                          "parent": 31,
                                          "ID": 32
                                        },
                                        {
                                          "Node Type": "Hash",
                                          "Parent Relationship": "Inner",
                                          "Parallel Aware": true,
                                          "Async Capable": false,
                                          "Startup Cost": 691576.19,
                                          "Total Cost": 691576.19,
                                          "Plan Rows": 320,
                                          "Plan Width": 10,
                                          "Plans": [
                                            {
                                              "Node Type": "Hash Join",
                                              "Parent Relationship": "Outer",
                                              "Parallel Aware": false,
                                              "Async Capable": false,
                                              "Join Type": "Inner",
                                              "Startup Cost": 9606.56,
                                              "Total Cost": 691576.19,
                                              "Plan Rows": 320,
                                              "Plan Width": 10,
                                              "Inner Unique": false,
                                              "Hash Cond": "(store_sales_1.ss_store_sk = store_1.s_store_sk)",
                                              "Plans": [
                                                {
                                                  "Node Type": "Hash Join",
                                                  "Parent Relationship": "Outer",
                                                  "Parallel Aware": true,
                                                  "Async Capable": false,
                                                  "Join Type": "Inner",
                                                  "Startup Cost": 9599.4,
                                                  "Total Cost": 691564.02,
                                                  "Plan Rows": 481,
                                                  "Plan Width": 14,
                                                  "Inner Unique": false,
                                                  "Hash Cond": "(store_sales_1.ss_item_sk = item_1.i_item_sk)",
                                                  "Plans": [
                                                    {
                                                      "Node Type": "Hash Join",
                                                      "Parent Relationship": "Outer",
                                                      "Parallel Aware": true,
                                                      "Async Capable": false,
                                                      "Join Type": "Inner",
                                                      "Startup Cost": 2049.78,
                                                      "Total Cost": 683994.75,
                                                      "Plan Rows": 4703,
                                                      "Plan Width": 18,
                                                      "Inner Unique": false,
                                                      "Hash Cond": "(store_sales_1.ss_sold_date_sk = date_dim_1.d_date_sk)",
                                                      "Plans": [
                                                        {
                                                          "Node Type": "Seq Scan",
                                                          "Parent Relationship": "Outer",
                                                          "Parallel Aware": true,
                                                          "Async Capable": false,
                                                          "Relation Name": "store_sales",
                                                          "Alias": "store_sales_1",
                                                          "Startup Cost": 0.0,
                                                          "Total Cost": 636914.37,
                                                          "Plan Rows": 12000637,
                                                          "Plan Width": 22,
                                                          "parent": 36,
                                                          "ID": 37
                                                        },
                                                        {
                                                          "Node Type": "Hash",
                                                          "Parent Relationship": "Inner",
                                                          "Parallel Aware": true,
                                                          "Async Capable": false,
                                                          "Startup Cost": 2049.55,
                                                          "Total Cost": 2049.55,
                                                          "Plan Rows": 18,
                                                          "Plan Width": 4,
                                                          "Plans": [
                                                            {
                                                              "Node Type": "Seq Scan",
                                                              "Parent Relationship": "Outer",
                                                              "Parallel Aware": true,
                                                              "Async Capable": false,
                                                              "Relation Name": "date_dim",
                                                              "Alias": "date_dim_1",
                                                              "Startup Cost": 0.0,
                                                              "Total Cost": 2049.55,
                                                              "Plan Rows": 18,
                                                              "Plan Width": 4,
                                                              "Filter": "((d_year = 1999) AND (d_moy = 12))",
                                                              "parent": 38,
                                                              "ID": 39
                                                            }
                                                          ],
                                                          "parent": 36,
                                                          "ID": 38,
                                                          "left": 39
                                                        }
                                                      ],
                                                      "parent": 35,
                                                      "ID": 36,
                                                      "left": 37,
                                                      "right": 38
                                                    },
                                                    {
                                                      "Node Type": "Hash",
                                                      "Parent Relationship": "Inner",
                                                      "Parallel Aware": true,
                                                      "Async Capable": false,
                                                      "Startup Cost": 7495.25,
                                                      "Total Cost": 7495.25,
                                                      "Plan Rows": 4350,
                                                      "Plan Width": 4,
                                                      "Plans": [
                                                        {
                                                          "Node Type": "Seq Scan",
                                                          "Parent Relationship": "Outer",
                                                          "Parallel Aware": true,
                                                          "Async Capable": false,
                                                          "Relation Name": "item",
                                                          "Alias": "item_1",
                                                          "Startup Cost": 0.0,
                                                          "Total Cost": 7495.25,
                                                          "Plan Rows": 4350,
                                                          "Plan Width": 4,
                                                          "Filter": "(i_category = 'Sports'::bpchar)",
                                                          "parent": 40,
                                                          "ID": 41
                                                        }
                                                      ],
                                                      "parent": 35,
                                                      "ID": 40,
                                                      "left": 41
                                                    }
                                                  ],
                                                  "parent": 34,
                                                  "ID": 35,
                                                  "left": 36,
                                                  "right": 40
                                                },
                                                {
                                                  "Node Type": "Hash",
                                                  "Parent Relationship": "Inner",
                                                  "Parallel Aware": false,
                                                  "Async Capable": false,
                                                  "Startup Cost": 6.28,
                                                  "Total Cost": 6.28,
                                                  "Plan Rows": 71,
                                                  "Plan Width": 4,
                                                  "Plans": [
                                                    {
                                                      "Node Type": "Seq Scan",
                                                      "Parent Relationship": "Outer",
                                                      "Parallel Aware": false,
                                                      "Async Capable": false,
                                                      "Relation Name": "store",
                                                      "Alias": "store_1",
                                                      "Startup Cost": 0.0,
                                                      "Total Cost": 6.28,
                                                      "Plan Rows": 71,
                                                      "Plan Width": 4,
                                                      "Filter": "(s_gmt_offset = '-6'::numeric)",
                                                      "parent": 42,
                                                      "ID": 43
                                                    }
                                                  ],
                                                  "parent": 34,
                                                  "ID": 42,
                                                  "left": 43
                                                }
                                              ],
                                              "parent": 33,
                                              "ID": 34,
                                              "left": 35,
                                              "right": 42
                                            }
                                          ],
                                          "parent": 31,
                                          "ID": 33,
                                          "left": 34
                                        }
                                      ],
                                      "parent": 30,
                                      "ID": 31,
                                      "left": 32,
                                      "right": 33
                                    }
                                  ],
                                  "parent": 28,
                                  "ID": 30,
                                  "left": 31
                                }
                              ],
                              "parent": 27,
                              "ID": 28,
                              "left": 29,
                              "right": 30
                            }
                          ],
                          "parent": 26,
                          "ID": 27,
                          "left": 28
                        }
                      ],
                      "parent": 25,
                      "ID": 26,
                      "left": 27
                    }
                  ],
                  "parent": 2,
                  "ID": 25,
                  "left": 26
                }
              ],
              "parent": 1,
              "ID": 2,
              "left": 3,
              "right": 25
            }
          ],
          "parent": 0,
          "ID": 1,
          "left": 2
        }
      ],
      "parent": null,
      "ID": 0,
      "left": 1
    },
    "feat": {
      "utility": 8.741156795704331e-06,
      "query_shape": [
        [
          "Seq Scan",
          "Hash Join",
          "Aggregate",
          "Gather",
          "Nested Loop",
          "Sort"
        ],
        [
          "Seq Scan",
          "Hash Join",
          "Hash",
          "Aggregate",
          "Gather",
          "Nested Loop",
          "Sort"
        ],
        [
          "Seq Scan",
          "Hash Join",
          "Hash",
          "Aggregate",
          "Gather",
          "Nested Loop",
          "Sort"
        ],
        [
          "Seq Scan",
          "Hash",
          "Hash Join",
          "Aggregate",
          "Gather",
          "Nested Loop",
          "Sort"
        ],
        [
          "Seq Scan",
          "Hash",
          "Hash Join",
          "Aggregate",
          "Gather",
          "Nested Loop",
          "Sort"
        ],
        [
          "Seq Scan",
          "Hash",
          "Hash Join",
          "Aggregate",
          "Gather",
          "Nested Loop",
          "Sort"
        ],
        [
          "Seq Scan",
          "Hash",
          "Hash Join",
          "Aggregate",
          "Gather",
          "Nested Loop",
          "Sort"
        ],
        [
          "Seq Scan",
          "Hash Join",
          "Aggregate",
          "Gather",
          "Nested Loop",
          "Sort"
        ],
        [
          "Seq Scan",
          "Hash Join",
          "Hash",
          "Aggregate",
          "Gather",
          "Nested Loop",
          "Sort"
        ],
        [
          "Seq Scan",
          "Hash Join",
          "Hash",
          "Aggregate",
          "Gather",
          "Nested Loop",
          "Sort"
        ],
        [
          "Seq Scan",
          "Hash",
          "Hash Join",
          "Aggregate",
          "Gather",
          "Nested Loop",
          "Sort"
        ],
        [
          "Seq Scan",
          "Hash",
          "Hash Join",
          "Aggregate",
          "Gather",
          "Nested Loop",
          "Sort"
        ],
        [
          "Seq Scan",
          "Hash",
          "Hash Join",
          "Aggregate",
          "Gather",
          "Nested Loop",
          "Sort"
        ]
      ],
      "index_shape": [
        "join"
      ],
      "physical_operator": {
        "Hash Join": [
          0.003114905549055539,
          0.003105858004829362
        ]
      }
    }
  },
  {
    "query": "select  promotions,total,cast(promotions as decimal(15,4))/cast(total as decimal(15,4))*100\nfrom\n  (select sum(ss_ext_sales_price) promotions\n   from  store_sales\n        ,store\n        ,promotion\n        ,date_dim\n        ,customer\n        ,customer_address \n        ,item\n   where ss_sold_date_sk = d_date_sk\n   and   ss_store_sk = s_store_sk\n   and   ss_promo_sk = p_promo_sk\n   and   ss_customer_sk= c_customer_sk\n   and   ca_address_sk = c_current_addr_sk\n   and   ss_item_sk = i_item_sk \n   and   ca_gmt_offset = -6\n   and   i_category = 'Sports'\n   and   (p_channel_dmail = 'Y' or p_channel_email = 'Y' or p_channel_tv = 'Y')\n   and   s_gmt_offset = -6\n   and   d_year = 1999\n   and   d_moy  = 12) promotional_sales,\n  (select sum(ss_ext_sales_price) total\n   from  store_sales\n        ,store\n        ,date_dim\n        ,customer\n        ,customer_address\n        ,item\n   where ss_sold_date_sk = d_date_sk\n   and   ss_store_sk = s_store_sk\n   and   ss_customer_sk= c_customer_sk\n   and   ca_address_sk = c_current_addr_sk\n   and   ss_item_sk = i_item_sk\n   and   ca_gmt_offset = -6\n   and   i_category = 'Sports'\n   and   s_gmt_offset = -6\n   and   d_year = 1999\n   and   d_moy  = 12) all_sales\norder by promotions, total\nlimit 100;\n\n-- end query 45 in stream 1 using template query61.tpl\n",
    "indexes": "date_dim.d_year",
    "wo plan est": {
      "Node Type": "Limit",
      "Parallel Aware": false,
      "Async Capable": false,
      "Startup Cost": 1432411.5,
      "Total Cost": 1432411.51,
      "Plan Rows": 1,
      "Plan Width": 96,
      "Plans": [
        {
          "Node Type": "Sort",
          "Parent Relationship": "Outer",
          "Parallel Aware": false,
          "Async Capable": false,
          "Startup Cost": 1432411.5,
          "Total Cost": 1432411.51,
          "Plan Rows": 1,
          "Plan Width": 96,
          "Sort Key": [
            "(sum(store_sales.ss_ext_sales_price))",
            "(sum(store_sales_1.ss_ext_sales_price))"
          ],
          "Plans": [
            {
              "Node Type": "Nested Loop",
              "Parent Relationship": "Outer",
              "Parallel Aware": false,
              "Async Capable": false,
              "Join Type": "Inner",
              "Startup Cost": 1432411.43,
              "Total Cost": 1432411.49,
              "Plan Rows": 1,
              "Plan Width": 96,
              "Inner Unique": false,
              "Plans": [
                {
                  "Node Type": "Aggregate",
                  "Strategy": "Plain",
                  "Partial Mode": "Finalize",
                  "Parent Relationship": "Outer",
                  "Parallel Aware": false,
                  "Async Capable": false,
                  "Startup Cost": 716216.31,
                  "Total Cost": 716216.32,
                  "Plan Rows": 1,
                  "Plan Width": 32,
                  "Plans": [
                    {
                      "Node Type": "Gather",
                      "Parent Relationship": "Outer",
                      "Parallel Aware": false,
                      "Async Capable": false,
                      "Startup Cost": 716216.08,
                      "Total Cost": 716216.29,
                      "Plan Rows": 2,
                      "Plan Width": 32,
                      "Workers Planned": 2,
                      "Single Copy": false,
                      "Plans": [
                        {
                          "Node Type": "Aggregate",
                          "Strategy": "Plain",
                          "Partial Mode": "Partial",
                          "Parent Relationship": "Outer",
                          "Parallel Aware": false,
                          "Async Capable": false,
                          "Startup Cost": 715216.08,
                          "Total Cost": 715216.09,
                          "Plan Rows": 1,
                          "Plan Width": 32,
                          "Plans": [
                            {
                              "Node Type": "Hash Join",
                              "Parent Relationship": "Outer",
                              "Parallel Aware": true,
                              "Async Capable": false,
                              "Join Type": "Inner",
                              "Startup Cost": 708306.5,
                              "Total Cost": 715215.92,
                              "Plan Rows": 65,
                              "Plan Width": 6,
                              "Inner Unique": false,
                              "Hash Cond": "(customer_address.ca_address_sk = customer.c_current_addr_sk)",
                              "Plans": [
                                {
                                  "Node Type": "Seq Scan",
                                  "Parent Relationship": "Outer",
                                  "Parallel Aware": true,
                                  "Async Capable": false,
                                  "Relation Name": "customer_address",
                                  "Alias": "customer_address",
                                  "Startup Cost": 0.0,
                                  "Total Cost": 6737.08,
                                  "Plan Rows": 45885,
                                  "Plan Width": 4,
                                  "Filter": "(ca_gmt_offset = '-6'::numeric)",
                                  "parent": 6,
                                  "ID": 7
                                },
                                {
                                  "Node Type": "Hash",
                                  "Parent Relationship": "Inner",
                                  "Parallel Aware": true,
                                  "Async Capable": false,
                                  "Startup Cost": 708304.67,
                                  "Total Cost": 708304.67,
                                  "Plan Rows": 146,
                                  "Plan Width": 10,
                                  "Plans": [
                                    {
                                      "Node Type": "Hash Join",
                                      "Parent Relationship": "Outer",
                                      "Parallel Aware": true,
                                      "Async Capable": false,
                                      "Join Type": "Inner",
                                      "Startup Cost": 691604.48,
                                      "Total Cost": 708304.67,
                                      "Plan Rows": 146,
                                      "Plan Width": 10,
                                      "Inner Unique": false,
                                      "Hash Cond": "(customer.c_customer_sk = store_sales.ss_customer_sk)",
                                      "Plans": [
                                        {
                                          "Node Type": "Seq Scan",
                                          "Parent Relationship": "Outer",
                                          "Parallel Aware": true,
                                          "Async Capable": false,
                                          "Relation Name": "customer",
                                          "Alias": "customer",
                                          "Startup Cost": 0.0,
                                          "Total Cost": 15918.33,
                                          "Plan Rows": 208333,
                                          "Plan Width": 8,
                                          "parent": 9,
                                          "ID": 10
                                        },
                                        {
                                          "Node Type": "Hash",
                                          "Parent Relationship": "Inner",
                                          "Parallel Aware": true,
                                          "Async Capable": false,
                                          "Startup Cost": 691602.57,
                                          "Total Cost": 691602.57,
                                          "Plan Rows": 153,
                                          "Plan Width": 10,
                                          "Plans": [
                                            {
                                              "Node Type": "Hash Join",
                                              "Parent Relationship": "Outer",
                                              "Parallel Aware": false,
                                              "Async Capable": false,
                                              "Join Type": "Inner",
                                              "Startup Cost": 9631.45,
                                              "Total Cost": 691602.57,
                                              "Plan Rows": 153,
                                              "Plan Width": 10,
                                              "Inner Unique": false,
                                              "Hash Cond": "(store_sales.ss_store_sk = store.s_store_sk)",
                                              "Plans": [
                                                {
                                                  "Node Type": "Hash Join",
                                                  "Parent Relationship": "Outer",
                                                  "Parallel Aware": false,
                                                  "Async Capable": false,
                                                  "Join Type": "Inner",
                                                  "Startup Cost": 9624.29,
                                                  "Total Cost": 691593.01,
                                                  "Plan Rows": 230,
                                                  "Plan Width": 14,
                                                  "Inner Unique": false,
                                                  "Hash Cond": "(store_sales.ss_promo_sk = promotion.p_promo_sk)",
                                                  "Plans": [
                                                    {
                                                      "Node Type": "Hash Join",
                                                      "Parent Relationship": "Outer",
                                                      "Parallel Aware": true,
                                                      "Async Capable": false,
                                                      "Join Type": "Inner",
                                                      "Startup Cost": 9599.4,
                                                      "Total Cost": 691564.02,
                                                      "Plan Rows": 481,
                                                      "Plan Width": 18,
                                                      "Inner Unique": false,
                                                      "Hash Cond": "(store_sales.ss_item_sk = item.i_item_sk)",
                                                      "Plans": [
                                                        {
                                                          "Node Type": "Hash Join",
                                                          "Parent Relationship": "Outer",
                                                          "Parallel Aware": true,
                                                          "Async Capable": false,
                                                          "Join Type": "Inner",
                                                          "Startup Cost": 2049.78,
                                                          "Total Cost": 683994.75,
                                                          "Plan Rows": 4703,
                                                          "Plan Width": 22,
                                                          "Inner Unique": false,
                                                          "Hash Cond": "(store_sales.ss_sold_date_sk = date_dim.d_date_sk)",
                                                          "Plans": [
                                                            {
                                                              "Node Type": "Seq Scan",
                                                              "Parent Relationship": "Outer",
                                                              "Parallel Aware": true,
                                                              "Async Capable": false,
                                                              "Relation Name": "store_sales",
                                                              "Alias": "store_sales",
                                                              "Startup Cost": 0.0,
                                                              "Total Cost": 636914.37,
                                                              "Plan Rows": 12000637,
                                                              "Plan Width": 26,
                                                              "parent": 15,
                                                              "ID": 16
                                                            },
                                                            {
                                                              "Node Type": "Hash",
                                                              "Parent Relationship": "Inner",
                                                              "Parallel Aware": true,
                                                              "Async Capable": false,
                                                              "Startup Cost": 2049.55,
                                                              "Total Cost": 2049.55,
                                                              "Plan Rows": 18,
                                                              "Plan Width": 4,
                                                              "Plans": [
                                                                {
                                                                  "Node Type": "Seq Scan",
                                                                  "Parent Relationship": "Outer",
                                                                  "Parallel Aware": true,
                                                                  "Async Capable": false,
                                                                  "Relation Name": "date_dim",
                                                                  "Alias": "date_dim",
                                                                  "Startup Cost": 0.0,
                                                                  "Total Cost": 2049.55,
                                                                  "Plan Rows": 18,
                                                                  "Plan Width": 4,
                                                                  "Filter": "((d_year = 1999) AND (d_moy = 12))",
                                                                  "parent": 17,
                                                                  "ID": 18
                                                                }
                                                              ],
                                                              "parent": 15,
                                                              "ID": 17,
                                                              "left": 18
                                                            }
                                                          ],
                                                          "parent": 14,
                                                          "ID": 15,
                                                          "left": 16,
                                                          "right": 17
                                                        },
                                                        {
                                                          "Node Type": "Hash",
                                                          "Parent Relationship": "Inner",
                                                          "Parallel Aware": true,
                                                          "Async Capable": false,
                                                          "Startup Cost": 7495.25,
                                                          "Total Cost": 7495.25,
                                                          "Plan Rows": 4350,
                                                          "Plan Width": 4,
                                                          "Plans": [
                                                            {
                                                              "Node Type": "Seq Scan",
                                                              "Parent Relationship": "Outer",
                                                              "Parallel Aware": true,
                                                              "Async Capable": false,
                                                              "Relation Name": "item",
                                                              "Alias": "item",
                                                              "Startup Cost": 0.0,
                                                              "Total Cost": 7495.25,
                                                              "Plan Rows": 4350,
                                                              "Plan Width": 4,
                                                              "Filter": "(i_category = 'Sports'::bpchar)",
                                                              "parent": 19,
                                                              "ID": 20
                                                            }
                                                          ],
                                                          "parent": 14,
                                                          "ID": 19,
                                                          "left": 20
                                                        }
                                                      ],
                                                      "parent": 13,
                                                      "ID": 14,
                                                      "left": 15,
                                                      "right": 19
                                                    },
                                                    {
                                                      "Node Type": "Hash",
                                                      "Parent Relationship": "Inner",
                                                      "Parallel Aware": false,
                                                      "Async Capable": false,
                                                      "Startup Cost": 21.75,
                                                      "Total Cost": 21.75,
                                                      "Plan Rows": 251,
                                                      "Plan Width": 4,
                                                      "Plans": [
                                                        {
                                                          "Node Type": "Seq Scan",
                                                          "Parent Relationship": "Outer",
                                                          "Parallel Aware": false,
                                                          "Async Capable": false,
                                                          "Relation Name": "promotion",
                                                          "Alias": "promotion",
                                                          "Startup Cost": 0.0,
                                                          "Total Cost": 21.75,
                                                          "Plan Rows": 251,
                                                          "Plan Width": 4,
                                                          "Filter": "((p_channel_dmail = 'Y'::bpchar) OR (p_channel_email = 'Y'::bpchar) OR (p_channel_tv = 'Y'::bpchar))",
                                                          "parent": 21,
                                                          "ID": 22
                                                        }
                                                      ],
                                                      "parent": 13,
                                                      "ID": 21,
                                                      "left": 22
                                                    }
                                                  ],
                                                  "parent": 12,
                                                  "ID": 13,
                                                  "left": 14,
                                                  "right": 21
                                                },
                                                {
                                                  "Node Type": "Hash",
                                                  "Parent Relationship": "Inner",
                                                  "Parallel Aware": false,
                                                  "Async Capable": false,
                                                  "Startup Cost": 6.28,
                                                  "Total Cost": 6.28,
                                                  "Plan Rows": 71,
                                                  "Plan Width": 4,
                                                  "Plans": [
                                                    {
                                                      "Node Type": "Seq Scan",
                                                      "Parent Relationship": "Outer",
                                                      "Parallel Aware": false,
                                                      "Async Capable": false,
                                                      "Relation Name": "store",
                                                      "Alias": "store",
                                                      "Startup Cost": 0.0,
                                                      "Total Cost": 6.28,
                                                      "Plan Rows": 71,
                                                      "Plan Width": 4,
                                                      "Filter": "(s_gmt_offset = '-6'::numeric)",
                                                      "parent": 23,
                                                      "ID": 24
                                                    }
                                                  ],
                                                  "parent": 12,
                                                  "ID": 23,
                                                  "left": 24
                                                }
                                              ],
                                              "parent": 11,
                                              "ID": 12,
                                              "left": 13,
                                              "right": 23
                                            }
                                          ],
                                          "parent": 9,
                                          "ID": 11,
                                          "left": 12
                                        }
                                      ],
                                      "parent": 8,
                                      "ID": 9,
                                      "left": 10,
                                      "right": 11
                                    }
                                  ],
                                  "parent": 6,
                                  "ID": 8,
                                  "left": 9
                                }
                              ],
                              "parent": 5,
                              "ID": 6,
                              "left": 7,
                              "right": 8
                            }
                          ],
                          "parent": 4,
                          "ID": 5,
                          "left": 6
                        }
                      ],
                      "parent": 3,
                      "ID": 4,
                      "left": 5
                    }
                  ],
                  "parent": 2,
                  "ID": 3,
                  "left": 4
                },
                {
                  "Node Type": "Aggregate",
                  "Strategy": "Plain",
                  "Partial Mode": "Finalize",
                  "Parent Relationship": "Inner",
                  "Parallel Aware": false,
                  "Async Capable": false,
                  "Startup Cost": 716195.13,
                  "Total Cost": 716195.14,
                  "Plan Rows": 1,
                  "Plan Width": 32,
                  "Plans": [
                    {
                      "Node Type": "Gather",
                      "Parent Relationship": "Outer",
                      "Parallel Aware": false,
                      "Async Capable": false,
                      "Startup Cost": 716194.9,
                      "Total Cost": 716195.11,
                      "Plan Rows": 2,
                      "Plan Width": 32,
                      "Workers Planned": 2,
                      "Single Copy": false,
                      "Plans": [
                        {
                          "Node Type": "Aggregate",
                          "Strategy": "Plain",
                          "Partial Mode": "Partial",
                          "Parent Relationship": "Outer",
                          "Parallel Aware": false,
                          "Async Capable": false,
                          "Startup Cost": 715194.9,
                          "Total Cost": 715194.91,
                          "Plan Rows": 1,
                          "Plan Width": 32,
                          "Plans": [
                            {
                              "Node Type": "Hash Join",
                              "Parent Relationship": "Outer",
                              "Parallel Aware": true,
                              "Async Capable": false,
                              "Join Type": "Inner",
                              "Startup Cost": 708284.85,
                              "Total Cost": 715194.56,
                              "Plan Rows": 135,
                              "Plan Width": 6,
                              "Inner Unique": false,
                              "Hash Cond": "(customer_address_1.ca_address_sk = customer_1.c_current_addr_sk)",
                              "Plans": [
                                {
                                  "Node Type": "Seq Scan",
                                  "Parent Relationship": "Outer",
                                  "Parallel Aware": true,
                                  "Async Capable": false,
                                  "Relation Name": "customer_address",
                                  "Alias": "customer_address_1",
                                  "Startup Cost": 0.0,
                                  "Total Cost": 6737.08,
                                  "Plan Rows": 45885,
                                  "Plan Width": 4,
                                  "Filter": "(ca_gmt_offset = '-6'::numeric)",
                                  "parent": 28,
                                  "ID": 29
                                },
                                {
                                  "Node Type": "Hash",
                                  "Parent Relationship": "Inner",
                                  "Parallel Aware": true,
                                  "Async Capable": false,
                                  "Startup Cost": 708281.04,
                                  "Total Cost": 708281.04,
                                  "Plan Rows": 305,
                                  "Plan Width": 10,
                                  "Plans": [
                                    {
                                      "Node Type": "Hash Join",
                                      "Parent Relationship": "Outer",
                                      "Parallel Aware": true,
                                      "Async Capable": false,
                                      "Join Type": "Inner",
                                      "Startup Cost": 691580.19,
                                      "Total Cost": 708281.04,
                                      "Plan Rows": 305,
                                      "Plan Width": 10,
                                      "Inner Unique": false,
                                      "Hash Cond": "(customer_1.c_customer_sk = store_sales_1.ss_customer_sk)",
                                      "Plans": [
                                        {
                                          "Node Type": "Seq Scan",
                                          "Parent Relationship": "Outer",
                                          "Parallel Aware": true,
                                          "Async Capable": false,
                                          "Relation Name": "customer",
                                          "Alias": "customer_1",
                                          "Startup Cost": 0.0,
                                          "Total Cost": 15918.33,
                                          "Plan Rows": 208333,
                                          "Plan Width": 8,
                                          "parent": 31,
                                          "ID": 32
                                        },
                                        {
                                          "Node Type": "Hash",
                                          "Parent Relationship": "Inner",
                                          "Parallel Aware": true,
                                          "Async Capable": false,
                                          "Startup Cost": 691576.19,
                                          "Total Cost": 691576.19,
                                          "Plan Rows": 320,
                                          "Plan Width": 10,
                                          "Plans": [
                                            {
                                              "Node Type": "Hash Join",
                                              "Parent Relationship": "Outer",
                                              "Parallel Aware": false,
                                              "Async Capable": false,
                                              "Join Type": "Inner",
                                              "Startup Cost": 9606.56,
                                              "Total Cost": 691576.19,
                                              "Plan Rows": 320,
                                              "Plan Width": 10,
                                              "Inner Unique": false,
                                              "Hash Cond": "(store_sales_1.ss_store_sk = store_1.s_store_sk)",
                                              "Plans": [
                                                {
                                                  "Node Type": "Hash Join",
                                                  "Parent Relationship": "Outer",
                                                  "Parallel Aware": true,
                                                  "Async Capable": false,
                                                  "Join Type": "Inner",
                                                  "Startup Cost": 9599.4,
                                                  "Total Cost": 691564.02,
                                                  "Plan Rows": 481,
                                                  "Plan Width": 14,
                                                  "Inner Unique": false,
                                                  "Hash Cond": "(store_sales_1.ss_item_sk = item_1.i_item_sk)",
                                                  "Plans": [
                                                    {
                                                      "Node Type": "Hash Join",
                                                      "Parent Relationship": "Outer",
                                                      "Parallel Aware": true,
                                                      "Async Capable": false,
                                                      "Join Type": "Inner",
                                                      "Startup Cost": 2049.78,
                                                      "Total Cost": 683994.75,
                                                      "Plan Rows": 4703,
                                                      "Plan Width": 18,
                                                      "Inner Unique": false,
                                                      "Hash Cond": "(store_sales_1.ss_sold_date_sk = date_dim_1.d_date_sk)",
                                                      "Plans": [
                                                        {
                                                          "Node Type": "Seq Scan",
                                                          "Parent Relationship": "Outer",
                                                          "Parallel Aware": true,
                                                          "Async Capable": false,
                                                          "Relation Name": "store_sales",
                                                          "Alias": "store_sales_1",
                                                          "Startup Cost": 0.0,
                                                          "Total Cost": 636914.37,
                                                          "Plan Rows": 12000637,
                                                          "Plan Width": 22,
                                                          "parent": 36,
                                                          "ID": 37
                                                        },
                                                        {
                                                          "Node Type": "Hash",
                                                          "Parent Relationship": "Inner",
                                                          "Parallel Aware": true,
                                                          "Async Capable": false,
                                                          "Startup Cost": 2049.55,
                                                          "Total Cost": 2049.55,
                                                          "Plan Rows": 18,
                                                          "Plan Width": 4,
                                                          "Plans": [
                                                            {
                                                              "Node Type": "Seq Scan",
                                                              "Parent Relationship": "Outer",
                                                              "Parallel Aware": true,
                                                              "Async Capable": false,
                                                              "Relation Name": "date_dim",
                                                              "Alias": "date_dim_1",
                                                              "Startup Cost": 0.0,
                                                              "Total Cost": 2049.55,
                                                              "Plan Rows": 18,
                                                              "Plan Width": 4,
                                                              "Filter": "((d_year = 1999) AND (d_moy = 12))",
                                                              "parent": 38,
                                                              "ID": 39
                                                            }
                                                          ],
                                                          "parent": 36,
                                                          "ID": 38,
                                                          "left": 39
                                                        }
                                                      ],
                                                      "parent": 35,
                                                      "ID": 36,
                                                      "left": 37,
                                                      "right": 38
                                                    },
                                                    {
                                                      "Node Type": "Hash",
                                                      "Parent Relationship": "Inner",
                                                      "Parallel Aware": true,
                                                      "Async Capable": false,
                                                      "Startup Cost": 7495.25,
                                                      "Total Cost": 7495.25,
                                                      "Plan Rows": 4350,
                                                      "Plan Width": 4,
                                                      "Plans": [
                                                        {
                                                          "Node Type": "Seq Scan",
                                                          "Parent Relationship": "Outer",
                                                          "Parallel Aware": true,
                                                          "Async Capable": false,
                                                          "Relation Name": "item",
                                                          "Alias": "item_1",
                                                          "Startup Cost": 0.0,
                                                          "Total Cost": 7495.25,
                                                          "Plan Rows": 4350,
                                                          "Plan Width": 4,
                                                          "Filter": "(i_category = 'Sports'::bpchar)",
                                                          "parent": 40,
                                                          "ID": 41
                                                        }
                                                      ],
                                                      "parent": 35,
                                                      "ID": 40,
                                                      "left": 41
                                                    }
                                                  ],
                                                  "parent": 34,
                                                  "ID": 35,
                                                  "left": 36,
                                                  "right": 40
                                                },
                                                {
                                                  "Node Type": "Hash",
                                                  "Parent Relationship": "Inner",
                                                  "Parallel Aware": false,
                                                  "Async Capable": false,
                                                  "Startup Cost": 6.28,
                                                  "Total Cost": 6.28,
                                                  "Plan Rows": 71,
                                                  "Plan Width": 4,
                                                  "Plans": [
                                                    {
                                                      "Node Type": "Seq Scan",
                                                      "Parent Relationship": "Outer",
                                                      "Parallel Aware": false,
                                                      "Async Capable": false,
                                                      "Relation Name": "store",
                                                      "Alias": "store_1",
                                                      "Startup Cost": 0.0,
                                                      "Total Cost": 6.28,
                                                      "Plan Rows": 71,
                                                      "Plan Width": 4,
                                                      "Filter": "(s_gmt_offset = '-6'::numeric)",
                                                      "parent": 42,
                                                      "ID": 43
                                                    }
                                                  ],
                                                  "parent": 34,
                                                  "ID": 42,
                                                  "left": 43
                                                }
                                              ],
                                              "parent": 33,
                                              "ID": 34,
                                              "left": 35,
                                              "right": 42
                                            }
                                          ],
                                          "parent": 31,
                                          "ID": 33,
                                          "left": 34
                                        }
                                      ],
                                      "parent": 30,
                                      "ID": 31,
                                      "left": 32,
                                      "right": 33
                                    }
                                  ],
                                  "parent": 28,
                                  "ID": 30,
                                  "left": 31
                                }
                              ],
                              "parent": 27,
                              "ID": 28,
                              "left": 29,
                              "right": 30
                            }
                          ],
                          "parent": 26,
                          "ID": 27,
                          "left": 28
                        }
                      ],
                      "parent": 25,
                      "ID": 26,
                      "left": 27
                    }
                  ],
                  "parent": 2,
                  "ID": 25,
                  "left": 26
                }
              ],
              "parent": 1,
              "ID": 2,
              "left": 3,
              "right": 25
            }
          ],
          "parent": 0,
          "ID": 1,
          "left": 2
        }
      ],
      "parent": null,
      "ID": 0,
      "left": 1
    },
    "feat": {
      "utility": 0.0028609725015393854,
      "query_shape": [
        [
          "Seq Scan",
          "Hash Join",
          "Aggregate",
          "Gather",
          "Nested Loop",
          "Sort"
        ],
        [
          "Seq Scan",
          "Hash Join",
          "Hash",
          "Aggregate",
          "Gather",
          "Nested Loop",
          "Sort"
        ],
        [
          "Seq Scan",
          "Hash Join",
          "Hash",
          "Aggregate",
          "Gather",
          "Nested Loop",
          "Sort"
        ],
        [
          "Seq Scan",
          "Hash",
          "Hash Join",
          "Aggregate",
          "Gather",
          "Nested Loop",
          "Sort"
        ],
        [
          "Seq Scan",
          "Hash",
          "Hash Join",
          "Aggregate",
          "Gather",
          "Nested Loop",
          "Sort"
        ],
        [
          "Seq Scan",
          "Hash",
          "Hash Join",
          "Aggregate",
          "Gather",
          "Nested Loop",
          "Sort"
        ],
        [
          "Seq Scan",
          "Hash",
          "Hash Join",
          "Aggregate",
          "Gather",
          "Nested Loop",
          "Sort"
        ],
        [
          "Seq Scan",
          "Hash Join",
          "Aggregate",
          "Gather",
          "Nested Loop",
          "Sort"
        ],
        [
          "Seq Scan",
          "Hash Join",
          "Hash",
          "Aggregate",
          "Gather",
          "Nested Loop",
          "Sort"
        ],
        [
          "Seq Scan",
          "Hash Join",
          "Hash",
          "Aggregate",
          "Gather",
          "Nested Loop",
          "Sort"
        ],
        [
          "Seq Scan",
          "Hash",
          "Hash Join",
          "Aggregate",
          "Gather",
          "Nested Loop",
          "Sort"
        ],
        [
          "Seq Scan",
          "Hash",
          "Hash Join",
          "Aggregate",
          "Gather",
          "Nested Loop",
          "Sort"
        ],
        [
          "Seq Scan",
          "Hash",
          "Hash Join",
          "Aggregate",
          "Gather",
          "Nested Loop",
          "Sort"
        ]
      ],
      "index_shape": [
        "selection"
      ],
      "physical_operator": {
        "Seq Scan": [
          0.0002464099440101508,
          0.0002464099440101508
        ]
      }
    }
  },
  {
    "query": "select  promotions,total,cast(promotions as decimal(15,4))/cast(total as decimal(15,4))*100\nfrom\n  (select sum(ss_ext_sales_price) promotions\n   from  store_sales\n        ,store\n        ,promotion\n        ,date_dim\n        ,customer\n        ,customer_address \n        ,item\n   where ss_sold_date_sk = d_date_sk\n   and   ss_store_sk = s_store_sk\n   and   ss_promo_sk = p_promo_sk\n   and   ss_customer_sk= c_customer_sk\n   and   ca_address_sk = c_current_addr_sk\n   and   ss_item_sk = i_item_sk \n   and   ca_gmt_offset = -6\n   and   i_category = 'Sports'\n   and   (p_channel_dmail = 'Y' or p_channel_email = 'Y' or p_channel_tv = 'Y')\n   and   s_gmt_offset = -6\n   and   d_year = 1999\n   and   d_moy  = 12) promotional_sales,\n  (select sum(ss_ext_sales_price) total\n   from  store_sales\n        ,store\n        ,date_dim\n        ,customer\n        ,customer_address\n        ,item\n   where ss_sold_date_sk = d_date_sk\n   and   ss_store_sk = s_store_sk\n   and   ss_customer_sk= c_customer_sk\n   and   ca_address_sk = c_current_addr_sk\n   and   ss_item_sk = i_item_sk\n   and   ca_gmt_offset = -6\n   and   i_category = 'Sports'\n   and   s_gmt_offset = -6\n   and   d_year = 1999\n   and   d_moy  = 12) all_sales\norder by promotions, total\nlimit 100;\n\n-- end query 45 in stream 1 using template query61.tpl\n",
    "indexes": "date_dim.d_moy",
    "wo plan est": {
      "Node Type": "Limit",
      "Parallel Aware": false,
      "Async Capable": false,
      "Startup Cost": 1432411.5,
      "Total Cost": 1432411.51,
      "Plan Rows": 1,
      "Plan Width": 96,
      "Plans": [
        {
          "Node Type": "Sort",
          "Parent Relationship": "Outer",
          "Parallel Aware": false,
          "Async Capable": false,
          "Startup Cost": 1432411.5,
          "Total Cost": 1432411.51,
          "Plan Rows": 1,
          "Plan Width": 96,
          "Sort Key": [
            "(sum(store_sales.ss_ext_sales_price))",
            "(sum(store_sales_1.ss_ext_sales_price))"
          ],
          "Plans": [
            {
              "Node Type": "Nested Loop",
              "Parent Relationship": "Outer",
              "Parallel Aware": false,
              "Async Capable": false,
              "Join Type": "Inner",
              "Startup Cost": 1432411.43,
              "Total Cost": 1432411.49,
              "Plan Rows": 1,
              "Plan Width": 96,
              "Inner Unique": false,
              "Plans": [
                {
                  "Node Type": "Aggregate",
                  "Strategy": "Plain",
                  "Partial Mode": "Finalize",
                  "Parent Relationship": "Outer",
                  "Parallel Aware": false,
                  "Async Capable": false,
                  "Startup Cost": 716216.31,
                  "Total Cost": 716216.32,
                  "Plan Rows": 1,
                  "Plan Width": 32,
                  "Plans": [
                    {
                      "Node Type": "Gather",
                      "Parent Relationship": "Outer",
                      "Parallel Aware": false,
                      "Async Capable": false,
                      "Startup Cost": 716216.08,
                      "Total Cost": 716216.29,
                      "Plan Rows": 2,
                      "Plan Width": 32,
                      "Workers Planned": 2,
                      "Single Copy": false,
                      "Plans": [
                        {
                          "Node Type": "Aggregate",
                          "Strategy": "Plain",
                          "Partial Mode": "Partial",
                          "Parent Relationship": "Outer",
                          "Parallel Aware": false,
                          "Async Capable": false,
                          "Startup Cost": 715216.08,
                          "Total Cost": 715216.09,
                          "Plan Rows": 1,
                          "Plan Width": 32,
                          "Plans": [
                            {
                              "Node Type": "Hash Join",
                              "Parent Relationship": "Outer",
                              "Parallel Aware": true,
                              "Async Capable": false,
                              "Join Type": "Inner",
                              "Startup Cost": 708306.5,
                              "Total Cost": 715215.92,
                              "Plan Rows": 65,
                              "Plan Width": 6,
                              "Inner Unique": false,
                              "Hash Cond": "(customer_address.ca_address_sk = customer.c_current_addr_sk)",
                              "Plans": [
                                {
                                  "Node Type": "Seq Scan",
                                  "Parent Relationship": "Outer",
                                  "Parallel Aware": true,
                                  "Async Capable": false,
                                  "Relation Name": "customer_address",
                                  "Alias": "customer_address",
                                  "Startup Cost": 0.0,
                                  "Total Cost": 6737.08,
                                  "Plan Rows": 45885,
                                  "Plan Width": 4,
                                  "Filter": "(ca_gmt_offset = '-6'::numeric)",
                                  "parent": 6,
                                  "ID": 7
                                },
                                {
                                  "Node Type": "Hash",
                                  "Parent Relationship": "Inner",
                                  "Parallel Aware": true,
                                  "Async Capable": false,
                                  "Startup Cost": 708304.67,
                                  "Total Cost": 708304.67,
                                  "Plan Rows": 146,
                                  "Plan Width": 10,
                                  "Plans": [
                                    {
                                      "Node Type": "Hash Join",
                                      "Parent Relationship": "Outer",
                                      "Parallel Aware": true,
                                      "Async Capable": false,
                                      "Join Type": "Inner",
                                      "Startup Cost": 691604.48,
                                      "Total Cost": 708304.67,
                                      "Plan Rows": 146,
                                      "Plan Width": 10,
                                      "Inner Unique": false,
                                      "Hash Cond": "(customer.c_customer_sk = store_sales.ss_customer_sk)",
                                      "Plans": [
                                        {
                                          "Node Type": "Seq Scan",
                                          "Parent Relationship": "Outer",
                                          "Parallel Aware": true,
                                          "Async Capable": false,
                                          "Relation Name": "customer",
                                          "Alias": "customer",
                                          "Startup Cost": 0.0,
                                          "Total Cost": 15918.33,
                                          "Plan Rows": 208333,
                                          "Plan Width": 8,
                                          "parent": 9,
                                          "ID": 10
                                        },
                                        {
                                          "Node Type": "Hash",
                                          "Parent Relationship": "Inner",
                                          "Parallel Aware": true,
                                          "Async Capable": false,
                                          "Startup Cost": 691602.57,
                                          "Total Cost": 691602.57,
                                          "Plan Rows": 153,
                                          "Plan Width": 10,
                                          "Plans": [
                                            {
                                              "Node Type": "Hash Join",
                                              "Parent Relationship": "Outer",
                                              "Parallel Aware": false,
                                              "Async Capable": false,
                                              "Join Type": "Inner",
                                              "Startup Cost": 9631.45,
                                              "Total Cost": 691602.57,
                                              "Plan Rows": 153,
                                              "Plan Width": 10,
                                              "Inner Unique": false,
                                              "Hash Cond": "(store_sales.ss_store_sk = store.s_store_sk)",
                                              "Plans": [
                                                {
                                                  "Node Type": "Hash Join",
                                                  "Parent Relationship": "Outer",
                                                  "Parallel Aware": false,
                                                  "Async Capable": false,
                                                  "Join Type": "Inner",
                                                  "Startup Cost": 9624.29,
                                                  "Total Cost": 691593.01,
                                                  "Plan Rows": 230,
                                                  "Plan Width": 14,
                                                  "Inner Unique": false,
                                                  "Hash Cond": "(store_sales.ss_promo_sk = promotion.p_promo_sk)",
                                                  "Plans": [
                                                    {
                                                      "Node Type": "Hash Join",
                                                      "Parent Relationship": "Outer",
                                                      "Parallel Aware": true,
                                                      "Async Capable": false,
                                                      "Join Type": "Inner",
                                                      "Startup Cost": 9599.4,
                                                      "Total Cost": 691564.02,
                                                      "Plan Rows": 481,
                                                      "Plan Width": 18,
                                                      "Inner Unique": false,
                                                      "Hash Cond": "(store_sales.ss_item_sk = item.i_item_sk)",
                                                      "Plans": [
                                                        {
                                                          "Node Type": "Hash Join",
                                                          "Parent Relationship": "Outer",
                                                          "Parallel Aware": true,
                                                          "Async Capable": false,
                                                          "Join Type": "Inner",
                                                          "Startup Cost": 2049.78,
                                                          "Total Cost": 683994.75,
                                                          "Plan Rows": 4703,
                                                          "Plan Width": 22,
                                                          "Inner Unique": false,
                                                          "Hash Cond": "(store_sales.ss_sold_date_sk = date_dim.d_date_sk)",
                                                          "Plans": [
                                                            {
                                                              "Node Type": "Seq Scan",
                                                              "Parent Relationship": "Outer",
                                                              "Parallel Aware": true,
                                                              "Async Capable": false,
                                                              "Relation Name": "store_sales",
                                                              "Alias": "store_sales",
                                                              "Startup Cost": 0.0,
                                                              "Total Cost": 636914.37,
                                                              "Plan Rows": 12000637,
                                                              "Plan Width": 26,
                                                              "parent": 15,
                                                              "ID": 16
                                                            },
                                                            {
                                                              "Node Type": "Hash",
                                                              "Parent Relationship": "Inner",
                                                              "Parallel Aware": true,
                                                              "Async Capable": false,
                                                              "Startup Cost": 2049.55,
                                                              "Total Cost": 2049.55,
                                                              "Plan Rows": 18,
                                                              "Plan Width": 4,
                                                              "Plans": [
                                                                {
                                                                  "Node Type": "Seq Scan",
                                                                  "Parent Relationship": "Outer",
                                                                  "Parallel Aware": true,
                                                                  "Async Capable": false,
                                                                  "Relation Name": "date_dim",
                                                                  "Alias": "date_dim",
                                                                  "Startup Cost": 0.0,
                                                                  "Total Cost": 2049.55,
                                                                  "Plan Rows": 18,
                                                                  "Plan Width": 4,
                                                                  "Filter": "((d_year = 1999) AND (d_moy = 12))",
                                                                  "parent": 17,
                                                                  "ID": 18
                                                                }
                                                              ],
                                                              "parent": 15,
                                                              "ID": 17,
                                                              "left": 18
                                                            }
                                                          ],
                                                          "parent": 14,
                                                          "ID": 15,
                                                          "left": 16,
                                                          "right": 17
                                                        },
                                                        {
                                                          "Node Type": "Hash",
                                                          "Parent Relationship": "Inner",
                                                          "Parallel Aware": true,
                                                          "Async Capable": false,
                                                          "Startup Cost": 7495.25,
                                                          "Total Cost": 7495.25,
                                                          "Plan Rows": 4350,
                                                          "Plan Width": 4,
                                                          "Plans": [
                                                            {
                                                              "Node Type": "Seq Scan",
                                                              "Parent Relationship": "Outer",
                                                              "Parallel Aware": true,
                                                              "Async Capable": false,
                                                              "Relation Name": "item",
                                                              "Alias": "item",
                                                              "Startup Cost": 0.0,
                                                              "Total Cost": 7495.25,
                                                              "Plan Rows": 4350,
                                                              "Plan Width": 4,
                                                              "Filter": "(i_category = 'Sports'::bpchar)",
                                                              "parent": 19,
                                                              "ID": 20
                                                            }
                                                          ],
                                                          "parent": 14,
                                                          "ID": 19,
                                                          "left": 20
                                                        }
                                                      ],
                                                      "parent": 13,
                                                      "ID": 14,
                                                      "left": 15,
                                                      "right": 19
                                                    },
                                                    {
                                                      "Node Type": "Hash",
                                                      "Parent Relationship": "Inner",
                                                      "Parallel Aware": false,
                                                      "Async Capable": false,
                                                      "Startup Cost": 21.75,
                                                      "Total Cost": 21.75,
                                                      "Plan Rows": 251,
                                                      "Plan Width": 4,
                                                      "Plans": [
                                                        {
                                                          "Node Type": "Seq Scan",
                                                          "Parent Relationship": "Outer",
                                                          "Parallel Aware": false,
                                                          "Async Capable": false,
                                                          "Relation Name": "promotion",
                                                          "Alias": "promotion",
                                                          "Startup Cost": 0.0,
                                                          "Total Cost": 21.75,
                                                          "Plan Rows": 251,
                                                          "Plan Width": 4,
                                                          "Filter": "((p_channel_dmail = 'Y'::bpchar) OR (p_channel_email = 'Y'::bpchar) OR (p_channel_tv = 'Y'::bpchar))",
                                                          "parent": 21,
                                                          "ID": 22
                                                        }
                                                      ],
                                                      "parent": 13,
                                                      "ID": 21,
                                                      "left": 22
                                                    }
                                                  ],
                                                  "parent": 12,
                                                  "ID": 13,
                                                  "left": 14,
                                                  "right": 21
                                                },
                                                {
                                                  "Node Type": "Hash",
                                                  "Parent Relationship": "Inner",
                                                  "Parallel Aware": false,
                                                  "Async Capable": false,
                                                  "Startup Cost": 6.28,
                                                  "Total Cost": 6.28,
                                                  "Plan Rows": 71,
                                                  "Plan Width": 4,
                                                  "Plans": [
                                                    {
                                                      "Node Type": "Seq Scan",
                                                      "Parent Relationship": "Outer",
                                                      "Parallel Aware": false,
                                                      "Async Capable": false,
                                                      "Relation Name": "store",
                                                      "Alias": "store",
                                                      "Startup Cost": 0.0,
                                                      "Total Cost": 6.28,
                                                      "Plan Rows": 71,
                                                      "Plan Width": 4,
                                                      "Filter": "(s_gmt_offset = '-6'::numeric)",
                                                      "parent": 23,
                                                      "ID": 24
                                                    }
                                                  ],
                                                  "parent": 12,
                                                  "ID": 23,
                                                  "left": 24
                                                }
                                              ],
                                              "parent": 11,
                                              "ID": 12,
                                              "left": 13,
                                              "right": 23
                                            }
                                          ],
                                          "parent": 9,
                                          "ID": 11,
                                          "left": 12
                                        }
                                      ],
                                      "parent": 8,
                                      "ID": 9,
                                      "left": 10,
                                      "right": 11
                                    }
                                  ],
                                  "parent": 6,
                                  "ID": 8,
                                  "left": 9
                                }
                              ],
                              "parent": 5,
                              "ID": 6,
                              "left": 7,
                              "right": 8
                            }
                          ],
                          "parent": 4,
                          "ID": 5,
                          "left": 6
                        }
                      ],
                      "parent": 3,
                      "ID": 4,
                      "left": 5
                    }
                  ],
                  "parent": 2,
                  "ID": 3,
                  "left": 4
                },
                {
                  "Node Type": "Aggregate",
                  "Strategy": "Plain",
                  "Partial Mode": "Finalize",
                  "Parent Relationship": "Inner",
                  "Parallel Aware": false,
                  "Async Capable": false,
                  "Startup Cost": 716195.13,
                  "Total Cost": 716195.14,
                  "Plan Rows": 1,
                  "Plan Width": 32,
                  "Plans": [
                    {
                      "Node Type": "Gather",
                      "Parent Relationship": "Outer",
                      "Parallel Aware": false,
                      "Async Capable": false,
                      "Startup Cost": 716194.9,
                      "Total Cost": 716195.11,
                      "Plan Rows": 2,
                      "Plan Width": 32,
                      "Workers Planned": 2,
                      "Single Copy": false,
                      "Plans": [
                        {
                          "Node Type": "Aggregate",
                          "Strategy": "Plain",
                          "Partial Mode": "Partial",
                          "Parent Relationship": "Outer",
                          "Parallel Aware": false,
                          "Async Capable": false,
                          "Startup Cost": 715194.9,
                          "Total Cost": 715194.91,
                          "Plan Rows": 1,
                          "Plan Width": 32,
                          "Plans": [
                            {
                              "Node Type": "Hash Join",
                              "Parent Relationship": "Outer",
                              "Parallel Aware": true,
                              "Async Capable": false,
                              "Join Type": "Inner",
                              "Startup Cost": 708284.85,
                              "Total Cost": 715194.56,
                              "Plan Rows": 135,
                              "Plan Width": 6,
                              "Inner Unique": false,
                              "Hash Cond": "(customer_address_1.ca_address_sk = customer_1.c_current_addr_sk)",
                              "Plans": [
                                {
                                  "Node Type": "Seq Scan",
                                  "Parent Relationship": "Outer",
                                  "Parallel Aware": true,
                                  "Async Capable": false,
                                  "Relation Name": "customer_address",
                                  "Alias": "customer_address_1",
                                  "Startup Cost": 0.0,
                                  "Total Cost": 6737.08,
                                  "Plan Rows": 45885,
                                  "Plan Width": 4,
                                  "Filter": "(ca_gmt_offset = '-6'::numeric)",
                                  "parent": 28,
                                  "ID": 29
                                },
                                {
                                  "Node Type": "Hash",
                                  "Parent Relationship": "Inner",
                                  "Parallel Aware": true,
                                  "Async Capable": false,
                                  "Startup Cost": 708281.04,
                                  "Total Cost": 708281.04,
                                  "Plan Rows": 305,
                                  "Plan Width": 10,
                                  "Plans": [
                                    {
                                      "Node Type": "Hash Join",
                                      "Parent Relationship": "Outer",
                                      "Parallel Aware": true,
                                      "Async Capable": false,
                                      "Join Type": "Inner",
                                      "Startup Cost": 691580.19,
                                      "Total Cost": 708281.04,
                                      "Plan Rows": 305,
                                      "Plan Width": 10,
                                      "Inner Unique": false,
                                      "Hash Cond": "(customer_1.c_customer_sk = store_sales_1.ss_customer_sk)",
                                      "Plans": [
                                        {
                                          "Node Type": "Seq Scan",
                                          "Parent Relationship": "Outer",
                                          "Parallel Aware": true,
                                          "Async Capable": false,
                                          "Relation Name": "customer",
                                          "Alias": "customer_1",
                                          "Startup Cost": 0.0,
                                          "Total Cost": 15918.33,
                                          "Plan Rows": 208333,
                                          "Plan Width": 8,
                                          "parent": 31,
                                          "ID": 32
                                        },
                                        {
                                          "Node Type": "Hash",
                                          "Parent Relationship": "Inner",
                                          "Parallel Aware": true,
                                          "Async Capable": false,
                                          "Startup Cost": 691576.19,
                                          "Total Cost": 691576.19,
                                          "Plan Rows": 320,
                                          "Plan Width": 10,
                                          "Plans": [
                                            {
                                              "Node Type": "Hash Join",
                                              "Parent Relationship": "Outer",
                                              "Parallel Aware": false,
                                              "Async Capable": false,
                                              "Join Type": "Inner",
                                              "Startup Cost": 9606.56,
                                              "Total Cost": 691576.19,
                                              "Plan Rows": 320,
                                              "Plan Width": 10,
                                              "Inner Unique": false,
                                              "Hash Cond": "(store_sales_1.ss_store_sk = store_1.s_store_sk)",
                                              "Plans": [
                                                {
                                                  "Node Type": "Hash Join",
                                                  "Parent Relationship": "Outer",
                                                  "Parallel Aware": true,
                                                  "Async Capable": false,
                                                  "Join Type": "Inner",
                                                  "Startup Cost": 9599.4,
                                                  "Total Cost": 691564.02,
                                                  "Plan Rows": 481,
                                                  "Plan Width": 14,
                                                  "Inner Unique": false,
                                                  "Hash Cond": "(store_sales_1.ss_item_sk = item_1.i_item_sk)",
                                                  "Plans": [
                                                    {
                                                      "Node Type": "Hash Join",
                                                      "Parent Relationship": "Outer",
                                                      "Parallel Aware": true,
                                                      "Async Capable": false,
                                                      "Join Type": "Inner",
                                                      "Startup Cost": 2049.78,
                                                      "Total Cost": 683994.75,
                                                      "Plan Rows": 4703,
                                                      "Plan Width": 18,
                                                      "Inner Unique": false,
                                                      "Hash Cond": "(store_sales_1.ss_sold_date_sk = date_dim_1.d_date_sk)",
                                                      "Plans": [
                                                        {
                                                          "Node Type": "Seq Scan",
                                                          "Parent Relationship": "Outer",
                                                          "Parallel Aware": true,
                                                          "Async Capable": false,
                                                          "Relation Name": "store_sales",
                                                          "Alias": "store_sales_1",
                                                          "Startup Cost": 0.0,
                                                          "Total Cost": 636914.37,
                                                          "Plan Rows": 12000637,
                                                          "Plan Width": 22,
                                                          "parent": 36,
                                                          "ID": 37
                                                        },
                                                        {
                                                          "Node Type": "Hash",
                                                          "Parent Relationship": "Inner",
                                                          "Parallel Aware": true,
                                                          "Async Capable": false,
                                                          "Startup Cost": 2049.55,
                                                          "Total Cost": 2049.55,
                                                          "Plan Rows": 18,
                                                          "Plan Width": 4,
                                                          "Plans": [
                                                            {
                                                              "Node Type": "Seq Scan",
                                                              "Parent Relationship": "Outer",
                                                              "Parallel Aware": true,
                                                              "Async Capable": false,
                                                              "Relation Name": "date_dim",
                                                              "Alias": "date_dim_1",
                                                              "Startup Cost": 0.0,
                                                              "Total Cost": 2049.55,
                                                              "Plan Rows": 18,
                                                              "Plan Width": 4,
                                                              "Filter": "((d_year = 1999) AND (d_moy = 12))",
                                                              "parent": 38,
                                                              "ID": 39
                                                            }
                                                          ],
                                                          "parent": 36,
                                                          "ID": 38,
                                                          "left": 39
                                                        }
                                                      ],
                                                      "parent": 35,
                                                      "ID": 36,
                                                      "left": 37,
                                                      "right": 38
                                                    },
                                                    {
                                                      "Node Type": "Hash",
                                                      "Parent Relationship": "Inner",
                                                      "Parallel Aware": true,
                                                      "Async Capable": false,
                                                      "Startup Cost": 7495.25,
                                                      "Total Cost": 7495.25,
                                                      "Plan Rows": 4350,
                                                      "Plan Width": 4,
                                                      "Plans": [
                                                        {
                                                          "Node Type": "Seq Scan",
                                                          "Parent Relationship": "Outer",
                                                          "Parallel Aware": true,
                                                          "Async Capable": false,
                                                          "Relation Name": "item",
                                                          "Alias": "item_1",
                                                          "Startup Cost": 0.0,
                                                          "Total Cost": 7495.25,
                                                          "Plan Rows": 4350,
                                                          "Plan Width": 4,
                                                          "Filter": "(i_category = 'Sports'::bpchar)",
                                                          "parent": 40,
                                                          "ID": 41
                                                        }
                                                      ],
                                                      "parent": 35,
                                                      "ID": 40,
                                                      "left": 41
                                                    }
                                                  ],
                                                  "parent": 34,
                                                  "ID": 35,
                                                  "left": 36,
                                                  "right": 40
                                                },
                                                {
                                                  "Node Type": "Hash",
                                                  "Parent Relationship": "Inner",
                                                  "Parallel Aware": false,
                                                  "Async Capable": false,
                                                  "Startup Cost": 6.28,
                                                  "Total Cost": 6.28,
                                                  "Plan Rows": 71,
                                                  "Plan Width": 4,
                                                  "Plans": [
                                                    {
                                                      "Node Type": "Seq Scan",
                                                      "Parent Relationship": "Outer",
                                                      "Parallel Aware": false,
                                                      "Async Capable": false,
                                                      "Relation Name": "store",
                                                      "Alias": "store_1",
                                                      "Startup Cost": 0.0,
                                                      "Total Cost": 6.28,
                                                      "Plan Rows": 71,
                                                      "Plan Width": 4,
                                                      "Filter": "(s_gmt_offset = '-6'::numeric)",
                                                      "parent": 42,
                                                      "ID": 43
                                                    }
                                                  ],
                                                  "parent": 34,
                                                  "ID": 42,
                                                  "left": 43
                                                }
                                              ],
                                              "parent": 33,
                                              "ID": 34,
                                              "left": 35,
                                              "right": 42
                                            }
                                          ],
                                          "parent": 31,
                                          "ID": 33,
                                          "left": 34
                                        }
                                      ],
                                      "parent": 30,
                                      "ID": 31,
                                      "left": 32,
                                      "right": 33
                                    }
                                  ],
                                  "parent": 28,
                                  "ID": 30,
                                  "left": 31
                                }
                              ],
                              "parent": 27,
                              "ID": 28,
                              "left": 29,
                              "right": 30
                            }
                          ],
                          "parent": 26,
                          "ID": 27,
                          "left": 28
                        }
                      ],
                      "parent": 25,
                      "ID": 26,
                      "left": 27
                    }
                  ],
                  "parent": 2,
                  "ID": 25,
                  "left": 26
                }
              ],
              "parent": 1,
              "ID": 2,
              "left": 3,
              "right": 25
            }
          ],
          "parent": 0,
          "ID": 1,
          "left": 2
        }
      ],
      "parent": null,
      "ID": 0,
      "left": 1
    },
    "feat": {
      "utility": 0.0028609725015393854,
      "query_shape": [
        [
          "Seq Scan",
          "Hash Join",
          "Aggregate",
          "Gather",
          "Nested Loop",
          "Sort"
        ],
        [
          "Seq Scan",
          "Hash Join",
          "Hash",
          "Aggregate",
          "Gather",
          "Nested Loop",
          "Sort"
        ],
        [
          "Seq Scan",
          "Hash Join",
          "Hash",
          "Aggregate",
          "Gather",
          "Nested Loop",
          "Sort"
        ],
        [
          "Seq Scan",
          "Hash",
          "Hash Join",
          "Aggregate",
          "Gather",
          "Nested Loop",
          "Sort"
        ],
        [
          "Seq Scan",
          "Hash",
          "Hash Join",
          "Aggregate",
          "Gather",
          "Nested Loop",
          "Sort"
        ],
        [
          "Seq Scan",
          "Hash",
          "Hash Join",
          "Aggregate",
          "Gather",
          "Nested Loop",
          "Sort"
        ],
        [
          "Seq Scan",
          "Hash",
          "Hash Join",
          "Aggregate",
          "Gather",
          "Nested Loop",
          "Sort"
        ],
        [
          "Seq Scan",
          "Hash Join",
          "Aggregate",
          "Gather",
          "Nested Loop",
          "Sort"
        ],
        [
          "Seq Scan",
          "Hash Join",
          "Hash",
          "Aggregate",
          "Gather",
          "Nested Loop",
          "Sort"
        ],
        [
          "Seq Scan",
          "Hash Join",
          "Hash",
          "Aggregate",
          "Gather",
          "Nested Loop",
          "Sort"
        ],
        [
          "Seq Scan",
          "Hash",
          "Hash Join",
          "Aggregate",
          "Gather",
          "Nested Loop",
          "Sort"
        ],
        [
          "Seq Scan",
          "Hash",
          "Hash Join",
          "Aggregate",
          "Gather",
          "Nested Loop",
          "Sort"
        ],
        [
          "Seq Scan",
          "Hash",
          "Hash Join",
          "Aggregate",
          "Gather",
          "Nested Loop",
          "Sort"
        ]
      ],
      "index_shape": [
        "selection"
      ],
      "physical_operator": {
        "Seq Scan": [
          0.0002464099440101508,
          0.0002464099440101508
        ]
      }
    }
  },
  {
    "query": "select  promotions,total,cast(promotions as decimal(15,4))/cast(total as decimal(15,4))*100\nfrom\n  (select sum(ss_ext_sales_price) promotions\n   from  store_sales\n        ,store\n        ,promotion\n        ,date_dim\n        ,customer\n        ,customer_address \n        ,item\n   where ss_sold_date_sk = d_date_sk\n   and   ss_store_sk = s_store_sk\n   and   ss_promo_sk = p_promo_sk\n   and   ss_customer_sk= c_customer_sk\n   and   ca_address_sk = c_current_addr_sk\n   and   ss_item_sk = i_item_sk \n   and   ca_gmt_offset = -6\n   and   i_category = 'Sports'\n   and   (p_channel_dmail = 'Y' or p_channel_email = 'Y' or p_channel_tv = 'Y')\n   and   s_gmt_offset = -6\n   and   d_year = 1999\n   and   d_moy  = 12) promotional_sales,\n  (select sum(ss_ext_sales_price) total\n   from  store_sales\n        ,store\n        ,date_dim\n        ,customer\n        ,customer_address\n        ,item\n   where ss_sold_date_sk = d_date_sk\n   and   ss_store_sk = s_store_sk\n   and   ss_customer_sk= c_customer_sk\n   and   ca_address_sk = c_current_addr_sk\n   and   ss_item_sk = i_item_sk\n   and   ca_gmt_offset = -6\n   and   i_category = 'Sports'\n   and   s_gmt_offset = -6\n   and   d_year = 1999\n   and   d_moy  = 12) all_sales\norder by promotions, total\nlimit 100;\n\n-- end query 45 in stream 1 using template query61.tpl\n",
    "indexes": "date_dim.d_date_sk",
    "wo plan est": {
      "Node Type": "Limit",
      "Parallel Aware": false,
      "Async Capable": false,
      "Startup Cost": 1432411.5,
      "Total Cost": 1432411.51,
      "Plan Rows": 1,
      "Plan Width": 96,
      "Plans": [
        {
          "Node Type": "Sort",
          "Parent Relationship": "Outer",
          "Parallel Aware": false,
          "Async Capable": false,
          "Startup Cost": 1432411.5,
          "Total Cost": 1432411.51,
          "Plan Rows": 1,
          "Plan Width": 96,
          "Sort Key": [
            "(sum(store_sales.ss_ext_sales_price))",
            "(sum(store_sales_1.ss_ext_sales_price))"
          ],
          "Plans": [
            {
              "Node Type": "Nested Loop",
              "Parent Relationship": "Outer",
              "Parallel Aware": false,
              "Async Capable": false,
              "Join Type": "Inner",
              "Startup Cost": 1432411.43,
              "Total Cost": 1432411.49,
              "Plan Rows": 1,
              "Plan Width": 96,
              "Inner Unique": false,
              "Plans": [
                {
                  "Node Type": "Aggregate",
                  "Strategy": "Plain",
                  "Partial Mode": "Finalize",
                  "Parent Relationship": "Outer",
                  "Parallel Aware": false,
                  "Async Capable": false,
                  "Startup Cost": 716216.31,
                  "Total Cost": 716216.32,
                  "Plan Rows": 1,
                  "Plan Width": 32,
                  "Plans": [
                    {
                      "Node Type": "Gather",
                      "Parent Relationship": "Outer",
                      "Parallel Aware": false,
                      "Async Capable": false,
                      "Startup Cost": 716216.08,
                      "Total Cost": 716216.29,
                      "Plan Rows": 2,
                      "Plan Width": 32,
                      "Workers Planned": 2,
                      "Single Copy": false,
                      "Plans": [
                        {
                          "Node Type": "Aggregate",
                          "Strategy": "Plain",
                          "Partial Mode": "Partial",
                          "Parent Relationship": "Outer",
                          "Parallel Aware": false,
                          "Async Capable": false,
                          "Startup Cost": 715216.08,
                          "Total Cost": 715216.09,
                          "Plan Rows": 1,
                          "Plan Width": 32,
                          "Plans": [
                            {
                              "Node Type": "Hash Join",
                              "Parent Relationship": "Outer",
                              "Parallel Aware": true,
                              "Async Capable": false,
                              "Join Type": "Inner",
                              "Startup Cost": 708306.5,
                              "Total Cost": 715215.92,
                              "Plan Rows": 65,
                              "Plan Width": 6,
                              "Inner Unique": false,
                              "Hash Cond": "(customer_address.ca_address_sk = customer.c_current_addr_sk)",
                              "Plans": [
                                {
                                  "Node Type": "Seq Scan",
                                  "Parent Relationship": "Outer",
                                  "Parallel Aware": true,
                                  "Async Capable": false,
                                  "Relation Name": "customer_address",
                                  "Alias": "customer_address",
                                  "Startup Cost": 0.0,
                                  "Total Cost": 6737.08,
                                  "Plan Rows": 45885,
                                  "Plan Width": 4,
                                  "Filter": "(ca_gmt_offset = '-6'::numeric)",
                                  "parent": 6,
                                  "ID": 7
                                },
                                {
                                  "Node Type": "Hash",
                                  "Parent Relationship": "Inner",
                                  "Parallel Aware": true,
                                  "Async Capable": false,
                                  "Startup Cost": 708304.67,
                                  "Total Cost": 708304.67,
                                  "Plan Rows": 146,
                                  "Plan Width": 10,
                                  "Plans": [
                                    {
                                      "Node Type": "Hash Join",
                                      "Parent Relationship": "Outer",
                                      "Parallel Aware": true,
                                      "Async Capable": false,
                                      "Join Type": "Inner",
                                      "Startup Cost": 691604.48,
                                      "Total Cost": 708304.67,
                                      "Plan Rows": 146,
                                      "Plan Width": 10,
                                      "Inner Unique": false,
                                      "Hash Cond": "(customer.c_customer_sk = store_sales.ss_customer_sk)",
                                      "Plans": [
                                        {
                                          "Node Type": "Seq Scan",
                                          "Parent Relationship": "Outer",
                                          "Parallel Aware": true,
                                          "Async Capable": false,
                                          "Relation Name": "customer",
                                          "Alias": "customer",
                                          "Startup Cost": 0.0,
                                          "Total Cost": 15918.33,
                                          "Plan Rows": 208333,
                                          "Plan Width": 8,
                                          "parent": 9,
                                          "ID": 10
                                        },
                                        {
                                          "Node Type": "Hash",
                                          "Parent Relationship": "Inner",
                                          "Parallel Aware": true,
                                          "Async Capable": false,
                                          "Startup Cost": 691602.57,
                                          "Total Cost": 691602.57,
                                          "Plan Rows": 153,
                                          "Plan Width": 10,
                                          "Plans": [
                                            {
                                              "Node Type": "Hash Join",
                                              "Parent Relationship": "Outer",
                                              "Parallel Aware": false,
                                              "Async Capable": false,
                                              "Join Type": "Inner",
                                              "Startup Cost": 9631.45,
                                              "Total Cost": 691602.57,
                                              "Plan Rows": 153,
                                              "Plan Width": 10,
                                              "Inner Unique": false,
                                              "Hash Cond": "(store_sales.ss_store_sk = store.s_store_sk)",
                                              "Plans": [
                                                {
                                                  "Node Type": "Hash Join",
                                                  "Parent Relationship": "Outer",
                                                  "Parallel Aware": false,
                                                  "Async Capable": false,
                                                  "Join Type": "Inner",
                                                  "Startup Cost": 9624.29,
                                                  "Total Cost": 691593.01,
                                                  "Plan Rows": 230,
                                                  "Plan Width": 14,
                                                  "Inner Unique": false,
                                                  "Hash Cond": "(store_sales.ss_promo_sk = promotion.p_promo_sk)",
                                                  "Plans": [
                                                    {
                                                      "Node Type": "Hash Join",
                                                      "Parent Relationship": "Outer",
                                                      "Parallel Aware": true,
                                                      "Async Capable": false,
                                                      "Join Type": "Inner",
                                                      "Startup Cost": 9599.4,
                                                      "Total Cost": 691564.02,
                                                      "Plan Rows": 481,
                                                      "Plan Width": 18,
                                                      "Inner Unique": false,
                                                      "Hash Cond": "(store_sales.ss_item_sk = item.i_item_sk)",
                                                      "Plans": [
                                                        {
                                                          "Node Type": "Hash Join",
                                                          "Parent Relationship": "Outer",
                                                          "Parallel Aware": true,
                                                          "Async Capable": false,
                                                          "Join Type": "Inner",
                                                          "Startup Cost": 2049.78,
                                                          "Total Cost": 683994.75,
                                                          "Plan Rows": 4703,
                                                          "Plan Width": 22,
                                                          "Inner Unique": false,
                                                          "Hash Cond": "(store_sales.ss_sold_date_sk = date_dim.d_date_sk)",
                                                          "Plans": [
                                                            {
                                                              "Node Type": "Seq Scan",
                                                              "Parent Relationship": "Outer",
                                                              "Parallel Aware": true,
                                                              "Async Capable": false,
                                                              "Relation Name": "store_sales",
                                                              "Alias": "store_sales",
                                                              "Startup Cost": 0.0,
                                                              "Total Cost": 636914.37,
                                                              "Plan Rows": 12000637,
                                                              "Plan Width": 26,
                                                              "parent": 15,
                                                              "ID": 16
                                                            },
                                                            {
                                                              "Node Type": "Hash",
                                                              "Parent Relationship": "Inner",
                                                              "Parallel Aware": true,
                                                              "Async Capable": false,
                                                              "Startup Cost": 2049.55,
                                                              "Total Cost": 2049.55,
                                                              "Plan Rows": 18,
                                                              "Plan Width": 4,
                                                              "Plans": [
                                                                {
                                                                  "Node Type": "Seq Scan",
                                                                  "Parent Relationship": "Outer",
                                                                  "Parallel Aware": true,
                                                                  "Async Capable": false,
                                                                  "Relation Name": "date_dim",
                                                                  "Alias": "date_dim",
                                                                  "Startup Cost": 0.0,
                                                                  "Total Cost": 2049.55,
                                                                  "Plan Rows": 18,
                                                                  "Plan Width": 4,
                                                                  "Filter": "((d_year = 1999) AND (d_moy = 12))",
                                                                  "parent": 17,
                                                                  "ID": 18
                                                                }
                                                              ],
                                                              "parent": 15,
                                                              "ID": 17,
                                                              "left": 18
                                                            }
                                                          ],
                                                          "parent": 14,
                                                          "ID": 15,
                                                          "left": 16,
                                                          "right": 17
                                                        },
                                                        {
                                                          "Node Type": "Hash",
                                                          "Parent Relationship": "Inner",
                                                          "Parallel Aware": true,
                                                          "Async Capable": false,
                                                          "Startup Cost": 7495.25,
                                                          "Total Cost": 7495.25,
                                                          "Plan Rows": 4350,
                                                          "Plan Width": 4,
                                                          "Plans": [
                                                            {
                                                              "Node Type": "Seq Scan",
                                                              "Parent Relationship": "Outer",
                                                              "Parallel Aware": true,
                                                              "Async Capable": false,
                                                              "Relation Name": "item",
                                                              "Alias": "item",
                                                              "Startup Cost": 0.0,
                                                              "Total Cost": 7495.25,
                                                              "Plan Rows": 4350,
                                                              "Plan Width": 4,
                                                              "Filter": "(i_category = 'Sports'::bpchar)",
                                                              "parent": 19,
                                                              "ID": 20
                                                            }
                                                          ],
                                                          "parent": 14,
                                                          "ID": 19,
                                                          "left": 20
                                                        }
                                                      ],
                                                      "parent": 13,
                                                      "ID": 14,
                                                      "left": 15,
                                                      "right": 19
                                                    },
                                                    {
                                                      "Node Type": "Hash",
                                                      "Parent Relationship": "Inner",
                                                      "Parallel Aware": false,
                                                      "Async Capable": false,
                                                      "Startup Cost": 21.75,
                                                      "Total Cost": 21.75,
                                                      "Plan Rows": 251,
                                                      "Plan Width": 4,
                                                      "Plans": [
                                                        {
                                                          "Node Type": "Seq Scan",
                                                          "Parent Relationship": "Outer",
                                                          "Parallel Aware": false,
                                                          "Async Capable": false,
                                                          "Relation Name": "promotion",
                                                          "Alias": "promotion",
                                                          "Startup Cost": 0.0,
                                                          "Total Cost": 21.75,
                                                          "Plan Rows": 251,
                                                          "Plan Width": 4,
                                                          "Filter": "((p_channel_dmail = 'Y'::bpchar) OR (p_channel_email = 'Y'::bpchar) OR (p_channel_tv = 'Y'::bpchar))",
                                                          "parent": 21,
                                                          "ID": 22
                                                        }
                                                      ],
                                                      "parent": 13,
                                                      "ID": 21,
                                                      "left": 22
                                                    }
                                                  ],
                                                  "parent": 12,
                                                  "ID": 13,
                                                  "left": 14,
                                                  "right": 21
                                                },
                                                {
                                                  "Node Type": "Hash",
                                                  "Parent Relationship": "Inner",
                                                  "Parallel Aware": false,
                                                  "Async Capable": false,
                                                  "Startup Cost": 6.28,
                                                  "Total Cost": 6.28,
                                                  "Plan Rows": 71,
                                                  "Plan Width": 4,
                                                  "Plans": [
                                                    {
                                                      "Node Type": "Seq Scan",
                                                      "Parent Relationship": "Outer",
                                                      "Parallel Aware": false,
                                                      "Async Capable": false,
                                                      "Relation Name": "store",
                                                      "Alias": "store",
                                                      "Startup Cost": 0.0,
                                                      "Total Cost": 6.28,
                                                      "Plan Rows": 71,
                                                      "Plan Width": 4,
                                                      "Filter": "(s_gmt_offset = '-6'::numeric)",
                                                      "parent": 23,
                                                      "ID": 24
                                                    }
                                                  ],
                                                  "parent": 12,
                                                  "ID": 23,
                                                  "left": 24
                                                }
                                              ],
                                              "parent": 11,
                                              "ID": 12,
                                              "left": 13,
                                              "right": 23
                                            }
                                          ],
                                          "parent": 9,
                                          "ID": 11,
                                          "left": 12
                                        }
                                      ],
                                      "parent": 8,
                                      "ID": 9,
                                      "left": 10,
                                      "right": 11
                                    }
                                  ],
                                  "parent": 6,
                                  "ID": 8,
                                  "left": 9
                                }
                              ],
                              "parent": 5,
                              "ID": 6,
                              "left": 7,
                              "right": 8
                            }
                          ],
                          "parent": 4,
                          "ID": 5,
                          "left": 6
                        }
                      ],
                      "parent": 3,
                      "ID": 4,
                      "left": 5
                    }
                  ],
                  "parent": 2,
                  "ID": 3,
                  "left": 4
                },
                {
                  "Node Type": "Aggregate",
                  "Strategy": "Plain",
                  "Partial Mode": "Finalize",
                  "Parent Relationship": "Inner",
                  "Parallel Aware": false,
                  "Async Capable": false,
                  "Startup Cost": 716195.13,
                  "Total Cost": 716195.14,
                  "Plan Rows": 1,
                  "Plan Width": 32,
                  "Plans": [
                    {
                      "Node Type": "Gather",
                      "Parent Relationship": "Outer",
                      "Parallel Aware": false,
                      "Async Capable": false,
                      "Startup Cost": 716194.9,
                      "Total Cost": 716195.11,
                      "Plan Rows": 2,
                      "Plan Width": 32,
                      "Workers Planned": 2,
                      "Single Copy": false,
                      "Plans": [
                        {
                          "Node Type": "Aggregate",
                          "Strategy": "Plain",
                          "Partial Mode": "Partial",
                          "Parent Relationship": "Outer",
                          "Parallel Aware": false,
                          "Async Capable": false,
                          "Startup Cost": 715194.9,
                          "Total Cost": 715194.91,
                          "Plan Rows": 1,
                          "Plan Width": 32,
                          "Plans": [
                            {
                              "Node Type": "Hash Join",
                              "Parent Relationship": "Outer",
                              "Parallel Aware": true,
                              "Async Capable": false,
                              "Join Type": "Inner",
                              "Startup Cost": 708284.85,
                              "Total Cost": 715194.56,
                              "Plan Rows": 135,
                              "Plan Width": 6,
                              "Inner Unique": false,
                              "Hash Cond": "(customer_address_1.ca_address_sk = customer_1.c_current_addr_sk)",
                              "Plans": [
                                {
                                  "Node Type": "Seq Scan",
                                  "Parent Relationship": "Outer",
                                  "Parallel Aware": true,
                                  "Async Capable": false,
                                  "Relation Name": "customer_address",
                                  "Alias": "customer_address_1",
                                  "Startup Cost": 0.0,
                                  "Total Cost": 6737.08,
                                  "Plan Rows": 45885,
                                  "Plan Width": 4,
                                  "Filter": "(ca_gmt_offset = '-6'::numeric)",
                                  "parent": 28,
                                  "ID": 29
                                },
                                {
                                  "Node Type": "Hash",
                                  "Parent Relationship": "Inner",
                                  "Parallel Aware": true,
                                  "Async Capable": false,
                                  "Startup Cost": 708281.04,
                                  "Total Cost": 708281.04,
                                  "Plan Rows": 305,
                                  "Plan Width": 10,
                                  "Plans": [
                                    {
                                      "Node Type": "Hash Join",
                                      "Parent Relationship": "Outer",
                                      "Parallel Aware": true,
                                      "Async Capable": false,
                                      "Join Type": "Inner",
                                      "Startup Cost": 691580.19,
                                      "Total Cost": 708281.04,
                                      "Plan Rows": 305,
                                      "Plan Width": 10,
                                      "Inner Unique": false,
                                      "Hash Cond": "(customer_1.c_customer_sk = store_sales_1.ss_customer_sk)",
                                      "Plans": [
                                        {
                                          "Node Type": "Seq Scan",
                                          "Parent Relationship": "Outer",
                                          "Parallel Aware": true,
                                          "Async Capable": false,
                                          "Relation Name": "customer",
                                          "Alias": "customer_1",
                                          "Startup Cost": 0.0,
                                          "Total Cost": 15918.33,
                                          "Plan Rows": 208333,
                                          "Plan Width": 8,
                                          "parent": 31,
                                          "ID": 32
                                        },
                                        {
                                          "Node Type": "Hash",
                                          "Parent Relationship": "Inner",
                                          "Parallel Aware": true,
                                          "Async Capable": false,
                                          "Startup Cost": 691576.19,
                                          "Total Cost": 691576.19,
                                          "Plan Rows": 320,
                                          "Plan Width": 10,
                                          "Plans": [
                                            {
                                              "Node Type": "Hash Join",
                                              "Parent Relationship": "Outer",
                                              "Parallel Aware": false,
                                              "Async Capable": false,
                                              "Join Type": "Inner",
                                              "Startup Cost": 9606.56,
                                              "Total Cost": 691576.19,
                                              "Plan Rows": 320,
                                              "Plan Width": 10,
                                              "Inner Unique": false,
                                              "Hash Cond": "(store_sales_1.ss_store_sk = store_1.s_store_sk)",
                                              "Plans": [
                                                {
                                                  "Node Type": "Hash Join",
                                                  "Parent Relationship": "Outer",
                                                  "Parallel Aware": true,
                                                  "Async Capable": false,
                                                  "Join Type": "Inner",
                                                  "Startup Cost": 9599.4,
                                                  "Total Cost": 691564.02,
                                                  "Plan Rows": 481,
                                                  "Plan Width": 14,
                                                  "Inner Unique": false,
                                                  "Hash Cond": "(store_sales_1.ss_item_sk = item_1.i_item_sk)",
                                                  "Plans": [
                                                    {
                                                      "Node Type": "Hash Join",
                                                      "Parent Relationship": "Outer",
                                                      "Parallel Aware": true,
                                                      "Async Capable": false,
                                                      "Join Type": "Inner",
                                                      "Startup Cost": 2049.78,
                                                      "Total Cost": 683994.75,
                                                      "Plan Rows": 4703,
                                                      "Plan Width": 18,
                                                      "Inner Unique": false,
                                                      "Hash Cond": "(store_sales_1.ss_sold_date_sk = date_dim_1.d_date_sk)",
                                                      "Plans": [
                                                        {
                                                          "Node Type": "Seq Scan",
                                                          "Parent Relationship": "Outer",
                                                          "Parallel Aware": true,
                                                          "Async Capable": false,
                                                          "Relation Name": "store_sales",
                                                          "Alias": "store_sales_1",
                                                          "Startup Cost": 0.0,
                                                          "Total Cost": 636914.37,
                                                          "Plan Rows": 12000637,
                                                          "Plan Width": 22,
                                                          "parent": 36,
                                                          "ID": 37
                                                        },
                                                        {
                                                          "Node Type": "Hash",
                                                          "Parent Relationship": "Inner",
                                                          "Parallel Aware": true,
                                                          "Async Capable": false,
                                                          "Startup Cost": 2049.55,
                                                          "Total Cost": 2049.55,
                                                          "Plan Rows": 18,
                                                          "Plan Width": 4,
                                                          "Plans": [
                                                            {
                                                              "Node Type": "Seq Scan",
                                                              "Parent Relationship": "Outer",
                                                              "Parallel Aware": true,
                                                              "Async Capable": false,
                                                              "Relation Name": "date_dim",
                                                              "Alias": "date_dim_1",
                                                              "Startup Cost": 0.0,
                                                              "Total Cost": 2049.55,
                                                              "Plan Rows": 18,
                                                              "Plan Width": 4,
                                                              "Filter": "((d_year = 1999) AND (d_moy = 12))",
                                                              "parent": 38,
                                                              "ID": 39
                                                            }
                                                          ],
                                                          "parent": 36,
                                                          "ID": 38,
                                                          "left": 39
                                                        }
                                                      ],
                                                      "parent": 35,
                                                      "ID": 36,
                                                      "left": 37,
                                                      "right": 38
                                                    },
                                                    {
                                                      "Node Type": "Hash",
                                                      "Parent Relationship": "Inner",
                                                      "Parallel Aware": true,
                                                      "Async Capable": false,
                                                      "Startup Cost": 7495.25,
                                                      "Total Cost": 7495.25,
                                                      "Plan Rows": 4350,
                                                      "Plan Width": 4,
                                                      "Plans": [
                                                        {
                                                          "Node Type": "Seq Scan",
                                                          "Parent Relationship": "Outer",
                                                          "Parallel Aware": true,
                                                          "Async Capable": false,
                                                          "Relation Name": "item",
                                                          "Alias": "item_1",
                                                          "Startup Cost": 0.0,
                                                          "Total Cost": 7495.25,
                                                          "Plan Rows": 4350,
                                                          "Plan Width": 4,
                                                          "Filter": "(i_category = 'Sports'::bpchar)",
                                                          "parent": 40,
                                                          "ID": 41
                                                        }
                                                      ],
                                                      "parent": 35,
                                                      "ID": 40,
                                                      "left": 41
                                                    }
                                                  ],
                                                  "parent": 34,
                                                  "ID": 35,
                                                  "left": 36,
                                                  "right": 40
                                                },
                                                {
                                                  "Node Type": "Hash",
                                                  "Parent Relationship": "Inner",
                                                  "Parallel Aware": false,
                                                  "Async Capable": false,
                                                  "Startup Cost": 6.28,
                                                  "Total Cost": 6.28,
                                                  "Plan Rows": 71,
                                                  "Plan Width": 4,
                                                  "Plans": [
                                                    {
                                                      "Node Type": "Seq Scan",
                                                      "Parent Relationship": "Outer",
                                                      "Parallel Aware": false,
                                                      "Async Capable": false,
                                                      "Relation Name": "store",
                                                      "Alias": "store_1",
                                                      "Startup Cost": 0.0,
                                                      "Total Cost": 6.28,
                                                      "Plan Rows": 71,
                                                      "Plan Width": 4,
                                                      "Filter": "(s_gmt_offset = '-6'::numeric)",
                                                      "parent": 42,
                                                      "ID": 43
                                                    }
                                                  ],
                                                  "parent": 34,
                                                  "ID": 42,
                                                  "left": 43
                                                }
                                              ],
                                              "parent": 33,
                                              "ID": 34,
                                              "left": 35,
                                              "right": 42
                                            }
                                          ],
                                          "parent": 31,
                                          "ID": 33,
                                          "left": 34
                                        }
                                      ],
                                      "parent": 30,
                                      "ID": 31,
                                      "left": 32,
                                      "right": 33
                                    }
                                  ],
                                  "parent": 28,
                                  "ID": 30,
                                  "left": 31
                                }
                              ],
                              "parent": 27,
                              "ID": 28,
                              "left": 29,
                              "right": 30
                            }
                          ],
                          "parent": 26,
                          "ID": 27,
                          "left": 28
                        }
                      ],
                      "parent": 25,
                      "ID": 26,
                      "left": 27
                    }
                  ],
                  "parent": 2,
                  "ID": 25,
                  "left": 26
                }
              ],
              "parent": 1,
              "ID": 2,
              "left": 3,
              "right": 25
            }
          ],
          "parent": 0,
          "ID": 1,
          "left": 2
        }
      ],
      "parent": null,
      "ID": 0,
      "left": 1
    },
    "feat": {
      "utility": 8.727516056209855e-06,
      "query_shape": [
        [
          "Seq Scan",
          "Hash Join",
          "Aggregate",
          "Gather",
          "Nested Loop",
          "Sort"
        ],
        [
          "Seq Scan",
          "Hash Join",
          "Hash",
          "Aggregate",
          "Gather",
          "Nested Loop",
          "Sort"
        ],
        [
          "Seq Scan",
          "Hash Join",
          "Hash",
          "Aggregate",
          "Gather",
          "Nested Loop",
          "Sort"
        ],
        [
          "Seq Scan",
          "Hash",
          "Hash Join",
          "Aggregate",
          "Gather",
          "Nested Loop",
          "Sort"
        ],
        [
          "Seq Scan",
          "Hash",
          "Hash Join",
          "Aggregate",
          "Gather",
          "Nested Loop",
          "Sort"
        ],
        [
          "Seq Scan",
          "Hash",
          "Hash Join",
          "Aggregate",
          "Gather",
          "Nested Loop",
          "Sort"
        ],
        [
          "Seq Scan",
          "Hash",
          "Hash Join",
          "Aggregate",
          "Gather",
          "Nested Loop",
          "Sort"
        ],
        [
          "Seq Scan",
          "Hash Join",
          "Aggregate",
          "Gather",
          "Nested Loop",
          "Sort"
        ],
        [
          "Seq Scan",
          "Hash Join",
          "Hash",
          "Aggregate",
          "Gather",
          "Nested Loop",
          "Sort"
        ],
        [
          "Seq Scan",
          "Hash Join",
          "Hash",
          "Aggregate",
          "Gather",
          "Nested Loop",
          "Sort"
        ],
        [
          "Seq Scan",
          "Hash",
          "Hash Join",
          "Aggregate",
          "Gather",
          "Nested Loop",
          "Sort"
        ],
        [
          "Seq Scan",
          "Hash",
          "Hash Join",
          "Aggregate",
          "Gather",
          "Nested Loop",
          "Sort"
        ],
        [
          "Seq Scan",
          "Hash",
          "Hash Join",
          "Aggregate",
          "Gather",
          "Nested Loop",
          "Sort"
        ]
      ],
      "index_shape": [
        "join"
      ],
      "physical_operator": {
        "Hash Join": [
          0.004666046765541177,
          0.004666046765541177
        ]
      }
    }
  },
  {
    "query": "select  promotions,total,cast(promotions as decimal(15,4))/cast(total as decimal(15,4))*100\nfrom\n  (select sum(ss_ext_sales_price) promotions\n   from  store_sales\n        ,store\n        ,promotion\n        ,date_dim\n        ,customer\n        ,customer_address \n        ,item\n   where ss_sold_date_sk = d_date_sk\n   and   ss_store_sk = s_store_sk\n   and   ss_promo_sk = p_promo_sk\n   and   ss_customer_sk= c_customer_sk\n   and   ca_address_sk = c_current_addr_sk\n   and   ss_item_sk = i_item_sk \n   and   ca_gmt_offset = -6\n   and   i_category = 'Sports'\n   and   (p_channel_dmail = 'Y' or p_channel_email = 'Y' or p_channel_tv = 'Y')\n   and   s_gmt_offset = -6\n   and   d_year = 1999\n   and   d_moy  = 12) promotional_sales,\n  (select sum(ss_ext_sales_price) total\n   from  store_sales\n        ,store\n        ,date_dim\n        ,customer\n        ,customer_address\n        ,item\n   where ss_sold_date_sk = d_date_sk\n   and   ss_store_sk = s_store_sk\n   and   ss_customer_sk= c_customer_sk\n   and   ca_address_sk = c_current_addr_sk\n   and   ss_item_sk = i_item_sk\n   and   ca_gmt_offset = -6\n   and   i_category = 'Sports'\n   and   s_gmt_offset = -6\n   and   d_year = 1999\n   and   d_moy  = 12) all_sales\norder by promotions, total\nlimit 100;\n\n-- end query 45 in stream 1 using template query61.tpl\n",
    "indexes": "date_dim.d_date",
    "wo plan est": {
      "Node Type": "Limit",
      "Parallel Aware": false,
      "Async Capable": false,
      "Startup Cost": 1432411.5,
      "Total Cost": 1432411.51,
      "Plan Rows": 1,
      "Plan Width": 96,
      "Plans": [
        {
          "Node Type": "Sort",
          "Parent Relationship": "Outer",
          "Parallel Aware": false,
          "Async Capable": false,
          "Startup Cost": 1432411.5,
          "Total Cost": 1432411.51,
          "Plan Rows": 1,
          "Plan Width": 96,
          "Sort Key": [
            "(sum(store_sales.ss_ext_sales_price))",
            "(sum(store_sales_1.ss_ext_sales_price))"
          ],
          "Plans": [
            {
              "Node Type": "Nested Loop",
              "Parent Relationship": "Outer",
              "Parallel Aware": false,
              "Async Capable": false,
              "Join Type": "Inner",
              "Startup Cost": 1432411.43,
              "Total Cost": 1432411.49,
              "Plan Rows": 1,
              "Plan Width": 96,
              "Inner Unique": false,
              "Plans": [
                {
                  "Node Type": "Aggregate",
                  "Strategy": "Plain",
                  "Partial Mode": "Finalize",
                  "Parent Relationship": "Outer",
                  "Parallel Aware": false,
                  "Async Capable": false,
                  "Startup Cost": 716216.31,
                  "Total Cost": 716216.32,
                  "Plan Rows": 1,
                  "Plan Width": 32,
                  "Plans": [
                    {
                      "Node Type": "Gather",
                      "Parent Relationship": "Outer",
                      "Parallel Aware": false,
                      "Async Capable": false,
                      "Startup Cost": 716216.08,
                      "Total Cost": 716216.29,
                      "Plan Rows": 2,
                      "Plan Width": 32,
                      "Workers Planned": 2,
                      "Single Copy": false,
                      "Plans": [
                        {
                          "Node Type": "Aggregate",
                          "Strategy": "Plain",
                          "Partial Mode": "Partial",
                          "Parent Relationship": "Outer",
                          "Parallel Aware": false,
                          "Async Capable": false,
                          "Startup Cost": 715216.08,
                          "Total Cost": 715216.09,
                          "Plan Rows": 1,
                          "Plan Width": 32,
                          "Plans": [
                            {
                              "Node Type": "Hash Join",
                              "Parent Relationship": "Outer",
                              "Parallel Aware": true,
                              "Async Capable": false,
                              "Join Type": "Inner",
                              "Startup Cost": 708306.5,
                              "Total Cost": 715215.92,
                              "Plan Rows": 65,
                              "Plan Width": 6,
                              "Inner Unique": false,
                              "Hash Cond": "(customer_address.ca_address_sk = customer.c_current_addr_sk)",
                              "Plans": [
                                {
                                  "Node Type": "Seq Scan",
                                  "Parent Relationship": "Outer",
                                  "Parallel Aware": true,
                                  "Async Capable": false,
                                  "Relation Name": "customer_address",
                                  "Alias": "customer_address",
                                  "Startup Cost": 0.0,
                                  "Total Cost": 6737.08,
                                  "Plan Rows": 45885,
                                  "Plan Width": 4,
                                  "Filter": "(ca_gmt_offset = '-6'::numeric)",
                                  "parent": 6,
                                  "ID": 7
                                },
                                {
                                  "Node Type": "Hash",
                                  "Parent Relationship": "Inner",
                                  "Parallel Aware": true,
                                  "Async Capable": false,
                                  "Startup Cost": 708304.67,
                                  "Total Cost": 708304.67,
                                  "Plan Rows": 146,
                                  "Plan Width": 10,
                                  "Plans": [
                                    {
                                      "Node Type": "Hash Join",
                                      "Parent Relationship": "Outer",
                                      "Parallel Aware": true,
                                      "Async Capable": false,
                                      "Join Type": "Inner",
                                      "Startup Cost": 691604.48,
                                      "Total Cost": 708304.67,
                                      "Plan Rows": 146,
                                      "Plan Width": 10,
                                      "Inner Unique": false,
                                      "Hash Cond": "(customer.c_customer_sk = store_sales.ss_customer_sk)",
                                      "Plans": [
                                        {
                                          "Node Type": "Seq Scan",
                                          "Parent Relationship": "Outer",
                                          "Parallel Aware": true,
                                          "Async Capable": false,
                                          "Relation Name": "customer",
                                          "Alias": "customer",
                                          "Startup Cost": 0.0,
                                          "Total Cost": 15918.33,
                                          "Plan Rows": 208333,
                                          "Plan Width": 8,
                                          "parent": 9,
                                          "ID": 10
                                        },
                                        {
                                          "Node Type": "Hash",
                                          "Parent Relationship": "Inner",
                                          "Parallel Aware": true,
                                          "Async Capable": false,
                                          "Startup Cost": 691602.57,
                                          "Total Cost": 691602.57,
                                          "Plan Rows": 153,
                                          "Plan Width": 10,
                                          "Plans": [
                                            {
                                              "Node Type": "Hash Join",
                                              "Parent Relationship": "Outer",
                                              "Parallel Aware": false,
                                              "Async Capable": false,
                                              "Join Type": "Inner",
                                              "Startup Cost": 9631.45,
                                              "Total Cost": 691602.57,
                                              "Plan Rows": 153,
                                              "Plan Width": 10,
                                              "Inner Unique": false,
                                              "Hash Cond": "(store_sales.ss_store_sk = store.s_store_sk)",
                                              "Plans": [
                                                {
                                                  "Node Type": "Hash Join",
                                                  "Parent Relationship": "Outer",
                                                  "Parallel Aware": false,
                                                  "Async Capable": false,
                                                  "Join Type": "Inner",
                                                  "Startup Cost": 9624.29,
                                                  "Total Cost": 691593.01,
                                                  "Plan Rows": 230,
                                                  "Plan Width": 14,
                                                  "Inner Unique": false,
                                                  "Hash Cond": "(store_sales.ss_promo_sk = promotion.p_promo_sk)",
                                                  "Plans": [
                                                    {
                                                      "Node Type": "Hash Join",
                                                      "Parent Relationship": "Outer",
                                                      "Parallel Aware": true,
                                                      "Async Capable": false,
                                                      "Join Type": "Inner",
                                                      "Startup Cost": 9599.4,
                                                      "Total Cost": 691564.02,
                                                      "Plan Rows": 481,
                                                      "Plan Width": 18,
                                                      "Inner Unique": false,
                                                      "Hash Cond": "(store_sales.ss_item_sk = item.i_item_sk)",
                                                      "Plans": [
                                                        {
                                                          "Node Type": "Hash Join",
                                                          "Parent Relationship": "Outer",
                                                          "Parallel Aware": true,
                                                          "Async Capable": false,
                                                          "Join Type": "Inner",
                                                          "Startup Cost": 2049.78,
                                                          "Total Cost": 683994.75,
                                                          "Plan Rows": 4703,
                                                          "Plan Width": 22,
                                                          "Inner Unique": false,
                                                          "Hash Cond": "(store_sales.ss_sold_date_sk = date_dim.d_date_sk)",
                                                          "Plans": [
                                                            {
                                                              "Node Type": "Seq Scan",
                                                              "Parent Relationship": "Outer",
                                                              "Parallel Aware": true,
                                                              "Async Capable": false,
                                                              "Relation Name": "store_sales",
                                                              "Alias": "store_sales",
                                                              "Startup Cost": 0.0,
                                                              "Total Cost": 636914.37,
                                                              "Plan Rows": 12000637,
                                                              "Plan Width": 26,
                                                              "parent": 15,
                                                              "ID": 16
                                                            },
                                                            {
                                                              "Node Type": "Hash",
                                                              "Parent Relationship": "Inner",
                                                              "Parallel Aware": true,
                                                              "Async Capable": false,
                                                              "Startup Cost": 2049.55,
                                                              "Total Cost": 2049.55,
                                                              "Plan Rows": 18,
                                                              "Plan Width": 4,
                                                              "Plans": [
                                                                {
                                                                  "Node Type": "Seq Scan",
                                                                  "Parent Relationship": "Outer",
                                                                  "Parallel Aware": true,
                                                                  "Async Capable": false,
                                                                  "Relation Name": "date_dim",
                                                                  "Alias": "date_dim",
                                                                  "Startup Cost": 0.0,
                                                                  "Total Cost": 2049.55,
                                                                  "Plan Rows": 18,
                                                                  "Plan Width": 4,
                                                                  "Filter": "((d_year = 1999) AND (d_moy = 12))",
                                                                  "parent": 17,
                                                                  "ID": 18
                                                                }
                                                              ],
                                                              "parent": 15,
                                                              "ID": 17,
                                                              "left": 18
                                                            }
                                                          ],
                                                          "parent": 14,
                                                          "ID": 15,
                                                          "left": 16,
                                                          "right": 17
                                                        },
                                                        {
                                                          "Node Type": "Hash",
                                                          "Parent Relationship": "Inner",
                                                          "Parallel Aware": true,
                                                          "Async Capable": false,
                                                          "Startup Cost": 7495.25,
                                                          "Total Cost": 7495.25,
                                                          "Plan Rows": 4350,
                                                          "Plan Width": 4,
                                                          "Plans": [
                                                            {
                                                              "Node Type": "Seq Scan",
                                                              "Parent Relationship": "Outer",
                                                              "Parallel Aware": true,
                                                              "Async Capable": false,
                                                              "Relation Name": "item",
                                                              "Alias": "item",
                                                              "Startup Cost": 0.0,
                                                              "Total Cost": 7495.25,
                                                              "Plan Rows": 4350,
                                                              "Plan Width": 4,
                                                              "Filter": "(i_category = 'Sports'::bpchar)",
                                                              "parent": 19,
                                                              "ID": 20
                                                            }
                                                          ],
                                                          "parent": 14,
                                                          "ID": 19,
                                                          "left": 20
                                                        }
                                                      ],
                                                      "parent": 13,
                                                      "ID": 14,
                                                      "left": 15,
                                                      "right": 19
                                                    },
                                                    {
                                                      "Node Type": "Hash",
                                                      "Parent Relationship": "Inner",
                                                      "Parallel Aware": false,
                                                      "Async Capable": false,
                                                      "Startup Cost": 21.75,
                                                      "Total Cost": 21.75,
                                                      "Plan Rows": 251,
                                                      "Plan Width": 4,
                                                      "Plans": [
                                                        {
                                                          "Node Type": "Seq Scan",
                                                          "Parent Relationship": "Outer",
                                                          "Parallel Aware": false,
                                                          "Async Capable": false,
                                                          "Relation Name": "promotion",
                                                          "Alias": "promotion",
                                                          "Startup Cost": 0.0,
                                                          "Total Cost": 21.75,
                                                          "Plan Rows": 251,
                                                          "Plan Width": 4,
                                                          "Filter": "((p_channel_dmail = 'Y'::bpchar) OR (p_channel_email = 'Y'::bpchar) OR (p_channel_tv = 'Y'::bpchar))",
                                                          "parent": 21,
                                                          "ID": 22
                                                        }
                                                      ],
                                                      "parent": 13,
                                                      "ID": 21,
                                                      "left": 22
                                                    }
                                                  ],
                                                  "parent": 12,
                                                  "ID": 13,
                                                  "left": 14,
                                                  "right": 21
                                                },
                                                {
                                                  "Node Type": "Hash",
                                                  "Parent Relationship": "Inner",
                                                  "Parallel Aware": false,
                                                  "Async Capable": false,
                                                  "Startup Cost": 6.28,
                                                  "Total Cost": 6.28,
                                                  "Plan Rows": 71,
                                                  "Plan Width": 4,
                                                  "Plans": [
                                                    {
                                                      "Node Type": "Seq Scan",
                                                      "Parent Relationship": "Outer",
                                                      "Parallel Aware": false,
                                                      "Async Capable": false,
                                                      "Relation Name": "store",
                                                      "Alias": "store",
                                                      "Startup Cost": 0.0,
                                                      "Total Cost": 6.28,
                                                      "Plan Rows": 71,
                                                      "Plan Width": 4,
                                                      "Filter": "(s_gmt_offset = '-6'::numeric)",
                                                      "parent": 23,
                                                      "ID": 24
                                                    }
                                                  ],
                                                  "parent": 12,
                                                  "ID": 23,
                                                  "left": 24
                                                }
                                              ],
                                              "parent": 11,
                                              "ID": 12,
                                              "left": 13,
                                              "right": 23
                                            }
                                          ],
                                          "parent": 9,
                                          "ID": 11,
                                          "left": 12
                                        }
                                      ],
                                      "parent": 8,
                                      "ID": 9,
                                      "left": 10,
                                      "right": 11
                                    }
                                  ],
                                  "parent": 6,
                                  "ID": 8,
                                  "left": 9
                                }
                              ],
                              "parent": 5,
                              "ID": 6,
                              "left": 7,
                              "right": 8
                            }
                          ],
                          "parent": 4,
                          "ID": 5,
                          "left": 6
                        }
                      ],
                      "parent": 3,
                      "ID": 4,
                      "left": 5
                    }
                  ],
                  "parent": 2,
                  "ID": 3,
                  "left": 4
                },
                {
                  "Node Type": "Aggregate",
                  "Strategy": "Plain",
                  "Partial Mode": "Finalize",
                  "Parent Relationship": "Inner",
                  "Parallel Aware": false,
                  "Async Capable": false,
                  "Startup Cost": 716195.13,
                  "Total Cost": 716195.14,
                  "Plan Rows": 1,
                  "Plan Width": 32,
                  "Plans": [
                    {
                      "Node Type": "Gather",
                      "Parent Relationship": "Outer",
                      "Parallel Aware": false,
                      "Async Capable": false,
                      "Startup Cost": 716194.9,
                      "Total Cost": 716195.11,
                      "Plan Rows": 2,
                      "Plan Width": 32,
                      "Workers Planned": 2,
                      "Single Copy": false,
                      "Plans": [
                        {
                          "Node Type": "Aggregate",
                          "Strategy": "Plain",
                          "Partial Mode": "Partial",
                          "Parent Relationship": "Outer",
                          "Parallel Aware": false,
                          "Async Capable": false,
                          "Startup Cost": 715194.9,
                          "Total Cost": 715194.91,
                          "Plan Rows": 1,
                          "Plan Width": 32,
                          "Plans": [
                            {
                              "Node Type": "Hash Join",
                              "Parent Relationship": "Outer",
                              "Parallel Aware": true,
                              "Async Capable": false,
                              "Join Type": "Inner",
                              "Startup Cost": 708284.85,
                              "Total Cost": 715194.56,
                              "Plan Rows": 135,
                              "Plan Width": 6,
                              "Inner Unique": false,
                              "Hash Cond": "(customer_address_1.ca_address_sk = customer_1.c_current_addr_sk)",
                              "Plans": [
                                {
                                  "Node Type": "Seq Scan",
                                  "Parent Relationship": "Outer",
                                  "Parallel Aware": true,
                                  "Async Capable": false,
                                  "Relation Name": "customer_address",
                                  "Alias": "customer_address_1",
                                  "Startup Cost": 0.0,
                                  "Total Cost": 6737.08,
                                  "Plan Rows": 45885,
                                  "Plan Width": 4,
                                  "Filter": "(ca_gmt_offset = '-6'::numeric)",
                                  "parent": 28,
                                  "ID": 29
                                },
                                {
                                  "Node Type": "Hash",
                                  "Parent Relationship": "Inner",
                                  "Parallel Aware": true,
                                  "Async Capable": false,
                                  "Startup Cost": 708281.04,
                                  "Total Cost": 708281.04,
                                  "Plan Rows": 305,
                                  "Plan Width": 10,
                                  "Plans": [
                                    {
                                      "Node Type": "Hash Join",
                                      "Parent Relationship": "Outer",
                                      "Parallel Aware": true,
                                      "Async Capable": false,
                                      "Join Type": "Inner",
                                      "Startup Cost": 691580.19,
                                      "Total Cost": 708281.04,
                                      "Plan Rows": 305,
                                      "Plan Width": 10,
                                      "Inner Unique": false,
                                      "Hash Cond": "(customer_1.c_customer_sk = store_sales_1.ss_customer_sk)",
                                      "Plans": [
                                        {
                                          "Node Type": "Seq Scan",
                                          "Parent Relationship": "Outer",
                                          "Parallel Aware": true,
                                          "Async Capable": false,
                                          "Relation Name": "customer",
                                          "Alias": "customer_1",
                                          "Startup Cost": 0.0,
                                          "Total Cost": 15918.33,
                                          "Plan Rows": 208333,
                                          "Plan Width": 8,
                                          "parent": 31,
                                          "ID": 32
                                        },
                                        {
                                          "Node Type": "Hash",
                                          "Parent Relationship": "Inner",
                                          "Parallel Aware": true,
                                          "Async Capable": false,
                                          "Startup Cost": 691576.19,
                                          "Total Cost": 691576.19,
                                          "Plan Rows": 320,
                                          "Plan Width": 10,
                                          "Plans": [
                                            {
                                              "Node Type": "Hash Join",
                                              "Parent Relationship": "Outer",
                                              "Parallel Aware": false,
                                              "Async Capable": false,
                                              "Join Type": "Inner",
                                              "Startup Cost": 9606.56,
                                              "Total Cost": 691576.19,
                                              "Plan Rows": 320,
                                              "Plan Width": 10,
                                              "Inner Unique": false,
                                              "Hash Cond": "(store_sales_1.ss_store_sk = store_1.s_store_sk)",
                                              "Plans": [
                                                {
                                                  "Node Type": "Hash Join",
                                                  "Parent Relationship": "Outer",
                                                  "Parallel Aware": true,
                                                  "Async Capable": false,
                                                  "Join Type": "Inner",
                                                  "Startup Cost": 9599.4,
                                                  "Total Cost": 691564.02,
                                                  "Plan Rows": 481,
                                                  "Plan Width": 14,
                                                  "Inner Unique": false,
                                                  "Hash Cond": "(store_sales_1.ss_item_sk = item_1.i_item_sk)",
                                                  "Plans": [
                                                    {
                                                      "Node Type": "Hash Join",
                                                      "Parent Relationship": "Outer",
                                                      "Parallel Aware": true,
                                                      "Async Capable": false,
                                                      "Join Type": "Inner",
                                                      "Startup Cost": 2049.78,
                                                      "Total Cost": 683994.75,
                                                      "Plan Rows": 4703,
                                                      "Plan Width": 18,
                                                      "Inner Unique": false,
                                                      "Hash Cond": "(store_sales_1.ss_sold_date_sk = date_dim_1.d_date_sk)",
                                                      "Plans": [
                                                        {
                                                          "Node Type": "Seq Scan",
                                                          "Parent Relationship": "Outer",
                                                          "Parallel Aware": true,
                                                          "Async Capable": false,
                                                          "Relation Name": "store_sales",
                                                          "Alias": "store_sales_1",
                                                          "Startup Cost": 0.0,
                                                          "Total Cost": 636914.37,
                                                          "Plan Rows": 12000637,
                                                          "Plan Width": 22,
                                                          "parent": 36,
                                                          "ID": 37
                                                        },
                                                        {
                                                          "Node Type": "Hash",
                                                          "Parent Relationship": "Inner",
                                                          "Parallel Aware": true,
                                                          "Async Capable": false,
                                                          "Startup Cost": 2049.55,
                                                          "Total Cost": 2049.55,
                                                          "Plan Rows": 18,
                                                          "Plan Width": 4,
                                                          "Plans": [
                                                            {
                                                              "Node Type": "Seq Scan",
                                                              "Parent Relationship": "Outer",
                                                              "Parallel Aware": true,
                                                              "Async Capable": false,
                                                              "Relation Name": "date_dim",
                                                              "Alias": "date_dim_1",
                                                              "Startup Cost": 0.0,
                                                              "Total Cost": 2049.55,
                                                              "Plan Rows": 18,
                                                              "Plan Width": 4,
                                                              "Filter": "((d_year = 1999) AND (d_moy = 12))",
                                                              "parent": 38,
                                                              "ID": 39
                                                            }
                                                          ],
                                                          "parent": 36,
                                                          "ID": 38,
                                                          "left": 39
                                                        }
                                                      ],
                                                      "parent": 35,
                                                      "ID": 36,
                                                      "left": 37,
                                                      "right": 38
                                                    },
                                                    {
                                                      "Node Type": "Hash",
                                                      "Parent Relationship": "Inner",
                                                      "Parallel Aware": true,
                                                      "Async Capable": false,
                                                      "Startup Cost": 7495.25,
                                                      "Total Cost": 7495.25,
                                                      "Plan Rows": 4350,
                                                      "Plan Width": 4,
                                                      "Plans": [
                                                        {
                                                          "Node Type": "Seq Scan",
                                                          "Parent Relationship": "Outer",
                                                          "Parallel Aware": true,
                                                          "Async Capable": false,
                                                          "Relation Name": "item",
                                                          "Alias": "item_1",
                                                          "Startup Cost": 0.0,
                                                          "Total Cost": 7495.25,
                                                          "Plan Rows": 4350,
                                                          "Plan Width": 4,
                                                          "Filter": "(i_category = 'Sports'::bpchar)",
                                                          "parent": 40,
                                                          "ID": 41
                                                        }
                                                      ],
                                                      "parent": 35,
                                                      "ID": 40,
                                                      "left": 41
                                                    }
                                                  ],
                                                  "parent": 34,
                                                  "ID": 35,
                                                  "left": 36,
                                                  "right": 40
                                                },
                                                {
                                                  "Node Type": "Hash",
                                                  "Parent Relationship": "Inner",
                                                  "Parallel Aware": false,
                                                  "Async Capable": false,
                                                  "Startup Cost": 6.28,
                                                  "Total Cost": 6.28,
                                                  "Plan Rows": 71,
                                                  "Plan Width": 4,
                                                  "Plans": [
                                                    {
                                                      "Node Type": "Seq Scan",
                                                      "Parent Relationship": "Outer",
                                                      "Parallel Aware": false,
                                                      "Async Capable": false,
                                                      "Relation Name": "store",
                                                      "Alias": "store_1",
                                                      "Startup Cost": 0.0,
                                                      "Total Cost": 6.28,
                                                      "Plan Rows": 71,
                                                      "Plan Width": 4,
                                                      "Filter": "(s_gmt_offset = '-6'::numeric)",
                                                      "parent": 42,
                                                      "ID": 43
                                                    }
                                                  ],
                                                  "parent": 34,
                                                  "ID": 42,
                                                  "left": 43
                                                }
                                              ],
                                              "parent": 33,
                                              "ID": 34,
                                              "left": 35,
                                              "right": 42
                                            }
                                          ],
                                          "parent": 31,
                                          "ID": 33,
                                          "left": 34
                                        }
                                      ],
                                      "parent": 30,
                                      "ID": 31,
                                      "left": 32,
                                      "right": 33
                                    }
                                  ],
                                  "parent": 28,
                                  "ID": 30,
                                  "left": 31
                                }
                              ],
                              "parent": 27,
                              "ID": 28,
                              "left": 29,
                              "right": 30
                            }
                          ],
                          "parent": 26,
                          "ID": 27,
                          "left": 28
                        }
                      ],
                      "parent": 25,
                      "ID": 26,
                      "left": 27
                    }
                  ],
                  "parent": 2,
                  "ID": 25,
                  "left": 26
                }
              ],
              "parent": 1,
              "ID": 2,
              "left": 3,
              "right": 25
            }
          ],
          "parent": 0,
          "ID": 1,
          "left": 2
        }
      ],
      "parent": null,
      "ID": 0,
      "left": 1
    },
    "feat": {
      "utility": 8.727516056209855e-06,
      "query_shape": [
        [
          "Seq Scan",
          "Hash Join",
          "Aggregate",
          "Gather",
          "Nested Loop",
          "Sort"
        ],
        [
          "Seq Scan",
          "Hash Join",
          "Hash",
          "Aggregate",
          "Gather",
          "Nested Loop",
          "Sort"
        ],
        [
          "Seq Scan",
          "Hash Join",
          "Hash",
          "Aggregate",
          "Gather",
          "Nested Loop",
          "Sort"
        ],
        [
          "Seq Scan",
          "Hash",
          "Hash Join",
          "Aggregate",
          "Gather",
          "Nested Loop",
          "Sort"
        ],
        [
          "Seq Scan",
          "Hash",
          "Hash Join",
          "Aggregate",
          "Gather",
          "Nested Loop",
          "Sort"
        ],
        [
          "Seq Scan",
          "Hash",
          "Hash Join",
          "Aggregate",
          "Gather",
          "Nested Loop",
          "Sort"
        ],
        [
          "Seq Scan",
          "Hash",
          "Hash Join",
          "Aggregate",
          "Gather",
          "Nested Loop",
          "Sort"
        ],
        [
          "Seq Scan",
          "Hash Join",
          "Aggregate",
          "Gather",
          "Nested Loop",
          "Sort"
        ],
        [
          "Seq Scan",
          "Hash Join",
          "Hash",
          "Aggregate",
          "Gather",
          "Nested Loop",
          "Sort"
        ],
        [
          "Seq Scan",
          "Hash Join",
          "Hash",
          "Aggregate",
          "Gather",
          "Nested Loop",
          "Sort"
        ],
        [
          "Seq Scan",
          "Hash",
          "Hash Join",
          "Aggregate",
          "Gather",
          "Nested Loop",
          "Sort"
        ],
        [
          "Seq Scan",
          "Hash",
          "Hash Join",
          "Aggregate",
          "Gather",
          "Nested Loop",
          "Sort"
        ],
        [
          "Seq Scan",
          "Hash",
          "Hash Join",
          "Aggregate",
          "Gather",
          "Nested Loop",
          "Sort"
        ]
      ],
      "index_shape": [
        "join"
      ],
      "physical_operator": {
        "Hash Join": [
          0.004666046765541177,
          0.004666046765541177
        ]
      }
    }
  },
  {
    "query": "select  promotions,total,cast(promotions as decimal(15,4))/cast(total as decimal(15,4))*100\nfrom\n  (select sum(ss_ext_sales_price) promotions\n   from  store_sales\n        ,store\n        ,promotion\n        ,date_dim\n        ,customer\n        ,customer_address \n        ,item\n   where ss_sold_date_sk = d_date_sk\n   and   ss_store_sk = s_store_sk\n   and   ss_promo_sk = p_promo_sk\n   and   ss_customer_sk= c_customer_sk\n   and   ca_address_sk = c_current_addr_sk\n   and   ss_item_sk = i_item_sk \n   and   ca_gmt_offset = -6\n   and   i_category = 'Sports'\n   and   (p_channel_dmail = 'Y' or p_channel_email = 'Y' or p_channel_tv = 'Y')\n   and   s_gmt_offset = -6\n   and   d_year = 1999\n   and   d_moy  = 12) promotional_sales,\n  (select sum(ss_ext_sales_price) total\n   from  store_sales\n        ,store\n        ,date_dim\n        ,customer\n        ,customer_address\n        ,item\n   where ss_sold_date_sk = d_date_sk\n   and   ss_store_sk = s_store_sk\n   and   ss_customer_sk= c_customer_sk\n   and   ca_address_sk = c_current_addr_sk\n   and   ss_item_sk = i_item_sk\n   and   ca_gmt_offset = -6\n   and   i_category = 'Sports'\n   and   s_gmt_offset = -6\n   and   d_year = 1999\n   and   d_moy  = 12) all_sales\norder by promotions, total\nlimit 100;\n\n-- end query 45 in stream 1 using template query61.tpl\n",
    "indexes": "item.i_item_sk",
    "wo plan est": {
      "Node Type": "Limit",
      "Parallel Aware": false,
      "Async Capable": false,
      "Startup Cost": 1432411.5,
      "Total Cost": 1432411.51,
      "Plan Rows": 1,
      "Plan Width": 96,
      "Plans": [
        {
          "Node Type": "Sort",
          "Parent Relationship": "Outer",
          "Parallel Aware": false,
          "Async Capable": false,
          "Startup Cost": 1432411.5,
          "Total Cost": 1432411.51,
          "Plan Rows": 1,
          "Plan Width": 96,
          "Sort Key": [
            "(sum(store_sales.ss_ext_sales_price))",
            "(sum(store_sales_1.ss_ext_sales_price))"
          ],
          "Plans": [
            {
              "Node Type": "Nested Loop",
              "Parent Relationship": "Outer",
              "Parallel Aware": false,
              "Async Capable": false,
              "Join Type": "Inner",
              "Startup Cost": 1432411.43,
              "Total Cost": 1432411.49,
              "Plan Rows": 1,
              "Plan Width": 96,
              "Inner Unique": false,
              "Plans": [
                {
                  "Node Type": "Aggregate",
                  "Strategy": "Plain",
                  "Partial Mode": "Finalize",
                  "Parent Relationship": "Outer",
                  "Parallel Aware": false,
                  "Async Capable": false,
                  "Startup Cost": 716216.31,
                  "Total Cost": 716216.32,
                  "Plan Rows": 1,
                  "Plan Width": 32,
                  "Plans": [
                    {
                      "Node Type": "Gather",
                      "Parent Relationship": "Outer",
                      "Parallel Aware": false,
                      "Async Capable": false,
                      "Startup Cost": 716216.08,
                      "Total Cost": 716216.29,
                      "Plan Rows": 2,
                      "Plan Width": 32,
                      "Workers Planned": 2,
                      "Single Copy": false,
                      "Plans": [
                        {
                          "Node Type": "Aggregate",
                          "Strategy": "Plain",
                          "Partial Mode": "Partial",
                          "Parent Relationship": "Outer",
                          "Parallel Aware": false,
                          "Async Capable": false,
                          "Startup Cost": 715216.08,
                          "Total Cost": 715216.09,
                          "Plan Rows": 1,
                          "Plan Width": 32,
                          "Plans": [
                            {
                              "Node Type": "Hash Join",
                              "Parent Relationship": "Outer",
                              "Parallel Aware": true,
                              "Async Capable": false,
                              "Join Type": "Inner",
                              "Startup Cost": 708306.5,
                              "Total Cost": 715215.92,
                              "Plan Rows": 65,
                              "Plan Width": 6,
                              "Inner Unique": false,
                              "Hash Cond": "(customer_address.ca_address_sk = customer.c_current_addr_sk)",
                              "Plans": [
                                {
                                  "Node Type": "Seq Scan",
                                  "Parent Relationship": "Outer",
                                  "Parallel Aware": true,
                                  "Async Capable": false,
                                  "Relation Name": "customer_address",
                                  "Alias": "customer_address",
                                  "Startup Cost": 0.0,
                                  "Total Cost": 6737.08,
                                  "Plan Rows": 45885,
                                  "Plan Width": 4,
                                  "Filter": "(ca_gmt_offset = '-6'::numeric)",
                                  "parent": 6,
                                  "ID": 7
                                },
                                {
                                  "Node Type": "Hash",
                                  "Parent Relationship": "Inner",
                                  "Parallel Aware": true,
                                  "Async Capable": false,
                                  "Startup Cost": 708304.67,
                                  "Total Cost": 708304.67,
                                  "Plan Rows": 146,
                                  "Plan Width": 10,
                                  "Plans": [
                                    {
                                      "Node Type": "Hash Join",
                                      "Parent Relationship": "Outer",
                                      "Parallel Aware": true,
                                      "Async Capable": false,
                                      "Join Type": "Inner",
                                      "Startup Cost": 691604.48,
                                      "Total Cost": 708304.67,
                                      "Plan Rows": 146,
                                      "Plan Width": 10,
                                      "Inner Unique": false,
                                      "Hash Cond": "(customer.c_customer_sk = store_sales.ss_customer_sk)",
                                      "Plans": [
                                        {
                                          "Node Type": "Seq Scan",
                                          "Parent Relationship": "Outer",
                                          "Parallel Aware": true,
                                          "Async Capable": false,
                                          "Relation Name": "customer",
                                          "Alias": "customer",
                                          "Startup Cost": 0.0,
                                          "Total Cost": 15918.33,
                                          "Plan Rows": 208333,
                                          "Plan Width": 8,
                                          "parent": 9,
                                          "ID": 10
                                        },
                                        {
                                          "Node Type": "Hash",
                                          "Parent Relationship": "Inner",
                                          "Parallel Aware": true,
                                          "Async Capable": false,
                                          "Startup Cost": 691602.57,
                                          "Total Cost": 691602.57,
                                          "Plan Rows": 153,
                                          "Plan Width": 10,
                                          "Plans": [
                                            {
                                              "Node Type": "Hash Join",
                                              "Parent Relationship": "Outer",
                                              "Parallel Aware": false,
                                              "Async Capable": false,
                                              "Join Type": "Inner",
                                              "Startup Cost": 9631.45,
                                              "Total Cost": 691602.57,
                                              "Plan Rows": 153,
                                              "Plan Width": 10,
                                              "Inner Unique": false,
                                              "Hash Cond": "(store_sales.ss_store_sk = store.s_store_sk)",
                                              "Plans": [
                                                {
                                                  "Node Type": "Hash Join",
                                                  "Parent Relationship": "Outer",
                                                  "Parallel Aware": false,
                                                  "Async Capable": false,
                                                  "Join Type": "Inner",
                                                  "Startup Cost": 9624.29,
                                                  "Total Cost": 691593.01,
                                                  "Plan Rows": 230,
                                                  "Plan Width": 14,
                                                  "Inner Unique": false,
                                                  "Hash Cond": "(store_sales.ss_promo_sk = promotion.p_promo_sk)",
                                                  "Plans": [
                                                    {
                                                      "Node Type": "Hash Join",
                                                      "Parent Relationship": "Outer",
                                                      "Parallel Aware": true,
                                                      "Async Capable": false,
                                                      "Join Type": "Inner",
                                                      "Startup Cost": 9599.4,
                                                      "Total Cost": 691564.02,
                                                      "Plan Rows": 481,
                                                      "Plan Width": 18,
                                                      "Inner Unique": false,
                                                      "Hash Cond": "(store_sales.ss_item_sk = item.i_item_sk)",
                                                      "Plans": [
                                                        {
                                                          "Node Type": "Hash Join",
                                                          "Parent Relationship": "Outer",
                                                          "Parallel Aware": true,
                                                          "Async Capable": false,
                                                          "Join Type": "Inner",
                                                          "Startup Cost": 2049.78,
                                                          "Total Cost": 683994.75,
                                                          "Plan Rows": 4703,
                                                          "Plan Width": 22,
                                                          "Inner Unique": false,
                                                          "Hash Cond": "(store_sales.ss_sold_date_sk = date_dim.d_date_sk)",
                                                          "Plans": [
                                                            {
                                                              "Node Type": "Seq Scan",
                                                              "Parent Relationship": "Outer",
                                                              "Parallel Aware": true,
                                                              "Async Capable": false,
                                                              "Relation Name": "store_sales",
                                                              "Alias": "store_sales",
                                                              "Startup Cost": 0.0,
                                                              "Total Cost": 636914.37,
                                                              "Plan Rows": 12000637,
                                                              "Plan Width": 26,
                                                              "parent": 15,
                                                              "ID": 16
                                                            },
                                                            {
                                                              "Node Type": "Hash",
                                                              "Parent Relationship": "Inner",
                                                              "Parallel Aware": true,
                                                              "Async Capable": false,
                                                              "Startup Cost": 2049.55,
                                                              "Total Cost": 2049.55,
                                                              "Plan Rows": 18,
                                                              "Plan Width": 4,
                                                              "Plans": [
                                                                {
                                                                  "Node Type": "Seq Scan",
                                                                  "Parent Relationship": "Outer",
                                                                  "Parallel Aware": true,
                                                                  "Async Capable": false,
                                                                  "Relation Name": "date_dim",
                                                                  "Alias": "date_dim",
                                                                  "Startup Cost": 0.0,
                                                                  "Total Cost": 2049.55,
                                                                  "Plan Rows": 18,
                                                                  "Plan Width": 4,
                                                                  "Filter": "((d_year = 1999) AND (d_moy = 12))",
                                                                  "parent": 17,
                                                                  "ID": 18
                                                                }
                                                              ],
                                                              "parent": 15,
                                                              "ID": 17,
                                                              "left": 18
                                                            }
                                                          ],
                                                          "parent": 14,
                                                          "ID": 15,
                                                          "left": 16,
                                                          "right": 17
                                                        },
                                                        {
                                                          "Node Type": "Hash",
                                                          "Parent Relationship": "Inner",
                                                          "Parallel Aware": true,
                                                          "Async Capable": false,
                                                          "Startup Cost": 7495.25,
                                                          "Total Cost": 7495.25,
                                                          "Plan Rows": 4350,
                                                          "Plan Width": 4,
                                                          "Plans": [
                                                            {
                                                              "Node Type": "Seq Scan",
                                                              "Parent Relationship": "Outer",
                                                              "Parallel Aware": true,
                                                              "Async Capable": false,
                                                              "Relation Name": "item",
                                                              "Alias": "item",
                                                              "Startup Cost": 0.0,
                                                              "Total Cost": 7495.25,
                                                              "Plan Rows": 4350,
                                                              "Plan Width": 4,
                                                              "Filter": "(i_category = 'Sports'::bpchar)",
                                                              "parent": 19,
                                                              "ID": 20
                                                            }
                                                          ],
                                                          "parent": 14,
                                                          "ID": 19,
                                                          "left": 20
                                                        }
                                                      ],
                                                      "parent": 13,
                                                      "ID": 14,
                                                      "left": 15,
                                                      "right": 19
                                                    },
                                                    {
                                                      "Node Type": "Hash",
                                                      "Parent Relationship": "Inner",
                                                      "Parallel Aware": false,
                                                      "Async Capable": false,
                                                      "Startup Cost": 21.75,
                                                      "Total Cost": 21.75,
                                                      "Plan Rows": 251,
                                                      "Plan Width": 4,
                                                      "Plans": [
                                                        {
                                                          "Node Type": "Seq Scan",
                                                          "Parent Relationship": "Outer",
                                                          "Parallel Aware": false,
                                                          "Async Capable": false,
                                                          "Relation Name": "promotion",
                                                          "Alias": "promotion",
                                                          "Startup Cost": 0.0,
                                                          "Total Cost": 21.75,
                                                          "Plan Rows": 251,
                                                          "Plan Width": 4,
                                                          "Filter": "((p_channel_dmail = 'Y'::bpchar) OR (p_channel_email = 'Y'::bpchar) OR (p_channel_tv = 'Y'::bpchar))",
                                                          "parent": 21,
                                                          "ID": 22
                                                        }
                                                      ],
                                                      "parent": 13,
                                                      "ID": 21,
                                                      "left": 22
                                                    }
                                                  ],
                                                  "parent": 12,
                                                  "ID": 13,
                                                  "left": 14,
                                                  "right": 21
                                                },
                                                {
                                                  "Node Type": "Hash",
                                                  "Parent Relationship": "Inner",
                                                  "Parallel Aware": false,
                                                  "Async Capable": false,
                                                  "Startup Cost": 6.28,
                                                  "Total Cost": 6.28,
                                                  "Plan Rows": 71,
                                                  "Plan Width": 4,
                                                  "Plans": [
                                                    {
                                                      "Node Type": "Seq Scan",
                                                      "Parent Relationship": "Outer",
                                                      "Parallel Aware": false,
                                                      "Async Capable": false,
                                                      "Relation Name": "store",
                                                      "Alias": "store",
                                                      "Startup Cost": 0.0,
                                                      "Total Cost": 6.28,
                                                      "Plan Rows": 71,
                                                      "Plan Width": 4,
                                                      "Filter": "(s_gmt_offset = '-6'::numeric)",
                                                      "parent": 23,
                                                      "ID": 24
                                                    }
                                                  ],
                                                  "parent": 12,
                                                  "ID": 23,
                                                  "left": 24
                                                }
                                              ],
                                              "parent": 11,
                                              "ID": 12,
                                              "left": 13,
                                              "right": 23
                                            }
                                          ],
                                          "parent": 9,
                                          "ID": 11,
                                          "left": 12
                                        }
                                      ],
                                      "parent": 8,
                                      "ID": 9,
                                      "left": 10,
                                      "right": 11
                                    }
                                  ],
                                  "parent": 6,
                                  "ID": 8,
                                  "left": 9
                                }
                              ],
                              "parent": 5,
                              "ID": 6,
                              "left": 7,
                              "right": 8
                            }
                          ],
                          "parent": 4,
                          "ID": 5,
                          "left": 6
                        }
                      ],
                      "parent": 3,
                      "ID": 4,
                      "left": 5
                    }
                  ],
                  "parent": 2,
                  "ID": 3,
                  "left": 4
                },
                {
                  "Node Type": "Aggregate",
                  "Strategy": "Plain",
                  "Partial Mode": "Finalize",
                  "Parent Relationship": "Inner",
                  "Parallel Aware": false,
                  "Async Capable": false,
                  "Startup Cost": 716195.13,
                  "Total Cost": 716195.14,
                  "Plan Rows": 1,
                  "Plan Width": 32,
                  "Plans": [
                    {
                      "Node Type": "Gather",
                      "Parent Relationship": "Outer",
                      "Parallel Aware": false,
                      "Async Capable": false,
                      "Startup Cost": 716194.9,
                      "Total Cost": 716195.11,
                      "Plan Rows": 2,
                      "Plan Width": 32,
                      "Workers Planned": 2,
                      "Single Copy": false,
                      "Plans": [
                        {
                          "Node Type": "Aggregate",
                          "Strategy": "Plain",
                          "Partial Mode": "Partial",
                          "Parent Relationship": "Outer",
                          "Parallel Aware": false,
                          "Async Capable": false,
                          "Startup Cost": 715194.9,
                          "Total Cost": 715194.91,
                          "Plan Rows": 1,
                          "Plan Width": 32,
                          "Plans": [
                            {
                              "Node Type": "Hash Join",
                              "Parent Relationship": "Outer",
                              "Parallel Aware": true,
                              "Async Capable": false,
                              "Join Type": "Inner",
                              "Startup Cost": 708284.85,
                              "Total Cost": 715194.56,
                              "Plan Rows": 135,
                              "Plan Width": 6,
                              "Inner Unique": false,
                              "Hash Cond": "(customer_address_1.ca_address_sk = customer_1.c_current_addr_sk)",
                              "Plans": [
                                {
                                  "Node Type": "Seq Scan",
                                  "Parent Relationship": "Outer",
                                  "Parallel Aware": true,
                                  "Async Capable": false,
                                  "Relation Name": "customer_address",
                                  "Alias": "customer_address_1",
                                  "Startup Cost": 0.0,
                                  "Total Cost": 6737.08,
                                  "Plan Rows": 45885,
                                  "Plan Width": 4,
                                  "Filter": "(ca_gmt_offset = '-6'::numeric)",
                                  "parent": 28,
                                  "ID": 29
                                },
                                {
                                  "Node Type": "Hash",
                                  "Parent Relationship": "Inner",
                                  "Parallel Aware": true,
                                  "Async Capable": false,
                                  "Startup Cost": 708281.04,
                                  "Total Cost": 708281.04,
                                  "Plan Rows": 305,
                                  "Plan Width": 10,
                                  "Plans": [
                                    {
                                      "Node Type": "Hash Join",
                                      "Parent Relationship": "Outer",
                                      "Parallel Aware": true,
                                      "Async Capable": false,
                                      "Join Type": "Inner",
                                      "Startup Cost": 691580.19,
                                      "Total Cost": 708281.04,
                                      "Plan Rows": 305,
                                      "Plan Width": 10,
                                      "Inner Unique": false,
                                      "Hash Cond": "(customer_1.c_customer_sk = store_sales_1.ss_customer_sk)",
                                      "Plans": [
                                        {
                                          "Node Type": "Seq Scan",
                                          "Parent Relationship": "Outer",
                                          "Parallel Aware": true,
                                          "Async Capable": false,
                                          "Relation Name": "customer",
                                          "Alias": "customer_1",
                                          "Startup Cost": 0.0,
                                          "Total Cost": 15918.33,
                                          "Plan Rows": 208333,
                                          "Plan Width": 8,
                                          "parent": 31,
                                          "ID": 32
                                        },
                                        {
                                          "Node Type": "Hash",
                                          "Parent Relationship": "Inner",
                                          "Parallel Aware": true,
                                          "Async Capable": false,
                                          "Startup Cost": 691576.19,
                                          "Total Cost": 691576.19,
                                          "Plan Rows": 320,
                                          "Plan Width": 10,
                                          "Plans": [
                                            {
                                              "Node Type": "Hash Join",
                                              "Parent Relationship": "Outer",
                                              "Parallel Aware": false,
                                              "Async Capable": false,
                                              "Join Type": "Inner",
                                              "Startup Cost": 9606.56,
                                              "Total Cost": 691576.19,
                                              "Plan Rows": 320,
                                              "Plan Width": 10,
                                              "Inner Unique": false,
                                              "Hash Cond": "(store_sales_1.ss_store_sk = store_1.s_store_sk)",
                                              "Plans": [
                                                {
                                                  "Node Type": "Hash Join",
                                                  "Parent Relationship": "Outer",
                                                  "Parallel Aware": true,
                                                  "Async Capable": false,
                                                  "Join Type": "Inner",
                                                  "Startup Cost": 9599.4,
                                                  "Total Cost": 691564.02,
                                                  "Plan Rows": 481,
                                                  "Plan Width": 14,
                                                  "Inner Unique": false,
                                                  "Hash Cond": "(store_sales_1.ss_item_sk = item_1.i_item_sk)",
                                                  "Plans": [
                                                    {
                                                      "Node Type": "Hash Join",
                                                      "Parent Relationship": "Outer",
                                                      "Parallel Aware": true,
                                                      "Async Capable": false,
                                                      "Join Type": "Inner",
                                                      "Startup Cost": 2049.78,
                                                      "Total Cost": 683994.75,
                                                      "Plan Rows": 4703,
                                                      "Plan Width": 18,
                                                      "Inner Unique": false,
                                                      "Hash Cond": "(store_sales_1.ss_sold_date_sk = date_dim_1.d_date_sk)",
                                                      "Plans": [
                                                        {
                                                          "Node Type": "Seq Scan",
                                                          "Parent Relationship": "Outer",
                                                          "Parallel Aware": true,
                                                          "Async Capable": false,
                                                          "Relation Name": "store_sales",
                                                          "Alias": "store_sales_1",
                                                          "Startup Cost": 0.0,
                                                          "Total Cost": 636914.37,
                                                          "Plan Rows": 12000637,
                                                          "Plan Width": 22,
                                                          "parent": 36,
                                                          "ID": 37
                                                        },
                                                        {
                                                          "Node Type": "Hash",
                                                          "Parent Relationship": "Inner",
                                                          "Parallel Aware": true,
                                                          "Async Capable": false,
                                                          "Startup Cost": 2049.55,
                                                          "Total Cost": 2049.55,
                                                          "Plan Rows": 18,
                                                          "Plan Width": 4,
                                                          "Plans": [
                                                            {
                                                              "Node Type": "Seq Scan",
                                                              "Parent Relationship": "Outer",
                                                              "Parallel Aware": true,
                                                              "Async Capable": false,
                                                              "Relation Name": "date_dim",
                                                              "Alias": "date_dim_1",
                                                              "Startup Cost": 0.0,
                                                              "Total Cost": 2049.55,
                                                              "Plan Rows": 18,
                                                              "Plan Width": 4,
                                                              "Filter": "((d_year = 1999) AND (d_moy = 12))",
                                                              "parent": 38,
                                                              "ID": 39
                                                            }
                                                          ],
                                                          "parent": 36,
                                                          "ID": 38,
                                                          "left": 39
                                                        }
                                                      ],
                                                      "parent": 35,
                                                      "ID": 36,
                                                      "left": 37,
                                                      "right": 38
                                                    },
                                                    {
                                                      "Node Type": "Hash",
                                                      "Parent Relationship": "Inner",
                                                      "Parallel Aware": true,
                                                      "Async Capable": false,
                                                      "Startup Cost": 7495.25,
                                                      "Total Cost": 7495.25,
                                                      "Plan Rows": 4350,
                                                      "Plan Width": 4,
                                                      "Plans": [
                                                        {
                                                          "Node Type": "Seq Scan",
                                                          "Parent Relationship": "Outer",
                                                          "Parallel Aware": true,
                                                          "Async Capable": false,
                                                          "Relation Name": "item",
                                                          "Alias": "item_1",
                                                          "Startup Cost": 0.0,
                                                          "Total Cost": 7495.25,
                                                          "Plan Rows": 4350,
                                                          "Plan Width": 4,
                                                          "Filter": "(i_category = 'Sports'::bpchar)",
                                                          "parent": 40,
                                                          "ID": 41
                                                        }
                                                      ],
                                                      "parent": 35,
                                                      "ID": 40,
                                                      "left": 41
                                                    }
                                                  ],
                                                  "parent": 34,
                                                  "ID": 35,
                                                  "left": 36,
                                                  "right": 40
                                                },
                                                {
                                                  "Node Type": "Hash",
                                                  "Parent Relationship": "Inner",
                                                  "Parallel Aware": false,
                                                  "Async Capable": false,
                                                  "Startup Cost": 6.28,
                                                  "Total Cost": 6.28,
                                                  "Plan Rows": 71,
                                                  "Plan Width": 4,
                                                  "Plans": [
                                                    {
                                                      "Node Type": "Seq Scan",
                                                      "Parent Relationship": "Outer",
                                                      "Parallel Aware": false,
                                                      "Async Capable": false,
                                                      "Relation Name": "store",
                                                      "Alias": "store_1",
                                                      "Startup Cost": 0.0,
                                                      "Total Cost": 6.28,
                                                      "Plan Rows": 71,
                                                      "Plan Width": 4,
                                                      "Filter": "(s_gmt_offset = '-6'::numeric)",
                                                      "parent": 42,
                                                      "ID": 43
                                                    }
                                                  ],
                                                  "parent": 34,
                                                  "ID": 42,
                                                  "left": 43
                                                }
                                              ],
                                              "parent": 33,
                                              "ID": 34,
                                              "left": 35,
                                              "right": 42
                                            }
                                          ],
                                          "parent": 31,
                                          "ID": 33,
                                          "left": 34
                                        }
                                      ],
                                      "parent": 30,
                                      "ID": 31,
                                      "left": 32,
                                      "right": 33
                                    }
                                  ],
                                  "parent": 28,
                                  "ID": 30,
                                  "left": 31
                                }
                              ],
                              "parent": 27,
                              "ID": 28,
                              "left": 29,
                              "right": 30
                            }
                          ],
                          "parent": 26,
                          "ID": 27,
                          "left": 28
                        }
                      ],
                      "parent": 25,
                      "ID": 26,
                      "left": 27
                    }
                  ],
                  "parent": 2,
                  "ID": 25,
                  "left": 26
                }
              ],
              "parent": 1,
              "ID": 2,
              "left": 3,
              "right": 25
            }
          ],
          "parent": 0,
          "ID": 1,
          "left": 2
        }
      ],
      "parent": null,
      "ID": 0,
      "left": 1
    },
    "feat": {
      "utility": 8.725912995264436e-06,
      "query_shape": [
        [
          "Seq Scan",
          "Hash Join",
          "Aggregate",
          "Gather",
          "Nested Loop",
          "Sort"
        ],
        [
          "Seq Scan",
          "Hash Join",
          "Hash",
          "Aggregate",
          "Gather",
          "Nested Loop",
          "Sort"
        ],
        [
          "Seq Scan",
          "Hash Join",
          "Hash",
          "Aggregate",
          "Gather",
          "Nested Loop",
          "Sort"
        ],
        [
          "Seq Scan",
          "Hash",
          "Hash Join",
          "Aggregate",
          "Gather",
          "Nested Loop",
          "Sort"
        ],
        [
          "Seq Scan",
          "Hash",
          "Hash Join",
          "Aggregate",
          "Gather",
          "Nested Loop",
          "Sort"
        ],
        [
          "Seq Scan",
          "Hash",
          "Hash Join",
          "Aggregate",
          "Gather",
          "Nested Loop",
          "Sort"
        ],
        [
          "Seq Scan",
          "Hash",
          "Hash Join",
          "Aggregate",
          "Gather",
          "Nested Loop",
          "Sort"
        ],
        [
          "Seq Scan",
          "Hash Join",
          "Aggregate",
          "Gather",
          "Nested Loop",
          "Sort"
        ],
        [
          "Seq Scan",
          "Hash Join",
          "Hash",
          "Aggregate",
          "Gather",
          "Nested Loop",
          "Sort"
        ],
        [
          "Seq Scan",
          "Hash Join",
          "Hash",
          "Aggregate",
          "Gather",
          "Nested Loop",
          "Sort"
        ],
        [
          "Seq Scan",
          "Hash",
          "Hash Join",
          "Aggregate",
          "Gather",
          "Nested Loop",
          "Sort"
        ],
        [
          "Seq Scan",
          "Hash",
          "Hash Join",
          "Aggregate",
          "Gather",
          "Nested Loop",
          "Sort"
        ],
        [
          "Seq Scan",
          "Hash",
          "Hash Join",
          "Aggregate",
          "Gather",
          "Nested Loop",
          "Sort"
        ]
      ],
      "index_shape": [
        "join"
      ],
      "physical_operator": {
        "Hash Join": [
          0.004848868656420849,
          0.004848868656420849
        ]
      }
    }
  },
  {
    "query": "select  promotions,total,cast(promotions as decimal(15,4))/cast(total as decimal(15,4))*100\nfrom\n  (select sum(ss_ext_sales_price) promotions\n   from  store_sales\n        ,store\n        ,promotion\n        ,date_dim\n        ,customer\n        ,customer_address \n        ,item\n   where ss_sold_date_sk = d_date_sk\n   and   ss_store_sk = s_store_sk\n   and   ss_promo_sk = p_promo_sk\n   and   ss_customer_sk= c_customer_sk\n   and   ca_address_sk = c_current_addr_sk\n   and   ss_item_sk = i_item_sk \n   and   ca_gmt_offset = -6\n   and   i_category = 'Sports'\n   and   (p_channel_dmail = 'Y' or p_channel_email = 'Y' or p_channel_tv = 'Y')\n   and   s_gmt_offset = -6\n   and   d_year = 1999\n   and   d_moy  = 12) promotional_sales,\n  (select sum(ss_ext_sales_price) total\n   from  store_sales\n        ,store\n        ,date_dim\n        ,customer\n        ,customer_address\n        ,item\n   where ss_sold_date_sk = d_date_sk\n   and   ss_store_sk = s_store_sk\n   and   ss_customer_sk= c_customer_sk\n   and   ca_address_sk = c_current_addr_sk\n   and   ss_item_sk = i_item_sk\n   and   ca_gmt_offset = -6\n   and   i_category = 'Sports'\n   and   s_gmt_offset = -6\n   and   d_year = 1999\n   and   d_moy  = 12) all_sales\norder by promotions, total\nlimit 100;\n\n-- end query 45 in stream 1 using template query61.tpl\n",
    "indexes": "item.i_category",
    "wo plan est": {
      "Node Type": "Limit",
      "Parallel Aware": false,
      "Async Capable": false,
      "Startup Cost": 1432411.5,
      "Total Cost": 1432411.51,
      "Plan Rows": 1,
      "Plan Width": 96,
      "Plans": [
        {
          "Node Type": "Sort",
          "Parent Relationship": "Outer",
          "Parallel Aware": false,
          "Async Capable": false,
          "Startup Cost": 1432411.5,
          "Total Cost": 1432411.51,
          "Plan Rows": 1,
          "Plan Width": 96,
          "Sort Key": [
            "(sum(store_sales.ss_ext_sales_price))",
            "(sum(store_sales_1.ss_ext_sales_price))"
          ],
          "Plans": [
            {
              "Node Type": "Nested Loop",
              "Parent Relationship": "Outer",
              "Parallel Aware": false,
              "Async Capable": false,
              "Join Type": "Inner",
              "Startup Cost": 1432411.43,
              "Total Cost": 1432411.49,
              "Plan Rows": 1,
              "Plan Width": 96,
              "Inner Unique": false,
              "Plans": [
                {
                  "Node Type": "Aggregate",
                  "Strategy": "Plain",
                  "Partial Mode": "Finalize",
                  "Parent Relationship": "Outer",
                  "Parallel Aware": false,
                  "Async Capable": false,
                  "Startup Cost": 716216.31,
                  "Total Cost": 716216.32,
                  "Plan Rows": 1,
                  "Plan Width": 32,
                  "Plans": [
                    {
                      "Node Type": "Gather",
                      "Parent Relationship": "Outer",
                      "Parallel Aware": false,
                      "Async Capable": false,
                      "Startup Cost": 716216.08,
                      "Total Cost": 716216.29,
                      "Plan Rows": 2,
                      "Plan Width": 32,
                      "Workers Planned": 2,
                      "Single Copy": false,
                      "Plans": [
                        {
                          "Node Type": "Aggregate",
                          "Strategy": "Plain",
                          "Partial Mode": "Partial",
                          "Parent Relationship": "Outer",
                          "Parallel Aware": false,
                          "Async Capable": false,
                          "Startup Cost": 715216.08,
                          "Total Cost": 715216.09,
                          "Plan Rows": 1,
                          "Plan Width": 32,
                          "Plans": [
                            {
                              "Node Type": "Hash Join",
                              "Parent Relationship": "Outer",
                              "Parallel Aware": true,
                              "Async Capable": false,
                              "Join Type": "Inner",
                              "Startup Cost": 708306.5,
                              "Total Cost": 715215.92,
                              "Plan Rows": 65,
                              "Plan Width": 6,
                              "Inner Unique": false,
                              "Hash Cond": "(customer_address.ca_address_sk = customer.c_current_addr_sk)",
                              "Plans": [
                                {
                                  "Node Type": "Seq Scan",
                                  "Parent Relationship": "Outer",
                                  "Parallel Aware": true,
                                  "Async Capable": false,
                                  "Relation Name": "customer_address",
                                  "Alias": "customer_address",
                                  "Startup Cost": 0.0,
                                  "Total Cost": 6737.08,
                                  "Plan Rows": 45885,
                                  "Plan Width": 4,
                                  "Filter": "(ca_gmt_offset = '-6'::numeric)",
                                  "parent": 6,
                                  "ID": 7
                                },
                                {
                                  "Node Type": "Hash",
                                  "Parent Relationship": "Inner",
                                  "Parallel Aware": true,
                                  "Async Capable": false,
                                  "Startup Cost": 708304.67,
                                  "Total Cost": 708304.67,
                                  "Plan Rows": 146,
                                  "Plan Width": 10,
                                  "Plans": [
                                    {
                                      "Node Type": "Hash Join",
                                      "Parent Relationship": "Outer",
                                      "Parallel Aware": true,
                                      "Async Capable": false,
                                      "Join Type": "Inner",
                                      "Startup Cost": 691604.48,
                                      "Total Cost": 708304.67,
                                      "Plan Rows": 146,
                                      "Plan Width": 10,
                                      "Inner Unique": false,
                                      "Hash Cond": "(customer.c_customer_sk = store_sales.ss_customer_sk)",
                                      "Plans": [
                                        {
                                          "Node Type": "Seq Scan",
                                          "Parent Relationship": "Outer",
                                          "Parallel Aware": true,
                                          "Async Capable": false,
                                          "Relation Name": "customer",
                                          "Alias": "customer",
                                          "Startup Cost": 0.0,
                                          "Total Cost": 15918.33,
                                          "Plan Rows": 208333,
                                          "Plan Width": 8,
                                          "parent": 9,
                                          "ID": 10
                                        },
                                        {
                                          "Node Type": "Hash",
                                          "Parent Relationship": "Inner",
                                          "Parallel Aware": true,
                                          "Async Capable": false,
                                          "Startup Cost": 691602.57,
                                          "Total Cost": 691602.57,
                                          "Plan Rows": 153,
                                          "Plan Width": 10,
                                          "Plans": [
                                            {
                                              "Node Type": "Hash Join",
                                              "Parent Relationship": "Outer",
                                              "Parallel Aware": false,
                                              "Async Capable": false,
                                              "Join Type": "Inner",
                                              "Startup Cost": 9631.45,
                                              "Total Cost": 691602.57,
                                              "Plan Rows": 153,
                                              "Plan Width": 10,
                                              "Inner Unique": false,
                                              "Hash Cond": "(store_sales.ss_store_sk = store.s_store_sk)",
                                              "Plans": [
                                                {
                                                  "Node Type": "Hash Join",
                                                  "Parent Relationship": "Outer",
                                                  "Parallel Aware": false,
                                                  "Async Capable": false,
                                                  "Join Type": "Inner",
                                                  "Startup Cost": 9624.29,
                                                  "Total Cost": 691593.01,
                                                  "Plan Rows": 230,
                                                  "Plan Width": 14,
                                                  "Inner Unique": false,
                                                  "Hash Cond": "(store_sales.ss_promo_sk = promotion.p_promo_sk)",
                                                  "Plans": [
                                                    {
                                                      "Node Type": "Hash Join",
                                                      "Parent Relationship": "Outer",
                                                      "Parallel Aware": true,
                                                      "Async Capable": false,
                                                      "Join Type": "Inner",
                                                      "Startup Cost": 9599.4,
                                                      "Total Cost": 691564.02,
                                                      "Plan Rows": 481,
                                                      "Plan Width": 18,
                                                      "Inner Unique": false,
                                                      "Hash Cond": "(store_sales.ss_item_sk = item.i_item_sk)",
                                                      "Plans": [
                                                        {
                                                          "Node Type": "Hash Join",
                                                          "Parent Relationship": "Outer",
                                                          "Parallel Aware": true,
                                                          "Async Capable": false,
                                                          "Join Type": "Inner",
                                                          "Startup Cost": 2049.78,
                                                          "Total Cost": 683994.75,
                                                          "Plan Rows": 4703,
                                                          "Plan Width": 22,
                                                          "Inner Unique": false,
                                                          "Hash Cond": "(store_sales.ss_sold_date_sk = date_dim.d_date_sk)",
                                                          "Plans": [
                                                            {
                                                              "Node Type": "Seq Scan",
                                                              "Parent Relationship": "Outer",
                                                              "Parallel Aware": true,
                                                              "Async Capable": false,
                                                              "Relation Name": "store_sales",
                                                              "Alias": "store_sales",
                                                              "Startup Cost": 0.0,
                                                              "Total Cost": 636914.37,
                                                              "Plan Rows": 12000637,
                                                              "Plan Width": 26,
                                                              "parent": 15,
                                                              "ID": 16
                                                            },
                                                            {
                                                              "Node Type": "Hash",
                                                              "Parent Relationship": "Inner",
                                                              "Parallel Aware": true,
                                                              "Async Capable": false,
                                                              "Startup Cost": 2049.55,
                                                              "Total Cost": 2049.55,
                                                              "Plan Rows": 18,
                                                              "Plan Width": 4,
                                                              "Plans": [
                                                                {
                                                                  "Node Type": "Seq Scan",
                                                                  "Parent Relationship": "Outer",
                                                                  "Parallel Aware": true,
                                                                  "Async Capable": false,
                                                                  "Relation Name": "date_dim",
                                                                  "Alias": "date_dim",
                                                                  "Startup Cost": 0.0,
                                                                  "Total Cost": 2049.55,
                                                                  "Plan Rows": 18,
                                                                  "Plan Width": 4,
                                                                  "Filter": "((d_year = 1999) AND (d_moy = 12))",
                                                                  "parent": 17,
                                                                  "ID": 18
                                                                }
                                                              ],
                                                              "parent": 15,
                                                              "ID": 17,
                                                              "left": 18
                                                            }
                                                          ],
                                                          "parent": 14,
                                                          "ID": 15,
                                                          "left": 16,
                                                          "right": 17
                                                        },
                                                        {
                                                          "Node Type": "Hash",
                                                          "Parent Relationship": "Inner",
                                                          "Parallel Aware": true,
                                                          "Async Capable": false,
                                                          "Startup Cost": 7495.25,
                                                          "Total Cost": 7495.25,
                                                          "Plan Rows": 4350,
                                                          "Plan Width": 4,
                                                          "Plans": [
                                                            {
                                                              "Node Type": "Seq Scan",
                                                              "Parent Relationship": "Outer",
                                                              "Parallel Aware": true,
                                                              "Async Capable": false,
                                                              "Relation Name": "item",
                                                              "Alias": "item",
                                                              "Startup Cost": 0.0,
                                                              "Total Cost": 7495.25,
                                                              "Plan Rows": 4350,
                                                              "Plan Width": 4,
                                                              "Filter": "(i_category = 'Sports'::bpchar)",
                                                              "parent": 19,
                                                              "ID": 20
                                                            }
                                                          ],
                                                          "parent": 14,
                                                          "ID": 19,
                                                          "left": 20
                                                        }
                                                      ],
                                                      "parent": 13,
                                                      "ID": 14,
                                                      "left": 15,
                                                      "right": 19
                                                    },
                                                    {
                                                      "Node Type": "Hash",
                                                      "Parent Relationship": "Inner",
                                                      "Parallel Aware": false,
                                                      "Async Capable": false,
                                                      "Startup Cost": 21.75,
                                                      "Total Cost": 21.75,
                                                      "Plan Rows": 251,
                                                      "Plan Width": 4,
                                                      "Plans": [
                                                        {
                                                          "Node Type": "Seq Scan",
                                                          "Parent Relationship": "Outer",
                                                          "Parallel Aware": false,
                                                          "Async Capable": false,
                                                          "Relation Name": "promotion",
                                                          "Alias": "promotion",
                                                          "Startup Cost": 0.0,
                                                          "Total Cost": 21.75,
                                                          "Plan Rows": 251,
                                                          "Plan Width": 4,
                                                          "Filter": "((p_channel_dmail = 'Y'::bpchar) OR (p_channel_email = 'Y'::bpchar) OR (p_channel_tv = 'Y'::bpchar))",
                                                          "parent": 21,
                                                          "ID": 22
                                                        }
                                                      ],
                                                      "parent": 13,
                                                      "ID": 21,
                                                      "left": 22
                                                    }
                                                  ],
                                                  "parent": 12,
                                                  "ID": 13,
                                                  "left": 14,
                                                  "right": 21
                                                },
                                                {
                                                  "Node Type": "Hash",
                                                  "Parent Relationship": "Inner",
                                                  "Parallel Aware": false,
                                                  "Async Capable": false,
                                                  "Startup Cost": 6.28,
                                                  "Total Cost": 6.28,
                                                  "Plan Rows": 71,
                                                  "Plan Width": 4,
                                                  "Plans": [
                                                    {
                                                      "Node Type": "Seq Scan",
                                                      "Parent Relationship": "Outer",
                                                      "Parallel Aware": false,
                                                      "Async Capable": false,
                                                      "Relation Name": "store",
                                                      "Alias": "store",
                                                      "Startup Cost": 0.0,
                                                      "Total Cost": 6.28,
                                                      "Plan Rows": 71,
                                                      "Plan Width": 4,
                                                      "Filter": "(s_gmt_offset = '-6'::numeric)",
                                                      "parent": 23,
                                                      "ID": 24
                                                    }
                                                  ],
                                                  "parent": 12,
                                                  "ID": 23,
                                                  "left": 24
                                                }
                                              ],
                                              "parent": 11,
                                              "ID": 12,
                                              "left": 13,
                                              "right": 23
                                            }
                                          ],
                                          "parent": 9,
                                          "ID": 11,
                                          "left": 12
                                        }
                                      ],
                                      "parent": 8,
                                      "ID": 9,
                                      "left": 10,
                                      "right": 11
                                    }
                                  ],
                                  "parent": 6,
                                  "ID": 8,
                                  "left": 9
                                }
                              ],
                              "parent": 5,
                              "ID": 6,
                              "left": 7,
                              "right": 8
                            }
                          ],
                          "parent": 4,
                          "ID": 5,
                          "left": 6
                        }
                      ],
                      "parent": 3,
                      "ID": 4,
                      "left": 5
                    }
                  ],
                  "parent": 2,
                  "ID": 3,
                  "left": 4
                },
                {
                  "Node Type": "Aggregate",
                  "Strategy": "Plain",
                  "Partial Mode": "Finalize",
                  "Parent Relationship": "Inner",
                  "Parallel Aware": false,
                  "Async Capable": false,
                  "Startup Cost": 716195.13,
                  "Total Cost": 716195.14,
                  "Plan Rows": 1,
                  "Plan Width": 32,
                  "Plans": [
                    {
                      "Node Type": "Gather",
                      "Parent Relationship": "Outer",
                      "Parallel Aware": false,
                      "Async Capable": false,
                      "Startup Cost": 716194.9,
                      "Total Cost": 716195.11,
                      "Plan Rows": 2,
                      "Plan Width": 32,
                      "Workers Planned": 2,
                      "Single Copy": false,
                      "Plans": [
                        {
                          "Node Type": "Aggregate",
                          "Strategy": "Plain",
                          "Partial Mode": "Partial",
                          "Parent Relationship": "Outer",
                          "Parallel Aware": false,
                          "Async Capable": false,
                          "Startup Cost": 715194.9,
                          "Total Cost": 715194.91,
                          "Plan Rows": 1,
                          "Plan Width": 32,
                          "Plans": [
                            {
                              "Node Type": "Hash Join",
                              "Parent Relationship": "Outer",
                              "Parallel Aware": true,
                              "Async Capable": false,
                              "Join Type": "Inner",
                              "Startup Cost": 708284.85,
                              "Total Cost": 715194.56,
                              "Plan Rows": 135,
                              "Plan Width": 6,
                              "Inner Unique": false,
                              "Hash Cond": "(customer_address_1.ca_address_sk = customer_1.c_current_addr_sk)",
                              "Plans": [
                                {
                                  "Node Type": "Seq Scan",
                                  "Parent Relationship": "Outer",
                                  "Parallel Aware": true,
                                  "Async Capable": false,
                                  "Relation Name": "customer_address",
                                  "Alias": "customer_address_1",
                                  "Startup Cost": 0.0,
                                  "Total Cost": 6737.08,
                                  "Plan Rows": 45885,
                                  "Plan Width": 4,
                                  "Filter": "(ca_gmt_offset = '-6'::numeric)",
                                  "parent": 28,
                                  "ID": 29
                                },
                                {
                                  "Node Type": "Hash",
                                  "Parent Relationship": "Inner",
                                  "Parallel Aware": true,
                                  "Async Capable": false,
                                  "Startup Cost": 708281.04,
                                  "Total Cost": 708281.04,
                                  "Plan Rows": 305,
                                  "Plan Width": 10,
                                  "Plans": [
                                    {
                                      "Node Type": "Hash Join",
                                      "Parent Relationship": "Outer",
                                      "Parallel Aware": true,
                                      "Async Capable": false,
                                      "Join Type": "Inner",
                                      "Startup Cost": 691580.19,
                                      "Total Cost": 708281.04,
                                      "Plan Rows": 305,
                                      "Plan Width": 10,
                                      "Inner Unique": false,
                                      "Hash Cond": "(customer_1.c_customer_sk = store_sales_1.ss_customer_sk)",
                                      "Plans": [
                                        {
                                          "Node Type": "Seq Scan",
                                          "Parent Relationship": "Outer",
                                          "Parallel Aware": true,
                                          "Async Capable": false,
                                          "Relation Name": "customer",
                                          "Alias": "customer_1",
                                          "Startup Cost": 0.0,
                                          "Total Cost": 15918.33,
                                          "Plan Rows": 208333,
                                          "Plan Width": 8,
                                          "parent": 31,
                                          "ID": 32
                                        },
                                        {
                                          "Node Type": "Hash",
                                          "Parent Relationship": "Inner",
                                          "Parallel Aware": true,
                                          "Async Capable": false,
                                          "Startup Cost": 691576.19,
                                          "Total Cost": 691576.19,
                                          "Plan Rows": 320,
                                          "Plan Width": 10,
                                          "Plans": [
                                            {
                                              "Node Type": "Hash Join",
                                              "Parent Relationship": "Outer",
                                              "Parallel Aware": false,
                                              "Async Capable": false,
                                              "Join Type": "Inner",
                                              "Startup Cost": 9606.56,
                                              "Total Cost": 691576.19,
                                              "Plan Rows": 320,
                                              "Plan Width": 10,
                                              "Inner Unique": false,
                                              "Hash Cond": "(store_sales_1.ss_store_sk = store_1.s_store_sk)",
                                              "Plans": [
                                                {
                                                  "Node Type": "Hash Join",
                                                  "Parent Relationship": "Outer",
                                                  "Parallel Aware": true,
                                                  "Async Capable": false,
                                                  "Join Type": "Inner",
                                                  "Startup Cost": 9599.4,
                                                  "Total Cost": 691564.02,
                                                  "Plan Rows": 481,
                                                  "Plan Width": 14,
                                                  "Inner Unique": false,
                                                  "Hash Cond": "(store_sales_1.ss_item_sk = item_1.i_item_sk)",
                                                  "Plans": [
                                                    {
                                                      "Node Type": "Hash Join",
                                                      "Parent Relationship": "Outer",
                                                      "Parallel Aware": true,
                                                      "Async Capable": false,
                                                      "Join Type": "Inner",
                                                      "Startup Cost": 2049.78,
                                                      "Total Cost": 683994.75,
                                                      "Plan Rows": 4703,
                                                      "Plan Width": 18,
                                                      "Inner Unique": false,
                                                      "Hash Cond": "(store_sales_1.ss_sold_date_sk = date_dim_1.d_date_sk)",
                                                      "Plans": [
                                                        {
                                                          "Node Type": "Seq Scan",
                                                          "Parent Relationship": "Outer",
                                                          "Parallel Aware": true,
                                                          "Async Capable": false,
                                                          "Relation Name": "store_sales",
                                                          "Alias": "store_sales_1",
                                                          "Startup Cost": 0.0,
                                                          "Total Cost": 636914.37,
                                                          "Plan Rows": 12000637,
                                                          "Plan Width": 22,
                                                          "parent": 36,
                                                          "ID": 37
                                                        },
                                                        {
                                                          "Node Type": "Hash",
                                                          "Parent Relationship": "Inner",
                                                          "Parallel Aware": true,
                                                          "Async Capable": false,
                                                          "Startup Cost": 2049.55,
                                                          "Total Cost": 2049.55,
                                                          "Plan Rows": 18,
                                                          "Plan Width": 4,
                                                          "Plans": [
                                                            {
                                                              "Node Type": "Seq Scan",
                                                              "Parent Relationship": "Outer",
                                                              "Parallel Aware": true,
                                                              "Async Capable": false,
                                                              "Relation Name": "date_dim",
                                                              "Alias": "date_dim_1",
                                                              "Startup Cost": 0.0,
                                                              "Total Cost": 2049.55,
                                                              "Plan Rows": 18,
                                                              "Plan Width": 4,
                                                              "Filter": "((d_year = 1999) AND (d_moy = 12))",
                                                              "parent": 38,
                                                              "ID": 39
                                                            }
                                                          ],
                                                          "parent": 36,
                                                          "ID": 38,
                                                          "left": 39
                                                        }
                                                      ],
                                                      "parent": 35,
                                                      "ID": 36,
                                                      "left": 37,
                                                      "right": 38
                                                    },
                                                    {
                                                      "Node Type": "Hash",
                                                      "Parent Relationship": "Inner",
                                                      "Parallel Aware": true,
                                                      "Async Capable": false,
                                                      "Startup Cost": 7495.25,
                                                      "Total Cost": 7495.25,
                                                      "Plan Rows": 4350,
                                                      "Plan Width": 4,
                                                      "Plans": [
                                                        {
                                                          "Node Type": "Seq Scan",
                                                          "Parent Relationship": "Outer",
                                                          "Parallel Aware": true,
                                                          "Async Capable": false,
                                                          "Relation Name": "item",
                                                          "Alias": "item_1",
                                                          "Startup Cost": 0.0,
                                                          "Total Cost": 7495.25,
                                                          "Plan Rows": 4350,
                                                          "Plan Width": 4,
                                                          "Filter": "(i_category = 'Sports'::bpchar)",
                                                          "parent": 40,
                                                          "ID": 41
                                                        }
                                                      ],
                                                      "parent": 35,
                                                      "ID": 40,
                                                      "left": 41
                                                    }
                                                  ],
                                                  "parent": 34,
                                                  "ID": 35,
                                                  "left": 36,
                                                  "right": 40
                                                },
                                                {
                                                  "Node Type": "Hash",
                                                  "Parent Relationship": "Inner",
                                                  "Parallel Aware": false,
                                                  "Async Capable": false,
                                                  "Startup Cost": 6.28,
                                                  "Total Cost": 6.28,
                                                  "Plan Rows": 71,
                                                  "Plan Width": 4,
                                                  "Plans": [
                                                    {
                                                      "Node Type": "Seq Scan",
                                                      "Parent Relationship": "Outer",
                                                      "Parallel Aware": false,
                                                      "Async Capable": false,
                                                      "Relation Name": "store",
                                                      "Alias": "store_1",
                                                      "Startup Cost": 0.0,
                                                      "Total Cost": 6.28,
                                                      "Plan Rows": 71,
                                                      "Plan Width": 4,
                                                      "Filter": "(s_gmt_offset = '-6'::numeric)",
                                                      "parent": 42,
                                                      "ID": 43
                                                    }
                                                  ],
                                                  "parent": 34,
                                                  "ID": 42,
                                                  "left": 43
                                                }
                                              ],
                                              "parent": 33,
                                              "ID": 34,
                                              "left": 35,
                                              "right": 42
                                            }
                                          ],
                                          "parent": 31,
                                          "ID": 33,
                                          "left": 34
                                        }
                                      ],
                                      "parent": 30,
                                      "ID": 31,
                                      "left": 32,
                                      "right": 33
                                    }
                                  ],
                                  "parent": 28,
                                  "ID": 30,
                                  "left": 31
                                }
                              ],
                              "parent": 27,
                              "ID": 28,
                              "left": 29,
                              "right": 30
                            }
                          ],
                          "parent": 26,
                          "ID": 27,
                          "left": 28
                        }
                      ],
                      "parent": 25,
                      "ID": 26,
                      "left": 27
                    }
                  ],
                  "parent": 2,
                  "ID": 25,
                  "left": 26
                }
              ],
              "parent": 1,
              "ID": 2,
              "left": 3,
              "right": 25
            }
          ],
          "parent": 0,
          "ID": 1,
          "left": 2
        }
      ],
      "parent": null,
      "ID": 0,
      "left": 1
    },
    "feat": {
      "utility": 0.010018908089272393,
      "query_shape": [
        [
          "Seq Scan",
          "Hash Join",
          "Aggregate",
          "Gather",
          "Nested Loop",
          "Sort"
        ],
        [
          "Seq Scan",
          "Hash Join",
          "Hash",
          "Aggregate",
          "Gather",
          "Nested Loop",
          "Sort"
        ],
        [
          "Seq Scan",
          "Hash Join",
          "Hash",
          "Aggregate",
          "Gather",
          "Nested Loop",
          "Sort"
        ],
        [
          "Seq Scan",
          "Hash",
          "Hash Join",
          "Aggregate",
          "Gather",
          "Nested Loop",
          "Sort"
        ],
        [
          "Seq Scan",
          "Hash",
          "Hash Join",
          "Aggregate",
          "Gather",
          "Nested Loop",
          "Sort"
        ],
        [
          "Seq Scan",
          "Hash",
          "Hash Join",
          "Aggregate",
          "Gather",
          "Nested Loop",
          "Sort"
        ],
        [
          "Seq Scan",
          "Hash",
          "Hash Join",
          "Aggregate",
          "Gather",
          "Nested Loop",
          "Sort"
        ],
        [
          "Seq Scan",
          "Hash Join",
          "Aggregate",
          "Gather",
          "Nested Loop",
          "Sort"
        ],
        [
          "Seq Scan",
          "Hash Join",
          "Hash",
          "Aggregate",
          "Gather",
          "Nested Loop",
          "Sort"
        ],
        [
          "Seq Scan",
          "Hash Join",
          "Hash",
          "Aggregate",
          "Gather",
          "Nested Loop",
          "Sort"
        ],
        [
          "Seq Scan",
          "Hash",
          "Hash Join",
          "Aggregate",
          "Gather",
          "Nested Loop",
          "Sort"
        ],
        [
          "Seq Scan",
          "Hash",
          "Hash Join",
          "Aggregate",
          "Gather",
          "Nested Loop",
          "Sort"
        ],
        [
          "Seq Scan",
          "Hash",
          "Hash Join",
          "Aggregate",
          "Gather",
          "Nested Loop",
          "Sort"
        ]
      ],
      "index_shape": [
        "selection"
      ],
      "physical_operator": {
        "Seq Scan": [
          0.04264705882352937,
          0.04264705882352937
        ]
      }
    }
  },
  {
    "query": "select  promotions,total,cast(promotions as decimal(15,4))/cast(total as decimal(15,4))*100\nfrom\n  (select sum(ss_ext_sales_price) promotions\n   from  store_sales\n        ,store\n        ,promotion\n        ,date_dim\n        ,customer\n        ,customer_address \n        ,item\n   where ss_sold_date_sk = d_date_sk\n   and   ss_store_sk = s_store_sk\n   and   ss_promo_sk = p_promo_sk\n   and   ss_customer_sk= c_customer_sk\n   and   ca_address_sk = c_current_addr_sk\n   and   ss_item_sk = i_item_sk \n   and   ca_gmt_offset = -6\n   and   i_category = 'Sports'\n   and   (p_channel_dmail = 'Y' or p_channel_email = 'Y' or p_channel_tv = 'Y')\n   and   s_gmt_offset = -6\n   and   d_year = 1999\n   and   d_moy  = 12) promotional_sales,\n  (select sum(ss_ext_sales_price) total\n   from  store_sales\n        ,store\n        ,date_dim\n        ,customer\n        ,customer_address\n        ,item\n   where ss_sold_date_sk = d_date_sk\n   and   ss_store_sk = s_store_sk\n   and   ss_customer_sk= c_customer_sk\n   and   ca_address_sk = c_current_addr_sk\n   and   ss_item_sk = i_item_sk\n   and   ca_gmt_offset = -6\n   and   i_category = 'Sports'\n   and   s_gmt_offset = -6\n   and   d_year = 1999\n   and   d_moy  = 12) all_sales\norder by promotions, total\nlimit 100;\n\n-- end query 45 in stream 1 using template query61.tpl\n",
    "indexes": "store.s_gmt_offset",
    "wo plan est": {
      "Node Type": "Limit",
      "Parallel Aware": false,
      "Async Capable": false,
      "Startup Cost": 1432411.5,
      "Total Cost": 1432411.51,
      "Plan Rows": 1,
      "Plan Width": 96,
      "Plans": [
        {
          "Node Type": "Sort",
          "Parent Relationship": "Outer",
          "Parallel Aware": false,
          "Async Capable": false,
          "Startup Cost": 1432411.5,
          "Total Cost": 1432411.51,
          "Plan Rows": 1,
          "Plan Width": 96,
          "Sort Key": [
            "(sum(store_sales.ss_ext_sales_price))",
            "(sum(store_sales_1.ss_ext_sales_price))"
          ],
          "Plans": [
            {
              "Node Type": "Nested Loop",
              "Parent Relationship": "Outer",
              "Parallel Aware": false,
              "Async Capable": false,
              "Join Type": "Inner",
              "Startup Cost": 1432411.43,
              "Total Cost": 1432411.49,
              "Plan Rows": 1,
              "Plan Width": 96,
              "Inner Unique": false,
              "Plans": [
                {
                  "Node Type": "Aggregate",
                  "Strategy": "Plain",
                  "Partial Mode": "Finalize",
                  "Parent Relationship": "Outer",
                  "Parallel Aware": false,
                  "Async Capable": false,
                  "Startup Cost": 716216.31,
                  "Total Cost": 716216.32,
                  "Plan Rows": 1,
                  "Plan Width": 32,
                  "Plans": [
                    {
                      "Node Type": "Gather",
                      "Parent Relationship": "Outer",
                      "Parallel Aware": false,
                      "Async Capable": false,
                      "Startup Cost": 716216.08,
                      "Total Cost": 716216.29,
                      "Plan Rows": 2,
                      "Plan Width": 32,
                      "Workers Planned": 2,
                      "Single Copy": false,
                      "Plans": [
                        {
                          "Node Type": "Aggregate",
                          "Strategy": "Plain",
                          "Partial Mode": "Partial",
                          "Parent Relationship": "Outer",
                          "Parallel Aware": false,
                          "Async Capable": false,
                          "Startup Cost": 715216.08,
                          "Total Cost": 715216.09,
                          "Plan Rows": 1,
                          "Plan Width": 32,
                          "Plans": [
                            {
                              "Node Type": "Hash Join",
                              "Parent Relationship": "Outer",
                              "Parallel Aware": true,
                              "Async Capable": false,
                              "Join Type": "Inner",
                              "Startup Cost": 708306.5,
                              "Total Cost": 715215.92,
                              "Plan Rows": 65,
                              "Plan Width": 6,
                              "Inner Unique": false,
                              "Hash Cond": "(customer_address.ca_address_sk = customer.c_current_addr_sk)",
                              "Plans": [
                                {
                                  "Node Type": "Seq Scan",
                                  "Parent Relationship": "Outer",
                                  "Parallel Aware": true,
                                  "Async Capable": false,
                                  "Relation Name": "customer_address",
                                  "Alias": "customer_address",
                                  "Startup Cost": 0.0,
                                  "Total Cost": 6737.08,
                                  "Plan Rows": 45885,
                                  "Plan Width": 4,
                                  "Filter": "(ca_gmt_offset = '-6'::numeric)",
                                  "parent": 6,
                                  "ID": 7
                                },
                                {
                                  "Node Type": "Hash",
                                  "Parent Relationship": "Inner",
                                  "Parallel Aware": true,
                                  "Async Capable": false,
                                  "Startup Cost": 708304.67,
                                  "Total Cost": 708304.67,
                                  "Plan Rows": 146,
                                  "Plan Width": 10,
                                  "Plans": [
                                    {
                                      "Node Type": "Hash Join",
                                      "Parent Relationship": "Outer",
                                      "Parallel Aware": true,
                                      "Async Capable": false,
                                      "Join Type": "Inner",
                                      "Startup Cost": 691604.48,
                                      "Total Cost": 708304.67,
                                      "Plan Rows": 146,
                                      "Plan Width": 10,
                                      "Inner Unique": false,
                                      "Hash Cond": "(customer.c_customer_sk = store_sales.ss_customer_sk)",
                                      "Plans": [
                                        {
                                          "Node Type": "Seq Scan",
                                          "Parent Relationship": "Outer",
                                          "Parallel Aware": true,
                                          "Async Capable": false,
                                          "Relation Name": "customer",
                                          "Alias": "customer",
                                          "Startup Cost": 0.0,
                                          "Total Cost": 15918.33,
                                          "Plan Rows": 208333,
                                          "Plan Width": 8,
                                          "parent": 9,
                                          "ID": 10
                                        },
                                        {
                                          "Node Type": "Hash",
                                          "Parent Relationship": "Inner",
                                          "Parallel Aware": true,
                                          "Async Capable": false,
                                          "Startup Cost": 691602.57,
                                          "Total Cost": 691602.57,
                                          "Plan Rows": 153,
                                          "Plan Width": 10,
                                          "Plans": [
                                            {
                                              "Node Type": "Hash Join",
                                              "Parent Relationship": "Outer",
                                              "Parallel Aware": false,
                                              "Async Capable": false,
                                              "Join Type": "Inner",
                                              "Startup Cost": 9631.45,
                                              "Total Cost": 691602.57,
                                              "Plan Rows": 153,
                                              "Plan Width": 10,
                                              "Inner Unique": false,
                                              "Hash Cond": "(store_sales.ss_store_sk = store.s_store_sk)",
                                              "Plans": [
                                                {
                                                  "Node Type": "Hash Join",
                                                  "Parent Relationship": "Outer",
                                                  "Parallel Aware": false,
                                                  "Async Capable": false,
                                                  "Join Type": "Inner",
                                                  "Startup Cost": 9624.29,
                                                  "Total Cost": 691593.01,
                                                  "Plan Rows": 230,
                                                  "Plan Width": 14,
                                                  "Inner Unique": false,
                                                  "Hash Cond": "(store_sales.ss_promo_sk = promotion.p_promo_sk)",
                                                  "Plans": [
                                                    {
                                                      "Node Type": "Hash Join",
                                                      "Parent Relationship": "Outer",
                                                      "Parallel Aware": true,
                                                      "Async Capable": false,
                                                      "Join Type": "Inner",
                                                      "Startup Cost": 9599.4,
                                                      "Total Cost": 691564.02,
                                                      "Plan Rows": 481,
                                                      "Plan Width": 18,
                                                      "Inner Unique": false,
                                                      "Hash Cond": "(store_sales.ss_item_sk = item.i_item_sk)",
                                                      "Plans": [
                                                        {
                                                          "Node Type": "Hash Join",
                                                          "Parent Relationship": "Outer",
                                                          "Parallel Aware": true,
                                                          "Async Capable": false,
                                                          "Join Type": "Inner",
                                                          "Startup Cost": 2049.78,
                                                          "Total Cost": 683994.75,
                                                          "Plan Rows": 4703,
                                                          "Plan Width": 22,
                                                          "Inner Unique": false,
                                                          "Hash Cond": "(store_sales.ss_sold_date_sk = date_dim.d_date_sk)",
                                                          "Plans": [
                                                            {
                                                              "Node Type": "Seq Scan",
                                                              "Parent Relationship": "Outer",
                                                              "Parallel Aware": true,
                                                              "Async Capable": false,
                                                              "Relation Name": "store_sales",
                                                              "Alias": "store_sales",
                                                              "Startup Cost": 0.0,
                                                              "Total Cost": 636914.37,
                                                              "Plan Rows": 12000637,
                                                              "Plan Width": 26,
                                                              "parent": 15,
                                                              "ID": 16
                                                            },
                                                            {
                                                              "Node Type": "Hash",
                                                              "Parent Relationship": "Inner",
                                                              "Parallel Aware": true,
                                                              "Async Capable": false,
                                                              "Startup Cost": 2049.55,
                                                              "Total Cost": 2049.55,
                                                              "Plan Rows": 18,
                                                              "Plan Width": 4,
                                                              "Plans": [
                                                                {
                                                                  "Node Type": "Seq Scan",
                                                                  "Parent Relationship": "Outer",
                                                                  "Parallel Aware": true,
                                                                  "Async Capable": false,
                                                                  "Relation Name": "date_dim",
                                                                  "Alias": "date_dim",
                                                                  "Startup Cost": 0.0,
                                                                  "Total Cost": 2049.55,
                                                                  "Plan Rows": 18,
                                                                  "Plan Width": 4,
                                                                  "Filter": "((d_year = 1999) AND (d_moy = 12))",
                                                                  "parent": 17,
                                                                  "ID": 18
                                                                }
                                                              ],
                                                              "parent": 15,
                                                              "ID": 17,
                                                              "left": 18
                                                            }
                                                          ],
                                                          "parent": 14,
                                                          "ID": 15,
                                                          "left": 16,
                                                          "right": 17
                                                        },
                                                        {
                                                          "Node Type": "Hash",
                                                          "Parent Relationship": "Inner",
                                                          "Parallel Aware": true,
                                                          "Async Capable": false,
                                                          "Startup Cost": 7495.25,
                                                          "Total Cost": 7495.25,
                                                          "Plan Rows": 4350,
                                                          "Plan Width": 4,
                                                          "Plans": [
                                                            {
                                                              "Node Type": "Seq Scan",
                                                              "Parent Relationship": "Outer",
                                                              "Parallel Aware": true,
                                                              "Async Capable": false,
                                                              "Relation Name": "item",
                                                              "Alias": "item",
                                                              "Startup Cost": 0.0,
                                                              "Total Cost": 7495.25,
                                                              "Plan Rows": 4350,
                                                              "Plan Width": 4,
                                                              "Filter": "(i_category = 'Sports'::bpchar)",
                                                              "parent": 19,
                                                              "ID": 20
                                                            }
                                                          ],
                                                          "parent": 14,
                                                          "ID": 19,
                                                          "left": 20
                                                        }
                                                      ],
                                                      "parent": 13,
                                                      "ID": 14,
                                                      "left": 15,
                                                      "right": 19
                                                    },
                                                    {
                                                      "Node Type": "Hash",
                                                      "Parent Relationship": "Inner",
                                                      "Parallel Aware": false,
                                                      "Async Capable": false,
                                                      "Startup Cost": 21.75,
                                                      "Total Cost": 21.75,
                                                      "Plan Rows": 251,
                                                      "Plan Width": 4,
                                                      "Plans": [
                                                        {
                                                          "Node Type": "Seq Scan",
                                                          "Parent Relationship": "Outer",
                                                          "Parallel Aware": false,
                                                          "Async Capable": false,
                                                          "Relation Name": "promotion",
                                                          "Alias": "promotion",
                                                          "Startup Cost": 0.0,
                                                          "Total Cost": 21.75,
                                                          "Plan Rows": 251,
                                                          "Plan Width": 4,
                                                          "Filter": "((p_channel_dmail = 'Y'::bpchar) OR (p_channel_email = 'Y'::bpchar) OR (p_channel_tv = 'Y'::bpchar))",
                                                          "parent": 21,
                                                          "ID": 22
                                                        }
                                                      ],
                                                      "parent": 13,
                                                      "ID": 21,
                                                      "left": 22
                                                    }
                                                  ],
                                                  "parent": 12,
                                                  "ID": 13,
                                                  "left": 14,
                                                  "right": 21
                                                },
                                                {
                                                  "Node Type": "Hash",
                                                  "Parent Relationship": "Inner",
                                                  "Parallel Aware": false,
                                                  "Async Capable": false,
                                                  "Startup Cost": 6.28,
                                                  "Total Cost": 6.28,
                                                  "Plan Rows": 71,
                                                  "Plan Width": 4,
                                                  "Plans": [
                                                    {
                                                      "Node Type": "Seq Scan",
                                                      "Parent Relationship": "Outer",
                                                      "Parallel Aware": false,
                                                      "Async Capable": false,
                                                      "Relation Name": "store",
                                                      "Alias": "store",
                                                      "Startup Cost": 0.0,
                                                      "Total Cost": 6.28,
                                                      "Plan Rows": 71,
                                                      "Plan Width": 4,
                                                      "Filter": "(s_gmt_offset = '-6'::numeric)",
                                                      "parent": 23,
                                                      "ID": 24
                                                    }
                                                  ],
                                                  "parent": 12,
                                                  "ID": 23,
                                                  "left": 24
                                                }
                                              ],
                                              "parent": 11,
                                              "ID": 12,
                                              "left": 13,
                                              "right": 23
                                            }
                                          ],
                                          "parent": 9,
                                          "ID": 11,
                                          "left": 12
                                        }
                                      ],
                                      "parent": 8,
                                      "ID": 9,
                                      "left": 10,
                                      "right": 11
                                    }
                                  ],
                                  "parent": 6,
                                  "ID": 8,
                                  "left": 9
                                }
                              ],
                              "parent": 5,
                              "ID": 6,
                              "left": 7,
                              "right": 8
                            }
                          ],
                          "parent": 4,
                          "ID": 5,
                          "left": 6
                        }
                      ],
                      "parent": 3,
                      "ID": 4,
                      "left": 5
                    }
                  ],
                  "parent": 2,
                  "ID": 3,
                  "left": 4
                },
                {
                  "Node Type": "Aggregate",
                  "Strategy": "Plain",
                  "Partial Mode": "Finalize",
                  "Parent Relationship": "Inner",
                  "Parallel Aware": false,
                  "Async Capable": false,
                  "Startup Cost": 716195.13,
                  "Total Cost": 716195.14,
                  "Plan Rows": 1,
                  "Plan Width": 32,
                  "Plans": [
                    {
                      "Node Type": "Gather",
                      "Parent Relationship": "Outer",
                      "Parallel Aware": false,
                      "Async Capable": false,
                      "Startup Cost": 716194.9,
                      "Total Cost": 716195.11,
                      "Plan Rows": 2,
                      "Plan Width": 32,
                      "Workers Planned": 2,
                      "Single Copy": false,
                      "Plans": [
                        {
                          "Node Type": "Aggregate",
                          "Strategy": "Plain",
                          "Partial Mode": "Partial",
                          "Parent Relationship": "Outer",
                          "Parallel Aware": false,
                          "Async Capable": false,
                          "Startup Cost": 715194.9,
                          "Total Cost": 715194.91,
                          "Plan Rows": 1,
                          "Plan Width": 32,
                          "Plans": [
                            {
                              "Node Type": "Hash Join",
                              "Parent Relationship": "Outer",
                              "Parallel Aware": true,
                              "Async Capable": false,
                              "Join Type": "Inner",
                              "Startup Cost": 708284.85,
                              "Total Cost": 715194.56,
                              "Plan Rows": 135,
                              "Plan Width": 6,
                              "Inner Unique": false,
                              "Hash Cond": "(customer_address_1.ca_address_sk = customer_1.c_current_addr_sk)",
                              "Plans": [
                                {
                                  "Node Type": "Seq Scan",
                                  "Parent Relationship": "Outer",
                                  "Parallel Aware": true,
                                  "Async Capable": false,
                                  "Relation Name": "customer_address",
                                  "Alias": "customer_address_1",
                                  "Startup Cost": 0.0,
                                  "Total Cost": 6737.08,
                                  "Plan Rows": 45885,
                                  "Plan Width": 4,
                                  "Filter": "(ca_gmt_offset = '-6'::numeric)",
                                  "parent": 28,
                                  "ID": 29
                                },
                                {
                                  "Node Type": "Hash",
                                  "Parent Relationship": "Inner",
                                  "Parallel Aware": true,
                                  "Async Capable": false,
                                  "Startup Cost": 708281.04,
                                  "Total Cost": 708281.04,
                                  "Plan Rows": 305,
                                  "Plan Width": 10,
                                  "Plans": [
                                    {
                                      "Node Type": "Hash Join",
                                      "Parent Relationship": "Outer",
                                      "Parallel Aware": true,
                                      "Async Capable": false,
                                      "Join Type": "Inner",
                                      "Startup Cost": 691580.19,
                                      "Total Cost": 708281.04,
                                      "Plan Rows": 305,
                                      "Plan Width": 10,
                                      "Inner Unique": false,
                                      "Hash Cond": "(customer_1.c_customer_sk = store_sales_1.ss_customer_sk)",
                                      "Plans": [
                                        {
                                          "Node Type": "Seq Scan",
                                          "Parent Relationship": "Outer",
                                          "Parallel Aware": true,
                                          "Async Capable": false,
                                          "Relation Name": "customer",
                                          "Alias": "customer_1",
                                          "Startup Cost": 0.0,
                                          "Total Cost": 15918.33,
                                          "Plan Rows": 208333,
                                          "Plan Width": 8,
                                          "parent": 31,
                                          "ID": 32
                                        },
                                        {
                                          "Node Type": "Hash",
                                          "Parent Relationship": "Inner",
                                          "Parallel Aware": true,
                                          "Async Capable": false,
                                          "Startup Cost": 691576.19,
                                          "Total Cost": 691576.19,
                                          "Plan Rows": 320,
                                          "Plan Width": 10,
                                          "Plans": [
                                            {
                                              "Node Type": "Hash Join",
                                              "Parent Relationship": "Outer",
                                              "Parallel Aware": false,
                                              "Async Capable": false,
                                              "Join Type": "Inner",
                                              "Startup Cost": 9606.56,
                                              "Total Cost": 691576.19,
                                              "Plan Rows": 320,
                                              "Plan Width": 10,
                                              "Inner Unique": false,
                                              "Hash Cond": "(store_sales_1.ss_store_sk = store_1.s_store_sk)",
                                              "Plans": [
                                                {
                                                  "Node Type": "Hash Join",
                                                  "Parent Relationship": "Outer",
                                                  "Parallel Aware": true,
                                                  "Async Capable": false,
                                                  "Join Type": "Inner",
                                                  "Startup Cost": 9599.4,
                                                  "Total Cost": 691564.02,
                                                  "Plan Rows": 481,
                                                  "Plan Width": 14,
                                                  "Inner Unique": false,
                                                  "Hash Cond": "(store_sales_1.ss_item_sk = item_1.i_item_sk)",
                                                  "Plans": [
                                                    {
                                                      "Node Type": "Hash Join",
                                                      "Parent Relationship": "Outer",
                                                      "Parallel Aware": true,
                                                      "Async Capable": false,
                                                      "Join Type": "Inner",
                                                      "Startup Cost": 2049.78,
                                                      "Total Cost": 683994.75,
                                                      "Plan Rows": 4703,
                                                      "Plan Width": 18,
                                                      "Inner Unique": false,
                                                      "Hash Cond": "(store_sales_1.ss_sold_date_sk = date_dim_1.d_date_sk)",
                                                      "Plans": [
                                                        {
                                                          "Node Type": "Seq Scan",
                                                          "Parent Relationship": "Outer",
                                                          "Parallel Aware": true,
                                                          "Async Capable": false,
                                                          "Relation Name": "store_sales",
                                                          "Alias": "store_sales_1",
                                                          "Startup Cost": 0.0,
                                                          "Total Cost": 636914.37,
                                                          "Plan Rows": 12000637,
                                                          "Plan Width": 22,
                                                          "parent": 36,
                                                          "ID": 37
                                                        },
                                                        {
                                                          "Node Type": "Hash",
                                                          "Parent Relationship": "Inner",
                                                          "Parallel Aware": true,
                                                          "Async Capable": false,
                                                          "Startup Cost": 2049.55,
                                                          "Total Cost": 2049.55,
                                                          "Plan Rows": 18,
                                                          "Plan Width": 4,
                                                          "Plans": [
                                                            {
                                                              "Node Type": "Seq Scan",
                                                              "Parent Relationship": "Outer",
                                                              "Parallel Aware": true,
                                                              "Async Capable": false,
                                                              "Relation Name": "date_dim",
                                                              "Alias": "date_dim_1",
                                                              "Startup Cost": 0.0,
                                                              "Total Cost": 2049.55,
                                                              "Plan Rows": 18,
                                                              "Plan Width": 4,
                                                              "Filter": "((d_year = 1999) AND (d_moy = 12))",
                                                              "parent": 38,
                                                              "ID": 39
                                                            }
                                                          ],
                                                          "parent": 36,
                                                          "ID": 38,
                                                          "left": 39
                                                        }
                                                      ],
                                                      "parent": 35,
                                                      "ID": 36,
                                                      "left": 37,
                                                      "right": 38
                                                    },
                                                    {
                                                      "Node Type": "Hash",
                                                      "Parent Relationship": "Inner",
                                                      "Parallel Aware": true,
                                                      "Async Capable": false,
                                                      "Startup Cost": 7495.25,
                                                      "Total Cost": 7495.25,
                                                      "Plan Rows": 4350,
                                                      "Plan Width": 4,
                                                      "Plans": [
                                                        {
                                                          "Node Type": "Seq Scan",
                                                          "Parent Relationship": "Outer",
                                                          "Parallel Aware": true,
                                                          "Async Capable": false,
                                                          "Relation Name": "item",
                                                          "Alias": "item_1",
                                                          "Startup Cost": 0.0,
                                                          "Total Cost": 7495.25,
                                                          "Plan Rows": 4350,
                                                          "Plan Width": 4,
                                                          "Filter": "(i_category = 'Sports'::bpchar)",
                                                          "parent": 40,
                                                          "ID": 41
                                                        }
                                                      ],
                                                      "parent": 35,
                                                      "ID": 40,
                                                      "left": 41
                                                    }
                                                  ],
                                                  "parent": 34,
                                                  "ID": 35,
                                                  "left": 36,
                                                  "right": 40
                                                },
                                                {
                                                  "Node Type": "Hash",
                                                  "Parent Relationship": "Inner",
                                                  "Parallel Aware": false,
                                                  "Async Capable": false,
                                                  "Startup Cost": 6.28,
                                                  "Total Cost": 6.28,
                                                  "Plan Rows": 71,
                                                  "Plan Width": 4,
                                                  "Plans": [
                                                    {
                                                      "Node Type": "Seq Scan",
                                                      "Parent Relationship": "Outer",
                                                      "Parallel Aware": false,
                                                      "Async Capable": false,
                                                      "Relation Name": "store",
                                                      "Alias": "store_1",
                                                      "Startup Cost": 0.0,
                                                      "Total Cost": 6.28,
                                                      "Plan Rows": 71,
                                                      "Plan Width": 4,
                                                      "Filter": "(s_gmt_offset = '-6'::numeric)",
                                                      "parent": 42,
                                                      "ID": 43
                                                    }
                                                  ],
                                                  "parent": 34,
                                                  "ID": 42,
                                                  "left": 43
                                                }
                                              ],
                                              "parent": 33,
                                              "ID": 34,
                                              "left": 35,
                                              "right": 42
                                            }
                                          ],
                                          "parent": 31,
                                          "ID": 33,
                                          "left": 34
                                        }
                                      ],
                                      "parent": 30,
                                      "ID": 31,
                                      "left": 32,
                                      "right": 33
                                    }
                                  ],
                                  "parent": 28,
                                  "ID": 30,
                                  "left": 31
                                }
                              ],
                              "parent": 27,
                              "ID": 28,
                              "left": 29,
                              "right": 30
                            }
                          ],
                          "parent": 26,
                          "ID": 27,
                          "left": 28
                        }
                      ],
                      "parent": 25,
                      "ID": 26,
                      "left": 27
                    }
                  ],
                  "parent": 2,
                  "ID": 25,
                  "left": 26
                }
              ],
              "parent": 1,
              "ID": 2,
              "left": 3,
              "right": 25
            }
          ],
          "parent": 0,
          "ID": 1,
          "left": 2
        }
      ],
      "parent": null,
      "ID": 0,
      "left": 1
    },
    "feat": {
      "utility": 2.6649149879846923e-06,
      "query_shape": [
        [
          "Seq Scan",
          "Hash Join",
          "Aggregate",
          "Gather",
          "Nested Loop",
          "Sort"
        ],
        [
          "Seq Scan",
          "Hash Join",
          "Hash",
          "Aggregate",
          "Gather",
          "Nested Loop",
          "Sort"
        ],
        [
          "Seq Scan",
          "Hash Join",
          "Hash",
          "Aggregate",
          "Gather",
          "Nested Loop",
          "Sort"
        ],
        [
          "Seq Scan",
          "Hash",
          "Hash Join",
          "Aggregate",
          "Gather",
          "Nested Loop",
          "Sort"
        ],
        [
          "Seq Scan",
          "Hash",
          "Hash Join",
          "Aggregate",
          "Gather",
          "Nested Loop",
          "Sort"
        ],
        [
          "Seq Scan",
          "Hash",
          "Hash Join",
          "Aggregate",
          "Gather",
          "Nested Loop",
          "Sort"
        ],
        [
          "Seq Scan",
          "Hash",
          "Hash Join",
          "Aggregate",
          "Gather",
          "Nested Loop",
          "Sort"
        ],
        [
          "Seq Scan",
          "Hash Join",
          "Aggregate",
          "Gather",
          "Nested Loop",
          "Sort"
        ],
        [
          "Seq Scan",
          "Hash Join",
          "Hash",
          "Aggregate",
          "Gather",
          "Nested Loop",
          "Sort"
        ],
        [
          "Seq Scan",
          "Hash Join",
          "Hash",
          "Aggregate",
          "Gather",
          "Nested Loop",
          "Sort"
        ],
        [
          "Seq Scan",
          "Hash",
          "Hash Join",
          "Aggregate",
          "Gather",
          "Nested Loop",
          "Sort"
        ],
        [
          "Seq Scan",
          "Hash",
          "Hash Join",
          "Aggregate",
          "Gather",
          "Nested Loop",
          "Sort"
        ],
        [
          "Seq Scan",
          "Hash",
          "Hash Join",
          "Aggregate",
          "Gather",
          "Nested Loop",
          "Sort"
        ]
      ],
      "index_shape": [
        "selection"
      ],
      "physical_operator": {
        "Seq Scan": [
          0.696078431372549,
          0.696078431372549
        ]
      }
    }
  },
  {
    "query": "select  promotions,total,cast(promotions as decimal(15,4))/cast(total as decimal(15,4))*100\nfrom\n  (select sum(ss_ext_sales_price) promotions\n   from  store_sales\n        ,store\n        ,promotion\n        ,date_dim\n        ,customer\n        ,customer_address \n        ,item\n   where ss_sold_date_sk = d_date_sk\n   and   ss_store_sk = s_store_sk\n   and   ss_promo_sk = p_promo_sk\n   and   ss_customer_sk= c_customer_sk\n   and   ca_address_sk = c_current_addr_sk\n   and   ss_item_sk = i_item_sk \n   and   ca_gmt_offset = -6\n   and   i_category = 'Sports'\n   and   (p_channel_dmail = 'Y' or p_channel_email = 'Y' or p_channel_tv = 'Y')\n   and   s_gmt_offset = -6\n   and   d_year = 1999\n   and   d_moy  = 12) promotional_sales,\n  (select sum(ss_ext_sales_price) total\n   from  store_sales\n        ,store\n        ,date_dim\n        ,customer\n        ,customer_address\n        ,item\n   where ss_sold_date_sk = d_date_sk\n   and   ss_store_sk = s_store_sk\n   and   ss_customer_sk= c_customer_sk\n   and   ca_address_sk = c_current_addr_sk\n   and   ss_item_sk = i_item_sk\n   and   ca_gmt_offset = -6\n   and   i_category = 'Sports'\n   and   s_gmt_offset = -6\n   and   d_year = 1999\n   and   d_moy  = 12) all_sales\norder by promotions, total\nlimit 100;\n\n-- end query 45 in stream 1 using template query61.tpl\n",
    "indexes": "store.s_store_sk",
    "wo plan est": {
      "Node Type": "Limit",
      "Parallel Aware": false,
      "Async Capable": false,
      "Startup Cost": 1432411.5,
      "Total Cost": 1432411.51,
      "Plan Rows": 1,
      "Plan Width": 96,
      "Plans": [
        {
          "Node Type": "Sort",
          "Parent Relationship": "Outer",
          "Parallel Aware": false,
          "Async Capable": false,
          "Startup Cost": 1432411.5,
          "Total Cost": 1432411.51,
          "Plan Rows": 1,
          "Plan Width": 96,
          "Sort Key": [
            "(sum(store_sales.ss_ext_sales_price))",
            "(sum(store_sales_1.ss_ext_sales_price))"
          ],
          "Plans": [
            {
              "Node Type": "Nested Loop",
              "Parent Relationship": "Outer",
              "Parallel Aware": false,
              "Async Capable": false,
              "Join Type": "Inner",
              "Startup Cost": 1432411.43,
              "Total Cost": 1432411.49,
              "Plan Rows": 1,
              "Plan Width": 96,
              "Inner Unique": false,
              "Plans": [
                {
                  "Node Type": "Aggregate",
                  "Strategy": "Plain",
                  "Partial Mode": "Finalize",
                  "Parent Relationship": "Outer",
                  "Parallel Aware": false,
                  "Async Capable": false,
                  "Startup Cost": 716216.31,
                  "Total Cost": 716216.32,
                  "Plan Rows": 1,
                  "Plan Width": 32,
                  "Plans": [
                    {
                      "Node Type": "Gather",
                      "Parent Relationship": "Outer",
                      "Parallel Aware": false,
                      "Async Capable": false,
                      "Startup Cost": 716216.08,
                      "Total Cost": 716216.29,
                      "Plan Rows": 2,
                      "Plan Width": 32,
                      "Workers Planned": 2,
                      "Single Copy": false,
                      "Plans": [
                        {
                          "Node Type": "Aggregate",
                          "Strategy": "Plain",
                          "Partial Mode": "Partial",
                          "Parent Relationship": "Outer",
                          "Parallel Aware": false,
                          "Async Capable": false,
                          "Startup Cost": 715216.08,
                          "Total Cost": 715216.09,
                          "Plan Rows": 1,
                          "Plan Width": 32,
                          "Plans": [
                            {
                              "Node Type": "Hash Join",
                              "Parent Relationship": "Outer",
                              "Parallel Aware": true,
                              "Async Capable": false,
                              "Join Type": "Inner",
                              "Startup Cost": 708306.5,
                              "Total Cost": 715215.92,
                              "Plan Rows": 65,
                              "Plan Width": 6,
                              "Inner Unique": false,
                              "Hash Cond": "(customer_address.ca_address_sk = customer.c_current_addr_sk)",
                              "Plans": [
                                {
                                  "Node Type": "Seq Scan",
                                  "Parent Relationship": "Outer",
                                  "Parallel Aware": true,
                                  "Async Capable": false,
                                  "Relation Name": "customer_address",
                                  "Alias": "customer_address",
                                  "Startup Cost": 0.0,
                                  "Total Cost": 6737.08,
                                  "Plan Rows": 45885,
                                  "Plan Width": 4,
                                  "Filter": "(ca_gmt_offset = '-6'::numeric)",
                                  "parent": 6,
                                  "ID": 7
                                },
                                {
                                  "Node Type": "Hash",
                                  "Parent Relationship": "Inner",
                                  "Parallel Aware": true,
                                  "Async Capable": false,
                                  "Startup Cost": 708304.67,
                                  "Total Cost": 708304.67,
                                  "Plan Rows": 146,
                                  "Plan Width": 10,
                                  "Plans": [
                                    {
                                      "Node Type": "Hash Join",
                                      "Parent Relationship": "Outer",
                                      "Parallel Aware": true,
                                      "Async Capable": false,
                                      "Join Type": "Inner",
                                      "Startup Cost": 691604.48,
                                      "Total Cost": 708304.67,
                                      "Plan Rows": 146,
                                      "Plan Width": 10,
                                      "Inner Unique": false,
                                      "Hash Cond": "(customer.c_customer_sk = store_sales.ss_customer_sk)",
                                      "Plans": [
                                        {
                                          "Node Type": "Seq Scan",
                                          "Parent Relationship": "Outer",
                                          "Parallel Aware": true,
                                          "Async Capable": false,
                                          "Relation Name": "customer",
                                          "Alias": "customer",
                                          "Startup Cost": 0.0,
                                          "Total Cost": 15918.33,
                                          "Plan Rows": 208333,
                                          "Plan Width": 8,
                                          "parent": 9,
                                          "ID": 10
                                        },
                                        {
                                          "Node Type": "Hash",
                                          "Parent Relationship": "Inner",
                                          "Parallel Aware": true,
                                          "Async Capable": false,
                                          "Startup Cost": 691602.57,
                                          "Total Cost": 691602.57,
                                          "Plan Rows": 153,
                                          "Plan Width": 10,
                                          "Plans": [
                                            {
                                              "Node Type": "Hash Join",
                                              "Parent Relationship": "Outer",
                                              "Parallel Aware": false,
                                              "Async Capable": false,
                                              "Join Type": "Inner",
                                              "Startup Cost": 9631.45,
                                              "Total Cost": 691602.57,
                                              "Plan Rows": 153,
                                              "Plan Width": 10,
                                              "Inner Unique": false,
                                              "Hash Cond": "(store_sales.ss_store_sk = store.s_store_sk)",
                                              "Plans": [
                                                {
                                                  "Node Type": "Hash Join",
                                                  "Parent Relationship": "Outer",
                                                  "Parallel Aware": false,
                                                  "Async Capable": false,
                                                  "Join Type": "Inner",
                                                  "Startup Cost": 9624.29,
                                                  "Total Cost": 691593.01,
                                                  "Plan Rows": 230,
                                                  "Plan Width": 14,
                                                  "Inner Unique": false,
                                                  "Hash Cond": "(store_sales.ss_promo_sk = promotion.p_promo_sk)",
                                                  "Plans": [
                                                    {
                                                      "Node Type": "Hash Join",
                                                      "Parent Relationship": "Outer",
                                                      "Parallel Aware": true,
                                                      "Async Capable": false,
                                                      "Join Type": "Inner",
                                                      "Startup Cost": 9599.4,
                                                      "Total Cost": 691564.02,
                                                      "Plan Rows": 481,
                                                      "Plan Width": 18,
                                                      "Inner Unique": false,
                                                      "Hash Cond": "(store_sales.ss_item_sk = item.i_item_sk)",
                                                      "Plans": [
                                                        {
                                                          "Node Type": "Hash Join",
                                                          "Parent Relationship": "Outer",
                                                          "Parallel Aware": true,
                                                          "Async Capable": false,
                                                          "Join Type": "Inner",
                                                          "Startup Cost": 2049.78,
                                                          "Total Cost": 683994.75,
                                                          "Plan Rows": 4703,
                                                          "Plan Width": 22,
                                                          "Inner Unique": false,
                                                          "Hash Cond": "(store_sales.ss_sold_date_sk = date_dim.d_date_sk)",
                                                          "Plans": [
                                                            {
                                                              "Node Type": "Seq Scan",
                                                              "Parent Relationship": "Outer",
                                                              "Parallel Aware": true,
                                                              "Async Capable": false,
                                                              "Relation Name": "store_sales",
                                                              "Alias": "store_sales",
                                                              "Startup Cost": 0.0,
                                                              "Total Cost": 636914.37,
                                                              "Plan Rows": 12000637,
                                                              "Plan Width": 26,
                                                              "parent": 15,
                                                              "ID": 16
                                                            },
                                                            {
                                                              "Node Type": "Hash",
                                                              "Parent Relationship": "Inner",
                                                              "Parallel Aware": true,
                                                              "Async Capable": false,
                                                              "Startup Cost": 2049.55,
                                                              "Total Cost": 2049.55,
                                                              "Plan Rows": 18,
                                                              "Plan Width": 4,
                                                              "Plans": [
                                                                {
                                                                  "Node Type": "Seq Scan",
                                                                  "Parent Relationship": "Outer",
                                                                  "Parallel Aware": true,
                                                                  "Async Capable": false,
                                                                  "Relation Name": "date_dim",
                                                                  "Alias": "date_dim",
                                                                  "Startup Cost": 0.0,
                                                                  "Total Cost": 2049.55,
                                                                  "Plan Rows": 18,
                                                                  "Plan Width": 4,
                                                                  "Filter": "((d_year = 1999) AND (d_moy = 12))",
                                                                  "parent": 17,
                                                                  "ID": 18
                                                                }
                                                              ],
                                                              "parent": 15,
                                                              "ID": 17,
                                                              "left": 18
                                                            }
                                                          ],
                                                          "parent": 14,
                                                          "ID": 15,
                                                          "left": 16,
                                                          "right": 17
                                                        },
                                                        {
                                                          "Node Type": "Hash",
                                                          "Parent Relationship": "Inner",
                                                          "Parallel Aware": true,
                                                          "Async Capable": false,
                                                          "Startup Cost": 7495.25,
                                                          "Total Cost": 7495.25,
                                                          "Plan Rows": 4350,
                                                          "Plan Width": 4,
                                                          "Plans": [
                                                            {
                                                              "Node Type": "Seq Scan",
                                                              "Parent Relationship": "Outer",
                                                              "Parallel Aware": true,
                                                              "Async Capable": false,
                                                              "Relation Name": "item",
                                                              "Alias": "item",
                                                              "Startup Cost": 0.0,
                                                              "Total Cost": 7495.25,
                                                              "Plan Rows": 4350,
                                                              "Plan Width": 4,
                                                              "Filter": "(i_category = 'Sports'::bpchar)",
                                                              "parent": 19,
                                                              "ID": 20
                                                            }
                                                          ],
                                                          "parent": 14,
                                                          "ID": 19,
                                                          "left": 20
                                                        }
                                                      ],
                                                      "parent": 13,
                                                      "ID": 14,
                                                      "left": 15,
                                                      "right": 19
                                                    },
                                                    {
                                                      "Node Type": "Hash",
                                                      "Parent Relationship": "Inner",
                                                      "Parallel Aware": false,
                                                      "Async Capable": false,
                                                      "Startup Cost": 21.75,
                                                      "Total Cost": 21.75,
                                                      "Plan Rows": 251,
                                                      "Plan Width": 4,
                                                      "Plans": [
                                                        {
                                                          "Node Type": "Seq Scan",
                                                          "Parent Relationship": "Outer",
                                                          "Parallel Aware": false,
                                                          "Async Capable": false,
                                                          "Relation Name": "promotion",
                                                          "Alias": "promotion",
                                                          "Startup Cost": 0.0,
                                                          "Total Cost": 21.75,
                                                          "Plan Rows": 251,
                                                          "Plan Width": 4,
                                                          "Filter": "((p_channel_dmail = 'Y'::bpchar) OR (p_channel_email = 'Y'::bpchar) OR (p_channel_tv = 'Y'::bpchar))",
                                                          "parent": 21,
                                                          "ID": 22
                                                        }
                                                      ],
                                                      "parent": 13,
                                                      "ID": 21,
                                                      "left": 22
                                                    }
                                                  ],
                                                  "parent": 12,
                                                  "ID": 13,
                                                  "left": 14,
                                                  "right": 21
                                                },
                                                {
                                                  "Node Type": "Hash",
                                                  "Parent Relationship": "Inner",
                                                  "Parallel Aware": false,
                                                  "Async Capable": false,
                                                  "Startup Cost": 6.28,
                                                  "Total Cost": 6.28,
                                                  "Plan Rows": 71,
                                                  "Plan Width": 4,
                                                  "Plans": [
                                                    {
                                                      "Node Type": "Seq Scan",
                                                      "Parent Relationship": "Outer",
                                                      "Parallel Aware": false,
                                                      "Async Capable": false,
                                                      "Relation Name": "store",
                                                      "Alias": "store",
                                                      "Startup Cost": 0.0,
                                                      "Total Cost": 6.28,
                                                      "Plan Rows": 71,
                                                      "Plan Width": 4,
                                                      "Filter": "(s_gmt_offset = '-6'::numeric)",
                                                      "parent": 23,
                                                      "ID": 24
                                                    }
                                                  ],
                                                  "parent": 12,
                                                  "ID": 23,
                                                  "left": 24
                                                }
                                              ],
                                              "parent": 11,
                                              "ID": 12,
                                              "left": 13,
                                              "right": 23
                                            }
                                          ],
                                          "parent": 9,
                                          "ID": 11,
                                          "left": 12
                                        }
                                      ],
                                      "parent": 8,
                                      "ID": 9,
                                      "left": 10,
                                      "right": 11
                                    }
                                  ],
                                  "parent": 6,
                                  "ID": 8,
                                  "left": 9
                                }
                              ],
                              "parent": 5,
                              "ID": 6,
                              "left": 7,
                              "right": 8
                            }
                          ],
                          "parent": 4,
                          "ID": 5,
                          "left": 6
                        }
                      ],
                      "parent": 3,
                      "ID": 4,
                      "left": 5
                    }
                  ],
                  "parent": 2,
                  "ID": 3,
                  "left": 4
                },
                {
                  "Node Type": "Aggregate",
                  "Strategy": "Plain",
                  "Partial Mode": "Finalize",
                  "Parent Relationship": "Inner",
                  "Parallel Aware": false,
                  "Async Capable": false,
                  "Startup Cost": 716195.13,
                  "Total Cost": 716195.14,
                  "Plan Rows": 1,
                  "Plan Width": 32,
                  "Plans": [
                    {
                      "Node Type": "Gather",
                      "Parent Relationship": "Outer",
                      "Parallel Aware": false,
                      "Async Capable": false,
                      "Startup Cost": 716194.9,
                      "Total Cost": 716195.11,
                      "Plan Rows": 2,
                      "Plan Width": 32,
                      "Workers Planned": 2,
                      "Single Copy": false,
                      "Plans": [
                        {
                          "Node Type": "Aggregate",
                          "Strategy": "Plain",
                          "Partial Mode": "Partial",
                          "Parent Relationship": "Outer",
                          "Parallel Aware": false,
                          "Async Capable": false,
                          "Startup Cost": 715194.9,
                          "Total Cost": 715194.91,
                          "Plan Rows": 1,
                          "Plan Width": 32,
                          "Plans": [
                            {
                              "Node Type": "Hash Join",
                              "Parent Relationship": "Outer",
                              "Parallel Aware": true,
                              "Async Capable": false,
                              "Join Type": "Inner",
                              "Startup Cost": 708284.85,
                              "Total Cost": 715194.56,
                              "Plan Rows": 135,
                              "Plan Width": 6,
                              "Inner Unique": false,
                              "Hash Cond": "(customer_address_1.ca_address_sk = customer_1.c_current_addr_sk)",
                              "Plans": [
                                {
                                  "Node Type": "Seq Scan",
                                  "Parent Relationship": "Outer",
                                  "Parallel Aware": true,
                                  "Async Capable": false,
                                  "Relation Name": "customer_address",
                                  "Alias": "customer_address_1",
                                  "Startup Cost": 0.0,
                                  "Total Cost": 6737.08,
                                  "Plan Rows": 45885,
                                  "Plan Width": 4,
                                  "Filter": "(ca_gmt_offset = '-6'::numeric)",
                                  "parent": 28,
                                  "ID": 29
                                },
                                {
                                  "Node Type": "Hash",
                                  "Parent Relationship": "Inner",
                                  "Parallel Aware": true,
                                  "Async Capable": false,
                                  "Startup Cost": 708281.04,
                                  "Total Cost": 708281.04,
                                  "Plan Rows": 305,
                                  "Plan Width": 10,
                                  "Plans": [
                                    {
                                      "Node Type": "Hash Join",
                                      "Parent Relationship": "Outer",
                                      "Parallel Aware": true,
                                      "Async Capable": false,
                                      "Join Type": "Inner",
                                      "Startup Cost": 691580.19,
                                      "Total Cost": 708281.04,
                                      "Plan Rows": 305,
                                      "Plan Width": 10,
                                      "Inner Unique": false,
                                      "Hash Cond": "(customer_1.c_customer_sk = store_sales_1.ss_customer_sk)",
                                      "Plans": [
                                        {
                                          "Node Type": "Seq Scan",
                                          "Parent Relationship": "Outer",
                                          "Parallel Aware": true,
                                          "Async Capable": false,
                                          "Relation Name": "customer",
                                          "Alias": "customer_1",
                                          "Startup Cost": 0.0,
                                          "Total Cost": 15918.33,
                                          "Plan Rows": 208333,
                                          "Plan Width": 8,
                                          "parent": 31,
                                          "ID": 32
                                        },
                                        {
                                          "Node Type": "Hash",
                                          "Parent Relationship": "Inner",
                                          "Parallel Aware": true,
                                          "Async Capable": false,
                                          "Startup Cost": 691576.19,
                                          "Total Cost": 691576.19,
                                          "Plan Rows": 320,
                                          "Plan Width": 10,
                                          "Plans": [
                                            {
                                              "Node Type": "Hash Join",
                                              "Parent Relationship": "Outer",
                                              "Parallel Aware": false,
                                              "Async Capable": false,
                                              "Join Type": "Inner",
                                              "Startup Cost": 9606.56,
                                              "Total Cost": 691576.19,
                                              "Plan Rows": 320,
                                              "Plan Width": 10,
                                              "Inner Unique": false,
                                              "Hash Cond": "(store_sales_1.ss_store_sk = store_1.s_store_sk)",
                                              "Plans": [
                                                {
                                                  "Node Type": "Hash Join",
                                                  "Parent Relationship": "Outer",
                                                  "Parallel Aware": true,
                                                  "Async Capable": false,
                                                  "Join Type": "Inner",
                                                  "Startup Cost": 9599.4,
                                                  "Total Cost": 691564.02,
                                                  "Plan Rows": 481,
                                                  "Plan Width": 14,
                                                  "Inner Unique": false,
                                                  "Hash Cond": "(store_sales_1.ss_item_sk = item_1.i_item_sk)",
                                                  "Plans": [
                                                    {
                                                      "Node Type": "Hash Join",
                                                      "Parent Relationship": "Outer",
                                                      "Parallel Aware": true,
                                                      "Async Capable": false,
                                                      "Join Type": "Inner",
                                                      "Startup Cost": 2049.78,
                                                      "Total Cost": 683994.75,
                                                      "Plan Rows": 4703,
                                                      "Plan Width": 18,
                                                      "Inner Unique": false,
                                                      "Hash Cond": "(store_sales_1.ss_sold_date_sk = date_dim_1.d_date_sk)",
                                                      "Plans": [
                                                        {
                                                          "Node Type": "Seq Scan",
                                                          "Parent Relationship": "Outer",
                                                          "Parallel Aware": true,
                                                          "Async Capable": false,
                                                          "Relation Name": "store_sales",
                                                          "Alias": "store_sales_1",
                                                          "Startup Cost": 0.0,
                                                          "Total Cost": 636914.37,
                                                          "Plan Rows": 12000637,
                                                          "Plan Width": 22,
                                                          "parent": 36,
                                                          "ID": 37
                                                        },
                                                        {
                                                          "Node Type": "Hash",
                                                          "Parent Relationship": "Inner",
                                                          "Parallel Aware": true,
                                                          "Async Capable": false,
                                                          "Startup Cost": 2049.55,
                                                          "Total Cost": 2049.55,
                                                          "Plan Rows": 18,
                                                          "Plan Width": 4,
                                                          "Plans": [
                                                            {
                                                              "Node Type": "Seq Scan",
                                                              "Parent Relationship": "Outer",
                                                              "Parallel Aware": true,
                                                              "Async Capable": false,
                                                              "Relation Name": "date_dim",
                                                              "Alias": "date_dim_1",
                                                              "Startup Cost": 0.0,
                                                              "Total Cost": 2049.55,
                                                              "Plan Rows": 18,
                                                              "Plan Width": 4,
                                                              "Filter": "((d_year = 1999) AND (d_moy = 12))",
                                                              "parent": 38,
                                                              "ID": 39
                                                            }
                                                          ],
                                                          "parent": 36,
                                                          "ID": 38,
                                                          "left": 39
                                                        }
                                                      ],
                                                      "parent": 35,
                                                      "ID": 36,
                                                      "left": 37,
                                                      "right": 38
                                                    },
                                                    {
                                                      "Node Type": "Hash",
                                                      "Parent Relationship": "Inner",
                                                      "Parallel Aware": true,
                                                      "Async Capable": false,
                                                      "Startup Cost": 7495.25,
                                                      "Total Cost": 7495.25,
                                                      "Plan Rows": 4350,
                                                      "Plan Width": 4,
                                                      "Plans": [
                                                        {
                                                          "Node Type": "Seq Scan",
                                                          "Parent Relationship": "Outer",
                                                          "Parallel Aware": true,
                                                          "Async Capable": false,
                                                          "Relation Name": "item",
                                                          "Alias": "item_1",
                                                          "Startup Cost": 0.0,
                                                          "Total Cost": 7495.25,
                                                          "Plan Rows": 4350,
                                                          "Plan Width": 4,
                                                          "Filter": "(i_category = 'Sports'::bpchar)",
                                                          "parent": 40,
                                                          "ID": 41
                                                        }
                                                      ],
                                                      "parent": 35,
                                                      "ID": 40,
                                                      "left": 41
                                                    }
                                                  ],
                                                  "parent": 34,
                                                  "ID": 35,
                                                  "left": 36,
                                                  "right": 40
                                                },
                                                {
                                                  "Node Type": "Hash",
                                                  "Parent Relationship": "Inner",
                                                  "Parallel Aware": false,
                                                  "Async Capable": false,
                                                  "Startup Cost": 6.28,
                                                  "Total Cost": 6.28,
                                                  "Plan Rows": 71,
                                                  "Plan Width": 4,
                                                  "Plans": [
                                                    {
                                                      "Node Type": "Seq Scan",
                                                      "Parent Relationship": "Outer",
                                                      "Parallel Aware": false,
                                                      "Async Capable": false,
                                                      "Relation Name": "store",
                                                      "Alias": "store_1",
                                                      "Startup Cost": 0.0,
                                                      "Total Cost": 6.28,
                                                      "Plan Rows": 71,
                                                      "Plan Width": 4,
                                                      "Filter": "(s_gmt_offset = '-6'::numeric)",
                                                      "parent": 42,
                                                      "ID": 43
                                                    }
                                                  ],
                                                  "parent": 34,
                                                  "ID": 42,
                                                  "left": 43
                                                }
                                              ],
                                              "parent": 33,
                                              "ID": 34,
                                              "left": 35,
                                              "right": 42
                                            }
                                          ],
                                          "parent": 31,
                                          "ID": 33,
                                          "left": 34
                                        }
                                      ],
                                      "parent": 30,
                                      "ID": 31,
                                      "left": 32,
                                      "right": 33
                                    }
                                  ],
                                  "parent": 28,
                                  "ID": 30,
                                  "left": 31
                                }
                              ],
                              "parent": 27,
                              "ID": 28,
                              "left": 29,
                              "right": 30
                            }
                          ],
                          "parent": 26,
                          "ID": 27,
                          "left": 28
                        }
                      ],
                      "parent": 25,
                      "ID": 26,
                      "left": 27
                    }
                  ],
                  "parent": 2,
                  "ID": 25,
                  "left": 26
                }
              ],
              "parent": 1,
              "ID": 2,
              "left": 3,
              "right": 25
            }
          ],
          "parent": 0,
          "ID": 1,
          "left": 2
        }
      ],
      "parent": null,
      "ID": 0,
      "left": 1
    },
    "feat": {
      "utility": 7.919670188856147e-06,
      "query_shape": [
        [
          "Seq Scan",
          "Hash Join",
          "Aggregate",
          "Gather",
          "Nested Loop",
          "Sort"
        ],
        [
          "Seq Scan",
          "Hash Join",
          "Hash",
          "Aggregate",
          "Gather",
          "Nested Loop",
          "Sort"
        ],
        [
          "Seq Scan",
          "Hash Join",
          "Hash",
          "Aggregate",
          "Gather",
          "Nested Loop",
          "Sort"
        ],
        [
          "Seq Scan",
          "Hash",
          "Hash Join",
          "Aggregate",
          "Gather",
          "Nested Loop",
          "Sort"
        ],
        [
          "Seq Scan",
          "Hash",
          "Hash Join",
          "Aggregate",
          "Gather",
          "Nested Loop",
          "Sort"
        ],
        [
          "Seq Scan",
          "Hash",
          "Hash Join",
          "Aggregate",
          "Gather",
          "Nested Loop",
          "Sort"
        ],
        [
          "Seq Scan",
          "Hash",
          "Hash Join",
          "Aggregate",
          "Gather",
          "Nested Loop",
          "Sort"
        ],
        [
          "Seq Scan",
          "Hash Join",
          "Aggregate",
          "Gather",
          "Nested Loop",
          "Sort"
        ],
        [
          "Seq Scan",
          "Hash Join",
          "Hash",
          "Aggregate",
          "Gather",
          "Nested Loop",
          "Sort"
        ],
        [
          "Seq Scan",
          "Hash Join",
          "Hash",
          "Aggregate",
          "Gather",
          "Nested Loop",
          "Sort"
        ],
        [
          "Seq Scan",
          "Hash",
          "Hash Join",
          "Aggregate",
          "Gather",
          "Nested Loop",
          "Sort"
        ],
        [
          "Seq Scan",
          "Hash",
          "Hash Join",
          "Aggregate",
          "Gather",
          "Nested Loop",
          "Sort"
        ],
        [
          "Seq Scan",
          "Hash",
          "Hash Join",
          "Aggregate",
          "Gather",
          "Nested Loop",
          "Sort"
        ]
      ],
      "index_shape": [
        "join"
      ],
      "physical_operator": {
        "Hash Join": [
          0.09679493288626013,
          0.09679953623453284
        ]
      }
    }
  },
  {
    "query": "select  promotions,total,cast(promotions as decimal(15,4))/cast(total as decimal(15,4))*100\nfrom\n  (select sum(ss_ext_sales_price) promotions\n   from  store_sales\n        ,store\n        ,promotion\n        ,date_dim\n        ,customer\n        ,customer_address \n        ,item\n   where ss_sold_date_sk = d_date_sk\n   and   ss_store_sk = s_store_sk\n   and   ss_promo_sk = p_promo_sk\n   and   ss_customer_sk= c_customer_sk\n   and   ca_address_sk = c_current_addr_sk\n   and   ss_item_sk = i_item_sk \n   and   ca_gmt_offset = -6\n   and   i_category = 'Sports'\n   and   (p_channel_dmail = 'Y' or p_channel_email = 'Y' or p_channel_tv = 'Y')\n   and   s_gmt_offset = -6\n   and   d_year = 1999\n   and   d_moy  = 12) promotional_sales,\n  (select sum(ss_ext_sales_price) total\n   from  store_sales\n        ,store\n        ,date_dim\n        ,customer\n        ,customer_address\n        ,item\n   where ss_sold_date_sk = d_date_sk\n   and   ss_store_sk = s_store_sk\n   and   ss_customer_sk= c_customer_sk\n   and   ca_address_sk = c_current_addr_sk\n   and   ss_item_sk = i_item_sk\n   and   ca_gmt_offset = -6\n   and   i_category = 'Sports'\n   and   s_gmt_offset = -6\n   and   d_year = 1999\n   and   d_moy  = 12) all_sales\norder by promotions, total\nlimit 100;\n\n-- end query 45 in stream 1 using template query61.tpl\n",
    "indexes": "store_sales.ss_sold_date_sk",
    "wo plan est": {
      "Node Type": "Limit",
      "Parallel Aware": false,
      "Async Capable": false,
      "Startup Cost": 1432411.5,
      "Total Cost": 1432411.51,
      "Plan Rows": 1,
      "Plan Width": 96,
      "Plans": [
        {
          "Node Type": "Sort",
          "Parent Relationship": "Outer",
          "Parallel Aware": false,
          "Async Capable": false,
          "Startup Cost": 1432411.5,
          "Total Cost": 1432411.51,
          "Plan Rows": 1,
          "Plan Width": 96,
          "Sort Key": [
            "(sum(store_sales.ss_ext_sales_price))",
            "(sum(store_sales_1.ss_ext_sales_price))"
          ],
          "Plans": [
            {
              "Node Type": "Nested Loop",
              "Parent Relationship": "Outer",
              "Parallel Aware": false,
              "Async Capable": false,
              "Join Type": "Inner",
              "Startup Cost": 1432411.43,
              "Total Cost": 1432411.49,
              "Plan Rows": 1,
              "Plan Width": 96,
              "Inner Unique": false,
              "Plans": [
                {
                  "Node Type": "Aggregate",
                  "Strategy": "Plain",
                  "Partial Mode": "Finalize",
                  "Parent Relationship": "Outer",
                  "Parallel Aware": false,
                  "Async Capable": false,
                  "Startup Cost": 716216.31,
                  "Total Cost": 716216.32,
                  "Plan Rows": 1,
                  "Plan Width": 32,
                  "Plans": [
                    {
                      "Node Type": "Gather",
                      "Parent Relationship": "Outer",
                      "Parallel Aware": false,
                      "Async Capable": false,
                      "Startup Cost": 716216.08,
                      "Total Cost": 716216.29,
                      "Plan Rows": 2,
                      "Plan Width": 32,
                      "Workers Planned": 2,
                      "Single Copy": false,
                      "Plans": [
                        {
                          "Node Type": "Aggregate",
                          "Strategy": "Plain",
                          "Partial Mode": "Partial",
                          "Parent Relationship": "Outer",
                          "Parallel Aware": false,
                          "Async Capable": false,
                          "Startup Cost": 715216.08,
                          "Total Cost": 715216.09,
                          "Plan Rows": 1,
                          "Plan Width": 32,
                          "Plans": [
                            {
                              "Node Type": "Hash Join",
                              "Parent Relationship": "Outer",
                              "Parallel Aware": true,
                              "Async Capable": false,
                              "Join Type": "Inner",
                              "Startup Cost": 708306.5,
                              "Total Cost": 715215.92,
                              "Plan Rows": 65,
                              "Plan Width": 6,
                              "Inner Unique": false,
                              "Hash Cond": "(customer_address.ca_address_sk = customer.c_current_addr_sk)",
                              "Plans": [
                                {
                                  "Node Type": "Seq Scan",
                                  "Parent Relationship": "Outer",
                                  "Parallel Aware": true,
                                  "Async Capable": false,
                                  "Relation Name": "customer_address",
                                  "Alias": "customer_address",
                                  "Startup Cost": 0.0,
                                  "Total Cost": 6737.08,
                                  "Plan Rows": 45885,
                                  "Plan Width": 4,
                                  "Filter": "(ca_gmt_offset = '-6'::numeric)",
                                  "parent": 6,
                                  "ID": 7
                                },
                                {
                                  "Node Type": "Hash",
                                  "Parent Relationship": "Inner",
                                  "Parallel Aware": true,
                                  "Async Capable": false,
                                  "Startup Cost": 708304.67,
                                  "Total Cost": 708304.67,
                                  "Plan Rows": 146,
                                  "Plan Width": 10,
                                  "Plans": [
                                    {
                                      "Node Type": "Hash Join",
                                      "Parent Relationship": "Outer",
                                      "Parallel Aware": true,
                                      "Async Capable": false,
                                      "Join Type": "Inner",
                                      "Startup Cost": 691604.48,
                                      "Total Cost": 708304.67,
                                      "Plan Rows": 146,
                                      "Plan Width": 10,
                                      "Inner Unique": false,
                                      "Hash Cond": "(customer.c_customer_sk = store_sales.ss_customer_sk)",
                                      "Plans": [
                                        {
                                          "Node Type": "Seq Scan",
                                          "Parent Relationship": "Outer",
                                          "Parallel Aware": true,
                                          "Async Capable": false,
                                          "Relation Name": "customer",
                                          "Alias": "customer",
                                          "Startup Cost": 0.0,
                                          "Total Cost": 15918.33,
                                          "Plan Rows": 208333,
                                          "Plan Width": 8,
                                          "parent": 9,
                                          "ID": 10
                                        },
                                        {
                                          "Node Type": "Hash",
                                          "Parent Relationship": "Inner",
                                          "Parallel Aware": true,
                                          "Async Capable": false,
                                          "Startup Cost": 691602.57,
                                          "Total Cost": 691602.57,
                                          "Plan Rows": 153,
                                          "Plan Width": 10,
                                          "Plans": [
                                            {
                                              "Node Type": "Hash Join",
                                              "Parent Relationship": "Outer",
                                              "Parallel Aware": false,
                                              "Async Capable": false,
                                              "Join Type": "Inner",
                                              "Startup Cost": 9631.45,
                                              "Total Cost": 691602.57,
                                              "Plan Rows": 153,
                                              "Plan Width": 10,
                                              "Inner Unique": false,
                                              "Hash Cond": "(store_sales.ss_store_sk = store.s_store_sk)",
                                              "Plans": [
                                                {
                                                  "Node Type": "Hash Join",
                                                  "Parent Relationship": "Outer",
                                                  "Parallel Aware": false,
                                                  "Async Capable": false,
                                                  "Join Type": "Inner",
                                                  "Startup Cost": 9624.29,
                                                  "Total Cost": 691593.01,
                                                  "Plan Rows": 230,
                                                  "Plan Width": 14,
                                                  "Inner Unique": false,
                                                  "Hash Cond": "(store_sales.ss_promo_sk = promotion.p_promo_sk)",
                                                  "Plans": [
                                                    {
                                                      "Node Type": "Hash Join",
                                                      "Parent Relationship": "Outer",
                                                      "Parallel Aware": true,
                                                      "Async Capable": false,
                                                      "Join Type": "Inner",
                                                      "Startup Cost": 9599.4,
                                                      "Total Cost": 691564.02,
                                                      "Plan Rows": 481,
                                                      "Plan Width": 18,
                                                      "Inner Unique": false,
                                                      "Hash Cond": "(store_sales.ss_item_sk = item.i_item_sk)",
                                                      "Plans": [
                                                        {
                                                          "Node Type": "Hash Join",
                                                          "Parent Relationship": "Outer",
                                                          "Parallel Aware": true,
                                                          "Async Capable": false,
                                                          "Join Type": "Inner",
                                                          "Startup Cost": 2049.78,
                                                          "Total Cost": 683994.75,
                                                          "Plan Rows": 4703,
                                                          "Plan Width": 22,
                                                          "Inner Unique": false,
                                                          "Hash Cond": "(store_sales.ss_sold_date_sk = date_dim.d_date_sk)",
                                                          "Plans": [
                                                            {
                                                              "Node Type": "Seq Scan",
                                                              "Parent Relationship": "Outer",
                                                              "Parallel Aware": true,
                                                              "Async Capable": false,
                                                              "Relation Name": "store_sales",
                                                              "Alias": "store_sales",
                                                              "Startup Cost": 0.0,
                                                              "Total Cost": 636914.37,
                                                              "Plan Rows": 12000637,
                                                              "Plan Width": 26,
                                                              "parent": 15,
                                                              "ID": 16
                                                            },
                                                            {
                                                              "Node Type": "Hash",
                                                              "Parent Relationship": "Inner",
                                                              "Parallel Aware": true,
                                                              "Async Capable": false,
                                                              "Startup Cost": 2049.55,
                                                              "Total Cost": 2049.55,
                                                              "Plan Rows": 18,
                                                              "Plan Width": 4,
                                                              "Plans": [
                                                                {
                                                                  "Node Type": "Seq Scan",
                                                                  "Parent Relationship": "Outer",
                                                                  "Parallel Aware": true,
                                                                  "Async Capable": false,
                                                                  "Relation Name": "date_dim",
                                                                  "Alias": "date_dim",
                                                                  "Startup Cost": 0.0,
                                                                  "Total Cost": 2049.55,
                                                                  "Plan Rows": 18,
                                                                  "Plan Width": 4,
                                                                  "Filter": "((d_year = 1999) AND (d_moy = 12))",
                                                                  "parent": 17,
                                                                  "ID": 18
                                                                }
                                                              ],
                                                              "parent": 15,
                                                              "ID": 17,
                                                              "left": 18
                                                            }
                                                          ],
                                                          "parent": 14,
                                                          "ID": 15,
                                                          "left": 16,
                                                          "right": 17
                                                        },
                                                        {
                                                          "Node Type": "Hash",
                                                          "Parent Relationship": "Inner",
                                                          "Parallel Aware": true,
                                                          "Async Capable": false,
                                                          "Startup Cost": 7495.25,
                                                          "Total Cost": 7495.25,
                                                          "Plan Rows": 4350,
                                                          "Plan Width": 4,
                                                          "Plans": [
                                                            {
                                                              "Node Type": "Seq Scan",
                                                              "Parent Relationship": "Outer",
                                                              "Parallel Aware": true,
                                                              "Async Capable": false,
                                                              "Relation Name": "item",
                                                              "Alias": "item",
                                                              "Startup Cost": 0.0,
                                                              "Total Cost": 7495.25,
                                                              "Plan Rows": 4350,
                                                              "Plan Width": 4,
                                                              "Filter": "(i_category = 'Sports'::bpchar)",
                                                              "parent": 19,
                                                              "ID": 20
                                                            }
                                                          ],
                                                          "parent": 14,
                                                          "ID": 19,
                                                          "left": 20
                                                        }
                                                      ],
                                                      "parent": 13,
                                                      "ID": 14,
                                                      "left": 15,
                                                      "right": 19
                                                    },
                                                    {
                                                      "Node Type": "Hash",
                                                      "Parent Relationship": "Inner",
                                                      "Parallel Aware": false,
                                                      "Async Capable": false,
                                                      "Startup Cost": 21.75,
                                                      "Total Cost": 21.75,
                                                      "Plan Rows": 251,
                                                      "Plan Width": 4,
                                                      "Plans": [
                                                        {
                                                          "Node Type": "Seq Scan",
                                                          "Parent Relationship": "Outer",
                                                          "Parallel Aware": false,
                                                          "Async Capable": false,
                                                          "Relation Name": "promotion",
                                                          "Alias": "promotion",
                                                          "Startup Cost": 0.0,
                                                          "Total Cost": 21.75,
                                                          "Plan Rows": 251,
                                                          "Plan Width": 4,
                                                          "Filter": "((p_channel_dmail = 'Y'::bpchar) OR (p_channel_email = 'Y'::bpchar) OR (p_channel_tv = 'Y'::bpchar))",
                                                          "parent": 21,
                                                          "ID": 22
                                                        }
                                                      ],
                                                      "parent": 13,
                                                      "ID": 21,
                                                      "left": 22
                                                    }
                                                  ],
                                                  "parent": 12,
                                                  "ID": 13,
                                                  "left": 14,
                                                  "right": 21
                                                },
                                                {
                                                  "Node Type": "Hash",
                                                  "Parent Relationship": "Inner",
                                                  "Parallel Aware": false,
                                                  "Async Capable": false,
                                                  "Startup Cost": 6.28,
                                                  "Total Cost": 6.28,
                                                  "Plan Rows": 71,
                                                  "Plan Width": 4,
                                                  "Plans": [
                                                    {
                                                      "Node Type": "Seq Scan",
                                                      "Parent Relationship": "Outer",
                                                      "Parallel Aware": false,
                                                      "Async Capable": false,
                                                      "Relation Name": "store",
                                                      "Alias": "store",
                                                      "Startup Cost": 0.0,
                                                      "Total Cost": 6.28,
                                                      "Plan Rows": 71,
                                                      "Plan Width": 4,
                                                      "Filter": "(s_gmt_offset = '-6'::numeric)",
                                                      "parent": 23,
                                                      "ID": 24
                                                    }
                                                  ],
                                                  "parent": 12,
                                                  "ID": 23,
                                                  "left": 24
                                                }
                                              ],
                                              "parent": 11,
                                              "ID": 12,
                                              "left": 13,
                                              "right": 23
                                            }
                                          ],
                                          "parent": 9,
                                          "ID": 11,
                                          "left": 12
                                        }
                                      ],
                                      "parent": 8,
                                      "ID": 9,
                                      "left": 10,
                                      "right": 11
                                    }
                                  ],
                                  "parent": 6,
                                  "ID": 8,
                                  "left": 9
                                }
                              ],
                              "parent": 5,
                              "ID": 6,
                              "left": 7,
                              "right": 8
                            }
                          ],
                          "parent": 4,
                          "ID": 5,
                          "left": 6
                        }
                      ],
                      "parent": 3,
                      "ID": 4,
                      "left": 5
                    }
                  ],
                  "parent": 2,
                  "ID": 3,
                  "left": 4
                },
                {
                  "Node Type": "Aggregate",
                  "Strategy": "Plain",
                  "Partial Mode": "Finalize",
                  "Parent Relationship": "Inner",
                  "Parallel Aware": false,
                  "Async Capable": false,
                  "Startup Cost": 716195.13,
                  "Total Cost": 716195.14,
                  "Plan Rows": 1,
                  "Plan Width": 32,
                  "Plans": [
                    {
                      "Node Type": "Gather",
                      "Parent Relationship": "Outer",
                      "Parallel Aware": false,
                      "Async Capable": false,
                      "Startup Cost": 716194.9,
                      "Total Cost": 716195.11,
                      "Plan Rows": 2,
                      "Plan Width": 32,
                      "Workers Planned": 2,
                      "Single Copy": false,
                      "Plans": [
                        {
                          "Node Type": "Aggregate",
                          "Strategy": "Plain",
                          "Partial Mode": "Partial",
                          "Parent Relationship": "Outer",
                          "Parallel Aware": false,
                          "Async Capable": false,
                          "Startup Cost": 715194.9,
                          "Total Cost": 715194.91,
                          "Plan Rows": 1,
                          "Plan Width": 32,
                          "Plans": [
                            {
                              "Node Type": "Hash Join",
                              "Parent Relationship": "Outer",
                              "Parallel Aware": true,
                              "Async Capable": false,
                              "Join Type": "Inner",
                              "Startup Cost": 708284.85,
                              "Total Cost": 715194.56,
                              "Plan Rows": 135,
                              "Plan Width": 6,
                              "Inner Unique": false,
                              "Hash Cond": "(customer_address_1.ca_address_sk = customer_1.c_current_addr_sk)",
                              "Plans": [
                                {
                                  "Node Type": "Seq Scan",
                                  "Parent Relationship": "Outer",
                                  "Parallel Aware": true,
                                  "Async Capable": false,
                                  "Relation Name": "customer_address",
                                  "Alias": "customer_address_1",
                                  "Startup Cost": 0.0,
                                  "Total Cost": 6737.08,
                                  "Plan Rows": 45885,
                                  "Plan Width": 4,
                                  "Filter": "(ca_gmt_offset = '-6'::numeric)",
                                  "parent": 28,
                                  "ID": 29
                                },
                                {
                                  "Node Type": "Hash",
                                  "Parent Relationship": "Inner",
                                  "Parallel Aware": true,
                                  "Async Capable": false,
                                  "Startup Cost": 708281.04,
                                  "Total Cost": 708281.04,
                                  "Plan Rows": 305,
                                  "Plan Width": 10,
                                  "Plans": [
                                    {
                                      "Node Type": "Hash Join",
                                      "Parent Relationship": "Outer",
                                      "Parallel Aware": true,
                                      "Async Capable": false,
                                      "Join Type": "Inner",
                                      "Startup Cost": 691580.19,
                                      "Total Cost": 708281.04,
                                      "Plan Rows": 305,
                                      "Plan Width": 10,
                                      "Inner Unique": false,
                                      "Hash Cond": "(customer_1.c_customer_sk = store_sales_1.ss_customer_sk)",
                                      "Plans": [
                                        {
                                          "Node Type": "Seq Scan",
                                          "Parent Relationship": "Outer",
                                          "Parallel Aware": true,
                                          "Async Capable": false,
                                          "Relation Name": "customer",
                                          "Alias": "customer_1",
                                          "Startup Cost": 0.0,
                                          "Total Cost": 15918.33,
                                          "Plan Rows": 208333,
                                          "Plan Width": 8,
                                          "parent": 31,
                                          "ID": 32
                                        },
                                        {
                                          "Node Type": "Hash",
                                          "Parent Relationship": "Inner",
                                          "Parallel Aware": true,
                                          "Async Capable": false,
                                          "Startup Cost": 691576.19,
                                          "Total Cost": 691576.19,
                                          "Plan Rows": 320,
                                          "Plan Width": 10,
                                          "Plans": [
                                            {
                                              "Node Type": "Hash Join",
                                              "Parent Relationship": "Outer",
                                              "Parallel Aware": false,
                                              "Async Capable": false,
                                              "Join Type": "Inner",
                                              "Startup Cost": 9606.56,
                                              "Total Cost": 691576.19,
                                              "Plan Rows": 320,
                                              "Plan Width": 10,
                                              "Inner Unique": false,
                                              "Hash Cond": "(store_sales_1.ss_store_sk = store_1.s_store_sk)",
                                              "Plans": [
                                                {
                                                  "Node Type": "Hash Join",
                                                  "Parent Relationship": "Outer",
                                                  "Parallel Aware": true,
                                                  "Async Capable": false,
                                                  "Join Type": "Inner",
                                                  "Startup Cost": 9599.4,
                                                  "Total Cost": 691564.02,
                                                  "Plan Rows": 481,
                                                  "Plan Width": 14,
                                                  "Inner Unique": false,
                                                  "Hash Cond": "(store_sales_1.ss_item_sk = item_1.i_item_sk)",
                                                  "Plans": [
                                                    {
                                                      "Node Type": "Hash Join",
                                                      "Parent Relationship": "Outer",
                                                      "Parallel Aware": true,
                                                      "Async Capable": false,
                                                      "Join Type": "Inner",
                                                      "Startup Cost": 2049.78,
                                                      "Total Cost": 683994.75,
                                                      "Plan Rows": 4703,
                                                      "Plan Width": 18,
                                                      "Inner Unique": false,
                                                      "Hash Cond": "(store_sales_1.ss_sold_date_sk = date_dim_1.d_date_sk)",
                                                      "Plans": [
                                                        {
                                                          "Node Type": "Seq Scan",
                                                          "Parent Relationship": "Outer",
                                                          "Parallel Aware": true,
                                                          "Async Capable": false,
                                                          "Relation Name": "store_sales",
                                                          "Alias": "store_sales_1",
                                                          "Startup Cost": 0.0,
                                                          "Total Cost": 636914.37,
                                                          "Plan Rows": 12000637,
                                                          "Plan Width": 22,
                                                          "parent": 36,
                                                          "ID": 37
                                                        },
                                                        {
                                                          "Node Type": "Hash",
                                                          "Parent Relationship": "Inner",
                                                          "Parallel Aware": true,
                                                          "Async Capable": false,
                                                          "Startup Cost": 2049.55,
                                                          "Total Cost": 2049.55,
                                                          "Plan Rows": 18,
                                                          "Plan Width": 4,
                                                          "Plans": [
                                                            {
                                                              "Node Type": "Seq Scan",
                                                              "Parent Relationship": "Outer",
                                                              "Parallel Aware": true,
                                                              "Async Capable": false,
                                                              "Relation Name": "date_dim",
                                                              "Alias": "date_dim_1",
                                                              "Startup Cost": 0.0,
                                                              "Total Cost": 2049.55,
                                                              "Plan Rows": 18,
                                                              "Plan Width": 4,
                                                              "Filter": "((d_year = 1999) AND (d_moy = 12))",
                                                              "parent": 38,
                                                              "ID": 39
                                                            }
                                                          ],
                                                          "parent": 36,
                                                          "ID": 38,
                                                          "left": 39
                                                        }
                                                      ],
                                                      "parent": 35,
                                                      "ID": 36,
                                                      "left": 37,
                                                      "right": 38
                                                    },
                                                    {
                                                      "Node Type": "Hash",
                                                      "Parent Relationship": "Inner",
                                                      "Parallel Aware": true,
                                                      "Async Capable": false,
                                                      "Startup Cost": 7495.25,
                                                      "Total Cost": 7495.25,
                                                      "Plan Rows": 4350,
                                                      "Plan Width": 4,
                                                      "Plans": [
                                                        {
                                                          "Node Type": "Seq Scan",
                                                          "Parent Relationship": "Outer",
                                                          "Parallel Aware": true,
                                                          "Async Capable": false,
                                                          "Relation Name": "item",
                                                          "Alias": "item_1",
                                                          "Startup Cost": 0.0,
                                                          "Total Cost": 7495.25,
                                                          "Plan Rows": 4350,
                                                          "Plan Width": 4,
                                                          "Filter": "(i_category = 'Sports'::bpchar)",
                                                          "parent": 40,
                                                          "ID": 41
                                                        }
                                                      ],
                                                      "parent": 35,
                                                      "ID": 40,
                                                      "left": 41
                                                    }
                                                  ],
                                                  "parent": 34,
                                                  "ID": 35,
                                                  "left": 36,
                                                  "right": 40
                                                },
                                                {
                                                  "Node Type": "Hash",
                                                  "Parent Relationship": "Inner",
                                                  "Parallel Aware": false,
                                                  "Async Capable": false,
                                                  "Startup Cost": 6.28,
                                                  "Total Cost": 6.28,
                                                  "Plan Rows": 71,
                                                  "Plan Width": 4,
                                                  "Plans": [
                                                    {
                                                      "Node Type": "Seq Scan",
                                                      "Parent Relationship": "Outer",
                                                      "Parallel Aware": false,
                                                      "Async Capable": false,
                                                      "Relation Name": "store",
                                                      "Alias": "store_1",
                                                      "Startup Cost": 0.0,
                                                      "Total Cost": 6.28,
                                                      "Plan Rows": 71,
                                                      "Plan Width": 4,
                                                      "Filter": "(s_gmt_offset = '-6'::numeric)",
                                                      "parent": 42,
                                                      "ID": 43
                                                    }
                                                  ],
                                                  "parent": 34,
                                                  "ID": 42,
                                                  "left": 43
                                                }
                                              ],
                                              "parent": 33,
                                              "ID": 34,
                                              "left": 35,
                                              "right": 42
                                            }
                                          ],
                                          "parent": 31,
                                          "ID": 33,
                                          "left": 34
                                        }
                                      ],
                                      "parent": 30,
                                      "ID": 31,
                                      "left": 32,
                                      "right": 33
                                    }
                                  ],
                                  "parent": 28,
                                  "ID": 30,
                                  "left": 31
                                }
                              ],
                              "parent": 27,
                              "ID": 28,
                              "left": 29,
                              "right": 30
                            }
                          ],
                          "parent": 26,
                          "ID": 27,
                          "left": 28
                        }
                      ],
                      "parent": 25,
                      "ID": 26,
                      "left": 27
                    }
                  ],
                  "parent": 2,
                  "ID": 25,
                  "left": 26
                }
              ],
              "parent": 1,
              "ID": 2,
              "left": 3,
              "right": 25
            }
          ],
          "parent": 0,
          "ID": 1,
          "left": 2
        }
      ],
      "parent": null,
      "ID": 0,
      "left": 1
    },
    "feat": {
      "utility": 8.727516056209855e-06,
      "query_shape": [
        [
          "Seq Scan",
          "Hash Join",
          "Aggregate",
          "Gather",
          "Nested Loop",
          "Sort"
        ],
        [
          "Seq Scan",
          "Hash Join",
          "Hash",
          "Aggregate",
          "Gather",
          "Nested Loop",
          "Sort"
        ],
        [
          "Seq Scan",
          "Hash Join",
          "Hash",
          "Aggregate",
          "Gather",
          "Nested Loop",
          "Sort"
        ],
        [
          "Seq Scan",
          "Hash",
          "Hash Join",
          "Aggregate",
          "Gather",
          "Nested Loop",
          "Sort"
        ],
        [
          "Seq Scan",
          "Hash",
          "Hash Join",
          "Aggregate",
          "Gather",
          "Nested Loop",
          "Sort"
        ],
        [
          "Seq Scan",
          "Hash",
          "Hash Join",
          "Aggregate",
          "Gather",
          "Nested Loop",
          "Sort"
        ],
        [
          "Seq Scan",
          "Hash",
          "Hash Join",
          "Aggregate",
          "Gather",
          "Nested Loop",
          "Sort"
        ],
        [
          "Seq Scan",
          "Hash Join",
          "Aggregate",
          "Gather",
          "Nested Loop",
          "Sort"
        ],
        [
          "Seq Scan",
          "Hash Join",
          "Hash",
          "Aggregate",
          "Gather",
          "Nested Loop",
          "Sort"
        ],
        [
          "Seq Scan",
          "Hash Join",
          "Hash",
          "Aggregate",
          "Gather",
          "Nested Loop",
          "Sort"
        ],
        [
          "Seq Scan",
          "Hash",
          "Hash Join",
          "Aggregate",
          "Gather",
          "Nested Loop",
          "Sort"
        ],
        [
          "Seq Scan",
          "Hash",
          "Hash Join",
          "Aggregate",
          "Gather",
          "Nested Loop",
          "Sort"
        ],
        [
          "Seq Scan",
          "Hash",
          "Hash Join",
          "Aggregate",
          "Gather",
          "Nested Loop",
          "Sort"
        ]
      ],
      "index_shape": [
        "join"
      ],
      "physical_operator": {
        "Hash Join": [
          0.004666046765541177,
          0.004666046765541177
        ]
      }
    }
  },
  {
    "query": "select  promotions,total,cast(promotions as decimal(15,4))/cast(total as decimal(15,4))*100\nfrom\n  (select sum(ss_ext_sales_price) promotions\n   from  store_sales\n        ,store\n        ,promotion\n        ,date_dim\n        ,customer\n        ,customer_address \n        ,item\n   where ss_sold_date_sk = d_date_sk\n   and   ss_store_sk = s_store_sk\n   and   ss_promo_sk = p_promo_sk\n   and   ss_customer_sk= c_customer_sk\n   and   ca_address_sk = c_current_addr_sk\n   and   ss_item_sk = i_item_sk \n   and   ca_gmt_offset = -6\n   and   i_category = 'Sports'\n   and   (p_channel_dmail = 'Y' or p_channel_email = 'Y' or p_channel_tv = 'Y')\n   and   s_gmt_offset = -6\n   and   d_year = 1999\n   and   d_moy  = 12) promotional_sales,\n  (select sum(ss_ext_sales_price) total\n   from  store_sales\n        ,store\n        ,date_dim\n        ,customer\n        ,customer_address\n        ,item\n   where ss_sold_date_sk = d_date_sk\n   and   ss_store_sk = s_store_sk\n   and   ss_customer_sk= c_customer_sk\n   and   ca_address_sk = c_current_addr_sk\n   and   ss_item_sk = i_item_sk\n   and   ca_gmt_offset = -6\n   and   i_category = 'Sports'\n   and   s_gmt_offset = -6\n   and   d_year = 1999\n   and   d_moy  = 12) all_sales\norder by promotions, total\nlimit 100;\n\n-- end query 45 in stream 1 using template query61.tpl\n",
    "indexes": "store_sales.ss_item_sk",
    "wo plan est": {
      "Node Type": "Limit",
      "Parallel Aware": false,
      "Async Capable": false,
      "Startup Cost": 1432411.5,
      "Total Cost": 1432411.51,
      "Plan Rows": 1,
      "Plan Width": 96,
      "Plans": [
        {
          "Node Type": "Sort",
          "Parent Relationship": "Outer",
          "Parallel Aware": false,
          "Async Capable": false,
          "Startup Cost": 1432411.5,
          "Total Cost": 1432411.51,
          "Plan Rows": 1,
          "Plan Width": 96,
          "Sort Key": [
            "(sum(store_sales.ss_ext_sales_price))",
            "(sum(store_sales_1.ss_ext_sales_price))"
          ],
          "Plans": [
            {
              "Node Type": "Nested Loop",
              "Parent Relationship": "Outer",
              "Parallel Aware": false,
              "Async Capable": false,
              "Join Type": "Inner",
              "Startup Cost": 1432411.43,
              "Total Cost": 1432411.49,
              "Plan Rows": 1,
              "Plan Width": 96,
              "Inner Unique": false,
              "Plans": [
                {
                  "Node Type": "Aggregate",
                  "Strategy": "Plain",
                  "Partial Mode": "Finalize",
                  "Parent Relationship": "Outer",
                  "Parallel Aware": false,
                  "Async Capable": false,
                  "Startup Cost": 716216.31,
                  "Total Cost": 716216.32,
                  "Plan Rows": 1,
                  "Plan Width": 32,
                  "Plans": [
                    {
                      "Node Type": "Gather",
                      "Parent Relationship": "Outer",
                      "Parallel Aware": false,
                      "Async Capable": false,
                      "Startup Cost": 716216.08,
                      "Total Cost": 716216.29,
                      "Plan Rows": 2,
                      "Plan Width": 32,
                      "Workers Planned": 2,
                      "Single Copy": false,
                      "Plans": [
                        {
                          "Node Type": "Aggregate",
                          "Strategy": "Plain",
                          "Partial Mode": "Partial",
                          "Parent Relationship": "Outer",
                          "Parallel Aware": false,
                          "Async Capable": false,
                          "Startup Cost": 715216.08,
                          "Total Cost": 715216.09,
                          "Plan Rows": 1,
                          "Plan Width": 32,
                          "Plans": [
                            {
                              "Node Type": "Hash Join",
                              "Parent Relationship": "Outer",
                              "Parallel Aware": true,
                              "Async Capable": false,
                              "Join Type": "Inner",
                              "Startup Cost": 708306.5,
                              "Total Cost": 715215.92,
                              "Plan Rows": 65,
                              "Plan Width": 6,
                              "Inner Unique": false,
                              "Hash Cond": "(customer_address.ca_address_sk = customer.c_current_addr_sk)",
                              "Plans": [
                                {
                                  "Node Type": "Seq Scan",
                                  "Parent Relationship": "Outer",
                                  "Parallel Aware": true,
                                  "Async Capable": false,
                                  "Relation Name": "customer_address",
                                  "Alias": "customer_address",
                                  "Startup Cost": 0.0,
                                  "Total Cost": 6737.08,
                                  "Plan Rows": 45885,
                                  "Plan Width": 4,
                                  "Filter": "(ca_gmt_offset = '-6'::numeric)",
                                  "parent": 6,
                                  "ID": 7
                                },
                                {
                                  "Node Type": "Hash",
                                  "Parent Relationship": "Inner",
                                  "Parallel Aware": true,
                                  "Async Capable": false,
                                  "Startup Cost": 708304.67,
                                  "Total Cost": 708304.67,
                                  "Plan Rows": 146,
                                  "Plan Width": 10,
                                  "Plans": [
                                    {
                                      "Node Type": "Hash Join",
                                      "Parent Relationship": "Outer",
                                      "Parallel Aware": true,
                                      "Async Capable": false,
                                      "Join Type": "Inner",
                                      "Startup Cost": 691604.48,
                                      "Total Cost": 708304.67,
                                      "Plan Rows": 146,
                                      "Plan Width": 10,
                                      "Inner Unique": false,
                                      "Hash Cond": "(customer.c_customer_sk = store_sales.ss_customer_sk)",
                                      "Plans": [
                                        {
                                          "Node Type": "Seq Scan",
                                          "Parent Relationship": "Outer",
                                          "Parallel Aware": true,
                                          "Async Capable": false,
                                          "Relation Name": "customer",
                                          "Alias": "customer",
                                          "Startup Cost": 0.0,
                                          "Total Cost": 15918.33,
                                          "Plan Rows": 208333,
                                          "Plan Width": 8,
                                          "parent": 9,
                                          "ID": 10
                                        },
                                        {
                                          "Node Type": "Hash",
                                          "Parent Relationship": "Inner",
                                          "Parallel Aware": true,
                                          "Async Capable": false,
                                          "Startup Cost": 691602.57,
                                          "Total Cost": 691602.57,
                                          "Plan Rows": 153,
                                          "Plan Width": 10,
                                          "Plans": [
                                            {
                                              "Node Type": "Hash Join",
                                              "Parent Relationship": "Outer",
                                              "Parallel Aware": false,
                                              "Async Capable": false,
                                              "Join Type": "Inner",
                                              "Startup Cost": 9631.45,
                                              "Total Cost": 691602.57,
                                              "Plan Rows": 153,
                                              "Plan Width": 10,
                                              "Inner Unique": false,
                                              "Hash Cond": "(store_sales.ss_store_sk = store.s_store_sk)",
                                              "Plans": [
                                                {
                                                  "Node Type": "Hash Join",
                                                  "Parent Relationship": "Outer",
                                                  "Parallel Aware": false,
                                                  "Async Capable": false,
                                                  "Join Type": "Inner",
                                                  "Startup Cost": 9624.29,
                                                  "Total Cost": 691593.01,
                                                  "Plan Rows": 230,
                                                  "Plan Width": 14,
                                                  "Inner Unique": false,
                                                  "Hash Cond": "(store_sales.ss_promo_sk = promotion.p_promo_sk)",
                                                  "Plans": [
                                                    {
                                                      "Node Type": "Hash Join",
                                                      "Parent Relationship": "Outer",
                                                      "Parallel Aware": true,
                                                      "Async Capable": false,
                                                      "Join Type": "Inner",
                                                      "Startup Cost": 9599.4,
                                                      "Total Cost": 691564.02,
                                                      "Plan Rows": 481,
                                                      "Plan Width": 18,
                                                      "Inner Unique": false,
                                                      "Hash Cond": "(store_sales.ss_item_sk = item.i_item_sk)",
                                                      "Plans": [
                                                        {
                                                          "Node Type": "Hash Join",
                                                          "Parent Relationship": "Outer",
                                                          "Parallel Aware": true,
                                                          "Async Capable": false,
                                                          "Join Type": "Inner",
                                                          "Startup Cost": 2049.78,
                                                          "Total Cost": 683994.75,
                                                          "Plan Rows": 4703,
                                                          "Plan Width": 22,
                                                          "Inner Unique": false,
                                                          "Hash Cond": "(store_sales.ss_sold_date_sk = date_dim.d_date_sk)",
                                                          "Plans": [
                                                            {
                                                              "Node Type": "Seq Scan",
                                                              "Parent Relationship": "Outer",
                                                              "Parallel Aware": true,
                                                              "Async Capable": false,
                                                              "Relation Name": "store_sales",
                                                              "Alias": "store_sales",
                                                              "Startup Cost": 0.0,
                                                              "Total Cost": 636914.37,
                                                              "Plan Rows": 12000637,
                                                              "Plan Width": 26,
                                                              "parent": 15,
                                                              "ID": 16
                                                            },
                                                            {
                                                              "Node Type": "Hash",
                                                              "Parent Relationship": "Inner",
                                                              "Parallel Aware": true,
                                                              "Async Capable": false,
                                                              "Startup Cost": 2049.55,
                                                              "Total Cost": 2049.55,
                                                              "Plan Rows": 18,
                                                              "Plan Width": 4,
                                                              "Plans": [
                                                                {
                                                                  "Node Type": "Seq Scan",
                                                                  "Parent Relationship": "Outer",
                                                                  "Parallel Aware": true,
                                                                  "Async Capable": false,
                                                                  "Relation Name": "date_dim",
                                                                  "Alias": "date_dim",
                                                                  "Startup Cost": 0.0,
                                                                  "Total Cost": 2049.55,
                                                                  "Plan Rows": 18,
                                                                  "Plan Width": 4,
                                                                  "Filter": "((d_year = 1999) AND (d_moy = 12))",
                                                                  "parent": 17,
                                                                  "ID": 18
                                                                }
                                                              ],
                                                              "parent": 15,
                                                              "ID": 17,
                                                              "left": 18
                                                            }
                                                          ],
                                                          "parent": 14,
                                                          "ID": 15,
                                                          "left": 16,
                                                          "right": 17
                                                        },
                                                        {
                                                          "Node Type": "Hash",
                                                          "Parent Relationship": "Inner",
                                                          "Parallel Aware": true,
                                                          "Async Capable": false,
                                                          "Startup Cost": 7495.25,
                                                          "Total Cost": 7495.25,
                                                          "Plan Rows": 4350,
                                                          "Plan Width": 4,
                                                          "Plans": [
                                                            {
                                                              "Node Type": "Seq Scan",
                                                              "Parent Relationship": "Outer",
                                                              "Parallel Aware": true,
                                                              "Async Capable": false,
                                                              "Relation Name": "item",
                                                              "Alias": "item",
                                                              "Startup Cost": 0.0,
                                                              "Total Cost": 7495.25,
                                                              "Plan Rows": 4350,
                                                              "Plan Width": 4,
                                                              "Filter": "(i_category = 'Sports'::bpchar)",
                                                              "parent": 19,
                                                              "ID": 20
                                                            }
                                                          ],
                                                          "parent": 14,
                                                          "ID": 19,
                                                          "left": 20
                                                        }
                                                      ],
                                                      "parent": 13,
                                                      "ID": 14,
                                                      "left": 15,
                                                      "right": 19
                                                    },
                                                    {
                                                      "Node Type": "Hash",
                                                      "Parent Relationship": "Inner",
                                                      "Parallel Aware": false,
                                                      "Async Capable": false,
                                                      "Startup Cost": 21.75,
                                                      "Total Cost": 21.75,
                                                      "Plan Rows": 251,
                                                      "Plan Width": 4,
                                                      "Plans": [
                                                        {
                                                          "Node Type": "Seq Scan",
                                                          "Parent Relationship": "Outer",
                                                          "Parallel Aware": false,
                                                          "Async Capable": false,
                                                          "Relation Name": "promotion",
                                                          "Alias": "promotion",
                                                          "Startup Cost": 0.0,
                                                          "Total Cost": 21.75,
                                                          "Plan Rows": 251,
                                                          "Plan Width": 4,
                                                          "Filter": "((p_channel_dmail = 'Y'::bpchar) OR (p_channel_email = 'Y'::bpchar) OR (p_channel_tv = 'Y'::bpchar))",
                                                          "parent": 21,
                                                          "ID": 22
                                                        }
                                                      ],
                                                      "parent": 13,
                                                      "ID": 21,
                                                      "left": 22
                                                    }
                                                  ],
                                                  "parent": 12,
                                                  "ID": 13,
                                                  "left": 14,
                                                  "right": 21
                                                },
                                                {
                                                  "Node Type": "Hash",
                                                  "Parent Relationship": "Inner",
                                                  "Parallel Aware": false,
                                                  "Async Capable": false,
                                                  "Startup Cost": 6.28,
                                                  "Total Cost": 6.28,
                                                  "Plan Rows": 71,
                                                  "Plan Width": 4,
                                                  "Plans": [
                                                    {
                                                      "Node Type": "Seq Scan",
                                                      "Parent Relationship": "Outer",
                                                      "Parallel Aware": false,
                                                      "Async Capable": false,
                                                      "Relation Name": "store",
                                                      "Alias": "store",
                                                      "Startup Cost": 0.0,
                                                      "Total Cost": 6.28,
                                                      "Plan Rows": 71,
                                                      "Plan Width": 4,
                                                      "Filter": "(s_gmt_offset = '-6'::numeric)",
                                                      "parent": 23,
                                                      "ID": 24
                                                    }
                                                  ],
                                                  "parent": 12,
                                                  "ID": 23,
                                                  "left": 24
                                                }
                                              ],
                                              "parent": 11,
                                              "ID": 12,
                                              "left": 13,
                                              "right": 23
                                            }
                                          ],
                                          "parent": 9,
                                          "ID": 11,
                                          "left": 12
                                        }
                                      ],
                                      "parent": 8,
                                      "ID": 9,
                                      "left": 10,
                                      "right": 11
                                    }
                                  ],
                                  "parent": 6,
                                  "ID": 8,
                                  "left": 9
                                }
                              ],
                              "parent": 5,
                              "ID": 6,
                              "left": 7,
                              "right": 8
                            }
                          ],
                          "parent": 4,
                          "ID": 5,
                          "left": 6
                        }
                      ],
                      "parent": 3,
                      "ID": 4,
                      "left": 5
                    }
                  ],
                  "parent": 2,
                  "ID": 3,
                  "left": 4
                },
                {
                  "Node Type": "Aggregate",
                  "Strategy": "Plain",
                  "Partial Mode": "Finalize",
                  "Parent Relationship": "Inner",
                  "Parallel Aware": false,
                  "Async Capable": false,
                  "Startup Cost": 716195.13,
                  "Total Cost": 716195.14,
                  "Plan Rows": 1,
                  "Plan Width": 32,
                  "Plans": [
                    {
                      "Node Type": "Gather",
                      "Parent Relationship": "Outer",
                      "Parallel Aware": false,
                      "Async Capable": false,
                      "Startup Cost": 716194.9,
                      "Total Cost": 716195.11,
                      "Plan Rows": 2,
                      "Plan Width": 32,
                      "Workers Planned": 2,
                      "Single Copy": false,
                      "Plans": [
                        {
                          "Node Type": "Aggregate",
                          "Strategy": "Plain",
                          "Partial Mode": "Partial",
                          "Parent Relationship": "Outer",
                          "Parallel Aware": false,
                          "Async Capable": false,
                          "Startup Cost": 715194.9,
                          "Total Cost": 715194.91,
                          "Plan Rows": 1,
                          "Plan Width": 32,
                          "Plans": [
                            {
                              "Node Type": "Hash Join",
                              "Parent Relationship": "Outer",
                              "Parallel Aware": true,
                              "Async Capable": false,
                              "Join Type": "Inner",
                              "Startup Cost": 708284.85,
                              "Total Cost": 715194.56,
                              "Plan Rows": 135,
                              "Plan Width": 6,
                              "Inner Unique": false,
                              "Hash Cond": "(customer_address_1.ca_address_sk = customer_1.c_current_addr_sk)",
                              "Plans": [
                                {
                                  "Node Type": "Seq Scan",
                                  "Parent Relationship": "Outer",
                                  "Parallel Aware": true,
                                  "Async Capable": false,
                                  "Relation Name": "customer_address",
                                  "Alias": "customer_address_1",
                                  "Startup Cost": 0.0,
                                  "Total Cost": 6737.08,
                                  "Plan Rows": 45885,
                                  "Plan Width": 4,
                                  "Filter": "(ca_gmt_offset = '-6'::numeric)",
                                  "parent": 28,
                                  "ID": 29
                                },
                                {
                                  "Node Type": "Hash",
                                  "Parent Relationship": "Inner",
                                  "Parallel Aware": true,
                                  "Async Capable": false,
                                  "Startup Cost": 708281.04,
                                  "Total Cost": 708281.04,
                                  "Plan Rows": 305,
                                  "Plan Width": 10,
                                  "Plans": [
                                    {
                                      "Node Type": "Hash Join",
                                      "Parent Relationship": "Outer",
                                      "Parallel Aware": true,
                                      "Async Capable": false,
                                      "Join Type": "Inner",
                                      "Startup Cost": 691580.19,
                                      "Total Cost": 708281.04,
                                      "Plan Rows": 305,
                                      "Plan Width": 10,
                                      "Inner Unique": false,
                                      "Hash Cond": "(customer_1.c_customer_sk = store_sales_1.ss_customer_sk)",
                                      "Plans": [
                                        {
                                          "Node Type": "Seq Scan",
                                          "Parent Relationship": "Outer",
                                          "Parallel Aware": true,
                                          "Async Capable": false,
                                          "Relation Name": "customer",
                                          "Alias": "customer_1",
                                          "Startup Cost": 0.0,
                                          "Total Cost": 15918.33,
                                          "Plan Rows": 208333,
                                          "Plan Width": 8,
                                          "parent": 31,
                                          "ID": 32
                                        },
                                        {
                                          "Node Type": "Hash",
                                          "Parent Relationship": "Inner",
                                          "Parallel Aware": true,
                                          "Async Capable": false,
                                          "Startup Cost": 691576.19,
                                          "Total Cost": 691576.19,
                                          "Plan Rows": 320,
                                          "Plan Width": 10,
                                          "Plans": [
                                            {
                                              "Node Type": "Hash Join",
                                              "Parent Relationship": "Outer",
                                              "Parallel Aware": false,
                                              "Async Capable": false,
                                              "Join Type": "Inner",
                                              "Startup Cost": 9606.56,
                                              "Total Cost": 691576.19,
                                              "Plan Rows": 320,
                                              "Plan Width": 10,
                                              "Inner Unique": false,
                                              "Hash Cond": "(store_sales_1.ss_store_sk = store_1.s_store_sk)",
                                              "Plans": [
                                                {
                                                  "Node Type": "Hash Join",
                                                  "Parent Relationship": "Outer",
                                                  "Parallel Aware": true,
                                                  "Async Capable": false,
                                                  "Join Type": "Inner",
                                                  "Startup Cost": 9599.4,
                                                  "Total Cost": 691564.02,
                                                  "Plan Rows": 481,
                                                  "Plan Width": 14,
                                                  "Inner Unique": false,
                                                  "Hash Cond": "(store_sales_1.ss_item_sk = item_1.i_item_sk)",
                                                  "Plans": [
                                                    {
                                                      "Node Type": "Hash Join",
                                                      "Parent Relationship": "Outer",
                                                      "Parallel Aware": true,
                                                      "Async Capable": false,
                                                      "Join Type": "Inner",
                                                      "Startup Cost": 2049.78,
                                                      "Total Cost": 683994.75,
                                                      "Plan Rows": 4703,
                                                      "Plan Width": 18,
                                                      "Inner Unique": false,
                                                      "Hash Cond": "(store_sales_1.ss_sold_date_sk = date_dim_1.d_date_sk)",
                                                      "Plans": [
                                                        {
                                                          "Node Type": "Seq Scan",
                                                          "Parent Relationship": "Outer",
                                                          "Parallel Aware": true,
                                                          "Async Capable": false,
                                                          "Relation Name": "store_sales",
                                                          "Alias": "store_sales_1",
                                                          "Startup Cost": 0.0,
                                                          "Total Cost": 636914.37,
                                                          "Plan Rows": 12000637,
                                                          "Plan Width": 22,
                                                          "parent": 36,
                                                          "ID": 37
                                                        },
                                                        {
                                                          "Node Type": "Hash",
                                                          "Parent Relationship": "Inner",
                                                          "Parallel Aware": true,
                                                          "Async Capable": false,
                                                          "Startup Cost": 2049.55,
                                                          "Total Cost": 2049.55,
                                                          "Plan Rows": 18,
                                                          "Plan Width": 4,
                                                          "Plans": [
                                                            {
                                                              "Node Type": "Seq Scan",
                                                              "Parent Relationship": "Outer",
                                                              "Parallel Aware": true,
                                                              "Async Capable": false,
                                                              "Relation Name": "date_dim",
                                                              "Alias": "date_dim_1",
                                                              "Startup Cost": 0.0,
                                                              "Total Cost": 2049.55,
                                                              "Plan Rows": 18,
                                                              "Plan Width": 4,
                                                              "Filter": "((d_year = 1999) AND (d_moy = 12))",
                                                              "parent": 38,
                                                              "ID": 39
                                                            }
                                                          ],
                                                          "parent": 36,
                                                          "ID": 38,
                                                          "left": 39
                                                        }
                                                      ],
                                                      "parent": 35,
                                                      "ID": 36,
                                                      "left": 37,
                                                      "right": 38
                                                    },
                                                    {
                                                      "Node Type": "Hash",
                                                      "Parent Relationship": "Inner",
                                                      "Parallel Aware": true,
                                                      "Async Capable": false,
                                                      "Startup Cost": 7495.25,
                                                      "Total Cost": 7495.25,
                                                      "Plan Rows": 4350,
                                                      "Plan Width": 4,
                                                      "Plans": [
                                                        {
                                                          "Node Type": "Seq Scan",
                                                          "Parent Relationship": "Outer",
                                                          "Parallel Aware": true,
                                                          "Async Capable": false,
                                                          "Relation Name": "item",
                                                          "Alias": "item_1",
                                                          "Startup Cost": 0.0,
                                                          "Total Cost": 7495.25,
                                                          "Plan Rows": 4350,
                                                          "Plan Width": 4,
                                                          "Filter": "(i_category = 'Sports'::bpchar)",
                                                          "parent": 40,
                                                          "ID": 41
                                                        }
                                                      ],
                                                      "parent": 35,
                                                      "ID": 40,
                                                      "left": 41
                                                    }
                                                  ],
                                                  "parent": 34,
                                                  "ID": 35,
                                                  "left": 36,
                                                  "right": 40
                                                },
                                                {
                                                  "Node Type": "Hash",
                                                  "Parent Relationship": "Inner",
                                                  "Parallel Aware": false,
                                                  "Async Capable": false,
                                                  "Startup Cost": 6.28,
                                                  "Total Cost": 6.28,
                                                  "Plan Rows": 71,
                                                  "Plan Width": 4,
                                                  "Plans": [
                                                    {
                                                      "Node Type": "Seq Scan",
                                                      "Parent Relationship": "Outer",
                                                      "Parallel Aware": false,
                                                      "Async Capable": false,
                                                      "Relation Name": "store",
                                                      "Alias": "store_1",
                                                      "Startup Cost": 0.0,
                                                      "Total Cost": 6.28,
                                                      "Plan Rows": 71,
                                                      "Plan Width": 4,
                                                      "Filter": "(s_gmt_offset = '-6'::numeric)",
                                                      "parent": 42,
                                                      "ID": 43
                                                    }
                                                  ],
                                                  "parent": 34,
                                                  "ID": 42,
                                                  "left": 43
                                                }
                                              ],
                                              "parent": 33,
                                              "ID": 34,
                                              "left": 35,
                                              "right": 42
                                            }
                                          ],
                                          "parent": 31,
                                          "ID": 33,
                                          "left": 34
                                        }
                                      ],
                                      "parent": 30,
                                      "ID": 31,
                                      "left": 32,
                                      "right": 33
                                    }
                                  ],
                                  "parent": 28,
                                  "ID": 30,
                                  "left": 31
                                }
                              ],
                              "parent": 27,
                              "ID": 28,
                              "left": 29,
                              "right": 30
                            }
                          ],
                          "parent": 26,
                          "ID": 27,
                          "left": 28
                        }
                      ],
                      "parent": 25,
                      "ID": 26,
                      "left": 27
                    }
                  ],
                  "parent": 2,
                  "ID": 25,
                  "left": 26
                }
              ],
              "parent": 1,
              "ID": 2,
              "left": 3,
              "right": 25
            }
          ],
          "parent": 0,
          "ID": 1,
          "left": 2
        }
      ],
      "parent": null,
      "ID": 0,
      "left": 1
    },
    "feat": {
      "utility": 8.725912995264436e-06,
      "query_shape": [
        [
          "Seq Scan",
          "Hash Join",
          "Aggregate",
          "Gather",
          "Nested Loop",
          "Sort"
        ],
        [
          "Seq Scan",
          "Hash Join",
          "Hash",
          "Aggregate",
          "Gather",
          "Nested Loop",
          "Sort"
        ],
        [
          "Seq Scan",
          "Hash Join",
          "Hash",
          "Aggregate",
          "Gather",
          "Nested Loop",
          "Sort"
        ],
        [
          "Seq Scan",
          "Hash",
          "Hash Join",
          "Aggregate",
          "Gather",
          "Nested Loop",
          "Sort"
        ],
        [
          "Seq Scan",
          "Hash",
          "Hash Join",
          "Aggregate",
          "Gather",
          "Nested Loop",
          "Sort"
        ],
        [
          "Seq Scan",
          "Hash",
          "Hash Join",
          "Aggregate",
          "Gather",
          "Nested Loop",
          "Sort"
        ],
        [
          "Seq Scan",
          "Hash",
          "Hash Join",
          "Aggregate",
          "Gather",
          "Nested Loop",
          "Sort"
        ],
        [
          "Seq Scan",
          "Hash Join",
          "Aggregate",
          "Gather",
          "Nested Loop",
          "Sort"
        ],
        [
          "Seq Scan",
          "Hash Join",
          "Hash",
          "Aggregate",
          "Gather",
          "Nested Loop",
          "Sort"
        ],
        [
          "Seq Scan",
          "Hash Join",
          "Hash",
          "Aggregate",
          "Gather",
          "Nested Loop",
          "Sort"
        ],
        [
          "Seq Scan",
          "Hash",
          "Hash Join",
          "Aggregate",
          "Gather",
          "Nested Loop",
          "Sort"
        ],
        [
          "Seq Scan",
          "Hash",
          "Hash Join",
          "Aggregate",
          "Gather",
          "Nested Loop",
          "Sort"
        ],
        [
          "Seq Scan",
          "Hash",
          "Hash Join",
          "Aggregate",
          "Gather",
          "Nested Loop",
          "Sort"
        ]
      ],
      "index_shape": [
        "join"
      ],
      "physical_operator": {
        "Hash Join": [
          0.004848868656420849,
          0.004848868656420849
        ]
      }
    }
  },
  {
    "query": "select  promotions,total,cast(promotions as decimal(15,4))/cast(total as decimal(15,4))*100\nfrom\n  (select sum(ss_ext_sales_price) promotions\n   from  store_sales\n        ,store\n        ,promotion\n        ,date_dim\n        ,customer\n        ,customer_address \n        ,item\n   where ss_sold_date_sk = d_date_sk\n   and   ss_store_sk = s_store_sk\n   and   ss_promo_sk = p_promo_sk\n   and   ss_customer_sk= c_customer_sk\n   and   ca_address_sk = c_current_addr_sk\n   and   ss_item_sk = i_item_sk \n   and   ca_gmt_offset = -6\n   and   i_category = 'Sports'\n   and   (p_channel_dmail = 'Y' or p_channel_email = 'Y' or p_channel_tv = 'Y')\n   and   s_gmt_offset = -6\n   and   d_year = 1999\n   and   d_moy  = 12) promotional_sales,\n  (select sum(ss_ext_sales_price) total\n   from  store_sales\n        ,store\n        ,date_dim\n        ,customer\n        ,customer_address\n        ,item\n   where ss_sold_date_sk = d_date_sk\n   and   ss_store_sk = s_store_sk\n   and   ss_customer_sk= c_customer_sk\n   and   ca_address_sk = c_current_addr_sk\n   and   ss_item_sk = i_item_sk\n   and   ca_gmt_offset = -6\n   and   i_category = 'Sports'\n   and   s_gmt_offset = -6\n   and   d_year = 1999\n   and   d_moy  = 12) all_sales\norder by promotions, total\nlimit 100;\n\n-- end query 45 in stream 1 using template query61.tpl\n",
    "indexes": "store_sales.ss_customer_sk",
    "wo plan est": {
      "Node Type": "Limit",
      "Parallel Aware": false,
      "Async Capable": false,
      "Startup Cost": 1432411.5,
      "Total Cost": 1432411.51,
      "Plan Rows": 1,
      "Plan Width": 96,
      "Plans": [
        {
          "Node Type": "Sort",
          "Parent Relationship": "Outer",
          "Parallel Aware": false,
          "Async Capable": false,
          "Startup Cost": 1432411.5,
          "Total Cost": 1432411.51,
          "Plan Rows": 1,
          "Plan Width": 96,
          "Sort Key": [
            "(sum(store_sales.ss_ext_sales_price))",
            "(sum(store_sales_1.ss_ext_sales_price))"
          ],
          "Plans": [
            {
              "Node Type": "Nested Loop",
              "Parent Relationship": "Outer",
              "Parallel Aware": false,
              "Async Capable": false,
              "Join Type": "Inner",
              "Startup Cost": 1432411.43,
              "Total Cost": 1432411.49,
              "Plan Rows": 1,
              "Plan Width": 96,
              "Inner Unique": false,
              "Plans": [
                {
                  "Node Type": "Aggregate",
                  "Strategy": "Plain",
                  "Partial Mode": "Finalize",
                  "Parent Relationship": "Outer",
                  "Parallel Aware": false,
                  "Async Capable": false,
                  "Startup Cost": 716216.31,
                  "Total Cost": 716216.32,
                  "Plan Rows": 1,
                  "Plan Width": 32,
                  "Plans": [
                    {
                      "Node Type": "Gather",
                      "Parent Relationship": "Outer",
                      "Parallel Aware": false,
                      "Async Capable": false,
                      "Startup Cost": 716216.08,
                      "Total Cost": 716216.29,
                      "Plan Rows": 2,
                      "Plan Width": 32,
                      "Workers Planned": 2,
                      "Single Copy": false,
                      "Plans": [
                        {
                          "Node Type": "Aggregate",
                          "Strategy": "Plain",
                          "Partial Mode": "Partial",
                          "Parent Relationship": "Outer",
                          "Parallel Aware": false,
                          "Async Capable": false,
                          "Startup Cost": 715216.08,
                          "Total Cost": 715216.09,
                          "Plan Rows": 1,
                          "Plan Width": 32,
                          "Plans": [
                            {
                              "Node Type": "Hash Join",
                              "Parent Relationship": "Outer",
                              "Parallel Aware": true,
                              "Async Capable": false,
                              "Join Type": "Inner",
                              "Startup Cost": 708306.5,
                              "Total Cost": 715215.92,
                              "Plan Rows": 65,
                              "Plan Width": 6,
                              "Inner Unique": false,
                              "Hash Cond": "(customer_address.ca_address_sk = customer.c_current_addr_sk)",
                              "Plans": [
                                {
                                  "Node Type": "Seq Scan",
                                  "Parent Relationship": "Outer",
                                  "Parallel Aware": true,
                                  "Async Capable": false,
                                  "Relation Name": "customer_address",
                                  "Alias": "customer_address",
                                  "Startup Cost": 0.0,
                                  "Total Cost": 6737.08,
                                  "Plan Rows": 45885,
                                  "Plan Width": 4,
                                  "Filter": "(ca_gmt_offset = '-6'::numeric)",
                                  "parent": 6,
                                  "ID": 7
                                },
                                {
                                  "Node Type": "Hash",
                                  "Parent Relationship": "Inner",
                                  "Parallel Aware": true,
                                  "Async Capable": false,
                                  "Startup Cost": 708304.67,
                                  "Total Cost": 708304.67,
                                  "Plan Rows": 146,
                                  "Plan Width": 10,
                                  "Plans": [
                                    {
                                      "Node Type": "Hash Join",
                                      "Parent Relationship": "Outer",
                                      "Parallel Aware": true,
                                      "Async Capable": false,
                                      "Join Type": "Inner",
                                      "Startup Cost": 691604.48,
                                      "Total Cost": 708304.67,
                                      "Plan Rows": 146,
                                      "Plan Width": 10,
                                      "Inner Unique": false,
                                      "Hash Cond": "(customer.c_customer_sk = store_sales.ss_customer_sk)",
                                      "Plans": [
                                        {
                                          "Node Type": "Seq Scan",
                                          "Parent Relationship": "Outer",
                                          "Parallel Aware": true,
                                          "Async Capable": false,
                                          "Relation Name": "customer",
                                          "Alias": "customer",
                                          "Startup Cost": 0.0,
                                          "Total Cost": 15918.33,
                                          "Plan Rows": 208333,
                                          "Plan Width": 8,
                                          "parent": 9,
                                          "ID": 10
                                        },
                                        {
                                          "Node Type": "Hash",
                                          "Parent Relationship": "Inner",
                                          "Parallel Aware": true,
                                          "Async Capable": false,
                                          "Startup Cost": 691602.57,
                                          "Total Cost": 691602.57,
                                          "Plan Rows": 153,
                                          "Plan Width": 10,
                                          "Plans": [
                                            {
                                              "Node Type": "Hash Join",
                                              "Parent Relationship": "Outer",
                                              "Parallel Aware": false,
                                              "Async Capable": false,
                                              "Join Type": "Inner",
                                              "Startup Cost": 9631.45,
                                              "Total Cost": 691602.57,
                                              "Plan Rows": 153,
                                              "Plan Width": 10,
                                              "Inner Unique": false,
                                              "Hash Cond": "(store_sales.ss_store_sk = store.s_store_sk)",
                                              "Plans": [
                                                {
                                                  "Node Type": "Hash Join",
                                                  "Parent Relationship": "Outer",
                                                  "Parallel Aware": false,
                                                  "Async Capable": false,
                                                  "Join Type": "Inner",
                                                  "Startup Cost": 9624.29,
                                                  "Total Cost": 691593.01,
                                                  "Plan Rows": 230,
                                                  "Plan Width": 14,
                                                  "Inner Unique": false,
                                                  "Hash Cond": "(store_sales.ss_promo_sk = promotion.p_promo_sk)",
                                                  "Plans": [
                                                    {
                                                      "Node Type": "Hash Join",
                                                      "Parent Relationship": "Outer",
                                                      "Parallel Aware": true,
                                                      "Async Capable": false,
                                                      "Join Type": "Inner",
                                                      "Startup Cost": 9599.4,
                                                      "Total Cost": 691564.02,
                                                      "Plan Rows": 481,
                                                      "Plan Width": 18,
                                                      "Inner Unique": false,
                                                      "Hash Cond": "(store_sales.ss_item_sk = item.i_item_sk)",
                                                      "Plans": [
                                                        {
                                                          "Node Type": "Hash Join",
                                                          "Parent Relationship": "Outer",
                                                          "Parallel Aware": true,
                                                          "Async Capable": false,
                                                          "Join Type": "Inner",
                                                          "Startup Cost": 2049.78,
                                                          "Total Cost": 683994.75,
                                                          "Plan Rows": 4703,
                                                          "Plan Width": 22,
                                                          "Inner Unique": false,
                                                          "Hash Cond": "(store_sales.ss_sold_date_sk = date_dim.d_date_sk)",
                                                          "Plans": [
                                                            {
                                                              "Node Type": "Seq Scan",
                                                              "Parent Relationship": "Outer",
                                                              "Parallel Aware": true,
                                                              "Async Capable": false,
                                                              "Relation Name": "store_sales",
                                                              "Alias": "store_sales",
                                                              "Startup Cost": 0.0,
                                                              "Total Cost": 636914.37,
                                                              "Plan Rows": 12000637,
                                                              "Plan Width": 26,
                                                              "parent": 15,
                                                              "ID": 16
                                                            },
                                                            {
                                                              "Node Type": "Hash",
                                                              "Parent Relationship": "Inner",
                                                              "Parallel Aware": true,
                                                              "Async Capable": false,
                                                              "Startup Cost": 2049.55,
                                                              "Total Cost": 2049.55,
                                                              "Plan Rows": 18,
                                                              "Plan Width": 4,
                                                              "Plans": [
                                                                {
                                                                  "Node Type": "Seq Scan",
                                                                  "Parent Relationship": "Outer",
                                                                  "Parallel Aware": true,
                                                                  "Async Capable": false,
                                                                  "Relation Name": "date_dim",
                                                                  "Alias": "date_dim",
                                                                  "Startup Cost": 0.0,
                                                                  "Total Cost": 2049.55,
                                                                  "Plan Rows": 18,
                                                                  "Plan Width": 4,
                                                                  "Filter": "((d_year = 1999) AND (d_moy = 12))",
                                                                  "parent": 17,
                                                                  "ID": 18
                                                                }
                                                              ],
                                                              "parent": 15,
                                                              "ID": 17,
                                                              "left": 18
                                                            }
                                                          ],
                                                          "parent": 14,
                                                          "ID": 15,
                                                          "left": 16,
                                                          "right": 17
                                                        },
                                                        {
                                                          "Node Type": "Hash",
                                                          "Parent Relationship": "Inner",
                                                          "Parallel Aware": true,
                                                          "Async Capable": false,
                                                          "Startup Cost": 7495.25,
                                                          "Total Cost": 7495.25,
                                                          "Plan Rows": 4350,
                                                          "Plan Width": 4,
                                                          "Plans": [
                                                            {
                                                              "Node Type": "Seq Scan",
                                                              "Parent Relationship": "Outer",
                                                              "Parallel Aware": true,
                                                              "Async Capable": false,
                                                              "Relation Name": "item",
                                                              "Alias": "item",
                                                              "Startup Cost": 0.0,
                                                              "Total Cost": 7495.25,
                                                              "Plan Rows": 4350,
                                                              "Plan Width": 4,
                                                              "Filter": "(i_category = 'Sports'::bpchar)",
                                                              "parent": 19,
                                                              "ID": 20
                                                            }
                                                          ],
                                                          "parent": 14,
                                                          "ID": 19,
                                                          "left": 20
                                                        }
                                                      ],
                                                      "parent": 13,
                                                      "ID": 14,
                                                      "left": 15,
                                                      "right": 19
                                                    },
                                                    {
                                                      "Node Type": "Hash",
                                                      "Parent Relationship": "Inner",
                                                      "Parallel Aware": false,
                                                      "Async Capable": false,
                                                      "Startup Cost": 21.75,
                                                      "Total Cost": 21.75,
                                                      "Plan Rows": 251,
                                                      "Plan Width": 4,
                                                      "Plans": [
                                                        {
                                                          "Node Type": "Seq Scan",
                                                          "Parent Relationship": "Outer",
                                                          "Parallel Aware": false,
                                                          "Async Capable": false,
                                                          "Relation Name": "promotion",
                                                          "Alias": "promotion",
                                                          "Startup Cost": 0.0,
                                                          "Total Cost": 21.75,
                                                          "Plan Rows": 251,
                                                          "Plan Width": 4,
                                                          "Filter": "((p_channel_dmail = 'Y'::bpchar) OR (p_channel_email = 'Y'::bpchar) OR (p_channel_tv = 'Y'::bpchar))",
                                                          "parent": 21,
                                                          "ID": 22
                                                        }
                                                      ],
                                                      "parent": 13,
                                                      "ID": 21,
                                                      "left": 22
                                                    }
                                                  ],
                                                  "parent": 12,
                                                  "ID": 13,
                                                  "left": 14,
                                                  "right": 21
                                                },
                                                {
                                                  "Node Type": "Hash",
                                                  "Parent Relationship": "Inner",
                                                  "Parallel Aware": false,
                                                  "Async Capable": false,
                                                  "Startup Cost": 6.28,
                                                  "Total Cost": 6.28,
                                                  "Plan Rows": 71,
                                                  "Plan Width": 4,
                                                  "Plans": [
                                                    {
                                                      "Node Type": "Seq Scan",
                                                      "Parent Relationship": "Outer",
                                                      "Parallel Aware": false,
                                                      "Async Capable": false,
                                                      "Relation Name": "store",
                                                      "Alias": "store",
                                                      "Startup Cost": 0.0,
                                                      "Total Cost": 6.28,
                                                      "Plan Rows": 71,
                                                      "Plan Width": 4,
                                                      "Filter": "(s_gmt_offset = '-6'::numeric)",
                                                      "parent": 23,
                                                      "ID": 24
                                                    }
                                                  ],
                                                  "parent": 12,
                                                  "ID": 23,
                                                  "left": 24
                                                }
                                              ],
                                              "parent": 11,
                                              "ID": 12,
                                              "left": 13,
                                              "right": 23
                                            }
                                          ],
                                          "parent": 9,
                                          "ID": 11,
                                          "left": 12
                                        }
                                      ],
                                      "parent": 8,
                                      "ID": 9,
                                      "left": 10,
                                      "right": 11
                                    }
                                  ],
                                  "parent": 6,
                                  "ID": 8,
                                  "left": 9
                                }
                              ],
                              "parent": 5,
                              "ID": 6,
                              "left": 7,
                              "right": 8
                            }
                          ],
                          "parent": 4,
                          "ID": 5,
                          "left": 6
                        }
                      ],
                      "parent": 3,
                      "ID": 4,
                      "left": 5
                    }
                  ],
                  "parent": 2,
                  "ID": 3,
                  "left": 4
                },
                {
                  "Node Type": "Aggregate",
                  "Strategy": "Plain",
                  "Partial Mode": "Finalize",
                  "Parent Relationship": "Inner",
                  "Parallel Aware": false,
                  "Async Capable": false,
                  "Startup Cost": 716195.13,
                  "Total Cost": 716195.14,
                  "Plan Rows": 1,
                  "Plan Width": 32,
                  "Plans": [
                    {
                      "Node Type": "Gather",
                      "Parent Relationship": "Outer",
                      "Parallel Aware": false,
                      "Async Capable": false,
                      "Startup Cost": 716194.9,
                      "Total Cost": 716195.11,
                      "Plan Rows": 2,
                      "Plan Width": 32,
                      "Workers Planned": 2,
                      "Single Copy": false,
                      "Plans": [
                        {
                          "Node Type": "Aggregate",
                          "Strategy": "Plain",
                          "Partial Mode": "Partial",
                          "Parent Relationship": "Outer",
                          "Parallel Aware": false,
                          "Async Capable": false,
                          "Startup Cost": 715194.9,
                          "Total Cost": 715194.91,
                          "Plan Rows": 1,
                          "Plan Width": 32,
                          "Plans": [
                            {
                              "Node Type": "Hash Join",
                              "Parent Relationship": "Outer",
                              "Parallel Aware": true,
                              "Async Capable": false,
                              "Join Type": "Inner",
                              "Startup Cost": 708284.85,
                              "Total Cost": 715194.56,
                              "Plan Rows": 135,
                              "Plan Width": 6,
                              "Inner Unique": false,
                              "Hash Cond": "(customer_address_1.ca_address_sk = customer_1.c_current_addr_sk)",
                              "Plans": [
                                {
                                  "Node Type": "Seq Scan",
                                  "Parent Relationship": "Outer",
                                  "Parallel Aware": true,
                                  "Async Capable": false,
                                  "Relation Name": "customer_address",
                                  "Alias": "customer_address_1",
                                  "Startup Cost": 0.0,
                                  "Total Cost": 6737.08,
                                  "Plan Rows": 45885,
                                  "Plan Width": 4,
                                  "Filter": "(ca_gmt_offset = '-6'::numeric)",
                                  "parent": 28,
                                  "ID": 29
                                },
                                {
                                  "Node Type": "Hash",
                                  "Parent Relationship": "Inner",
                                  "Parallel Aware": true,
                                  "Async Capable": false,
                                  "Startup Cost": 708281.04,
                                  "Total Cost": 708281.04,
                                  "Plan Rows": 305,
                                  "Plan Width": 10,
                                  "Plans": [
                                    {
                                      "Node Type": "Hash Join",
                                      "Parent Relationship": "Outer",
                                      "Parallel Aware": true,
                                      "Async Capable": false,
                                      "Join Type": "Inner",
                                      "Startup Cost": 691580.19,
                                      "Total Cost": 708281.04,
                                      "Plan Rows": 305,
                                      "Plan Width": 10,
                                      "Inner Unique": false,
                                      "Hash Cond": "(customer_1.c_customer_sk = store_sales_1.ss_customer_sk)",
                                      "Plans": [
                                        {
                                          "Node Type": "Seq Scan",
                                          "Parent Relationship": "Outer",
                                          "Parallel Aware": true,
                                          "Async Capable": false,
                                          "Relation Name": "customer",
                                          "Alias": "customer_1",
                                          "Startup Cost": 0.0,
                                          "Total Cost": 15918.33,
                                          "Plan Rows": 208333,
                                          "Plan Width": 8,
                                          "parent": 31,
                                          "ID": 32
                                        },
                                        {
                                          "Node Type": "Hash",
                                          "Parent Relationship": "Inner",
                                          "Parallel Aware": true,
                                          "Async Capable": false,
                                          "Startup Cost": 691576.19,
                                          "Total Cost": 691576.19,
                                          "Plan Rows": 320,
                                          "Plan Width": 10,
                                          "Plans": [
                                            {
                                              "Node Type": "Hash Join",
                                              "Parent Relationship": "Outer",
                                              "Parallel Aware": false,
                                              "Async Capable": false,
                                              "Join Type": "Inner",
                                              "Startup Cost": 9606.56,
                                              "Total Cost": 691576.19,
                                              "Plan Rows": 320,
                                              "Plan Width": 10,
                                              "Inner Unique": false,
                                              "Hash Cond": "(store_sales_1.ss_store_sk = store_1.s_store_sk)",
                                              "Plans": [
                                                {
                                                  "Node Type": "Hash Join",
                                                  "Parent Relationship": "Outer",
                                                  "Parallel Aware": true,
                                                  "Async Capable": false,
                                                  "Join Type": "Inner",
                                                  "Startup Cost": 9599.4,
                                                  "Total Cost": 691564.02,
                                                  "Plan Rows": 481,
                                                  "Plan Width": 14,
                                                  "Inner Unique": false,
                                                  "Hash Cond": "(store_sales_1.ss_item_sk = item_1.i_item_sk)",
                                                  "Plans": [
                                                    {
                                                      "Node Type": "Hash Join",
                                                      "Parent Relationship": "Outer",
                                                      "Parallel Aware": true,
                                                      "Async Capable": false,
                                                      "Join Type": "Inner",
                                                      "Startup Cost": 2049.78,
                                                      "Total Cost": 683994.75,
                                                      "Plan Rows": 4703,
                                                      "Plan Width": 18,
                                                      "Inner Unique": false,
                                                      "Hash Cond": "(store_sales_1.ss_sold_date_sk = date_dim_1.d_date_sk)",
                                                      "Plans": [
                                                        {
                                                          "Node Type": "Seq Scan",
                                                          "Parent Relationship": "Outer",
                                                          "Parallel Aware": true,
                                                          "Async Capable": false,
                                                          "Relation Name": "store_sales",
                                                          "Alias": "store_sales_1",
                                                          "Startup Cost": 0.0,
                                                          "Total Cost": 636914.37,
                                                          "Plan Rows": 12000637,
                                                          "Plan Width": 22,
                                                          "parent": 36,
                                                          "ID": 37
                                                        },
                                                        {
                                                          "Node Type": "Hash",
                                                          "Parent Relationship": "Inner",
                                                          "Parallel Aware": true,
                                                          "Async Capable": false,
                                                          "Startup Cost": 2049.55,
                                                          "Total Cost": 2049.55,
                                                          "Plan Rows": 18,
                                                          "Plan Width": 4,
                                                          "Plans": [
                                                            {
                                                              "Node Type": "Seq Scan",
                                                              "Parent Relationship": "Outer",
                                                              "Parallel Aware": true,
                                                              "Async Capable": false,
                                                              "Relation Name": "date_dim",
                                                              "Alias": "date_dim_1",
                                                              "Startup Cost": 0.0,
                                                              "Total Cost": 2049.55,
                                                              "Plan Rows": 18,
                                                              "Plan Width": 4,
                                                              "Filter": "((d_year = 1999) AND (d_moy = 12))",
                                                              "parent": 38,
                                                              "ID": 39
                                                            }
                                                          ],
                                                          "parent": 36,
                                                          "ID": 38,
                                                          "left": 39
                                                        }
                                                      ],
                                                      "parent": 35,
                                                      "ID": 36,
                                                      "left": 37,
                                                      "right": 38
                                                    },
                                                    {
                                                      "Node Type": "Hash",
                                                      "Parent Relationship": "Inner",
                                                      "Parallel Aware": true,
                                                      "Async Capable": false,
                                                      "Startup Cost": 7495.25,
                                                      "Total Cost": 7495.25,
                                                      "Plan Rows": 4350,
                                                      "Plan Width": 4,
                                                      "Plans": [
                                                        {
                                                          "Node Type": "Seq Scan",
                                                          "Parent Relationship": "Outer",
                                                          "Parallel Aware": true,
                                                          "Async Capable": false,
                                                          "Relation Name": "item",
                                                          "Alias": "item_1",
                                                          "Startup Cost": 0.0,
                                                          "Total Cost": 7495.25,
                                                          "Plan Rows": 4350,
                                                          "Plan Width": 4,
                                                          "Filter": "(i_category = 'Sports'::bpchar)",
                                                          "parent": 40,
                                                          "ID": 41
                                                        }
                                                      ],
                                                      "parent": 35,
                                                      "ID": 40,
                                                      "left": 41
                                                    }
                                                  ],
                                                  "parent": 34,
                                                  "ID": 35,
                                                  "left": 36,
                                                  "right": 40
                                                },
                                                {
                                                  "Node Type": "Hash",
                                                  "Parent Relationship": "Inner",
                                                  "Parallel Aware": false,
                                                  "Async Capable": false,
                                                  "Startup Cost": 6.28,
                                                  "Total Cost": 6.28,
                                                  "Plan Rows": 71,
                                                  "Plan Width": 4,
                                                  "Plans": [
                                                    {
                                                      "Node Type": "Seq Scan",
                                                      "Parent Relationship": "Outer",
                                                      "Parallel Aware": false,
                                                      "Async Capable": false,
                                                      "Relation Name": "store",
                                                      "Alias": "store_1",
                                                      "Startup Cost": 0.0,
                                                      "Total Cost": 6.28,
                                                      "Plan Rows": 71,
                                                      "Plan Width": 4,
                                                      "Filter": "(s_gmt_offset = '-6'::numeric)",
                                                      "parent": 42,
                                                      "ID": 43
                                                    }
                                                  ],
                                                  "parent": 34,
                                                  "ID": 42,
                                                  "left": 43
                                                }
                                              ],
                                              "parent": 33,
                                              "ID": 34,
                                              "left": 35,
                                              "right": 42
                                            }
                                          ],
                                          "parent": 31,
                                          "ID": 33,
                                          "left": 34
                                        }
                                      ],
                                      "parent": 30,
                                      "ID": 31,
                                      "left": 32,
                                      "right": 33
                                    }
                                  ],
                                  "parent": 28,
                                  "ID": 30,
                                  "left": 31
                                }
                              ],
                              "parent": 27,
                              "ID": 28,
                              "left": 29,
                              "right": 30
                            }
                          ],
                          "parent": 26,
                          "ID": 27,
                          "left": 28
                        }
                      ],
                      "parent": 25,
                      "ID": 26,
                      "left": 27
                    }
                  ],
                  "parent": 2,
                  "ID": 25,
                  "left": 26
                }
              ],
              "parent": 1,
              "ID": 2,
              "left": 3,
              "right": 25
            }
          ],
          "parent": 0,
          "ID": 1,
          "left": 2
        }
      ],
      "parent": null,
      "ID": 0,
      "left": 1
    },
    "feat": {
      "utility": 8.749669407122277e-06,
      "query_shape": [
        [
          "Seq Scan",
          "Hash Join",
          "Aggregate",
          "Gather",
          "Nested Loop",
          "Sort"
        ],
        [
          "Seq Scan",
          "Hash Join",
          "Hash",
          "Aggregate",
          "Gather",
          "Nested Loop",
          "Sort"
        ],
        [
          "Seq Scan",
          "Hash Join",
          "Hash",
          "Aggregate",
          "Gather",
          "Nested Loop",
          "Sort"
        ],
        [
          "Seq Scan",
          "Hash",
          "Hash Join",
          "Aggregate",
          "Gather",
          "Nested Loop",
          "Sort"
        ],
        [
          "Seq Scan",
          "Hash",
          "Hash Join",
          "Aggregate",
          "Gather",
          "Nested Loop",
          "Sort"
        ],
        [
          "Seq Scan",
          "Hash",
          "Hash Join",
          "Aggregate",
          "Gather",
          "Nested Loop",
          "Sort"
        ],
        [
          "Seq Scan",
          "Hash",
          "Hash Join",
          "Aggregate",
          "Gather",
          "Nested Loop",
          "Sort"
        ],
        [
          "Seq Scan",
          "Hash Join",
          "Aggregate",
          "Gather",
          "Nested Loop",
          "Sort"
        ],
        [
          "Seq Scan",
          "Hash Join",
          "Hash",
          "Aggregate",
          "Gather",
          "Nested Loop",
          "Sort"
        ],
        [
          "Seq Scan",
          "Hash Join",
          "Hash",
          "Aggregate",
          "Gather",
          "Nested Loop",
          "Sort"
        ],
        [
          "Seq Scan",
          "Hash",
          "Hash Join",
          "Aggregate",
          "Gather",
          "Nested Loop",
          "Sort"
        ],
        [
          "Seq Scan",
          "Hash",
          "Hash Join",
          "Aggregate",
          "Gather",
          "Nested Loop",
          "Sort"
        ],
        [
          "Seq Scan",
          "Hash",
          "Hash Join",
          "Aggregate",
          "Gather",
          "Nested Loop",
          "Sort"
        ]
      ],
      "index_shape": [
        "join"
      ],
      "physical_operator": {
        "Hash Join": [
          0.0021401867875262483,
          0.002138926674762768
        ]
      }
    }
  },
  {
    "query": "select  promotions,total,cast(promotions as decimal(15,4))/cast(total as decimal(15,4))*100\nfrom\n  (select sum(ss_ext_sales_price) promotions\n   from  store_sales\n        ,store\n        ,promotion\n        ,date_dim\n        ,customer\n        ,customer_address \n        ,item\n   where ss_sold_date_sk = d_date_sk\n   and   ss_store_sk = s_store_sk\n   and   ss_promo_sk = p_promo_sk\n   and   ss_customer_sk= c_customer_sk\n   and   ca_address_sk = c_current_addr_sk\n   and   ss_item_sk = i_item_sk \n   and   ca_gmt_offset = -6\n   and   i_category = 'Sports'\n   and   (p_channel_dmail = 'Y' or p_channel_email = 'Y' or p_channel_tv = 'Y')\n   and   s_gmt_offset = -6\n   and   d_year = 1999\n   and   d_moy  = 12) promotional_sales,\n  (select sum(ss_ext_sales_price) total\n   from  store_sales\n        ,store\n        ,date_dim\n        ,customer\n        ,customer_address\n        ,item\n   where ss_sold_date_sk = d_date_sk\n   and   ss_store_sk = s_store_sk\n   and   ss_customer_sk= c_customer_sk\n   and   ca_address_sk = c_current_addr_sk\n   and   ss_item_sk = i_item_sk\n   and   ca_gmt_offset = -6\n   and   i_category = 'Sports'\n   and   s_gmt_offset = -6\n   and   d_year = 1999\n   and   d_moy  = 12) all_sales\norder by promotions, total\nlimit 100;\n\n-- end query 45 in stream 1 using template query61.tpl\n",
    "indexes": "store_sales.ss_store_sk",
    "wo plan est": {
      "Node Type": "Limit",
      "Parallel Aware": false,
      "Async Capable": false,
      "Startup Cost": 1432411.5,
      "Total Cost": 1432411.51,
      "Plan Rows": 1,
      "Plan Width": 96,
      "Plans": [
        {
          "Node Type": "Sort",
          "Parent Relationship": "Outer",
          "Parallel Aware": false,
          "Async Capable": false,
          "Startup Cost": 1432411.5,
          "Total Cost": 1432411.51,
          "Plan Rows": 1,
          "Plan Width": 96,
          "Sort Key": [
            "(sum(store_sales.ss_ext_sales_price))",
            "(sum(store_sales_1.ss_ext_sales_price))"
          ],
          "Plans": [
            {
              "Node Type": "Nested Loop",
              "Parent Relationship": "Outer",
              "Parallel Aware": false,
              "Async Capable": false,
              "Join Type": "Inner",
              "Startup Cost": 1432411.43,
              "Total Cost": 1432411.49,
              "Plan Rows": 1,
              "Plan Width": 96,
              "Inner Unique": false,
              "Plans": [
                {
                  "Node Type": "Aggregate",
                  "Strategy": "Plain",
                  "Partial Mode": "Finalize",
                  "Parent Relationship": "Outer",
                  "Parallel Aware": false,
                  "Async Capable": false,
                  "Startup Cost": 716216.31,
                  "Total Cost": 716216.32,
                  "Plan Rows": 1,
                  "Plan Width": 32,
                  "Plans": [
                    {
                      "Node Type": "Gather",
                      "Parent Relationship": "Outer",
                      "Parallel Aware": false,
                      "Async Capable": false,
                      "Startup Cost": 716216.08,
                      "Total Cost": 716216.29,
                      "Plan Rows": 2,
                      "Plan Width": 32,
                      "Workers Planned": 2,
                      "Single Copy": false,
                      "Plans": [
                        {
                          "Node Type": "Aggregate",
                          "Strategy": "Plain",
                          "Partial Mode": "Partial",
                          "Parent Relationship": "Outer",
                          "Parallel Aware": false,
                          "Async Capable": false,
                          "Startup Cost": 715216.08,
                          "Total Cost": 715216.09,
                          "Plan Rows": 1,
                          "Plan Width": 32,
                          "Plans": [
                            {
                              "Node Type": "Hash Join",
                              "Parent Relationship": "Outer",
                              "Parallel Aware": true,
                              "Async Capable": false,
                              "Join Type": "Inner",
                              "Startup Cost": 708306.5,
                              "Total Cost": 715215.92,
                              "Plan Rows": 65,
                              "Plan Width": 6,
                              "Inner Unique": false,
                              "Hash Cond": "(customer_address.ca_address_sk = customer.c_current_addr_sk)",
                              "Plans": [
                                {
                                  "Node Type": "Seq Scan",
                                  "Parent Relationship": "Outer",
                                  "Parallel Aware": true,
                                  "Async Capable": false,
                                  "Relation Name": "customer_address",
                                  "Alias": "customer_address",
                                  "Startup Cost": 0.0,
                                  "Total Cost": 6737.08,
                                  "Plan Rows": 45885,
                                  "Plan Width": 4,
                                  "Filter": "(ca_gmt_offset = '-6'::numeric)",
                                  "parent": 6,
                                  "ID": 7
                                },
                                {
                                  "Node Type": "Hash",
                                  "Parent Relationship": "Inner",
                                  "Parallel Aware": true,
                                  "Async Capable": false,
                                  "Startup Cost": 708304.67,
                                  "Total Cost": 708304.67,
                                  "Plan Rows": 146,
                                  "Plan Width": 10,
                                  "Plans": [
                                    {
                                      "Node Type": "Hash Join",
                                      "Parent Relationship": "Outer",
                                      "Parallel Aware": true,
                                      "Async Capable": false,
                                      "Join Type": "Inner",
                                      "Startup Cost": 691604.48,
                                      "Total Cost": 708304.67,
                                      "Plan Rows": 146,
                                      "Plan Width": 10,
                                      "Inner Unique": false,
                                      "Hash Cond": "(customer.c_customer_sk = store_sales.ss_customer_sk)",
                                      "Plans": [
                                        {
                                          "Node Type": "Seq Scan",
                                          "Parent Relationship": "Outer",
                                          "Parallel Aware": true,
                                          "Async Capable": false,
                                          "Relation Name": "customer",
                                          "Alias": "customer",
                                          "Startup Cost": 0.0,
                                          "Total Cost": 15918.33,
                                          "Plan Rows": 208333,
                                          "Plan Width": 8,
                                          "parent": 9,
                                          "ID": 10
                                        },
                                        {
                                          "Node Type": "Hash",
                                          "Parent Relationship": "Inner",
                                          "Parallel Aware": true,
                                          "Async Capable": false,
                                          "Startup Cost": 691602.57,
                                          "Total Cost": 691602.57,
                                          "Plan Rows": 153,
                                          "Plan Width": 10,
                                          "Plans": [
                                            {
                                              "Node Type": "Hash Join",
                                              "Parent Relationship": "Outer",
                                              "Parallel Aware": false,
                                              "Async Capable": false,
                                              "Join Type": "Inner",
                                              "Startup Cost": 9631.45,
                                              "Total Cost": 691602.57,
                                              "Plan Rows": 153,
                                              "Plan Width": 10,
                                              "Inner Unique": false,
                                              "Hash Cond": "(store_sales.ss_store_sk = store.s_store_sk)",
                                              "Plans": [
                                                {
                                                  "Node Type": "Hash Join",
                                                  "Parent Relationship": "Outer",
                                                  "Parallel Aware": false,
                                                  "Async Capable": false,
                                                  "Join Type": "Inner",
                                                  "Startup Cost": 9624.29,
                                                  "Total Cost": 691593.01,
                                                  "Plan Rows": 230,
                                                  "Plan Width": 14,
                                                  "Inner Unique": false,
                                                  "Hash Cond": "(store_sales.ss_promo_sk = promotion.p_promo_sk)",
                                                  "Plans": [
                                                    {
                                                      "Node Type": "Hash Join",
                                                      "Parent Relationship": "Outer",
                                                      "Parallel Aware": true,
                                                      "Async Capable": false,
                                                      "Join Type": "Inner",
                                                      "Startup Cost": 9599.4,
                                                      "Total Cost": 691564.02,
                                                      "Plan Rows": 481,
                                                      "Plan Width": 18,
                                                      "Inner Unique": false,
                                                      "Hash Cond": "(store_sales.ss_item_sk = item.i_item_sk)",
                                                      "Plans": [
                                                        {
                                                          "Node Type": "Hash Join",
                                                          "Parent Relationship": "Outer",
                                                          "Parallel Aware": true,
                                                          "Async Capable": false,
                                                          "Join Type": "Inner",
                                                          "Startup Cost": 2049.78,
                                                          "Total Cost": 683994.75,
                                                          "Plan Rows": 4703,
                                                          "Plan Width": 22,
                                                          "Inner Unique": false,
                                                          "Hash Cond": "(store_sales.ss_sold_date_sk = date_dim.d_date_sk)",
                                                          "Plans": [
                                                            {
                                                              "Node Type": "Seq Scan",
                                                              "Parent Relationship": "Outer",
                                                              "Parallel Aware": true,
                                                              "Async Capable": false,
                                                              "Relation Name": "store_sales",
                                                              "Alias": "store_sales",
                                                              "Startup Cost": 0.0,
                                                              "Total Cost": 636914.37,
                                                              "Plan Rows": 12000637,
                                                              "Plan Width": 26,
                                                              "parent": 15,
                                                              "ID": 16
                                                            },
                                                            {
                                                              "Node Type": "Hash",
                                                              "Parent Relationship": "Inner",
                                                              "Parallel Aware": true,
                                                              "Async Capable": false,
                                                              "Startup Cost": 2049.55,
                                                              "Total Cost": 2049.55,
                                                              "Plan Rows": 18,
                                                              "Plan Width": 4,
                                                              "Plans": [
                                                                {
                                                                  "Node Type": "Seq Scan",
                                                                  "Parent Relationship": "Outer",
                                                                  "Parallel Aware": true,
                                                                  "Async Capable": false,
                                                                  "Relation Name": "date_dim",
                                                                  "Alias": "date_dim",
                                                                  "Startup Cost": 0.0,
                                                                  "Total Cost": 2049.55,
                                                                  "Plan Rows": 18,
                                                                  "Plan Width": 4,
                                                                  "Filter": "((d_year = 1999) AND (d_moy = 12))",
                                                                  "parent": 17,
                                                                  "ID": 18
                                                                }
                                                              ],
                                                              "parent": 15,
                                                              "ID": 17,
                                                              "left": 18
                                                            }
                                                          ],
                                                          "parent": 14,
                                                          "ID": 15,
                                                          "left": 16,
                                                          "right": 17
                                                        },
                                                        {
                                                          "Node Type": "Hash",
                                                          "Parent Relationship": "Inner",
                                                          "Parallel Aware": true,
                                                          "Async Capable": false,
                                                          "Startup Cost": 7495.25,
                                                          "Total Cost": 7495.25,
                                                          "Plan Rows": 4350,
                                                          "Plan Width": 4,
                                                          "Plans": [
                                                            {
                                                              "Node Type": "Seq Scan",
                                                              "Parent Relationship": "Outer",
                                                              "Parallel Aware": true,
                                                              "Async Capable": false,
                                                              "Relation Name": "item",
                                                              "Alias": "item",
                                                              "Startup Cost": 0.0,
                                                              "Total Cost": 7495.25,
                                                              "Plan Rows": 4350,
                                                              "Plan Width": 4,
                                                              "Filter": "(i_category = 'Sports'::bpchar)",
                                                              "parent": 19,
                                                              "ID": 20
                                                            }
                                                          ],
                                                          "parent": 14,
                                                          "ID": 19,
                                                          "left": 20
                                                        }
                                                      ],
                                                      "parent": 13,
                                                      "ID": 14,
                                                      "left": 15,
                                                      "right": 19
                                                    },
                                                    {
                                                      "Node Type": "Hash",
                                                      "Parent Relationship": "Inner",
                                                      "Parallel Aware": false,
                                                      "Async Capable": false,
                                                      "Startup Cost": 21.75,
                                                      "Total Cost": 21.75,
                                                      "Plan Rows": 251,
                                                      "Plan Width": 4,
                                                      "Plans": [
                                                        {
                                                          "Node Type": "Seq Scan",
                                                          "Parent Relationship": "Outer",
                                                          "Parallel Aware": false,
                                                          "Async Capable": false,
                                                          "Relation Name": "promotion",
                                                          "Alias": "promotion",
                                                          "Startup Cost": 0.0,
                                                          "Total Cost": 21.75,
                                                          "Plan Rows": 251,
                                                          "Plan Width": 4,
                                                          "Filter": "((p_channel_dmail = 'Y'::bpchar) OR (p_channel_email = 'Y'::bpchar) OR (p_channel_tv = 'Y'::bpchar))",
                                                          "parent": 21,
                                                          "ID": 22
                                                        }
                                                      ],
                                                      "parent": 13,
                                                      "ID": 21,
                                                      "left": 22
                                                    }
                                                  ],
                                                  "parent": 12,
                                                  "ID": 13,
                                                  "left": 14,
                                                  "right": 21
                                                },
                                                {
                                                  "Node Type": "Hash",
                                                  "Parent Relationship": "Inner",
                                                  "Parallel Aware": false,
                                                  "Async Capable": false,
                                                  "Startup Cost": 6.28,
                                                  "Total Cost": 6.28,
                                                  "Plan Rows": 71,
                                                  "Plan Width": 4,
                                                  "Plans": [
                                                    {
                                                      "Node Type": "Seq Scan",
                                                      "Parent Relationship": "Outer",
                                                      "Parallel Aware": false,
                                                      "Async Capable": false,
                                                      "Relation Name": "store",
                                                      "Alias": "store",
                                                      "Startup Cost": 0.0,
                                                      "Total Cost": 6.28,
                                                      "Plan Rows": 71,
                                                      "Plan Width": 4,
                                                      "Filter": "(s_gmt_offset = '-6'::numeric)",
                                                      "parent": 23,
                                                      "ID": 24
                                                    }
                                                  ],
                                                  "parent": 12,
                                                  "ID": 23,
                                                  "left": 24
                                                }
                                              ],
                                              "parent": 11,
                                              "ID": 12,
                                              "left": 13,
                                              "right": 23
                                            }
                                          ],
                                          "parent": 9,
                                          "ID": 11,
                                          "left": 12
                                        }
                                      ],
                                      "parent": 8,
                                      "ID": 9,
                                      "left": 10,
                                      "right": 11
                                    }
                                  ],
                                  "parent": 6,
                                  "ID": 8,
                                  "left": 9
                                }
                              ],
                              "parent": 5,
                              "ID": 6,
                              "left": 7,
                              "right": 8
                            }
                          ],
                          "parent": 4,
                          "ID": 5,
                          "left": 6
                        }
                      ],
                      "parent": 3,
                      "ID": 4,
                      "left": 5
                    }
                  ],
                  "parent": 2,
                  "ID": 3,
                  "left": 4
                },
                {
                  "Node Type": "Aggregate",
                  "Strategy": "Plain",
                  "Partial Mode": "Finalize",
                  "Parent Relationship": "Inner",
                  "Parallel Aware": false,
                  "Async Capable": false,
                  "Startup Cost": 716195.13,
                  "Total Cost": 716195.14,
                  "Plan Rows": 1,
                  "Plan Width": 32,
                  "Plans": [
                    {
                      "Node Type": "Gather",
                      "Parent Relationship": "Outer",
                      "Parallel Aware": false,
                      "Async Capable": false,
                      "Startup Cost": 716194.9,
                      "Total Cost": 716195.11,
                      "Plan Rows": 2,
                      "Plan Width": 32,
                      "Workers Planned": 2,
                      "Single Copy": false,
                      "Plans": [
                        {
                          "Node Type": "Aggregate",
                          "Strategy": "Plain",
                          "Partial Mode": "Partial",
                          "Parent Relationship": "Outer",
                          "Parallel Aware": false,
                          "Async Capable": false,
                          "Startup Cost": 715194.9,
                          "Total Cost": 715194.91,
                          "Plan Rows": 1,
                          "Plan Width": 32,
                          "Plans": [
                            {
                              "Node Type": "Hash Join",
                              "Parent Relationship": "Outer",
                              "Parallel Aware": true,
                              "Async Capable": false,
                              "Join Type": "Inner",
                              "Startup Cost": 708284.85,
                              "Total Cost": 715194.56,
                              "Plan Rows": 135,
                              "Plan Width": 6,
                              "Inner Unique": false,
                              "Hash Cond": "(customer_address_1.ca_address_sk = customer_1.c_current_addr_sk)",
                              "Plans": [
                                {
                                  "Node Type": "Seq Scan",
                                  "Parent Relationship": "Outer",
                                  "Parallel Aware": true,
                                  "Async Capable": false,
                                  "Relation Name": "customer_address",
                                  "Alias": "customer_address_1",
                                  "Startup Cost": 0.0,
                                  "Total Cost": 6737.08,
                                  "Plan Rows": 45885,
                                  "Plan Width": 4,
                                  "Filter": "(ca_gmt_offset = '-6'::numeric)",
                                  "parent": 28,
                                  "ID": 29
                                },
                                {
                                  "Node Type": "Hash",
                                  "Parent Relationship": "Inner",
                                  "Parallel Aware": true,
                                  "Async Capable": false,
                                  "Startup Cost": 708281.04,
                                  "Total Cost": 708281.04,
                                  "Plan Rows": 305,
                                  "Plan Width": 10,
                                  "Plans": [
                                    {
                                      "Node Type": "Hash Join",
                                      "Parent Relationship": "Outer",
                                      "Parallel Aware": true,
                                      "Async Capable": false,
                                      "Join Type": "Inner",
                                      "Startup Cost": 691580.19,
                                      "Total Cost": 708281.04,
                                      "Plan Rows": 305,
                                      "Plan Width": 10,
                                      "Inner Unique": false,
                                      "Hash Cond": "(customer_1.c_customer_sk = store_sales_1.ss_customer_sk)",
                                      "Plans": [
                                        {
                                          "Node Type": "Seq Scan",
                                          "Parent Relationship": "Outer",
                                          "Parallel Aware": true,
                                          "Async Capable": false,
                                          "Relation Name": "customer",
                                          "Alias": "customer_1",
                                          "Startup Cost": 0.0,
                                          "Total Cost": 15918.33,
                                          "Plan Rows": 208333,
                                          "Plan Width": 8,
                                          "parent": 31,
                                          "ID": 32
                                        },
                                        {
                                          "Node Type": "Hash",
                                          "Parent Relationship": "Inner",
                                          "Parallel Aware": true,
                                          "Async Capable": false,
                                          "Startup Cost": 691576.19,
                                          "Total Cost": 691576.19,
                                          "Plan Rows": 320,
                                          "Plan Width": 10,
                                          "Plans": [
                                            {
                                              "Node Type": "Hash Join",
                                              "Parent Relationship": "Outer",
                                              "Parallel Aware": false,
                                              "Async Capable": false,
                                              "Join Type": "Inner",
                                              "Startup Cost": 9606.56,
                                              "Total Cost": 691576.19,
                                              "Plan Rows": 320,
                                              "Plan Width": 10,
                                              "Inner Unique": false,
                                              "Hash Cond": "(store_sales_1.ss_store_sk = store_1.s_store_sk)",
                                              "Plans": [
                                                {
                                                  "Node Type": "Hash Join",
                                                  "Parent Relationship": "Outer",
                                                  "Parallel Aware": true,
                                                  "Async Capable": false,
                                                  "Join Type": "Inner",
                                                  "Startup Cost": 9599.4,
                                                  "Total Cost": 691564.02,
                                                  "Plan Rows": 481,
                                                  "Plan Width": 14,
                                                  "Inner Unique": false,
                                                  "Hash Cond": "(store_sales_1.ss_item_sk = item_1.i_item_sk)",
                                                  "Plans": [
                                                    {
                                                      "Node Type": "Hash Join",
                                                      "Parent Relationship": "Outer",
                                                      "Parallel Aware": true,
                                                      "Async Capable": false,
                                                      "Join Type": "Inner",
                                                      "Startup Cost": 2049.78,
                                                      "Total Cost": 683994.75,
                                                      "Plan Rows": 4703,
                                                      "Plan Width": 18,
                                                      "Inner Unique": false,
                                                      "Hash Cond": "(store_sales_1.ss_sold_date_sk = date_dim_1.d_date_sk)",
                                                      "Plans": [
                                                        {
                                                          "Node Type": "Seq Scan",
                                                          "Parent Relationship": "Outer",
                                                          "Parallel Aware": true,
                                                          "Async Capable": false,
                                                          "Relation Name": "store_sales",
                                                          "Alias": "store_sales_1",
                                                          "Startup Cost": 0.0,
                                                          "Total Cost": 636914.37,
                                                          "Plan Rows": 12000637,
                                                          "Plan Width": 22,
                                                          "parent": 36,
                                                          "ID": 37
                                                        },
                                                        {
                                                          "Node Type": "Hash",
                                                          "Parent Relationship": "Inner",
                                                          "Parallel Aware": true,
                                                          "Async Capable": false,
                                                          "Startup Cost": 2049.55,
                                                          "Total Cost": 2049.55,
                                                          "Plan Rows": 18,
                                                          "Plan Width": 4,
                                                          "Plans": [
                                                            {
                                                              "Node Type": "Seq Scan",
                                                              "Parent Relationship": "Outer",
                                                              "Parallel Aware": true,
                                                              "Async Capable": false,
                                                              "Relation Name": "date_dim",
                                                              "Alias": "date_dim_1",
                                                              "Startup Cost": 0.0,
                                                              "Total Cost": 2049.55,
                                                              "Plan Rows": 18,
                                                              "Plan Width": 4,
                                                              "Filter": "((d_year = 1999) AND (d_moy = 12))",
                                                              "parent": 38,
                                                              "ID": 39
                                                            }
                                                          ],
                                                          "parent": 36,
                                                          "ID": 38,
                                                          "left": 39
                                                        }
                                                      ],
                                                      "parent": 35,
                                                      "ID": 36,
                                                      "left": 37,
                                                      "right": 38
                                                    },
                                                    {
                                                      "Node Type": "Hash",
                                                      "Parent Relationship": "Inner",
                                                      "Parallel Aware": true,
                                                      "Async Capable": false,
                                                      "Startup Cost": 7495.25,
                                                      "Total Cost": 7495.25,
                                                      "Plan Rows": 4350,
                                                      "Plan Width": 4,
                                                      "Plans": [
                                                        {
                                                          "Node Type": "Seq Scan",
                                                          "Parent Relationship": "Outer",
                                                          "Parallel Aware": true,
                                                          "Async Capable": false,
                                                          "Relation Name": "item",
                                                          "Alias": "item_1",
                                                          "Startup Cost": 0.0,
                                                          "Total Cost": 7495.25,
                                                          "Plan Rows": 4350,
                                                          "Plan Width": 4,
                                                          "Filter": "(i_category = 'Sports'::bpchar)",
                                                          "parent": 40,
                                                          "ID": 41
                                                        }
                                                      ],
                                                      "parent": 35,
                                                      "ID": 40,
                                                      "left": 41
                                                    }
                                                  ],
                                                  "parent": 34,
                                                  "ID": 35,
                                                  "left": 36,
                                                  "right": 40
                                                },
                                                {
                                                  "Node Type": "Hash",
                                                  "Parent Relationship": "Inner",
                                                  "Parallel Aware": false,
                                                  "Async Capable": false,
                                                  "Startup Cost": 6.28,
                                                  "Total Cost": 6.28,
                                                  "Plan Rows": 71,
                                                  "Plan Width": 4,
                                                  "Plans": [
                                                    {
                                                      "Node Type": "Seq Scan",
                                                      "Parent Relationship": "Outer",
                                                      "Parallel Aware": false,
                                                      "Async Capable": false,
                                                      "Relation Name": "store",
                                                      "Alias": "store_1",
                                                      "Startup Cost": 0.0,
                                                      "Total Cost": 6.28,
                                                      "Plan Rows": 71,
                                                      "Plan Width": 4,
                                                      "Filter": "(s_gmt_offset = '-6'::numeric)",
                                                      "parent": 42,
                                                      "ID": 43
                                                    }
                                                  ],
                                                  "parent": 34,
                                                  "ID": 42,
                                                  "left": 43
                                                }
                                              ],
                                              "parent": 33,
                                              "ID": 34,
                                              "left": 35,
                                              "right": 42
                                            }
                                          ],
                                          "parent": 31,
                                          "ID": 33,
                                          "left": 34
                                        }
                                      ],
                                      "parent": 30,
                                      "ID": 31,
                                      "left": 32,
                                      "right": 33
                                    }
                                  ],
                                  "parent": 28,
                                  "ID": 30,
                                  "left": 31
                                }
                              ],
                              "parent": 27,
                              "ID": 28,
                              "left": 29,
                              "right": 30
                            }
                          ],
                          "parent": 26,
                          "ID": 27,
                          "left": 28
                        }
                      ],
                      "parent": 25,
                      "ID": 26,
                      "left": 27
                    }
                  ],
                  "parent": 2,
                  "ID": 25,
                  "left": 26
                }
              ],
              "parent": 1,
              "ID": 2,
              "left": 3,
              "right": 25
            }
          ],
          "parent": 0,
          "ID": 1,
          "left": 2
        }
      ],
      "parent": null,
      "ID": 0,
      "left": 1
    },
    "feat": {
      "utility": 7.919670188856147e-06,
      "query_shape": [
        [
          "Seq Scan",
          "Hash Join",
          "Aggregate",
          "Gather",
          "Nested Loop",
          "Sort"
        ],
        [
          "Seq Scan",
          "Hash Join",
          "Hash",
          "Aggregate",
          "Gather",
          "Nested Loop",
          "Sort"
        ],
        [
          "Seq Scan",
          "Hash Join",
          "Hash",
          "Aggregate",
          "Gather",
          "Nested Loop",
          "Sort"
        ],
        [
          "Seq Scan",
          "Hash",
          "Hash Join",
          "Aggregate",
          "Gather",
          "Nested Loop",
          "Sort"
        ],
        [
          "Seq Scan",
          "Hash",
          "Hash Join",
          "Aggregate",
          "Gather",
          "Nested Loop",
          "Sort"
        ],
        [
          "Seq Scan",
          "Hash",
          "Hash Join",
          "Aggregate",
          "Gather",
          "Nested Loop",
          "Sort"
        ],
        [
          "Seq Scan",
          "Hash",
          "Hash Join",
          "Aggregate",
          "Gather",
          "Nested Loop",
          "Sort"
        ],
        [
          "Seq Scan",
          "Hash Join",
          "Aggregate",
          "Gather",
          "Nested Loop",
          "Sort"
        ],
        [
          "Seq Scan",
          "Hash Join",
          "Hash",
          "Aggregate",
          "Gather",
          "Nested Loop",
          "Sort"
        ],
        [
          "Seq Scan",
          "Hash Join",
          "Hash",
          "Aggregate",
          "Gather",
          "Nested Loop",
          "Sort"
        ],
        [
          "Seq Scan",
          "Hash",
          "Hash Join",
          "Aggregate",
          "Gather",
          "Nested Loop",
          "Sort"
        ],
        [
          "Seq Scan",
          "Hash",
          "Hash Join",
          "Aggregate",
          "Gather",
          "Nested Loop",
          "Sort"
        ],
        [
          "Seq Scan",
          "Hash",
          "Hash Join",
          "Aggregate",
          "Gather",
          "Nested Loop",
          "Sort"
        ]
      ],
      "index_shape": [
        "join"
      ],
      "physical_operator": {
        "Hash Join": [
          0.09679493288626013,
          0.09679953623453284
        ]
      }
    }
  },
  {
    "query": "select  promotions,total,cast(promotions as decimal(15,4))/cast(total as decimal(15,4))*100\nfrom\n  (select sum(ss_ext_sales_price) promotions\n   from  store_sales\n        ,store\n        ,promotion\n        ,date_dim\n        ,customer\n        ,customer_address \n        ,item\n   where ss_sold_date_sk = d_date_sk\n   and   ss_store_sk = s_store_sk\n   and   ss_promo_sk = p_promo_sk\n   and   ss_customer_sk= c_customer_sk\n   and   ca_address_sk = c_current_addr_sk\n   and   ss_item_sk = i_item_sk \n   and   ca_gmt_offset = -6\n   and   i_category = 'Sports'\n   and   (p_channel_dmail = 'Y' or p_channel_email = 'Y' or p_channel_tv = 'Y')\n   and   s_gmt_offset = -6\n   and   d_year = 1999\n   and   d_moy  = 12) promotional_sales,\n  (select sum(ss_ext_sales_price) total\n   from  store_sales\n        ,store\n        ,date_dim\n        ,customer\n        ,customer_address\n        ,item\n   where ss_sold_date_sk = d_date_sk\n   and   ss_store_sk = s_store_sk\n   and   ss_customer_sk= c_customer_sk\n   and   ca_address_sk = c_current_addr_sk\n   and   ss_item_sk = i_item_sk\n   and   ca_gmt_offset = -6\n   and   i_category = 'Sports'\n   and   s_gmt_offset = -6\n   and   d_year = 1999\n   and   d_moy  = 12) all_sales\norder by promotions, total\nlimit 100;\n\n-- end query 45 in stream 1 using template query61.tpl\n",
    "indexes": "store_sales.ss_promo_sk",
    "wo plan est": {
      "Node Type": "Limit",
      "Parallel Aware": false,
      "Async Capable": false,
      "Startup Cost": 1432411.5,
      "Total Cost": 1432411.51,
      "Plan Rows": 1,
      "Plan Width": 96,
      "Plans": [
        {
          "Node Type": "Sort",
          "Parent Relationship": "Outer",
          "Parallel Aware": false,
          "Async Capable": false,
          "Startup Cost": 1432411.5,
          "Total Cost": 1432411.51,
          "Plan Rows": 1,
          "Plan Width": 96,
          "Sort Key": [
            "(sum(store_sales.ss_ext_sales_price))",
            "(sum(store_sales_1.ss_ext_sales_price))"
          ],
          "Plans": [
            {
              "Node Type": "Nested Loop",
              "Parent Relationship": "Outer",
              "Parallel Aware": false,
              "Async Capable": false,
              "Join Type": "Inner",
              "Startup Cost": 1432411.43,
              "Total Cost": 1432411.49,
              "Plan Rows": 1,
              "Plan Width": 96,
              "Inner Unique": false,
              "Plans": [
                {
                  "Node Type": "Aggregate",
                  "Strategy": "Plain",
                  "Partial Mode": "Finalize",
                  "Parent Relationship": "Outer",
                  "Parallel Aware": false,
                  "Async Capable": false,
                  "Startup Cost": 716216.31,
                  "Total Cost": 716216.32,
                  "Plan Rows": 1,
                  "Plan Width": 32,
                  "Plans": [
                    {
                      "Node Type": "Gather",
                      "Parent Relationship": "Outer",
                      "Parallel Aware": false,
                      "Async Capable": false,
                      "Startup Cost": 716216.08,
                      "Total Cost": 716216.29,
                      "Plan Rows": 2,
                      "Plan Width": 32,
                      "Workers Planned": 2,
                      "Single Copy": false,
                      "Plans": [
                        {
                          "Node Type": "Aggregate",
                          "Strategy": "Plain",
                          "Partial Mode": "Partial",
                          "Parent Relationship": "Outer",
                          "Parallel Aware": false,
                          "Async Capable": false,
                          "Startup Cost": 715216.08,
                          "Total Cost": 715216.09,
                          "Plan Rows": 1,
                          "Plan Width": 32,
                          "Plans": [
                            {
                              "Node Type": "Hash Join",
                              "Parent Relationship": "Outer",
                              "Parallel Aware": true,
                              "Async Capable": false,
                              "Join Type": "Inner",
                              "Startup Cost": 708306.5,
                              "Total Cost": 715215.92,
                              "Plan Rows": 65,
                              "Plan Width": 6,
                              "Inner Unique": false,
                              "Hash Cond": "(customer_address.ca_address_sk = customer.c_current_addr_sk)",
                              "Plans": [
                                {
                                  "Node Type": "Seq Scan",
                                  "Parent Relationship": "Outer",
                                  "Parallel Aware": true,
                                  "Async Capable": false,
                                  "Relation Name": "customer_address",
                                  "Alias": "customer_address",
                                  "Startup Cost": 0.0,
                                  "Total Cost": 6737.08,
                                  "Plan Rows": 45885,
                                  "Plan Width": 4,
                                  "Filter": "(ca_gmt_offset = '-6'::numeric)",
                                  "parent": 6,
                                  "ID": 7
                                },
                                {
                                  "Node Type": "Hash",
                                  "Parent Relationship": "Inner",
                                  "Parallel Aware": true,
                                  "Async Capable": false,
                                  "Startup Cost": 708304.67,
                                  "Total Cost": 708304.67,
                                  "Plan Rows": 146,
                                  "Plan Width": 10,
                                  "Plans": [
                                    {
                                      "Node Type": "Hash Join",
                                      "Parent Relationship": "Outer",
                                      "Parallel Aware": true,
                                      "Async Capable": false,
                                      "Join Type": "Inner",
                                      "Startup Cost": 691604.48,
                                      "Total Cost": 708304.67,
                                      "Plan Rows": 146,
                                      "Plan Width": 10,
                                      "Inner Unique": false,
                                      "Hash Cond": "(customer.c_customer_sk = store_sales.ss_customer_sk)",
                                      "Plans": [
                                        {
                                          "Node Type": "Seq Scan",
                                          "Parent Relationship": "Outer",
                                          "Parallel Aware": true,
                                          "Async Capable": false,
                                          "Relation Name": "customer",
                                          "Alias": "customer",
                                          "Startup Cost": 0.0,
                                          "Total Cost": 15918.33,
                                          "Plan Rows": 208333,
                                          "Plan Width": 8,
                                          "parent": 9,
                                          "ID": 10
                                        },
                                        {
                                          "Node Type": "Hash",
                                          "Parent Relationship": "Inner",
                                          "Parallel Aware": true,
                                          "Async Capable": false,
                                          "Startup Cost": 691602.57,
                                          "Total Cost": 691602.57,
                                          "Plan Rows": 153,
                                          "Plan Width": 10,
                                          "Plans": [
                                            {
                                              "Node Type": "Hash Join",
                                              "Parent Relationship": "Outer",
                                              "Parallel Aware": false,
                                              "Async Capable": false,
                                              "Join Type": "Inner",
                                              "Startup Cost": 9631.45,
                                              "Total Cost": 691602.57,
                                              "Plan Rows": 153,
                                              "Plan Width": 10,
                                              "Inner Unique": false,
                                              "Hash Cond": "(store_sales.ss_store_sk = store.s_store_sk)",
                                              "Plans": [
                                                {
                                                  "Node Type": "Hash Join",
                                                  "Parent Relationship": "Outer",
                                                  "Parallel Aware": false,
                                                  "Async Capable": false,
                                                  "Join Type": "Inner",
                                                  "Startup Cost": 9624.29,
                                                  "Total Cost": 691593.01,
                                                  "Plan Rows": 230,
                                                  "Plan Width": 14,
                                                  "Inner Unique": false,
                                                  "Hash Cond": "(store_sales.ss_promo_sk = promotion.p_promo_sk)",
                                                  "Plans": [
                                                    {
                                                      "Node Type": "Hash Join",
                                                      "Parent Relationship": "Outer",
                                                      "Parallel Aware": true,
                                                      "Async Capable": false,
                                                      "Join Type": "Inner",
                                                      "Startup Cost": 9599.4,
                                                      "Total Cost": 691564.02,
                                                      "Plan Rows": 481,
                                                      "Plan Width": 18,
                                                      "Inner Unique": false,
                                                      "Hash Cond": "(store_sales.ss_item_sk = item.i_item_sk)",
                                                      "Plans": [
                                                        {
                                                          "Node Type": "Hash Join",
                                                          "Parent Relationship": "Outer",
                                                          "Parallel Aware": true,
                                                          "Async Capable": false,
                                                          "Join Type": "Inner",
                                                          "Startup Cost": 2049.78,
                                                          "Total Cost": 683994.75,
                                                          "Plan Rows": 4703,
                                                          "Plan Width": 22,
                                                          "Inner Unique": false,
                                                          "Hash Cond": "(store_sales.ss_sold_date_sk = date_dim.d_date_sk)",
                                                          "Plans": [
                                                            {
                                                              "Node Type": "Seq Scan",
                                                              "Parent Relationship": "Outer",
                                                              "Parallel Aware": true,
                                                              "Async Capable": false,
                                                              "Relation Name": "store_sales",
                                                              "Alias": "store_sales",
                                                              "Startup Cost": 0.0,
                                                              "Total Cost": 636914.37,
                                                              "Plan Rows": 12000637,
                                                              "Plan Width": 26,
                                                              "parent": 15,
                                                              "ID": 16
                                                            },
                                                            {
                                                              "Node Type": "Hash",
                                                              "Parent Relationship": "Inner",
                                                              "Parallel Aware": true,
                                                              "Async Capable": false,
                                                              "Startup Cost": 2049.55,
                                                              "Total Cost": 2049.55,
                                                              "Plan Rows": 18,
                                                              "Plan Width": 4,
                                                              "Plans": [
                                                                {
                                                                  "Node Type": "Seq Scan",
                                                                  "Parent Relationship": "Outer",
                                                                  "Parallel Aware": true,
                                                                  "Async Capable": false,
                                                                  "Relation Name": "date_dim",
                                                                  "Alias": "date_dim",
                                                                  "Startup Cost": 0.0,
                                                                  "Total Cost": 2049.55,
                                                                  "Plan Rows": 18,
                                                                  "Plan Width": 4,
                                                                  "Filter": "((d_year = 1999) AND (d_moy = 12))",
                                                                  "parent": 17,
                                                                  "ID": 18
                                                                }
                                                              ],
                                                              "parent": 15,
                                                              "ID": 17,
                                                              "left": 18
                                                            }
                                                          ],
                                                          "parent": 14,
                                                          "ID": 15,
                                                          "left": 16,
                                                          "right": 17
                                                        },
                                                        {
                                                          "Node Type": "Hash",
                                                          "Parent Relationship": "Inner",
                                                          "Parallel Aware": true,
                                                          "Async Capable": false,
                                                          "Startup Cost": 7495.25,
                                                          "Total Cost": 7495.25,
                                                          "Plan Rows": 4350,
                                                          "Plan Width": 4,
                                                          "Plans": [
                                                            {
                                                              "Node Type": "Seq Scan",
                                                              "Parent Relationship": "Outer",
                                                              "Parallel Aware": true,
                                                              "Async Capable": false,
                                                              "Relation Name": "item",
                                                              "Alias": "item",
                                                              "Startup Cost": 0.0,
                                                              "Total Cost": 7495.25,
                                                              "Plan Rows": 4350,
                                                              "Plan Width": 4,
                                                              "Filter": "(i_category = 'Sports'::bpchar)",
                                                              "parent": 19,
                                                              "ID": 20
                                                            }
                                                          ],
                                                          "parent": 14,
                                                          "ID": 19,
                                                          "left": 20
                                                        }
                                                      ],
                                                      "parent": 13,
                                                      "ID": 14,
                                                      "left": 15,
                                                      "right": 19
                                                    },
                                                    {
                                                      "Node Type": "Hash",
                                                      "Parent Relationship": "Inner",
                                                      "Parallel Aware": false,
                                                      "Async Capable": false,
                                                      "Startup Cost": 21.75,
                                                      "Total Cost": 21.75,
                                                      "Plan Rows": 251,
                                                      "Plan Width": 4,
                                                      "Plans": [
                                                        {
                                                          "Node Type": "Seq Scan",
                                                          "Parent Relationship": "Outer",
                                                          "Parallel Aware": false,
                                                          "Async Capable": false,
                                                          "Relation Name": "promotion",
                                                          "Alias": "promotion",
                                                          "Startup Cost": 0.0,
                                                          "Total Cost": 21.75,
                                                          "Plan Rows": 251,
                                                          "Plan Width": 4,
                                                          "Filter": "((p_channel_dmail = 'Y'::bpchar) OR (p_channel_email = 'Y'::bpchar) OR (p_channel_tv = 'Y'::bpchar))",
                                                          "parent": 21,
                                                          "ID": 22
                                                        }
                                                      ],
                                                      "parent": 13,
                                                      "ID": 21,
                                                      "left": 22
                                                    }
                                                  ],
                                                  "parent": 12,
                                                  "ID": 13,
                                                  "left": 14,
                                                  "right": 21
                                                },
                                                {
                                                  "Node Type": "Hash",
                                                  "Parent Relationship": "Inner",
                                                  "Parallel Aware": false,
                                                  "Async Capable": false,
                                                  "Startup Cost": 6.28,
                                                  "Total Cost": 6.28,
                                                  "Plan Rows": 71,
                                                  "Plan Width": 4,
                                                  "Plans": [
                                                    {
                                                      "Node Type": "Seq Scan",
                                                      "Parent Relationship": "Outer",
                                                      "Parallel Aware": false,
                                                      "Async Capable": false,
                                                      "Relation Name": "store",
                                                      "Alias": "store",
                                                      "Startup Cost": 0.0,
                                                      "Total Cost": 6.28,
                                                      "Plan Rows": 71,
                                                      "Plan Width": 4,
                                                      "Filter": "(s_gmt_offset = '-6'::numeric)",
                                                      "parent": 23,
                                                      "ID": 24
                                                    }
                                                  ],
                                                  "parent": 12,
                                                  "ID": 23,
                                                  "left": 24
                                                }
                                              ],
                                              "parent": 11,
                                              "ID": 12,
                                              "left": 13,
                                              "right": 23
                                            }
                                          ],
                                          "parent": 9,
                                          "ID": 11,
                                          "left": 12
                                        }
                                      ],
                                      "parent": 8,
                                      "ID": 9,
                                      "left": 10,
                                      "right": 11
                                    }
                                  ],
                                  "parent": 6,
                                  "ID": 8,
                                  "left": 9
                                }
                              ],
                              "parent": 5,
                              "ID": 6,
                              "left": 7,
                              "right": 8
                            }
                          ],
                          "parent": 4,
                          "ID": 5,
                          "left": 6
                        }
                      ],
                      "parent": 3,
                      "ID": 4,
                      "left": 5
                    }
                  ],
                  "parent": 2,
                  "ID": 3,
                  "left": 4
                },
                {
                  "Node Type": "Aggregate",
                  "Strategy": "Plain",
                  "Partial Mode": "Finalize",
                  "Parent Relationship": "Inner",
                  "Parallel Aware": false,
                  "Async Capable": false,
                  "Startup Cost": 716195.13,
                  "Total Cost": 716195.14,
                  "Plan Rows": 1,
                  "Plan Width": 32,
                  "Plans": [
                    {
                      "Node Type": "Gather",
                      "Parent Relationship": "Outer",
                      "Parallel Aware": false,
                      "Async Capable": false,
                      "Startup Cost": 716194.9,
                      "Total Cost": 716195.11,
                      "Plan Rows": 2,
                      "Plan Width": 32,
                      "Workers Planned": 2,
                      "Single Copy": false,
                      "Plans": [
                        {
                          "Node Type": "Aggregate",
                          "Strategy": "Plain",
                          "Partial Mode": "Partial",
                          "Parent Relationship": "Outer",
                          "Parallel Aware": false,
                          "Async Capable": false,
                          "Startup Cost": 715194.9,
                          "Total Cost": 715194.91,
                          "Plan Rows": 1,
                          "Plan Width": 32,
                          "Plans": [
                            {
                              "Node Type": "Hash Join",
                              "Parent Relationship": "Outer",
                              "Parallel Aware": true,
                              "Async Capable": false,
                              "Join Type": "Inner",
                              "Startup Cost": 708284.85,
                              "Total Cost": 715194.56,
                              "Plan Rows": 135,
                              "Plan Width": 6,
                              "Inner Unique": false,
                              "Hash Cond": "(customer_address_1.ca_address_sk = customer_1.c_current_addr_sk)",
                              "Plans": [
                                {
                                  "Node Type": "Seq Scan",
                                  "Parent Relationship": "Outer",
                                  "Parallel Aware": true,
                                  "Async Capable": false,
                                  "Relation Name": "customer_address",
                                  "Alias": "customer_address_1",
                                  "Startup Cost": 0.0,
                                  "Total Cost": 6737.08,
                                  "Plan Rows": 45885,
                                  "Plan Width": 4,
                                  "Filter": "(ca_gmt_offset = '-6'::numeric)",
                                  "parent": 28,
                                  "ID": 29
                                },
                                {
                                  "Node Type": "Hash",
                                  "Parent Relationship": "Inner",
                                  "Parallel Aware": true,
                                  "Async Capable": false,
                                  "Startup Cost": 708281.04,
                                  "Total Cost": 708281.04,
                                  "Plan Rows": 305,
                                  "Plan Width": 10,
                                  "Plans": [
                                    {
                                      "Node Type": "Hash Join",
                                      "Parent Relationship": "Outer",
                                      "Parallel Aware": true,
                                      "Async Capable": false,
                                      "Join Type": "Inner",
                                      "Startup Cost": 691580.19,
                                      "Total Cost": 708281.04,
                                      "Plan Rows": 305,
                                      "Plan Width": 10,
                                      "Inner Unique": false,
                                      "Hash Cond": "(customer_1.c_customer_sk = store_sales_1.ss_customer_sk)",
                                      "Plans": [
                                        {
                                          "Node Type": "Seq Scan",
                                          "Parent Relationship": "Outer",
                                          "Parallel Aware": true,
                                          "Async Capable": false,
                                          "Relation Name": "customer",
                                          "Alias": "customer_1",
                                          "Startup Cost": 0.0,
                                          "Total Cost": 15918.33,
                                          "Plan Rows": 208333,
                                          "Plan Width": 8,
                                          "parent": 31,
                                          "ID": 32
                                        },
                                        {
                                          "Node Type": "Hash",
                                          "Parent Relationship": "Inner",
                                          "Parallel Aware": true,
                                          "Async Capable": false,
                                          "Startup Cost": 691576.19,
                                          "Total Cost": 691576.19,
                                          "Plan Rows": 320,
                                          "Plan Width": 10,
                                          "Plans": [
                                            {
                                              "Node Type": "Hash Join",
                                              "Parent Relationship": "Outer",
                                              "Parallel Aware": false,
                                              "Async Capable": false,
                                              "Join Type": "Inner",
                                              "Startup Cost": 9606.56,
                                              "Total Cost": 691576.19,
                                              "Plan Rows": 320,
                                              "Plan Width": 10,
                                              "Inner Unique": false,
                                              "Hash Cond": "(store_sales_1.ss_store_sk = store_1.s_store_sk)",
                                              "Plans": [
                                                {
                                                  "Node Type": "Hash Join",
                                                  "Parent Relationship": "Outer",
                                                  "Parallel Aware": true,
                                                  "Async Capable": false,
                                                  "Join Type": "Inner",
                                                  "Startup Cost": 9599.4,
                                                  "Total Cost": 691564.02,
                                                  "Plan Rows": 481,
                                                  "Plan Width": 14,
                                                  "Inner Unique": false,
                                                  "Hash Cond": "(store_sales_1.ss_item_sk = item_1.i_item_sk)",
                                                  "Plans": [
                                                    {
                                                      "Node Type": "Hash Join",
                                                      "Parent Relationship": "Outer",
                                                      "Parallel Aware": true,
                                                      "Async Capable": false,
                                                      "Join Type": "Inner",
                                                      "Startup Cost": 2049.78,
                                                      "Total Cost": 683994.75,
                                                      "Plan Rows": 4703,
                                                      "Plan Width": 18,
                                                      "Inner Unique": false,
                                                      "Hash Cond": "(store_sales_1.ss_sold_date_sk = date_dim_1.d_date_sk)",
                                                      "Plans": [
                                                        {
                                                          "Node Type": "Seq Scan",
                                                          "Parent Relationship": "Outer",
                                                          "Parallel Aware": true,
                                                          "Async Capable": false,
                                                          "Relation Name": "store_sales",
                                                          "Alias": "store_sales_1",
                                                          "Startup Cost": 0.0,
                                                          "Total Cost": 636914.37,
                                                          "Plan Rows": 12000637,
                                                          "Plan Width": 22,
                                                          "parent": 36,
                                                          "ID": 37
                                                        },
                                                        {
                                                          "Node Type": "Hash",
                                                          "Parent Relationship": "Inner",
                                                          "Parallel Aware": true,
                                                          "Async Capable": false,
                                                          "Startup Cost": 2049.55,
                                                          "Total Cost": 2049.55,
                                                          "Plan Rows": 18,
                                                          "Plan Width": 4,
                                                          "Plans": [
                                                            {
                                                              "Node Type": "Seq Scan",
                                                              "Parent Relationship": "Outer",
                                                              "Parallel Aware": true,
                                                              "Async Capable": false,
                                                              "Relation Name": "date_dim",
                                                              "Alias": "date_dim_1",
                                                              "Startup Cost": 0.0,
                                                              "Total Cost": 2049.55,
                                                              "Plan Rows": 18,
                                                              "Plan Width": 4,
                                                              "Filter": "((d_year = 1999) AND (d_moy = 12))",
                                                              "parent": 38,
                                                              "ID": 39
                                                            }
                                                          ],
                                                          "parent": 36,
                                                          "ID": 38,
                                                          "left": 39
                                                        }
                                                      ],
                                                      "parent": 35,
                                                      "ID": 36,
                                                      "left": 37,
                                                      "right": 38
                                                    },
                                                    {
                                                      "Node Type": "Hash",
                                                      "Parent Relationship": "Inner",
                                                      "Parallel Aware": true,
                                                      "Async Capable": false,
                                                      "Startup Cost": 7495.25,
                                                      "Total Cost": 7495.25,
                                                      "Plan Rows": 4350,
                                                      "Plan Width": 4,
                                                      "Plans": [
                                                        {
                                                          "Node Type": "Seq Scan",
                                                          "Parent Relationship": "Outer",
                                                          "Parallel Aware": true,
                                                          "Async Capable": false,
                                                          "Relation Name": "item",
                                                          "Alias": "item_1",
                                                          "Startup Cost": 0.0,
                                                          "Total Cost": 7495.25,
                                                          "Plan Rows": 4350,
                                                          "Plan Width": 4,
                                                          "Filter": "(i_category = 'Sports'::bpchar)",
                                                          "parent": 40,
                                                          "ID": 41
                                                        }
                                                      ],
                                                      "parent": 35,
                                                      "ID": 40,
                                                      "left": 41
                                                    }
                                                  ],
                                                  "parent": 34,
                                                  "ID": 35,
                                                  "left": 36,
                                                  "right": 40
                                                },
                                                {
                                                  "Node Type": "Hash",
                                                  "Parent Relationship": "Inner",
                                                  "Parallel Aware": false,
                                                  "Async Capable": false,
                                                  "Startup Cost": 6.28,
                                                  "Total Cost": 6.28,
                                                  "Plan Rows": 71,
                                                  "Plan Width": 4,
                                                  "Plans": [
                                                    {
                                                      "Node Type": "Seq Scan",
                                                      "Parent Relationship": "Outer",
                                                      "Parallel Aware": false,
                                                      "Async Capable": false,
                                                      "Relation Name": "store",
                                                      "Alias": "store_1",
                                                      "Startup Cost": 0.0,
                                                      "Total Cost": 6.28,
                                                      "Plan Rows": 71,
                                                      "Plan Width": 4,
                                                      "Filter": "(s_gmt_offset = '-6'::numeric)",
                                                      "parent": 42,
                                                      "ID": 43
                                                    }
                                                  ],
                                                  "parent": 34,
                                                  "ID": 42,
                                                  "left": 43
                                                }
                                              ],
                                              "parent": 33,
                                              "ID": 34,
                                              "left": 35,
                                              "right": 42
                                            }
                                          ],
                                          "parent": 31,
                                          "ID": 33,
                                          "left": 34
                                        }
                                      ],
                                      "parent": 30,
                                      "ID": 31,
                                      "left": 32,
                                      "right": 33
                                    }
                                  ],
                                  "parent": 28,
                                  "ID": 30,
                                  "left": 31
                                }
                              ],
                              "parent": 27,
                              "ID": 28,
                              "left": 29,
                              "right": 30
                            }
                          ],
                          "parent": 26,
                          "ID": 27,
                          "left": 28
                        }
                      ],
                      "parent": 25,
                      "ID": 26,
                      "left": 27
                    }
                  ],
                  "parent": 2,
                  "ID": 25,
                  "left": 26
                }
              ],
              "parent": 1,
              "ID": 2,
              "left": 3,
              "right": 25
            }
          ],
          "parent": 0,
          "ID": 1,
          "left": 2
        }
      ],
      "parent": null,
      "ID": 0,
      "left": 1
    },
    "feat": {
      "utility": 4.19285709590347e-06,
      "query_shape": [
        [
          "Seq Scan",
          "Hash Join",
          "Aggregate",
          "Gather",
          "Nested Loop",
          "Sort"
        ],
        [
          "Seq Scan",
          "Hash Join",
          "Hash",
          "Aggregate",
          "Gather",
          "Nested Loop",
          "Sort"
        ],
        [
          "Seq Scan",
          "Hash Join",
          "Hash",
          "Aggregate",
          "Gather",
          "Nested Loop",
          "Sort"
        ],
        [
          "Seq Scan",
          "Hash",
          "Hash Join",
          "Aggregate",
          "Gather",
          "Nested Loop",
          "Sort"
        ],
        [
          "Seq Scan",
          "Hash",
          "Hash Join",
          "Aggregate",
          "Gather",
          "Nested Loop",
          "Sort"
        ],
        [
          "Seq Scan",
          "Hash",
          "Hash Join",
          "Aggregate",
          "Gather",
          "Nested Loop",
          "Sort"
        ],
        [
          "Seq Scan",
          "Hash",
          "Hash Join",
          "Aggregate",
          "Gather",
          "Nested Loop",
          "Sort"
        ],
        [
          "Seq Scan",
          "Hash Join",
          "Aggregate",
          "Gather",
          "Nested Loop",
          "Sort"
        ],
        [
          "Seq Scan",
          "Hash Join",
          "Hash",
          "Aggregate",
          "Gather",
          "Nested Loop",
          "Sort"
        ],
        [
          "Seq Scan",
          "Hash Join",
          "Hash",
          "Aggregate",
          "Gather",
          "Nested Loop",
          "Sort"
        ],
        [
          "Seq Scan",
          "Hash",
          "Hash Join",
          "Aggregate",
          "Gather",
          "Nested Loop",
          "Sort"
        ],
        [
          "Seq Scan",
          "Hash",
          "Hash Join",
          "Aggregate",
          "Gather",
          "Nested Loop",
          "Sort"
        ],
        [
          "Seq Scan",
          "Hash",
          "Hash Join",
          "Aggregate",
          "Gather",
          "Nested Loop",
          "Sort"
        ]
      ],
      "index_shape": [
        "join"
      ],
      "physical_operator": {
        "Hash Join": [
          0.04364701210870959
        ]
      }
    }
  },
  {
    "query": "select  promotions,total,cast(promotions as decimal(15,4))/cast(total as decimal(15,4))*100\nfrom\n  (select sum(ss_ext_sales_price) promotions\n   from  store_sales\n        ,store\n        ,promotion\n        ,date_dim\n        ,customer\n        ,customer_address \n        ,item\n   where ss_sold_date_sk = d_date_sk\n   and   ss_store_sk = s_store_sk\n   and   ss_promo_sk = p_promo_sk\n   and   ss_customer_sk= c_customer_sk\n   and   ca_address_sk = c_current_addr_sk\n   and   ss_item_sk = i_item_sk \n   and   ca_gmt_offset = -6\n   and   i_category = 'Sports'\n   and   (p_channel_dmail = 'Y' or p_channel_email = 'Y' or p_channel_tv = 'Y')\n   and   s_gmt_offset = -6\n   and   d_year = 1999\n   and   d_moy  = 12) promotional_sales,\n  (select sum(ss_ext_sales_price) total\n   from  store_sales\n        ,store\n        ,date_dim\n        ,customer\n        ,customer_address\n        ,item\n   where ss_sold_date_sk = d_date_sk\n   and   ss_store_sk = s_store_sk\n   and   ss_customer_sk= c_customer_sk\n   and   ca_address_sk = c_current_addr_sk\n   and   ss_item_sk = i_item_sk\n   and   ca_gmt_offset = -6\n   and   i_category = 'Sports'\n   and   s_gmt_offset = -6\n   and   d_year = 1999\n   and   d_moy  = 12) all_sales\norder by promotions, total\nlimit 100;\n\n-- end query 45 in stream 1 using template query61.tpl\n",
    "indexes": "store_sales.ss_ext_sales_price",
    "wo plan est": {
      "Node Type": "Limit",
      "Parallel Aware": false,
      "Async Capable": false,
      "Startup Cost": 1432411.5,
      "Total Cost": 1432411.51,
      "Plan Rows": 1,
      "Plan Width": 96,
      "Plans": [
        {
          "Node Type": "Sort",
          "Parent Relationship": "Outer",
          "Parallel Aware": false,
          "Async Capable": false,
          "Startup Cost": 1432411.5,
          "Total Cost": 1432411.51,
          "Plan Rows": 1,
          "Plan Width": 96,
          "Sort Key": [
            "(sum(store_sales.ss_ext_sales_price))",
            "(sum(store_sales_1.ss_ext_sales_price))"
          ],
          "Plans": [
            {
              "Node Type": "Nested Loop",
              "Parent Relationship": "Outer",
              "Parallel Aware": false,
              "Async Capable": false,
              "Join Type": "Inner",
              "Startup Cost": 1432411.43,
              "Total Cost": 1432411.49,
              "Plan Rows": 1,
              "Plan Width": 96,
              "Inner Unique": false,
              "Plans": [
                {
                  "Node Type": "Aggregate",
                  "Strategy": "Plain",
                  "Partial Mode": "Finalize",
                  "Parent Relationship": "Outer",
                  "Parallel Aware": false,
                  "Async Capable": false,
                  "Startup Cost": 716216.31,
                  "Total Cost": 716216.32,
                  "Plan Rows": 1,
                  "Plan Width": 32,
                  "Plans": [
                    {
                      "Node Type": "Gather",
                      "Parent Relationship": "Outer",
                      "Parallel Aware": false,
                      "Async Capable": false,
                      "Startup Cost": 716216.08,
                      "Total Cost": 716216.29,
                      "Plan Rows": 2,
                      "Plan Width": 32,
                      "Workers Planned": 2,
                      "Single Copy": false,
                      "Plans": [
                        {
                          "Node Type": "Aggregate",
                          "Strategy": "Plain",
                          "Partial Mode": "Partial",
                          "Parent Relationship": "Outer",
                          "Parallel Aware": false,
                          "Async Capable": false,
                          "Startup Cost": 715216.08,
                          "Total Cost": 715216.09,
                          "Plan Rows": 1,
                          "Plan Width": 32,
                          "Plans": [
                            {
                              "Node Type": "Hash Join",
                              "Parent Relationship": "Outer",
                              "Parallel Aware": true,
                              "Async Capable": false,
                              "Join Type": "Inner",
                              "Startup Cost": 708306.5,
                              "Total Cost": 715215.92,
                              "Plan Rows": 65,
                              "Plan Width": 6,
                              "Inner Unique": false,
                              "Hash Cond": "(customer_address.ca_address_sk = customer.c_current_addr_sk)",
                              "Plans": [
                                {
                                  "Node Type": "Seq Scan",
                                  "Parent Relationship": "Outer",
                                  "Parallel Aware": true,
                                  "Async Capable": false,
                                  "Relation Name": "customer_address",
                                  "Alias": "customer_address",
                                  "Startup Cost": 0.0,
                                  "Total Cost": 6737.08,
                                  "Plan Rows": 45885,
                                  "Plan Width": 4,
                                  "Filter": "(ca_gmt_offset = '-6'::numeric)",
                                  "parent": 6,
                                  "ID": 7
                                },
                                {
                                  "Node Type": "Hash",
                                  "Parent Relationship": "Inner",
                                  "Parallel Aware": true,
                                  "Async Capable": false,
                                  "Startup Cost": 708304.67,
                                  "Total Cost": 708304.67,
                                  "Plan Rows": 146,
                                  "Plan Width": 10,
                                  "Plans": [
                                    {
                                      "Node Type": "Hash Join",
                                      "Parent Relationship": "Outer",
                                      "Parallel Aware": true,
                                      "Async Capable": false,
                                      "Join Type": "Inner",
                                      "Startup Cost": 691604.48,
                                      "Total Cost": 708304.67,
                                      "Plan Rows": 146,
                                      "Plan Width": 10,
                                      "Inner Unique": false,
                                      "Hash Cond": "(customer.c_customer_sk = store_sales.ss_customer_sk)",
                                      "Plans": [
                                        {
                                          "Node Type": "Seq Scan",
                                          "Parent Relationship": "Outer",
                                          "Parallel Aware": true,
                                          "Async Capable": false,
                                          "Relation Name": "customer",
                                          "Alias": "customer",
                                          "Startup Cost": 0.0,
                                          "Total Cost": 15918.33,
                                          "Plan Rows": 208333,
                                          "Plan Width": 8,
                                          "parent": 9,
                                          "ID": 10
                                        },
                                        {
                                          "Node Type": "Hash",
                                          "Parent Relationship": "Inner",
                                          "Parallel Aware": true,
                                          "Async Capable": false,
                                          "Startup Cost": 691602.57,
                                          "Total Cost": 691602.57,
                                          "Plan Rows": 153,
                                          "Plan Width": 10,
                                          "Plans": [
                                            {
                                              "Node Type": "Hash Join",
                                              "Parent Relationship": "Outer",
                                              "Parallel Aware": false,
                                              "Async Capable": false,
                                              "Join Type": "Inner",
                                              "Startup Cost": 9631.45,
                                              "Total Cost": 691602.57,
                                              "Plan Rows": 153,
                                              "Plan Width": 10,
                                              "Inner Unique": false,
                                              "Hash Cond": "(store_sales.ss_store_sk = store.s_store_sk)",
                                              "Plans": [
                                                {
                                                  "Node Type": "Hash Join",
                                                  "Parent Relationship": "Outer",
                                                  "Parallel Aware": false,
                                                  "Async Capable": false,
                                                  "Join Type": "Inner",
                                                  "Startup Cost": 9624.29,
                                                  "Total Cost": 691593.01,
                                                  "Plan Rows": 230,
                                                  "Plan Width": 14,
                                                  "Inner Unique": false,
                                                  "Hash Cond": "(store_sales.ss_promo_sk = promotion.p_promo_sk)",
                                                  "Plans": [
                                                    {
                                                      "Node Type": "Hash Join",
                                                      "Parent Relationship": "Outer",
                                                      "Parallel Aware": true,
                                                      "Async Capable": false,
                                                      "Join Type": "Inner",
                                                      "Startup Cost": 9599.4,
                                                      "Total Cost": 691564.02,
                                                      "Plan Rows": 481,
                                                      "Plan Width": 18,
                                                      "Inner Unique": false,
                                                      "Hash Cond": "(store_sales.ss_item_sk = item.i_item_sk)",
                                                      "Plans": [
                                                        {
                                                          "Node Type": "Hash Join",
                                                          "Parent Relationship": "Outer",
                                                          "Parallel Aware": true,
                                                          "Async Capable": false,
                                                          "Join Type": "Inner",
                                                          "Startup Cost": 2049.78,
                                                          "Total Cost": 683994.75,
                                                          "Plan Rows": 4703,
                                                          "Plan Width": 22,
                                                          "Inner Unique": false,
                                                          "Hash Cond": "(store_sales.ss_sold_date_sk = date_dim.d_date_sk)",
                                                          "Plans": [
                                                            {
                                                              "Node Type": "Seq Scan",
                                                              "Parent Relationship": "Outer",
                                                              "Parallel Aware": true,
                                                              "Async Capable": false,
                                                              "Relation Name": "store_sales",
                                                              "Alias": "store_sales",
                                                              "Startup Cost": 0.0,
                                                              "Total Cost": 636914.37,
                                                              "Plan Rows": 12000637,
                                                              "Plan Width": 26,
                                                              "parent": 15,
                                                              "ID": 16
                                                            },
                                                            {
                                                              "Node Type": "Hash",
                                                              "Parent Relationship": "Inner",
                                                              "Parallel Aware": true,
                                                              "Async Capable": false,
                                                              "Startup Cost": 2049.55,
                                                              "Total Cost": 2049.55,
                                                              "Plan Rows": 18,
                                                              "Plan Width": 4,
                                                              "Plans": [
                                                                {
                                                                  "Node Type": "Seq Scan",
                                                                  "Parent Relationship": "Outer",
                                                                  "Parallel Aware": true,
                                                                  "Async Capable": false,
                                                                  "Relation Name": "date_dim",
                                                                  "Alias": "date_dim",
                                                                  "Startup Cost": 0.0,
                                                                  "Total Cost": 2049.55,
                                                                  "Plan Rows": 18,
                                                                  "Plan Width": 4,
                                                                  "Filter": "((d_year = 1999) AND (d_moy = 12))",
                                                                  "parent": 17,
                                                                  "ID": 18
                                                                }
                                                              ],
                                                              "parent": 15,
                                                              "ID": 17,
                                                              "left": 18
                                                            }
                                                          ],
                                                          "parent": 14,
                                                          "ID": 15,
                                                          "left": 16,
                                                          "right": 17
                                                        },
                                                        {
                                                          "Node Type": "Hash",
                                                          "Parent Relationship": "Inner",
                                                          "Parallel Aware": true,
                                                          "Async Capable": false,
                                                          "Startup Cost": 7495.25,
                                                          "Total Cost": 7495.25,
                                                          "Plan Rows": 4350,
                                                          "Plan Width": 4,
                                                          "Plans": [
                                                            {
                                                              "Node Type": "Seq Scan",
                                                              "Parent Relationship": "Outer",
                                                              "Parallel Aware": true,
                                                              "Async Capable": false,
                                                              "Relation Name": "item",
                                                              "Alias": "item",
                                                              "Startup Cost": 0.0,
                                                              "Total Cost": 7495.25,
                                                              "Plan Rows": 4350,
                                                              "Plan Width": 4,
                                                              "Filter": "(i_category = 'Sports'::bpchar)",
                                                              "parent": 19,
                                                              "ID": 20
                                                            }
                                                          ],
                                                          "parent": 14,
                                                          "ID": 19,
                                                          "left": 20
                                                        }
                                                      ],
                                                      "parent": 13,
                                                      "ID": 14,
                                                      "left": 15,
                                                      "right": 19
                                                    },
                                                    {
                                                      "Node Type": "Hash",
                                                      "Parent Relationship": "Inner",
                                                      "Parallel Aware": false,
                                                      "Async Capable": false,
                                                      "Startup Cost": 21.75,
                                                      "Total Cost": 21.75,
                                                      "Plan Rows": 251,
                                                      "Plan Width": 4,
                                                      "Plans": [
                                                        {
                                                          "Node Type": "Seq Scan",
                                                          "Parent Relationship": "Outer",
                                                          "Parallel Aware": false,
                                                          "Async Capable": false,
                                                          "Relation Name": "promotion",
                                                          "Alias": "promotion",
                                                          "Startup Cost": 0.0,
                                                          "Total Cost": 21.75,
                                                          "Plan Rows": 251,
                                                          "Plan Width": 4,
                                                          "Filter": "((p_channel_dmail = 'Y'::bpchar) OR (p_channel_email = 'Y'::bpchar) OR (p_channel_tv = 'Y'::bpchar))",
                                                          "parent": 21,
                                                          "ID": 22
                                                        }
                                                      ],
                                                      "parent": 13,
                                                      "ID": 21,
                                                      "left": 22
                                                    }
                                                  ],
                                                  "parent": 12,
                                                  "ID": 13,
                                                  "left": 14,
                                                  "right": 21
                                                },
                                                {
                                                  "Node Type": "Hash",
                                                  "Parent Relationship": "Inner",
                                                  "Parallel Aware": false,
                                                  "Async Capable": false,
                                                  "Startup Cost": 6.28,
                                                  "Total Cost": 6.28,
                                                  "Plan Rows": 71,
                                                  "Plan Width": 4,
                                                  "Plans": [
                                                    {
                                                      "Node Type": "Seq Scan",
                                                      "Parent Relationship": "Outer",
                                                      "Parallel Aware": false,
                                                      "Async Capable": false,
                                                      "Relation Name": "store",
                                                      "Alias": "store",
                                                      "Startup Cost": 0.0,
                                                      "Total Cost": 6.28,
                                                      "Plan Rows": 71,
                                                      "Plan Width": 4,
                                                      "Filter": "(s_gmt_offset = '-6'::numeric)",
                                                      "parent": 23,
                                                      "ID": 24
                                                    }
                                                  ],
                                                  "parent": 12,
                                                  "ID": 23,
                                                  "left": 24
                                                }
                                              ],
                                              "parent": 11,
                                              "ID": 12,
                                              "left": 13,
                                              "right": 23
                                            }
                                          ],
                                          "parent": 9,
                                          "ID": 11,
                                          "left": 12
                                        }
                                      ],
                                      "parent": 8,
                                      "ID": 9,
                                      "left": 10,
                                      "right": 11
                                    }
                                  ],
                                  "parent": 6,
                                  "ID": 8,
                                  "left": 9
                                }
                              ],
                              "parent": 5,
                              "ID": 6,
                              "left": 7,
                              "right": 8
                            }
                          ],
                          "parent": 4,
                          "ID": 5,
                          "left": 6
                        }
                      ],
                      "parent": 3,
                      "ID": 4,
                      "left": 5
                    }
                  ],
                  "parent": 2,
                  "ID": 3,
                  "left": 4
                },
                {
                  "Node Type": "Aggregate",
                  "Strategy": "Plain",
                  "Partial Mode": "Finalize",
                  "Parent Relationship": "Inner",
                  "Parallel Aware": false,
                  "Async Capable": false,
                  "Startup Cost": 716195.13,
                  "Total Cost": 716195.14,
                  "Plan Rows": 1,
                  "Plan Width": 32,
                  "Plans": [
                    {
                      "Node Type": "Gather",
                      "Parent Relationship": "Outer",
                      "Parallel Aware": false,
                      "Async Capable": false,
                      "Startup Cost": 716194.9,
                      "Total Cost": 716195.11,
                      "Plan Rows": 2,
                      "Plan Width": 32,
                      "Workers Planned": 2,
                      "Single Copy": false,
                      "Plans": [
                        {
                          "Node Type": "Aggregate",
                          "Strategy": "Plain",
                          "Partial Mode": "Partial",
                          "Parent Relationship": "Outer",
                          "Parallel Aware": false,
                          "Async Capable": false,
                          "Startup Cost": 715194.9,
                          "Total Cost": 715194.91,
                          "Plan Rows": 1,
                          "Plan Width": 32,
                          "Plans": [
                            {
                              "Node Type": "Hash Join",
                              "Parent Relationship": "Outer",
                              "Parallel Aware": true,
                              "Async Capable": false,
                              "Join Type": "Inner",
                              "Startup Cost": 708284.85,
                              "Total Cost": 715194.56,
                              "Plan Rows": 135,
                              "Plan Width": 6,
                              "Inner Unique": false,
                              "Hash Cond": "(customer_address_1.ca_address_sk = customer_1.c_current_addr_sk)",
                              "Plans": [
                                {
                                  "Node Type": "Seq Scan",
                                  "Parent Relationship": "Outer",
                                  "Parallel Aware": true,
                                  "Async Capable": false,
                                  "Relation Name": "customer_address",
                                  "Alias": "customer_address_1",
                                  "Startup Cost": 0.0,
                                  "Total Cost": 6737.08,
                                  "Plan Rows": 45885,
                                  "Plan Width": 4,
                                  "Filter": "(ca_gmt_offset = '-6'::numeric)",
                                  "parent": 28,
                                  "ID": 29
                                },
                                {
                                  "Node Type": "Hash",
                                  "Parent Relationship": "Inner",
                                  "Parallel Aware": true,
                                  "Async Capable": false,
                                  "Startup Cost": 708281.04,
                                  "Total Cost": 708281.04,
                                  "Plan Rows": 305,
                                  "Plan Width": 10,
                                  "Plans": [
                                    {
                                      "Node Type": "Hash Join",
                                      "Parent Relationship": "Outer",
                                      "Parallel Aware": true,
                                      "Async Capable": false,
                                      "Join Type": "Inner",
                                      "Startup Cost": 691580.19,
                                      "Total Cost": 708281.04,
                                      "Plan Rows": 305,
                                      "Plan Width": 10,
                                      "Inner Unique": false,
                                      "Hash Cond": "(customer_1.c_customer_sk = store_sales_1.ss_customer_sk)",
                                      "Plans": [
                                        {
                                          "Node Type": "Seq Scan",
                                          "Parent Relationship": "Outer",
                                          "Parallel Aware": true,
                                          "Async Capable": false,
                                          "Relation Name": "customer",
                                          "Alias": "customer_1",
                                          "Startup Cost": 0.0,
                                          "Total Cost": 15918.33,
                                          "Plan Rows": 208333,
                                          "Plan Width": 8,
                                          "parent": 31,
                                          "ID": 32
                                        },
                                        {
                                          "Node Type": "Hash",
                                          "Parent Relationship": "Inner",
                                          "Parallel Aware": true,
                                          "Async Capable": false,
                                          "Startup Cost": 691576.19,
                                          "Total Cost": 691576.19,
                                          "Plan Rows": 320,
                                          "Plan Width": 10,
                                          "Plans": [
                                            {
                                              "Node Type": "Hash Join",
                                              "Parent Relationship": "Outer",
                                              "Parallel Aware": false,
                                              "Async Capable": false,
                                              "Join Type": "Inner",
                                              "Startup Cost": 9606.56,
                                              "Total Cost": 691576.19,
                                              "Plan Rows": 320,
                                              "Plan Width": 10,
                                              "Inner Unique": false,
                                              "Hash Cond": "(store_sales_1.ss_store_sk = store_1.s_store_sk)",
                                              "Plans": [
                                                {
                                                  "Node Type": "Hash Join",
                                                  "Parent Relationship": "Outer",
                                                  "Parallel Aware": true,
                                                  "Async Capable": false,
                                                  "Join Type": "Inner",
                                                  "Startup Cost": 9599.4,
                                                  "Total Cost": 691564.02,
                                                  "Plan Rows": 481,
                                                  "Plan Width": 14,
                                                  "Inner Unique": false,
                                                  "Hash Cond": "(store_sales_1.ss_item_sk = item_1.i_item_sk)",
                                                  "Plans": [
                                                    {
                                                      "Node Type": "Hash Join",
                                                      "Parent Relationship": "Outer",
                                                      "Parallel Aware": true,
                                                      "Async Capable": false,
                                                      "Join Type": "Inner",
                                                      "Startup Cost": 2049.78,
                                                      "Total Cost": 683994.75,
                                                      "Plan Rows": 4703,
                                                      "Plan Width": 18,
                                                      "Inner Unique": false,
                                                      "Hash Cond": "(store_sales_1.ss_sold_date_sk = date_dim_1.d_date_sk)",
                                                      "Plans": [
                                                        {
                                                          "Node Type": "Seq Scan",
                                                          "Parent Relationship": "Outer",
                                                          "Parallel Aware": true,
                                                          "Async Capable": false,
                                                          "Relation Name": "store_sales",
                                                          "Alias": "store_sales_1",
                                                          "Startup Cost": 0.0,
                                                          "Total Cost": 636914.37,
                                                          "Plan Rows": 12000637,
                                                          "Plan Width": 22,
                                                          "parent": 36,
                                                          "ID": 37
                                                        },
                                                        {
                                                          "Node Type": "Hash",
                                                          "Parent Relationship": "Inner",
                                                          "Parallel Aware": true,
                                                          "Async Capable": false,
                                                          "Startup Cost": 2049.55,
                                                          "Total Cost": 2049.55,
                                                          "Plan Rows": 18,
                                                          "Plan Width": 4,
                                                          "Plans": [
                                                            {
                                                              "Node Type": "Seq Scan",
                                                              "Parent Relationship": "Outer",
                                                              "Parallel Aware": true,
                                                              "Async Capable": false,
                                                              "Relation Name": "date_dim",
                                                              "Alias": "date_dim_1",
                                                              "Startup Cost": 0.0,
                                                              "Total Cost": 2049.55,
                                                              "Plan Rows": 18,
                                                              "Plan Width": 4,
                                                              "Filter": "((d_year = 1999) AND (d_moy = 12))",
                                                              "parent": 38,
                                                              "ID": 39
                                                            }
                                                          ],
                                                          "parent": 36,
                                                          "ID": 38,
                                                          "left": 39
                                                        }
                                                      ],
                                                      "parent": 35,
                                                      "ID": 36,
                                                      "left": 37,
                                                      "right": 38
                                                    },
                                                    {
                                                      "Node Type": "Hash",
                                                      "Parent Relationship": "Inner",
                                                      "Parallel Aware": true,
                                                      "Async Capable": false,
                                                      "Startup Cost": 7495.25,
                                                      "Total Cost": 7495.25,
                                                      "Plan Rows": 4350,
                                                      "Plan Width": 4,
                                                      "Plans": [
                                                        {
                                                          "Node Type": "Seq Scan",
                                                          "Parent Relationship": "Outer",
                                                          "Parallel Aware": true,
                                                          "Async Capable": false,
                                                          "Relation Name": "item",
                                                          "Alias": "item_1",
                                                          "Startup Cost": 0.0,
                                                          "Total Cost": 7495.25,
                                                          "Plan Rows": 4350,
                                                          "Plan Width": 4,
                                                          "Filter": "(i_category = 'Sports'::bpchar)",
                                                          "parent": 40,
                                                          "ID": 41
                                                        }
                                                      ],
                                                      "parent": 35,
                                                      "ID": 40,
                                                      "left": 41
                                                    }
                                                  ],
                                                  "parent": 34,
                                                  "ID": 35,
                                                  "left": 36,
                                                  "right": 40
                                                },
                                                {
                                                  "Node Type": "Hash",
                                                  "Parent Relationship": "Inner",
                                                  "Parallel Aware": false,
                                                  "Async Capable": false,
                                                  "Startup Cost": 6.28,
                                                  "Total Cost": 6.28,
                                                  "Plan Rows": 71,
                                                  "Plan Width": 4,
                                                  "Plans": [
                                                    {
                                                      "Node Type": "Seq Scan",
                                                      "Parent Relationship": "Outer",
                                                      "Parallel Aware": false,
                                                      "Async Capable": false,
                                                      "Relation Name": "store",
                                                      "Alias": "store_1",
                                                      "Startup Cost": 0.0,
                                                      "Total Cost": 6.28,
                                                      "Plan Rows": 71,
                                                      "Plan Width": 4,
                                                      "Filter": "(s_gmt_offset = '-6'::numeric)",
                                                      "parent": 42,
                                                      "ID": 43
                                                    }
                                                  ],
                                                  "parent": 34,
                                                  "ID": 42,
                                                  "left": 43
                                                }
                                              ],
                                              "parent": 33,
                                              "ID": 34,
                                              "left": 35,
                                              "right": 42
                                            }
                                          ],
                                          "parent": 31,
                                          "ID": 33,
                                          "left": 34
                                        }
                                      ],
                                      "parent": 30,
                                      "ID": 31,
                                      "left": 32,
                                      "right": 33
                                    }
                                  ],
                                  "parent": 28,
                                  "ID": 30,
                                  "left": 31
                                }
                              ],
                              "parent": 27,
                              "ID": 28,
                              "left": 29,
                              "right": 30
                            }
                          ],
                          "parent": 26,
                          "ID": 27,
                          "left": 28
                        }
                      ],
                      "parent": 25,
                      "ID": 26,
                      "left": 27
                    }
                  ],
                  "parent": 2,
                  "ID": 25,
                  "left": 26
                }
              ],
              "parent": 1,
              "ID": 2,
              "left": 3,
              "right": 25
            }
          ],
          "parent": 0,
          "ID": 1,
          "left": 2
        }
      ],
      "parent": null,
      "ID": 0,
      "left": 1
    },
    "feat": {
      "utility": 0.0,
      "query_shape": [
        [
          "Seq Scan",
          "Hash Join",
          "Aggregate",
          "Gather",
          "Nested Loop",
          "Sort"
        ],
        [
          "Seq Scan",
          "Hash Join",
          "Hash",
          "Aggregate",
          "Gather",
          "Nested Loop",
          "Sort"
        ],
        [
          "Seq Scan",
          "Hash Join",
          "Hash",
          "Aggregate",
          "Gather",
          "Nested Loop",
          "Sort"
        ],
        [
          "Seq Scan",
          "Hash",
          "Hash Join",
          "Aggregate",
          "Gather",
          "Nested Loop",
          "Sort"
        ],
        [
          "Seq Scan",
          "Hash",
          "Hash Join",
          "Aggregate",
          "Gather",
          "Nested Loop",
          "Sort"
        ],
        [
          "Seq Scan",
          "Hash",
          "Hash Join",
          "Aggregate",
          "Gather",
          "Nested Loop",
          "Sort"
        ],
        [
          "Seq Scan",
          "Hash",
          "Hash Join",
          "Aggregate",
          "Gather",
          "Nested Loop",
          "Sort"
        ],
        [
          "Seq Scan",
          "Hash Join",
          "Aggregate",
          "Gather",
          "Nested Loop",
          "Sort"
        ],
        [
          "Seq Scan",
          "Hash Join",
          "Hash",
          "Aggregate",
          "Gather",
          "Nested Loop",
          "Sort"
        ],
        [
          "Seq Scan",
          "Hash Join",
          "Hash",
          "Aggregate",
          "Gather",
          "Nested Loop",
          "Sort"
        ],
        [
          "Seq Scan",
          "Hash",
          "Hash Join",
          "Aggregate",
          "Gather",
          "Nested Loop",
          "Sort"
        ],
        [
          "Seq Scan",
          "Hash",
          "Hash Join",
          "Aggregate",
          "Gather",
          "Nested Loop",
          "Sort"
        ],
        [
          "Seq Scan",
          "Hash",
          "Hash Join",
          "Aggregate",
          "Gather",
          "Nested Loop",
          "Sort"
        ]
      ],
      "index_shape": [
        "order-by"
      ],
      "physical_operator": {
        "Sort": [
          "[0.0000000e+00 8.4400000e+00 2.4240000e+01 4.1420000e+01 6.0240000e+01\n 8.0840000e+01 1.0340000e+02 1.2826000e+02 1.5540000e+02 1.8480000e+02\n 2.1648000e+02 2.5050000e+02 2.8692000e+02 3.2589000e+02 3.6750000e+02\n 4.1178000e+02 4.5907000e+02 5.0928000e+02 5.6253000e+02 6.1920000e+02\n 6.7925000e+02 7.4292000e+02 8.1069000e+02 8.8260000e+02 9.5897000e+02\n 1.0400000e+03 1.1262500e+03 1.2175800e+03 1.3154400e+03 1.4196000e+03\n 1.5306600e+03 1.6495800e+03 1.7771100e+03 1.9142200e+03 2.0608500e+03\n 2.2194200e+03 2.3910800e+03 2.5773300e+03 2.7802400e+03 3.0025600e+03\n 3.2476800e+03 3.5208900e+03 3.8278800e+03 4.1760500e+03 4.5770000e+03\n 5.0488000e+03 5.6174592e+03 6.3379500e+03 7.3200000e+03 8.8974900e+03\n 1.9562400e+04]"
        ]
      }
    }
  }
]