[
  {
    "query": "select  ca_zip, ca_city, sum(ws_sales_price)\n from web_sales, customer, customer_address, date_dim, item\n where ws_bill_customer_sk = c_customer_sk\n \tand c_current_addr_sk = ca_address_sk \n \tand ws_item_sk = i_item_sk \n \tand ( substr(ca_zip,1,5) in ('85669', '86197','88274','83405','86475', '85392', '85460', '80348', '81792')\n \t      or \n \t      i_item_id in (select i_item_id\n                             from item\n                             where i_item_sk in (2, 3, 5, 7, 11, 13, 17, 19, 23, 29)\n                             )\n \t    )\n \tand ws_sold_date_sk = d_date_sk\n \tand d_qoy = 2 and d_year = 2000\n group by ca_zip, ca_city\n order by ca_zip, ca_city\n limit 100;\n\n-- end query 30 in stream 1 using template query45.tpl\n",
    "indexes": "customer.c_customer_sk",
    "wo plan est": {
      "Node Type": "Limit",
      "Parallel Aware": false,
      "Async Capable": false,
      "Startup Cost": 271978.6,
      "Total Cost": 271991.24,
      "Plan Rows": 100,
      "Plan Width": 52,
      "Plans": [
        {
          "Node Type": "Aggregate",
          "Strategy": "Sorted",
          "Partial Mode": "Finalize",
          "Parent Relationship": "Outer",
          "Parallel Aware": false,
          "Async Capable": false,
          "Startup Cost": 271978.6,
          "Total Cost": 272570.44,
          "Plan Rows": 4683,
          "Plan Width": 52,
          "Group Key": [
            "customer_address.ca_zip",
            "customer_address.ca_city"
          ],
          "Plans": [
            {
              "Node Type": "Gather Merge",
              "Parent Relationship": "Outer",
              "Parallel Aware": false,
              "Async Capable": false,
              "Startup Cost": 271978.6,
              "Total Cost": 272472.89,
              "Plan Rows": 3902,
              "Plan Width": 52,
              "Workers Planned": 2,
              "Plans": [
                {
                  "Node Type": "Aggregate",
                  "Strategy": "Sorted",
                  "Partial Mode": "Partial",
                  "Parent Relationship": "Outer",
                  "Parallel Aware": false,
                  "Async Capable": false,
                  "Startup Cost": 270978.58,
                  "Total Cost": 271022.48,
                  "Plan Rows": 1951,
                  "Plan Width": 52,
                  "Group Key": [
                    "customer_address.ca_zip",
                    "customer_address.ca_city"
                  ],
                  "Plans": [
                    {
                      "Node Type": "Sort",
                      "Parent Relationship": "Outer",
                      "Parallel Aware": false,
                      "Async Capable": false,
                      "Startup Cost": 270978.58,
                      "Total Cost": 270983.46,
                      "Plan Rows": 1951,
                      "Plan Width": 26,
                      "Sort Key": [
                        "customer_address.ca_zip",
                        "customer_address.ca_city"
                      ],
                      "Plans": [
                        {
                          "Node Type": "Hash Join",
                          "Parent Relationship": "Outer",
                          "Parallel Aware": true,
                          "Async Capable": false,
                          "Join Type": "Inner",
                          "Startup Cost": 263288.57,
                          "Total Cost": 270871.96,
                          "Plan Rows": 1951,
                          "Plan Width": 26,
                          "Inner Unique": false,
                          "Hash Cond": "(item.i_item_sk = web_sales.ws_item_sk)",
                          "Join Filter": "((substr((customer_address.ca_zip)::text, 1, 5) = ANY ('{85669,86197,88274,83405,86475,85392,85460,80348,81792}'::text[])) OR (hashed SubPlan 1))",
                          "Plans": [
                            {
                              "Node Type": "Seq Scan",
                              "Parent Relationship": "Outer",
                              "Parallel Aware": true,
                              "Async Capable": false,
                              "Relation Name": "item",
                              "Alias": "item",
                              "Startup Cost": 0.0,
                              "Total Cost": 7389.0,
                              "Plan Rows": 42500,
                              "Plan Width": 21,
                              "parent": 5,
                              "ID": 6
                            },
                            {
                              "Node Type": "Hash",
                              "Parent Relationship": "Inner",
                              "Parallel Aware": true,
                              "Async Capable": false,
                              "Startup Cost": 254747.81,
                              "Total Cost": 254747.81,
                              "Plan Rows": 3735,
                              "Plan Width": 30,
                              "Plans": [
                                {
                                  "Node Type": "Hash Join",
                                  "Parent Relationship": "Outer",
                                  "Parallel Aware": true,
                                  "Async Capable": false,
                                  "Join Type": "Inner",
                                  "Startup Cost": 247864.96,
                                  "Total Cost": 254747.81,
                                  "Plan Rows": 3735,
                                  "Plan Width": 30,
                                  "Inner Unique": false,
                                  "Hash Cond": "(customer_address.ca_address_sk = customer.c_current_addr_sk)",
                                  "Plans": [
                                    {
                                      "Node Type": "Seq Scan",
                                      "Parent Relationship": "Outer",
                                      "Parallel Aware": true,
                                      "Async Capable": false,
                                      "Relation Name": "customer_address",
                                      "Alias": "customer_address",
                                      "Startup Cost": 0.0,
                                      "Total Cost": 6476.67,
                                      "Plan Rows": 104167,
                                      "Plan Width": 24,
                                      "parent": 8,
                                      "ID": 9
                                    },
                                    {
                                      "Node Type": "Hash",
                                      "Parent Relationship": "Inner",
                                      "Parallel Aware": true,
                                      "Async Capable": false,
                                      "Startup Cost": 247818.27,
                                      "Total Cost": 247818.27,
                                      "Plan Rows": 3735,
                                      "Plan Width": 14,
                                      "Plans": [
                                        {
                                          "Node Type": "Hash Join",
                                          "Parent Relationship": "Outer",
                                          "Parallel Aware": true,
                                          "Async Capable": false,
                                          "Join Type": "Inner",
                                          "Startup Cost": 231103.13,
                                          "Total Cost": 247818.27,
                                          "Plan Rows": 3735,
                                          "Plan Width": 14,
                                          "Inner Unique": false,
                                          "Hash Cond": "(customer.c_customer_sk = web_sales.ws_bill_customer_sk)",
                                          "Plans": [
                                            {
                                              "Node Type": "Seq Scan",
                                              "Parent Relationship": "Outer",
                                              "Parallel Aware": true,
                                              "Async Capable": false,
                                              "Relation Name": "customer",
                                              "Alias": "customer",
                                              "Startup Cost": 0.0,
                                              "Total Cost": 15918.33,
                                              "Plan Rows": 208333,
                                              "Plan Width": 8,
                                              "parent": 11,
                                              "ID": 12
                                            },
                                            {
                                              "Node Type": "Hash",
                                              "Parent Relationship": "Inner",
                                              "Parallel Aware": true,
                                              "Async Capable": false,
                                              "Startup Cost": 231056.44,
                                              "Total Cost": 231056.44,
                                              "Plan Rows": 3735,
                                              "Plan Width": 14,
                                              "Plans": [
                                                {
                                                  "Node Type": "Hash Join",
                                                  "Parent Relationship": "Outer",
                                                  "Parallel Aware": true,
                                                  "Async Capable": false,
                                                  "Join Type": "Inner",
                                                  "Startup Cost": 2050.23,
                                                  "Total Cost": 231056.44,
                                                  "Plan Rows": 3735,
                                                  "Plan Width": 14,
                                                  "Inner Unique": false,
                                                  "Hash Cond": "(web_sales.ws_sold_date_sk = date_dim.d_date_sk)",
                                                  "Plans": [
                                                    {
                                                      "Node Type": "Seq Scan",
                                                      "Parent Relationship": "Outer",
                                                      "Parallel Aware": true,
                                                      "Async Capable": false,
                                                      "Relation Name": "web_sales",
                                                      "Alias": "web_sales",
                                                      "Startup Cost": 0.0,
                                                      "Total Cost": 217737.86,
                                                      "Plan Rows": 2998986,
                                                      "Plan Width": 18,
                                                      "parent": 14,
                                                      "ID": 15
                                                    },
                                                    {
                                                      "Node Type": "Hash",
                                                      "Parent Relationship": "Inner",
                                                      "Parallel Aware": true,
                                                      "Async Capable": false,
                                                      "Startup Cost": 2049.55,
                                                      "Total Cost": 2049.55,
                                                      "Plan Rows": 54,
                                                      "Plan Width": 4,
                                                      "Plans": [
                                                        {
                                                          "Node Type": "Seq Scan",
                                                          "Parent Relationship": "Outer",
                                                          "Parallel Aware": true,
                                                          "Async Capable": false,
                                                          "Relation Name": "date_dim",
                                                          "Alias": "date_dim",
                                                          "Startup Cost": 0.0,
                                                          "Total Cost": 2049.55,
                                                          "Plan Rows": 54,
                                                          "Plan Width": 4,
                                                          "Filter": "((d_qoy = 2) AND (d_year = 2000))",
                                                          "parent": 16,
                                                          "ID": 17
                                                        }
                                                      ],
                                                      "parent": 14,
                                                      "ID": 16,
                                                      "left": 17
                                                    }
                                                  ],
                                                  "parent": 13,
                                                  "ID": 14,
                                                  "left": 15,
                                                  "right": 16
                                                }
                                              ],
                                              "parent": 11,
                                              "ID": 13,
                                              "left": 14
                                            }
                                          ],
                                          "parent": 10,
                                          "ID": 11,
                                          "left": 12,
                                          "right": 13
                                        }
                                      ],
                                      "parent": 8,
                                      "ID": 10,
                                      "left": 11
                                    }
                                  ],
                                  "parent": 7,
                                  "ID": 8,
                                  "left": 9,
                                  "right": 10
                                }
                              ],
                              "parent": 5,
                              "ID": 7,
                              "left": 8
                            },
                            {
                              "Node Type": "Seq Scan",
                              "Parent Relationship": "SubPlan",
                              "Subplan Name": "SubPlan 1",
                              "Parallel Aware": false,
                              "Async Capable": false,
                              "Relation Name": "item",
                              "Alias": "item_1",
                              "Startup Cost": 0.03,
                              "Total Cost": 8494.02,
                              "Plan Rows": 10,
                              "Plan Width": 17,
                              "Filter": "(i_item_sk = ANY ('{2,3,5,7,11,13,17,19,23,29}'::integer[]))",
                              "parent": 5,
                              "ID": 18
                            }
                          ],
                          "parent": 4,
                          "ID": 5,
                          "left": 6,
                          "right": 7
                        }
                      ],
                      "parent": 3,
                      "ID": 4,
                      "left": 5
                    }
                  ],
                  "parent": 2,
                  "ID": 3,
                  "left": 4
                }
              ],
              "parent": 1,
              "ID": 2,
              "left": 3
            }
          ],
          "parent": 0,
          "ID": 1,
          "left": 2
        }
      ],
      "parent": null,
      "ID": 0,
      "left": 1
    },
    "feat": {
      "utility": 0.031160601053478086,
      "query_shape": [
        [
          "Seq Scan",
          "Hash Join",
          "Sort",
          "Aggregate",
          "Gather Merge"
        ],
        [
          "Seq Scan",
          "Hash Join",
          "Hash",
          "Sort",
          "Aggregate",
          "Gather Merge"
        ],
        [
          "Seq Scan",
          "Hash Join",
          "Hash",
          "Sort",
          "Aggregate",
          "Gather Merge"
        ],
        [
          "Seq Scan",
          "Hash Join",
          "Hash",
          "Sort",
          "Aggregate",
          "Gather Merge"
        ],
        [
          "Seq Scan",
          "Hash",
          "Hash Join",
          "Sort",
          "Aggregate",
          "Gather Merge"
        ],
        [
          "Seq Scan",
          "Hash Join",
          "Sort",
          "Aggregate",
          "Gather Merge"
        ]
      ],
      "index_shape": [
        "join"
      ],
      "physical_operator": {
        "Hash Join": [
          0.0021908919827349515
        ]
      }
    }
  },
  {
    "query": "select  ca_zip, ca_city, sum(ws_sales_price)\n from web_sales, customer, customer_address, date_dim, item\n where ws_bill_customer_sk = c_customer_sk\n \tand c_current_addr_sk = ca_address_sk \n \tand ws_item_sk = i_item_sk \n \tand ( substr(ca_zip,1,5) in ('85669', '86197','88274','83405','86475', '85392', '85460', '80348', '81792')\n \t      or \n \t      i_item_id in (select i_item_id\n                             from item\n                             where i_item_sk in (2, 3, 5, 7, 11, 13, 17, 19, 23, 29)\n                             )\n \t    )\n \tand ws_sold_date_sk = d_date_sk\n \tand d_qoy = 2 and d_year = 2000\n group by ca_zip, ca_city\n order by ca_zip, ca_city\n limit 100;\n\n-- end query 30 in stream 1 using template query45.tpl\n",
    "indexes": "customer.c_current_addr_sk",
    "wo plan est": {
      "Node Type": "Limit",
      "Parallel Aware": false,
      "Async Capable": false,
      "Startup Cost": 271978.6,
      "Total Cost": 271991.24,
      "Plan Rows": 100,
      "Plan Width": 52,
      "Plans": [
        {
          "Node Type": "Aggregate",
          "Strategy": "Sorted",
          "Partial Mode": "Finalize",
          "Parent Relationship": "Outer",
          "Parallel Aware": false,
          "Async Capable": false,
          "Startup Cost": 271978.6,
          "Total Cost": 272570.44,
          "Plan Rows": 4683,
          "Plan Width": 52,
          "Group Key": [
            "customer_address.ca_zip",
            "customer_address.ca_city"
          ],
          "Plans": [
            {
              "Node Type": "Gather Merge",
              "Parent Relationship": "Outer",
              "Parallel Aware": false,
              "Async Capable": false,
              "Startup Cost": 271978.6,
              "Total Cost": 272472.89,
              "Plan Rows": 3902,
              "Plan Width": 52,
              "Workers Planned": 2,
              "Plans": [
                {
                  "Node Type": "Aggregate",
                  "Strategy": "Sorted",
                  "Partial Mode": "Partial",
                  "Parent Relationship": "Outer",
                  "Parallel Aware": false,
                  "Async Capable": false,
                  "Startup Cost": 270978.58,
                  "Total Cost": 271022.48,
                  "Plan Rows": 1951,
                  "Plan Width": 52,
                  "Group Key": [
                    "customer_address.ca_zip",
                    "customer_address.ca_city"
                  ],
                  "Plans": [
                    {
                      "Node Type": "Sort",
                      "Parent Relationship": "Outer",
                      "Parallel Aware": false,
                      "Async Capable": false,
                      "Startup Cost": 270978.58,
                      "Total Cost": 270983.46,
                      "Plan Rows": 1951,
                      "Plan Width": 26,
                      "Sort Key": [
                        "customer_address.ca_zip",
                        "customer_address.ca_city"
                      ],
                      "Plans": [
                        {
                          "Node Type": "Hash Join",
                          "Parent Relationship": "Outer",
                          "Parallel Aware": true,
                          "Async Capable": false,
                          "Join Type": "Inner",
                          "Startup Cost": 263288.57,
                          "Total Cost": 270871.96,
                          "Plan Rows": 1951,
                          "Plan Width": 26,
                          "Inner Unique": false,
                          "Hash Cond": "(item.i_item_sk = web_sales.ws_item_sk)",
                          "Join Filter": "((substr((customer_address.ca_zip)::text, 1, 5) = ANY ('{85669,86197,88274,83405,86475,85392,85460,80348,81792}'::text[])) OR (hashed SubPlan 1))",
                          "Plans": [
                            {
                              "Node Type": "Seq Scan",
                              "Parent Relationship": "Outer",
                              "Parallel Aware": true,
                              "Async Capable": false,
                              "Relation Name": "item",
                              "Alias": "item",
                              "Startup Cost": 0.0,
                              "Total Cost": 7389.0,
                              "Plan Rows": 42500,
                              "Plan Width": 21,
                              "parent": 5,
                              "ID": 6
                            },
                            {
                              "Node Type": "Hash",
                              "Parent Relationship": "Inner",
                              "Parallel Aware": true,
                              "Async Capable": false,
                              "Startup Cost": 254747.81,
                              "Total Cost": 254747.81,
                              "Plan Rows": 3735,
                              "Plan Width": 30,
                              "Plans": [
                                {
                                  "Node Type": "Hash Join",
                                  "Parent Relationship": "Outer",
                                  "Parallel Aware": true,
                                  "Async Capable": false,
                                  "Join Type": "Inner",
                                  "Startup Cost": 247864.96,
                                  "Total Cost": 254747.81,
                                  "Plan Rows": 3735,
                                  "Plan Width": 30,
                                  "Inner Unique": false,
                                  "Hash Cond": "(customer_address.ca_address_sk = customer.c_current_addr_sk)",
                                  "Plans": [
                                    {
                                      "Node Type": "Seq Scan",
                                      "Parent Relationship": "Outer",
                                      "Parallel Aware": true,
                                      "Async Capable": false,
                                      "Relation Name": "customer_address",
                                      "Alias": "customer_address",
                                      "Startup Cost": 0.0,
                                      "Total Cost": 6476.67,
                                      "Plan Rows": 104167,
                                      "Plan Width": 24,
                                      "parent": 8,
                                      "ID": 9
                                    },
                                    {
                                      "Node Type": "Hash",
                                      "Parent Relationship": "Inner",
                                      "Parallel Aware": true,
                                      "Async Capable": false,
                                      "Startup Cost": 247818.27,
                                      "Total Cost": 247818.27,
                                      "Plan Rows": 3735,
                                      "Plan Width": 14,
                                      "Plans": [
                                        {
                                          "Node Type": "Hash Join",
                                          "Parent Relationship": "Outer",
                                          "Parallel Aware": true,
                                          "Async Capable": false,
                                          "Join Type": "Inner",
                                          "Startup Cost": 231103.13,
                                          "Total Cost": 247818.27,
                                          "Plan Rows": 3735,
                                          "Plan Width": 14,
                                          "Inner Unique": false,
                                          "Hash Cond": "(customer.c_customer_sk = web_sales.ws_bill_customer_sk)",
                                          "Plans": [
                                            {
                                              "Node Type": "Seq Scan",
                                              "Parent Relationship": "Outer",
                                              "Parallel Aware": true,
                                              "Async Capable": false,
                                              "Relation Name": "customer",
                                              "Alias": "customer",
                                              "Startup Cost": 0.0,
                                              "Total Cost": 15918.33,
                                              "Plan Rows": 208333,
                                              "Plan Width": 8,
                                              "parent": 11,
                                              "ID": 12
                                            },
                                            {
                                              "Node Type": "Hash",
                                              "Parent Relationship": "Inner",
                                              "Parallel Aware": true,
                                              "Async Capable": false,
                                              "Startup Cost": 231056.44,
                                              "Total Cost": 231056.44,
                                              "Plan Rows": 3735,
                                              "Plan Width": 14,
                                              "Plans": [
                                                {
                                                  "Node Type": "Hash Join",
                                                  "Parent Relationship": "Outer",
                                                  "Parallel Aware": true,
                                                  "Async Capable": false,
                                                  "Join Type": "Inner",
                                                  "Startup Cost": 2050.23,
                                                  "Total Cost": 231056.44,
                                                  "Plan Rows": 3735,
                                                  "Plan Width": 14,
                                                  "Inner Unique": false,
                                                  "Hash Cond": "(web_sales.ws_sold_date_sk = date_dim.d_date_sk)",
                                                  "Plans": [
                                                    {
                                                      "Node Type": "Seq Scan",
                                                      "Parent Relationship": "Outer",
                                                      "Parallel Aware": true,
                                                      "Async Capable": false,
                                                      "Relation Name": "web_sales",
                                                      "Alias": "web_sales",
                                                      "Startup Cost": 0.0,
                                                      "Total Cost": 217737.86,
                                                      "Plan Rows": 2998986,
                                                      "Plan Width": 18,
                                                      "parent": 14,
                                                      "ID": 15
                                                    },
                                                    {
                                                      "Node Type": "Hash",
                                                      "Parent Relationship": "Inner",
                                                      "Parallel Aware": true,
                                                      "Async Capable": false,
                                                      "Startup Cost": 2049.55,
                                                      "Total Cost": 2049.55,
                                                      "Plan Rows": 54,
                                                      "Plan Width": 4,
                                                      "Plans": [
                                                        {
                                                          "Node Type": "Seq Scan",
                                                          "Parent Relationship": "Outer",
                                                          "Parallel Aware": true,
                                                          "Async Capable": false,
                                                          "Relation Name": "date_dim",
                                                          "Alias": "date_dim",
                                                          "Startup Cost": 0.0,
                                                          "Total Cost": 2049.55,
                                                          "Plan Rows": 54,
                                                          "Plan Width": 4,
                                                          "Filter": "((d_qoy = 2) AND (d_year = 2000))",
                                                          "parent": 16,
                                                          "ID": 17
                                                        }
                                                      ],
                                                      "parent": 14,
                                                      "ID": 16,
                                                      "left": 17
                                                    }
                                                  ],
                                                  "parent": 13,
                                                  "ID": 14,
                                                  "left": 15,
                                                  "right": 16
                                                }
                                              ],
                                              "parent": 11,
                                              "ID": 13,
                                              "left": 14
                                            }
                                          ],
                                          "parent": 10,
                                          "ID": 11,
                                          "left": 12,
                                          "right": 13
                                        }
                                      ],
                                      "parent": 8,
                                      "ID": 10,
                                      "left": 11
                                    }
                                  ],
                                  "parent": 7,
                                  "ID": 8,
                                  "left": 9,
                                  "right": 10
                                }
                              ],
                              "parent": 5,
                              "ID": 7,
                              "left": 8
                            },
                            {
                              "Node Type": "Seq Scan",
                              "Parent Relationship": "SubPlan",
                              "Subplan Name": "SubPlan 1",
                              "Parallel Aware": false,
                              "Async Capable": false,
                              "Relation Name": "item",
                              "Alias": "item_1",
                              "Startup Cost": 0.03,
                              "Total Cost": 8494.02,
                              "Plan Rows": 10,
                              "Plan Width": 17,
                              "Filter": "(i_item_sk = ANY ('{2,3,5,7,11,13,17,19,23,29}'::integer[]))",
                              "parent": 5,
                              "ID": 18
                            }
                          ],
                          "parent": 4,
                          "ID": 5,
                          "left": 6,
                          "right": 7
                        }
                      ],
                      "parent": 3,
                      "ID": 4,
                      "left": 5
                    }
                  ],
                  "parent": 2,
                  "ID": 3,
                  "left": 4
                }
              ],
              "parent": 1,
              "ID": 2,
              "left": 3
            }
          ],
          "parent": 0,
          "ID": 1,
          "left": 2
        }
      ],
      "parent": null,
      "ID": 0,
      "left": 1
    },
    "feat": {
      "utility": 0.031132261037915894,
      "query_shape": [
        [
          "Seq Scan",
          "Hash Join",
          "Sort",
          "Aggregate",
          "Gather Merge"
        ],
        [
          "Seq Scan",
          "Hash Join",
          "Hash",
          "Sort",
          "Aggregate",
          "Gather Merge"
        ],
        [
          "Seq Scan",
          "Hash Join",
          "Hash",
          "Sort",
          "Aggregate",
          "Gather Merge"
        ],
        [
          "Seq Scan",
          "Hash Join",
          "Hash",
          "Sort",
          "Aggregate",
          "Gather Merge"
        ],
        [
          "Seq Scan",
          "Hash",
          "Hash Join",
          "Sort",
          "Aggregate",
          "Gather Merge"
        ],
        [
          "Seq Scan",
          "Hash Join",
          "Sort",
          "Aggregate",
          "Gather Merge"
        ]
      ],
      "index_shape": [
        "join"
      ],
      "physical_operator": {
        "Hash Join": [
          0.0030983817195591483
        ]
      }
    }
  },
  {
    "query": "select  ca_zip, ca_city, sum(ws_sales_price)\n from web_sales, customer, customer_address, date_dim, item\n where ws_bill_customer_sk = c_customer_sk\n \tand c_current_addr_sk = ca_address_sk \n \tand ws_item_sk = i_item_sk \n \tand ( substr(ca_zip,1,5) in ('85669', '86197','88274','83405','86475', '85392', '85460', '80348', '81792')\n \t      or \n \t      i_item_id in (select i_item_id\n                             from item\n                             where i_item_sk in (2, 3, 5, 7, 11, 13, 17, 19, 23, 29)\n                             )\n \t    )\n \tand ws_sold_date_sk = d_date_sk\n \tand d_qoy = 2 and d_year = 2000\n group by ca_zip, ca_city\n order by ca_zip, ca_city\n limit 100;\n\n-- end query 30 in stream 1 using template query45.tpl\n",
    "indexes": "customer_address.ca_address_sk",
    "wo plan est": {
      "Node Type": "Limit",
      "Parallel Aware": false,
      "Async Capable": false,
      "Startup Cost": 271978.6,
      "Total Cost": 271991.24,
      "Plan Rows": 100,
      "Plan Width": 52,
      "Plans": [
        {
          "Node Type": "Aggregate",
          "Strategy": "Sorted",
          "Partial Mode": "Finalize",
          "Parent Relationship": "Outer",
          "Parallel Aware": false,
          "Async Capable": false,
          "Startup Cost": 271978.6,
          "Total Cost": 272570.44,
          "Plan Rows": 4683,
          "Plan Width": 52,
          "Group Key": [
            "customer_address.ca_zip",
            "customer_address.ca_city"
          ],
          "Plans": [
            {
              "Node Type": "Gather Merge",
              "Parent Relationship": "Outer",
              "Parallel Aware": false,
              "Async Capable": false,
              "Startup Cost": 271978.6,
              "Total Cost": 272472.89,
              "Plan Rows": 3902,
              "Plan Width": 52,
              "Workers Planned": 2,
              "Plans": [
                {
                  "Node Type": "Aggregate",
                  "Strategy": "Sorted",
                  "Partial Mode": "Partial",
                  "Parent Relationship": "Outer",
                  "Parallel Aware": false,
                  "Async Capable": false,
                  "Startup Cost": 270978.58,
                  "Total Cost": 271022.48,
                  "Plan Rows": 1951,
                  "Plan Width": 52,
                  "Group Key": [
                    "customer_address.ca_zip",
                    "customer_address.ca_city"
                  ],
                  "Plans": [
                    {
                      "Node Type": "Sort",
                      "Parent Relationship": "Outer",
                      "Parallel Aware": false,
                      "Async Capable": false,
                      "Startup Cost": 270978.58,
                      "Total Cost": 270983.46,
                      "Plan Rows": 1951,
                      "Plan Width": 26,
                      "Sort Key": [
                        "customer_address.ca_zip",
                        "customer_address.ca_city"
                      ],
                      "Plans": [
                        {
                          "Node Type": "Hash Join",
                          "Parent Relationship": "Outer",
                          "Parallel Aware": true,
                          "Async Capable": false,
                          "Join Type": "Inner",
                          "Startup Cost": 263288.57,
                          "Total Cost": 270871.96,
                          "Plan Rows": 1951,
                          "Plan Width": 26,
                          "Inner Unique": false,
                          "Hash Cond": "(item.i_item_sk = web_sales.ws_item_sk)",
                          "Join Filter": "((substr((customer_address.ca_zip)::text, 1, 5) = ANY ('{85669,86197,88274,83405,86475,85392,85460,80348,81792}'::text[])) OR (hashed SubPlan 1))",
                          "Plans": [
                            {
                              "Node Type": "Seq Scan",
                              "Parent Relationship": "Outer",
                              "Parallel Aware": true,
                              "Async Capable": false,
                              "Relation Name": "item",
                              "Alias": "item",
                              "Startup Cost": 0.0,
                              "Total Cost": 7389.0,
                              "Plan Rows": 42500,
                              "Plan Width": 21,
                              "parent": 5,
                              "ID": 6
                            },
                            {
                              "Node Type": "Hash",
                              "Parent Relationship": "Inner",
                              "Parallel Aware": true,
                              "Async Capable": false,
                              "Startup Cost": 254747.81,
                              "Total Cost": 254747.81,
                              "Plan Rows": 3735,
                              "Plan Width": 30,
                              "Plans": [
                                {
                                  "Node Type": "Hash Join",
                                  "Parent Relationship": "Outer",
                                  "Parallel Aware": true,
                                  "Async Capable": false,
                                  "Join Type": "Inner",
                                  "Startup Cost": 247864.96,
                                  "Total Cost": 254747.81,
                                  "Plan Rows": 3735,
                                  "Plan Width": 30,
                                  "Inner Unique": false,
                                  "Hash Cond": "(customer_address.ca_address_sk = customer.c_current_addr_sk)",
                                  "Plans": [
                                    {
                                      "Node Type": "Seq Scan",
                                      "Parent Relationship": "Outer",
                                      "Parallel Aware": true,
                                      "Async Capable": false,
                                      "Relation Name": "customer_address",
                                      "Alias": "customer_address",
                                      "Startup Cost": 0.0,
                                      "Total Cost": 6476.67,
                                      "Plan Rows": 104167,
                                      "Plan Width": 24,
                                      "parent": 8,
                                      "ID": 9
                                    },
                                    {
                                      "Node Type": "Hash",
                                      "Parent Relationship": "Inner",
                                      "Parallel Aware": true,
                                      "Async Capable": false,
                                      "Startup Cost": 247818.27,
                                      "Total Cost": 247818.27,
                                      "Plan Rows": 3735,
                                      "Plan Width": 14,
                                      "Plans": [
                                        {
                                          "Node Type": "Hash Join",
                                          "Parent Relationship": "Outer",
                                          "Parallel Aware": true,
                                          "Async Capable": false,
                                          "Join Type": "Inner",
                                          "Startup Cost": 231103.13,
                                          "Total Cost": 247818.27,
                                          "Plan Rows": 3735,
                                          "Plan Width": 14,
                                          "Inner Unique": false,
                                          "Hash Cond": "(customer.c_customer_sk = web_sales.ws_bill_customer_sk)",
                                          "Plans": [
                                            {
                                              "Node Type": "Seq Scan",
                                              "Parent Relationship": "Outer",
                                              "Parallel Aware": true,
                                              "Async Capable": false,
                                              "Relation Name": "customer",
                                              "Alias": "customer",
                                              "Startup Cost": 0.0,
                                              "Total Cost": 15918.33,
                                              "Plan Rows": 208333,
                                              "Plan Width": 8,
                                              "parent": 11,
                                              "ID": 12
                                            },
                                            {
                                              "Node Type": "Hash",
                                              "Parent Relationship": "Inner",
                                              "Parallel Aware": true,
                                              "Async Capable": false,
                                              "Startup Cost": 231056.44,
                                              "Total Cost": 231056.44,
                                              "Plan Rows": 3735,
                                              "Plan Width": 14,
                                              "Plans": [
                                                {
                                                  "Node Type": "Hash Join",
                                                  "Parent Relationship": "Outer",
                                                  "Parallel Aware": true,
                                                  "Async Capable": false,
                                                  "Join Type": "Inner",
                                                  "Startup Cost": 2050.23,
                                                  "Total Cost": 231056.44,
                                                  "Plan Rows": 3735,
                                                  "Plan Width": 14,
                                                  "Inner Unique": false,
                                                  "Hash Cond": "(web_sales.ws_sold_date_sk = date_dim.d_date_sk)",
                                                  "Plans": [
                                                    {
                                                      "Node Type": "Seq Scan",
                                                      "Parent Relationship": "Outer",
                                                      "Parallel Aware": true,
                                                      "Async Capable": false,
                                                      "Relation Name": "web_sales",
                                                      "Alias": "web_sales",
                                                      "Startup Cost": 0.0,
                                                      "Total Cost": 217737.86,
                                                      "Plan Rows": 2998986,
                                                      "Plan Width": 18,
                                                      "parent": 14,
                                                      "ID": 15
                                                    },
                                                    {
                                                      "Node Type": "Hash",
                                                      "Parent Relationship": "Inner",
                                                      "Parallel Aware": true,
                                                      "Async Capable": false,
                                                      "Startup Cost": 2049.55,
                                                      "Total Cost": 2049.55,
                                                      "Plan Rows": 54,
                                                      "Plan Width": 4,
                                                      "Plans": [
                                                        {
                                                          "Node Type": "Seq Scan",
                                                          "Parent Relationship": "Outer",
                                                          "Parallel Aware": true,
                                                          "Async Capable": false,
                                                          "Relation Name": "date_dim",
                                                          "Alias": "date_dim",
                                                          "Startup Cost": 0.0,
                                                          "Total Cost": 2049.55,
                                                          "Plan Rows": 54,
                                                          "Plan Width": 4,
                                                          "Filter": "((d_qoy = 2) AND (d_year = 2000))",
                                                          "parent": 16,
                                                          "ID": 17
                                                        }
                                                      ],
                                                      "parent": 14,
                                                      "ID": 16,
                                                      "left": 17
                                                    }
                                                  ],
                                                  "parent": 13,
                                                  "ID": 14,
                                                  "left": 15,
                                                  "right": 16
                                                }
                                              ],
                                              "parent": 11,
                                              "ID": 13,
                                              "left": 14
                                            }
                                          ],
                                          "parent": 10,
                                          "ID": 11,
                                          "left": 12,
                                          "right": 13
                                        }
                                      ],
                                      "parent": 8,
                                      "ID": 10,
                                      "left": 11
                                    }
                                  ],
                                  "parent": 7,
                                  "ID": 8,
                                  "left": 9,
                                  "right": 10
                                }
                              ],
                              "parent": 5,
                              "ID": 7,
                              "left": 8
                            },
                            {
                              "Node Type": "Seq Scan",
                              "Parent Relationship": "SubPlan",
                              "Subplan Name": "SubPlan 1",
                              "Parallel Aware": false,
                              "Async Capable": false,
                              "Relation Name": "item",
                              "Alias": "item_1",
                              "Startup Cost": 0.03,
                              "Total Cost": 8494.02,
                              "Plan Rows": 10,
                              "Plan Width": 17,
                              "Filter": "(i_item_sk = ANY ('{2,3,5,7,11,13,17,19,23,29}'::integer[]))",
                              "parent": 5,
                              "ID": 18
                            }
                          ],
                          "parent": 4,
                          "ID": 5,
                          "left": 6,
                          "right": 7
                        }
                      ],
                      "parent": 3,
                      "ID": 4,
                      "left": 5
                    }
                  ],
                  "parent": 2,
                  "ID": 3,
                  "left": 4
                }
              ],
              "parent": 1,
              "ID": 2,
              "left": 3
            }
          ],
          "parent": 0,
          "ID": 1,
          "left": 2
        }
      ],
      "parent": null,
      "ID": 0,
      "left": 1
    },
    "feat": {
      "utility": 0.031132261037915894,
      "query_shape": [
        [
          "Seq Scan",
          "Hash Join",
          "Sort",
          "Aggregate",
          "Gather Merge"
        ],
        [
          "Seq Scan",
          "Hash Join",
          "Hash",
          "Sort",
          "Aggregate",
          "Gather Merge"
        ],
        [
          "Seq Scan",
          "Hash Join",
          "Hash",
          "Sort",
          "Aggregate",
          "Gather Merge"
        ],
        [
          "Seq Scan",
          "Hash Join",
          "Hash",
          "Sort",
          "Aggregate",
          "Gather Merge"
        ],
        [
          "Seq Scan",
          "Hash",
          "Hash Join",
          "Sort",
          "Aggregate",
          "Gather Merge"
        ],
        [
          "Seq Scan",
          "Hash Join",
          "Sort",
          "Aggregate",
          "Gather Merge"
        ]
      ],
      "index_shape": [
        "join"
      ],
      "physical_operator": {
        "Hash Join": [
          0.0030983817195591483
        ]
      }
    }
  },
  {
    "query": "select  ca_zip, ca_city, sum(ws_sales_price)\n from web_sales, customer, customer_address, date_dim, item\n where ws_bill_customer_sk = c_customer_sk\n \tand c_current_addr_sk = ca_address_sk \n \tand ws_item_sk = i_item_sk \n \tand ( substr(ca_zip,1,5) in ('85669', '86197','88274','83405','86475', '85392', '85460', '80348', '81792')\n \t      or \n \t      i_item_id in (select i_item_id\n                             from item\n                             where i_item_sk in (2, 3, 5, 7, 11, 13, 17, 19, 23, 29)\n                             )\n \t    )\n \tand ws_sold_date_sk = d_date_sk\n \tand d_qoy = 2 and d_year = 2000\n group by ca_zip, ca_city\n order by ca_zip, ca_city\n limit 100;\n\n-- end query 30 in stream 1 using template query45.tpl\n",
    "indexes": "customer_address.ca_city",
    "wo plan est": {
      "Node Type": "Limit",
      "Parallel Aware": false,
      "Async Capable": false,
      "Startup Cost": 271978.6,
      "Total Cost": 271991.24,
      "Plan Rows": 100,
      "Plan Width": 52,
      "Plans": [
        {
          "Node Type": "Aggregate",
          "Strategy": "Sorted",
          "Partial Mode": "Finalize",
          "Parent Relationship": "Outer",
          "Parallel Aware": false,
          "Async Capable": false,
          "Startup Cost": 271978.6,
          "Total Cost": 272570.44,
          "Plan Rows": 4683,
          "Plan Width": 52,
          "Group Key": [
            "customer_address.ca_zip",
            "customer_address.ca_city"
          ],
          "Plans": [
            {
              "Node Type": "Gather Merge",
              "Parent Relationship": "Outer",
              "Parallel Aware": false,
              "Async Capable": false,
              "Startup Cost": 271978.6,
              "Total Cost": 272472.89,
              "Plan Rows": 3902,
              "Plan Width": 52,
              "Workers Planned": 2,
              "Plans": [
                {
                  "Node Type": "Aggregate",
                  "Strategy": "Sorted",
                  "Partial Mode": "Partial",
                  "Parent Relationship": "Outer",
                  "Parallel Aware": false,
                  "Async Capable": false,
                  "Startup Cost": 270978.58,
                  "Total Cost": 271022.48,
                  "Plan Rows": 1951,
                  "Plan Width": 52,
                  "Group Key": [
                    "customer_address.ca_zip",
                    "customer_address.ca_city"
                  ],
                  "Plans": [
                    {
                      "Node Type": "Sort",
                      "Parent Relationship": "Outer",
                      "Parallel Aware": false,
                      "Async Capable": false,
                      "Startup Cost": 270978.58,
                      "Total Cost": 270983.46,
                      "Plan Rows": 1951,
                      "Plan Width": 26,
                      "Sort Key": [
                        "customer_address.ca_zip",
                        "customer_address.ca_city"
                      ],
                      "Plans": [
                        {
                          "Node Type": "Hash Join",
                          "Parent Relationship": "Outer",
                          "Parallel Aware": true,
                          "Async Capable": false,
                          "Join Type": "Inner",
                          "Startup Cost": 263288.57,
                          "Total Cost": 270871.96,
                          "Plan Rows": 1951,
                          "Plan Width": 26,
                          "Inner Unique": false,
                          "Hash Cond": "(item.i_item_sk = web_sales.ws_item_sk)",
                          "Join Filter": "((substr((customer_address.ca_zip)::text, 1, 5) = ANY ('{85669,86197,88274,83405,86475,85392,85460,80348,81792}'::text[])) OR (hashed SubPlan 1))",
                          "Plans": [
                            {
                              "Node Type": "Seq Scan",
                              "Parent Relationship": "Outer",
                              "Parallel Aware": true,
                              "Async Capable": false,
                              "Relation Name": "item",
                              "Alias": "item",
                              "Startup Cost": 0.0,
                              "Total Cost": 7389.0,
                              "Plan Rows": 42500,
                              "Plan Width": 21,
                              "parent": 5,
                              "ID": 6
                            },
                            {
                              "Node Type": "Hash",
                              "Parent Relationship": "Inner",
                              "Parallel Aware": true,
                              "Async Capable": false,
                              "Startup Cost": 254747.81,
                              "Total Cost": 254747.81,
                              "Plan Rows": 3735,
                              "Plan Width": 30,
                              "Plans": [
                                {
                                  "Node Type": "Hash Join",
                                  "Parent Relationship": "Outer",
                                  "Parallel Aware": true,
                                  "Async Capable": false,
                                  "Join Type": "Inner",
                                  "Startup Cost": 247864.96,
                                  "Total Cost": 254747.81,
                                  "Plan Rows": 3735,
                                  "Plan Width": 30,
                                  "Inner Unique": false,
                                  "Hash Cond": "(customer_address.ca_address_sk = customer.c_current_addr_sk)",
                                  "Plans": [
                                    {
                                      "Node Type": "Seq Scan",
                                      "Parent Relationship": "Outer",
                                      "Parallel Aware": true,
                                      "Async Capable": false,
                                      "Relation Name": "customer_address",
                                      "Alias": "customer_address",
                                      "Startup Cost": 0.0,
                                      "Total Cost": 6476.67,
                                      "Plan Rows": 104167,
                                      "Plan Width": 24,
                                      "parent": 8,
                                      "ID": 9
                                    },
                                    {
                                      "Node Type": "Hash",
                                      "Parent Relationship": "Inner",
                                      "Parallel Aware": true,
                                      "Async Capable": false,
                                      "Startup Cost": 247818.27,
                                      "Total Cost": 247818.27,
                                      "Plan Rows": 3735,
                                      "Plan Width": 14,
                                      "Plans": [
                                        {
                                          "Node Type": "Hash Join",
                                          "Parent Relationship": "Outer",
                                          "Parallel Aware": true,
                                          "Async Capable": false,
                                          "Join Type": "Inner",
                                          "Startup Cost": 231103.13,
                                          "Total Cost": 247818.27,
                                          "Plan Rows": 3735,
                                          "Plan Width": 14,
                                          "Inner Unique": false,
                                          "Hash Cond": "(customer.c_customer_sk = web_sales.ws_bill_customer_sk)",
                                          "Plans": [
                                            {
                                              "Node Type": "Seq Scan",
                                              "Parent Relationship": "Outer",
                                              "Parallel Aware": true,
                                              "Async Capable": false,
                                              "Relation Name": "customer",
                                              "Alias": "customer",
                                              "Startup Cost": 0.0,
                                              "Total Cost": 15918.33,
                                              "Plan Rows": 208333,
                                              "Plan Width": 8,
                                              "parent": 11,
                                              "ID": 12
                                            },
                                            {
                                              "Node Type": "Hash",
                                              "Parent Relationship": "Inner",
                                              "Parallel Aware": true,
                                              "Async Capable": false,
                                              "Startup Cost": 231056.44,
                                              "Total Cost": 231056.44,
                                              "Plan Rows": 3735,
                                              "Plan Width": 14,
                                              "Plans": [
                                                {
                                                  "Node Type": "Hash Join",
                                                  "Parent Relationship": "Outer",
                                                  "Parallel Aware": true,
                                                  "Async Capable": false,
                                                  "Join Type": "Inner",
                                                  "Startup Cost": 2050.23,
                                                  "Total Cost": 231056.44,
                                                  "Plan Rows": 3735,
                                                  "Plan Width": 14,
                                                  "Inner Unique": false,
                                                  "Hash Cond": "(web_sales.ws_sold_date_sk = date_dim.d_date_sk)",
                                                  "Plans": [
                                                    {
                                                      "Node Type": "Seq Scan",
                                                      "Parent Relationship": "Outer",
                                                      "Parallel Aware": true,
                                                      "Async Capable": false,
                                                      "Relation Name": "web_sales",
                                                      "Alias": "web_sales",
                                                      "Startup Cost": 0.0,
                                                      "Total Cost": 217737.86,
                                                      "Plan Rows": 2998986,
                                                      "Plan Width": 18,
                                                      "parent": 14,
                                                      "ID": 15
                                                    },
                                                    {
                                                      "Node Type": "Hash",
                                                      "Parent Relationship": "Inner",
                                                      "Parallel Aware": true,
                                                      "Async Capable": false,
                                                      "Startup Cost": 2049.55,
                                                      "Total Cost": 2049.55,
                                                      "Plan Rows": 54,
                                                      "Plan Width": 4,
                                                      "Plans": [
                                                        {
                                                          "Node Type": "Seq Scan",
                                                          "Parent Relationship": "Outer",
                                                          "Parallel Aware": true,
                                                          "Async Capable": false,
                                                          "Relation Name": "date_dim",
                                                          "Alias": "date_dim",
                                                          "Startup Cost": 0.0,
                                                          "Total Cost": 2049.55,
                                                          "Plan Rows": 54,
                                                          "Plan Width": 4,
                                                          "Filter": "((d_qoy = 2) AND (d_year = 2000))",
                                                          "parent": 16,
                                                          "ID": 17
                                                        }
                                                      ],
                                                      "parent": 14,
                                                      "ID": 16,
                                                      "left": 17
                                                    }
                                                  ],
                                                  "parent": 13,
                                                  "ID": 14,
                                                  "left": 15,
                                                  "right": 16
                                                }
                                              ],
                                              "parent": 11,
                                              "ID": 13,
                                              "left": 14
                                            }
                                          ],
                                          "parent": 10,
                                          "ID": 11,
                                          "left": 12,
                                          "right": 13
                                        }
                                      ],
                                      "parent": 8,
                                      "ID": 10,
                                      "left": 11
                                    }
                                  ],
                                  "parent": 7,
                                  "ID": 8,
                                  "left": 9,
                                  "right": 10
                                }
                              ],
                              "parent": 5,
                              "ID": 7,
                              "left": 8
                            },
                            {
                              "Node Type": "Seq Scan",
                              "Parent Relationship": "SubPlan",
                              "Subplan Name": "SubPlan 1",
                              "Parallel Aware": false,
                              "Async Capable": false,
                              "Relation Name": "item",
                              "Alias": "item_1",
                              "Startup Cost": 0.03,
                              "Total Cost": 8494.02,
                              "Plan Rows": 10,
                              "Plan Width": 17,
                              "Filter": "(i_item_sk = ANY ('{2,3,5,7,11,13,17,19,23,29}'::integer[]))",
                              "parent": 5,
                              "ID": 18
                            }
                          ],
                          "parent": 4,
                          "ID": 5,
                          "left": 6,
                          "right": 7
                        }
                      ],
                      "parent": 3,
                      "ID": 4,
                      "left": 5
                    }
                  ],
                  "parent": 2,
                  "ID": 3,
                  "left": 4
                }
              ],
              "parent": 1,
              "ID": 2,
              "left": 3
            }
          ],
          "parent": 0,
          "ID": 1,
          "left": 2
        }
      ],
      "parent": null,
      "ID": 0,
      "left": 1
    },
    "feat": {
      "utility": 0.0,
      "query_shape": [
        [
          "Seq Scan",
          "Hash Join",
          "Sort",
          "Aggregate",
          "Gather Merge"
        ],
        [
          "Seq Scan",
          "Hash Join",
          "Hash",
          "Sort",
          "Aggregate",
          "Gather Merge"
        ],
        [
          "Seq Scan",
          "Hash Join",
          "Hash",
          "Sort",
          "Aggregate",
          "Gather Merge"
        ],
        [
          "Seq Scan",
          "Hash Join",
          "Hash",
          "Sort",
          "Aggregate",
          "Gather Merge"
        ],
        [
          "Seq Scan",
          "Hash",
          "Hash Join",
          "Sort",
          "Aggregate",
          "Gather Merge"
        ],
        [
          "Seq Scan",
          "Hash Join",
          "Sort",
          "Aggregate",
          "Gather Merge"
        ]
      ],
      "index_shape": [
        "order-by"
      ],
      "physical_operator": {
        "Sort": [
          "[0. 0. 0. 0. 0. 0. 0. 0. 0. 0. 0. 0. 0. 0. 0. 0. 0. 0. 0. 0. 0. 0. 0. 0.\n 0. 0. 0. 0. 0. 0. 0. 0. 0. 0. 0. 0. 0. 0. 0. 0. 0. 0. 0. 0. 0. 0. 0. 0.\n 0. 0. 0.]"
        ],
        "Aggregate": [
          "[0. 0. 0. 0. 0. 0. 0. 0. 0. 0. 0. 0. 0. 0. 0. 0. 0. 0. 0. 0. 0. 0. 0. 0.\n 0. 0. 0. 0. 0. 0. 0. 0. 0. 0. 0. 0. 0. 0. 0. 0. 0. 0. 0. 0. 0. 0. 0. 0.\n 0. 0. 0.]",
          "[0. 0. 0. 0. 0. 0. 0. 0. 0. 0. 0. 0. 0. 0. 0. 0. 0. 0. 0. 0. 0. 0. 0. 0.\n 0. 0. 0. 0. 0. 0. 0. 0. 0. 0. 0. 0. 0. 0. 0. 0. 0. 0. 0. 0. 0. 0. 0. 0.\n 0. 0. 0.]"
        ]
      }
    }
  },
  {
    "query": "select  ca_zip, ca_city, sum(ws_sales_price)\n from web_sales, customer, customer_address, date_dim, item\n where ws_bill_customer_sk = c_customer_sk\n \tand c_current_addr_sk = ca_address_sk \n \tand ws_item_sk = i_item_sk \n \tand ( substr(ca_zip,1,5) in ('85669', '86197','88274','83405','86475', '85392', '85460', '80348', '81792')\n \t      or \n \t      i_item_id in (select i_item_id\n                             from item\n                             where i_item_sk in (2, 3, 5, 7, 11, 13, 17, 19, 23, 29)\n                             )\n \t    )\n \tand ws_sold_date_sk = d_date_sk\n \tand d_qoy = 2 and d_year = 2000\n group by ca_zip, ca_city\n order by ca_zip, ca_city\n limit 100;\n\n-- end query 30 in stream 1 using template query45.tpl\n",
    "indexes": "customer_address.ca_zip",
    "wo plan est": {
      "Node Type": "Limit",
      "Parallel Aware": false,
      "Async Capable": false,
      "Startup Cost": 271978.6,
      "Total Cost": 271991.24,
      "Plan Rows": 100,
      "Plan Width": 52,
      "Plans": [
        {
          "Node Type": "Aggregate",
          "Strategy": "Sorted",
          "Partial Mode": "Finalize",
          "Parent Relationship": "Outer",
          "Parallel Aware": false,
          "Async Capable": false,
          "Startup Cost": 271978.6,
          "Total Cost": 272570.44,
          "Plan Rows": 4683,
          "Plan Width": 52,
          "Group Key": [
            "customer_address.ca_zip",
            "customer_address.ca_city"
          ],
          "Plans": [
            {
              "Node Type": "Gather Merge",
              "Parent Relationship": "Outer",
              "Parallel Aware": false,
              "Async Capable": false,
              "Startup Cost": 271978.6,
              "Total Cost": 272472.89,
              "Plan Rows": 3902,
              "Plan Width": 52,
              "Workers Planned": 2,
              "Plans": [
                {
                  "Node Type": "Aggregate",
                  "Strategy": "Sorted",
                  "Partial Mode": "Partial",
                  "Parent Relationship": "Outer",
                  "Parallel Aware": false,
                  "Async Capable": false,
                  "Startup Cost": 270978.58,
                  "Total Cost": 271022.48,
                  "Plan Rows": 1951,
                  "Plan Width": 52,
                  "Group Key": [
                    "customer_address.ca_zip",
                    "customer_address.ca_city"
                  ],
                  "Plans": [
                    {
                      "Node Type": "Sort",
                      "Parent Relationship": "Outer",
                      "Parallel Aware": false,
                      "Async Capable": false,
                      "Startup Cost": 270978.58,
                      "Total Cost": 270983.46,
                      "Plan Rows": 1951,
                      "Plan Width": 26,
                      "Sort Key": [
                        "customer_address.ca_zip",
                        "customer_address.ca_city"
                      ],
                      "Plans": [
                        {
                          "Node Type": "Hash Join",
                          "Parent Relationship": "Outer",
                          "Parallel Aware": true,
                          "Async Capable": false,
                          "Join Type": "Inner",
                          "Startup Cost": 263288.57,
                          "Total Cost": 270871.96,
                          "Plan Rows": 1951,
                          "Plan Width": 26,
                          "Inner Unique": false,
                          "Hash Cond": "(item.i_item_sk = web_sales.ws_item_sk)",
                          "Join Filter": "((substr((customer_address.ca_zip)::text, 1, 5) = ANY ('{85669,86197,88274,83405,86475,85392,85460,80348,81792}'::text[])) OR (hashed SubPlan 1))",
                          "Plans": [
                            {
                              "Node Type": "Seq Scan",
                              "Parent Relationship": "Outer",
                              "Parallel Aware": true,
                              "Async Capable": false,
                              "Relation Name": "item",
                              "Alias": "item",
                              "Startup Cost": 0.0,
                              "Total Cost": 7389.0,
                              "Plan Rows": 42500,
                              "Plan Width": 21,
                              "parent": 5,
                              "ID": 6
                            },
                            {
                              "Node Type": "Hash",
                              "Parent Relationship": "Inner",
                              "Parallel Aware": true,
                              "Async Capable": false,
                              "Startup Cost": 254747.81,
                              "Total Cost": 254747.81,
                              "Plan Rows": 3735,
                              "Plan Width": 30,
                              "Plans": [
                                {
                                  "Node Type": "Hash Join",
                                  "Parent Relationship": "Outer",
                                  "Parallel Aware": true,
                                  "Async Capable": false,
                                  "Join Type": "Inner",
                                  "Startup Cost": 247864.96,
                                  "Total Cost": 254747.81,
                                  "Plan Rows": 3735,
                                  "Plan Width": 30,
                                  "Inner Unique": false,
                                  "Hash Cond": "(customer_address.ca_address_sk = customer.c_current_addr_sk)",
                                  "Plans": [
                                    {
                                      "Node Type": "Seq Scan",
                                      "Parent Relationship": "Outer",
                                      "Parallel Aware": true,
                                      "Async Capable": false,
                                      "Relation Name": "customer_address",
                                      "Alias": "customer_address",
                                      "Startup Cost": 0.0,
                                      "Total Cost": 6476.67,
                                      "Plan Rows": 104167,
                                      "Plan Width": 24,
                                      "parent": 8,
                                      "ID": 9
                                    },
                                    {
                                      "Node Type": "Hash",
                                      "Parent Relationship": "Inner",
                                      "Parallel Aware": true,
                                      "Async Capable": false,
                                      "Startup Cost": 247818.27,
                                      "Total Cost": 247818.27,
                                      "Plan Rows": 3735,
                                      "Plan Width": 14,
                                      "Plans": [
                                        {
                                          "Node Type": "Hash Join",
                                          "Parent Relationship": "Outer",
                                          "Parallel Aware": true,
                                          "Async Capable": false,
                                          "Join Type": "Inner",
                                          "Startup Cost": 231103.13,
                                          "Total Cost": 247818.27,
                                          "Plan Rows": 3735,
                                          "Plan Width": 14,
                                          "Inner Unique": false,
                                          "Hash Cond": "(customer.c_customer_sk = web_sales.ws_bill_customer_sk)",
                                          "Plans": [
                                            {
                                              "Node Type": "Seq Scan",
                                              "Parent Relationship": "Outer",
                                              "Parallel Aware": true,
                                              "Async Capable": false,
                                              "Relation Name": "customer",
                                              "Alias": "customer",
                                              "Startup Cost": 0.0,
                                              "Total Cost": 15918.33,
                                              "Plan Rows": 208333,
                                              "Plan Width": 8,
                                              "parent": 11,
                                              "ID": 12
                                            },
                                            {
                                              "Node Type": "Hash",
                                              "Parent Relationship": "Inner",
                                              "Parallel Aware": true,
                                              "Async Capable": false,
                                              "Startup Cost": 231056.44,
                                              "Total Cost": 231056.44,
                                              "Plan Rows": 3735,
                                              "Plan Width": 14,
                                              "Plans": [
                                                {
                                                  "Node Type": "Hash Join",
                                                  "Parent Relationship": "Outer",
                                                  "Parallel Aware": true,
                                                  "Async Capable": false,
                                                  "Join Type": "Inner",
                                                  "Startup Cost": 2050.23,
                                                  "Total Cost": 231056.44,
                                                  "Plan Rows": 3735,
                                                  "Plan Width": 14,
                                                  "Inner Unique": false,
                                                  "Hash Cond": "(web_sales.ws_sold_date_sk = date_dim.d_date_sk)",
                                                  "Plans": [
                                                    {
                                                      "Node Type": "Seq Scan",
                                                      "Parent Relationship": "Outer",
                                                      "Parallel Aware": true,
                                                      "Async Capable": false,
                                                      "Relation Name": "web_sales",
                                                      "Alias": "web_sales",
                                                      "Startup Cost": 0.0,
                                                      "Total Cost": 217737.86,
                                                      "Plan Rows": 2998986,
                                                      "Plan Width": 18,
                                                      "parent": 14,
                                                      "ID": 15
                                                    },
                                                    {
                                                      "Node Type": "Hash",
                                                      "Parent Relationship": "Inner",
                                                      "Parallel Aware": true,
                                                      "Async Capable": false,
                                                      "Startup Cost": 2049.55,
                                                      "Total Cost": 2049.55,
                                                      "Plan Rows": 54,
                                                      "Plan Width": 4,
                                                      "Plans": [
                                                        {
                                                          "Node Type": "Seq Scan",
                                                          "Parent Relationship": "Outer",
                                                          "Parallel Aware": true,
                                                          "Async Capable": false,
                                                          "Relation Name": "date_dim",
                                                          "Alias": "date_dim",
                                                          "Startup Cost": 0.0,
                                                          "Total Cost": 2049.55,
                                                          "Plan Rows": 54,
                                                          "Plan Width": 4,
                                                          "Filter": "((d_qoy = 2) AND (d_year = 2000))",
                                                          "parent": 16,
                                                          "ID": 17
                                                        }
                                                      ],
                                                      "parent": 14,
                                                      "ID": 16,
                                                      "left": 17
                                                    }
                                                  ],
                                                  "parent": 13,
                                                  "ID": 14,
                                                  "left": 15,
                                                  "right": 16
                                                }
                                              ],
                                              "parent": 11,
                                              "ID": 13,
                                              "left": 14
                                            }
                                          ],
                                          "parent": 10,
                                          "ID": 11,
                                          "left": 12,
                                          "right": 13
                                        }
                                      ],
                                      "parent": 8,
                                      "ID": 10,
                                      "left": 11
                                    }
                                  ],
                                  "parent": 7,
                                  "ID": 8,
                                  "left": 9,
                                  "right": 10
                                }
                              ],
                              "parent": 5,
                              "ID": 7,
                              "left": 8
                            },
                            {
                              "Node Type": "Seq Scan",
                              "Parent Relationship": "SubPlan",
                              "Subplan Name": "SubPlan 1",
                              "Parallel Aware": false,
                              "Async Capable": false,
                              "Relation Name": "item",
                              "Alias": "item_1",
                              "Startup Cost": 0.03,
                              "Total Cost": 8494.02,
                              "Plan Rows": 10,
                              "Plan Width": 17,
                              "Filter": "(i_item_sk = ANY ('{2,3,5,7,11,13,17,19,23,29}'::integer[]))",
                              "parent": 5,
                              "ID": 18
                            }
                          ],
                          "parent": 4,
                          "ID": 5,
                          "left": 6,
                          "right": 7
                        }
                      ],
                      "parent": 3,
                      "ID": 4,
                      "left": 5
                    }
                  ],
                  "parent": 2,
                  "ID": 3,
                  "left": 4
                }
              ],
              "parent": 1,
              "ID": 2,
              "left": 3
            }
          ],
          "parent": 0,
          "ID": 1,
          "left": 2
        }
      ],
      "parent": null,
      "ID": 0,
      "left": 1
    },
    "feat": {
      "utility": 0.031119537328001004,
      "query_shape": [
        [
          "Seq Scan",
          "Hash Join",
          "Sort",
          "Aggregate",
          "Gather Merge"
        ],
        [
          "Seq Scan",
          "Hash Join",
          "Hash",
          "Sort",
          "Aggregate",
          "Gather Merge"
        ],
        [
          "Seq Scan",
          "Hash Join",
          "Hash",
          "Sort",
          "Aggregate",
          "Gather Merge"
        ],
        [
          "Seq Scan",
          "Hash Join",
          "Hash",
          "Sort",
          "Aggregate",
          "Gather Merge"
        ],
        [
          "Seq Scan",
          "Hash",
          "Hash Join",
          "Sort",
          "Aggregate",
          "Gather Merge"
        ],
        [
          "Seq Scan",
          "Hash Join",
          "Sort",
          "Aggregate",
          "Gather Merge"
        ]
      ],
      "index_shape": [
        "join"
      ],
      "physical_operator": {
        "Hash Join": [
          0.003505813964497495
        ],
        "Sort": [
          "[  601.  8654. 13003. 18354. 20499. 22738. 24536. 26668. 28370. 29454.\n 30852. 32898. 34854. 36696. 38370. 39391. 40534. 42808. 44466. 46557.\n 48252. 49310. 50411. 51904. 53683. 55124. 56787. 58222. 59231. 60125.\n 61521. 63003. 64466. 66098. 67752. 68721. 69532. 70499. 71952. 74062.\n 75281. 76867. 78252. 79237. 80399. 83683. 86787. 89237. 92293. 96787.\n 99981.]"
        ],
        "Aggregate": [
          "[  601.  8654. 13003. 18354. 20499. 22738. 24536. 26668. 28370. 29454.\n 30852. 32898. 34854. 36696. 38370. 39391. 40534. 42808. 44466. 46557.\n 48252. 49310. 50411. 51904. 53683. 55124. 56787. 58222. 59231. 60125.\n 61521. 63003. 64466. 66098. 67752. 68721. 69532. 70499. 71952. 74062.\n 75281. 76867. 78252. 79237. 80399. 83683. 86787. 89237. 92293. 96787.\n 99981.]",
          "[  601.  8654. 13003. 18354. 20499. 22738. 24536. 26668. 28370. 29454.\n 30852. 32898. 34854. 36696. 38370. 39391. 40534. 42808. 44466. 46557.\n 48252. 49310. 50411. 51904. 53683. 55124. 56787. 58222. 59231. 60125.\n 61521. 63003. 64466. 66098. 67752. 68721. 69532. 70499. 71952. 74062.\n 75281. 76867. 78252. 79237. 80399. 83683. 86787. 89237. 92293. 96787.\n 99981.]"
        ]
      }
    }
  },
  {
    "query": "select  ca_zip, ca_city, sum(ws_sales_price)\n from web_sales, customer, customer_address, date_dim, item\n where ws_bill_customer_sk = c_customer_sk\n \tand c_current_addr_sk = ca_address_sk \n \tand ws_item_sk = i_item_sk \n \tand ( substr(ca_zip,1,5) in ('85669', '86197','88274','83405','86475', '85392', '85460', '80348', '81792')\n \t      or \n \t      i_item_id in (select i_item_id\n                             from item\n                             where i_item_sk in (2, 3, 5, 7, 11, 13, 17, 19, 23, 29)\n                             )\n \t    )\n \tand ws_sold_date_sk = d_date_sk\n \tand d_qoy = 2 and d_year = 2000\n group by ca_zip, ca_city\n order by ca_zip, ca_city\n limit 100;\n\n-- end query 30 in stream 1 using template query45.tpl\n",
    "indexes": "date_dim.d_year",
    "wo plan est": {
      "Node Type": "Limit",
      "Parallel Aware": false,
      "Async Capable": false,
      "Startup Cost": 271978.6,
      "Total Cost": 271991.24,
      "Plan Rows": 100,
      "Plan Width": 52,
      "Plans": [
        {
          "Node Type": "Aggregate",
          "Strategy": "Sorted",
          "Partial Mode": "Finalize",
          "Parent Relationship": "Outer",
          "Parallel Aware": false,
          "Async Capable": false,
          "Startup Cost": 271978.6,
          "Total Cost": 272570.44,
          "Plan Rows": 4683,
          "Plan Width": 52,
          "Group Key": [
            "customer_address.ca_zip",
            "customer_address.ca_city"
          ],
          "Plans": [
            {
              "Node Type": "Gather Merge",
              "Parent Relationship": "Outer",
              "Parallel Aware": false,
              "Async Capable": false,
              "Startup Cost": 271978.6,
              "Total Cost": 272472.89,
              "Plan Rows": 3902,
              "Plan Width": 52,
              "Workers Planned": 2,
              "Plans": [
                {
                  "Node Type": "Aggregate",
                  "Strategy": "Sorted",
                  "Partial Mode": "Partial",
                  "Parent Relationship": "Outer",
                  "Parallel Aware": false,
                  "Async Capable": false,
                  "Startup Cost": 270978.58,
                  "Total Cost": 271022.48,
                  "Plan Rows": 1951,
                  "Plan Width": 52,
                  "Group Key": [
                    "customer_address.ca_zip",
                    "customer_address.ca_city"
                  ],
                  "Plans": [
                    {
                      "Node Type": "Sort",
                      "Parent Relationship": "Outer",
                      "Parallel Aware": false,
                      "Async Capable": false,
                      "Startup Cost": 270978.58,
                      "Total Cost": 270983.46,
                      "Plan Rows": 1951,
                      "Plan Width": 26,
                      "Sort Key": [
                        "customer_address.ca_zip",
                        "customer_address.ca_city"
                      ],
                      "Plans": [
                        {
                          "Node Type": "Hash Join",
                          "Parent Relationship": "Outer",
                          "Parallel Aware": true,
                          "Async Capable": false,
                          "Join Type": "Inner",
                          "Startup Cost": 263288.57,
                          "Total Cost": 270871.96,
                          "Plan Rows": 1951,
                          "Plan Width": 26,
                          "Inner Unique": false,
                          "Hash Cond": "(item.i_item_sk = web_sales.ws_item_sk)",
                          "Join Filter": "((substr((customer_address.ca_zip)::text, 1, 5) = ANY ('{85669,86197,88274,83405,86475,85392,85460,80348,81792}'::text[])) OR (hashed SubPlan 1))",
                          "Plans": [
                            {
                              "Node Type": "Seq Scan",
                              "Parent Relationship": "Outer",
                              "Parallel Aware": true,
                              "Async Capable": false,
                              "Relation Name": "item",
                              "Alias": "item",
                              "Startup Cost": 0.0,
                              "Total Cost": 7389.0,
                              "Plan Rows": 42500,
                              "Plan Width": 21,
                              "parent": 5,
                              "ID": 6
                            },
                            {
                              "Node Type": "Hash",
                              "Parent Relationship": "Inner",
                              "Parallel Aware": true,
                              "Async Capable": false,
                              "Startup Cost": 254747.81,
                              "Total Cost": 254747.81,
                              "Plan Rows": 3735,
                              "Plan Width": 30,
                              "Plans": [
                                {
                                  "Node Type": "Hash Join",
                                  "Parent Relationship": "Outer",
                                  "Parallel Aware": true,
                                  "Async Capable": false,
                                  "Join Type": "Inner",
                                  "Startup Cost": 247864.96,
                                  "Total Cost": 254747.81,
                                  "Plan Rows": 3735,
                                  "Plan Width": 30,
                                  "Inner Unique": false,
                                  "Hash Cond": "(customer_address.ca_address_sk = customer.c_current_addr_sk)",
                                  "Plans": [
                                    {
                                      "Node Type": "Seq Scan",
                                      "Parent Relationship": "Outer",
                                      "Parallel Aware": true,
                                      "Async Capable": false,
                                      "Relation Name": "customer_address",
                                      "Alias": "customer_address",
                                      "Startup Cost": 0.0,
                                      "Total Cost": 6476.67,
                                      "Plan Rows": 104167,
                                      "Plan Width": 24,
                                      "parent": 8,
                                      "ID": 9
                                    },
                                    {
                                      "Node Type": "Hash",
                                      "Parent Relationship": "Inner",
                                      "Parallel Aware": true,
                                      "Async Capable": false,
                                      "Startup Cost": 247818.27,
                                      "Total Cost": 247818.27,
                                      "Plan Rows": 3735,
                                      "Plan Width": 14,
                                      "Plans": [
                                        {
                                          "Node Type": "Hash Join",
                                          "Parent Relationship": "Outer",
                                          "Parallel Aware": true,
                                          "Async Capable": false,
                                          "Join Type": "Inner",
                                          "Startup Cost": 231103.13,
                                          "Total Cost": 247818.27,
                                          "Plan Rows": 3735,
                                          "Plan Width": 14,
                                          "Inner Unique": false,
                                          "Hash Cond": "(customer.c_customer_sk = web_sales.ws_bill_customer_sk)",
                                          "Plans": [
                                            {
                                              "Node Type": "Seq Scan",
                                              "Parent Relationship": "Outer",
                                              "Parallel Aware": true,
                                              "Async Capable": false,
                                              "Relation Name": "customer",
                                              "Alias": "customer",
                                              "Startup Cost": 0.0,
                                              "Total Cost": 15918.33,
                                              "Plan Rows": 208333,
                                              "Plan Width": 8,
                                              "parent": 11,
                                              "ID": 12
                                            },
                                            {
                                              "Node Type": "Hash",
                                              "Parent Relationship": "Inner",
                                              "Parallel Aware": true,
                                              "Async Capable": false,
                                              "Startup Cost": 231056.44,
                                              "Total Cost": 231056.44,
                                              "Plan Rows": 3735,
                                              "Plan Width": 14,
                                              "Plans": [
                                                {
                                                  "Node Type": "Hash Join",
                                                  "Parent Relationship": "Outer",
                                                  "Parallel Aware": true,
                                                  "Async Capable": false,
                                                  "Join Type": "Inner",
                                                  "Startup Cost": 2050.23,
                                                  "Total Cost": 231056.44,
                                                  "Plan Rows": 3735,
                                                  "Plan Width": 14,
                                                  "Inner Unique": false,
                                                  "Hash Cond": "(web_sales.ws_sold_date_sk = date_dim.d_date_sk)",
                                                  "Plans": [
                                                    {
                                                      "Node Type": "Seq Scan",
                                                      "Parent Relationship": "Outer",
                                                      "Parallel Aware": true,
                                                      "Async Capable": false,
                                                      "Relation Name": "web_sales",
                                                      "Alias": "web_sales",
                                                      "Startup Cost": 0.0,
                                                      "Total Cost": 217737.86,
                                                      "Plan Rows": 2998986,
                                                      "Plan Width": 18,
                                                      "parent": 14,
                                                      "ID": 15
                                                    },
                                                    {
                                                      "Node Type": "Hash",
                                                      "Parent Relationship": "Inner",
                                                      "Parallel Aware": true,
                                                      "Async Capable": false,
                                                      "Startup Cost": 2049.55,
                                                      "Total Cost": 2049.55,
                                                      "Plan Rows": 54,
                                                      "Plan Width": 4,
                                                      "Plans": [
                                                        {
                                                          "Node Type": "Seq Scan",
                                                          "Parent Relationship": "Outer",
                                                          "Parallel Aware": true,
                                                          "Async Capable": false,
                                                          "Relation Name": "date_dim",
                                                          "Alias": "date_dim",
                                                          "Startup Cost": 0.0,
                                                          "Total Cost": 2049.55,
                                                          "Plan Rows": 54,
                                                          "Plan Width": 4,
                                                          "Filter": "((d_qoy = 2) AND (d_year = 2000))",
                                                          "parent": 16,
                                                          "ID": 17
                                                        }
                                                      ],
                                                      "parent": 14,
                                                      "ID": 16,
                                                      "left": 17
                                                    }
                                                  ],
                                                  "parent": 13,
                                                  "ID": 14,
                                                  "left": 15,
                                                  "right": 16
                                                }
                                              ],
                                              "parent": 11,
                                              "ID": 13,
                                              "left": 14
                                            }
                                          ],
                                          "parent": 10,
                                          "ID": 11,
                                          "left": 12,
                                          "right": 13
                                        }
                                      ],
                                      "parent": 8,
                                      "ID": 10,
                                      "left": 11
                                    }
                                  ],
                                  "parent": 7,
                                  "ID": 8,
                                  "left": 9,
                                  "right": 10
                                }
                              ],
                              "parent": 5,
                              "ID": 7,
                              "left": 8
                            },
                            {
                              "Node Type": "Seq Scan",
                              "Parent Relationship": "SubPlan",
                              "Subplan Name": "SubPlan 1",
                              "Parallel Aware": false,
                              "Async Capable": false,
                              "Relation Name": "item",
                              "Alias": "item_1",
                              "Startup Cost": 0.03,
                              "Total Cost": 8494.02,
                              "Plan Rows": 10,
                              "Plan Width": 17,
                              "Filter": "(i_item_sk = ANY ('{2,3,5,7,11,13,17,19,23,29}'::integer[]))",
                              "parent": 5,
                              "ID": 18
                            }
                          ],
                          "parent": 4,
                          "ID": 5,
                          "left": 6,
                          "right": 7
                        }
                      ],
                      "parent": 3,
                      "ID": 4,
                      "left": 5
                    }
                  ],
                  "parent": 2,
                  "ID": 3,
                  "left": 4
                }
              ],
              "parent": 1,
              "ID": 2,
              "left": 3
            }
          ],
          "parent": 0,
          "ID": 1,
          "left": 2
        }
      ],
      "parent": null,
      "ID": 0,
      "left": 1
    },
    "feat": {
      "utility": 0.00752978261909377,
      "query_shape": [
        [
          "Seq Scan",
          "Hash Join",
          "Sort",
          "Aggregate",
          "Gather Merge"
        ],
        [
          "Seq Scan",
          "Hash Join",
          "Hash",
          "Sort",
          "Aggregate",
          "Gather Merge"
        ],
        [
          "Seq Scan",
          "Hash Join",
          "Hash",
          "Sort",
          "Aggregate",
          "Gather Merge"
        ],
        [
          "Seq Scan",
          "Hash Join",
          "Hash",
          "Sort",
          "Aggregate",
          "Gather Merge"
        ],
        [
          "Seq Scan",
          "Hash",
          "Hash Join",
          "Sort",
          "Aggregate",
          "Gather Merge"
        ],
        [
          "Seq Scan",
          "Hash Join",
          "Sort",
          "Aggregate",
          "Gather Merge"
        ]
      ],
      "index_shape": [
        "selection"
      ],
      "physical_operator": {
        "Seq Scan": [
          0.0007392298320305635
        ]
      }
    }
  },
  {
    "query": "select  ca_zip, ca_city, sum(ws_sales_price)\n from web_sales, customer, customer_address, date_dim, item\n where ws_bill_customer_sk = c_customer_sk\n \tand c_current_addr_sk = ca_address_sk \n \tand ws_item_sk = i_item_sk \n \tand ( substr(ca_zip,1,5) in ('85669', '86197','88274','83405','86475', '85392', '85460', '80348', '81792')\n \t      or \n \t      i_item_id in (select i_item_id\n                             from item\n                             where i_item_sk in (2, 3, 5, 7, 11, 13, 17, 19, 23, 29)\n                             )\n \t    )\n \tand ws_sold_date_sk = d_date_sk\n \tand d_qoy = 2 and d_year = 2000\n group by ca_zip, ca_city\n order by ca_zip, ca_city\n limit 100;\n\n-- end query 30 in stream 1 using template query45.tpl\n",
    "indexes": "date_dim.d_qoy",
    "wo plan est": {
      "Node Type": "Limit",
      "Parallel Aware": false,
      "Async Capable": false,
      "Startup Cost": 271978.6,
      "Total Cost": 271991.24,
      "Plan Rows": 100,
      "Plan Width": 52,
      "Plans": [
        {
          "Node Type": "Aggregate",
          "Strategy": "Sorted",
          "Partial Mode": "Finalize",
          "Parent Relationship": "Outer",
          "Parallel Aware": false,
          "Async Capable": false,
          "Startup Cost": 271978.6,
          "Total Cost": 272570.44,
          "Plan Rows": 4683,
          "Plan Width": 52,
          "Group Key": [
            "customer_address.ca_zip",
            "customer_address.ca_city"
          ],
          "Plans": [
            {
              "Node Type": "Gather Merge",
              "Parent Relationship": "Outer",
              "Parallel Aware": false,
              "Async Capable": false,
              "Startup Cost": 271978.6,
              "Total Cost": 272472.89,
              "Plan Rows": 3902,
              "Plan Width": 52,
              "Workers Planned": 2,
              "Plans": [
                {
                  "Node Type": "Aggregate",
                  "Strategy": "Sorted",
                  "Partial Mode": "Partial",
                  "Parent Relationship": "Outer",
                  "Parallel Aware": false,
                  "Async Capable": false,
                  "Startup Cost": 270978.58,
                  "Total Cost": 271022.48,
                  "Plan Rows": 1951,
                  "Plan Width": 52,
                  "Group Key": [
                    "customer_address.ca_zip",
                    "customer_address.ca_city"
                  ],
                  "Plans": [
                    {
                      "Node Type": "Sort",
                      "Parent Relationship": "Outer",
                      "Parallel Aware": false,
                      "Async Capable": false,
                      "Startup Cost": 270978.58,
                      "Total Cost": 270983.46,
                      "Plan Rows": 1951,
                      "Plan Width": 26,
                      "Sort Key": [
                        "customer_address.ca_zip",
                        "customer_address.ca_city"
                      ],
                      "Plans": [
                        {
                          "Node Type": "Hash Join",
                          "Parent Relationship": "Outer",
                          "Parallel Aware": true,
                          "Async Capable": false,
                          "Join Type": "Inner",
                          "Startup Cost": 263288.57,
                          "Total Cost": 270871.96,
                          "Plan Rows": 1951,
                          "Plan Width": 26,
                          "Inner Unique": false,
                          "Hash Cond": "(item.i_item_sk = web_sales.ws_item_sk)",
                          "Join Filter": "((substr((customer_address.ca_zip)::text, 1, 5) = ANY ('{85669,86197,88274,83405,86475,85392,85460,80348,81792}'::text[])) OR (hashed SubPlan 1))",
                          "Plans": [
                            {
                              "Node Type": "Seq Scan",
                              "Parent Relationship": "Outer",
                              "Parallel Aware": true,
                              "Async Capable": false,
                              "Relation Name": "item",
                              "Alias": "item",
                              "Startup Cost": 0.0,
                              "Total Cost": 7389.0,
                              "Plan Rows": 42500,
                              "Plan Width": 21,
                              "parent": 5,
                              "ID": 6
                            },
                            {
                              "Node Type": "Hash",
                              "Parent Relationship": "Inner",
                              "Parallel Aware": true,
                              "Async Capable": false,
                              "Startup Cost": 254747.81,
                              "Total Cost": 254747.81,
                              "Plan Rows": 3735,
                              "Plan Width": 30,
                              "Plans": [
                                {
                                  "Node Type": "Hash Join",
                                  "Parent Relationship": "Outer",
                                  "Parallel Aware": true,
                                  "Async Capable": false,
                                  "Join Type": "Inner",
                                  "Startup Cost": 247864.96,
                                  "Total Cost": 254747.81,
                                  "Plan Rows": 3735,
                                  "Plan Width": 30,
                                  "Inner Unique": false,
                                  "Hash Cond": "(customer_address.ca_address_sk = customer.c_current_addr_sk)",
                                  "Plans": [
                                    {
                                      "Node Type": "Seq Scan",
                                      "Parent Relationship": "Outer",
                                      "Parallel Aware": true,
                                      "Async Capable": false,
                                      "Relation Name": "customer_address",
                                      "Alias": "customer_address",
                                      "Startup Cost": 0.0,
                                      "Total Cost": 6476.67,
                                      "Plan Rows": 104167,
                                      "Plan Width": 24,
                                      "parent": 8,
                                      "ID": 9
                                    },
                                    {
                                      "Node Type": "Hash",
                                      "Parent Relationship": "Inner",
                                      "Parallel Aware": true,
                                      "Async Capable": false,
                                      "Startup Cost": 247818.27,
                                      "Total Cost": 247818.27,
                                      "Plan Rows": 3735,
                                      "Plan Width": 14,
                                      "Plans": [
                                        {
                                          "Node Type": "Hash Join",
                                          "Parent Relationship": "Outer",
                                          "Parallel Aware": true,
                                          "Async Capable": false,
                                          "Join Type": "Inner",
                                          "Startup Cost": 231103.13,
                                          "Total Cost": 247818.27,
                                          "Plan Rows": 3735,
                                          "Plan Width": 14,
                                          "Inner Unique": false,
                                          "Hash Cond": "(customer.c_customer_sk = web_sales.ws_bill_customer_sk)",
                                          "Plans": [
                                            {
                                              "Node Type": "Seq Scan",
                                              "Parent Relationship": "Outer",
                                              "Parallel Aware": true,
                                              "Async Capable": false,
                                              "Relation Name": "customer",
                                              "Alias": "customer",
                                              "Startup Cost": 0.0,
                                              "Total Cost": 15918.33,
                                              "Plan Rows": 208333,
                                              "Plan Width": 8,
                                              "parent": 11,
                                              "ID": 12
                                            },
                                            {
                                              "Node Type": "Hash",
                                              "Parent Relationship": "Inner",
                                              "Parallel Aware": true,
                                              "Async Capable": false,
                                              "Startup Cost": 231056.44,
                                              "Total Cost": 231056.44,
                                              "Plan Rows": 3735,
                                              "Plan Width": 14,
                                              "Plans": [
                                                {
                                                  "Node Type": "Hash Join",
                                                  "Parent Relationship": "Outer",
                                                  "Parallel Aware": true,
                                                  "Async Capable": false,
                                                  "Join Type": "Inner",
                                                  "Startup Cost": 2050.23,
                                                  "Total Cost": 231056.44,
                                                  "Plan Rows": 3735,
                                                  "Plan Width": 14,
                                                  "Inner Unique": false,
                                                  "Hash Cond": "(web_sales.ws_sold_date_sk = date_dim.d_date_sk)",
                                                  "Plans": [
                                                    {
                                                      "Node Type": "Seq Scan",
                                                      "Parent Relationship": "Outer",
                                                      "Parallel Aware": true,
                                                      "Async Capable": false,
                                                      "Relation Name": "web_sales",
                                                      "Alias": "web_sales",
                                                      "Startup Cost": 0.0,
                                                      "Total Cost": 217737.86,
                                                      "Plan Rows": 2998986,
                                                      "Plan Width": 18,
                                                      "parent": 14,
                                                      "ID": 15
                                                    },
                                                    {
                                                      "Node Type": "Hash",
                                                      "Parent Relationship": "Inner",
                                                      "Parallel Aware": true,
                                                      "Async Capable": false,
                                                      "Startup Cost": 2049.55,
                                                      "Total Cost": 2049.55,
                                                      "Plan Rows": 54,
                                                      "Plan Width": 4,
                                                      "Plans": [
                                                        {
                                                          "Node Type": "Seq Scan",
                                                          "Parent Relationship": "Outer",
                                                          "Parallel Aware": true,
                                                          "Async Capable": false,
                                                          "Relation Name": "date_dim",
                                                          "Alias": "date_dim",
                                                          "Startup Cost": 0.0,
                                                          "Total Cost": 2049.55,
                                                          "Plan Rows": 54,
                                                          "Plan Width": 4,
                                                          "Filter": "((d_qoy = 2) AND (d_year = 2000))",
                                                          "parent": 16,
                                                          "ID": 17
                                                        }
                                                      ],
                                                      "parent": 14,
                                                      "ID": 16,
                                                      "left": 17
                                                    }
                                                  ],
                                                  "parent": 13,
                                                  "ID": 14,
                                                  "left": 15,
                                                  "right": 16
                                                }
                                              ],
                                              "parent": 11,
                                              "ID": 13,
                                              "left": 14
                                            }
                                          ],
                                          "parent": 10,
                                          "ID": 11,
                                          "left": 12,
                                          "right": 13
                                        }
                                      ],
                                      "parent": 8,
                                      "ID": 10,
                                      "left": 11
                                    }
                                  ],
                                  "parent": 7,
                                  "ID": 8,
                                  "left": 9,
                                  "right": 10
                                }
                              ],
                              "parent": 5,
                              "ID": 7,
                              "left": 8
                            },
                            {
                              "Node Type": "Seq Scan",
                              "Parent Relationship": "SubPlan",
                              "Subplan Name": "SubPlan 1",
                              "Parallel Aware": false,
                              "Async Capable": false,
                              "Relation Name": "item",
                              "Alias": "item_1",
                              "Startup Cost": 0.03,
                              "Total Cost": 8494.02,
                              "Plan Rows": 10,
                              "Plan Width": 17,
                              "Filter": "(i_item_sk = ANY ('{2,3,5,7,11,13,17,19,23,29}'::integer[]))",
                              "parent": 5,
                              "ID": 18
                            }
                          ],
                          "parent": 4,
                          "ID": 5,
                          "left": 6,
                          "right": 7
                        }
                      ],
                      "parent": 3,
                      "ID": 4,
                      "left": 5
                    }
                  ],
                  "parent": 2,
                  "ID": 3,
                  "left": 4
                }
              ],
              "parent": 1,
              "ID": 2,
              "left": 3
            }
          ],
          "parent": 0,
          "ID": 1,
          "left": 2
        }
      ],
      "parent": null,
      "ID": 0,
      "left": 1
    },
    "feat": {
      "utility": 0.00752978261909377,
      "query_shape": [
        [
          "Seq Scan",
          "Hash Join",
          "Sort",
          "Aggregate",
          "Gather Merge"
        ],
        [
          "Seq Scan",
          "Hash Join",
          "Hash",
          "Sort",
          "Aggregate",
          "Gather Merge"
        ],
        [
          "Seq Scan",
          "Hash Join",
          "Hash",
          "Sort",
          "Aggregate",
          "Gather Merge"
        ],
        [
          "Seq Scan",
          "Hash Join",
          "Hash",
          "Sort",
          "Aggregate",
          "Gather Merge"
        ],
        [
          "Seq Scan",
          "Hash",
          "Hash Join",
          "Sort",
          "Aggregate",
          "Gather Merge"
        ],
        [
          "Seq Scan",
          "Hash Join",
          "Sort",
          "Aggregate",
          "Gather Merge"
        ]
      ],
      "index_shape": [
        "selection"
      ],
      "physical_operator": {
        "Seq Scan": [
          0.0007392298320305635
        ]
      }
    }
  },
  {
    "query": "select  ca_zip, ca_city, sum(ws_sales_price)\n from web_sales, customer, customer_address, date_dim, item\n where ws_bill_customer_sk = c_customer_sk\n \tand c_current_addr_sk = ca_address_sk \n \tand ws_item_sk = i_item_sk \n \tand ( substr(ca_zip,1,5) in ('85669', '86197','88274','83405','86475', '85392', '85460', '80348', '81792')\n \t      or \n \t      i_item_id in (select i_item_id\n                             from item\n                             where i_item_sk in (2, 3, 5, 7, 11, 13, 17, 19, 23, 29)\n                             )\n \t    )\n \tand ws_sold_date_sk = d_date_sk\n \tand d_qoy = 2 and d_year = 2000\n group by ca_zip, ca_city\n order by ca_zip, ca_city\n limit 100;\n\n-- end query 30 in stream 1 using template query45.tpl\n",
    "indexes": "date_dim.d_date_sk",
    "wo plan est": {
      "Node Type": "Limit",
      "Parallel Aware": false,
      "Async Capable": false,
      "Startup Cost": 271978.6,
      "Total Cost": 271991.24,
      "Plan Rows": 100,
      "Plan Width": 52,
      "Plans": [
        {
          "Node Type": "Aggregate",
          "Strategy": "Sorted",
          "Partial Mode": "Finalize",
          "Parent Relationship": "Outer",
          "Parallel Aware": false,
          "Async Capable": false,
          "Startup Cost": 271978.6,
          "Total Cost": 272570.44,
          "Plan Rows": 4683,
          "Plan Width": 52,
          "Group Key": [
            "customer_address.ca_zip",
            "customer_address.ca_city"
          ],
          "Plans": [
            {
              "Node Type": "Gather Merge",
              "Parent Relationship": "Outer",
              "Parallel Aware": false,
              "Async Capable": false,
              "Startup Cost": 271978.6,
              "Total Cost": 272472.89,
              "Plan Rows": 3902,
              "Plan Width": 52,
              "Workers Planned": 2,
              "Plans": [
                {
                  "Node Type": "Aggregate",
                  "Strategy": "Sorted",
                  "Partial Mode": "Partial",
                  "Parent Relationship": "Outer",
                  "Parallel Aware": false,
                  "Async Capable": false,
                  "Startup Cost": 270978.58,
                  "Total Cost": 271022.48,
                  "Plan Rows": 1951,
                  "Plan Width": 52,
                  "Group Key": [
                    "customer_address.ca_zip",
                    "customer_address.ca_city"
                  ],
                  "Plans": [
                    {
                      "Node Type": "Sort",
                      "Parent Relationship": "Outer",
                      "Parallel Aware": false,
                      "Async Capable": false,
                      "Startup Cost": 270978.58,
                      "Total Cost": 270983.46,
                      "Plan Rows": 1951,
                      "Plan Width": 26,
                      "Sort Key": [
                        "customer_address.ca_zip",
                        "customer_address.ca_city"
                      ],
                      "Plans": [
                        {
                          "Node Type": "Hash Join",
                          "Parent Relationship": "Outer",
                          "Parallel Aware": true,
                          "Async Capable": false,
                          "Join Type": "Inner",
                          "Startup Cost": 263288.57,
                          "Total Cost": 270871.96,
                          "Plan Rows": 1951,
                          "Plan Width": 26,
                          "Inner Unique": false,
                          "Hash Cond": "(item.i_item_sk = web_sales.ws_item_sk)",
                          "Join Filter": "((substr((customer_address.ca_zip)::text, 1, 5) = ANY ('{85669,86197,88274,83405,86475,85392,85460,80348,81792}'::text[])) OR (hashed SubPlan 1))",
                          "Plans": [
                            {
                              "Node Type": "Seq Scan",
                              "Parent Relationship": "Outer",
                              "Parallel Aware": true,
                              "Async Capable": false,
                              "Relation Name": "item",
                              "Alias": "item",
                              "Startup Cost": 0.0,
                              "Total Cost": 7389.0,
                              "Plan Rows": 42500,
                              "Plan Width": 21,
                              "parent": 5,
                              "ID": 6
                            },
                            {
                              "Node Type": "Hash",
                              "Parent Relationship": "Inner",
                              "Parallel Aware": true,
                              "Async Capable": false,
                              "Startup Cost": 254747.81,
                              "Total Cost": 254747.81,
                              "Plan Rows": 3735,
                              "Plan Width": 30,
                              "Plans": [
                                {
                                  "Node Type": "Hash Join",
                                  "Parent Relationship": "Outer",
                                  "Parallel Aware": true,
                                  "Async Capable": false,
                                  "Join Type": "Inner",
                                  "Startup Cost": 247864.96,
                                  "Total Cost": 254747.81,
                                  "Plan Rows": 3735,
                                  "Plan Width": 30,
                                  "Inner Unique": false,
                                  "Hash Cond": "(customer_address.ca_address_sk = customer.c_current_addr_sk)",
                                  "Plans": [
                                    {
                                      "Node Type": "Seq Scan",
                                      "Parent Relationship": "Outer",
                                      "Parallel Aware": true,
                                      "Async Capable": false,
                                      "Relation Name": "customer_address",
                                      "Alias": "customer_address",
                                      "Startup Cost": 0.0,
                                      "Total Cost": 6476.67,
                                      "Plan Rows": 104167,
                                      "Plan Width": 24,
                                      "parent": 8,
                                      "ID": 9
                                    },
                                    {
                                      "Node Type": "Hash",
                                      "Parent Relationship": "Inner",
                                      "Parallel Aware": true,
                                      "Async Capable": false,
                                      "Startup Cost": 247818.27,
                                      "Total Cost": 247818.27,
                                      "Plan Rows": 3735,
                                      "Plan Width": 14,
                                      "Plans": [
                                        {
                                          "Node Type": "Hash Join",
                                          "Parent Relationship": "Outer",
                                          "Parallel Aware": true,
                                          "Async Capable": false,
                                          "Join Type": "Inner",
                                          "Startup Cost": 231103.13,
                                          "Total Cost": 247818.27,
                                          "Plan Rows": 3735,
                                          "Plan Width": 14,
                                          "Inner Unique": false,
                                          "Hash Cond": "(customer.c_customer_sk = web_sales.ws_bill_customer_sk)",
                                          "Plans": [
                                            {
                                              "Node Type": "Seq Scan",
                                              "Parent Relationship": "Outer",
                                              "Parallel Aware": true,
                                              "Async Capable": false,
                                              "Relation Name": "customer",
                                              "Alias": "customer",
                                              "Startup Cost": 0.0,
                                              "Total Cost": 15918.33,
                                              "Plan Rows": 208333,
                                              "Plan Width": 8,
                                              "parent": 11,
                                              "ID": 12
                                            },
                                            {
                                              "Node Type": "Hash",
                                              "Parent Relationship": "Inner",
                                              "Parallel Aware": true,
                                              "Async Capable": false,
                                              "Startup Cost": 231056.44,
                                              "Total Cost": 231056.44,
                                              "Plan Rows": 3735,
                                              "Plan Width": 14,
                                              "Plans": [
                                                {
                                                  "Node Type": "Hash Join",
                                                  "Parent Relationship": "Outer",
                                                  "Parallel Aware": true,
                                                  "Async Capable": false,
                                                  "Join Type": "Inner",
                                                  "Startup Cost": 2050.23,
                                                  "Total Cost": 231056.44,
                                                  "Plan Rows": 3735,
                                                  "Plan Width": 14,
                                                  "Inner Unique": false,
                                                  "Hash Cond": "(web_sales.ws_sold_date_sk = date_dim.d_date_sk)",
                                                  "Plans": [
                                                    {
                                                      "Node Type": "Seq Scan",
                                                      "Parent Relationship": "Outer",
                                                      "Parallel Aware": true,
                                                      "Async Capable": false,
                                                      "Relation Name": "web_sales",
                                                      "Alias": "web_sales",
                                                      "Startup Cost": 0.0,
                                                      "Total Cost": 217737.86,
                                                      "Plan Rows": 2998986,
                                                      "Plan Width": 18,
                                                      "parent": 14,
                                                      "ID": 15
                                                    },
                                                    {
                                                      "Node Type": "Hash",
                                                      "Parent Relationship": "Inner",
                                                      "Parallel Aware": true,
                                                      "Async Capable": false,
                                                      "Startup Cost": 2049.55,
                                                      "Total Cost": 2049.55,
                                                      "Plan Rows": 54,
                                                      "Plan Width": 4,
                                                      "Plans": [
                                                        {
                                                          "Node Type": "Seq Scan",
                                                          "Parent Relationship": "Outer",
                                                          "Parallel Aware": true,
                                                          "Async Capable": false,
                                                          "Relation Name": "date_dim",
                                                          "Alias": "date_dim",
                                                          "Startup Cost": 0.0,
                                                          "Total Cost": 2049.55,
                                                          "Plan Rows": 54,
                                                          "Plan Width": 4,
                                                          "Filter": "((d_qoy = 2) AND (d_year = 2000))",
                                                          "parent": 16,
                                                          "ID": 17
                                                        }
                                                      ],
                                                      "parent": 14,
                                                      "ID": 16,
                                                      "left": 17
                                                    }
                                                  ],
                                                  "parent": 13,
                                                  "ID": 14,
                                                  "left": 15,
                                                  "right": 16
                                                }
                                              ],
                                              "parent": 11,
                                              "ID": 13,
                                              "left": 14
                                            }
                                          ],
                                          "parent": 10,
                                          "ID": 11,
                                          "left": 12,
                                          "right": 13
                                        }
                                      ],
                                      "parent": 8,
                                      "ID": 10,
                                      "left": 11
                                    }
                                  ],
                                  "parent": 7,
                                  "ID": 8,
                                  "left": 9,
                                  "right": 10
                                }
                              ],
                              "parent": 5,
                              "ID": 7,
                              "left": 8
                            },
                            {
                              "Node Type": "Seq Scan",
                              "Parent Relationship": "SubPlan",
                              "Subplan Name": "SubPlan 1",
                              "Parallel Aware": false,
                              "Async Capable": false,
                              "Relation Name": "item",
                              "Alias": "item_1",
                              "Startup Cost": 0.03,
                              "Total Cost": 8494.02,
                              "Plan Rows": 10,
                              "Plan Width": 17,
                              "Filter": "(i_item_sk = ANY ('{2,3,5,7,11,13,17,19,23,29}'::integer[]))",
                              "parent": 5,
                              "ID": 18
                            }
                          ],
                          "parent": 4,
                          "ID": 5,
                          "left": 6,
                          "right": 7
                        }
                      ],
                      "parent": 3,
                      "ID": 4,
                      "left": 5
                    }
                  ],
                  "parent": 2,
                  "ID": 3,
                  "left": 4
                }
              ],
              "parent": 1,
              "ID": 2,
              "left": 3
            }
          ],
          "parent": 0,
          "ID": 1,
          "left": 2
        }
      ],
      "parent": null,
      "ID": 0,
      "left": 1
    },
    "feat": {
      "utility": 0.03107904522381514,
      "query_shape": [
        [
          "Seq Scan",
          "Hash Join",
          "Sort",
          "Aggregate",
          "Gather Merge"
        ],
        [
          "Seq Scan",
          "Hash Join",
          "Hash",
          "Sort",
          "Aggregate",
          "Gather Merge"
        ],
        [
          "Seq Scan",
          "Hash Join",
          "Hash",
          "Sort",
          "Aggregate",
          "Gather Merge"
        ],
        [
          "Seq Scan",
          "Hash Join",
          "Hash",
          "Sort",
          "Aggregate",
          "Gather Merge"
        ],
        [
          "Seq Scan",
          "Hash",
          "Hash Join",
          "Sort",
          "Aggregate",
          "Gather Merge"
        ],
        [
          "Seq Scan",
          "Hash Join",
          "Sort",
          "Aggregate",
          "Gather Merge"
        ]
      ],
      "index_shape": [
        "join"
      ],
      "physical_operator": {
        "Hash Join": [
          0.004802431776525597
        ]
      }
    }
  },
  {
    "query": "select  ca_zip, ca_city, sum(ws_sales_price)\n from web_sales, customer, customer_address, date_dim, item\n where ws_bill_customer_sk = c_customer_sk\n \tand c_current_addr_sk = ca_address_sk \n \tand ws_item_sk = i_item_sk \n \tand ( substr(ca_zip,1,5) in ('85669', '86197','88274','83405','86475', '85392', '85460', '80348', '81792')\n \t      or \n \t      i_item_id in (select i_item_id\n                             from item\n                             where i_item_sk in (2, 3, 5, 7, 11, 13, 17, 19, 23, 29)\n                             )\n \t    )\n \tand ws_sold_date_sk = d_date_sk\n \tand d_qoy = 2 and d_year = 2000\n group by ca_zip, ca_city\n order by ca_zip, ca_city\n limit 100;\n\n-- end query 30 in stream 1 using template query45.tpl\n",
    "indexes": "date_dim.d_date",
    "wo plan est": {
      "Node Type": "Limit",
      "Parallel Aware": false,
      "Async Capable": false,
      "Startup Cost": 271978.6,
      "Total Cost": 271991.24,
      "Plan Rows": 100,
      "Plan Width": 52,
      "Plans": [
        {
          "Node Type": "Aggregate",
          "Strategy": "Sorted",
          "Partial Mode": "Finalize",
          "Parent Relationship": "Outer",
          "Parallel Aware": false,
          "Async Capable": false,
          "Startup Cost": 271978.6,
          "Total Cost": 272570.44,
          "Plan Rows": 4683,
          "Plan Width": 52,
          "Group Key": [
            "customer_address.ca_zip",
            "customer_address.ca_city"
          ],
          "Plans": [
            {
              "Node Type": "Gather Merge",
              "Parent Relationship": "Outer",
              "Parallel Aware": false,
              "Async Capable": false,
              "Startup Cost": 271978.6,
              "Total Cost": 272472.89,
              "Plan Rows": 3902,
              "Plan Width": 52,
              "Workers Planned": 2,
              "Plans": [
                {
                  "Node Type": "Aggregate",
                  "Strategy": "Sorted",
                  "Partial Mode": "Partial",
                  "Parent Relationship": "Outer",
                  "Parallel Aware": false,
                  "Async Capable": false,
                  "Startup Cost": 270978.58,
                  "Total Cost": 271022.48,
                  "Plan Rows": 1951,
                  "Plan Width": 52,
                  "Group Key": [
                    "customer_address.ca_zip",
                    "customer_address.ca_city"
                  ],
                  "Plans": [
                    {
                      "Node Type": "Sort",
                      "Parent Relationship": "Outer",
                      "Parallel Aware": false,
                      "Async Capable": false,
                      "Startup Cost": 270978.58,
                      "Total Cost": 270983.46,
                      "Plan Rows": 1951,
                      "Plan Width": 26,
                      "Sort Key": [
                        "customer_address.ca_zip",
                        "customer_address.ca_city"
                      ],
                      "Plans": [
                        {
                          "Node Type": "Hash Join",
                          "Parent Relationship": "Outer",
                          "Parallel Aware": true,
                          "Async Capable": false,
                          "Join Type": "Inner",
                          "Startup Cost": 263288.57,
                          "Total Cost": 270871.96,
                          "Plan Rows": 1951,
                          "Plan Width": 26,
                          "Inner Unique": false,
                          "Hash Cond": "(item.i_item_sk = web_sales.ws_item_sk)",
                          "Join Filter": "((substr((customer_address.ca_zip)::text, 1, 5) = ANY ('{85669,86197,88274,83405,86475,85392,85460,80348,81792}'::text[])) OR (hashed SubPlan 1))",
                          "Plans": [
                            {
                              "Node Type": "Seq Scan",
                              "Parent Relationship": "Outer",
                              "Parallel Aware": true,
                              "Async Capable": false,
                              "Relation Name": "item",
                              "Alias": "item",
                              "Startup Cost": 0.0,
                              "Total Cost": 7389.0,
                              "Plan Rows": 42500,
                              "Plan Width": 21,
                              "parent": 5,
                              "ID": 6
                            },
                            {
                              "Node Type": "Hash",
                              "Parent Relationship": "Inner",
                              "Parallel Aware": true,
                              "Async Capable": false,
                              "Startup Cost": 254747.81,
                              "Total Cost": 254747.81,
                              "Plan Rows": 3735,
                              "Plan Width": 30,
                              "Plans": [
                                {
                                  "Node Type": "Hash Join",
                                  "Parent Relationship": "Outer",
                                  "Parallel Aware": true,
                                  "Async Capable": false,
                                  "Join Type": "Inner",
                                  "Startup Cost": 247864.96,
                                  "Total Cost": 254747.81,
                                  "Plan Rows": 3735,
                                  "Plan Width": 30,
                                  "Inner Unique": false,
                                  "Hash Cond": "(customer_address.ca_address_sk = customer.c_current_addr_sk)",
                                  "Plans": [
                                    {
                                      "Node Type": "Seq Scan",
                                      "Parent Relationship": "Outer",
                                      "Parallel Aware": true,
                                      "Async Capable": false,
                                      "Relation Name": "customer_address",
                                      "Alias": "customer_address",
                                      "Startup Cost": 0.0,
                                      "Total Cost": 6476.67,
                                      "Plan Rows": 104167,
                                      "Plan Width": 24,
                                      "parent": 8,
                                      "ID": 9
                                    },
                                    {
                                      "Node Type": "Hash",
                                      "Parent Relationship": "Inner",
                                      "Parallel Aware": true,
                                      "Async Capable": false,
                                      "Startup Cost": 247818.27,
                                      "Total Cost": 247818.27,
                                      "Plan Rows": 3735,
                                      "Plan Width": 14,
                                      "Plans": [
                                        {
                                          "Node Type": "Hash Join",
                                          "Parent Relationship": "Outer",
                                          "Parallel Aware": true,
                                          "Async Capable": false,
                                          "Join Type": "Inner",
                                          "Startup Cost": 231103.13,
                                          "Total Cost": 247818.27,
                                          "Plan Rows": 3735,
                                          "Plan Width": 14,
                                          "Inner Unique": false,
                                          "Hash Cond": "(customer.c_customer_sk = web_sales.ws_bill_customer_sk)",
                                          "Plans": [
                                            {
                                              "Node Type": "Seq Scan",
                                              "Parent Relationship": "Outer",
                                              "Parallel Aware": true,
                                              "Async Capable": false,
                                              "Relation Name": "customer",
                                              "Alias": "customer",
                                              "Startup Cost": 0.0,
                                              "Total Cost": 15918.33,
                                              "Plan Rows": 208333,
                                              "Plan Width": 8,
                                              "parent": 11,
                                              "ID": 12
                                            },
                                            {
                                              "Node Type": "Hash",
                                              "Parent Relationship": "Inner",
                                              "Parallel Aware": true,
                                              "Async Capable": false,
                                              "Startup Cost": 231056.44,
                                              "Total Cost": 231056.44,
                                              "Plan Rows": 3735,
                                              "Plan Width": 14,
                                              "Plans": [
                                                {
                                                  "Node Type": "Hash Join",
                                                  "Parent Relationship": "Outer",
                                                  "Parallel Aware": true,
                                                  "Async Capable": false,
                                                  "Join Type": "Inner",
                                                  "Startup Cost": 2050.23,
                                                  "Total Cost": 231056.44,
                                                  "Plan Rows": 3735,
                                                  "Plan Width": 14,
                                                  "Inner Unique": false,
                                                  "Hash Cond": "(web_sales.ws_sold_date_sk = date_dim.d_date_sk)",
                                                  "Plans": [
                                                    {
                                                      "Node Type": "Seq Scan",
                                                      "Parent Relationship": "Outer",
                                                      "Parallel Aware": true,
                                                      "Async Capable": false,
                                                      "Relation Name": "web_sales",
                                                      "Alias": "web_sales",
                                                      "Startup Cost": 0.0,
                                                      "Total Cost": 217737.86,
                                                      "Plan Rows": 2998986,
                                                      "Plan Width": 18,
                                                      "parent": 14,
                                                      "ID": 15
                                                    },
                                                    {
                                                      "Node Type": "Hash",
                                                      "Parent Relationship": "Inner",
                                                      "Parallel Aware": true,
                                                      "Async Capable": false,
                                                      "Startup Cost": 2049.55,
                                                      "Total Cost": 2049.55,
                                                      "Plan Rows": 54,
                                                      "Plan Width": 4,
                                                      "Plans": [
                                                        {
                                                          "Node Type": "Seq Scan",
                                                          "Parent Relationship": "Outer",
                                                          "Parallel Aware": true,
                                                          "Async Capable": false,
                                                          "Relation Name": "date_dim",
                                                          "Alias": "date_dim",
                                                          "Startup Cost": 0.0,
                                                          "Total Cost": 2049.55,
                                                          "Plan Rows": 54,
                                                          "Plan Width": 4,
                                                          "Filter": "((d_qoy = 2) AND (d_year = 2000))",
                                                          "parent": 16,
                                                          "ID": 17
                                                        }
                                                      ],
                                                      "parent": 14,
                                                      "ID": 16,
                                                      "left": 17
                                                    }
                                                  ],
                                                  "parent": 13,
                                                  "ID": 14,
                                                  "left": 15,
                                                  "right": 16
                                                }
                                              ],
                                              "parent": 11,
                                              "ID": 13,
                                              "left": 14
                                            }
                                          ],
                                          "parent": 10,
                                          "ID": 11,
                                          "left": 12,
                                          "right": 13
                                        }
                                      ],
                                      "parent": 8,
                                      "ID": 10,
                                      "left": 11
                                    }
                                  ],
                                  "parent": 7,
                                  "ID": 8,
                                  "left": 9,
                                  "right": 10
                                }
                              ],
                              "parent": 5,
                              "ID": 7,
                              "left": 8
                            },
                            {
                              "Node Type": "Seq Scan",
                              "Parent Relationship": "SubPlan",
                              "Subplan Name": "SubPlan 1",
                              "Parallel Aware": false,
                              "Async Capable": false,
                              "Relation Name": "item",
                              "Alias": "item_1",
                              "Startup Cost": 0.03,
                              "Total Cost": 8494.02,
                              "Plan Rows": 10,
                              "Plan Width": 17,
                              "Filter": "(i_item_sk = ANY ('{2,3,5,7,11,13,17,19,23,29}'::integer[]))",
                              "parent": 5,
                              "ID": 18
                            }
                          ],
                          "parent": 4,
                          "ID": 5,
                          "left": 6,
                          "right": 7
                        }
                      ],
                      "parent": 3,
                      "ID": 4,
                      "left": 5
                    }
                  ],
                  "parent": 2,
                  "ID": 3,
                  "left": 4
                }
              ],
              "parent": 1,
              "ID": 2,
              "left": 3
            }
          ],
          "parent": 0,
          "ID": 1,
          "left": 2
        }
      ],
      "parent": null,
      "ID": 0,
      "left": 1
    },
    "feat": {
      "utility": 0.03107904522381514,
      "query_shape": [
        [
          "Seq Scan",
          "Hash Join",
          "Sort",
          "Aggregate",
          "Gather Merge"
        ],
        [
          "Seq Scan",
          "Hash Join",
          "Hash",
          "Sort",
          "Aggregate",
          "Gather Merge"
        ],
        [
          "Seq Scan",
          "Hash Join",
          "Hash",
          "Sort",
          "Aggregate",
          "Gather Merge"
        ],
        [
          "Seq Scan",
          "Hash Join",
          "Hash",
          "Sort",
          "Aggregate",
          "Gather Merge"
        ],
        [
          "Seq Scan",
          "Hash",
          "Hash Join",
          "Sort",
          "Aggregate",
          "Gather Merge"
        ],
        [
          "Seq Scan",
          "Hash Join",
          "Sort",
          "Aggregate",
          "Gather Merge"
        ]
      ],
      "index_shape": [
        "join"
      ],
      "physical_operator": {
        "Hash Join": [
          0.004802431776525597
        ]
      }
    }
  },
  {
    "query": "select  ca_zip, ca_city, sum(ws_sales_price)\n from web_sales, customer, customer_address, date_dim, item\n where ws_bill_customer_sk = c_customer_sk\n \tand c_current_addr_sk = ca_address_sk \n \tand ws_item_sk = i_item_sk \n \tand ( substr(ca_zip,1,5) in ('85669', '86197','88274','83405','86475', '85392', '85460', '80348', '81792')\n \t      or \n \t      i_item_id in (select i_item_id\n                             from item\n                             where i_item_sk in (2, 3, 5, 7, 11, 13, 17, 19, 23, 29)\n                             )\n \t    )\n \tand ws_sold_date_sk = d_date_sk\n \tand d_qoy = 2 and d_year = 2000\n group by ca_zip, ca_city\n order by ca_zip, ca_city\n limit 100;\n\n-- end query 30 in stream 1 using template query45.tpl\n",
    "indexes": "item.i_item_sk",
    "wo plan est": {
      "Node Type": "Limit",
      "Parallel Aware": false,
      "Async Capable": false,
      "Startup Cost": 271978.6,
      "Total Cost": 271991.24,
      "Plan Rows": 100,
      "Plan Width": 52,
      "Plans": [
        {
          "Node Type": "Aggregate",
          "Strategy": "Sorted",
          "Partial Mode": "Finalize",
          "Parent Relationship": "Outer",
          "Parallel Aware": false,
          "Async Capable": false,
          "Startup Cost": 271978.6,
          "Total Cost": 272570.44,
          "Plan Rows": 4683,
          "Plan Width": 52,
          "Group Key": [
            "customer_address.ca_zip",
            "customer_address.ca_city"
          ],
          "Plans": [
            {
              "Node Type": "Gather Merge",
              "Parent Relationship": "Outer",
              "Parallel Aware": false,
              "Async Capable": false,
              "Startup Cost": 271978.6,
              "Total Cost": 272472.89,
              "Plan Rows": 3902,
              "Plan Width": 52,
              "Workers Planned": 2,
              "Plans": [
                {
                  "Node Type": "Aggregate",
                  "Strategy": "Sorted",
                  "Partial Mode": "Partial",
                  "Parent Relationship": "Outer",
                  "Parallel Aware": false,
                  "Async Capable": false,
                  "Startup Cost": 270978.58,
                  "Total Cost": 271022.48,
                  "Plan Rows": 1951,
                  "Plan Width": 52,
                  "Group Key": [
                    "customer_address.ca_zip",
                    "customer_address.ca_city"
                  ],
                  "Plans": [
                    {
                      "Node Type": "Sort",
                      "Parent Relationship": "Outer",
                      "Parallel Aware": false,
                      "Async Capable": false,
                      "Startup Cost": 270978.58,
                      "Total Cost": 270983.46,
                      "Plan Rows": 1951,
                      "Plan Width": 26,
                      "Sort Key": [
                        "customer_address.ca_zip",
                        "customer_address.ca_city"
                      ],
                      "Plans": [
                        {
                          "Node Type": "Hash Join",
                          "Parent Relationship": "Outer",
                          "Parallel Aware": true,
                          "Async Capable": false,
                          "Join Type": "Inner",
                          "Startup Cost": 263288.57,
                          "Total Cost": 270871.96,
                          "Plan Rows": 1951,
                          "Plan Width": 26,
                          "Inner Unique": false,
                          "Hash Cond": "(item.i_item_sk = web_sales.ws_item_sk)",
                          "Join Filter": "((substr((customer_address.ca_zip)::text, 1, 5) = ANY ('{85669,86197,88274,83405,86475,85392,85460,80348,81792}'::text[])) OR (hashed SubPlan 1))",
                          "Plans": [
                            {
                              "Node Type": "Seq Scan",
                              "Parent Relationship": "Outer",
                              "Parallel Aware": true,
                              "Async Capable": false,
                              "Relation Name": "item",
                              "Alias": "item",
                              "Startup Cost": 0.0,
                              "Total Cost": 7389.0,
                              "Plan Rows": 42500,
                              "Plan Width": 21,
                              "parent": 5,
                              "ID": 6
                            },
                            {
                              "Node Type": "Hash",
                              "Parent Relationship": "Inner",
                              "Parallel Aware": true,
                              "Async Capable": false,
                              "Startup Cost": 254747.81,
                              "Total Cost": 254747.81,
                              "Plan Rows": 3735,
                              "Plan Width": 30,
                              "Plans": [
                                {
                                  "Node Type": "Hash Join",
                                  "Parent Relationship": "Outer",
                                  "Parallel Aware": true,
                                  "Async Capable": false,
                                  "Join Type": "Inner",
                                  "Startup Cost": 247864.96,
                                  "Total Cost": 254747.81,
                                  "Plan Rows": 3735,
                                  "Plan Width": 30,
                                  "Inner Unique": false,
                                  "Hash Cond": "(customer_address.ca_address_sk = customer.c_current_addr_sk)",
                                  "Plans": [
                                    {
                                      "Node Type": "Seq Scan",
                                      "Parent Relationship": "Outer",
                                      "Parallel Aware": true,
                                      "Async Capable": false,
                                      "Relation Name": "customer_address",
                                      "Alias": "customer_address",
                                      "Startup Cost": 0.0,
                                      "Total Cost": 6476.67,
                                      "Plan Rows": 104167,
                                      "Plan Width": 24,
                                      "parent": 8,
                                      "ID": 9
                                    },
                                    {
                                      "Node Type": "Hash",
                                      "Parent Relationship": "Inner",
                                      "Parallel Aware": true,
                                      "Async Capable": false,
                                      "Startup Cost": 247818.27,
                                      "Total Cost": 247818.27,
                                      "Plan Rows": 3735,
                                      "Plan Width": 14,
                                      "Plans": [
                                        {
                                          "Node Type": "Hash Join",
                                          "Parent Relationship": "Outer",
                                          "Parallel Aware": true,
                                          "Async Capable": false,
                                          "Join Type": "Inner",
                                          "Startup Cost": 231103.13,
                                          "Total Cost": 247818.27,
                                          "Plan Rows": 3735,
                                          "Plan Width": 14,
                                          "Inner Unique": false,
                                          "Hash Cond": "(customer.c_customer_sk = web_sales.ws_bill_customer_sk)",
                                          "Plans": [
                                            {
                                              "Node Type": "Seq Scan",
                                              "Parent Relationship": "Outer",
                                              "Parallel Aware": true,
                                              "Async Capable": false,
                                              "Relation Name": "customer",
                                              "Alias": "customer",
                                              "Startup Cost": 0.0,
                                              "Total Cost": 15918.33,
                                              "Plan Rows": 208333,
                                              "Plan Width": 8,
                                              "parent": 11,
                                              "ID": 12
                                            },
                                            {
                                              "Node Type": "Hash",
                                              "Parent Relationship": "Inner",
                                              "Parallel Aware": true,
                                              "Async Capable": false,
                                              "Startup Cost": 231056.44,
                                              "Total Cost": 231056.44,
                                              "Plan Rows": 3735,
                                              "Plan Width": 14,
                                              "Plans": [
                                                {
                                                  "Node Type": "Hash Join",
                                                  "Parent Relationship": "Outer",
                                                  "Parallel Aware": true,
                                                  "Async Capable": false,
                                                  "Join Type": "Inner",
                                                  "Startup Cost": 2050.23,
                                                  "Total Cost": 231056.44,
                                                  "Plan Rows": 3735,
                                                  "Plan Width": 14,
                                                  "Inner Unique": false,
                                                  "Hash Cond": "(web_sales.ws_sold_date_sk = date_dim.d_date_sk)",
                                                  "Plans": [
                                                    {
                                                      "Node Type": "Seq Scan",
                                                      "Parent Relationship": "Outer",
                                                      "Parallel Aware": true,
                                                      "Async Capable": false,
                                                      "Relation Name": "web_sales",
                                                      "Alias": "web_sales",
                                                      "Startup Cost": 0.0,
                                                      "Total Cost": 217737.86,
                                                      "Plan Rows": 2998986,
                                                      "Plan Width": 18,
                                                      "parent": 14,
                                                      "ID": 15
                                                    },
                                                    {
                                                      "Node Type": "Hash",
                                                      "Parent Relationship": "Inner",
                                                      "Parallel Aware": true,
                                                      "Async Capable": false,
                                                      "Startup Cost": 2049.55,
                                                      "Total Cost": 2049.55,
                                                      "Plan Rows": 54,
                                                      "Plan Width": 4,
                                                      "Plans": [
                                                        {
                                                          "Node Type": "Seq Scan",
                                                          "Parent Relationship": "Outer",
                                                          "Parallel Aware": true,
                                                          "Async Capable": false,
                                                          "Relation Name": "date_dim",
                                                          "Alias": "date_dim",
                                                          "Startup Cost": 0.0,
                                                          "Total Cost": 2049.55,
                                                          "Plan Rows": 54,
                                                          "Plan Width": 4,
                                                          "Filter": "((d_qoy = 2) AND (d_year = 2000))",
                                                          "parent": 16,
                                                          "ID": 17
                                                        }
                                                      ],
                                                      "parent": 14,
                                                      "ID": 16,
                                                      "left": 17
                                                    }
                                                  ],
                                                  "parent": 13,
                                                  "ID": 14,
                                                  "left": 15,
                                                  "right": 16
                                                }
                                              ],
                                              "parent": 11,
                                              "ID": 13,
                                              "left": 14
                                            }
                                          ],
                                          "parent": 10,
                                          "ID": 11,
                                          "left": 12,
                                          "right": 13
                                        }
                                      ],
                                      "parent": 8,
                                      "ID": 10,
                                      "left": 11
                                    }
                                  ],
                                  "parent": 7,
                                  "ID": 8,
                                  "left": 9,
                                  "right": 10
                                }
                              ],
                              "parent": 5,
                              "ID": 7,
                              "left": 8
                            },
                            {
                              "Node Type": "Seq Scan",
                              "Parent Relationship": "SubPlan",
                              "Subplan Name": "SubPlan 1",
                              "Parallel Aware": false,
                              "Async Capable": false,
                              "Relation Name": "item",
                              "Alias": "item_1",
                              "Startup Cost": 0.03,
                              "Total Cost": 8494.02,
                              "Plan Rows": 10,
                              "Plan Width": 17,
                              "Filter": "(i_item_sk = ANY ('{2,3,5,7,11,13,17,19,23,29}'::integer[]))",
                              "parent": 5,
                              "ID": 18
                            }
                          ],
                          "parent": 4,
                          "ID": 5,
                          "left": 6,
                          "right": 7
                        }
                      ],
                      "parent": 3,
                      "ID": 4,
                      "left": 5
                    }
                  ],
                  "parent": 2,
                  "ID": 3,
                  "left": 4
                }
              ],
              "parent": 1,
              "ID": 2,
              "left": 3
            }
          ],
          "parent": 0,
          "ID": 1,
          "left": 2
        }
      ],
      "parent": null,
      "ID": 0,
      "left": 1
    },
    "feat": {
      "utility": 0.062345496123369475,
      "query_shape": [
        [
          "Seq Scan",
          "Hash Join",
          "Sort",
          "Aggregate",
          "Gather Merge"
        ],
        [
          "Seq Scan",
          "Hash Join",
          "Hash",
          "Sort",
          "Aggregate",
          "Gather Merge"
        ],
        [
          "Seq Scan",
          "Hash Join",
          "Hash",
          "Sort",
          "Aggregate",
          "Gather Merge"
        ],
        [
          "Seq Scan",
          "Hash Join",
          "Hash",
          "Sort",
          "Aggregate",
          "Gather Merge"
        ],
        [
          "Seq Scan",
          "Hash",
          "Hash Join",
          "Sort",
          "Aggregate",
          "Gather Merge"
        ],
        [
          "Seq Scan",
          "Hash Join",
          "Sort",
          "Aggregate",
          "Gather Merge"
        ]
      ],
      "index_shape": [
        "join"
      ],
      "physical_operator": {
        "Seq Scan": [
          9.803921568629637e-05
        ],
        "Hash Join": [
          0.003505813964497495
        ]
      }
    }
  },
  {
    "query": "select  ca_zip, ca_city, sum(ws_sales_price)\n from web_sales, customer, customer_address, date_dim, item\n where ws_bill_customer_sk = c_customer_sk\n \tand c_current_addr_sk = ca_address_sk \n \tand ws_item_sk = i_item_sk \n \tand ( substr(ca_zip,1,5) in ('85669', '86197','88274','83405','86475', '85392', '85460', '80348', '81792')\n \t      or \n \t      i_item_id in (select i_item_id\n                             from item\n                             where i_item_sk in (2, 3, 5, 7, 11, 13, 17, 19, 23, 29)\n                             )\n \t    )\n \tand ws_sold_date_sk = d_date_sk\n \tand d_qoy = 2 and d_year = 2000\n group by ca_zip, ca_city\n order by ca_zip, ca_city\n limit 100;\n\n-- end query 30 in stream 1 using template query45.tpl\n",
    "indexes": "item.i_item_id",
    "wo plan est": {
      "Node Type": "Limit",
      "Parallel Aware": false,
      "Async Capable": false,
      "Startup Cost": 271978.6,
      "Total Cost": 271991.24,
      "Plan Rows": 100,
      "Plan Width": 52,
      "Plans": [
        {
          "Node Type": "Aggregate",
          "Strategy": "Sorted",
          "Partial Mode": "Finalize",
          "Parent Relationship": "Outer",
          "Parallel Aware": false,
          "Async Capable": false,
          "Startup Cost": 271978.6,
          "Total Cost": 272570.44,
          "Plan Rows": 4683,
          "Plan Width": 52,
          "Group Key": [
            "customer_address.ca_zip",
            "customer_address.ca_city"
          ],
          "Plans": [
            {
              "Node Type": "Gather Merge",
              "Parent Relationship": "Outer",
              "Parallel Aware": false,
              "Async Capable": false,
              "Startup Cost": 271978.6,
              "Total Cost": 272472.89,
              "Plan Rows": 3902,
              "Plan Width": 52,
              "Workers Planned": 2,
              "Plans": [
                {
                  "Node Type": "Aggregate",
                  "Strategy": "Sorted",
                  "Partial Mode": "Partial",
                  "Parent Relationship": "Outer",
                  "Parallel Aware": false,
                  "Async Capable": false,
                  "Startup Cost": 270978.58,
                  "Total Cost": 271022.48,
                  "Plan Rows": 1951,
                  "Plan Width": 52,
                  "Group Key": [
                    "customer_address.ca_zip",
                    "customer_address.ca_city"
                  ],
                  "Plans": [
                    {
                      "Node Type": "Sort",
                      "Parent Relationship": "Outer",
                      "Parallel Aware": false,
                      "Async Capable": false,
                      "Startup Cost": 270978.58,
                      "Total Cost": 270983.46,
                      "Plan Rows": 1951,
                      "Plan Width": 26,
                      "Sort Key": [
                        "customer_address.ca_zip",
                        "customer_address.ca_city"
                      ],
                      "Plans": [
                        {
                          "Node Type": "Hash Join",
                          "Parent Relationship": "Outer",
                          "Parallel Aware": true,
                          "Async Capable": false,
                          "Join Type": "Inner",
                          "Startup Cost": 263288.57,
                          "Total Cost": 270871.96,
                          "Plan Rows": 1951,
                          "Plan Width": 26,
                          "Inner Unique": false,
                          "Hash Cond": "(item.i_item_sk = web_sales.ws_item_sk)",
                          "Join Filter": "((substr((customer_address.ca_zip)::text, 1, 5) = ANY ('{85669,86197,88274,83405,86475,85392,85460,80348,81792}'::text[])) OR (hashed SubPlan 1))",
                          "Plans": [
                            {
                              "Node Type": "Seq Scan",
                              "Parent Relationship": "Outer",
                              "Parallel Aware": true,
                              "Async Capable": false,
                              "Relation Name": "item",
                              "Alias": "item",
                              "Startup Cost": 0.0,
                              "Total Cost": 7389.0,
                              "Plan Rows": 42500,
                              "Plan Width": 21,
                              "parent": 5,
                              "ID": 6
                            },
                            {
                              "Node Type": "Hash",
                              "Parent Relationship": "Inner",
                              "Parallel Aware": true,
                              "Async Capable": false,
                              "Startup Cost": 254747.81,
                              "Total Cost": 254747.81,
                              "Plan Rows": 3735,
                              "Plan Width": 30,
                              "Plans": [
                                {
                                  "Node Type": "Hash Join",
                                  "Parent Relationship": "Outer",
                                  "Parallel Aware": true,
                                  "Async Capable": false,
                                  "Join Type": "Inner",
                                  "Startup Cost": 247864.96,
                                  "Total Cost": 254747.81,
                                  "Plan Rows": 3735,
                                  "Plan Width": 30,
                                  "Inner Unique": false,
                                  "Hash Cond": "(customer_address.ca_address_sk = customer.c_current_addr_sk)",
                                  "Plans": [
                                    {
                                      "Node Type": "Seq Scan",
                                      "Parent Relationship": "Outer",
                                      "Parallel Aware": true,
                                      "Async Capable": false,
                                      "Relation Name": "customer_address",
                                      "Alias": "customer_address",
                                      "Startup Cost": 0.0,
                                      "Total Cost": 6476.67,
                                      "Plan Rows": 104167,
                                      "Plan Width": 24,
                                      "parent": 8,
                                      "ID": 9
                                    },
                                    {
                                      "Node Type": "Hash",
                                      "Parent Relationship": "Inner",
                                      "Parallel Aware": true,
                                      "Async Capable": false,
                                      "Startup Cost": 247818.27,
                                      "Total Cost": 247818.27,
                                      "Plan Rows": 3735,
                                      "Plan Width": 14,
                                      "Plans": [
                                        {
                                          "Node Type": "Hash Join",
                                          "Parent Relationship": "Outer",
                                          "Parallel Aware": true,
                                          "Async Capable": false,
                                          "Join Type": "Inner",
                                          "Startup Cost": 231103.13,
                                          "Total Cost": 247818.27,
                                          "Plan Rows": 3735,
                                          "Plan Width": 14,
                                          "Inner Unique": false,
                                          "Hash Cond": "(customer.c_customer_sk = web_sales.ws_bill_customer_sk)",
                                          "Plans": [
                                            {
                                              "Node Type": "Seq Scan",
                                              "Parent Relationship": "Outer",
                                              "Parallel Aware": true,
                                              "Async Capable": false,
                                              "Relation Name": "customer",
                                              "Alias": "customer",
                                              "Startup Cost": 0.0,
                                              "Total Cost": 15918.33,
                                              "Plan Rows": 208333,
                                              "Plan Width": 8,
                                              "parent": 11,
                                              "ID": 12
                                            },
                                            {
                                              "Node Type": "Hash",
                                              "Parent Relationship": "Inner",
                                              "Parallel Aware": true,
                                              "Async Capable": false,
                                              "Startup Cost": 231056.44,
                                              "Total Cost": 231056.44,
                                              "Plan Rows": 3735,
                                              "Plan Width": 14,
                                              "Plans": [
                                                {
                                                  "Node Type": "Hash Join",
                                                  "Parent Relationship": "Outer",
                                                  "Parallel Aware": true,
                                                  "Async Capable": false,
                                                  "Join Type": "Inner",
                                                  "Startup Cost": 2050.23,
                                                  "Total Cost": 231056.44,
                                                  "Plan Rows": 3735,
                                                  "Plan Width": 14,
                                                  "Inner Unique": false,
                                                  "Hash Cond": "(web_sales.ws_sold_date_sk = date_dim.d_date_sk)",
                                                  "Plans": [
                                                    {
                                                      "Node Type": "Seq Scan",
                                                      "Parent Relationship": "Outer",
                                                      "Parallel Aware": true,
                                                      "Async Capable": false,
                                                      "Relation Name": "web_sales",
                                                      "Alias": "web_sales",
                                                      "Startup Cost": 0.0,
                                                      "Total Cost": 217737.86,
                                                      "Plan Rows": 2998986,
                                                      "Plan Width": 18,
                                                      "parent": 14,
                                                      "ID": 15
                                                    },
                                                    {
                                                      "Node Type": "Hash",
                                                      "Parent Relationship": "Inner",
                                                      "Parallel Aware": true,
                                                      "Async Capable": false,
                                                      "Startup Cost": 2049.55,
                                                      "Total Cost": 2049.55,
                                                      "Plan Rows": 54,
                                                      "Plan Width": 4,
                                                      "Plans": [
                                                        {
                                                          "Node Type": "Seq Scan",
                                                          "Parent Relationship": "Outer",
                                                          "Parallel Aware": true,
                                                          "Async Capable": false,
                                                          "Relation Name": "date_dim",
                                                          "Alias": "date_dim",
                                                          "Startup Cost": 0.0,
                                                          "Total Cost": 2049.55,
                                                          "Plan Rows": 54,
                                                          "Plan Width": 4,
                                                          "Filter": "((d_qoy = 2) AND (d_year = 2000))",
                                                          "parent": 16,
                                                          "ID": 17
                                                        }
                                                      ],
                                                      "parent": 14,
                                                      "ID": 16,
                                                      "left": 17
                                                    }
                                                  ],
                                                  "parent": 13,
                                                  "ID": 14,
                                                  "left": 15,
                                                  "right": 16
                                                }
                                              ],
                                              "parent": 11,
                                              "ID": 13,
                                              "left": 14
                                            }
                                          ],
                                          "parent": 10,
                                          "ID": 11,
                                          "left": 12,
                                          "right": 13
                                        }
                                      ],
                                      "parent": 8,
                                      "ID": 10,
                                      "left": 11
                                    }
                                  ],
                                  "parent": 7,
                                  "ID": 8,
                                  "left": 9,
                                  "right": 10
                                }
                              ],
                              "parent": 5,
                              "ID": 7,
                              "left": 8
                            },
                            {
                              "Node Type": "Seq Scan",
                              "Parent Relationship": "SubPlan",
                              "Subplan Name": "SubPlan 1",
                              "Parallel Aware": false,
                              "Async Capable": false,
                              "Relation Name": "item",
                              "Alias": "item_1",
                              "Startup Cost": 0.03,
                              "Total Cost": 8494.02,
                              "Plan Rows": 10,
                              "Plan Width": 17,
                              "Filter": "(i_item_sk = ANY ('{2,3,5,7,11,13,17,19,23,29}'::integer[]))",
                              "parent": 5,
                              "ID": 18
                            }
                          ],
                          "parent": 4,
                          "ID": 5,
                          "left": 6,
                          "right": 7
                        }
                      ],
                      "parent": 3,
                      "ID": 4,
                      "left": 5
                    }
                  ],
                  "parent": 2,
                  "ID": 3,
                  "left": 4
                }
              ],
              "parent": 1,
              "ID": 2,
              "left": 3
            }
          ],
          "parent": 0,
          "ID": 1,
          "left": 2
        }
      ],
      "parent": null,
      "ID": 0,
      "left": 1
    },
    "feat": {
      "utility": 0.0,
      "query_shape": [
        [
          "Seq Scan",
          "Hash Join",
          "Sort",
          "Aggregate",
          "Gather Merge"
        ],
        [
          "Seq Scan",
          "Hash Join",
          "Hash",
          "Sort",
          "Aggregate",
          "Gather Merge"
        ],
        [
          "Seq Scan",
          "Hash Join",
          "Hash",
          "Sort",
          "Aggregate",
          "Gather Merge"
        ],
        [
          "Seq Scan",
          "Hash Join",
          "Hash",
          "Sort",
          "Aggregate",
          "Gather Merge"
        ],
        [
          "Seq Scan",
          "Hash",
          "Hash Join",
          "Sort",
          "Aggregate",
          "Gather Merge"
        ],
        [
          "Seq Scan",
          "Hash Join",
          "Sort",
          "Aggregate",
          "Gather Merge"
        ]
      ],
      "index_shape": [],
      "physical_operator": {}
    }
  },
  {
    "query": "select  ca_zip, ca_city, sum(ws_sales_price)\n from web_sales, customer, customer_address, date_dim, item\n where ws_bill_customer_sk = c_customer_sk\n \tand c_current_addr_sk = ca_address_sk \n \tand ws_item_sk = i_item_sk \n \tand ( substr(ca_zip,1,5) in ('85669', '86197','88274','83405','86475', '85392', '85460', '80348', '81792')\n \t      or \n \t      i_item_id in (select i_item_id\n                             from item\n                             where i_item_sk in (2, 3, 5, 7, 11, 13, 17, 19, 23, 29)\n                             )\n \t    )\n \tand ws_sold_date_sk = d_date_sk\n \tand d_qoy = 2 and d_year = 2000\n group by ca_zip, ca_city\n order by ca_zip, ca_city\n limit 100;\n\n-- end query 30 in stream 1 using template query45.tpl\n",
    "indexes": "web_sales.ws_sold_date_sk",
    "wo plan est": {
      "Node Type": "Limit",
      "Parallel Aware": false,
      "Async Capable": false,
      "Startup Cost": 271978.6,
      "Total Cost": 271991.24,
      "Plan Rows": 100,
      "Plan Width": 52,
      "Plans": [
        {
          "Node Type": "Aggregate",
          "Strategy": "Sorted",
          "Partial Mode": "Finalize",
          "Parent Relationship": "Outer",
          "Parallel Aware": false,
          "Async Capable": false,
          "Startup Cost": 271978.6,
          "Total Cost": 272570.44,
          "Plan Rows": 4683,
          "Plan Width": 52,
          "Group Key": [
            "customer_address.ca_zip",
            "customer_address.ca_city"
          ],
          "Plans": [
            {
              "Node Type": "Gather Merge",
              "Parent Relationship": "Outer",
              "Parallel Aware": false,
              "Async Capable": false,
              "Startup Cost": 271978.6,
              "Total Cost": 272472.89,
              "Plan Rows": 3902,
              "Plan Width": 52,
              "Workers Planned": 2,
              "Plans": [
                {
                  "Node Type": "Aggregate",
                  "Strategy": "Sorted",
                  "Partial Mode": "Partial",
                  "Parent Relationship": "Outer",
                  "Parallel Aware": false,
                  "Async Capable": false,
                  "Startup Cost": 270978.58,
                  "Total Cost": 271022.48,
                  "Plan Rows": 1951,
                  "Plan Width": 52,
                  "Group Key": [
                    "customer_address.ca_zip",
                    "customer_address.ca_city"
                  ],
                  "Plans": [
                    {
                      "Node Type": "Sort",
                      "Parent Relationship": "Outer",
                      "Parallel Aware": false,
                      "Async Capable": false,
                      "Startup Cost": 270978.58,
                      "Total Cost": 270983.46,
                      "Plan Rows": 1951,
                      "Plan Width": 26,
                      "Sort Key": [
                        "customer_address.ca_zip",
                        "customer_address.ca_city"
                      ],
                      "Plans": [
                        {
                          "Node Type": "Hash Join",
                          "Parent Relationship": "Outer",
                          "Parallel Aware": true,
                          "Async Capable": false,
                          "Join Type": "Inner",
                          "Startup Cost": 263288.57,
                          "Total Cost": 270871.96,
                          "Plan Rows": 1951,
                          "Plan Width": 26,
                          "Inner Unique": false,
                          "Hash Cond": "(item.i_item_sk = web_sales.ws_item_sk)",
                          "Join Filter": "((substr((customer_address.ca_zip)::text, 1, 5) = ANY ('{85669,86197,88274,83405,86475,85392,85460,80348,81792}'::text[])) OR (hashed SubPlan 1))",
                          "Plans": [
                            {
                              "Node Type": "Seq Scan",
                              "Parent Relationship": "Outer",
                              "Parallel Aware": true,
                              "Async Capable": false,
                              "Relation Name": "item",
                              "Alias": "item",
                              "Startup Cost": 0.0,
                              "Total Cost": 7389.0,
                              "Plan Rows": 42500,
                              "Plan Width": 21,
                              "parent": 5,
                              "ID": 6
                            },
                            {
                              "Node Type": "Hash",
                              "Parent Relationship": "Inner",
                              "Parallel Aware": true,
                              "Async Capable": false,
                              "Startup Cost": 254747.81,
                              "Total Cost": 254747.81,
                              "Plan Rows": 3735,
                              "Plan Width": 30,
                              "Plans": [
                                {
                                  "Node Type": "Hash Join",
                                  "Parent Relationship": "Outer",
                                  "Parallel Aware": true,
                                  "Async Capable": false,
                                  "Join Type": "Inner",
                                  "Startup Cost": 247864.96,
                                  "Total Cost": 254747.81,
                                  "Plan Rows": 3735,
                                  "Plan Width": 30,
                                  "Inner Unique": false,
                                  "Hash Cond": "(customer_address.ca_address_sk = customer.c_current_addr_sk)",
                                  "Plans": [
                                    {
                                      "Node Type": "Seq Scan",
                                      "Parent Relationship": "Outer",
                                      "Parallel Aware": true,
                                      "Async Capable": false,
                                      "Relation Name": "customer_address",
                                      "Alias": "customer_address",
                                      "Startup Cost": 0.0,
                                      "Total Cost": 6476.67,
                                      "Plan Rows": 104167,
                                      "Plan Width": 24,
                                      "parent": 8,
                                      "ID": 9
                                    },
                                    {
                                      "Node Type": "Hash",
                                      "Parent Relationship": "Inner",
                                      "Parallel Aware": true,
                                      "Async Capable": false,
                                      "Startup Cost": 247818.27,
                                      "Total Cost": 247818.27,
                                      "Plan Rows": 3735,
                                      "Plan Width": 14,
                                      "Plans": [
                                        {
                                          "Node Type": "Hash Join",
                                          "Parent Relationship": "Outer",
                                          "Parallel Aware": true,
                                          "Async Capable": false,
                                          "Join Type": "Inner",
                                          "Startup Cost": 231103.13,
                                          "Total Cost": 247818.27,
                                          "Plan Rows": 3735,
                                          "Plan Width": 14,
                                          "Inner Unique": false,
                                          "Hash Cond": "(customer.c_customer_sk = web_sales.ws_bill_customer_sk)",
                                          "Plans": [
                                            {
                                              "Node Type": "Seq Scan",
                                              "Parent Relationship": "Outer",
                                              "Parallel Aware": true,
                                              "Async Capable": false,
                                              "Relation Name": "customer",
                                              "Alias": "customer",
                                              "Startup Cost": 0.0,
                                              "Total Cost": 15918.33,
                                              "Plan Rows": 208333,
                                              "Plan Width": 8,
                                              "parent": 11,
                                              "ID": 12
                                            },
                                            {
                                              "Node Type": "Hash",
                                              "Parent Relationship": "Inner",
                                              "Parallel Aware": true,
                                              "Async Capable": false,
                                              "Startup Cost": 231056.44,
                                              "Total Cost": 231056.44,
                                              "Plan Rows": 3735,
                                              "Plan Width": 14,
                                              "Plans": [
                                                {
                                                  "Node Type": "Hash Join",
                                                  "Parent Relationship": "Outer",
                                                  "Parallel Aware": true,
                                                  "Async Capable": false,
                                                  "Join Type": "Inner",
                                                  "Startup Cost": 2050.23,
                                                  "Total Cost": 231056.44,
                                                  "Plan Rows": 3735,
                                                  "Plan Width": 14,
                                                  "Inner Unique": false,
                                                  "Hash Cond": "(web_sales.ws_sold_date_sk = date_dim.d_date_sk)",
                                                  "Plans": [
                                                    {
                                                      "Node Type": "Seq Scan",
                                                      "Parent Relationship": "Outer",
                                                      "Parallel Aware": true,
                                                      "Async Capable": false,
                                                      "Relation Name": "web_sales",
                                                      "Alias": "web_sales",
                                                      "Startup Cost": 0.0,
                                                      "Total Cost": 217737.86,
                                                      "Plan Rows": 2998986,
                                                      "Plan Width": 18,
                                                      "parent": 14,
                                                      "ID": 15
                                                    },
                                                    {
                                                      "Node Type": "Hash",
                                                      "Parent Relationship": "Inner",
                                                      "Parallel Aware": true,
                                                      "Async Capable": false,
                                                      "Startup Cost": 2049.55,
                                                      "Total Cost": 2049.55,
                                                      "Plan Rows": 54,
                                                      "Plan Width": 4,
                                                      "Plans": [
                                                        {
                                                          "Node Type": "Seq Scan",
                                                          "Parent Relationship": "Outer",
                                                          "Parallel Aware": true,
                                                          "Async Capable": false,
                                                          "Relation Name": "date_dim",
                                                          "Alias": "date_dim",
                                                          "Startup Cost": 0.0,
                                                          "Total Cost": 2049.55,
                                                          "Plan Rows": 54,
                                                          "Plan Width": 4,
                                                          "Filter": "((d_qoy = 2) AND (d_year = 2000))",
                                                          "parent": 16,
                                                          "ID": 17
                                                        }
                                                      ],
                                                      "parent": 14,
                                                      "ID": 16,
                                                      "left": 17
                                                    }
                                                  ],
                                                  "parent": 13,
                                                  "ID": 14,
                                                  "left": 15,
                                                  "right": 16
                                                }
                                              ],
                                              "parent": 11,
                                              "ID": 13,
                                              "left": 14
                                            }
                                          ],
                                          "parent": 10,
                                          "ID": 11,
                                          "left": 12,
                                          "right": 13
                                        }
                                      ],
                                      "parent": 8,
                                      "ID": 10,
                                      "left": 11
                                    }
                                  ],
                                  "parent": 7,
                                  "ID": 8,
                                  "left": 9,
                                  "right": 10
                                }
                              ],
                              "parent": 5,
                              "ID": 7,
                              "left": 8
                            },
                            {
                              "Node Type": "Seq Scan",
                              "Parent Relationship": "SubPlan",
                              "Subplan Name": "SubPlan 1",
                              "Parallel Aware": false,
                              "Async Capable": false,
                              "Relation Name": "item",
                              "Alias": "item_1",
                              "Startup Cost": 0.03,
                              "Total Cost": 8494.02,
                              "Plan Rows": 10,
                              "Plan Width": 17,
                              "Filter": "(i_item_sk = ANY ('{2,3,5,7,11,13,17,19,23,29}'::integer[]))",
                              "parent": 5,
                              "ID": 18
                            }
                          ],
                          "parent": 4,
                          "ID": 5,
                          "left": 6,
                          "right": 7
                        }
                      ],
                      "parent": 3,
                      "ID": 4,
                      "left": 5
                    }
                  ],
                  "parent": 2,
                  "ID": 3,
                  "left": 4
                }
              ],
              "parent": 1,
              "ID": 2,
              "left": 3
            }
          ],
          "parent": 0,
          "ID": 1,
          "left": 2
        }
      ],
      "parent": null,
      "ID": 0,
      "left": 1
    },
    "feat": {
      "utility": 0.03107904522381514,
      "query_shape": [
        [
          "Seq Scan",
          "Hash Join",
          "Sort",
          "Aggregate",
          "Gather Merge"
        ],
        [
          "Seq Scan",
          "Hash Join",
          "Hash",
          "Sort",
          "Aggregate",
          "Gather Merge"
        ],
        [
          "Seq Scan",
          "Hash Join",
          "Hash",
          "Sort",
          "Aggregate",
          "Gather Merge"
        ],
        [
          "Seq Scan",
          "Hash Join",
          "Hash",
          "Sort",
          "Aggregate",
          "Gather Merge"
        ],
        [
          "Seq Scan",
          "Hash",
          "Hash Join",
          "Sort",
          "Aggregate",
          "Gather Merge"
        ],
        [
          "Seq Scan",
          "Hash Join",
          "Sort",
          "Aggregate",
          "Gather Merge"
        ]
      ],
      "index_shape": [
        "join"
      ],
      "physical_operator": {
        "Hash Join": [
          0.004802431776525597
        ]
      }
    }
  },
  {
    "query": "select  ca_zip, ca_city, sum(ws_sales_price)\n from web_sales, customer, customer_address, date_dim, item\n where ws_bill_customer_sk = c_customer_sk\n \tand c_current_addr_sk = ca_address_sk \n \tand ws_item_sk = i_item_sk \n \tand ( substr(ca_zip,1,5) in ('85669', '86197','88274','83405','86475', '85392', '85460', '80348', '81792')\n \t      or \n \t      i_item_id in (select i_item_id\n                             from item\n                             where i_item_sk in (2, 3, 5, 7, 11, 13, 17, 19, 23, 29)\n                             )\n \t    )\n \tand ws_sold_date_sk = d_date_sk\n \tand d_qoy = 2 and d_year = 2000\n group by ca_zip, ca_city\n order by ca_zip, ca_city\n limit 100;\n\n-- end query 30 in stream 1 using template query45.tpl\n",
    "indexes": "web_sales.ws_item_sk",
    "wo plan est": {
      "Node Type": "Limit",
      "Parallel Aware": false,
      "Async Capable": false,
      "Startup Cost": 271978.6,
      "Total Cost": 271991.24,
      "Plan Rows": 100,
      "Plan Width": 52,
      "Plans": [
        {
          "Node Type": "Aggregate",
          "Strategy": "Sorted",
          "Partial Mode": "Finalize",
          "Parent Relationship": "Outer",
          "Parallel Aware": false,
          "Async Capable": false,
          "Startup Cost": 271978.6,
          "Total Cost": 272570.44,
          "Plan Rows": 4683,
          "Plan Width": 52,
          "Group Key": [
            "customer_address.ca_zip",
            "customer_address.ca_city"
          ],
          "Plans": [
            {
              "Node Type": "Gather Merge",
              "Parent Relationship": "Outer",
              "Parallel Aware": false,
              "Async Capable": false,
              "Startup Cost": 271978.6,
              "Total Cost": 272472.89,
              "Plan Rows": 3902,
              "Plan Width": 52,
              "Workers Planned": 2,
              "Plans": [
                {
                  "Node Type": "Aggregate",
                  "Strategy": "Sorted",
                  "Partial Mode": "Partial",
                  "Parent Relationship": "Outer",
                  "Parallel Aware": false,
                  "Async Capable": false,
                  "Startup Cost": 270978.58,
                  "Total Cost": 271022.48,
                  "Plan Rows": 1951,
                  "Plan Width": 52,
                  "Group Key": [
                    "customer_address.ca_zip",
                    "customer_address.ca_city"
                  ],
                  "Plans": [
                    {
                      "Node Type": "Sort",
                      "Parent Relationship": "Outer",
                      "Parallel Aware": false,
                      "Async Capable": false,
                      "Startup Cost": 270978.58,
                      "Total Cost": 270983.46,
                      "Plan Rows": 1951,
                      "Plan Width": 26,
                      "Sort Key": [
                        "customer_address.ca_zip",
                        "customer_address.ca_city"
                      ],
                      "Plans": [
                        {
                          "Node Type": "Hash Join",
                          "Parent Relationship": "Outer",
                          "Parallel Aware": true,
                          "Async Capable": false,
                          "Join Type": "Inner",
                          "Startup Cost": 263288.57,
                          "Total Cost": 270871.96,
                          "Plan Rows": 1951,
                          "Plan Width": 26,
                          "Inner Unique": false,
                          "Hash Cond": "(item.i_item_sk = web_sales.ws_item_sk)",
                          "Join Filter": "((substr((customer_address.ca_zip)::text, 1, 5) = ANY ('{85669,86197,88274,83405,86475,85392,85460,80348,81792}'::text[])) OR (hashed SubPlan 1))",
                          "Plans": [
                            {
                              "Node Type": "Seq Scan",
                              "Parent Relationship": "Outer",
                              "Parallel Aware": true,
                              "Async Capable": false,
                              "Relation Name": "item",
                              "Alias": "item",
                              "Startup Cost": 0.0,
                              "Total Cost": 7389.0,
                              "Plan Rows": 42500,
                              "Plan Width": 21,
                              "parent": 5,
                              "ID": 6
                            },
                            {
                              "Node Type": "Hash",
                              "Parent Relationship": "Inner",
                              "Parallel Aware": true,
                              "Async Capable": false,
                              "Startup Cost": 254747.81,
                              "Total Cost": 254747.81,
                              "Plan Rows": 3735,
                              "Plan Width": 30,
                              "Plans": [
                                {
                                  "Node Type": "Hash Join",
                                  "Parent Relationship": "Outer",
                                  "Parallel Aware": true,
                                  "Async Capable": false,
                                  "Join Type": "Inner",
                                  "Startup Cost": 247864.96,
                                  "Total Cost": 254747.81,
                                  "Plan Rows": 3735,
                                  "Plan Width": 30,
                                  "Inner Unique": false,
                                  "Hash Cond": "(customer_address.ca_address_sk = customer.c_current_addr_sk)",
                                  "Plans": [
                                    {
                                      "Node Type": "Seq Scan",
                                      "Parent Relationship": "Outer",
                                      "Parallel Aware": true,
                                      "Async Capable": false,
                                      "Relation Name": "customer_address",
                                      "Alias": "customer_address",
                                      "Startup Cost": 0.0,
                                      "Total Cost": 6476.67,
                                      "Plan Rows": 104167,
                                      "Plan Width": 24,
                                      "parent": 8,
                                      "ID": 9
                                    },
                                    {
                                      "Node Type": "Hash",
                                      "Parent Relationship": "Inner",
                                      "Parallel Aware": true,
                                      "Async Capable": false,
                                      "Startup Cost": 247818.27,
                                      "Total Cost": 247818.27,
                                      "Plan Rows": 3735,
                                      "Plan Width": 14,
                                      "Plans": [
                                        {
                                          "Node Type": "Hash Join",
                                          "Parent Relationship": "Outer",
                                          "Parallel Aware": true,
                                          "Async Capable": false,
                                          "Join Type": "Inner",
                                          "Startup Cost": 231103.13,
                                          "Total Cost": 247818.27,
                                          "Plan Rows": 3735,
                                          "Plan Width": 14,
                                          "Inner Unique": false,
                                          "Hash Cond": "(customer.c_customer_sk = web_sales.ws_bill_customer_sk)",
                                          "Plans": [
                                            {
                                              "Node Type": "Seq Scan",
                                              "Parent Relationship": "Outer",
                                              "Parallel Aware": true,
                                              "Async Capable": false,
                                              "Relation Name": "customer",
                                              "Alias": "customer",
                                              "Startup Cost": 0.0,
                                              "Total Cost": 15918.33,
                                              "Plan Rows": 208333,
                                              "Plan Width": 8,
                                              "parent": 11,
                                              "ID": 12
                                            },
                                            {
                                              "Node Type": "Hash",
                                              "Parent Relationship": "Inner",
                                              "Parallel Aware": true,
                                              "Async Capable": false,
                                              "Startup Cost": 231056.44,
                                              "Total Cost": 231056.44,
                                              "Plan Rows": 3735,
                                              "Plan Width": 14,
                                              "Plans": [
                                                {
                                                  "Node Type": "Hash Join",
                                                  "Parent Relationship": "Outer",
                                                  "Parallel Aware": true,
                                                  "Async Capable": false,
                                                  "Join Type": "Inner",
                                                  "Startup Cost": 2050.23,
                                                  "Total Cost": 231056.44,
                                                  "Plan Rows": 3735,
                                                  "Plan Width": 14,
                                                  "Inner Unique": false,
                                                  "Hash Cond": "(web_sales.ws_sold_date_sk = date_dim.d_date_sk)",
                                                  "Plans": [
                                                    {
                                                      "Node Type": "Seq Scan",
                                                      "Parent Relationship": "Outer",
                                                      "Parallel Aware": true,
                                                      "Async Capable": false,
                                                      "Relation Name": "web_sales",
                                                      "Alias": "web_sales",
                                                      "Startup Cost": 0.0,
                                                      "Total Cost": 217737.86,
                                                      "Plan Rows": 2998986,
                                                      "Plan Width": 18,
                                                      "parent": 14,
                                                      "ID": 15
                                                    },
                                                    {
                                                      "Node Type": "Hash",
                                                      "Parent Relationship": "Inner",
                                                      "Parallel Aware": true,
                                                      "Async Capable": false,
                                                      "Startup Cost": 2049.55,
                                                      "Total Cost": 2049.55,
                                                      "Plan Rows": 54,
                                                      "Plan Width": 4,
                                                      "Plans": [
                                                        {
                                                          "Node Type": "Seq Scan",
                                                          "Parent Relationship": "Outer",
                                                          "Parallel Aware": true,
                                                          "Async Capable": false,
                                                          "Relation Name": "date_dim",
                                                          "Alias": "date_dim",
                                                          "Startup Cost": 0.0,
                                                          "Total Cost": 2049.55,
                                                          "Plan Rows": 54,
                                                          "Plan Width": 4,
                                                          "Filter": "((d_qoy = 2) AND (d_year = 2000))",
                                                          "parent": 16,
                                                          "ID": 17
                                                        }
                                                      ],
                                                      "parent": 14,
                                                      "ID": 16,
                                                      "left": 17
                                                    }
                                                  ],
                                                  "parent": 13,
                                                  "ID": 14,
                                                  "left": 15,
                                                  "right": 16
                                                }
                                              ],
                                              "parent": 11,
                                              "ID": 13,
                                              "left": 14
                                            }
                                          ],
                                          "parent": 10,
                                          "ID": 11,
                                          "left": 12,
                                          "right": 13
                                        }
                                      ],
                                      "parent": 8,
                                      "ID": 10,
                                      "left": 11
                                    }
                                  ],
                                  "parent": 7,
                                  "ID": 8,
                                  "left": 9,
                                  "right": 10
                                }
                              ],
                              "parent": 5,
                              "ID": 7,
                              "left": 8
                            },
                            {
                              "Node Type": "Seq Scan",
                              "Parent Relationship": "SubPlan",
                              "Subplan Name": "SubPlan 1",
                              "Parallel Aware": false,
                              "Async Capable": false,
                              "Relation Name": "item",
                              "Alias": "item_1",
                              "Startup Cost": 0.03,
                              "Total Cost": 8494.02,
                              "Plan Rows": 10,
                              "Plan Width": 17,
                              "Filter": "(i_item_sk = ANY ('{2,3,5,7,11,13,17,19,23,29}'::integer[]))",
                              "parent": 5,
                              "ID": 18
                            }
                          ],
                          "parent": 4,
                          "ID": 5,
                          "left": 6,
                          "right": 7
                        }
                      ],
                      "parent": 3,
                      "ID": 4,
                      "left": 5
                    }
                  ],
                  "parent": 2,
                  "ID": 3,
                  "left": 4
                }
              ],
              "parent": 1,
              "ID": 2,
              "left": 3
            }
          ],
          "parent": 0,
          "ID": 1,
          "left": 2
        }
      ],
      "parent": null,
      "ID": 0,
      "left": 1
    },
    "feat": {
      "utility": 0.031119537328001004,
      "query_shape": [
        [
          "Seq Scan",
          "Hash Join",
          "Sort",
          "Aggregate",
          "Gather Merge"
        ],
        [
          "Seq Scan",
          "Hash Join",
          "Hash",
          "Sort",
          "Aggregate",
          "Gather Merge"
        ],
        [
          "Seq Scan",
          "Hash Join",
          "Hash",
          "Sort",
          "Aggregate",
          "Gather Merge"
        ],
        [
          "Seq Scan",
          "Hash Join",
          "Hash",
          "Sort",
          "Aggregate",
          "Gather Merge"
        ],
        [
          "Seq Scan",
          "Hash",
          "Hash Join",
          "Sort",
          "Aggregate",
          "Gather Merge"
        ],
        [
          "Seq Scan",
          "Hash Join",
          "Sort",
          "Aggregate",
          "Gather Merge"
        ]
      ],
      "index_shape": [
        "join"
      ],
      "physical_operator": {
        "Hash Join": [
          0.003505813964497495
        ]
      }
    }
  },
  {
    "query": "select  ca_zip, ca_city, sum(ws_sales_price)\n from web_sales, customer, customer_address, date_dim, item\n where ws_bill_customer_sk = c_customer_sk\n \tand c_current_addr_sk = ca_address_sk \n \tand ws_item_sk = i_item_sk \n \tand ( substr(ca_zip,1,5) in ('85669', '86197','88274','83405','86475', '85392', '85460', '80348', '81792')\n \t      or \n \t      i_item_id in (select i_item_id\n                             from item\n                             where i_item_sk in (2, 3, 5, 7, 11, 13, 17, 19, 23, 29)\n                             )\n \t    )\n \tand ws_sold_date_sk = d_date_sk\n \tand d_qoy = 2 and d_year = 2000\n group by ca_zip, ca_city\n order by ca_zip, ca_city\n limit 100;\n\n-- end query 30 in stream 1 using template query45.tpl\n",
    "indexes": "web_sales.ws_bill_customer_sk",
    "wo plan est": {
      "Node Type": "Limit",
      "Parallel Aware": false,
      "Async Capable": false,
      "Startup Cost": 271978.6,
      "Total Cost": 271991.24,
      "Plan Rows": 100,
      "Plan Width": 52,
      "Plans": [
        {
          "Node Type": "Aggregate",
          "Strategy": "Sorted",
          "Partial Mode": "Finalize",
          "Parent Relationship": "Outer",
          "Parallel Aware": false,
          "Async Capable": false,
          "Startup Cost": 271978.6,
          "Total Cost": 272570.44,
          "Plan Rows": 4683,
          "Plan Width": 52,
          "Group Key": [
            "customer_address.ca_zip",
            "customer_address.ca_city"
          ],
          "Plans": [
            {
              "Node Type": "Gather Merge",
              "Parent Relationship": "Outer",
              "Parallel Aware": false,
              "Async Capable": false,
              "Startup Cost": 271978.6,
              "Total Cost": 272472.89,
              "Plan Rows": 3902,
              "Plan Width": 52,
              "Workers Planned": 2,
              "Plans": [
                {
                  "Node Type": "Aggregate",
                  "Strategy": "Sorted",
                  "Partial Mode": "Partial",
                  "Parent Relationship": "Outer",
                  "Parallel Aware": false,
                  "Async Capable": false,
                  "Startup Cost": 270978.58,
                  "Total Cost": 271022.48,
                  "Plan Rows": 1951,
                  "Plan Width": 52,
                  "Group Key": [
                    "customer_address.ca_zip",
                    "customer_address.ca_city"
                  ],
                  "Plans": [
                    {
                      "Node Type": "Sort",
                      "Parent Relationship": "Outer",
                      "Parallel Aware": false,
                      "Async Capable": false,
                      "Startup Cost": 270978.58,
                      "Total Cost": 270983.46,
                      "Plan Rows": 1951,
                      "Plan Width": 26,
                      "Sort Key": [
                        "customer_address.ca_zip",
                        "customer_address.ca_city"
                      ],
                      "Plans": [
                        {
                          "Node Type": "Hash Join",
                          "Parent Relationship": "Outer",
                          "Parallel Aware": true,
                          "Async Capable": false,
                          "Join Type": "Inner",
                          "Startup Cost": 263288.57,
                          "Total Cost": 270871.96,
                          "Plan Rows": 1951,
                          "Plan Width": 26,
                          "Inner Unique": false,
                          "Hash Cond": "(item.i_item_sk = web_sales.ws_item_sk)",
                          "Join Filter": "((substr((customer_address.ca_zip)::text, 1, 5) = ANY ('{85669,86197,88274,83405,86475,85392,85460,80348,81792}'::text[])) OR (hashed SubPlan 1))",
                          "Plans": [
                            {
                              "Node Type": "Seq Scan",
                              "Parent Relationship": "Outer",
                              "Parallel Aware": true,
                              "Async Capable": false,
                              "Relation Name": "item",
                              "Alias": "item",
                              "Startup Cost": 0.0,
                              "Total Cost": 7389.0,
                              "Plan Rows": 42500,
                              "Plan Width": 21,
                              "parent": 5,
                              "ID": 6
                            },
                            {
                              "Node Type": "Hash",
                              "Parent Relationship": "Inner",
                              "Parallel Aware": true,
                              "Async Capable": false,
                              "Startup Cost": 254747.81,
                              "Total Cost": 254747.81,
                              "Plan Rows": 3735,
                              "Plan Width": 30,
                              "Plans": [
                                {
                                  "Node Type": "Hash Join",
                                  "Parent Relationship": "Outer",
                                  "Parallel Aware": true,
                                  "Async Capable": false,
                                  "Join Type": "Inner",
                                  "Startup Cost": 247864.96,
                                  "Total Cost": 254747.81,
                                  "Plan Rows": 3735,
                                  "Plan Width": 30,
                                  "Inner Unique": false,
                                  "Hash Cond": "(customer_address.ca_address_sk = customer.c_current_addr_sk)",
                                  "Plans": [
                                    {
                                      "Node Type": "Seq Scan",
                                      "Parent Relationship": "Outer",
                                      "Parallel Aware": true,
                                      "Async Capable": false,
                                      "Relation Name": "customer_address",
                                      "Alias": "customer_address",
                                      "Startup Cost": 0.0,
                                      "Total Cost": 6476.67,
                                      "Plan Rows": 104167,
                                      "Plan Width": 24,
                                      "parent": 8,
                                      "ID": 9
                                    },
                                    {
                                      "Node Type": "Hash",
                                      "Parent Relationship": "Inner",
                                      "Parallel Aware": true,
                                      "Async Capable": false,
                                      "Startup Cost": 247818.27,
                                      "Total Cost": 247818.27,
                                      "Plan Rows": 3735,
                                      "Plan Width": 14,
                                      "Plans": [
                                        {
                                          "Node Type": "Hash Join",
                                          "Parent Relationship": "Outer",
                                          "Parallel Aware": true,
                                          "Async Capable": false,
                                          "Join Type": "Inner",
                                          "Startup Cost": 231103.13,
                                          "Total Cost": 247818.27,
                                          "Plan Rows": 3735,
                                          "Plan Width": 14,
                                          "Inner Unique": false,
                                          "Hash Cond": "(customer.c_customer_sk = web_sales.ws_bill_customer_sk)",
                                          "Plans": [
                                            {
                                              "Node Type": "Seq Scan",
                                              "Parent Relationship": "Outer",
                                              "Parallel Aware": true,
                                              "Async Capable": false,
                                              "Relation Name": "customer",
                                              "Alias": "customer",
                                              "Startup Cost": 0.0,
                                              "Total Cost": 15918.33,
                                              "Plan Rows": 208333,
                                              "Plan Width": 8,
                                              "parent": 11,
                                              "ID": 12
                                            },
                                            {
                                              "Node Type": "Hash",
                                              "Parent Relationship": "Inner",
                                              "Parallel Aware": true,
                                              "Async Capable": false,
                                              "Startup Cost": 231056.44,
                                              "Total Cost": 231056.44,
                                              "Plan Rows": 3735,
                                              "Plan Width": 14,
                                              "Plans": [
                                                {
                                                  "Node Type": "Hash Join",
                                                  "Parent Relationship": "Outer",
                                                  "Parallel Aware": true,
                                                  "Async Capable": false,
                                                  "Join Type": "Inner",
                                                  "Startup Cost": 2050.23,
                                                  "Total Cost": 231056.44,
                                                  "Plan Rows": 3735,
                                                  "Plan Width": 14,
                                                  "Inner Unique": false,
                                                  "Hash Cond": "(web_sales.ws_sold_date_sk = date_dim.d_date_sk)",
                                                  "Plans": [
                                                    {
                                                      "Node Type": "Seq Scan",
                                                      "Parent Relationship": "Outer",
                                                      "Parallel Aware": true,
                                                      "Async Capable": false,
                                                      "Relation Name": "web_sales",
                                                      "Alias": "web_sales",
                                                      "Startup Cost": 0.0,
                                                      "Total Cost": 217737.86,
                                                      "Plan Rows": 2998986,
                                                      "Plan Width": 18,
                                                      "parent": 14,
                                                      "ID": 15
                                                    },
                                                    {
                                                      "Node Type": "Hash",
                                                      "Parent Relationship": "Inner",
                                                      "Parallel Aware": true,
                                                      "Async Capable": false,
                                                      "Startup Cost": 2049.55,
                                                      "Total Cost": 2049.55,
                                                      "Plan Rows": 54,
                                                      "Plan Width": 4,
                                                      "Plans": [
                                                        {
                                                          "Node Type": "Seq Scan",
                                                          "Parent Relationship": "Outer",
                                                          "Parallel Aware": true,
                                                          "Async Capable": false,
                                                          "Relation Name": "date_dim",
                                                          "Alias": "date_dim",
                                                          "Startup Cost": 0.0,
                                                          "Total Cost": 2049.55,
                                                          "Plan Rows": 54,
                                                          "Plan Width": 4,
                                                          "Filter": "((d_qoy = 2) AND (d_year = 2000))",
                                                          "parent": 16,
                                                          "ID": 17
                                                        }
                                                      ],
                                                      "parent": 14,
                                                      "ID": 16,
                                                      "left": 17
                                                    }
                                                  ],
                                                  "parent": 13,
                                                  "ID": 14,
                                                  "left": 15,
                                                  "right": 16
                                                }
                                              ],
                                              "parent": 11,
                                              "ID": 13,
                                              "left": 14
                                            }
                                          ],
                                          "parent": 10,
                                          "ID": 11,
                                          "left": 12,
                                          "right": 13
                                        }
                                      ],
                                      "parent": 8,
                                      "ID": 10,
                                      "left": 11
                                    }
                                  ],
                                  "parent": 7,
                                  "ID": 8,
                                  "left": 9,
                                  "right": 10
                                }
                              ],
                              "parent": 5,
                              "ID": 7,
                              "left": 8
                            },
                            {
                              "Node Type": "Seq Scan",
                              "Parent Relationship": "SubPlan",
                              "Subplan Name": "SubPlan 1",
                              "Parallel Aware": false,
                              "Async Capable": false,
                              "Relation Name": "item",
                              "Alias": "item_1",
                              "Startup Cost": 0.03,
                              "Total Cost": 8494.02,
                              "Plan Rows": 10,
                              "Plan Width": 17,
                              "Filter": "(i_item_sk = ANY ('{2,3,5,7,11,13,17,19,23,29}'::integer[]))",
                              "parent": 5,
                              "ID": 18
                            }
                          ],
                          "parent": 4,
                          "ID": 5,
                          "left": 6,
                          "right": 7
                        }
                      ],
                      "parent": 3,
                      "ID": 4,
                      "left": 5
                    }
                  ],
                  "parent": 2,
                  "ID": 3,
                  "left": 4
                }
              ],
              "parent": 1,
              "ID": 2,
              "left": 3
            }
          ],
          "parent": 0,
          "ID": 1,
          "left": 2
        }
      ],
      "parent": null,
      "ID": 0,
      "left": 1
    },
    "feat": {
      "utility": 0.031160601053478086,
      "query_shape": [
        [
          "Seq Scan",
          "Hash Join",
          "Sort",
          "Aggregate",
          "Gather Merge"
        ],
        [
          "Seq Scan",
          "Hash Join",
          "Hash",
          "Sort",
          "Aggregate",
          "Gather Merge"
        ],
        [
          "Seq Scan",
          "Hash Join",
          "Hash",
          "Sort",
          "Aggregate",
          "Gather Merge"
        ],
        [
          "Seq Scan",
          "Hash Join",
          "Hash",
          "Sort",
          "Aggregate",
          "Gather Merge"
        ],
        [
          "Seq Scan",
          "Hash",
          "Hash Join",
          "Sort",
          "Aggregate",
          "Gather Merge"
        ],
        [
          "Seq Scan",
          "Hash Join",
          "Sort",
          "Aggregate",
          "Gather Merge"
        ]
      ],
      "index_shape": [
        "join"
      ],
      "physical_operator": {
        "Hash Join": [
          0.0021908919827349515
        ]
      }
    }
  },
  {
    "query": "select  ca_zip, ca_city, sum(ws_sales_price)\n from web_sales, customer, customer_address, date_dim, item\n where ws_bill_customer_sk = c_customer_sk\n \tand c_current_addr_sk = ca_address_sk \n \tand ws_item_sk = i_item_sk \n \tand ( substr(ca_zip,1,5) in ('85669', '86197','88274','83405','86475', '85392', '85460', '80348', '81792')\n \t      or \n \t      i_item_id in (select i_item_id\n                             from item\n                             where i_item_sk in (2, 3, 5, 7, 11, 13, 17, 19, 23, 29)\n                             )\n \t    )\n \tand ws_sold_date_sk = d_date_sk\n \tand d_qoy = 2 and d_year = 2000\n group by ca_zip, ca_city\n order by ca_zip, ca_city\n limit 100;\n\n-- end query 30 in stream 1 using template query45.tpl\n",
    "indexes": "web_sales.ws_sales_price",
    "wo plan est": {
      "Node Type": "Limit",
      "Parallel Aware": false,
      "Async Capable": false,
      "Startup Cost": 271978.6,
      "Total Cost": 271991.24,
      "Plan Rows": 100,
      "Plan Width": 52,
      "Plans": [
        {
          "Node Type": "Aggregate",
          "Strategy": "Sorted",
          "Partial Mode": "Finalize",
          "Parent Relationship": "Outer",
          "Parallel Aware": false,
          "Async Capable": false,
          "Startup Cost": 271978.6,
          "Total Cost": 272570.44,
          "Plan Rows": 4683,
          "Plan Width": 52,
          "Group Key": [
            "customer_address.ca_zip",
            "customer_address.ca_city"
          ],
          "Plans": [
            {
              "Node Type": "Gather Merge",
              "Parent Relationship": "Outer",
              "Parallel Aware": false,
              "Async Capable": false,
              "Startup Cost": 271978.6,
              "Total Cost": 272472.89,
              "Plan Rows": 3902,
              "Plan Width": 52,
              "Workers Planned": 2,
              "Plans": [
                {
                  "Node Type": "Aggregate",
                  "Strategy": "Sorted",
                  "Partial Mode": "Partial",
                  "Parent Relationship": "Outer",
                  "Parallel Aware": false,
                  "Async Capable": false,
                  "Startup Cost": 270978.58,
                  "Total Cost": 271022.48,
                  "Plan Rows": 1951,
                  "Plan Width": 52,
                  "Group Key": [
                    "customer_address.ca_zip",
                    "customer_address.ca_city"
                  ],
                  "Plans": [
                    {
                      "Node Type": "Sort",
                      "Parent Relationship": "Outer",
                      "Parallel Aware": false,
                      "Async Capable": false,
                      "Startup Cost": 270978.58,
                      "Total Cost": 270983.46,
                      "Plan Rows": 1951,
                      "Plan Width": 26,
                      "Sort Key": [
                        "customer_address.ca_zip",
                        "customer_address.ca_city"
                      ],
                      "Plans": [
                        {
                          "Node Type": "Hash Join",
                          "Parent Relationship": "Outer",
                          "Parallel Aware": true,
                          "Async Capable": false,
                          "Join Type": "Inner",
                          "Startup Cost": 263288.57,
                          "Total Cost": 270871.96,
                          "Plan Rows": 1951,
                          "Plan Width": 26,
                          "Inner Unique": false,
                          "Hash Cond": "(item.i_item_sk = web_sales.ws_item_sk)",
                          "Join Filter": "((substr((customer_address.ca_zip)::text, 1, 5) = ANY ('{85669,86197,88274,83405,86475,85392,85460,80348,81792}'::text[])) OR (hashed SubPlan 1))",
                          "Plans": [
                            {
                              "Node Type": "Seq Scan",
                              "Parent Relationship": "Outer",
                              "Parallel Aware": true,
                              "Async Capable": false,
                              "Relation Name": "item",
                              "Alias": "item",
                              "Startup Cost": 0.0,
                              "Total Cost": 7389.0,
                              "Plan Rows": 42500,
                              "Plan Width": 21,
                              "parent": 5,
                              "ID": 6
                            },
                            {
                              "Node Type": "Hash",
                              "Parent Relationship": "Inner",
                              "Parallel Aware": true,
                              "Async Capable": false,
                              "Startup Cost": 254747.81,
                              "Total Cost": 254747.81,
                              "Plan Rows": 3735,
                              "Plan Width": 30,
                              "Plans": [
                                {
                                  "Node Type": "Hash Join",
                                  "Parent Relationship": "Outer",
                                  "Parallel Aware": true,
                                  "Async Capable": false,
                                  "Join Type": "Inner",
                                  "Startup Cost": 247864.96,
                                  "Total Cost": 254747.81,
                                  "Plan Rows": 3735,
                                  "Plan Width": 30,
                                  "Inner Unique": false,
                                  "Hash Cond": "(customer_address.ca_address_sk = customer.c_current_addr_sk)",
                                  "Plans": [
                                    {
                                      "Node Type": "Seq Scan",
                                      "Parent Relationship": "Outer",
                                      "Parallel Aware": true,
                                      "Async Capable": false,
                                      "Relation Name": "customer_address",
                                      "Alias": "customer_address",
                                      "Startup Cost": 0.0,
                                      "Total Cost": 6476.67,
                                      "Plan Rows": 104167,
                                      "Plan Width": 24,
                                      "parent": 8,
                                      "ID": 9
                                    },
                                    {
                                      "Node Type": "Hash",
                                      "Parent Relationship": "Inner",
                                      "Parallel Aware": true,
                                      "Async Capable": false,
                                      "Startup Cost": 247818.27,
                                      "Total Cost": 247818.27,
                                      "Plan Rows": 3735,
                                      "Plan Width": 14,
                                      "Plans": [
                                        {
                                          "Node Type": "Hash Join",
                                          "Parent Relationship": "Outer",
                                          "Parallel Aware": true,
                                          "Async Capable": false,
                                          "Join Type": "Inner",
                                          "Startup Cost": 231103.13,
                                          "Total Cost": 247818.27,
                                          "Plan Rows": 3735,
                                          "Plan Width": 14,
                                          "Inner Unique": false,
                                          "Hash Cond": "(customer.c_customer_sk = web_sales.ws_bill_customer_sk)",
                                          "Plans": [
                                            {
                                              "Node Type": "Seq Scan",
                                              "Parent Relationship": "Outer",
                                              "Parallel Aware": true,
                                              "Async Capable": false,
                                              "Relation Name": "customer",
                                              "Alias": "customer",
                                              "Startup Cost": 0.0,
                                              "Total Cost": 15918.33,
                                              "Plan Rows": 208333,
                                              "Plan Width": 8,
                                              "parent": 11,
                                              "ID": 12
                                            },
                                            {
                                              "Node Type": "Hash",
                                              "Parent Relationship": "Inner",
                                              "Parallel Aware": true,
                                              "Async Capable": false,
                                              "Startup Cost": 231056.44,
                                              "Total Cost": 231056.44,
                                              "Plan Rows": 3735,
                                              "Plan Width": 14,
                                              "Plans": [
                                                {
                                                  "Node Type": "Hash Join",
                                                  "Parent Relationship": "Outer",
                                                  "Parallel Aware": true,
                                                  "Async Capable": false,
                                                  "Join Type": "Inner",
                                                  "Startup Cost": 2050.23,
                                                  "Total Cost": 231056.44,
                                                  "Plan Rows": 3735,
                                                  "Plan Width": 14,
                                                  "Inner Unique": false,
                                                  "Hash Cond": "(web_sales.ws_sold_date_sk = date_dim.d_date_sk)",
                                                  "Plans": [
                                                    {
                                                      "Node Type": "Seq Scan",
                                                      "Parent Relationship": "Outer",
                                                      "Parallel Aware": true,
                                                      "Async Capable": false,
                                                      "Relation Name": "web_sales",
                                                      "Alias": "web_sales",
                                                      "Startup Cost": 0.0,
                                                      "Total Cost": 217737.86,
                                                      "Plan Rows": 2998986,
                                                      "Plan Width": 18,
                                                      "parent": 14,
                                                      "ID": 15
                                                    },
                                                    {
                                                      "Node Type": "Hash",
                                                      "Parent Relationship": "Inner",
                                                      "Parallel Aware": true,
                                                      "Async Capable": false,
                                                      "Startup Cost": 2049.55,
                                                      "Total Cost": 2049.55,
                                                      "Plan Rows": 54,
                                                      "Plan Width": 4,
                                                      "Plans": [
                                                        {
                                                          "Node Type": "Seq Scan",
                                                          "Parent Relationship": "Outer",
                                                          "Parallel Aware": true,
                                                          "Async Capable": false,
                                                          "Relation Name": "date_dim",
                                                          "Alias": "date_dim",
                                                          "Startup Cost": 0.0,
                                                          "Total Cost": 2049.55,
                                                          "Plan Rows": 54,
                                                          "Plan Width": 4,
                                                          "Filter": "((d_qoy = 2) AND (d_year = 2000))",
                                                          "parent": 16,
                                                          "ID": 17
                                                        }
                                                      ],
                                                      "parent": 14,
                                                      "ID": 16,
                                                      "left": 17
                                                    }
                                                  ],
                                                  "parent": 13,
                                                  "ID": 14,
                                                  "left": 15,
                                                  "right": 16
                                                }
                                              ],
                                              "parent": 11,
                                              "ID": 13,
                                              "left": 14
                                            }
                                          ],
                                          "parent": 10,
                                          "ID": 11,
                                          "left": 12,
                                          "right": 13
                                        }
                                      ],
                                      "parent": 8,
                                      "ID": 10,
                                      "left": 11
                                    }
                                  ],
                                  "parent": 7,
                                  "ID": 8,
                                  "left": 9,
                                  "right": 10
                                }
                              ],
                              "parent": 5,
                              "ID": 7,
                              "left": 8
                            },
                            {
                              "Node Type": "Seq Scan",
                              "Parent Relationship": "SubPlan",
                              "Subplan Name": "SubPlan 1",
                              "Parallel Aware": false,
                              "Async Capable": false,
                              "Relation Name": "item",
                              "Alias": "item_1",
                              "Startup Cost": 0.03,
                              "Total Cost": 8494.02,
                              "Plan Rows": 10,
                              "Plan Width": 17,
                              "Filter": "(i_item_sk = ANY ('{2,3,5,7,11,13,17,19,23,29}'::integer[]))",
                              "parent": 5,
                              "ID": 18
                            }
                          ],
                          "parent": 4,
                          "ID": 5,
                          "left": 6,
                          "right": 7
                        }
                      ],
                      "parent": 3,
                      "ID": 4,
                      "left": 5
                    }
                  ],
                  "parent": 2,
                  "ID": 3,
                  "left": 4
                }
              ],
              "parent": 1,
              "ID": 2,
              "left": 3
            }
          ],
          "parent": 0,
          "ID": 1,
          "left": 2
        }
      ],
      "parent": null,
      "ID": 0,
      "left": 1
    },
    "feat": {
      "utility": 0.0,
      "query_shape": [
        [
          "Seq Scan",
          "Hash Join",
          "Sort",
          "Aggregate",
          "Gather Merge"
        ],
        [
          "Seq Scan",
          "Hash Join",
          "Hash",
          "Sort",
          "Aggregate",
          "Gather Merge"
        ],
        [
          "Seq Scan",
          "Hash Join",
          "Hash",
          "Sort",
          "Aggregate",
          "Gather Merge"
        ],
        [
          "Seq Scan",
          "Hash Join",
          "Hash",
          "Sort",
          "Aggregate",
          "Gather Merge"
        ],
        [
          "Seq Scan",
          "Hash",
          "Hash Join",
          "Sort",
          "Aggregate",
          "Gather Merge"
        ],
        [
          "Seq Scan",
          "Hash Join",
          "Sort",
          "Aggregate",
          "Gather Merge"
        ]
      ],
      "index_shape": [],
      "physical_operator": {}
    }
  },
  {
    "query": "with ssr as\n (select  s_store_id as store_id,\n          sum(ss_ext_sales_price) as sales,\n          sum(coalesce(sr_return_amt, 0)) as returns,\n          sum(ss_net_profit - coalesce(sr_net_loss, 0)) as profit\n  from store_sales left outer join store_returns on\n         (ss_item_sk = sr_item_sk and ss_ticket_number = sr_ticket_number),\n     date_dim,\n     store,\n     item,\n     promotion\n where ss_sold_date_sk = d_date_sk\n       and d_date between cast('1998-08-19' as date) \n                  and (cast('1998-08-19' as date) +  interval '30 days')\n       and ss_store_sk = s_store_sk\n       and ss_item_sk = i_item_sk\n       and i_current_price > 50\n       and ss_promo_sk = p_promo_sk\n       and p_channel_tv = 'N'\n group by s_store_id)\n ,\n csr as\n (select  cp_catalog_page_id as catalog_page_id,\n          sum(cs_ext_sales_price) as sales,\n          sum(coalesce(cr_return_amount, 0)) as returns,\n          sum(cs_net_profit - coalesce(cr_net_loss, 0)) as profit\n  from catalog_sales left outer join catalog_returns on\n         (cs_item_sk = cr_item_sk and cs_order_number = cr_order_number),\n     date_dim,\n     catalog_page,\n     item,\n     promotion\n where cs_sold_date_sk = d_date_sk\n       and d_date between cast('1998-08-19' as date)\n                  and (cast('1998-08-19' as date) +  interval '30 days')\n        and cs_catalog_page_sk = cp_catalog_page_sk\n       and cs_item_sk = i_item_sk\n       and i_current_price > 50\n       and cs_promo_sk = p_promo_sk\n       and p_channel_tv = 'N'\ngroup by cp_catalog_page_id)\n ,\n wsr as\n (select  web_site_id,\n          sum(ws_ext_sales_price) as sales,\n          sum(coalesce(wr_return_amt, 0)) as returns,\n          sum(ws_net_profit - coalesce(wr_net_loss, 0)) as profit\n  from web_sales left outer join web_returns on\n         (ws_item_sk = wr_item_sk and ws_order_number = wr_order_number),\n     date_dim,\n     web_site,\n     item,\n     promotion\n where ws_sold_date_sk = d_date_sk\n       and d_date between cast('1998-08-19' as date)\n                  and (cast('1998-08-19' as date) +  interval '30 days')\n        and ws_web_site_sk = web_site_sk\n       and ws_item_sk = i_item_sk\n       and i_current_price > 50\n       and ws_promo_sk = p_promo_sk\n       and p_channel_tv = 'N'\ngroup by web_site_id)\n  select  channel\n        , id\n        , sum(sales) as sales\n        , sum(returns) as returns\n        , sum(profit) as profit\n from \n (select 'store channel' as channel\n        , 'store' || store_id as id\n        , sales\n        , returns\n        , profit\n from   ssr\n union all\n select 'catalog channel' as channel\n        , 'catalog_page' || catalog_page_id as id\n        , sales\n        , returns\n        , profit\n from  csr\n union all\n select 'web channel' as channel\n        , 'web_site' || web_site_id as id\n        , sales\n        , returns\n        , profit\n from   wsr\n ) x\n group by rollup (channel, id)\n order by channel\n         ,id\n limit 100;\n\n-- end query 61 in stream 0 using template query80.tpl\n",
    "indexes": "promotion.p_promo_sk",
    "wo plan est": {
      "Node Type": "Limit",
      "Parallel Aware": false,
      "Async Capable": false,
      "Startup Cost": 1566782.76,
      "Total Cost": 1566786.01,
      "Plan Rows": 100,
      "Plan Width": 160,
      "Plans": [
        {
          "Node Type": "Aggregate",
          "Strategy": "Sorted",
          "Partial Mode": "Simple",
          "Parent Relationship": "Outer",
          "Parallel Aware": false,
          "Async Capable": false,
          "Startup Cost": 1566782.76,
          "Total Cost": 1566795.8,
          "Plan Rows": 401,
          "Plan Width": 160,
          "Grouping Sets": [
            {
              "Group Keys": [
                [
                  "('store channel'::text)",
                  "(('store'::text || (ssr.store_id)::text))"
                ],
                [
                  "('store channel'::text)"
                ],
                []
              ]
            }
          ],
          "Plans": [
            {
              "Node Type": "Sort",
              "Parent Relationship": "Outer",
              "Parallel Aware": false,
              "Async Capable": false,
              "Startup Cost": 1566782.76,
              "Total Cost": 1566783.77,
              "Plan Rows": 401,
              "Plan Width": 160,
              "Sort Key": [
                "('store channel'::text)",
                "(('store'::text || (ssr.store_id)::text))"
              ],
              "Plans": [
                {
                  "Node Type": "Append",
                  "Parent Relationship": "Outer",
                  "Parallel Aware": false,
                  "Async Capable": false,
                  "Startup Cost": 784591.9,
                  "Total Cost": 1566765.43,
                  "Plan Rows": 401,
                  "Plan Width": 160,
                  "Subplans Removed": 0,
                  "Plans": [
                    {
                      "Node Type": "Subquery Scan",
                      "Parent Relationship": "Member",
                      "Parallel Aware": false,
                      "Async Capable": false,
                      "Alias": "ssr",
                      "Startup Cost": 784591.9,
                      "Total Cost": 784611.64,
                      "Plan Rows": 51,
                      "Plan Width": 160,
                      "Plans": [
                        {
                          "Node Type": "Aggregate",
                          "Strategy": "Sorted",
                          "Partial Mode": "Finalize",
                          "Parent Relationship": "Subquery",
                          "Parallel Aware": false,
                          "Async Capable": false,
                          "Startup Cost": 784591.9,
                          "Total Cost": 784610.87,
                          "Plan Rows": 51,
                          "Plan Width": 113,
                          "Group Key": [
                            "store.s_store_id"
                          ],
                          "Plans": [
                            {
                              "Node Type": "Gather Merge",
                              "Parent Relationship": "Outer",
                              "Parallel Aware": false,
                              "Async Capable": false,
                              "Startup Cost": 784591.9,
                              "Total Cost": 784608.2,
                              "Plan Rows": 102,
                              "Plan Width": 113,
                              "Workers Planned": 2,
                              "Plans": [
                                {
                                  "Node Type": "Aggregate",
                                  "Strategy": "Sorted",
                                  "Partial Mode": "Partial",
                                  "Parent Relationship": "Outer",
                                  "Parallel Aware": false,
                                  "Async Capable": false,
                                  "Startup Cost": 783591.88,
                                  "Total Cost": 783596.4,
                                  "Plan Rows": 51,
                                  "Plan Width": 113,
                                  "Group Key": [
                                    "store.s_store_id"
                                  ],
                                  "Plans": [
                                    {
                                      "Node Type": "Sort",
                                      "Parent Relationship": "Outer",
                                      "Parallel Aware": false,
                                      "Async Capable": false,
                                      "Startup Cost": 783591.88,
                                      "Total Cost": 783592.48,
                                      "Plan Rows": 242,
                                      "Plan Width": 41,
                                      "Sort Key": [
                                        "store.s_store_id"
                                      ],
                                      "Plans": [
                                        {
                                          "Node Type": "Hash Join",
                                          "Parent Relationship": "Outer",
                                          "Parallel Aware": false,
                                          "Async Capable": false,
                                          "Join Type": "Inner",
                                          "Startup Cost": 94489.35,
                                          "Total Cost": 783582.3,
                                          "Plan Rows": 242,
                                          "Plan Width": 41,
                                          "Inner Unique": false,
                                          "Hash Cond": "(store_sales.ss_store_sk = store.s_store_sk)",
                                          "Plans": [
                                            {
                                              "Node Type": "Hash Join",
                                              "Parent Relationship": "Outer",
                                              "Parallel Aware": false,
                                              "Async Capable": false,
                                              "Join Type": "Inner",
                                              "Startup Cost": 94482.05,
                                              "Total Cost": 783571.63,
                                              "Plan Rows": 254,
                                              "Plan Width": 28,
                                              "Inner Unique": false,
                                              "Hash Cond": "(store_sales.ss_promo_sk = promotion.p_promo_sk)",
                                              "Plans": [
                                                {
                                                  "Node Type": "Hash Join",
                                                  "Parent Relationship": "Outer",
                                                  "Parallel Aware": true,
                                                  "Async Capable": false,
                                                  "Join Type": "Inner",
                                                  "Startup Cost": 94456.65,
                                                  "Total Cost": 783542.68,
                                                  "Plan Rows": 270,
                                                  "Plan Width": 32,
                                                  "Inner Unique": false,
                                                  "Hash Cond": "(store_sales.ss_item_sk = item.i_item_sk)",
                                                  "Plans": [
                                                    {
                                                      "Node Type": "Hash Join",
                                                      "Parent Relationship": "Outer",
                                                      "Parallel Aware": true,
                                                      "Async Capable": false,
                                                      "Join Type": "Left",
                                                      "Startup Cost": 86930.88,
                                                      "Total Cost": 775998.13,
                                                      "Plan Rows": 4703,
                                                      "Plan Width": 36,
                                                      "Inner Unique": false,
                                                      "Hash Cond": "((store_sales.ss_item_sk = store_returns.sr_item_sk) AND (store_sales.ss_ticket_number = store_returns.sr_ticket_number))",
                                                      "Plans": [
                                                        {
                                                          "Node Type": "Hash Join",
                                                          "Parent Relationship": "Outer",
                                                          "Parallel Aware": true,
                                                          "Async Capable": false,
                                                          "Join Type": "Inner",
                                                          "Startup Cost": 2049.78,
                                                          "Total Cost": 683994.75,
                                                          "Plan Rows": 4703,
                                                          "Plan Width": 28,
                                                          "Inner Unique": false,
                                                          "Hash Cond": "(store_sales.ss_sold_date_sk = date_dim.d_date_sk)",
                                                          "Plans": [
                                                            {
                                                              "Node Type": "Seq Scan",
                                                              "Parent Relationship": "Outer",
                                                              "Parallel Aware": true,
                                                              "Async Capable": false,
                                                              "Relation Name": "store_sales",
                                                              "Alias": "store_sales",
                                                              "Startup Cost": 0.0,
                                                              "Total Cost": 636914.37,
                                                              "Plan Rows": 12000637,
                                                              "Plan Width": 32,
                                                              "parent": 13,
                                                              "ID": 14
                                                            },
                                                            {
                                                              "Node Type": "Hash",
                                                              "Parent Relationship": "Inner",
                                                              "Parallel Aware": true,
                                                              "Async Capable": false,
                                                              "Startup Cost": 2049.55,
                                                              "Total Cost": 2049.55,
                                                              "Plan Rows": 18,
                                                              "Plan Width": 4,
                                                              "Plans": [
                                                                {
                                                                  "Node Type": "Seq Scan",
                                                                  "Parent Relationship": "Outer",
                                                                  "Parallel Aware": true,
                                                                  "Async Capable": false,
                                                                  "Relation Name": "date_dim",
                                                                  "Alias": "date_dim",
                                                                  "Startup Cost": 0.0,
                                                                  "Total Cost": 2049.55,
                                                                  "Plan Rows": 18,
                                                                  "Plan Width": 4,
                                                                  "Filter": "((d_date >= '1998-08-19'::date) AND (d_date <= '1998-09-18 00:00:00'::timestamp without time zone))",
                                                                  "parent": 15,
                                                                  "ID": 16
                                                                }
                                                              ],
                                                              "parent": 13,
                                                              "ID": 15,
                                                              "left": 16
                                                            }
                                                          ],
                                                          "parent": 12,
                                                          "ID": 13,
                                                          "left": 14,
                                                          "right": 15
                                                        },
                                                        {
                                                          "Node Type": "Hash",
                                                          "Parent Relationship": "Inner",
                                                          "Parallel Aware": true,
                                                          "Async Capable": false,
                                                          "Startup Cost": 59887.64,
                                                          "Total Cost": 59887.64,
                                                          "Plan Rows": 1198164,
                                                          "Plan Width": 20,
                                                          "Plans": [
                                                            {
                                                              "Node Type": "Seq Scan",
                                                              "Parent Relationship": "Outer",
                                                              "Parallel Aware": true,
                                                              "Async Capable": false,
                                                              "Relation Name": "store_returns",
                                                              "Alias": "store_returns",
                                                              "Startup Cost": 0.0,
                                                              "Total Cost": 59887.64,
                                                              "Plan Rows": 1198164,
                                                              "Plan Width": 20,
                                                              "parent": 17,
                                                              "ID": 18
                                                            }
                                                          ],
                                                          "parent": 12,
                                                          "ID": 17,
                                                          "left": 18
                                                        }
                                                      ],
                                                      "parent": 11,
                                                      "ID": 12,
                                                      "left": 13,
                                                      "right": 17
                                                    },
                                                    {
                                                      "Node Type": "Hash",
                                                      "Parent Relationship": "Inner",
                                                      "Parallel Aware": true,
                                                      "Async Capable": false,
                                                      "Startup Cost": 7495.25,
                                                      "Total Cost": 7495.25,
                                                      "Plan Rows": 2442,
                                                      "Plan Width": 4,
                                                      "Plans": [
                                                        {
                                                          "Node Type": "Seq Scan",
                                                          "Parent Relationship": "Outer",
                                                          "Parallel Aware": true,
                                                          "Async Capable": false,
                                                          "Relation Name": "item",
                                                          "Alias": "item",
                                                          "Startup Cost": 0.0,
                                                          "Total Cost": 7495.25,
                                                          "Plan Rows": 2442,
                                                          "Plan Width": 4,
                                                          "Filter": "(i_current_price > '50'::numeric)",
                                                          "parent": 19,
                                                          "ID": 20
                                                        }
                                                      ],
                                                      "parent": 11,
                                                      "ID": 19,
                                                      "left": 20
                                                    }
                                                  ],
                                                  "parent": 10,
                                                  "ID": 11,
                                                  "left": 12,
                                                  "right": 19
                                                },
                                                {
                                                  "Node Type": "Hash",
                                                  "Parent Relationship": "Inner",
                                                  "Parallel Aware": false,
                                                  "Async Capable": false,
                                                  "Startup Cost": 19.25,
                                                  "Total Cost": 19.25,
                                                  "Plan Rows": 492,
                                                  "Plan Width": 4,
                                                  "Plans": [
                                                    {
                                                      "Node Type": "Seq Scan",
                                                      "Parent Relationship": "Outer",
                                                      "Parallel Aware": false,
                                                      "Async Capable": false,
                                                      "Relation Name": "promotion",
                                                      "Alias": "promotion",
                                                      "Startup Cost": 0.0,
                                                      "Total Cost": 19.25,
                                                      "Plan Rows": 492,
                                                      "Plan Width": 4,
                                                      "Filter": "(p_channel_tv = 'N'::bpchar)",
                                                      "parent": 21,
                                                      "ID": 22
                                                    }
                                                  ],
                                                  "parent": 10,
                                                  "ID": 21,
                                                  "left": 22
                                                }
                                              ],
                                              "parent": 9,
                                              "ID": 10,
                                              "left": 11,
                                              "right": 21
                                            },
                                            {
                                              "Node Type": "Hash",
                                              "Parent Relationship": "Inner",
                                              "Parallel Aware": false,
                                              "Async Capable": false,
                                              "Startup Cost": 6.02,
                                              "Total Cost": 6.02,
                                              "Plan Rows": 102,
                                              "Plan Width": 21,
                                              "Plans": [
                                                {
                                                  "Node Type": "Seq Scan",
                                                  "Parent Relationship": "Outer",
                                                  "Parallel Aware": false,
                                                  "Async Capable": false,
                                                  "Relation Name": "store",
                                                  "Alias": "store",
                                                  "Startup Cost": 0.0,
                                                  "Total Cost": 6.02,
                                                  "Plan Rows": 102,
                                                  "Plan Width": 21,
                                                  "parent": 23,
                                                  "ID": 24
                                                }
                                              ],
                                              "parent": 9,
                                              "ID": 23,
                                              "left": 24
                                            }
                                          ],
                                          "parent": 8,
                                          "ID": 9,
                                          "left": 10,
                                          "right": 23
                                        }
                                      ],
                                      "parent": 7,
                                      "ID": 8,
                                      "left": 9
                                    }
                                  ],
                                  "parent": 6,
                                  "ID": 7,
                                  "left": 8
                                }
                              ],
                              "parent": 5,
                              "ID": 6,
                              "left": 7
                            }
                          ],
                          "parent": 4,
                          "ID": 5,
                          "left": 6
                        }
                      ],
                      "parent": 3,
                      "ID": 4,
                      "left": 5
                    },
                    {
                      "Node Type": "Subquery Scan",
                      "Parent Relationship": "Member",
                      "Parallel Aware": false,
                      "Async Capable": false,
                      "Alias": "csr",
                      "Startup Cost": 518174.1,
                      "Total Cost": 518225.66,
                      "Plan Rows": 329,
                      "Plan Width": 160,
                      "Plans": [
                        {
                          "Node Type": "Aggregate",
                          "Strategy": "Sorted",
                          "Partial Mode": "Finalize",
                          "Parent Relationship": "Subquery",
                          "Parallel Aware": false,
                          "Async Capable": false,
                          "Startup Cost": 518174.1,
                          "Total Cost": 518220.73,
                          "Plan Rows": 329,
                          "Plan Width": 113,
                          "Group Key": [
                            "catalog_page.cp_catalog_page_id"
                          ],
                          "Plans": [
                            {
                              "Node Type": "Gather Merge",
                              "Parent Relationship": "Outer",
                              "Parallel Aware": false,
                              "Async Capable": false,
                              "Startup Cost": 518174.1,
                              "Total Cost": 518210.18,
                              "Plan Rows": 274,
                              "Plan Width": 113,
                              "Workers Planned": 2,
                              "Plans": [
                                {
                                  "Node Type": "Aggregate",
                                  "Strategy": "Sorted",
                                  "Partial Mode": "Partial",
                                  "Parent Relationship": "Outer",
                                  "Parallel Aware": false,
                                  "Async Capable": false,
                                  "Startup Cost": 517174.07,
                                  "Total Cost": 517178.53,
                                  "Plan Rows": 137,
                                  "Plan Width": 113,
                                  "Group Key": [
                                    "catalog_page.cp_catalog_page_id"
                                  ],
                                  "Plans": [
                                    {
                                      "Node Type": "Sort",
                                      "Parent Relationship": "Outer",
                                      "Parallel Aware": false,
                                      "Async Capable": false,
                                      "Startup Cost": 517174.07,
                                      "Total Cost": 517174.42,
                                      "Plan Rows": 137,
                                      "Plan Width": 41,
                                      "Sort Key": [
                                        "catalog_page.cp_catalog_page_id"
                                      ],
                                      "Plans": [
                                        {
                                          "Node Type": "Hash Join",
                                          "Parent Relationship": "Outer",
                                          "Parallel Aware": false,
                                          "Async Capable": false,
                                          "Join Type": "Inner",
                                          "Startup Cost": 57382.33,
                                          "Total Cost": 517169.21,
                                          "Plan Rows": 137,
                                          "Plan Width": 41,
                                          "Inner Unique": false,
                                          "Hash Cond": "(catalog_sales.cs_catalog_page_sk = catalog_page.cp_catalog_page_sk)",
                                          "Plans": [
                                            {
                                              "Node Type": "Hash Join",
                                              "Parent Relationship": "Outer",
                                              "Parallel Aware": false,
                                              "Async Capable": false,
                                              "Join Type": "Inner",
                                              "Startup Cost": 56864.33,
                                              "Total Cost": 516649.32,
                                              "Plan Rows": 138,
                                              "Plan Width": 28,
                                              "Inner Unique": false,
                                              "Hash Cond": "(catalog_sales.cs_promo_sk = promotion_1.p_promo_sk)",
                                              "Plans": [
                                                {
                                                  "Node Type": "Hash Join",
                                                  "Parent Relationship": "Outer",
                                                  "Parallel Aware": true,
                                                  "Async Capable": false,
                                                  "Join Type": "Inner",
                                                  "Startup Cost": 56838.93,
                                                  "Total Cost": 516622.01,
                                                  "Plan Rows": 141,
                                                  "Plan Width": 32,
                                                  "Inner Unique": false,
                                                  "Hash Cond": "(catalog_sales.cs_item_sk = item_1.i_item_sk)",
                                                  "Plans": [
                                                    {
                                                      "Node Type": "Hash Join",
                                                      "Parent Relationship": "Outer",
                                                      "Parallel Aware": true,
                                                      "Async Capable": false,
                                                      "Join Type": "Left",
                                                      "Startup Cost": 49313.15,
                                                      "Total Cost": 509086.46,
                                                      "Plan Rows": 2450,
                                                      "Plan Width": 36,
                                                      "Inner Unique": false,
                                                      "Hash Cond": "((catalog_sales.cs_item_sk = catalog_returns.cr_item_sk) AND (catalog_sales.cs_order_number = catalog_returns.cr_order_number))",
                                                      "Plans": [
                                                        {
                                                          "Node Type": "Hash Join",
                                                          "Parent Relationship": "Outer",
                                                          "Parallel Aware": true,
                                                          "Async Capable": false,
                                                          "Join Type": "Inner",
                                                          "Startup Cost": 2049.78,
                                                          "Total Cost": 458254.7,
                                                          "Plan Rows": 2450,
                                                          "Plan Width": 28,
                                                          "Inner Unique": false,
                                                          "Hash Cond": "(catalog_sales.cs_sold_date_sk = date_dim_1.d_date_sk)",
                                                          "Plans": [
                                                            {
                                                              "Node Type": "Seq Scan",
                                                              "Parent Relationship": "Outer",
                                                              "Parallel Aware": true,
                                                              "Async Capable": false,
                                                              "Relation Name": "catalog_sales",
                                                              "Alias": "catalog_sales",
                                                              "Startup Cost": 0.0,
                                                              "Total Cost": 433688.25,
                                                              "Plan Rows": 6000525,
                                                              "Plan Width": 32,
                                                              "parent": 34,
                                                              "ID": 35
                                                            },
                                                            {
                                                              "Node Type": "Hash",
                                                              "Parent Relationship": "Inner",
                                                              "Parallel Aware": true,
                                                              "Async Capable": false,
                                                              "Startup Cost": 2049.55,
                                                              "Total Cost": 2049.55,
                                                              "Plan Rows": 18,
                                                              "Plan Width": 4,
                                                              "Plans": [
                                                                {
                                                                  "Node Type": "Seq Scan",
                                                                  "Parent Relationship": "Outer",
                                                                  "Parallel Aware": true,
                                                                  "Async Capable": false,
                                                                  "Relation Name": "date_dim",
                                                                  "Alias": "date_dim_1",
                                                                  "Startup Cost": 0.0,
                                                                  "Total Cost": 2049.55,
                                                                  "Plan Rows": 18,
                                                                  "Plan Width": 4,
                                                                  "Filter": "((d_date >= '1998-08-19'::date) AND (d_date <= '1998-09-18 00:00:00'::timestamp without time zone))",
                                                                  "parent": 36,
                                                                  "ID": 37
                                                                }
                                                              ],
                                                              "parent": 34,
                                                              "ID": 36,
                                                              "left": 37
                                                            }
                                                          ],
                                                          "parent": 33,
                                                          "ID": 34,
                                                          "left": 35,
                                                          "right": 36
                                                        },
                                                        {
                                                          "Node Type": "Hash",
                                                          "Parent Relationship": "Inner",
                                                          "Parallel Aware": true,
                                                          "Async Capable": false,
                                                          "Startup Cost": 34748.95,
                                                          "Total Cost": 34748.95,
                                                          "Plan Rows": 599895,
                                                          "Plan Width": 20,
                                                          "Plans": [
                                                            {
                                                              "Node Type": "Seq Scan",
                                                              "Parent Relationship": "Outer",
                                                              "Parallel Aware": true,
                                                              "Async Capable": false,
                                                              "Relation Name": "catalog_returns",
                                                              "Alias": "catalog_returns",
                                                              "Startup Cost": 0.0,
                                                              "Total Cost": 34748.95,
                                                              "Plan Rows": 599895,
                                                              "Plan Width": 20,
                                                              "parent": 38,
                                                              "ID": 39
                                                            }
                                                          ],
                                                          "parent": 33,
                                                          "ID": 38,
                                                          "left": 39
                                                        }
                                                      ],
                                                      "parent": 32,
                                                      "ID": 33,
                                                      "left": 34,
                                                      "right": 38
                                                    },
                                                    {
                                                      "Node Type": "Hash",
                                                      "Parent Relationship": "Inner",
                                                      "Parallel Aware": true,
                                                      "Async Capable": false,
                                                      "Startup Cost": 7495.25,
                                                      "Total Cost": 7495.25,
                                                      "Plan Rows": 2442,
                                                      "Plan Width": 4,
                                                      "Plans": [
                                                        {
                                                          "Node Type": "Seq Scan",
                                                          "Parent Relationship": "Outer",
                                                          "Parallel Aware": true,
                                                          "Async Capable": false,
                                                          "Relation Name": "item",
                                                          "Alias": "item_1",
                                                          "Startup Cost": 0.0,
                                                          "Total Cost": 7495.25,
                                                          "Plan Rows": 2442,
                                                          "Plan Width": 4,
                                                          "Filter": "(i_current_price > '50'::numeric)",
                                                          "parent": 40,
                                                          "ID": 41
                                                        }
                                                      ],
                                                      "parent": 32,
                                                      "ID": 40,
                                                      "left": 41
                                                    }
                                                  ],
                                                  "parent": 31,
                                                  "ID": 32,
                                                  "left": 33,
                                                  "right": 40
                                                },
                                                {
                                                  "Node Type": "Hash",
                                                  "Parent Relationship": "Inner",
                                                  "Parallel Aware": false,
                                                  "Async Capable": false,
                                                  "Startup Cost": 19.25,
                                                  "Total Cost": 19.25,
                                                  "Plan Rows": 492,
                                                  "Plan Width": 4,
                                                  "Plans": [
                                                    {
                                                      "Node Type": "Seq Scan",
                                                      "Parent Relationship": "Outer",
                                                      "Parallel Aware": false,
                                                      "Async Capable": false,
                                                      "Relation Name": "promotion",
                                                      "Alias": "promotion_1",
                                                      "Startup Cost": 0.0,
                                                      "Total Cost": 19.25,
                                                      "Plan Rows": 492,
                                                      "Plan Width": 4,
                                                      "Filter": "(p_channel_tv = 'N'::bpchar)",
                                                      "parent": 42,
                                                      "ID": 43
                                                    }
                                                  ],
                                                  "parent": 31,
                                                  "ID": 42,
                                                  "left": 43
                                                }
                                              ],
                                              "parent": 30,
                                              "ID": 31,
                                              "left": 32,
                                              "right": 42
                                            },
                                            {
                                              "Node Type": "Hash",
                                              "Parent Relationship": "Inner",
                                              "Parallel Aware": false,
                                              "Async Capable": false,
                                              "Startup Cost": 368.0,
                                              "Total Cost": 368.0,
                                              "Plan Rows": 12000,
                                              "Plan Width": 21,
                                              "Plans": [
                                                {
                                                  "Node Type": "Seq Scan",
                                                  "Parent Relationship": "Outer",
                                                  "Parallel Aware": false,
                                                  "Async Capable": false,
                                                  "Relation Name": "catalog_page",
                                                  "Alias": "catalog_page",
                                                  "Startup Cost": 0.0,
                                                  "Total Cost": 368.0,
                                                  "Plan Rows": 12000,
                                                  "Plan Width": 21,
                                                  "parent": 44,
                                                  "ID": 45
                                                }
                                              ],
                                              "parent": 30,
                                              "ID": 44,
                                              "left": 45
                                            }
                                          ],
                                          "parent": 29,
                                          "ID": 30,
                                          "left": 31,
                                          "right": 44
                                        }
                                      ],
                                      "parent": 28,
                                      "ID": 29,
                                      "left": 30
                                    }
                                  ],
                                  "parent": 27,
                                  "ID": 28,
                                  "left": 29
                                }
                              ],
                              "parent": 26,
                              "ID": 27,
                              "left": 28
                            }
                          ],
                          "parent": 25,
                          "ID": 26,
                          "left": 27
                        }
                      ],
                      "parent": 3,
                      "ID": 25,
                      "left": 26
                    },
                    {
                      "Node Type": "Subquery Scan",
                      "Parent Relationship": "Member",
                      "Parallel Aware": false,
                      "Async Capable": false,
                      "Alias": "wsr",
                      "Startup Cost": 263918.43,
                      "Total Cost": 263926.12,
                      "Plan Rows": 21,
                      "Plan Width": 160,
                      "Plans": [
                        {
                          "Node Type": "Aggregate",
                          "Strategy": "Sorted",
                          "Partial Mode": "Finalize",
                          "Parent Relationship": "Subquery",
                          "Parallel Aware": false,
                          "Async Capable": false,
                          "Startup Cost": 263918.43,
                          "Total Cost": 263925.8,
                          "Plan Rows": 21,
                          "Plan Width": 113,
                          "Group Key": [
                            "web_site.web_site_id"
                          ],
                          "Plans": [
                            {
                              "Node Type": "Gather Merge",
                              "Parent Relationship": "Outer",
                              "Parallel Aware": false,
                              "Async Capable": false,
                              "Startup Cost": 263918.43,
                              "Total Cost": 263924.7,
                              "Plan Rows": 42,
                              "Plan Width": 113,
                              "Workers Planned": 2,
                              "Plans": [
                                {
                                  "Node Type": "Aggregate",
                                  "Strategy": "Sorted",
                                  "Partial Mode": "Partial",
                                  "Parent Relationship": "Outer",
                                  "Parallel Aware": false,
                                  "Async Capable": false,
                                  "Startup Cost": 262918.41,
                                  "Total Cost": 262919.83,
                                  "Plan Rows": 21,
                                  "Plan Width": 113,
                                  "Group Key": [
                                    "web_site.web_site_id"
                                  ],
                                  "Plans": [
                                    {
                                      "Node Type": "Sort",
                                      "Parent Relationship": "Outer",
                                      "Parallel Aware": false,
                                      "Async Capable": false,
                                      "Startup Cost": 262918.41,
                                      "Total Cost": 262918.59,
                                      "Plan Rows": 70,
                                      "Plan Width": 41,
                                      "Sort Key": [
                                        "web_site.web_site_id"
                                      ],
                                      "Plans": [
                                        {
                                          "Node Type": "Hash Join",
                                          "Parent Relationship": "Outer",
                                          "Parallel Aware": false,
                                          "Async Capable": false,
                                          "Join Type": "Inner",
                                          "Startup Cost": 32134.74,
                                          "Total Cost": 262916.27,
                                          "Plan Rows": 70,
                                          "Plan Width": 41,
                                          "Inner Unique": false,
                                          "Hash Cond": "(web_sales.ws_web_site_sk = web_site.web_site_sk)",
                                          "Plans": [
                                            {
                                              "Node Type": "Hash Join",
                                              "Parent Relationship": "Outer",
                                              "Parallel Aware": false,
                                              "Async Capable": false,
                                              "Join Type": "Inner",
                                              "Startup Cost": 32130.8,
                                              "Total Cost": 262911.36,
                                              "Plan Rows": 70,
                                              "Plan Width": 28,
                                              "Inner Unique": false,
                                              "Hash Cond": "(web_sales.ws_promo_sk = promotion_2.p_promo_sk)",
                                              "Plans": [
                                                {
                                                  "Node Type": "Hash Join",
                                                  "Parent Relationship": "Outer",
                                                  "Parallel Aware": true,
                                                  "Async Capable": false,
                                                  "Join Type": "Inner",
                                                  "Startup Cost": 32105.4,
                                                  "Total Cost": 262884.99,
                                                  "Plan Rows": 71,
                                                  "Plan Width": 32,
                                                  "Inner Unique": false,
                                                  "Hash Cond": "(web_sales.ws_item_sk = item_2.i_item_sk)",
                                                  "Plans": [
                                                    {
                                                      "Node Type": "Hash Join",
                                                      "Parent Relationship": "Outer",
                                                      "Parallel Aware": true,
                                                      "Async Capable": false,
                                                      "Join Type": "Left",
                                                      "Startup Cost": 24579.62,
                                                      "Total Cost": 255354.31,
                                                      "Plan Rows": 1231,
                                                      "Plan Width": 36,
                                                      "Inner Unique": false,
                                                      "Hash Cond": "((web_sales.ws_item_sk = web_returns.wr_item_sk) AND (web_sales.ws_order_number = web_returns.wr_order_number))",
                                                      "Plans": [
                                                        {
                                                          "Node Type": "Hash Join",
                                                          "Parent Relationship": "Outer",
                                                          "Parallel Aware": true,
                                                          "Async Capable": false,
                                                          "Join Type": "Inner",
                                                          "Startup Cost": 2049.78,
                                                          "Total Cost": 231041.22,
                                                          "Plan Rows": 1231,
                                                          "Plan Width": 28,
                                                          "Inner Unique": false,
                                                          "Hash Cond": "(web_sales.ws_sold_date_sk = date_dim_2.d_date_sk)",
                                                          "Plans": [
                                                            {
                                                              "Node Type": "Seq Scan",
                                                              "Parent Relationship": "Outer",
                                                              "Parallel Aware": true,
                                                              "Async Capable": false,
                                                              "Relation Name": "web_sales",
                                                              "Alias": "web_sales",
                                                              "Startup Cost": 0.0,
                                                              "Total Cost": 217737.86,
                                                              "Plan Rows": 2998986,
                                                              "Plan Width": 32,
                                                              "parent": 55,
                                                              "ID": 56
                                                            },
                                                            {
                                                              "Node Type": "Hash",
                                                              "Parent Relationship": "Inner",
                                                              "Parallel Aware": true,
                                                              "Async Capable": false,
                                                              "Startup Cost": 2049.55,
                                                              "Total Cost": 2049.55,
                                                              "Plan Rows": 18,
                                                              "Plan Width": 4,
                                                              "Plans": [
                                                                {
                                                                  "Node Type": "Seq Scan",
                                                                  "Parent Relationship": "Outer",
                                                                  "Parallel Aware": true,
                                                                  "Async Capable": false,
                                                                  "Relation Name": "date_dim",
                                                                  "Alias": "date_dim_2",
                                                                  "Startup Cost": 0.0,
                                                                  "Total Cost": 2049.55,
                                                                  "Plan Rows": 18,
                                                                  "Plan Width": 4,
                                                                  "Filter": "((d_date >= '1998-08-19'::date) AND (d_date <= '1998-09-18 00:00:00'::timestamp without time zone))",
                                                                  "parent": 57,
                                                                  "ID": 58
                                                                }
                                                              ],
                                                              "parent": 55,
                                                              "ID": 57,
                                                              "left": 58
                                                            }
                                                          ],
                                                          "parent": 54,
                                                          "ID": 55,
                                                          "left": 56,
                                                          "right": 57
                                                        },
                                                        {
                                                          "Node Type": "Hash",
                                                          "Parent Relationship": "Inner",
                                                          "Parallel Aware": true,
                                                          "Async Capable": false,
                                                          "Startup Cost": 16278.74,
                                                          "Total Cost": 16278.74,
                                                          "Plan Rows": 299674,
                                                          "Plan Width": 20,
                                                          "Plans": [
                                                            {
                                                              "Node Type": "Seq Scan",
                                                              "Parent Relationship": "Outer",
                                                              "Parallel Aware": true,
                                                              "Async Capable": false,
                                                              "Relation Name": "web_returns",
                                                              "Alias": "web_returns",
                                                              "Startup Cost": 0.0,
                                                              "Total Cost": 16278.74,
                                                              "Plan Rows": 299674,
                                                              "Plan Width": 20,
                                                              "parent": 59,
                                                              "ID": 60
                                                            }
                                                          ],
                                                          "parent": 54,
                                                          "ID": 59,
                                                          "left": 60
                                                        }
                                                      ],
                                                      "parent": 53,
                                                      "ID": 54,
                                                      "left": 55,
                                                      "right": 59
                                                    },
                                                    {
                                                      "Node Type": "Hash",
                                                      "Parent Relationship": "Inner",
                                                      "Parallel Aware": true,
                                                      "Async Capable": false,
                                                      "Startup Cost": 7495.25,
                                                      "Total Cost": 7495.25,
                                                      "Plan Rows": 2442,
                                                      "Plan Width": 4,
                                                      "Plans": [
                                                        {
                                                          "Node Type": "Seq Scan",
                                                          "Parent Relationship": "Outer",
                                                          "Parallel Aware": true,
                                                          "Async Capable": false,
                                                          "Relation Name": "item",
                                                          "Alias": "item_2",
                                                          "Startup Cost": 0.0,
                                                          "Total Cost": 7495.25,
                                                          "Plan Rows": 2442,
                                                          "Plan Width": 4,
                                                          "Filter": "(i_current_price > '50'::numeric)",
                                                          "parent": 61,
                                                          "ID": 62
                                                        }
                                                      ],
                                                      "parent": 53,
                                                      "ID": 61,
                                                      "left": 62
                                                    }
                                                  ],
                                                  "parent": 52,
                                                  "ID": 53,
                                                  "left": 54,
                                                  "right": 61
                                                },
                                                {
                                                  "Node Type": "Hash",
                                                  "Parent Relationship": "Inner",
                                                  "Parallel Aware": false,
                                                  "Async Capable": false,
                                                  "Startup Cost": 19.25,
                                                  "Total Cost": 19.25,
                                                  "Plan Rows": 492,
                                                  "Plan Width": 4,
                                                  "Plans": [
                                                    {
                                                      "Node Type": "Seq Scan",
                                                      "Parent Relationship": "Outer",
                                                      "Parallel Aware": false,
                                                      "Async Capable": false,
                                                      "Relation Name": "promotion",
                                                      "Alias": "promotion_2",
                                                      "Startup Cost": 0.0,
                                                      "Total Cost": 19.25,
                                                      "Plan Rows": 492,
                                                      "Plan Width": 4,
                                                      "Filter": "(p_channel_tv = 'N'::bpchar)",
                                                      "parent": 63,
                                                      "ID": 64
                                                    }
                                                  ],
                                                  "parent": 52,
                                                  "ID": 63,
                                                  "left": 64
                                                }
                                              ],
                                              "parent": 51,
                                              "ID": 52,
                                              "left": 53,
                                              "right": 63
                                            },
                                            {
                                              "Node Type": "Hash",
                                              "Parent Relationship": "Inner",
                                              "Parallel Aware": false,
                                              "Async Capable": false,
                                              "Startup Cost": 3.42,
                                              "Total Cost": 3.42,
                                              "Plan Rows": 42,
                                              "Plan Width": 21,
                                              "Plans": [
                                                {
                                                  "Node Type": "Seq Scan",
                                                  "Parent Relationship": "Outer",
                                                  "Parallel Aware": false,
                                                  "Async Capable": false,
                                                  "Relation Name": "web_site",
                                                  "Alias": "web_site",
                                                  "Startup Cost": 0.0,
                                                  "Total Cost": 3.42,
                                                  "Plan Rows": 42,
                                                  "Plan Width": 21,
                                                  "parent": 65,
                                                  "ID": 66
                                                }
                                              ],
                                              "parent": 51,
                                              "ID": 65,
                                              "left": 66
                                            }
                                          ],
                                          "parent": 50,
                                          "ID": 51,
                                          "left": 52,
                                          "right": 65
                                        }
                                      ],
                                      "parent": 49,
                                      "ID": 50,
                                      "left": 51
                                    }
                                  ],
                                  "parent": 48,
                                  "ID": 49,
                                  "left": 50
                                }
                              ],
                              "parent": 47,
                              "ID": 48,
                              "left": 49
                            }
                          ],
                          "parent": 46,
                          "ID": 47,
                          "left": 48
                        }
                      ],
                      "parent": 3,
                      "ID": 46,
                      "left": 47
                    }
                  ],
                  "parent": 2,
                  "ID": 3,
                  "left": 4,
                  "right": 25
                }
              ],
              "parent": 1,
              "ID": 2,
              "left": 3
            }
          ],
          "parent": 0,
          "ID": 1,
          "left": 2
        }
      ],
      "parent": null,
      "ID": 0,
      "left": 1
    },
    "feat": {
      "utility": 6.257919327984358e-06,
      "query_shape": [
        [
          "Seq Scan",
          "Hash Join",
          "Sort",
          "Aggregate",
          "Gather Merge",
          "Subquery Scan",
          "Append"
        ],
        [
          "Seq Scan",
          "Hash",
          "Hash Join",
          "Sort",
          "Aggregate",
          "Gather Merge",
          "Subquery Scan",
          "Append"
        ],
        [
          "Seq Scan",
          "Hash",
          "Hash Join",
          "Sort",
          "Aggregate",
          "Gather Merge",
          "Subquery Scan",
          "Append"
        ],
        [
          "Seq Scan",
          "Hash",
          "Hash Join",
          "Sort",
          "Aggregate",
          "Gather Merge",
          "Subquery Scan",
          "Append"
        ],
        [
          "Seq Scan",
          "Hash",
          "Hash Join",
          "Sort",
          "Aggregate",
          "Gather Merge",
          "Subquery Scan",
          "Append"
        ],
        [
          "Seq Scan",
          "Hash",
          "Hash Join",
          "Sort",
          "Aggregate",
          "Gather Merge",
          "Subquery Scan",
          "Append"
        ],
        [
          "Seq Scan",
          "Hash Join",
          "Sort",
          "Aggregate",
          "Gather Merge",
          "Subquery Scan",
          "Append"
        ],
        [
          "Seq Scan",
          "Hash",
          "Hash Join",
          "Sort",
          "Aggregate",
          "Gather Merge",
          "Subquery Scan",
          "Append"
        ],
        [
          "Seq Scan",
          "Hash",
          "Hash Join",
          "Sort",
          "Aggregate",
          "Gather Merge",
          "Subquery Scan",
          "Append"
        ],
        [
          "Seq Scan",
          "Hash",
          "Hash Join",
          "Sort",
          "Aggregate",
          "Gather Merge",
          "Subquery Scan",
          "Append"
        ],
        [
          "Seq Scan",
          "Hash",
          "Hash Join",
          "Sort",
          "Aggregate",
          "Gather Merge",
          "Subquery Scan",
          "Append"
        ],
        [
          "Seq Scan",
          "Hash",
          "Hash Join",
          "Sort",
          "Aggregate",
          "Gather Merge",
          "Subquery Scan",
          "Append"
        ],
        [
          "Seq Scan",
          "Hash Join",
          "Sort",
          "Aggregate",
          "Gather Merge",
          "Subquery Scan",
          "Append"
        ],
        [
          "Seq Scan",
          "Hash",
          "Hash Join",
          "Sort",
          "Aggregate",
          "Gather Merge",
          "Subquery Scan",
          "Append"
        ],
        [
          "Seq Scan",
          "Hash",
          "Hash Join",
          "Sort",
          "Aggregate",
          "Gather Merge",
          "Subquery Scan",
          "Append"
        ],
        [
          "Seq Scan",
          "Hash",
          "Hash Join",
          "Sort",
          "Aggregate",
          "Gather Merge",
          "Subquery Scan",
          "Append"
        ],
        [
          "Seq Scan",
          "Hash",
          "Hash Join",
          "Sort",
          "Aggregate",
          "Gather Merge",
          "Subquery Scan",
          "Append"
        ],
        [
          "Seq Scan",
          "Hash",
          "Hash Join",
          "Sort",
          "Aggregate",
          "Gather Merge",
          "Subquery Scan",
          "Append"
        ]
      ],
      "index_shape": [
        "join"
      ],
      "physical_operator": {
        "Hash Join": [
          0.043727276113454845,
          0.04460129159453855,
          0.04476486656262256
        ]
      }
    }
  },
  {
    "query": "with ssr as\n (select  s_store_id as store_id,\n          sum(ss_ext_sales_price) as sales,\n          sum(coalesce(sr_return_amt, 0)) as returns,\n          sum(ss_net_profit - coalesce(sr_net_loss, 0)) as profit\n  from store_sales left outer join store_returns on\n         (ss_item_sk = sr_item_sk and ss_ticket_number = sr_ticket_number),\n     date_dim,\n     store,\n     item,\n     promotion\n where ss_sold_date_sk = d_date_sk\n       and d_date between cast('1998-08-19' as date) \n                  and (cast('1998-08-19' as date) +  interval '30 days')\n       and ss_store_sk = s_store_sk\n       and ss_item_sk = i_item_sk\n       and i_current_price > 50\n       and ss_promo_sk = p_promo_sk\n       and p_channel_tv = 'N'\n group by s_store_id)\n ,\n csr as\n (select  cp_catalog_page_id as catalog_page_id,\n          sum(cs_ext_sales_price) as sales,\n          sum(coalesce(cr_return_amount, 0)) as returns,\n          sum(cs_net_profit - coalesce(cr_net_loss, 0)) as profit\n  from catalog_sales left outer join catalog_returns on\n         (cs_item_sk = cr_item_sk and cs_order_number = cr_order_number),\n     date_dim,\n     catalog_page,\n     item,\n     promotion\n where cs_sold_date_sk = d_date_sk\n       and d_date between cast('1998-08-19' as date)\n                  and (cast('1998-08-19' as date) +  interval '30 days')\n        and cs_catalog_page_sk = cp_catalog_page_sk\n       and cs_item_sk = i_item_sk\n       and i_current_price > 50\n       and cs_promo_sk = p_promo_sk\n       and p_channel_tv = 'N'\ngroup by cp_catalog_page_id)\n ,\n wsr as\n (select  web_site_id,\n          sum(ws_ext_sales_price) as sales,\n          sum(coalesce(wr_return_amt, 0)) as returns,\n          sum(ws_net_profit - coalesce(wr_net_loss, 0)) as profit\n  from web_sales left outer join web_returns on\n         (ws_item_sk = wr_item_sk and ws_order_number = wr_order_number),\n     date_dim,\n     web_site,\n     item,\n     promotion\n where ws_sold_date_sk = d_date_sk\n       and d_date between cast('1998-08-19' as date)\n                  and (cast('1998-08-19' as date) +  interval '30 days')\n        and ws_web_site_sk = web_site_sk\n       and ws_item_sk = i_item_sk\n       and i_current_price > 50\n       and ws_promo_sk = p_promo_sk\n       and p_channel_tv = 'N'\ngroup by web_site_id)\n  select  channel\n        , id\n        , sum(sales) as sales\n        , sum(returns) as returns\n        , sum(profit) as profit\n from \n (select 'store channel' as channel\n        , 'store' || store_id as id\n        , sales\n        , returns\n        , profit\n from   ssr\n union all\n select 'catalog channel' as channel\n        , 'catalog_page' || catalog_page_id as id\n        , sales\n        , returns\n        , profit\n from  csr\n union all\n select 'web channel' as channel\n        , 'web_site' || web_site_id as id\n        , sales\n        , returns\n        , profit\n from   wsr\n ) x\n group by rollup (channel, id)\n order by channel\n         ,id\n limit 100;\n\n-- end query 61 in stream 0 using template query80.tpl\n",
    "indexes": "promotion.p_channel_tv",
    "wo plan est": {
      "Node Type": "Limit",
      "Parallel Aware": false,
      "Async Capable": false,
      "Startup Cost": 1566782.76,
      "Total Cost": 1566786.01,
      "Plan Rows": 100,
      "Plan Width": 160,
      "Plans": [
        {
          "Node Type": "Aggregate",
          "Strategy": "Sorted",
          "Partial Mode": "Simple",
          "Parent Relationship": "Outer",
          "Parallel Aware": false,
          "Async Capable": false,
          "Startup Cost": 1566782.76,
          "Total Cost": 1566795.8,
          "Plan Rows": 401,
          "Plan Width": 160,
          "Grouping Sets": [
            {
              "Group Keys": [
                [
                  "('store channel'::text)",
                  "(('store'::text || (ssr.store_id)::text))"
                ],
                [
                  "('store channel'::text)"
                ],
                []
              ]
            }
          ],
          "Plans": [
            {
              "Node Type": "Sort",
              "Parent Relationship": "Outer",
              "Parallel Aware": false,
              "Async Capable": false,
              "Startup Cost": 1566782.76,
              "Total Cost": 1566783.77,
              "Plan Rows": 401,
              "Plan Width": 160,
              "Sort Key": [
                "('store channel'::text)",
                "(('store'::text || (ssr.store_id)::text))"
              ],
              "Plans": [
                {
                  "Node Type": "Append",
                  "Parent Relationship": "Outer",
                  "Parallel Aware": false,
                  "Async Capable": false,
                  "Startup Cost": 784591.9,
                  "Total Cost": 1566765.43,
                  "Plan Rows": 401,
                  "Plan Width": 160,
                  "Subplans Removed": 0,
                  "Plans": [
                    {
                      "Node Type": "Subquery Scan",
                      "Parent Relationship": "Member",
                      "Parallel Aware": false,
                      "Async Capable": false,
                      "Alias": "ssr",
                      "Startup Cost": 784591.9,
                      "Total Cost": 784611.64,
                      "Plan Rows": 51,
                      "Plan Width": 160,
                      "Plans": [
                        {
                          "Node Type": "Aggregate",
                          "Strategy": "Sorted",
                          "Partial Mode": "Finalize",
                          "Parent Relationship": "Subquery",
                          "Parallel Aware": false,
                          "Async Capable": false,
                          "Startup Cost": 784591.9,
                          "Total Cost": 784610.87,
                          "Plan Rows": 51,
                          "Plan Width": 113,
                          "Group Key": [
                            "store.s_store_id"
                          ],
                          "Plans": [
                            {
                              "Node Type": "Gather Merge",
                              "Parent Relationship": "Outer",
                              "Parallel Aware": false,
                              "Async Capable": false,
                              "Startup Cost": 784591.9,
                              "Total Cost": 784608.2,
                              "Plan Rows": 102,
                              "Plan Width": 113,
                              "Workers Planned": 2,
                              "Plans": [
                                {
                                  "Node Type": "Aggregate",
                                  "Strategy": "Sorted",
                                  "Partial Mode": "Partial",
                                  "Parent Relationship": "Outer",
                                  "Parallel Aware": false,
                                  "Async Capable": false,
                                  "Startup Cost": 783591.88,
                                  "Total Cost": 783596.4,
                                  "Plan Rows": 51,
                                  "Plan Width": 113,
                                  "Group Key": [
                                    "store.s_store_id"
                                  ],
                                  "Plans": [
                                    {
                                      "Node Type": "Sort",
                                      "Parent Relationship": "Outer",
                                      "Parallel Aware": false,
                                      "Async Capable": false,
                                      "Startup Cost": 783591.88,
                                      "Total Cost": 783592.48,
                                      "Plan Rows": 242,
                                      "Plan Width": 41,
                                      "Sort Key": [
                                        "store.s_store_id"
                                      ],
                                      "Plans": [
                                        {
                                          "Node Type": "Hash Join",
                                          "Parent Relationship": "Outer",
                                          "Parallel Aware": false,
                                          "Async Capable": false,
                                          "Join Type": "Inner",
                                          "Startup Cost": 94489.35,
                                          "Total Cost": 783582.3,
                                          "Plan Rows": 242,
                                          "Plan Width": 41,
                                          "Inner Unique": false,
                                          "Hash Cond": "(store_sales.ss_store_sk = store.s_store_sk)",
                                          "Plans": [
                                            {
                                              "Node Type": "Hash Join",
                                              "Parent Relationship": "Outer",
                                              "Parallel Aware": false,
                                              "Async Capable": false,
                                              "Join Type": "Inner",
                                              "Startup Cost": 94482.05,
                                              "Total Cost": 783571.63,
                                              "Plan Rows": 254,
                                              "Plan Width": 28,
                                              "Inner Unique": false,
                                              "Hash Cond": "(store_sales.ss_promo_sk = promotion.p_promo_sk)",
                                              "Plans": [
                                                {
                                                  "Node Type": "Hash Join",
                                                  "Parent Relationship": "Outer",
                                                  "Parallel Aware": true,
                                                  "Async Capable": false,
                                                  "Join Type": "Inner",
                                                  "Startup Cost": 94456.65,
                                                  "Total Cost": 783542.68,
                                                  "Plan Rows": 270,
                                                  "Plan Width": 32,
                                                  "Inner Unique": false,
                                                  "Hash Cond": "(store_sales.ss_item_sk = item.i_item_sk)",
                                                  "Plans": [
                                                    {
                                                      "Node Type": "Hash Join",
                                                      "Parent Relationship": "Outer",
                                                      "Parallel Aware": true,
                                                      "Async Capable": false,
                                                      "Join Type": "Left",
                                                      "Startup Cost": 86930.88,
                                                      "Total Cost": 775998.13,
                                                      "Plan Rows": 4703,
                                                      "Plan Width": 36,
                                                      "Inner Unique": false,
                                                      "Hash Cond": "((store_sales.ss_item_sk = store_returns.sr_item_sk) AND (store_sales.ss_ticket_number = store_returns.sr_ticket_number))",
                                                      "Plans": [
                                                        {
                                                          "Node Type": "Hash Join",
                                                          "Parent Relationship": "Outer",
                                                          "Parallel Aware": true,
                                                          "Async Capable": false,
                                                          "Join Type": "Inner",
                                                          "Startup Cost": 2049.78,
                                                          "Total Cost": 683994.75,
                                                          "Plan Rows": 4703,
                                                          "Plan Width": 28,
                                                          "Inner Unique": false,
                                                          "Hash Cond": "(store_sales.ss_sold_date_sk = date_dim.d_date_sk)",
                                                          "Plans": [
                                                            {
                                                              "Node Type": "Seq Scan",
                                                              "Parent Relationship": "Outer",
                                                              "Parallel Aware": true,
                                                              "Async Capable": false,
                                                              "Relation Name": "store_sales",
                                                              "Alias": "store_sales",
                                                              "Startup Cost": 0.0,
                                                              "Total Cost": 636914.37,
                                                              "Plan Rows": 12000637,
                                                              "Plan Width": 32,
                                                              "parent": 13,
                                                              "ID": 14
                                                            },
                                                            {
                                                              "Node Type": "Hash",
                                                              "Parent Relationship": "Inner",
                                                              "Parallel Aware": true,
                                                              "Async Capable": false,
                                                              "Startup Cost": 2049.55,
                                                              "Total Cost": 2049.55,
                                                              "Plan Rows": 18,
                                                              "Plan Width": 4,
                                                              "Plans": [
                                                                {
                                                                  "Node Type": "Seq Scan",
                                                                  "Parent Relationship": "Outer",
                                                                  "Parallel Aware": true,
                                                                  "Async Capable": false,
                                                                  "Relation Name": "date_dim",
                                                                  "Alias": "date_dim",
                                                                  "Startup Cost": 0.0,
                                                                  "Total Cost": 2049.55,
                                                                  "Plan Rows": 18,
                                                                  "Plan Width": 4,
                                                                  "Filter": "((d_date >= '1998-08-19'::date) AND (d_date <= '1998-09-18 00:00:00'::timestamp without time zone))",
                                                                  "parent": 15,
                                                                  "ID": 16
                                                                }
                                                              ],
                                                              "parent": 13,
                                                              "ID": 15,
                                                              "left": 16
                                                            }
                                                          ],
                                                          "parent": 12,
                                                          "ID": 13,
                                                          "left": 14,
                                                          "right": 15
                                                        },
                                                        {
                                                          "Node Type": "Hash",
                                                          "Parent Relationship": "Inner",
                                                          "Parallel Aware": true,
                                                          "Async Capable": false,
                                                          "Startup Cost": 59887.64,
                                                          "Total Cost": 59887.64,
                                                          "Plan Rows": 1198164,
                                                          "Plan Width": 20,
                                                          "Plans": [
                                                            {
                                                              "Node Type": "Seq Scan",
                                                              "Parent Relationship": "Outer",
                                                              "Parallel Aware": true,
                                                              "Async Capable": false,
                                                              "Relation Name": "store_returns",
                                                              "Alias": "store_returns",
                                                              "Startup Cost": 0.0,
                                                              "Total Cost": 59887.64,
                                                              "Plan Rows": 1198164,
                                                              "Plan Width": 20,
                                                              "parent": 17,
                                                              "ID": 18
                                                            }
                                                          ],
                                                          "parent": 12,
                                                          "ID": 17,
                                                          "left": 18
                                                        }
                                                      ],
                                                      "parent": 11,
                                                      "ID": 12,
                                                      "left": 13,
                                                      "right": 17
                                                    },
                                                    {
                                                      "Node Type": "Hash",
                                                      "Parent Relationship": "Inner",
                                                      "Parallel Aware": true,
                                                      "Async Capable": false,
                                                      "Startup Cost": 7495.25,
                                                      "Total Cost": 7495.25,
                                                      "Plan Rows": 2442,
                                                      "Plan Width": 4,
                                                      "Plans": [
                                                        {
                                                          "Node Type": "Seq Scan",
                                                          "Parent Relationship": "Outer",
                                                          "Parallel Aware": true,
                                                          "Async Capable": false,
                                                          "Relation Name": "item",
                                                          "Alias": "item",
                                                          "Startup Cost": 0.0,
                                                          "Total Cost": 7495.25,
                                                          "Plan Rows": 2442,
                                                          "Plan Width": 4,
                                                          "Filter": "(i_current_price > '50'::numeric)",
                                                          "parent": 19,
                                                          "ID": 20
                                                        }
                                                      ],
                                                      "parent": 11,
                                                      "ID": 19,
                                                      "left": 20
                                                    }
                                                  ],
                                                  "parent": 10,
                                                  "ID": 11,
                                                  "left": 12,
                                                  "right": 19
                                                },
                                                {
                                                  "Node Type": "Hash",
                                                  "Parent Relationship": "Inner",
                                                  "Parallel Aware": false,
                                                  "Async Capable": false,
                                                  "Startup Cost": 19.25,
                                                  "Total Cost": 19.25,
                                                  "Plan Rows": 492,
                                                  "Plan Width": 4,
                                                  "Plans": [
                                                    {
                                                      "Node Type": "Seq Scan",
                                                      "Parent Relationship": "Outer",
                                                      "Parallel Aware": false,
                                                      "Async Capable": false,
                                                      "Relation Name": "promotion",
                                                      "Alias": "promotion",
                                                      "Startup Cost": 0.0,
                                                      "Total Cost": 19.25,
                                                      "Plan Rows": 492,
                                                      "Plan Width": 4,
                                                      "Filter": "(p_channel_tv = 'N'::bpchar)",
                                                      "parent": 21,
                                                      "ID": 22
                                                    }
                                                  ],
                                                  "parent": 10,
                                                  "ID": 21,
                                                  "left": 22
                                                }
                                              ],
                                              "parent": 9,
                                              "ID": 10,
                                              "left": 11,
                                              "right": 21
                                            },
                                            {
                                              "Node Type": "Hash",
                                              "Parent Relationship": "Inner",
                                              "Parallel Aware": false,
                                              "Async Capable": false,
                                              "Startup Cost": 6.02,
                                              "Total Cost": 6.02,
                                              "Plan Rows": 102,
                                              "Plan Width": 21,
                                              "Plans": [
                                                {
                                                  "Node Type": "Seq Scan",
                                                  "Parent Relationship": "Outer",
                                                  "Parallel Aware": false,
                                                  "Async Capable": false,
                                                  "Relation Name": "store",
                                                  "Alias": "store",
                                                  "Startup Cost": 0.0,
                                                  "Total Cost": 6.02,
                                                  "Plan Rows": 102,
                                                  "Plan Width": 21,
                                                  "parent": 23,
                                                  "ID": 24
                                                }
                                              ],
                                              "parent": 9,
                                              "ID": 23,
                                              "left": 24
                                            }
                                          ],
                                          "parent": 8,
                                          "ID": 9,
                                          "left": 10,
                                          "right": 23
                                        }
                                      ],
                                      "parent": 7,
                                      "ID": 8,
                                      "left": 9
                                    }
                                  ],
                                  "parent": 6,
                                  "ID": 7,
                                  "left": 8
                                }
                              ],
                              "parent": 5,
                              "ID": 6,
                              "left": 7
                            }
                          ],
                          "parent": 4,
                          "ID": 5,
                          "left": 6
                        }
                      ],
                      "parent": 3,
                      "ID": 4,
                      "left": 5
                    },
                    {
                      "Node Type": "Subquery Scan",
                      "Parent Relationship": "Member",
                      "Parallel Aware": false,
                      "Async Capable": false,
                      "Alias": "csr",
                      "Startup Cost": 518174.1,
                      "Total Cost": 518225.66,
                      "Plan Rows": 329,
                      "Plan Width": 160,
                      "Plans": [
                        {
                          "Node Type": "Aggregate",
                          "Strategy": "Sorted",
                          "Partial Mode": "Finalize",
                          "Parent Relationship": "Subquery",
                          "Parallel Aware": false,
                          "Async Capable": false,
                          "Startup Cost": 518174.1,
                          "Total Cost": 518220.73,
                          "Plan Rows": 329,
                          "Plan Width": 113,
                          "Group Key": [
                            "catalog_page.cp_catalog_page_id"
                          ],
                          "Plans": [
                            {
                              "Node Type": "Gather Merge",
                              "Parent Relationship": "Outer",
                              "Parallel Aware": false,
                              "Async Capable": false,
                              "Startup Cost": 518174.1,
                              "Total Cost": 518210.18,
                              "Plan Rows": 274,
                              "Plan Width": 113,
                              "Workers Planned": 2,
                              "Plans": [
                                {
                                  "Node Type": "Aggregate",
                                  "Strategy": "Sorted",
                                  "Partial Mode": "Partial",
                                  "Parent Relationship": "Outer",
                                  "Parallel Aware": false,
                                  "Async Capable": false,
                                  "Startup Cost": 517174.07,
                                  "Total Cost": 517178.53,
                                  "Plan Rows": 137,
                                  "Plan Width": 113,
                                  "Group Key": [
                                    "catalog_page.cp_catalog_page_id"
                                  ],
                                  "Plans": [
                                    {
                                      "Node Type": "Sort",
                                      "Parent Relationship": "Outer",
                                      "Parallel Aware": false,
                                      "Async Capable": false,
                                      "Startup Cost": 517174.07,
                                      "Total Cost": 517174.42,
                                      "Plan Rows": 137,
                                      "Plan Width": 41,
                                      "Sort Key": [
                                        "catalog_page.cp_catalog_page_id"
                                      ],
                                      "Plans": [
                                        {
                                          "Node Type": "Hash Join",
                                          "Parent Relationship": "Outer",
                                          "Parallel Aware": false,
                                          "Async Capable": false,
                                          "Join Type": "Inner",
                                          "Startup Cost": 57382.33,
                                          "Total Cost": 517169.21,
                                          "Plan Rows": 137,
                                          "Plan Width": 41,
                                          "Inner Unique": false,
                                          "Hash Cond": "(catalog_sales.cs_catalog_page_sk = catalog_page.cp_catalog_page_sk)",
                                          "Plans": [
                                            {
                                              "Node Type": "Hash Join",
                                              "Parent Relationship": "Outer",
                                              "Parallel Aware": false,
                                              "Async Capable": false,
                                              "Join Type": "Inner",
                                              "Startup Cost": 56864.33,
                                              "Total Cost": 516649.32,
                                              "Plan Rows": 138,
                                              "Plan Width": 28,
                                              "Inner Unique": false,
                                              "Hash Cond": "(catalog_sales.cs_promo_sk = promotion_1.p_promo_sk)",
                                              "Plans": [
                                                {
                                                  "Node Type": "Hash Join",
                                                  "Parent Relationship": "Outer",
                                                  "Parallel Aware": true,
                                                  "Async Capable": false,
                                                  "Join Type": "Inner",
                                                  "Startup Cost": 56838.93,
                                                  "Total Cost": 516622.01,
                                                  "Plan Rows": 141,
                                                  "Plan Width": 32,
                                                  "Inner Unique": false,
                                                  "Hash Cond": "(catalog_sales.cs_item_sk = item_1.i_item_sk)",
                                                  "Plans": [
                                                    {
                                                      "Node Type": "Hash Join",
                                                      "Parent Relationship": "Outer",
                                                      "Parallel Aware": true,
                                                      "Async Capable": false,
                                                      "Join Type": "Left",
                                                      "Startup Cost": 49313.15,
                                                      "Total Cost": 509086.46,
                                                      "Plan Rows": 2450,
                                                      "Plan Width": 36,
                                                      "Inner Unique": false,
                                                      "Hash Cond": "((catalog_sales.cs_item_sk = catalog_returns.cr_item_sk) AND (catalog_sales.cs_order_number = catalog_returns.cr_order_number))",
                                                      "Plans": [
                                                        {
                                                          "Node Type": "Hash Join",
                                                          "Parent Relationship": "Outer",
                                                          "Parallel Aware": true,
                                                          "Async Capable": false,
                                                          "Join Type": "Inner",
                                                          "Startup Cost": 2049.78,
                                                          "Total Cost": 458254.7,
                                                          "Plan Rows": 2450,
                                                          "Plan Width": 28,
                                                          "Inner Unique": false,
                                                          "Hash Cond": "(catalog_sales.cs_sold_date_sk = date_dim_1.d_date_sk)",
                                                          "Plans": [
                                                            {
                                                              "Node Type": "Seq Scan",
                                                              "Parent Relationship": "Outer",
                                                              "Parallel Aware": true,
                                                              "Async Capable": false,
                                                              "Relation Name": "catalog_sales",
                                                              "Alias": "catalog_sales",
                                                              "Startup Cost": 0.0,
                                                              "Total Cost": 433688.25,
                                                              "Plan Rows": 6000525,
                                                              "Plan Width": 32,
                                                              "parent": 34,
                                                              "ID": 35
                                                            },
                                                            {
                                                              "Node Type": "Hash",
                                                              "Parent Relationship": "Inner",
                                                              "Parallel Aware": true,
                                                              "Async Capable": false,
                                                              "Startup Cost": 2049.55,
                                                              "Total Cost": 2049.55,
                                                              "Plan Rows": 18,
                                                              "Plan Width": 4,
                                                              "Plans": [
                                                                {
                                                                  "Node Type": "Seq Scan",
                                                                  "Parent Relationship": "Outer",
                                                                  "Parallel Aware": true,
                                                                  "Async Capable": false,
                                                                  "Relation Name": "date_dim",
                                                                  "Alias": "date_dim_1",
                                                                  "Startup Cost": 0.0,
                                                                  "Total Cost": 2049.55,
                                                                  "Plan Rows": 18,
                                                                  "Plan Width": 4,
                                                                  "Filter": "((d_date >= '1998-08-19'::date) AND (d_date <= '1998-09-18 00:00:00'::timestamp without time zone))",
                                                                  "parent": 36,
                                                                  "ID": 37
                                                                }
                                                              ],
                                                              "parent": 34,
                                                              "ID": 36,
                                                              "left": 37
                                                            }
                                                          ],
                                                          "parent": 33,
                                                          "ID": 34,
                                                          "left": 35,
                                                          "right": 36
                                                        },
                                                        {
                                                          "Node Type": "Hash",
                                                          "Parent Relationship": "Inner",
                                                          "Parallel Aware": true,
                                                          "Async Capable": false,
                                                          "Startup Cost": 34748.95,
                                                          "Total Cost": 34748.95,
                                                          "Plan Rows": 599895,
                                                          "Plan Width": 20,
                                                          "Plans": [
                                                            {
                                                              "Node Type": "Seq Scan",
                                                              "Parent Relationship": "Outer",
                                                              "Parallel Aware": true,
                                                              "Async Capable": false,
                                                              "Relation Name": "catalog_returns",
                                                              "Alias": "catalog_returns",
                                                              "Startup Cost": 0.0,
                                                              "Total Cost": 34748.95,
                                                              "Plan Rows": 599895,
                                                              "Plan Width": 20,
                                                              "parent": 38,
                                                              "ID": 39
                                                            }
                                                          ],
                                                          "parent": 33,
                                                          "ID": 38,
                                                          "left": 39
                                                        }
                                                      ],
                                                      "parent": 32,
                                                      "ID": 33,
                                                      "left": 34,
                                                      "right": 38
                                                    },
                                                    {
                                                      "Node Type": "Hash",
                                                      "Parent Relationship": "Inner",
                                                      "Parallel Aware": true,
                                                      "Async Capable": false,
                                                      "Startup Cost": 7495.25,
                                                      "Total Cost": 7495.25,
                                                      "Plan Rows": 2442,
                                                      "Plan Width": 4,
                                                      "Plans": [
                                                        {
                                                          "Node Type": "Seq Scan",
                                                          "Parent Relationship": "Outer",
                                                          "Parallel Aware": true,
                                                          "Async Capable": false,
                                                          "Relation Name": "item",
                                                          "Alias": "item_1",
                                                          "Startup Cost": 0.0,
                                                          "Total Cost": 7495.25,
                                                          "Plan Rows": 2442,
                                                          "Plan Width": 4,
                                                          "Filter": "(i_current_price > '50'::numeric)",
                                                          "parent": 40,
                                                          "ID": 41
                                                        }
                                                      ],
                                                      "parent": 32,
                                                      "ID": 40,
                                                      "left": 41
                                                    }
                                                  ],
                                                  "parent": 31,
                                                  "ID": 32,
                                                  "left": 33,
                                                  "right": 40
                                                },
                                                {
                                                  "Node Type": "Hash",
                                                  "Parent Relationship": "Inner",
                                                  "Parallel Aware": false,
                                                  "Async Capable": false,
                                                  "Startup Cost": 19.25,
                                                  "Total Cost": 19.25,
                                                  "Plan Rows": 492,
                                                  "Plan Width": 4,
                                                  "Plans": [
                                                    {
                                                      "Node Type": "Seq Scan",
                                                      "Parent Relationship": "Outer",
                                                      "Parallel Aware": false,
                                                      "Async Capable": false,
                                                      "Relation Name": "promotion",
                                                      "Alias": "promotion_1",
                                                      "Startup Cost": 0.0,
                                                      "Total Cost": 19.25,
                                                      "Plan Rows": 492,
                                                      "Plan Width": 4,
                                                      "Filter": "(p_channel_tv = 'N'::bpchar)",
                                                      "parent": 42,
                                                      "ID": 43
                                                    }
                                                  ],
                                                  "parent": 31,
                                                  "ID": 42,
                                                  "left": 43
                                                }
                                              ],
                                              "parent": 30,
                                              "ID": 31,
                                              "left": 32,
                                              "right": 42
                                            },
                                            {
                                              "Node Type": "Hash",
                                              "Parent Relationship": "Inner",
                                              "Parallel Aware": false,
                                              "Async Capable": false,
                                              "Startup Cost": 368.0,
                                              "Total Cost": 368.0,
                                              "Plan Rows": 12000,
                                              "Plan Width": 21,
                                              "Plans": [
                                                {
                                                  "Node Type": "Seq Scan",
                                                  "Parent Relationship": "Outer",
                                                  "Parallel Aware": false,
                                                  "Async Capable": false,
                                                  "Relation Name": "catalog_page",
                                                  "Alias": "catalog_page",
                                                  "Startup Cost": 0.0,
                                                  "Total Cost": 368.0,
                                                  "Plan Rows": 12000,
                                                  "Plan Width": 21,
                                                  "parent": 44,
                                                  "ID": 45
                                                }
                                              ],
                                              "parent": 30,
                                              "ID": 44,
                                              "left": 45
                                            }
                                          ],
                                          "parent": 29,
                                          "ID": 30,
                                          "left": 31,
                                          "right": 44
                                        }
                                      ],
                                      "parent": 28,
                                      "ID": 29,
                                      "left": 30
                                    }
                                  ],
                                  "parent": 27,
                                  "ID": 28,
                                  "left": 29
                                }
                              ],
                              "parent": 26,
                              "ID": 27,
                              "left": 28
                            }
                          ],
                          "parent": 25,
                          "ID": 26,
                          "left": 27
                        }
                      ],
                      "parent": 3,
                      "ID": 25,
                      "left": 26
                    },
                    {
                      "Node Type": "Subquery Scan",
                      "Parent Relationship": "Member",
                      "Parallel Aware": false,
                      "Async Capable": false,
                      "Alias": "wsr",
                      "Startup Cost": 263918.43,
                      "Total Cost": 263926.12,
                      "Plan Rows": 21,
                      "Plan Width": 160,
                      "Plans": [
                        {
                          "Node Type": "Aggregate",
                          "Strategy": "Sorted",
                          "Partial Mode": "Finalize",
                          "Parent Relationship": "Subquery",
                          "Parallel Aware": false,
                          "Async Capable": false,
                          "Startup Cost": 263918.43,
                          "Total Cost": 263925.8,
                          "Plan Rows": 21,
                          "Plan Width": 113,
                          "Group Key": [
                            "web_site.web_site_id"
                          ],
                          "Plans": [
                            {
                              "Node Type": "Gather Merge",
                              "Parent Relationship": "Outer",
                              "Parallel Aware": false,
                              "Async Capable": false,
                              "Startup Cost": 263918.43,
                              "Total Cost": 263924.7,
                              "Plan Rows": 42,
                              "Plan Width": 113,
                              "Workers Planned": 2,
                              "Plans": [
                                {
                                  "Node Type": "Aggregate",
                                  "Strategy": "Sorted",
                                  "Partial Mode": "Partial",
                                  "Parent Relationship": "Outer",
                                  "Parallel Aware": false,
                                  "Async Capable": false,
                                  "Startup Cost": 262918.41,
                                  "Total Cost": 262919.83,
                                  "Plan Rows": 21,
                                  "Plan Width": 113,
                                  "Group Key": [
                                    "web_site.web_site_id"
                                  ],
                                  "Plans": [
                                    {
                                      "Node Type": "Sort",
                                      "Parent Relationship": "Outer",
                                      "Parallel Aware": false,
                                      "Async Capable": false,
                                      "Startup Cost": 262918.41,
                                      "Total Cost": 262918.59,
                                      "Plan Rows": 70,
                                      "Plan Width": 41,
                                      "Sort Key": [
                                        "web_site.web_site_id"
                                      ],
                                      "Plans": [
                                        {
                                          "Node Type": "Hash Join",
                                          "Parent Relationship": "Outer",
                                          "Parallel Aware": false,
                                          "Async Capable": false,
                                          "Join Type": "Inner",
                                          "Startup Cost": 32134.74,
                                          "Total Cost": 262916.27,
                                          "Plan Rows": 70,
                                          "Plan Width": 41,
                                          "Inner Unique": false,
                                          "Hash Cond": "(web_sales.ws_web_site_sk = web_site.web_site_sk)",
                                          "Plans": [
                                            {
                                              "Node Type": "Hash Join",
                                              "Parent Relationship": "Outer",
                                              "Parallel Aware": false,
                                              "Async Capable": false,
                                              "Join Type": "Inner",
                                              "Startup Cost": 32130.8,
                                              "Total Cost": 262911.36,
                                              "Plan Rows": 70,
                                              "Plan Width": 28,
                                              "Inner Unique": false,
                                              "Hash Cond": "(web_sales.ws_promo_sk = promotion_2.p_promo_sk)",
                                              "Plans": [
                                                {
                                                  "Node Type": "Hash Join",
                                                  "Parent Relationship": "Outer",
                                                  "Parallel Aware": true,
                                                  "Async Capable": false,
                                                  "Join Type": "Inner",
                                                  "Startup Cost": 32105.4,
                                                  "Total Cost": 262884.99,
                                                  "Plan Rows": 71,
                                                  "Plan Width": 32,
                                                  "Inner Unique": false,
                                                  "Hash Cond": "(web_sales.ws_item_sk = item_2.i_item_sk)",
                                                  "Plans": [
                                                    {
                                                      "Node Type": "Hash Join",
                                                      "Parent Relationship": "Outer",
                                                      "Parallel Aware": true,
                                                      "Async Capable": false,
                                                      "Join Type": "Left",
                                                      "Startup Cost": 24579.62,
                                                      "Total Cost": 255354.31,
                                                      "Plan Rows": 1231,
                                                      "Plan Width": 36,
                                                      "Inner Unique": false,
                                                      "Hash Cond": "((web_sales.ws_item_sk = web_returns.wr_item_sk) AND (web_sales.ws_order_number = web_returns.wr_order_number))",
                                                      "Plans": [
                                                        {
                                                          "Node Type": "Hash Join",
                                                          "Parent Relationship": "Outer",
                                                          "Parallel Aware": true,
                                                          "Async Capable": false,
                                                          "Join Type": "Inner",
                                                          "Startup Cost": 2049.78,
                                                          "Total Cost": 231041.22,
                                                          "Plan Rows": 1231,
                                                          "Plan Width": 28,
                                                          "Inner Unique": false,
                                                          "Hash Cond": "(web_sales.ws_sold_date_sk = date_dim_2.d_date_sk)",
                                                          "Plans": [
                                                            {
                                                              "Node Type": "Seq Scan",
                                                              "Parent Relationship": "Outer",
                                                              "Parallel Aware": true,
                                                              "Async Capable": false,
                                                              "Relation Name": "web_sales",
                                                              "Alias": "web_sales",
                                                              "Startup Cost": 0.0,
                                                              "Total Cost": 217737.86,
                                                              "Plan Rows": 2998986,
                                                              "Plan Width": 32,
                                                              "parent": 55,
                                                              "ID": 56
                                                            },
                                                            {
                                                              "Node Type": "Hash",
                                                              "Parent Relationship": "Inner",
                                                              "Parallel Aware": true,
                                                              "Async Capable": false,
                                                              "Startup Cost": 2049.55,
                                                              "Total Cost": 2049.55,
                                                              "Plan Rows": 18,
                                                              "Plan Width": 4,
                                                              "Plans": [
                                                                {
                                                                  "Node Type": "Seq Scan",
                                                                  "Parent Relationship": "Outer",
                                                                  "Parallel Aware": true,
                                                                  "Async Capable": false,
                                                                  "Relation Name": "date_dim",
                                                                  "Alias": "date_dim_2",
                                                                  "Startup Cost": 0.0,
                                                                  "Total Cost": 2049.55,
                                                                  "Plan Rows": 18,
                                                                  "Plan Width": 4,
                                                                  "Filter": "((d_date >= '1998-08-19'::date) AND (d_date <= '1998-09-18 00:00:00'::timestamp without time zone))",
                                                                  "parent": 57,
                                                                  "ID": 58
                                                                }
                                                              ],
                                                              "parent": 55,
                                                              "ID": 57,
                                                              "left": 58
                                                            }
                                                          ],
                                                          "parent": 54,
                                                          "ID": 55,
                                                          "left": 56,
                                                          "right": 57
                                                        },
                                                        {
                                                          "Node Type": "Hash",
                                                          "Parent Relationship": "Inner",
                                                          "Parallel Aware": true,
                                                          "Async Capable": false,
                                                          "Startup Cost": 16278.74,
                                                          "Total Cost": 16278.74,
                                                          "Plan Rows": 299674,
                                                          "Plan Width": 20,
                                                          "Plans": [
                                                            {
                                                              "Node Type": "Seq Scan",
                                                              "Parent Relationship": "Outer",
                                                              "Parallel Aware": true,
                                                              "Async Capable": false,
                                                              "Relation Name": "web_returns",
                                                              "Alias": "web_returns",
                                                              "Startup Cost": 0.0,
                                                              "Total Cost": 16278.74,
                                                              "Plan Rows": 299674,
                                                              "Plan Width": 20,
                                                              "parent": 59,
                                                              "ID": 60
                                                            }
                                                          ],
                                                          "parent": 54,
                                                          "ID": 59,
                                                          "left": 60
                                                        }
                                                      ],
                                                      "parent": 53,
                                                      "ID": 54,
                                                      "left": 55,
                                                      "right": 59
                                                    },
                                                    {
                                                      "Node Type": "Hash",
                                                      "Parent Relationship": "Inner",
                                                      "Parallel Aware": true,
                                                      "Async Capable": false,
                                                      "Startup Cost": 7495.25,
                                                      "Total Cost": 7495.25,
                                                      "Plan Rows": 2442,
                                                      "Plan Width": 4,
                                                      "Plans": [
                                                        {
                                                          "Node Type": "Seq Scan",
                                                          "Parent Relationship": "Outer",
                                                          "Parallel Aware": true,
                                                          "Async Capable": false,
                                                          "Relation Name": "item",
                                                          "Alias": "item_2",
                                                          "Startup Cost": 0.0,
                                                          "Total Cost": 7495.25,
                                                          "Plan Rows": 2442,
                                                          "Plan Width": 4,
                                                          "Filter": "(i_current_price > '50'::numeric)",
                                                          "parent": 61,
                                                          "ID": 62
                                                        }
                                                      ],
                                                      "parent": 53,
                                                      "ID": 61,
                                                      "left": 62
                                                    }
                                                  ],
                                                  "parent": 52,
                                                  "ID": 53,
                                                  "left": 54,
                                                  "right": 61
                                                },
                                                {
                                                  "Node Type": "Hash",
                                                  "Parent Relationship": "Inner",
                                                  "Parallel Aware": false,
                                                  "Async Capable": false,
                                                  "Startup Cost": 19.25,
                                                  "Total Cost": 19.25,
                                                  "Plan Rows": 492,
                                                  "Plan Width": 4,
                                                  "Plans": [
                                                    {
                                                      "Node Type": "Seq Scan",
                                                      "Parent Relationship": "Outer",
                                                      "Parallel Aware": false,
                                                      "Async Capable": false,
                                                      "Relation Name": "promotion",
                                                      "Alias": "promotion_2",
                                                      "Startup Cost": 0.0,
                                                      "Total Cost": 19.25,
                                                      "Plan Rows": 492,
                                                      "Plan Width": 4,
                                                      "Filter": "(p_channel_tv = 'N'::bpchar)",
                                                      "parent": 63,
                                                      "ID": 64
                                                    }
                                                  ],
                                                  "parent": 52,
                                                  "ID": 63,
                                                  "left": 64
                                                }
                                              ],
                                              "parent": 51,
                                              "ID": 52,
                                              "left": 53,
                                              "right": 63
                                            },
                                            {
                                              "Node Type": "Hash",
                                              "Parent Relationship": "Inner",
                                              "Parallel Aware": false,
                                              "Async Capable": false,
                                              "Startup Cost": 3.42,
                                              "Total Cost": 3.42,
                                              "Plan Rows": 42,
                                              "Plan Width": 21,
                                              "Plans": [
                                                {
                                                  "Node Type": "Seq Scan",
                                                  "Parent Relationship": "Outer",
                                                  "Parallel Aware": false,
                                                  "Async Capable": false,
                                                  "Relation Name": "web_site",
                                                  "Alias": "web_site",
                                                  "Startup Cost": 0.0,
                                                  "Total Cost": 3.42,
                                                  "Plan Rows": 42,
                                                  "Plan Width": 21,
                                                  "parent": 65,
                                                  "ID": 66
                                                }
                                              ],
                                              "parent": 51,
                                              "ID": 65,
                                              "left": 66
                                            }
                                          ],
                                          "parent": 50,
                                          "ID": 51,
                                          "left": 52,
                                          "right": 65
                                        }
                                      ],
                                      "parent": 49,
                                      "ID": 50,
                                      "left": 51
                                    }
                                  ],
                                  "parent": 48,
                                  "ID": 49,
                                  "left": 50
                                }
                              ],
                              "parent": 47,
                              "ID": 48,
                              "left": 49
                            }
                          ],
                          "parent": 46,
                          "ID": 47,
                          "left": 48
                        }
                      ],
                      "parent": 3,
                      "ID": 46,
                      "left": 47
                    }
                  ],
                  "parent": 2,
                  "ID": 3,
                  "left": 4,
                  "right": 25
                }
              ],
              "parent": 1,
              "ID": 2,
              "left": 3
            }
          ],
          "parent": 0,
          "ID": 1,
          "left": 2
        }
      ],
      "parent": null,
      "ID": 0,
      "left": 1
    },
    "feat": {
      "utility": 5.897423094810509e-07,
      "query_shape": [
        [
          "Seq Scan",
          "Hash Join",
          "Sort",
          "Aggregate",
          "Gather Merge",
          "Subquery Scan",
          "Append"
        ],
        [
          "Seq Scan",
          "Hash",
          "Hash Join",
          "Sort",
          "Aggregate",
          "Gather Merge",
          "Subquery Scan",
          "Append"
        ],
        [
          "Seq Scan",
          "Hash",
          "Hash Join",
          "Sort",
          "Aggregate",
          "Gather Merge",
          "Subquery Scan",
          "Append"
        ],
        [
          "Seq Scan",
          "Hash",
          "Hash Join",
          "Sort",
          "Aggregate",
          "Gather Merge",
          "Subquery Scan",
          "Append"
        ],
        [
          "Seq Scan",
          "Hash",
          "Hash Join",
          "Sort",
          "Aggregate",
          "Gather Merge",
          "Subquery Scan",
          "Append"
        ],
        [
          "Seq Scan",
          "Hash",
          "Hash Join",
          "Sort",
          "Aggregate",
          "Gather Merge",
          "Subquery Scan",
          "Append"
        ],
        [
          "Seq Scan",
          "Hash Join",
          "Sort",
          "Aggregate",
          "Gather Merge",
          "Subquery Scan",
          "Append"
        ],
        [
          "Seq Scan",
          "Hash",
          "Hash Join",
          "Sort",
          "Aggregate",
          "Gather Merge",
          "Subquery Scan",
          "Append"
        ],
        [
          "Seq Scan",
          "Hash",
          "Hash Join",
          "Sort",
          "Aggregate",
          "Gather Merge",
          "Subquery Scan",
          "Append"
        ],
        [
          "Seq Scan",
          "Hash",
          "Hash Join",
          "Sort",
          "Aggregate",
          "Gather Merge",
          "Subquery Scan",
          "Append"
        ],
        [
          "Seq Scan",
          "Hash",
          "Hash Join",
          "Sort",
          "Aggregate",
          "Gather Merge",
          "Subquery Scan",
          "Append"
        ],
        [
          "Seq Scan",
          "Hash",
          "Hash Join",
          "Sort",
          "Aggregate",
          "Gather Merge",
          "Subquery Scan",
          "Append"
        ],
        [
          "Seq Scan",
          "Hash Join",
          "Sort",
          "Aggregate",
          "Gather Merge",
          "Subquery Scan",
          "Append"
        ],
        [
          "Seq Scan",
          "Hash",
          "Hash Join",
          "Sort",
          "Aggregate",
          "Gather Merge",
          "Subquery Scan",
          "Append"
        ],
        [
          "Seq Scan",
          "Hash",
          "Hash Join",
          "Sort",
          "Aggregate",
          "Gather Merge",
          "Subquery Scan",
          "Append"
        ],
        [
          "Seq Scan",
          "Hash",
          "Hash Join",
          "Sort",
          "Aggregate",
          "Gather Merge",
          "Subquery Scan",
          "Append"
        ],
        [
          "Seq Scan",
          "Hash",
          "Hash Join",
          "Sort",
          "Aggregate",
          "Gather Merge",
          "Subquery Scan",
          "Append"
        ],
        [
          "Seq Scan",
          "Hash",
          "Hash Join",
          "Sort",
          "Aggregate",
          "Gather Merge",
          "Subquery Scan",
          "Append"
        ]
      ],
      "index_shape": [
        "selection"
      ],
      "physical_operator": {
        "Seq Scan": [
          0.984,
          0.984,
          0.984
        ]
      }
    }
  },
  {
    "query": "with ssr as\n (select  s_store_id as store_id,\n          sum(ss_ext_sales_price) as sales,\n          sum(coalesce(sr_return_amt, 0)) as returns,\n          sum(ss_net_profit - coalesce(sr_net_loss, 0)) as profit\n  from store_sales left outer join store_returns on\n         (ss_item_sk = sr_item_sk and ss_ticket_number = sr_ticket_number),\n     date_dim,\n     store,\n     item,\n     promotion\n where ss_sold_date_sk = d_date_sk\n       and d_date between cast('1998-08-19' as date) \n                  and (cast('1998-08-19' as date) +  interval '30 days')\n       and ss_store_sk = s_store_sk\n       and ss_item_sk = i_item_sk\n       and i_current_price > 50\n       and ss_promo_sk = p_promo_sk\n       and p_channel_tv = 'N'\n group by s_store_id)\n ,\n csr as\n (select  cp_catalog_page_id as catalog_page_id,\n          sum(cs_ext_sales_price) as sales,\n          sum(coalesce(cr_return_amount, 0)) as returns,\n          sum(cs_net_profit - coalesce(cr_net_loss, 0)) as profit\n  from catalog_sales left outer join catalog_returns on\n         (cs_item_sk = cr_item_sk and cs_order_number = cr_order_number),\n     date_dim,\n     catalog_page,\n     item,\n     promotion\n where cs_sold_date_sk = d_date_sk\n       and d_date between cast('1998-08-19' as date)\n                  and (cast('1998-08-19' as date) +  interval '30 days')\n        and cs_catalog_page_sk = cp_catalog_page_sk\n       and cs_item_sk = i_item_sk\n       and i_current_price > 50\n       and cs_promo_sk = p_promo_sk\n       and p_channel_tv = 'N'\ngroup by cp_catalog_page_id)\n ,\n wsr as\n (select  web_site_id,\n          sum(ws_ext_sales_price) as sales,\n          sum(coalesce(wr_return_amt, 0)) as returns,\n          sum(ws_net_profit - coalesce(wr_net_loss, 0)) as profit\n  from web_sales left outer join web_returns on\n         (ws_item_sk = wr_item_sk and ws_order_number = wr_order_number),\n     date_dim,\n     web_site,\n     item,\n     promotion\n where ws_sold_date_sk = d_date_sk\n       and d_date between cast('1998-08-19' as date)\n                  and (cast('1998-08-19' as date) +  interval '30 days')\n        and ws_web_site_sk = web_site_sk\n       and ws_item_sk = i_item_sk\n       and i_current_price > 50\n       and ws_promo_sk = p_promo_sk\n       and p_channel_tv = 'N'\ngroup by web_site_id)\n  select  channel\n        , id\n        , sum(sales) as sales\n        , sum(returns) as returns\n        , sum(profit) as profit\n from \n (select 'store channel' as channel\n        , 'store' || store_id as id\n        , sales\n        , returns\n        , profit\n from   ssr\n union all\n select 'catalog channel' as channel\n        , 'catalog_page' || catalog_page_id as id\n        , sales\n        , returns\n        , profit\n from  csr\n union all\n select 'web channel' as channel\n        , 'web_site' || web_site_id as id\n        , sales\n        , returns\n        , profit\n from   wsr\n ) x\n group by rollup (channel, id)\n order by channel\n         ,id\n limit 100;\n\n-- end query 61 in stream 0 using template query80.tpl\n",
    "indexes": "store_returns.sr_item_sk",
    "wo plan est": {
      "Node Type": "Limit",
      "Parallel Aware": false,
      "Async Capable": false,
      "Startup Cost": 1566782.76,
      "Total Cost": 1566786.01,
      "Plan Rows": 100,
      "Plan Width": 160,
      "Plans": [
        {
          "Node Type": "Aggregate",
          "Strategy": "Sorted",
          "Partial Mode": "Simple",
          "Parent Relationship": "Outer",
          "Parallel Aware": false,
          "Async Capable": false,
          "Startup Cost": 1566782.76,
          "Total Cost": 1566795.8,
          "Plan Rows": 401,
          "Plan Width": 160,
          "Grouping Sets": [
            {
              "Group Keys": [
                [
                  "('store channel'::text)",
                  "(('store'::text || (ssr.store_id)::text))"
                ],
                [
                  "('store channel'::text)"
                ],
                []
              ]
            }
          ],
          "Plans": [
            {
              "Node Type": "Sort",
              "Parent Relationship": "Outer",
              "Parallel Aware": false,
              "Async Capable": false,
              "Startup Cost": 1566782.76,
              "Total Cost": 1566783.77,
              "Plan Rows": 401,
              "Plan Width": 160,
              "Sort Key": [
                "('store channel'::text)",
                "(('store'::text || (ssr.store_id)::text))"
              ],
              "Plans": [
                {
                  "Node Type": "Append",
                  "Parent Relationship": "Outer",
                  "Parallel Aware": false,
                  "Async Capable": false,
                  "Startup Cost": 784591.9,
                  "Total Cost": 1566765.43,
                  "Plan Rows": 401,
                  "Plan Width": 160,
                  "Subplans Removed": 0,
                  "Plans": [
                    {
                      "Node Type": "Subquery Scan",
                      "Parent Relationship": "Member",
                      "Parallel Aware": false,
                      "Async Capable": false,
                      "Alias": "ssr",
                      "Startup Cost": 784591.9,
                      "Total Cost": 784611.64,
                      "Plan Rows": 51,
                      "Plan Width": 160,
                      "Plans": [
                        {
                          "Node Type": "Aggregate",
                          "Strategy": "Sorted",
                          "Partial Mode": "Finalize",
                          "Parent Relationship": "Subquery",
                          "Parallel Aware": false,
                          "Async Capable": false,
                          "Startup Cost": 784591.9,
                          "Total Cost": 784610.87,
                          "Plan Rows": 51,
                          "Plan Width": 113,
                          "Group Key": [
                            "store.s_store_id"
                          ],
                          "Plans": [
                            {
                              "Node Type": "Gather Merge",
                              "Parent Relationship": "Outer",
                              "Parallel Aware": false,
                              "Async Capable": false,
                              "Startup Cost": 784591.9,
                              "Total Cost": 784608.2,
                              "Plan Rows": 102,
                              "Plan Width": 113,
                              "Workers Planned": 2,
                              "Plans": [
                                {
                                  "Node Type": "Aggregate",
                                  "Strategy": "Sorted",
                                  "Partial Mode": "Partial",
                                  "Parent Relationship": "Outer",
                                  "Parallel Aware": false,
                                  "Async Capable": false,
                                  "Startup Cost": 783591.88,
                                  "Total Cost": 783596.4,
                                  "Plan Rows": 51,
                                  "Plan Width": 113,
                                  "Group Key": [
                                    "store.s_store_id"
                                  ],
                                  "Plans": [
                                    {
                                      "Node Type": "Sort",
                                      "Parent Relationship": "Outer",
                                      "Parallel Aware": false,
                                      "Async Capable": false,
                                      "Startup Cost": 783591.88,
                                      "Total Cost": 783592.48,
                                      "Plan Rows": 242,
                                      "Plan Width": 41,
                                      "Sort Key": [
                                        "store.s_store_id"
                                      ],
                                      "Plans": [
                                        {
                                          "Node Type": "Hash Join",
                                          "Parent Relationship": "Outer",
                                          "Parallel Aware": false,
                                          "Async Capable": false,
                                          "Join Type": "Inner",
                                          "Startup Cost": 94489.35,
                                          "Total Cost": 783582.3,
                                          "Plan Rows": 242,
                                          "Plan Width": 41,
                                          "Inner Unique": false,
                                          "Hash Cond": "(store_sales.ss_store_sk = store.s_store_sk)",
                                          "Plans": [
                                            {
                                              "Node Type": "Hash Join",
                                              "Parent Relationship": "Outer",
                                              "Parallel Aware": false,
                                              "Async Capable": false,
                                              "Join Type": "Inner",
                                              "Startup Cost": 94482.05,
                                              "Total Cost": 783571.63,
                                              "Plan Rows": 254,
                                              "Plan Width": 28,
                                              "Inner Unique": false,
                                              "Hash Cond": "(store_sales.ss_promo_sk = promotion.p_promo_sk)",
                                              "Plans": [
                                                {
                                                  "Node Type": "Hash Join",
                                                  "Parent Relationship": "Outer",
                                                  "Parallel Aware": true,
                                                  "Async Capable": false,
                                                  "Join Type": "Inner",
                                                  "Startup Cost": 94456.65,
                                                  "Total Cost": 783542.68,
                                                  "Plan Rows": 270,
                                                  "Plan Width": 32,
                                                  "Inner Unique": false,
                                                  "Hash Cond": "(store_sales.ss_item_sk = item.i_item_sk)",
                                                  "Plans": [
                                                    {
                                                      "Node Type": "Hash Join",
                                                      "Parent Relationship": "Outer",
                                                      "Parallel Aware": true,
                                                      "Async Capable": false,
                                                      "Join Type": "Left",
                                                      "Startup Cost": 86930.88,
                                                      "Total Cost": 775998.13,
                                                      "Plan Rows": 4703,
                                                      "Plan Width": 36,
                                                      "Inner Unique": false,
                                                      "Hash Cond": "((store_sales.ss_item_sk = store_returns.sr_item_sk) AND (store_sales.ss_ticket_number = store_returns.sr_ticket_number))",
                                                      "Plans": [
                                                        {
                                                          "Node Type": "Hash Join",
                                                          "Parent Relationship": "Outer",
                                                          "Parallel Aware": true,
                                                          "Async Capable": false,
                                                          "Join Type": "Inner",
                                                          "Startup Cost": 2049.78,
                                                          "Total Cost": 683994.75,
                                                          "Plan Rows": 4703,
                                                          "Plan Width": 28,
                                                          "Inner Unique": false,
                                                          "Hash Cond": "(store_sales.ss_sold_date_sk = date_dim.d_date_sk)",
                                                          "Plans": [
                                                            {
                                                              "Node Type": "Seq Scan",
                                                              "Parent Relationship": "Outer",
                                                              "Parallel Aware": true,
                                                              "Async Capable": false,
                                                              "Relation Name": "store_sales",
                                                              "Alias": "store_sales",
                                                              "Startup Cost": 0.0,
                                                              "Total Cost": 636914.37,
                                                              "Plan Rows": 12000637,
                                                              "Plan Width": 32,
                                                              "parent": 13,
                                                              "ID": 14
                                                            },
                                                            {
                                                              "Node Type": "Hash",
                                                              "Parent Relationship": "Inner",
                                                              "Parallel Aware": true,
                                                              "Async Capable": false,
                                                              "Startup Cost": 2049.55,
                                                              "Total Cost": 2049.55,
                                                              "Plan Rows": 18,
                                                              "Plan Width": 4,
                                                              "Plans": [
                                                                {
                                                                  "Node Type": "Seq Scan",
                                                                  "Parent Relationship": "Outer",
                                                                  "Parallel Aware": true,
                                                                  "Async Capable": false,
                                                                  "Relation Name": "date_dim",
                                                                  "Alias": "date_dim",
                                                                  "Startup Cost": 0.0,
                                                                  "Total Cost": 2049.55,
                                                                  "Plan Rows": 18,
                                                                  "Plan Width": 4,
                                                                  "Filter": "((d_date >= '1998-08-19'::date) AND (d_date <= '1998-09-18 00:00:00'::timestamp without time zone))",
                                                                  "parent": 15,
                                                                  "ID": 16
                                                                }
                                                              ],
                                                              "parent": 13,
                                                              "ID": 15,
                                                              "left": 16
                                                            }
                                                          ],
                                                          "parent": 12,
                                                          "ID": 13,
                                                          "left": 14,
                                                          "right": 15
                                                        },
                                                        {
                                                          "Node Type": "Hash",
                                                          "Parent Relationship": "Inner",
                                                          "Parallel Aware": true,
                                                          "Async Capable": false,
                                                          "Startup Cost": 59887.64,
                                                          "Total Cost": 59887.64,
                                                          "Plan Rows": 1198164,
                                                          "Plan Width": 20,
                                                          "Plans": [
                                                            {
                                                              "Node Type": "Seq Scan",
                                                              "Parent Relationship": "Outer",
                                                              "Parallel Aware": true,
                                                              "Async Capable": false,
                                                              "Relation Name": "store_returns",
                                                              "Alias": "store_returns",
                                                              "Startup Cost": 0.0,
                                                              "Total Cost": 59887.64,
                                                              "Plan Rows": 1198164,
                                                              "Plan Width": 20,
                                                              "parent": 17,
                                                              "ID": 18
                                                            }
                                                          ],
                                                          "parent": 12,
                                                          "ID": 17,
                                                          "left": 18
                                                        }
                                                      ],
                                                      "parent": 11,
                                                      "ID": 12,
                                                      "left": 13,
                                                      "right": 17
                                                    },
                                                    {
                                                      "Node Type": "Hash",
                                                      "Parent Relationship": "Inner",
                                                      "Parallel Aware": true,
                                                      "Async Capable": false,
                                                      "Startup Cost": 7495.25,
                                                      "Total Cost": 7495.25,
                                                      "Plan Rows": 2442,
                                                      "Plan Width": 4,
                                                      "Plans": [
                                                        {
                                                          "Node Type": "Seq Scan",
                                                          "Parent Relationship": "Outer",
                                                          "Parallel Aware": true,
                                                          "Async Capable": false,
                                                          "Relation Name": "item",
                                                          "Alias": "item",
                                                          "Startup Cost": 0.0,
                                                          "Total Cost": 7495.25,
                                                          "Plan Rows": 2442,
                                                          "Plan Width": 4,
                                                          "Filter": "(i_current_price > '50'::numeric)",
                                                          "parent": 19,
                                                          "ID": 20
                                                        }
                                                      ],
                                                      "parent": 11,
                                                      "ID": 19,
                                                      "left": 20
                                                    }
                                                  ],
                                                  "parent": 10,
                                                  "ID": 11,
                                                  "left": 12,
                                                  "right": 19
                                                },
                                                {
                                                  "Node Type": "Hash",
                                                  "Parent Relationship": "Inner",
                                                  "Parallel Aware": false,
                                                  "Async Capable": false,
                                                  "Startup Cost": 19.25,
                                                  "Total Cost": 19.25,
                                                  "Plan Rows": 492,
                                                  "Plan Width": 4,
                                                  "Plans": [
                                                    {
                                                      "Node Type": "Seq Scan",
                                                      "Parent Relationship": "Outer",
                                                      "Parallel Aware": false,
                                                      "Async Capable": false,
                                                      "Relation Name": "promotion",
                                                      "Alias": "promotion",
                                                      "Startup Cost": 0.0,
                                                      "Total Cost": 19.25,
                                                      "Plan Rows": 492,
                                                      "Plan Width": 4,
                                                      "Filter": "(p_channel_tv = 'N'::bpchar)",
                                                      "parent": 21,
                                                      "ID": 22
                                                    }
                                                  ],
                                                  "parent": 10,
                                                  "ID": 21,
                                                  "left": 22
                                                }
                                              ],
                                              "parent": 9,
                                              "ID": 10,
                                              "left": 11,
                                              "right": 21
                                            },
                                            {
                                              "Node Type": "Hash",
                                              "Parent Relationship": "Inner",
                                              "Parallel Aware": false,
                                              "Async Capable": false,
                                              "Startup Cost": 6.02,
                                              "Total Cost": 6.02,
                                              "Plan Rows": 102,
                                              "Plan Width": 21,
                                              "Plans": [
                                                {
                                                  "Node Type": "Seq Scan",
                                                  "Parent Relationship": "Outer",
                                                  "Parallel Aware": false,
                                                  "Async Capable": false,
                                                  "Relation Name": "store",
                                                  "Alias": "store",
                                                  "Startup Cost": 0.0,
                                                  "Total Cost": 6.02,
                                                  "Plan Rows": 102,
                                                  "Plan Width": 21,
                                                  "parent": 23,
                                                  "ID": 24
                                                }
                                              ],
                                              "parent": 9,
                                              "ID": 23,
                                              "left": 24
                                            }
                                          ],
                                          "parent": 8,
                                          "ID": 9,
                                          "left": 10,
                                          "right": 23
                                        }
                                      ],
                                      "parent": 7,
                                      "ID": 8,
                                      "left": 9
                                    }
                                  ],
                                  "parent": 6,
                                  "ID": 7,
                                  "left": 8
                                }
                              ],
                              "parent": 5,
                              "ID": 6,
                              "left": 7
                            }
                          ],
                          "parent": 4,
                          "ID": 5,
                          "left": 6
                        }
                      ],
                      "parent": 3,
                      "ID": 4,
                      "left": 5
                    },
                    {
                      "Node Type": "Subquery Scan",
                      "Parent Relationship": "Member",
                      "Parallel Aware": false,
                      "Async Capable": false,
                      "Alias": "csr",
                      "Startup Cost": 518174.1,
                      "Total Cost": 518225.66,
                      "Plan Rows": 329,
                      "Plan Width": 160,
                      "Plans": [
                        {
                          "Node Type": "Aggregate",
                          "Strategy": "Sorted",
                          "Partial Mode": "Finalize",
                          "Parent Relationship": "Subquery",
                          "Parallel Aware": false,
                          "Async Capable": false,
                          "Startup Cost": 518174.1,
                          "Total Cost": 518220.73,
                          "Plan Rows": 329,
                          "Plan Width": 113,
                          "Group Key": [
                            "catalog_page.cp_catalog_page_id"
                          ],
                          "Plans": [
                            {
                              "Node Type": "Gather Merge",
                              "Parent Relationship": "Outer",
                              "Parallel Aware": false,
                              "Async Capable": false,
                              "Startup Cost": 518174.1,
                              "Total Cost": 518210.18,
                              "Plan Rows": 274,
                              "Plan Width": 113,
                              "Workers Planned": 2,
                              "Plans": [
                                {
                                  "Node Type": "Aggregate",
                                  "Strategy": "Sorted",
                                  "Partial Mode": "Partial",
                                  "Parent Relationship": "Outer",
                                  "Parallel Aware": false,
                                  "Async Capable": false,
                                  "Startup Cost": 517174.07,
                                  "Total Cost": 517178.53,
                                  "Plan Rows": 137,
                                  "Plan Width": 113,
                                  "Group Key": [
                                    "catalog_page.cp_catalog_page_id"
                                  ],
                                  "Plans": [
                                    {
                                      "Node Type": "Sort",
                                      "Parent Relationship": "Outer",
                                      "Parallel Aware": false,
                                      "Async Capable": false,
                                      "Startup Cost": 517174.07,
                                      "Total Cost": 517174.42,
                                      "Plan Rows": 137,
                                      "Plan Width": 41,
                                      "Sort Key": [
                                        "catalog_page.cp_catalog_page_id"
                                      ],
                                      "Plans": [
                                        {
                                          "Node Type": "Hash Join",
                                          "Parent Relationship": "Outer",
                                          "Parallel Aware": false,
                                          "Async Capable": false,
                                          "Join Type": "Inner",
                                          "Startup Cost": 57382.33,
                                          "Total Cost": 517169.21,
                                          "Plan Rows": 137,
                                          "Plan Width": 41,
                                          "Inner Unique": false,
                                          "Hash Cond": "(catalog_sales.cs_catalog_page_sk = catalog_page.cp_catalog_page_sk)",
                                          "Plans": [
                                            {
                                              "Node Type": "Hash Join",
                                              "Parent Relationship": "Outer",
                                              "Parallel Aware": false,
                                              "Async Capable": false,
                                              "Join Type": "Inner",
                                              "Startup Cost": 56864.33,
                                              "Total Cost": 516649.32,
                                              "Plan Rows": 138,
                                              "Plan Width": 28,
                                              "Inner Unique": false,
                                              "Hash Cond": "(catalog_sales.cs_promo_sk = promotion_1.p_promo_sk)",
                                              "Plans": [
                                                {
                                                  "Node Type": "Hash Join",
                                                  "Parent Relationship": "Outer",
                                                  "Parallel Aware": true,
                                                  "Async Capable": false,
                                                  "Join Type": "Inner",
                                                  "Startup Cost": 56838.93,
                                                  "Total Cost": 516622.01,
                                                  "Plan Rows": 141,
                                                  "Plan Width": 32,
                                                  "Inner Unique": false,
                                                  "Hash Cond": "(catalog_sales.cs_item_sk = item_1.i_item_sk)",
                                                  "Plans": [
                                                    {
                                                      "Node Type": "Hash Join",
                                                      "Parent Relationship": "Outer",
                                                      "Parallel Aware": true,
                                                      "Async Capable": false,
                                                      "Join Type": "Left",
                                                      "Startup Cost": 49313.15,
                                                      "Total Cost": 509086.46,
                                                      "Plan Rows": 2450,
                                                      "Plan Width": 36,
                                                      "Inner Unique": false,
                                                      "Hash Cond": "((catalog_sales.cs_item_sk = catalog_returns.cr_item_sk) AND (catalog_sales.cs_order_number = catalog_returns.cr_order_number))",
                                                      "Plans": [
                                                        {
                                                          "Node Type": "Hash Join",
                                                          "Parent Relationship": "Outer",
                                                          "Parallel Aware": true,
                                                          "Async Capable": false,
                                                          "Join Type": "Inner",
                                                          "Startup Cost": 2049.78,
                                                          "Total Cost": 458254.7,
                                                          "Plan Rows": 2450,
                                                          "Plan Width": 28,
                                                          "Inner Unique": false,
                                                          "Hash Cond": "(catalog_sales.cs_sold_date_sk = date_dim_1.d_date_sk)",
                                                          "Plans": [
                                                            {
                                                              "Node Type": "Seq Scan",
                                                              "Parent Relationship": "Outer",
                                                              "Parallel Aware": true,
                                                              "Async Capable": false,
                                                              "Relation Name": "catalog_sales",
                                                              "Alias": "catalog_sales",
                                                              "Startup Cost": 0.0,
                                                              "Total Cost": 433688.25,
                                                              "Plan Rows": 6000525,
                                                              "Plan Width": 32,
                                                              "parent": 34,
                                                              "ID": 35
                                                            },
                                                            {
                                                              "Node Type": "Hash",
                                                              "Parent Relationship": "Inner",
                                                              "Parallel Aware": true,
                                                              "Async Capable": false,
                                                              "Startup Cost": 2049.55,
                                                              "Total Cost": 2049.55,
                                                              "Plan Rows": 18,
                                                              "Plan Width": 4,
                                                              "Plans": [
                                                                {
                                                                  "Node Type": "Seq Scan",
                                                                  "Parent Relationship": "Outer",
                                                                  "Parallel Aware": true,
                                                                  "Async Capable": false,
                                                                  "Relation Name": "date_dim",
                                                                  "Alias": "date_dim_1",
                                                                  "Startup Cost": 0.0,
                                                                  "Total Cost": 2049.55,
                                                                  "Plan Rows": 18,
                                                                  "Plan Width": 4,
                                                                  "Filter": "((d_date >= '1998-08-19'::date) AND (d_date <= '1998-09-18 00:00:00'::timestamp without time zone))",
                                                                  "parent": 36,
                                                                  "ID": 37
                                                                }
                                                              ],
                                                              "parent": 34,
                                                              "ID": 36,
                                                              "left": 37
                                                            }
                                                          ],
                                                          "parent": 33,
                                                          "ID": 34,
                                                          "left": 35,
                                                          "right": 36
                                                        },
                                                        {
                                                          "Node Type": "Hash",
                                                          "Parent Relationship": "Inner",
                                                          "Parallel Aware": true,
                                                          "Async Capable": false,
                                                          "Startup Cost": 34748.95,
                                                          "Total Cost": 34748.95,
                                                          "Plan Rows": 599895,
                                                          "Plan Width": 20,
                                                          "Plans": [
                                                            {
                                                              "Node Type": "Seq Scan",
                                                              "Parent Relationship": "Outer",
                                                              "Parallel Aware": true,
                                                              "Async Capable": false,
                                                              "Relation Name": "catalog_returns",
                                                              "Alias": "catalog_returns",
                                                              "Startup Cost": 0.0,
                                                              "Total Cost": 34748.95,
                                                              "Plan Rows": 599895,
                                                              "Plan Width": 20,
                                                              "parent": 38,
                                                              "ID": 39
                                                            }
                                                          ],
                                                          "parent": 33,
                                                          "ID": 38,
                                                          "left": 39
                                                        }
                                                      ],
                                                      "parent": 32,
                                                      "ID": 33,
                                                      "left": 34,
                                                      "right": 38
                                                    },
                                                    {
                                                      "Node Type": "Hash",
                                                      "Parent Relationship": "Inner",
                                                      "Parallel Aware": true,
                                                      "Async Capable": false,
                                                      "Startup Cost": 7495.25,
                                                      "Total Cost": 7495.25,
                                                      "Plan Rows": 2442,
                                                      "Plan Width": 4,
                                                      "Plans": [
                                                        {
                                                          "Node Type": "Seq Scan",
                                                          "Parent Relationship": "Outer",
                                                          "Parallel Aware": true,
                                                          "Async Capable": false,
                                                          "Relation Name": "item",
                                                          "Alias": "item_1",
                                                          "Startup Cost": 0.0,
                                                          "Total Cost": 7495.25,
                                                          "Plan Rows": 2442,
                                                          "Plan Width": 4,
                                                          "Filter": "(i_current_price > '50'::numeric)",
                                                          "parent": 40,
                                                          "ID": 41
                                                        }
                                                      ],
                                                      "parent": 32,
                                                      "ID": 40,
                                                      "left": 41
                                                    }
                                                  ],
                                                  "parent": 31,
                                                  "ID": 32,
                                                  "left": 33,
                                                  "right": 40
                                                },
                                                {
                                                  "Node Type": "Hash",
                                                  "Parent Relationship": "Inner",
                                                  "Parallel Aware": false,
                                                  "Async Capable": false,
                                                  "Startup Cost": 19.25,
                                                  "Total Cost": 19.25,
                                                  "Plan Rows": 492,
                                                  "Plan Width": 4,
                                                  "Plans": [
                                                    {
                                                      "Node Type": "Seq Scan",
                                                      "Parent Relationship": "Outer",
                                                      "Parallel Aware": false,
                                                      "Async Capable": false,
                                                      "Relation Name": "promotion",
                                                      "Alias": "promotion_1",
                                                      "Startup Cost": 0.0,
                                                      "Total Cost": 19.25,
                                                      "Plan Rows": 492,
                                                      "Plan Width": 4,
                                                      "Filter": "(p_channel_tv = 'N'::bpchar)",
                                                      "parent": 42,
                                                      "ID": 43
                                                    }
                                                  ],
                                                  "parent": 31,
                                                  "ID": 42,
                                                  "left": 43
                                                }
                                              ],
                                              "parent": 30,
                                              "ID": 31,
                                              "left": 32,
                                              "right": 42
                                            },
                                            {
                                              "Node Type": "Hash",
                                              "Parent Relationship": "Inner",
                                              "Parallel Aware": false,
                                              "Async Capable": false,
                                              "Startup Cost": 368.0,
                                              "Total Cost": 368.0,
                                              "Plan Rows": 12000,
                                              "Plan Width": 21,
                                              "Plans": [
                                                {
                                                  "Node Type": "Seq Scan",
                                                  "Parent Relationship": "Outer",
                                                  "Parallel Aware": false,
                                                  "Async Capable": false,
                                                  "Relation Name": "catalog_page",
                                                  "Alias": "catalog_page",
                                                  "Startup Cost": 0.0,
                                                  "Total Cost": 368.0,
                                                  "Plan Rows": 12000,
                                                  "Plan Width": 21,
                                                  "parent": 44,
                                                  "ID": 45
                                                }
                                              ],
                                              "parent": 30,
                                              "ID": 44,
                                              "left": 45
                                            }
                                          ],
                                          "parent": 29,
                                          "ID": 30,
                                          "left": 31,
                                          "right": 44
                                        }
                                      ],
                                      "parent": 28,
                                      "ID": 29,
                                      "left": 30
                                    }
                                  ],
                                  "parent": 27,
                                  "ID": 28,
                                  "left": 29
                                }
                              ],
                              "parent": 26,
                              "ID": 27,
                              "left": 28
                            }
                          ],
                          "parent": 25,
                          "ID": 26,
                          "left": 27
                        }
                      ],
                      "parent": 3,
                      "ID": 25,
                      "left": 26
                    },
                    {
                      "Node Type": "Subquery Scan",
                      "Parent Relationship": "Member",
                      "Parallel Aware": false,
                      "Async Capable": false,
                      "Alias": "wsr",
                      "Startup Cost": 263918.43,
                      "Total Cost": 263926.12,
                      "Plan Rows": 21,
                      "Plan Width": 160,
                      "Plans": [
                        {
                          "Node Type": "Aggregate",
                          "Strategy": "Sorted",
                          "Partial Mode": "Finalize",
                          "Parent Relationship": "Subquery",
                          "Parallel Aware": false,
                          "Async Capable": false,
                          "Startup Cost": 263918.43,
                          "Total Cost": 263925.8,
                          "Plan Rows": 21,
                          "Plan Width": 113,
                          "Group Key": [
                            "web_site.web_site_id"
                          ],
                          "Plans": [
                            {
                              "Node Type": "Gather Merge",
                              "Parent Relationship": "Outer",
                              "Parallel Aware": false,
                              "Async Capable": false,
                              "Startup Cost": 263918.43,
                              "Total Cost": 263924.7,
                              "Plan Rows": 42,
                              "Plan Width": 113,
                              "Workers Planned": 2,
                              "Plans": [
                                {
                                  "Node Type": "Aggregate",
                                  "Strategy": "Sorted",
                                  "Partial Mode": "Partial",
                                  "Parent Relationship": "Outer",
                                  "Parallel Aware": false,
                                  "Async Capable": false,
                                  "Startup Cost": 262918.41,
                                  "Total Cost": 262919.83,
                                  "Plan Rows": 21,
                                  "Plan Width": 113,
                                  "Group Key": [
                                    "web_site.web_site_id"
                                  ],
                                  "Plans": [
                                    {
                                      "Node Type": "Sort",
                                      "Parent Relationship": "Outer",
                                      "Parallel Aware": false,
                                      "Async Capable": false,
                                      "Startup Cost": 262918.41,
                                      "Total Cost": 262918.59,
                                      "Plan Rows": 70,
                                      "Plan Width": 41,
                                      "Sort Key": [
                                        "web_site.web_site_id"
                                      ],
                                      "Plans": [
                                        {
                                          "Node Type": "Hash Join",
                                          "Parent Relationship": "Outer",
                                          "Parallel Aware": false,
                                          "Async Capable": false,
                                          "Join Type": "Inner",
                                          "Startup Cost": 32134.74,
                                          "Total Cost": 262916.27,
                                          "Plan Rows": 70,
                                          "Plan Width": 41,
                                          "Inner Unique": false,
                                          "Hash Cond": "(web_sales.ws_web_site_sk = web_site.web_site_sk)",
                                          "Plans": [
                                            {
                                              "Node Type": "Hash Join",
                                              "Parent Relationship": "Outer",
                                              "Parallel Aware": false,
                                              "Async Capable": false,
                                              "Join Type": "Inner",
                                              "Startup Cost": 32130.8,
                                              "Total Cost": 262911.36,
                                              "Plan Rows": 70,
                                              "Plan Width": 28,
                                              "Inner Unique": false,
                                              "Hash Cond": "(web_sales.ws_promo_sk = promotion_2.p_promo_sk)",
                                              "Plans": [
                                                {
                                                  "Node Type": "Hash Join",
                                                  "Parent Relationship": "Outer",
                                                  "Parallel Aware": true,
                                                  "Async Capable": false,
                                                  "Join Type": "Inner",
                                                  "Startup Cost": 32105.4,
                                                  "Total Cost": 262884.99,
                                                  "Plan Rows": 71,
                                                  "Plan Width": 32,
                                                  "Inner Unique": false,
                                                  "Hash Cond": "(web_sales.ws_item_sk = item_2.i_item_sk)",
                                                  "Plans": [
                                                    {
                                                      "Node Type": "Hash Join",
                                                      "Parent Relationship": "Outer",
                                                      "Parallel Aware": true,
                                                      "Async Capable": false,
                                                      "Join Type": "Left",
                                                      "Startup Cost": 24579.62,
                                                      "Total Cost": 255354.31,
                                                      "Plan Rows": 1231,
                                                      "Plan Width": 36,
                                                      "Inner Unique": false,
                                                      "Hash Cond": "((web_sales.ws_item_sk = web_returns.wr_item_sk) AND (web_sales.ws_order_number = web_returns.wr_order_number))",
                                                      "Plans": [
                                                        {
                                                          "Node Type": "Hash Join",
                                                          "Parent Relationship": "Outer",
                                                          "Parallel Aware": true,
                                                          "Async Capable": false,
                                                          "Join Type": "Inner",
                                                          "Startup Cost": 2049.78,
                                                          "Total Cost": 231041.22,
                                                          "Plan Rows": 1231,
                                                          "Plan Width": 28,
                                                          "Inner Unique": false,
                                                          "Hash Cond": "(web_sales.ws_sold_date_sk = date_dim_2.d_date_sk)",
                                                          "Plans": [
                                                            {
                                                              "Node Type": "Seq Scan",
                                                              "Parent Relationship": "Outer",
                                                              "Parallel Aware": true,
                                                              "Async Capable": false,
                                                              "Relation Name": "web_sales",
                                                              "Alias": "web_sales",
                                                              "Startup Cost": 0.0,
                                                              "Total Cost": 217737.86,
                                                              "Plan Rows": 2998986,
                                                              "Plan Width": 32,
                                                              "parent": 55,
                                                              "ID": 56
                                                            },
                                                            {
                                                              "Node Type": "Hash",
                                                              "Parent Relationship": "Inner",
                                                              "Parallel Aware": true,
                                                              "Async Capable": false,
                                                              "Startup Cost": 2049.55,
                                                              "Total Cost": 2049.55,
                                                              "Plan Rows": 18,
                                                              "Plan Width": 4,
                                                              "Plans": [
                                                                {
                                                                  "Node Type": "Seq Scan",
                                                                  "Parent Relationship": "Outer",
                                                                  "Parallel Aware": true,
                                                                  "Async Capable": false,
                                                                  "Relation Name": "date_dim",
                                                                  "Alias": "date_dim_2",
                                                                  "Startup Cost": 0.0,
                                                                  "Total Cost": 2049.55,
                                                                  "Plan Rows": 18,
                                                                  "Plan Width": 4,
                                                                  "Filter": "((d_date >= '1998-08-19'::date) AND (d_date <= '1998-09-18 00:00:00'::timestamp without time zone))",
                                                                  "parent": 57,
                                                                  "ID": 58
                                                                }
                                                              ],
                                                              "parent": 55,
                                                              "ID": 57,
                                                              "left": 58
                                                            }
                                                          ],
                                                          "parent": 54,
                                                          "ID": 55,
                                                          "left": 56,
                                                          "right": 57
                                                        },
                                                        {
                                                          "Node Type": "Hash",
                                                          "Parent Relationship": "Inner",
                                                          "Parallel Aware": true,
                                                          "Async Capable": false,
                                                          "Startup Cost": 16278.74,
                                                          "Total Cost": 16278.74,
                                                          "Plan Rows": 299674,
                                                          "Plan Width": 20,
                                                          "Plans": [
                                                            {
                                                              "Node Type": "Seq Scan",
                                                              "Parent Relationship": "Outer",
                                                              "Parallel Aware": true,
                                                              "Async Capable": false,
                                                              "Relation Name": "web_returns",
                                                              "Alias": "web_returns",
                                                              "Startup Cost": 0.0,
                                                              "Total Cost": 16278.74,
                                                              "Plan Rows": 299674,
                                                              "Plan Width": 20,
                                                              "parent": 59,
                                                              "ID": 60
                                                            }
                                                          ],
                                                          "parent": 54,
                                                          "ID": 59,
                                                          "left": 60
                                                        }
                                                      ],
                                                      "parent": 53,
                                                      "ID": 54,
                                                      "left": 55,
                                                      "right": 59
                                                    },
                                                    {
                                                      "Node Type": "Hash",
                                                      "Parent Relationship": "Inner",
                                                      "Parallel Aware": true,
                                                      "Async Capable": false,
                                                      "Startup Cost": 7495.25,
                                                      "Total Cost": 7495.25,
                                                      "Plan Rows": 2442,
                                                      "Plan Width": 4,
                                                      "Plans": [
                                                        {
                                                          "Node Type": "Seq Scan",
                                                          "Parent Relationship": "Outer",
                                                          "Parallel Aware": true,
                                                          "Async Capable": false,
                                                          "Relation Name": "item",
                                                          "Alias": "item_2",
                                                          "Startup Cost": 0.0,
                                                          "Total Cost": 7495.25,
                                                          "Plan Rows": 2442,
                                                          "Plan Width": 4,
                                                          "Filter": "(i_current_price > '50'::numeric)",
                                                          "parent": 61,
                                                          "ID": 62
                                                        }
                                                      ],
                                                      "parent": 53,
                                                      "ID": 61,
                                                      "left": 62
                                                    }
                                                  ],
                                                  "parent": 52,
                                                  "ID": 53,
                                                  "left": 54,
                                                  "right": 61
                                                },
                                                {
                                                  "Node Type": "Hash",
                                                  "Parent Relationship": "Inner",
                                                  "Parallel Aware": false,
                                                  "Async Capable": false,
                                                  "Startup Cost": 19.25,
                                                  "Total Cost": 19.25,
                                                  "Plan Rows": 492,
                                                  "Plan Width": 4,
                                                  "Plans": [
                                                    {
                                                      "Node Type": "Seq Scan",
                                                      "Parent Relationship": "Outer",
                                                      "Parallel Aware": false,
                                                      "Async Capable": false,
                                                      "Relation Name": "promotion",
                                                      "Alias": "promotion_2",
                                                      "Startup Cost": 0.0,
                                                      "Total Cost": 19.25,
                                                      "Plan Rows": 492,
                                                      "Plan Width": 4,
                                                      "Filter": "(p_channel_tv = 'N'::bpchar)",
                                                      "parent": 63,
                                                      "ID": 64
                                                    }
                                                  ],
                                                  "parent": 52,
                                                  "ID": 63,
                                                  "left": 64
                                                }
                                              ],
                                              "parent": 51,
                                              "ID": 52,
                                              "left": 53,
                                              "right": 63
                                            },
                                            {
                                              "Node Type": "Hash",
                                              "Parent Relationship": "Inner",
                                              "Parallel Aware": false,
                                              "Async Capable": false,
                                              "Startup Cost": 3.42,
                                              "Total Cost": 3.42,
                                              "Plan Rows": 42,
                                              "Plan Width": 21,
                                              "Plans": [
                                                {
                                                  "Node Type": "Seq Scan",
                                                  "Parent Relationship": "Outer",
                                                  "Parallel Aware": false,
                                                  "Async Capable": false,
                                                  "Relation Name": "web_site",
                                                  "Alias": "web_site",
                                                  "Startup Cost": 0.0,
                                                  "Total Cost": 3.42,
                                                  "Plan Rows": 42,
                                                  "Plan Width": 21,
                                                  "parent": 65,
                                                  "ID": 66
                                                }
                                              ],
                                              "parent": 51,
                                              "ID": 65,
                                              "left": 66
                                            }
                                          ],
                                          "parent": 50,
                                          "ID": 51,
                                          "left": 52,
                                          "right": 65
                                        }
                                      ],
                                      "parent": 49,
                                      "ID": 50,
                                      "left": 51
                                    }
                                  ],
                                  "parent": 48,
                                  "ID": 49,
                                  "left": 50
                                }
                              ],
                              "parent": 47,
                              "ID": 48,
                              "left": 49
                            }
                          ],
                          "parent": 46,
                          "ID": 47,
                          "left": 48
                        }
                      ],
                      "parent": 3,
                      "ID": 46,
                      "left": 47
                    }
                  ],
                  "parent": 2,
                  "ID": 3,
                  "left": 4,
                  "right": 25
                }
              ],
              "parent": 1,
              "ID": 2,
              "left": 3
            }
          ],
          "parent": 0,
          "ID": 1,
          "left": 2
        }
      ],
      "parent": null,
      "ID": 0,
      "left": 1
    },
    "feat": {
      "utility": 2.180818292048628e-06,
      "query_shape": [
        [
          "Seq Scan",
          "Hash Join",
          "Sort",
          "Aggregate",
          "Gather Merge",
          "Subquery Scan",
          "Append"
        ],
        [
          "Seq Scan",
          "Hash",
          "Hash Join",
          "Sort",
          "Aggregate",
          "Gather Merge",
          "Subquery Scan",
          "Append"
        ],
        [
          "Seq Scan",
          "Hash",
          "Hash Join",
          "Sort",
          "Aggregate",
          "Gather Merge",
          "Subquery Scan",
          "Append"
        ],
        [
          "Seq Scan",
          "Hash",
          "Hash Join",
          "Sort",
          "Aggregate",
          "Gather Merge",
          "Subquery Scan",
          "Append"
        ],
        [
          "Seq Scan",
          "Hash",
          "Hash Join",
          "Sort",
          "Aggregate",
          "Gather Merge",
          "Subquery Scan",
          "Append"
        ],
        [
          "Seq Scan",
          "Hash",
          "Hash Join",
          "Sort",
          "Aggregate",
          "Gather Merge",
          "Subquery Scan",
          "Append"
        ],
        [
          "Seq Scan",
          "Hash Join",
          "Sort",
          "Aggregate",
          "Gather Merge",
          "Subquery Scan",
          "Append"
        ],
        [
          "Seq Scan",
          "Hash",
          "Hash Join",
          "Sort",
          "Aggregate",
          "Gather Merge",
          "Subquery Scan",
          "Append"
        ],
        [
          "Seq Scan",
          "Hash",
          "Hash Join",
          "Sort",
          "Aggregate",
          "Gather Merge",
          "Subquery Scan",
          "Append"
        ],
        [
          "Seq Scan",
          "Hash",
          "Hash Join",
          "Sort",
          "Aggregate",
          "Gather Merge",
          "Subquery Scan",
          "Append"
        ],
        [
          "Seq Scan",
          "Hash",
          "Hash Join",
          "Sort",
          "Aggregate",
          "Gather Merge",
          "Subquery Scan",
          "Append"
        ],
        [
          "Seq Scan",
          "Hash",
          "Hash Join",
          "Sort",
          "Aggregate",
          "Gather Merge",
          "Subquery Scan",
          "Append"
        ],
        [
          "Seq Scan",
          "Hash Join",
          "Sort",
          "Aggregate",
          "Gather Merge",
          "Subquery Scan",
          "Append"
        ],
        [
          "Seq Scan",
          "Hash",
          "Hash Join",
          "Sort",
          "Aggregate",
          "Gather Merge",
          "Subquery Scan",
          "Append"
        ],
        [
          "Seq Scan",
          "Hash",
          "Hash Join",
          "Sort",
          "Aggregate",
          "Gather Merge",
          "Subquery Scan",
          "Append"
        ],
        [
          "Seq Scan",
          "Hash",
          "Hash Join",
          "Sort",
          "Aggregate",
          "Gather Merge",
          "Subquery Scan",
          "Append"
        ],
        [
          "Seq Scan",
          "Hash",
          "Hash Join",
          "Sort",
          "Aggregate",
          "Gather Merge",
          "Subquery Scan",
          "Append"
        ],
        [
          "Seq Scan",
          "Hash",
          "Hash Join",
          "Sort",
          "Aggregate",
          "Gather Merge",
          "Subquery Scan",
          "Append"
        ]
      ],
      "index_shape": [
        "join"
      ],
      "physical_operator": {
        "Hash Join": [
          0.0009135700778115242
        ]
      }
    }
  },
  {
    "query": "with ssr as\n (select  s_store_id as store_id,\n          sum(ss_ext_sales_price) as sales,\n          sum(coalesce(sr_return_amt, 0)) as returns,\n          sum(ss_net_profit - coalesce(sr_net_loss, 0)) as profit\n  from store_sales left outer join store_returns on\n         (ss_item_sk = sr_item_sk and ss_ticket_number = sr_ticket_number),\n     date_dim,\n     store,\n     item,\n     promotion\n where ss_sold_date_sk = d_date_sk\n       and d_date between cast('1998-08-19' as date) \n                  and (cast('1998-08-19' as date) +  interval '30 days')\n       and ss_store_sk = s_store_sk\n       and ss_item_sk = i_item_sk\n       and i_current_price > 50\n       and ss_promo_sk = p_promo_sk\n       and p_channel_tv = 'N'\n group by s_store_id)\n ,\n csr as\n (select  cp_catalog_page_id as catalog_page_id,\n          sum(cs_ext_sales_price) as sales,\n          sum(coalesce(cr_return_amount, 0)) as returns,\n          sum(cs_net_profit - coalesce(cr_net_loss, 0)) as profit\n  from catalog_sales left outer join catalog_returns on\n         (cs_item_sk = cr_item_sk and cs_order_number = cr_order_number),\n     date_dim,\n     catalog_page,\n     item,\n     promotion\n where cs_sold_date_sk = d_date_sk\n       and d_date between cast('1998-08-19' as date)\n                  and (cast('1998-08-19' as date) +  interval '30 days')\n        and cs_catalog_page_sk = cp_catalog_page_sk\n       and cs_item_sk = i_item_sk\n       and i_current_price > 50\n       and cs_promo_sk = p_promo_sk\n       and p_channel_tv = 'N'\ngroup by cp_catalog_page_id)\n ,\n wsr as\n (select  web_site_id,\n          sum(ws_ext_sales_price) as sales,\n          sum(coalesce(wr_return_amt, 0)) as returns,\n          sum(ws_net_profit - coalesce(wr_net_loss, 0)) as profit\n  from web_sales left outer join web_returns on\n         (ws_item_sk = wr_item_sk and ws_order_number = wr_order_number),\n     date_dim,\n     web_site,\n     item,\n     promotion\n where ws_sold_date_sk = d_date_sk\n       and d_date between cast('1998-08-19' as date)\n                  and (cast('1998-08-19' as date) +  interval '30 days')\n        and ws_web_site_sk = web_site_sk\n       and ws_item_sk = i_item_sk\n       and i_current_price > 50\n       and ws_promo_sk = p_promo_sk\n       and p_channel_tv = 'N'\ngroup by web_site_id)\n  select  channel\n        , id\n        , sum(sales) as sales\n        , sum(returns) as returns\n        , sum(profit) as profit\n from \n (select 'store channel' as channel\n        , 'store' || store_id as id\n        , sales\n        , returns\n        , profit\n from   ssr\n union all\n select 'catalog channel' as channel\n        , 'catalog_page' || catalog_page_id as id\n        , sales\n        , returns\n        , profit\n from  csr\n union all\n select 'web channel' as channel\n        , 'web_site' || web_site_id as id\n        , sales\n        , returns\n        , profit\n from   wsr\n ) x\n group by rollup (channel, id)\n order by channel\n         ,id\n limit 100;\n\n-- end query 61 in stream 0 using template query80.tpl\n",
    "indexes": "store_returns.sr_ticket_number",
    "wo plan est": {
      "Node Type": "Limit",
      "Parallel Aware": false,
      "Async Capable": false,
      "Startup Cost": 1566782.76,
      "Total Cost": 1566786.01,
      "Plan Rows": 100,
      "Plan Width": 160,
      "Plans": [
        {
          "Node Type": "Aggregate",
          "Strategy": "Sorted",
          "Partial Mode": "Simple",
          "Parent Relationship": "Outer",
          "Parallel Aware": false,
          "Async Capable": false,
          "Startup Cost": 1566782.76,
          "Total Cost": 1566795.8,
          "Plan Rows": 401,
          "Plan Width": 160,
          "Grouping Sets": [
            {
              "Group Keys": [
                [
                  "('store channel'::text)",
                  "(('store'::text || (ssr.store_id)::text))"
                ],
                [
                  "('store channel'::text)"
                ],
                []
              ]
            }
          ],
          "Plans": [
            {
              "Node Type": "Sort",
              "Parent Relationship": "Outer",
              "Parallel Aware": false,
              "Async Capable": false,
              "Startup Cost": 1566782.76,
              "Total Cost": 1566783.77,
              "Plan Rows": 401,
              "Plan Width": 160,
              "Sort Key": [
                "('store channel'::text)",
                "(('store'::text || (ssr.store_id)::text))"
              ],
              "Plans": [
                {
                  "Node Type": "Append",
                  "Parent Relationship": "Outer",
                  "Parallel Aware": false,
                  "Async Capable": false,
                  "Startup Cost": 784591.9,
                  "Total Cost": 1566765.43,
                  "Plan Rows": 401,
                  "Plan Width": 160,
                  "Subplans Removed": 0,
                  "Plans": [
                    {
                      "Node Type": "Subquery Scan",
                      "Parent Relationship": "Member",
                      "Parallel Aware": false,
                      "Async Capable": false,
                      "Alias": "ssr",
                      "Startup Cost": 784591.9,
                      "Total Cost": 784611.64,
                      "Plan Rows": 51,
                      "Plan Width": 160,
                      "Plans": [
                        {
                          "Node Type": "Aggregate",
                          "Strategy": "Sorted",
                          "Partial Mode": "Finalize",
                          "Parent Relationship": "Subquery",
                          "Parallel Aware": false,
                          "Async Capable": false,
                          "Startup Cost": 784591.9,
                          "Total Cost": 784610.87,
                          "Plan Rows": 51,
                          "Plan Width": 113,
                          "Group Key": [
                            "store.s_store_id"
                          ],
                          "Plans": [
                            {
                              "Node Type": "Gather Merge",
                              "Parent Relationship": "Outer",
                              "Parallel Aware": false,
                              "Async Capable": false,
                              "Startup Cost": 784591.9,
                              "Total Cost": 784608.2,
                              "Plan Rows": 102,
                              "Plan Width": 113,
                              "Workers Planned": 2,
                              "Plans": [
                                {
                                  "Node Type": "Aggregate",
                                  "Strategy": "Sorted",
                                  "Partial Mode": "Partial",
                                  "Parent Relationship": "Outer",
                                  "Parallel Aware": false,
                                  "Async Capable": false,
                                  "Startup Cost": 783591.88,
                                  "Total Cost": 783596.4,
                                  "Plan Rows": 51,
                                  "Plan Width": 113,
                                  "Group Key": [
                                    "store.s_store_id"
                                  ],
                                  "Plans": [
                                    {
                                      "Node Type": "Sort",
                                      "Parent Relationship": "Outer",
                                      "Parallel Aware": false,
                                      "Async Capable": false,
                                      "Startup Cost": 783591.88,
                                      "Total Cost": 783592.48,
                                      "Plan Rows": 242,
                                      "Plan Width": 41,
                                      "Sort Key": [
                                        "store.s_store_id"
                                      ],
                                      "Plans": [
                                        {
                                          "Node Type": "Hash Join",
                                          "Parent Relationship": "Outer",
                                          "Parallel Aware": false,
                                          "Async Capable": false,
                                          "Join Type": "Inner",
                                          "Startup Cost": 94489.35,
                                          "Total Cost": 783582.3,
                                          "Plan Rows": 242,
                                          "Plan Width": 41,
                                          "Inner Unique": false,
                                          "Hash Cond": "(store_sales.ss_store_sk = store.s_store_sk)",
                                          "Plans": [
                                            {
                                              "Node Type": "Hash Join",
                                              "Parent Relationship": "Outer",
                                              "Parallel Aware": false,
                                              "Async Capable": false,
                                              "Join Type": "Inner",
                                              "Startup Cost": 94482.05,
                                              "Total Cost": 783571.63,
                                              "Plan Rows": 254,
                                              "Plan Width": 28,
                                              "Inner Unique": false,
                                              "Hash Cond": "(store_sales.ss_promo_sk = promotion.p_promo_sk)",
                                              "Plans": [
                                                {
                                                  "Node Type": "Hash Join",
                                                  "Parent Relationship": "Outer",
                                                  "Parallel Aware": true,
                                                  "Async Capable": false,
                                                  "Join Type": "Inner",
                                                  "Startup Cost": 94456.65,
                                                  "Total Cost": 783542.68,
                                                  "Plan Rows": 270,
                                                  "Plan Width": 32,
                                                  "Inner Unique": false,
                                                  "Hash Cond": "(store_sales.ss_item_sk = item.i_item_sk)",
                                                  "Plans": [
                                                    {
                                                      "Node Type": "Hash Join",
                                                      "Parent Relationship": "Outer",
                                                      "Parallel Aware": true,
                                                      "Async Capable": false,
                                                      "Join Type": "Left",
                                                      "Startup Cost": 86930.88,
                                                      "Total Cost": 775998.13,
                                                      "Plan Rows": 4703,
                                                      "Plan Width": 36,
                                                      "Inner Unique": false,
                                                      "Hash Cond": "((store_sales.ss_item_sk = store_returns.sr_item_sk) AND (store_sales.ss_ticket_number = store_returns.sr_ticket_number))",
                                                      "Plans": [
                                                        {
                                                          "Node Type": "Hash Join",
                                                          "Parent Relationship": "Outer",
                                                          "Parallel Aware": true,
                                                          "Async Capable": false,
                                                          "Join Type": "Inner",
                                                          "Startup Cost": 2049.78,
                                                          "Total Cost": 683994.75,
                                                          "Plan Rows": 4703,
                                                          "Plan Width": 28,
                                                          "Inner Unique": false,
                                                          "Hash Cond": "(store_sales.ss_sold_date_sk = date_dim.d_date_sk)",
                                                          "Plans": [
                                                            {
                                                              "Node Type": "Seq Scan",
                                                              "Parent Relationship": "Outer",
                                                              "Parallel Aware": true,
                                                              "Async Capable": false,
                                                              "Relation Name": "store_sales",
                                                              "Alias": "store_sales",
                                                              "Startup Cost": 0.0,
                                                              "Total Cost": 636914.37,
                                                              "Plan Rows": 12000637,
                                                              "Plan Width": 32,
                                                              "parent": 13,
                                                              "ID": 14
                                                            },
                                                            {
                                                              "Node Type": "Hash",
                                                              "Parent Relationship": "Inner",
                                                              "Parallel Aware": true,
                                                              "Async Capable": false,
                                                              "Startup Cost": 2049.55,
                                                              "Total Cost": 2049.55,
                                                              "Plan Rows": 18,
                                                              "Plan Width": 4,
                                                              "Plans": [
                                                                {
                                                                  "Node Type": "Seq Scan",
                                                                  "Parent Relationship": "Outer",
                                                                  "Parallel Aware": true,
                                                                  "Async Capable": false,
                                                                  "Relation Name": "date_dim",
                                                                  "Alias": "date_dim",
                                                                  "Startup Cost": 0.0,
                                                                  "Total Cost": 2049.55,
                                                                  "Plan Rows": 18,
                                                                  "Plan Width": 4,
                                                                  "Filter": "((d_date >= '1998-08-19'::date) AND (d_date <= '1998-09-18 00:00:00'::timestamp without time zone))",
                                                                  "parent": 15,
                                                                  "ID": 16
                                                                }
                                                              ],
                                                              "parent": 13,
                                                              "ID": 15,
                                                              "left": 16
                                                            }
                                                          ],
                                                          "parent": 12,
                                                          "ID": 13,
                                                          "left": 14,
                                                          "right": 15
                                                        },
                                                        {
                                                          "Node Type": "Hash",
                                                          "Parent Relationship": "Inner",
                                                          "Parallel Aware": true,
                                                          "Async Capable": false,
                                                          "Startup Cost": 59887.64,
                                                          "Total Cost": 59887.64,
                                                          "Plan Rows": 1198164,
                                                          "Plan Width": 20,
                                                          "Plans": [
                                                            {
                                                              "Node Type": "Seq Scan",
                                                              "Parent Relationship": "Outer",
                                                              "Parallel Aware": true,
                                                              "Async Capable": false,
                                                              "Relation Name": "store_returns",
                                                              "Alias": "store_returns",
                                                              "Startup Cost": 0.0,
                                                              "Total Cost": 59887.64,
                                                              "Plan Rows": 1198164,
                                                              "Plan Width": 20,
                                                              "parent": 17,
                                                              "ID": 18
                                                            }
                                                          ],
                                                          "parent": 12,
                                                          "ID": 17,
                                                          "left": 18
                                                        }
                                                      ],
                                                      "parent": 11,
                                                      "ID": 12,
                                                      "left": 13,
                                                      "right": 17
                                                    },
                                                    {
                                                      "Node Type": "Hash",
                                                      "Parent Relationship": "Inner",
                                                      "Parallel Aware": true,
                                                      "Async Capable": false,
                                                      "Startup Cost": 7495.25,
                                                      "Total Cost": 7495.25,
                                                      "Plan Rows": 2442,
                                                      "Plan Width": 4,
                                                      "Plans": [
                                                        {
                                                          "Node Type": "Seq Scan",
                                                          "Parent Relationship": "Outer",
                                                          "Parallel Aware": true,
                                                          "Async Capable": false,
                                                          "Relation Name": "item",
                                                          "Alias": "item",
                                                          "Startup Cost": 0.0,
                                                          "Total Cost": 7495.25,
                                                          "Plan Rows": 2442,
                                                          "Plan Width": 4,
                                                          "Filter": "(i_current_price > '50'::numeric)",
                                                          "parent": 19,
                                                          "ID": 20
                                                        }
                                                      ],
                                                      "parent": 11,
                                                      "ID": 19,
                                                      "left": 20
                                                    }
                                                  ],
                                                  "parent": 10,
                                                  "ID": 11,
                                                  "left": 12,
                                                  "right": 19
                                                },
                                                {
                                                  "Node Type": "Hash",
                                                  "Parent Relationship": "Inner",
                                                  "Parallel Aware": false,
                                                  "Async Capable": false,
                                                  "Startup Cost": 19.25,
                                                  "Total Cost": 19.25,
                                                  "Plan Rows": 492,
                                                  "Plan Width": 4,
                                                  "Plans": [
                                                    {
                                                      "Node Type": "Seq Scan",
                                                      "Parent Relationship": "Outer",
                                                      "Parallel Aware": false,
                                                      "Async Capable": false,
                                                      "Relation Name": "promotion",
                                                      "Alias": "promotion",
                                                      "Startup Cost": 0.0,
                                                      "Total Cost": 19.25,
                                                      "Plan Rows": 492,
                                                      "Plan Width": 4,
                                                      "Filter": "(p_channel_tv = 'N'::bpchar)",
                                                      "parent": 21,
                                                      "ID": 22
                                                    }
                                                  ],
                                                  "parent": 10,
                                                  "ID": 21,
                                                  "left": 22
                                                }
                                              ],
                                              "parent": 9,
                                              "ID": 10,
                                              "left": 11,
                                              "right": 21
                                            },
                                            {
                                              "Node Type": "Hash",
                                              "Parent Relationship": "Inner",
                                              "Parallel Aware": false,
                                              "Async Capable": false,
                                              "Startup Cost": 6.02,
                                              "Total Cost": 6.02,
                                              "Plan Rows": 102,
                                              "Plan Width": 21,
                                              "Plans": [
                                                {
                                                  "Node Type": "Seq Scan",
                                                  "Parent Relationship": "Outer",
                                                  "Parallel Aware": false,
                                                  "Async Capable": false,
                                                  "Relation Name": "store",
                                                  "Alias": "store",
                                                  "Startup Cost": 0.0,
                                                  "Total Cost": 6.02,
                                                  "Plan Rows": 102,
                                                  "Plan Width": 21,
                                                  "parent": 23,
                                                  "ID": 24
                                                }
                                              ],
                                              "parent": 9,
                                              "ID": 23,
                                              "left": 24
                                            }
                                          ],
                                          "parent": 8,
                                          "ID": 9,
                                          "left": 10,
                                          "right": 23
                                        }
                                      ],
                                      "parent": 7,
                                      "ID": 8,
                                      "left": 9
                                    }
                                  ],
                                  "parent": 6,
                                  "ID": 7,
                                  "left": 8
                                }
                              ],
                              "parent": 5,
                              "ID": 6,
                              "left": 7
                            }
                          ],
                          "parent": 4,
                          "ID": 5,
                          "left": 6
                        }
                      ],
                      "parent": 3,
                      "ID": 4,
                      "left": 5
                    },
                    {
                      "Node Type": "Subquery Scan",
                      "Parent Relationship": "Member",
                      "Parallel Aware": false,
                      "Async Capable": false,
                      "Alias": "csr",
                      "Startup Cost": 518174.1,
                      "Total Cost": 518225.66,
                      "Plan Rows": 329,
                      "Plan Width": 160,
                      "Plans": [
                        {
                          "Node Type": "Aggregate",
                          "Strategy": "Sorted",
                          "Partial Mode": "Finalize",
                          "Parent Relationship": "Subquery",
                          "Parallel Aware": false,
                          "Async Capable": false,
                          "Startup Cost": 518174.1,
                          "Total Cost": 518220.73,
                          "Plan Rows": 329,
                          "Plan Width": 113,
                          "Group Key": [
                            "catalog_page.cp_catalog_page_id"
                          ],
                          "Plans": [
                            {
                              "Node Type": "Gather Merge",
                              "Parent Relationship": "Outer",
                              "Parallel Aware": false,
                              "Async Capable": false,
                              "Startup Cost": 518174.1,
                              "Total Cost": 518210.18,
                              "Plan Rows": 274,
                              "Plan Width": 113,
                              "Workers Planned": 2,
                              "Plans": [
                                {
                                  "Node Type": "Aggregate",
                                  "Strategy": "Sorted",
                                  "Partial Mode": "Partial",
                                  "Parent Relationship": "Outer",
                                  "Parallel Aware": false,
                                  "Async Capable": false,
                                  "Startup Cost": 517174.07,
                                  "Total Cost": 517178.53,
                                  "Plan Rows": 137,
                                  "Plan Width": 113,
                                  "Group Key": [
                                    "catalog_page.cp_catalog_page_id"
                                  ],
                                  "Plans": [
                                    {
                                      "Node Type": "Sort",
                                      "Parent Relationship": "Outer",
                                      "Parallel Aware": false,
                                      "Async Capable": false,
                                      "Startup Cost": 517174.07,
                                      "Total Cost": 517174.42,
                                      "Plan Rows": 137,
                                      "Plan Width": 41,
                                      "Sort Key": [
                                        "catalog_page.cp_catalog_page_id"
                                      ],
                                      "Plans": [
                                        {
                                          "Node Type": "Hash Join",
                                          "Parent Relationship": "Outer",
                                          "Parallel Aware": false,
                                          "Async Capable": false,
                                          "Join Type": "Inner",
                                          "Startup Cost": 57382.33,
                                          "Total Cost": 517169.21,
                                          "Plan Rows": 137,
                                          "Plan Width": 41,
                                          "Inner Unique": false,
                                          "Hash Cond": "(catalog_sales.cs_catalog_page_sk = catalog_page.cp_catalog_page_sk)",
                                          "Plans": [
                                            {
                                              "Node Type": "Hash Join",
                                              "Parent Relationship": "Outer",
                                              "Parallel Aware": false,
                                              "Async Capable": false,
                                              "Join Type": "Inner",
                                              "Startup Cost": 56864.33,
                                              "Total Cost": 516649.32,
                                              "Plan Rows": 138,
                                              "Plan Width": 28,
                                              "Inner Unique": false,
                                              "Hash Cond": "(catalog_sales.cs_promo_sk = promotion_1.p_promo_sk)",
                                              "Plans": [
                                                {
                                                  "Node Type": "Hash Join",
                                                  "Parent Relationship": "Outer",
                                                  "Parallel Aware": true,
                                                  "Async Capable": false,
                                                  "Join Type": "Inner",
                                                  "Startup Cost": 56838.93,
                                                  "Total Cost": 516622.01,
                                                  "Plan Rows": 141,
                                                  "Plan Width": 32,
                                                  "Inner Unique": false,
                                                  "Hash Cond": "(catalog_sales.cs_item_sk = item_1.i_item_sk)",
                                                  "Plans": [
                                                    {
                                                      "Node Type": "Hash Join",
                                                      "Parent Relationship": "Outer",
                                                      "Parallel Aware": true,
                                                      "Async Capable": false,
                                                      "Join Type": "Left",
                                                      "Startup Cost": 49313.15,
                                                      "Total Cost": 509086.46,
                                                      "Plan Rows": 2450,
                                                      "Plan Width": 36,
                                                      "Inner Unique": false,
                                                      "Hash Cond": "((catalog_sales.cs_item_sk = catalog_returns.cr_item_sk) AND (catalog_sales.cs_order_number = catalog_returns.cr_order_number))",
                                                      "Plans": [
                                                        {
                                                          "Node Type": "Hash Join",
                                                          "Parent Relationship": "Outer",
                                                          "Parallel Aware": true,
                                                          "Async Capable": false,
                                                          "Join Type": "Inner",
                                                          "Startup Cost": 2049.78,
                                                          "Total Cost": 458254.7,
                                                          "Plan Rows": 2450,
                                                          "Plan Width": 28,
                                                          "Inner Unique": false,
                                                          "Hash Cond": "(catalog_sales.cs_sold_date_sk = date_dim_1.d_date_sk)",
                                                          "Plans": [
                                                            {
                                                              "Node Type": "Seq Scan",
                                                              "Parent Relationship": "Outer",
                                                              "Parallel Aware": true,
                                                              "Async Capable": false,
                                                              "Relation Name": "catalog_sales",
                                                              "Alias": "catalog_sales",
                                                              "Startup Cost": 0.0,
                                                              "Total Cost": 433688.25,
                                                              "Plan Rows": 6000525,
                                                              "Plan Width": 32,
                                                              "parent": 34,
                                                              "ID": 35
                                                            },
                                                            {
                                                              "Node Type": "Hash",
                                                              "Parent Relationship": "Inner",
                                                              "Parallel Aware": true,
                                                              "Async Capable": false,
                                                              "Startup Cost": 2049.55,
                                                              "Total Cost": 2049.55,
                                                              "Plan Rows": 18,
                                                              "Plan Width": 4,
                                                              "Plans": [
                                                                {
                                                                  "Node Type": "Seq Scan",
                                                                  "Parent Relationship": "Outer",
                                                                  "Parallel Aware": true,
                                                                  "Async Capable": false,
                                                                  "Relation Name": "date_dim",
                                                                  "Alias": "date_dim_1",
                                                                  "Startup Cost": 0.0,
                                                                  "Total Cost": 2049.55,
                                                                  "Plan Rows": 18,
                                                                  "Plan Width": 4,
                                                                  "Filter": "((d_date >= '1998-08-19'::date) AND (d_date <= '1998-09-18 00:00:00'::timestamp without time zone))",
                                                                  "parent": 36,
                                                                  "ID": 37
                                                                }
                                                              ],
                                                              "parent": 34,
                                                              "ID": 36,
                                                              "left": 37
                                                            }
                                                          ],
                                                          "parent": 33,
                                                          "ID": 34,
                                                          "left": 35,
                                                          "right": 36
                                                        },
                                                        {
                                                          "Node Type": "Hash",
                                                          "Parent Relationship": "Inner",
                                                          "Parallel Aware": true,
                                                          "Async Capable": false,
                                                          "Startup Cost": 34748.95,
                                                          "Total Cost": 34748.95,
                                                          "Plan Rows": 599895,
                                                          "Plan Width": 20,
                                                          "Plans": [
                                                            {
                                                              "Node Type": "Seq Scan",
                                                              "Parent Relationship": "Outer",
                                                              "Parallel Aware": true,
                                                              "Async Capable": false,
                                                              "Relation Name": "catalog_returns",
                                                              "Alias": "catalog_returns",
                                                              "Startup Cost": 0.0,
                                                              "Total Cost": 34748.95,
                                                              "Plan Rows": 599895,
                                                              "Plan Width": 20,
                                                              "parent": 38,
                                                              "ID": 39
                                                            }
                                                          ],
                                                          "parent": 33,
                                                          "ID": 38,
                                                          "left": 39
                                                        }
                                                      ],
                                                      "parent": 32,
                                                      "ID": 33,
                                                      "left": 34,
                                                      "right": 38
                                                    },
                                                    {
                                                      "Node Type": "Hash",
                                                      "Parent Relationship": "Inner",
                                                      "Parallel Aware": true,
                                                      "Async Capable": false,
                                                      "Startup Cost": 7495.25,
                                                      "Total Cost": 7495.25,
                                                      "Plan Rows": 2442,
                                                      "Plan Width": 4,
                                                      "Plans": [
                                                        {
                                                          "Node Type": "Seq Scan",
                                                          "Parent Relationship": "Outer",
                                                          "Parallel Aware": true,
                                                          "Async Capable": false,
                                                          "Relation Name": "item",
                                                          "Alias": "item_1",
                                                          "Startup Cost": 0.0,
                                                          "Total Cost": 7495.25,
                                                          "Plan Rows": 2442,
                                                          "Plan Width": 4,
                                                          "Filter": "(i_current_price > '50'::numeric)",
                                                          "parent": 40,
                                                          "ID": 41
                                                        }
                                                      ],
                                                      "parent": 32,
                                                      "ID": 40,
                                                      "left": 41
                                                    }
                                                  ],
                                                  "parent": 31,
                                                  "ID": 32,
                                                  "left": 33,
                                                  "right": 40
                                                },
                                                {
                                                  "Node Type": "Hash",
                                                  "Parent Relationship": "Inner",
                                                  "Parallel Aware": false,
                                                  "Async Capable": false,
                                                  "Startup Cost": 19.25,
                                                  "Total Cost": 19.25,
                                                  "Plan Rows": 492,
                                                  "Plan Width": 4,
                                                  "Plans": [
                                                    {
                                                      "Node Type": "Seq Scan",
                                                      "Parent Relationship": "Outer",
                                                      "Parallel Aware": false,
                                                      "Async Capable": false,
                                                      "Relation Name": "promotion",
                                                      "Alias": "promotion_1",
                                                      "Startup Cost": 0.0,
                                                      "Total Cost": 19.25,
                                                      "Plan Rows": 492,
                                                      "Plan Width": 4,
                                                      "Filter": "(p_channel_tv = 'N'::bpchar)",
                                                      "parent": 42,
                                                      "ID": 43
                                                    }
                                                  ],
                                                  "parent": 31,
                                                  "ID": 42,
                                                  "left": 43
                                                }
                                              ],
                                              "parent": 30,
                                              "ID": 31,
                                              "left": 32,
                                              "right": 42
                                            },
                                            {
                                              "Node Type": "Hash",
                                              "Parent Relationship": "Inner",
                                              "Parallel Aware": false,
                                              "Async Capable": false,
                                              "Startup Cost": 368.0,
                                              "Total Cost": 368.0,
                                              "Plan Rows": 12000,
                                              "Plan Width": 21,
                                              "Plans": [
                                                {
                                                  "Node Type": "Seq Scan",
                                                  "Parent Relationship": "Outer",
                                                  "Parallel Aware": false,
                                                  "Async Capable": false,
                                                  "Relation Name": "catalog_page",
                                                  "Alias": "catalog_page",
                                                  "Startup Cost": 0.0,
                                                  "Total Cost": 368.0,
                                                  "Plan Rows": 12000,
                                                  "Plan Width": 21,
                                                  "parent": 44,
                                                  "ID": 45
                                                }
                                              ],
                                              "parent": 30,
                                              "ID": 44,
                                              "left": 45
                                            }
                                          ],
                                          "parent": 29,
                                          "ID": 30,
                                          "left": 31,
                                          "right": 44
                                        }
                                      ],
                                      "parent": 28,
                                      "ID": 29,
                                      "left": 30
                                    }
                                  ],
                                  "parent": 27,
                                  "ID": 28,
                                  "left": 29
                                }
                              ],
                              "parent": 26,
                              "ID": 27,
                              "left": 28
                            }
                          ],
                          "parent": 25,
                          "ID": 26,
                          "left": 27
                        }
                      ],
                      "parent": 3,
                      "ID": 25,
                      "left": 26
                    },
                    {
                      "Node Type": "Subquery Scan",
                      "Parent Relationship": "Member",
                      "Parallel Aware": false,
                      "Async Capable": false,
                      "Alias": "wsr",
                      "Startup Cost": 263918.43,
                      "Total Cost": 263926.12,
                      "Plan Rows": 21,
                      "Plan Width": 160,
                      "Plans": [
                        {
                          "Node Type": "Aggregate",
                          "Strategy": "Sorted",
                          "Partial Mode": "Finalize",
                          "Parent Relationship": "Subquery",
                          "Parallel Aware": false,
                          "Async Capable": false,
                          "Startup Cost": 263918.43,
                          "Total Cost": 263925.8,
                          "Plan Rows": 21,
                          "Plan Width": 113,
                          "Group Key": [
                            "web_site.web_site_id"
                          ],
                          "Plans": [
                            {
                              "Node Type": "Gather Merge",
                              "Parent Relationship": "Outer",
                              "Parallel Aware": false,
                              "Async Capable": false,
                              "Startup Cost": 263918.43,
                              "Total Cost": 263924.7,
                              "Plan Rows": 42,
                              "Plan Width": 113,
                              "Workers Planned": 2,
                              "Plans": [
                                {
                                  "Node Type": "Aggregate",
                                  "Strategy": "Sorted",
                                  "Partial Mode": "Partial",
                                  "Parent Relationship": "Outer",
                                  "Parallel Aware": false,
                                  "Async Capable": false,
                                  "Startup Cost": 262918.41,
                                  "Total Cost": 262919.83,
                                  "Plan Rows": 21,
                                  "Plan Width": 113,
                                  "Group Key": [
                                    "web_site.web_site_id"
                                  ],
                                  "Plans": [
                                    {
                                      "Node Type": "Sort",
                                      "Parent Relationship": "Outer",
                                      "Parallel Aware": false,
                                      "Async Capable": false,
                                      "Startup Cost": 262918.41,
                                      "Total Cost": 262918.59,
                                      "Plan Rows": 70,
                                      "Plan Width": 41,
                                      "Sort Key": [
                                        "web_site.web_site_id"
                                      ],
                                      "Plans": [
                                        {
                                          "Node Type": "Hash Join",
                                          "Parent Relationship": "Outer",
                                          "Parallel Aware": false,
                                          "Async Capable": false,
                                          "Join Type": "Inner",
                                          "Startup Cost": 32134.74,
                                          "Total Cost": 262916.27,
                                          "Plan Rows": 70,
                                          "Plan Width": 41,
                                          "Inner Unique": false,
                                          "Hash Cond": "(web_sales.ws_web_site_sk = web_site.web_site_sk)",
                                          "Plans": [
                                            {
                                              "Node Type": "Hash Join",
                                              "Parent Relationship": "Outer",
                                              "Parallel Aware": false,
                                              "Async Capable": false,
                                              "Join Type": "Inner",
                                              "Startup Cost": 32130.8,
                                              "Total Cost": 262911.36,
                                              "Plan Rows": 70,
                                              "Plan Width": 28,
                                              "Inner Unique": false,
                                              "Hash Cond": "(web_sales.ws_promo_sk = promotion_2.p_promo_sk)",
                                              "Plans": [
                                                {
                                                  "Node Type": "Hash Join",
                                                  "Parent Relationship": "Outer",
                                                  "Parallel Aware": true,
                                                  "Async Capable": false,
                                                  "Join Type": "Inner",
                                                  "Startup Cost": 32105.4,
                                                  "Total Cost": 262884.99,
                                                  "Plan Rows": 71,
                                                  "Plan Width": 32,
                                                  "Inner Unique": false,
                                                  "Hash Cond": "(web_sales.ws_item_sk = item_2.i_item_sk)",
                                                  "Plans": [
                                                    {
                                                      "Node Type": "Hash Join",
                                                      "Parent Relationship": "Outer",
                                                      "Parallel Aware": true,
                                                      "Async Capable": false,
                                                      "Join Type": "Left",
                                                      "Startup Cost": 24579.62,
                                                      "Total Cost": 255354.31,
                                                      "Plan Rows": 1231,
                                                      "Plan Width": 36,
                                                      "Inner Unique": false,
                                                      "Hash Cond": "((web_sales.ws_item_sk = web_returns.wr_item_sk) AND (web_sales.ws_order_number = web_returns.wr_order_number))",
                                                      "Plans": [
                                                        {
                                                          "Node Type": "Hash Join",
                                                          "Parent Relationship": "Outer",
                                                          "Parallel Aware": true,
                                                          "Async Capable": false,
                                                          "Join Type": "Inner",
                                                          "Startup Cost": 2049.78,
                                                          "Total Cost": 231041.22,
                                                          "Plan Rows": 1231,
                                                          "Plan Width": 28,
                                                          "Inner Unique": false,
                                                          "Hash Cond": "(web_sales.ws_sold_date_sk = date_dim_2.d_date_sk)",
                                                          "Plans": [
                                                            {
                                                              "Node Type": "Seq Scan",
                                                              "Parent Relationship": "Outer",
                                                              "Parallel Aware": true,
                                                              "Async Capable": false,
                                                              "Relation Name": "web_sales",
                                                              "Alias": "web_sales",
                                                              "Startup Cost": 0.0,
                                                              "Total Cost": 217737.86,
                                                              "Plan Rows": 2998986,
                                                              "Plan Width": 32,
                                                              "parent": 55,
                                                              "ID": 56
                                                            },
                                                            {
                                                              "Node Type": "Hash",
                                                              "Parent Relationship": "Inner",
                                                              "Parallel Aware": true,
                                                              "Async Capable": false,
                                                              "Startup Cost": 2049.55,
                                                              "Total Cost": 2049.55,
                                                              "Plan Rows": 18,
                                                              "Plan Width": 4,
                                                              "Plans": [
                                                                {
                                                                  "Node Type": "Seq Scan",
                                                                  "Parent Relationship": "Outer",
                                                                  "Parallel Aware": true,
                                                                  "Async Capable": false,
                                                                  "Relation Name": "date_dim",
                                                                  "Alias": "date_dim_2",
                                                                  "Startup Cost": 0.0,
                                                                  "Total Cost": 2049.55,
                                                                  "Plan Rows": 18,
                                                                  "Plan Width": 4,
                                                                  "Filter": "((d_date >= '1998-08-19'::date) AND (d_date <= '1998-09-18 00:00:00'::timestamp without time zone))",
                                                                  "parent": 57,
                                                                  "ID": 58
                                                                }
                                                              ],
                                                              "parent": 55,
                                                              "ID": 57,
                                                              "left": 58
                                                            }
                                                          ],
                                                          "parent": 54,
                                                          "ID": 55,
                                                          "left": 56,
                                                          "right": 57
                                                        },
                                                        {
                                                          "Node Type": "Hash",
                                                          "Parent Relationship": "Inner",
                                                          "Parallel Aware": true,
                                                          "Async Capable": false,
                                                          "Startup Cost": 16278.74,
                                                          "Total Cost": 16278.74,
                                                          "Plan Rows": 299674,
                                                          "Plan Width": 20,
                                                          "Plans": [
                                                            {
                                                              "Node Type": "Seq Scan",
                                                              "Parent Relationship": "Outer",
                                                              "Parallel Aware": true,
                                                              "Async Capable": false,
                                                              "Relation Name": "web_returns",
                                                              "Alias": "web_returns",
                                                              "Startup Cost": 0.0,
                                                              "Total Cost": 16278.74,
                                                              "Plan Rows": 299674,
                                                              "Plan Width": 20,
                                                              "parent": 59,
                                                              "ID": 60
                                                            }
                                                          ],
                                                          "parent": 54,
                                                          "ID": 59,
                                                          "left": 60
                                                        }
                                                      ],
                                                      "parent": 53,
                                                      "ID": 54,
                                                      "left": 55,
                                                      "right": 59
                                                    },
                                                    {
                                                      "Node Type": "Hash",
                                                      "Parent Relationship": "Inner",
                                                      "Parallel Aware": true,
                                                      "Async Capable": false,
                                                      "Startup Cost": 7495.25,
                                                      "Total Cost": 7495.25,
                                                      "Plan Rows": 2442,
                                                      "Plan Width": 4,
                                                      "Plans": [
                                                        {
                                                          "Node Type": "Seq Scan",
                                                          "Parent Relationship": "Outer",
                                                          "Parallel Aware": true,
                                                          "Async Capable": false,
                                                          "Relation Name": "item",
                                                          "Alias": "item_2",
                                                          "Startup Cost": 0.0,
                                                          "Total Cost": 7495.25,
                                                          "Plan Rows": 2442,
                                                          "Plan Width": 4,
                                                          "Filter": "(i_current_price > '50'::numeric)",
                                                          "parent": 61,
                                                          "ID": 62
                                                        }
                                                      ],
                                                      "parent": 53,
                                                      "ID": 61,
                                                      "left": 62
                                                    }
                                                  ],
                                                  "parent": 52,
                                                  "ID": 53,
                                                  "left": 54,
                                                  "right": 61
                                                },
                                                {
                                                  "Node Type": "Hash",
                                                  "Parent Relationship": "Inner",
                                                  "Parallel Aware": false,
                                                  "Async Capable": false,
                                                  "Startup Cost": 19.25,
                                                  "Total Cost": 19.25,
                                                  "Plan Rows": 492,
                                                  "Plan Width": 4,
                                                  "Plans": [
                                                    {
                                                      "Node Type": "Seq Scan",
                                                      "Parent Relationship": "Outer",
                                                      "Parallel Aware": false,
                                                      "Async Capable": false,
                                                      "Relation Name": "promotion",
                                                      "Alias": "promotion_2",
                                                      "Startup Cost": 0.0,
                                                      "Total Cost": 19.25,
                                                      "Plan Rows": 492,
                                                      "Plan Width": 4,
                                                      "Filter": "(p_channel_tv = 'N'::bpchar)",
                                                      "parent": 63,
                                                      "ID": 64
                                                    }
                                                  ],
                                                  "parent": 52,
                                                  "ID": 63,
                                                  "left": 64
                                                }
                                              ],
                                              "parent": 51,
                                              "ID": 52,
                                              "left": 53,
                                              "right": 63
                                            },
                                            {
                                              "Node Type": "Hash",
                                              "Parent Relationship": "Inner",
                                              "Parallel Aware": false,
                                              "Async Capable": false,
                                              "Startup Cost": 3.42,
                                              "Total Cost": 3.42,
                                              "Plan Rows": 42,
                                              "Plan Width": 21,
                                              "Plans": [
                                                {
                                                  "Node Type": "Seq Scan",
                                                  "Parent Relationship": "Outer",
                                                  "Parallel Aware": false,
                                                  "Async Capable": false,
                                                  "Relation Name": "web_site",
                                                  "Alias": "web_site",
                                                  "Startup Cost": 0.0,
                                                  "Total Cost": 3.42,
                                                  "Plan Rows": 42,
                                                  "Plan Width": 21,
                                                  "parent": 65,
                                                  "ID": 66
                                                }
                                              ],
                                              "parent": 51,
                                              "ID": 65,
                                              "left": 66
                                            }
                                          ],
                                          "parent": 50,
                                          "ID": 51,
                                          "left": 52,
                                          "right": 65
                                        }
                                      ],
                                      "parent": 49,
                                      "ID": 50,
                                      "left": 51
                                    }
                                  ],
                                  "parent": 48,
                                  "ID": 49,
                                  "left": 50
                                }
                              ],
                              "parent": 47,
                              "ID": 48,
                              "left": 49
                            }
                          ],
                          "parent": 46,
                          "ID": 47,
                          "left": 48
                        }
                      ],
                      "parent": 3,
                      "ID": 46,
                      "left": 47
                    }
                  ],
                  "parent": 2,
                  "ID": 3,
                  "left": 4,
                  "right": 25
                }
              ],
              "parent": 1,
              "ID": 2,
              "left": 3
            }
          ],
          "parent": 0,
          "ID": 1,
          "left": 2
        }
      ],
      "parent": null,
      "ID": 0,
      "left": 1
    },
    "feat": {
      "utility": 2.180818292048628e-06,
      "query_shape": [
        [
          "Seq Scan",
          "Hash Join",
          "Sort",
          "Aggregate",
          "Gather Merge",
          "Subquery Scan",
          "Append"
        ],
        [
          "Seq Scan",
          "Hash",
          "Hash Join",
          "Sort",
          "Aggregate",
          "Gather Merge",
          "Subquery Scan",
          "Append"
        ],
        [
          "Seq Scan",
          "Hash",
          "Hash Join",
          "Sort",
          "Aggregate",
          "Gather Merge",
          "Subquery Scan",
          "Append"
        ],
        [
          "Seq Scan",
          "Hash",
          "Hash Join",
          "Sort",
          "Aggregate",
          "Gather Merge",
          "Subquery Scan",
          "Append"
        ],
        [
          "Seq Scan",
          "Hash",
          "Hash Join",
          "Sort",
          "Aggregate",
          "Gather Merge",
          "Subquery Scan",
          "Append"
        ],
        [
          "Seq Scan",
          "Hash",
          "Hash Join",
          "Sort",
          "Aggregate",
          "Gather Merge",
          "Subquery Scan",
          "Append"
        ],
        [
          "Seq Scan",
          "Hash Join",
          "Sort",
          "Aggregate",
          "Gather Merge",
          "Subquery Scan",
          "Append"
        ],
        [
          "Seq Scan",
          "Hash",
          "Hash Join",
          "Sort",
          "Aggregate",
          "Gather Merge",
          "Subquery Scan",
          "Append"
        ],
        [
          "Seq Scan",
          "Hash",
          "Hash Join",
          "Sort",
          "Aggregate",
          "Gather Merge",
          "Subquery Scan",
          "Append"
        ],
        [
          "Seq Scan",
          "Hash",
          "Hash Join",
          "Sort",
          "Aggregate",
          "Gather Merge",
          "Subquery Scan",
          "Append"
        ],
        [
          "Seq Scan",
          "Hash",
          "Hash Join",
          "Sort",
          "Aggregate",
          "Gather Merge",
          "Subquery Scan",
          "Append"
        ],
        [
          "Seq Scan",
          "Hash",
          "Hash Join",
          "Sort",
          "Aggregate",
          "Gather Merge",
          "Subquery Scan",
          "Append"
        ],
        [
          "Seq Scan",
          "Hash Join",
          "Sort",
          "Aggregate",
          "Gather Merge",
          "Subquery Scan",
          "Append"
        ],
        [
          "Seq Scan",
          "Hash",
          "Hash Join",
          "Sort",
          "Aggregate",
          "Gather Merge",
          "Subquery Scan",
          "Append"
        ],
        [
          "Seq Scan",
          "Hash",
          "Hash Join",
          "Sort",
          "Aggregate",
          "Gather Merge",
          "Subquery Scan",
          "Append"
        ],
        [
          "Seq Scan",
          "Hash",
          "Hash Join",
          "Sort",
          "Aggregate",
          "Gather Merge",
          "Subquery Scan",
          "Append"
        ],
        [
          "Seq Scan",
          "Hash",
          "Hash Join",
          "Sort",
          "Aggregate",
          "Gather Merge",
          "Subquery Scan",
          "Append"
        ],
        [
          "Seq Scan",
          "Hash",
          "Hash Join",
          "Sort",
          "Aggregate",
          "Gather Merge",
          "Subquery Scan",
          "Append"
        ]
      ],
      "index_shape": [
        "join"
      ],
      "physical_operator": {
        "Hash Join": [
          0.0009135700778115242
        ]
      }
    }
  },
  {
    "query": "with ssr as\n (select  s_store_id as store_id,\n          sum(ss_ext_sales_price) as sales,\n          sum(coalesce(sr_return_amt, 0)) as returns,\n          sum(ss_net_profit - coalesce(sr_net_loss, 0)) as profit\n  from store_sales left outer join store_returns on\n         (ss_item_sk = sr_item_sk and ss_ticket_number = sr_ticket_number),\n     date_dim,\n     store,\n     item,\n     promotion\n where ss_sold_date_sk = d_date_sk\n       and d_date between cast('1998-08-19' as date) \n                  and (cast('1998-08-19' as date) +  interval '30 days')\n       and ss_store_sk = s_store_sk\n       and ss_item_sk = i_item_sk\n       and i_current_price > 50\n       and ss_promo_sk = p_promo_sk\n       and p_channel_tv = 'N'\n group by s_store_id)\n ,\n csr as\n (select  cp_catalog_page_id as catalog_page_id,\n          sum(cs_ext_sales_price) as sales,\n          sum(coalesce(cr_return_amount, 0)) as returns,\n          sum(cs_net_profit - coalesce(cr_net_loss, 0)) as profit\n  from catalog_sales left outer join catalog_returns on\n         (cs_item_sk = cr_item_sk and cs_order_number = cr_order_number),\n     date_dim,\n     catalog_page,\n     item,\n     promotion\n where cs_sold_date_sk = d_date_sk\n       and d_date between cast('1998-08-19' as date)\n                  and (cast('1998-08-19' as date) +  interval '30 days')\n        and cs_catalog_page_sk = cp_catalog_page_sk\n       and cs_item_sk = i_item_sk\n       and i_current_price > 50\n       and cs_promo_sk = p_promo_sk\n       and p_channel_tv = 'N'\ngroup by cp_catalog_page_id)\n ,\n wsr as\n (select  web_site_id,\n          sum(ws_ext_sales_price) as sales,\n          sum(coalesce(wr_return_amt, 0)) as returns,\n          sum(ws_net_profit - coalesce(wr_net_loss, 0)) as profit\n  from web_sales left outer join web_returns on\n         (ws_item_sk = wr_item_sk and ws_order_number = wr_order_number),\n     date_dim,\n     web_site,\n     item,\n     promotion\n where ws_sold_date_sk = d_date_sk\n       and d_date between cast('1998-08-19' as date)\n                  and (cast('1998-08-19' as date) +  interval '30 days')\n        and ws_web_site_sk = web_site_sk\n       and ws_item_sk = i_item_sk\n       and i_current_price > 50\n       and ws_promo_sk = p_promo_sk\n       and p_channel_tv = 'N'\ngroup by web_site_id)\n  select  channel\n        , id\n        , sum(sales) as sales\n        , sum(returns) as returns\n        , sum(profit) as profit\n from \n (select 'store channel' as channel\n        , 'store' || store_id as id\n        , sales\n        , returns\n        , profit\n from   ssr\n union all\n select 'catalog channel' as channel\n        , 'catalog_page' || catalog_page_id as id\n        , sales\n        , returns\n        , profit\n from  csr\n union all\n select 'web channel' as channel\n        , 'web_site' || web_site_id as id\n        , sales\n        , returns\n        , profit\n from   wsr\n ) x\n group by rollup (channel, id)\n order by channel\n         ,id\n limit 100;\n\n-- end query 61 in stream 0 using template query80.tpl\n",
    "indexes": "store_returns.sr_return_amt",
    "wo plan est": {
      "Node Type": "Limit",
      "Parallel Aware": false,
      "Async Capable": false,
      "Startup Cost": 1566782.76,
      "Total Cost": 1566786.01,
      "Plan Rows": 100,
      "Plan Width": 160,
      "Plans": [
        {
          "Node Type": "Aggregate",
          "Strategy": "Sorted",
          "Partial Mode": "Simple",
          "Parent Relationship": "Outer",
          "Parallel Aware": false,
          "Async Capable": false,
          "Startup Cost": 1566782.76,
          "Total Cost": 1566795.8,
          "Plan Rows": 401,
          "Plan Width": 160,
          "Grouping Sets": [
            {
              "Group Keys": [
                [
                  "('store channel'::text)",
                  "(('store'::text || (ssr.store_id)::text))"
                ],
                [
                  "('store channel'::text)"
                ],
                []
              ]
            }
          ],
          "Plans": [
            {
              "Node Type": "Sort",
              "Parent Relationship": "Outer",
              "Parallel Aware": false,
              "Async Capable": false,
              "Startup Cost": 1566782.76,
              "Total Cost": 1566783.77,
              "Plan Rows": 401,
              "Plan Width": 160,
              "Sort Key": [
                "('store channel'::text)",
                "(('store'::text || (ssr.store_id)::text))"
              ],
              "Plans": [
                {
                  "Node Type": "Append",
                  "Parent Relationship": "Outer",
                  "Parallel Aware": false,
                  "Async Capable": false,
                  "Startup Cost": 784591.9,
                  "Total Cost": 1566765.43,
                  "Plan Rows": 401,
                  "Plan Width": 160,
                  "Subplans Removed": 0,
                  "Plans": [
                    {
                      "Node Type": "Subquery Scan",
                      "Parent Relationship": "Member",
                      "Parallel Aware": false,
                      "Async Capable": false,
                      "Alias": "ssr",
                      "Startup Cost": 784591.9,
                      "Total Cost": 784611.64,
                      "Plan Rows": 51,
                      "Plan Width": 160,
                      "Plans": [
                        {
                          "Node Type": "Aggregate",
                          "Strategy": "Sorted",
                          "Partial Mode": "Finalize",
                          "Parent Relationship": "Subquery",
                          "Parallel Aware": false,
                          "Async Capable": false,
                          "Startup Cost": 784591.9,
                          "Total Cost": 784610.87,
                          "Plan Rows": 51,
                          "Plan Width": 113,
                          "Group Key": [
                            "store.s_store_id"
                          ],
                          "Plans": [
                            {
                              "Node Type": "Gather Merge",
                              "Parent Relationship": "Outer",
                              "Parallel Aware": false,
                              "Async Capable": false,
                              "Startup Cost": 784591.9,
                              "Total Cost": 784608.2,
                              "Plan Rows": 102,
                              "Plan Width": 113,
                              "Workers Planned": 2,
                              "Plans": [
                                {
                                  "Node Type": "Aggregate",
                                  "Strategy": "Sorted",
                                  "Partial Mode": "Partial",
                                  "Parent Relationship": "Outer",
                                  "Parallel Aware": false,
                                  "Async Capable": false,
                                  "Startup Cost": 783591.88,
                                  "Total Cost": 783596.4,
                                  "Plan Rows": 51,
                                  "Plan Width": 113,
                                  "Group Key": [
                                    "store.s_store_id"
                                  ],
                                  "Plans": [
                                    {
                                      "Node Type": "Sort",
                                      "Parent Relationship": "Outer",
                                      "Parallel Aware": false,
                                      "Async Capable": false,
                                      "Startup Cost": 783591.88,
                                      "Total Cost": 783592.48,
                                      "Plan Rows": 242,
                                      "Plan Width": 41,
                                      "Sort Key": [
                                        "store.s_store_id"
                                      ],
                                      "Plans": [
                                        {
                                          "Node Type": "Hash Join",
                                          "Parent Relationship": "Outer",
                                          "Parallel Aware": false,
                                          "Async Capable": false,
                                          "Join Type": "Inner",
                                          "Startup Cost": 94489.35,
                                          "Total Cost": 783582.3,
                                          "Plan Rows": 242,
                                          "Plan Width": 41,
                                          "Inner Unique": false,
                                          "Hash Cond": "(store_sales.ss_store_sk = store.s_store_sk)",
                                          "Plans": [
                                            {
                                              "Node Type": "Hash Join",
                                              "Parent Relationship": "Outer",
                                              "Parallel Aware": false,
                                              "Async Capable": false,
                                              "Join Type": "Inner",
                                              "Startup Cost": 94482.05,
                                              "Total Cost": 783571.63,
                                              "Plan Rows": 254,
                                              "Plan Width": 28,
                                              "Inner Unique": false,
                                              "Hash Cond": "(store_sales.ss_promo_sk = promotion.p_promo_sk)",
                                              "Plans": [
                                                {
                                                  "Node Type": "Hash Join",
                                                  "Parent Relationship": "Outer",
                                                  "Parallel Aware": true,
                                                  "Async Capable": false,
                                                  "Join Type": "Inner",
                                                  "Startup Cost": 94456.65,
                                                  "Total Cost": 783542.68,
                                                  "Plan Rows": 270,
                                                  "Plan Width": 32,
                                                  "Inner Unique": false,
                                                  "Hash Cond": "(store_sales.ss_item_sk = item.i_item_sk)",
                                                  "Plans": [
                                                    {
                                                      "Node Type": "Hash Join",
                                                      "Parent Relationship": "Outer",
                                                      "Parallel Aware": true,
                                                      "Async Capable": false,
                                                      "Join Type": "Left",
                                                      "Startup Cost": 86930.88,
                                                      "Total Cost": 775998.13,
                                                      "Plan Rows": 4703,
                                                      "Plan Width": 36,
                                                      "Inner Unique": false,
                                                      "Hash Cond": "((store_sales.ss_item_sk = store_returns.sr_item_sk) AND (store_sales.ss_ticket_number = store_returns.sr_ticket_number))",
                                                      "Plans": [
                                                        {
                                                          "Node Type": "Hash Join",
                                                          "Parent Relationship": "Outer",
                                                          "Parallel Aware": true,
                                                          "Async Capable": false,
                                                          "Join Type": "Inner",
                                                          "Startup Cost": 2049.78,
                                                          "Total Cost": 683994.75,
                                                          "Plan Rows": 4703,
                                                          "Plan Width": 28,
                                                          "Inner Unique": false,
                                                          "Hash Cond": "(store_sales.ss_sold_date_sk = date_dim.d_date_sk)",
                                                          "Plans": [
                                                            {
                                                              "Node Type": "Seq Scan",
                                                              "Parent Relationship": "Outer",
                                                              "Parallel Aware": true,
                                                              "Async Capable": false,
                                                              "Relation Name": "store_sales",
                                                              "Alias": "store_sales",
                                                              "Startup Cost": 0.0,
                                                              "Total Cost": 636914.37,
                                                              "Plan Rows": 12000637,
                                                              "Plan Width": 32,
                                                              "parent": 13,
                                                              "ID": 14
                                                            },
                                                            {
                                                              "Node Type": "Hash",
                                                              "Parent Relationship": "Inner",
                                                              "Parallel Aware": true,
                                                              "Async Capable": false,
                                                              "Startup Cost": 2049.55,
                                                              "Total Cost": 2049.55,
                                                              "Plan Rows": 18,
                                                              "Plan Width": 4,
                                                              "Plans": [
                                                                {
                                                                  "Node Type": "Seq Scan",
                                                                  "Parent Relationship": "Outer",
                                                                  "Parallel Aware": true,
                                                                  "Async Capable": false,
                                                                  "Relation Name": "date_dim",
                                                                  "Alias": "date_dim",
                                                                  "Startup Cost": 0.0,
                                                                  "Total Cost": 2049.55,
                                                                  "Plan Rows": 18,
                                                                  "Plan Width": 4,
                                                                  "Filter": "((d_date >= '1998-08-19'::date) AND (d_date <= '1998-09-18 00:00:00'::timestamp without time zone))",
                                                                  "parent": 15,
                                                                  "ID": 16
                                                                }
                                                              ],
                                                              "parent": 13,
                                                              "ID": 15,
                                                              "left": 16
                                                            }
                                                          ],
                                                          "parent": 12,
                                                          "ID": 13,
                                                          "left": 14,
                                                          "right": 15
                                                        },
                                                        {
                                                          "Node Type": "Hash",
                                                          "Parent Relationship": "Inner",
                                                          "Parallel Aware": true,
                                                          "Async Capable": false,
                                                          "Startup Cost": 59887.64,
                                                          "Total Cost": 59887.64,
                                                          "Plan Rows": 1198164,
                                                          "Plan Width": 20,
                                                          "Plans": [
                                                            {
                                                              "Node Type": "Seq Scan",
                                                              "Parent Relationship": "Outer",
                                                              "Parallel Aware": true,
                                                              "Async Capable": false,
                                                              "Relation Name": "store_returns",
                                                              "Alias": "store_returns",
                                                              "Startup Cost": 0.0,
                                                              "Total Cost": 59887.64,
                                                              "Plan Rows": 1198164,
                                                              "Plan Width": 20,
                                                              "parent": 17,
                                                              "ID": 18
                                                            }
                                                          ],
                                                          "parent": 12,
                                                          "ID": 17,
                                                          "left": 18
                                                        }
                                                      ],
                                                      "parent": 11,
                                                      "ID": 12,
                                                      "left": 13,
                                                      "right": 17
                                                    },
                                                    {
                                                      "Node Type": "Hash",
                                                      "Parent Relationship": "Inner",
                                                      "Parallel Aware": true,
                                                      "Async Capable": false,
                                                      "Startup Cost": 7495.25,
                                                      "Total Cost": 7495.25,
                                                      "Plan Rows": 2442,
                                                      "Plan Width": 4,
                                                      "Plans": [
                                                        {
                                                          "Node Type": "Seq Scan",
                                                          "Parent Relationship": "Outer",
                                                          "Parallel Aware": true,
                                                          "Async Capable": false,
                                                          "Relation Name": "item",
                                                          "Alias": "item",
                                                          "Startup Cost": 0.0,
                                                          "Total Cost": 7495.25,
                                                          "Plan Rows": 2442,
                                                          "Plan Width": 4,
                                                          "Filter": "(i_current_price > '50'::numeric)",
                                                          "parent": 19,
                                                          "ID": 20
                                                        }
                                                      ],
                                                      "parent": 11,
                                                      "ID": 19,
                                                      "left": 20
                                                    }
                                                  ],
                                                  "parent": 10,
                                                  "ID": 11,
                                                  "left": 12,
                                                  "right": 19
                                                },
                                                {
                                                  "Node Type": "Hash",
                                                  "Parent Relationship": "Inner",
                                                  "Parallel Aware": false,
                                                  "Async Capable": false,
                                                  "Startup Cost": 19.25,
                                                  "Total Cost": 19.25,
                                                  "Plan Rows": 492,
                                                  "Plan Width": 4,
                                                  "Plans": [
                                                    {
                                                      "Node Type": "Seq Scan",
                                                      "Parent Relationship": "Outer",
                                                      "Parallel Aware": false,
                                                      "Async Capable": false,
                                                      "Relation Name": "promotion",
                                                      "Alias": "promotion",
                                                      "Startup Cost": 0.0,
                                                      "Total Cost": 19.25,
                                                      "Plan Rows": 492,
                                                      "Plan Width": 4,
                                                      "Filter": "(p_channel_tv = 'N'::bpchar)",
                                                      "parent": 21,
                                                      "ID": 22
                                                    }
                                                  ],
                                                  "parent": 10,
                                                  "ID": 21,
                                                  "left": 22
                                                }
                                              ],
                                              "parent": 9,
                                              "ID": 10,
                                              "left": 11,
                                              "right": 21
                                            },
                                            {
                                              "Node Type": "Hash",
                                              "Parent Relationship": "Inner",
                                              "Parallel Aware": false,
                                              "Async Capable": false,
                                              "Startup Cost": 6.02,
                                              "Total Cost": 6.02,
                                              "Plan Rows": 102,
                                              "Plan Width": 21,
                                              "Plans": [
                                                {
                                                  "Node Type": "Seq Scan",
                                                  "Parent Relationship": "Outer",
                                                  "Parallel Aware": false,
                                                  "Async Capable": false,
                                                  "Relation Name": "store",
                                                  "Alias": "store",
                                                  "Startup Cost": 0.0,
                                                  "Total Cost": 6.02,
                                                  "Plan Rows": 102,
                                                  "Plan Width": 21,
                                                  "parent": 23,
                                                  "ID": 24
                                                }
                                              ],
                                              "parent": 9,
                                              "ID": 23,
                                              "left": 24
                                            }
                                          ],
                                          "parent": 8,
                                          "ID": 9,
                                          "left": 10,
                                          "right": 23
                                        }
                                      ],
                                      "parent": 7,
                                      "ID": 8,
                                      "left": 9
                                    }
                                  ],
                                  "parent": 6,
                                  "ID": 7,
                                  "left": 8
                                }
                              ],
                              "parent": 5,
                              "ID": 6,
                              "left": 7
                            }
                          ],
                          "parent": 4,
                          "ID": 5,
                          "left": 6
                        }
                      ],
                      "parent": 3,
                      "ID": 4,
                      "left": 5
                    },
                    {
                      "Node Type": "Subquery Scan",
                      "Parent Relationship": "Member",
                      "Parallel Aware": false,
                      "Async Capable": false,
                      "Alias": "csr",
                      "Startup Cost": 518174.1,
                      "Total Cost": 518225.66,
                      "Plan Rows": 329,
                      "Plan Width": 160,
                      "Plans": [
                        {
                          "Node Type": "Aggregate",
                          "Strategy": "Sorted",
                          "Partial Mode": "Finalize",
                          "Parent Relationship": "Subquery",
                          "Parallel Aware": false,
                          "Async Capable": false,
                          "Startup Cost": 518174.1,
                          "Total Cost": 518220.73,
                          "Plan Rows": 329,
                          "Plan Width": 113,
                          "Group Key": [
                            "catalog_page.cp_catalog_page_id"
                          ],
                          "Plans": [
                            {
                              "Node Type": "Gather Merge",
                              "Parent Relationship": "Outer",
                              "Parallel Aware": false,
                              "Async Capable": false,
                              "Startup Cost": 518174.1,
                              "Total Cost": 518210.18,
                              "Plan Rows": 274,
                              "Plan Width": 113,
                              "Workers Planned": 2,
                              "Plans": [
                                {
                                  "Node Type": "Aggregate",
                                  "Strategy": "Sorted",
                                  "Partial Mode": "Partial",
                                  "Parent Relationship": "Outer",
                                  "Parallel Aware": false,
                                  "Async Capable": false,
                                  "Startup Cost": 517174.07,
                                  "Total Cost": 517178.53,
                                  "Plan Rows": 137,
                                  "Plan Width": 113,
                                  "Group Key": [
                                    "catalog_page.cp_catalog_page_id"
                                  ],
                                  "Plans": [
                                    {
                                      "Node Type": "Sort",
                                      "Parent Relationship": "Outer",
                                      "Parallel Aware": false,
                                      "Async Capable": false,
                                      "Startup Cost": 517174.07,
                                      "Total Cost": 517174.42,
                                      "Plan Rows": 137,
                                      "Plan Width": 41,
                                      "Sort Key": [
                                        "catalog_page.cp_catalog_page_id"
                                      ],
                                      "Plans": [
                                        {
                                          "Node Type": "Hash Join",
                                          "Parent Relationship": "Outer",
                                          "Parallel Aware": false,
                                          "Async Capable": false,
                                          "Join Type": "Inner",
                                          "Startup Cost": 57382.33,
                                          "Total Cost": 517169.21,
                                          "Plan Rows": 137,
                                          "Plan Width": 41,
                                          "Inner Unique": false,
                                          "Hash Cond": "(catalog_sales.cs_catalog_page_sk = catalog_page.cp_catalog_page_sk)",
                                          "Plans": [
                                            {
                                              "Node Type": "Hash Join",
                                              "Parent Relationship": "Outer",
                                              "Parallel Aware": false,
                                              "Async Capable": false,
                                              "Join Type": "Inner",
                                              "Startup Cost": 56864.33,
                                              "Total Cost": 516649.32,
                                              "Plan Rows": 138,
                                              "Plan Width": 28,
                                              "Inner Unique": false,
                                              "Hash Cond": "(catalog_sales.cs_promo_sk = promotion_1.p_promo_sk)",
                                              "Plans": [
                                                {
                                                  "Node Type": "Hash Join",
                                                  "Parent Relationship": "Outer",
                                                  "Parallel Aware": true,
                                                  "Async Capable": false,
                                                  "Join Type": "Inner",
                                                  "Startup Cost": 56838.93,
                                                  "Total Cost": 516622.01,
                                                  "Plan Rows": 141,
                                                  "Plan Width": 32,
                                                  "Inner Unique": false,
                                                  "Hash Cond": "(catalog_sales.cs_item_sk = item_1.i_item_sk)",
                                                  "Plans": [
                                                    {
                                                      "Node Type": "Hash Join",
                                                      "Parent Relationship": "Outer",
                                                      "Parallel Aware": true,
                                                      "Async Capable": false,
                                                      "Join Type": "Left",
                                                      "Startup Cost": 49313.15,
                                                      "Total Cost": 509086.46,
                                                      "Plan Rows": 2450,
                                                      "Plan Width": 36,
                                                      "Inner Unique": false,
                                                      "Hash Cond": "((catalog_sales.cs_item_sk = catalog_returns.cr_item_sk) AND (catalog_sales.cs_order_number = catalog_returns.cr_order_number))",
                                                      "Plans": [
                                                        {
                                                          "Node Type": "Hash Join",
                                                          "Parent Relationship": "Outer",
                                                          "Parallel Aware": true,
                                                          "Async Capable": false,
                                                          "Join Type": "Inner",
                                                          "Startup Cost": 2049.78,
                                                          "Total Cost": 458254.7,
                                                          "Plan Rows": 2450,
                                                          "Plan Width": 28,
                                                          "Inner Unique": false,
                                                          "Hash Cond": "(catalog_sales.cs_sold_date_sk = date_dim_1.d_date_sk)",
                                                          "Plans": [
                                                            {
                                                              "Node Type": "Seq Scan",
                                                              "Parent Relationship": "Outer",
                                                              "Parallel Aware": true,
                                                              "Async Capable": false,
                                                              "Relation Name": "catalog_sales",
                                                              "Alias": "catalog_sales",
                                                              "Startup Cost": 0.0,
                                                              "Total Cost": 433688.25,
                                                              "Plan Rows": 6000525,
                                                              "Plan Width": 32,
                                                              "parent": 34,
                                                              "ID": 35
                                                            },
                                                            {
                                                              "Node Type": "Hash",
                                                              "Parent Relationship": "Inner",
                                                              "Parallel Aware": true,
                                                              "Async Capable": false,
                                                              "Startup Cost": 2049.55,
                                                              "Total Cost": 2049.55,
                                                              "Plan Rows": 18,
                                                              "Plan Width": 4,
                                                              "Plans": [
                                                                {
                                                                  "Node Type": "Seq Scan",
                                                                  "Parent Relationship": "Outer",
                                                                  "Parallel Aware": true,
                                                                  "Async Capable": false,
                                                                  "Relation Name": "date_dim",
                                                                  "Alias": "date_dim_1",
                                                                  "Startup Cost": 0.0,
                                                                  "Total Cost": 2049.55,
                                                                  "Plan Rows": 18,
                                                                  "Plan Width": 4,
                                                                  "Filter": "((d_date >= '1998-08-19'::date) AND (d_date <= '1998-09-18 00:00:00'::timestamp without time zone))",
                                                                  "parent": 36,
                                                                  "ID": 37
                                                                }
                                                              ],
                                                              "parent": 34,
                                                              "ID": 36,
                                                              "left": 37
                                                            }
                                                          ],
                                                          "parent": 33,
                                                          "ID": 34,
                                                          "left": 35,
                                                          "right": 36
                                                        },
                                                        {
                                                          "Node Type": "Hash",
                                                          "Parent Relationship": "Inner",
                                                          "Parallel Aware": true,
                                                          "Async Capable": false,
                                                          "Startup Cost": 34748.95,
                                                          "Total Cost": 34748.95,
                                                          "Plan Rows": 599895,
                                                          "Plan Width": 20,
                                                          "Plans": [
                                                            {
                                                              "Node Type": "Seq Scan",
                                                              "Parent Relationship": "Outer",
                                                              "Parallel Aware": true,
                                                              "Async Capable": false,
                                                              "Relation Name": "catalog_returns",
                                                              "Alias": "catalog_returns",
                                                              "Startup Cost": 0.0,
                                                              "Total Cost": 34748.95,
                                                              "Plan Rows": 599895,
                                                              "Plan Width": 20,
                                                              "parent": 38,
                                                              "ID": 39
                                                            }
                                                          ],
                                                          "parent": 33,
                                                          "ID": 38,
                                                          "left": 39
                                                        }
                                                      ],
                                                      "parent": 32,
                                                      "ID": 33,
                                                      "left": 34,
                                                      "right": 38
                                                    },
                                                    {
                                                      "Node Type": "Hash",
                                                      "Parent Relationship": "Inner",
                                                      "Parallel Aware": true,
                                                      "Async Capable": false,
                                                      "Startup Cost": 7495.25,
                                                      "Total Cost": 7495.25,
                                                      "Plan Rows": 2442,
                                                      "Plan Width": 4,
                                                      "Plans": [
                                                        {
                                                          "Node Type": "Seq Scan",
                                                          "Parent Relationship": "Outer",
                                                          "Parallel Aware": true,
                                                          "Async Capable": false,
                                                          "Relation Name": "item",
                                                          "Alias": "item_1",
                                                          "Startup Cost": 0.0,
                                                          "Total Cost": 7495.25,
                                                          "Plan Rows": 2442,
                                                          "Plan Width": 4,
                                                          "Filter": "(i_current_price > '50'::numeric)",
                                                          "parent": 40,
                                                          "ID": 41
                                                        }
                                                      ],
                                                      "parent": 32,
                                                      "ID": 40,
                                                      "left": 41
                                                    }
                                                  ],
                                                  "parent": 31,
                                                  "ID": 32,
                                                  "left": 33,
                                                  "right": 40
                                                },
                                                {
                                                  "Node Type": "Hash",
                                                  "Parent Relationship": "Inner",
                                                  "Parallel Aware": false,
                                                  "Async Capable": false,
                                                  "Startup Cost": 19.25,
                                                  "Total Cost": 19.25,
                                                  "Plan Rows": 492,
                                                  "Plan Width": 4,
                                                  "Plans": [
                                                    {
                                                      "Node Type": "Seq Scan",
                                                      "Parent Relationship": "Outer",
                                                      "Parallel Aware": false,
                                                      "Async Capable": false,
                                                      "Relation Name": "promotion",
                                                      "Alias": "promotion_1",
                                                      "Startup Cost": 0.0,
                                                      "Total Cost": 19.25,
                                                      "Plan Rows": 492,
                                                      "Plan Width": 4,
                                                      "Filter": "(p_channel_tv = 'N'::bpchar)",
                                                      "parent": 42,
                                                      "ID": 43
                                                    }
                                                  ],
                                                  "parent": 31,
                                                  "ID": 42,
                                                  "left": 43
                                                }
                                              ],
                                              "parent": 30,
                                              "ID": 31,
                                              "left": 32,
                                              "right": 42
                                            },
                                            {
                                              "Node Type": "Hash",
                                              "Parent Relationship": "Inner",
                                              "Parallel Aware": false,
                                              "Async Capable": false,
                                              "Startup Cost": 368.0,
                                              "Total Cost": 368.0,
                                              "Plan Rows": 12000,
                                              "Plan Width": 21,
                                              "Plans": [
                                                {
                                                  "Node Type": "Seq Scan",
                                                  "Parent Relationship": "Outer",
                                                  "Parallel Aware": false,
                                                  "Async Capable": false,
                                                  "Relation Name": "catalog_page",
                                                  "Alias": "catalog_page",
                                                  "Startup Cost": 0.0,
                                                  "Total Cost": 368.0,
                                                  "Plan Rows": 12000,
                                                  "Plan Width": 21,
                                                  "parent": 44,
                                                  "ID": 45
                                                }
                                              ],
                                              "parent": 30,
                                              "ID": 44,
                                              "left": 45
                                            }
                                          ],
                                          "parent": 29,
                                          "ID": 30,
                                          "left": 31,
                                          "right": 44
                                        }
                                      ],
                                      "parent": 28,
                                      "ID": 29,
                                      "left": 30
                                    }
                                  ],
                                  "parent": 27,
                                  "ID": 28,
                                  "left": 29
                                }
                              ],
                              "parent": 26,
                              "ID": 27,
                              "left": 28
                            }
                          ],
                          "parent": 25,
                          "ID": 26,
                          "left": 27
                        }
                      ],
                      "parent": 3,
                      "ID": 25,
                      "left": 26
                    },
                    {
                      "Node Type": "Subquery Scan",
                      "Parent Relationship": "Member",
                      "Parallel Aware": false,
                      "Async Capable": false,
                      "Alias": "wsr",
                      "Startup Cost": 263918.43,
                      "Total Cost": 263926.12,
                      "Plan Rows": 21,
                      "Plan Width": 160,
                      "Plans": [
                        {
                          "Node Type": "Aggregate",
                          "Strategy": "Sorted",
                          "Partial Mode": "Finalize",
                          "Parent Relationship": "Subquery",
                          "Parallel Aware": false,
                          "Async Capable": false,
                          "Startup Cost": 263918.43,
                          "Total Cost": 263925.8,
                          "Plan Rows": 21,
                          "Plan Width": 113,
                          "Group Key": [
                            "web_site.web_site_id"
                          ],
                          "Plans": [
                            {
                              "Node Type": "Gather Merge",
                              "Parent Relationship": "Outer",
                              "Parallel Aware": false,
                              "Async Capable": false,
                              "Startup Cost": 263918.43,
                              "Total Cost": 263924.7,
                              "Plan Rows": 42,
                              "Plan Width": 113,
                              "Workers Planned": 2,
                              "Plans": [
                                {
                                  "Node Type": "Aggregate",
                                  "Strategy": "Sorted",
                                  "Partial Mode": "Partial",
                                  "Parent Relationship": "Outer",
                                  "Parallel Aware": false,
                                  "Async Capable": false,
                                  "Startup Cost": 262918.41,
                                  "Total Cost": 262919.83,
                                  "Plan Rows": 21,
                                  "Plan Width": 113,
                                  "Group Key": [
                                    "web_site.web_site_id"
                                  ],
                                  "Plans": [
                                    {
                                      "Node Type": "Sort",
                                      "Parent Relationship": "Outer",
                                      "Parallel Aware": false,
                                      "Async Capable": false,
                                      "Startup Cost": 262918.41,
                                      "Total Cost": 262918.59,
                                      "Plan Rows": 70,
                                      "Plan Width": 41,
                                      "Sort Key": [
                                        "web_site.web_site_id"
                                      ],
                                      "Plans": [
                                        {
                                          "Node Type": "Hash Join",
                                          "Parent Relationship": "Outer",
                                          "Parallel Aware": false,
                                          "Async Capable": false,
                                          "Join Type": "Inner",
                                          "Startup Cost": 32134.74,
                                          "Total Cost": 262916.27,
                                          "Plan Rows": 70,
                                          "Plan Width": 41,
                                          "Inner Unique": false,
                                          "Hash Cond": "(web_sales.ws_web_site_sk = web_site.web_site_sk)",
                                          "Plans": [
                                            {
                                              "Node Type": "Hash Join",
                                              "Parent Relationship": "Outer",
                                              "Parallel Aware": false,
                                              "Async Capable": false,
                                              "Join Type": "Inner",
                                              "Startup Cost": 32130.8,
                                              "Total Cost": 262911.36,
                                              "Plan Rows": 70,
                                              "Plan Width": 28,
                                              "Inner Unique": false,
                                              "Hash Cond": "(web_sales.ws_promo_sk = promotion_2.p_promo_sk)",
                                              "Plans": [
                                                {
                                                  "Node Type": "Hash Join",
                                                  "Parent Relationship": "Outer",
                                                  "Parallel Aware": true,
                                                  "Async Capable": false,
                                                  "Join Type": "Inner",
                                                  "Startup Cost": 32105.4,
                                                  "Total Cost": 262884.99,
                                                  "Plan Rows": 71,
                                                  "Plan Width": 32,
                                                  "Inner Unique": false,
                                                  "Hash Cond": "(web_sales.ws_item_sk = item_2.i_item_sk)",
                                                  "Plans": [
                                                    {
                                                      "Node Type": "Hash Join",
                                                      "Parent Relationship": "Outer",
                                                      "Parallel Aware": true,
                                                      "Async Capable": false,
                                                      "Join Type": "Left",
                                                      "Startup Cost": 24579.62,
                                                      "Total Cost": 255354.31,
                                                      "Plan Rows": 1231,
                                                      "Plan Width": 36,
                                                      "Inner Unique": false,
                                                      "Hash Cond": "((web_sales.ws_item_sk = web_returns.wr_item_sk) AND (web_sales.ws_order_number = web_returns.wr_order_number))",
                                                      "Plans": [
                                                        {
                                                          "Node Type": "Hash Join",
                                                          "Parent Relationship": "Outer",
                                                          "Parallel Aware": true,
                                                          "Async Capable": false,
                                                          "Join Type": "Inner",
                                                          "Startup Cost": 2049.78,
                                                          "Total Cost": 231041.22,
                                                          "Plan Rows": 1231,
                                                          "Plan Width": 28,
                                                          "Inner Unique": false,
                                                          "Hash Cond": "(web_sales.ws_sold_date_sk = date_dim_2.d_date_sk)",
                                                          "Plans": [
                                                            {
                                                              "Node Type": "Seq Scan",
                                                              "Parent Relationship": "Outer",
                                                              "Parallel Aware": true,
                                                              "Async Capable": false,
                                                              "Relation Name": "web_sales",
                                                              "Alias": "web_sales",
                                                              "Startup Cost": 0.0,
                                                              "Total Cost": 217737.86,
                                                              "Plan Rows": 2998986,
                                                              "Plan Width": 32,
                                                              "parent": 55,
                                                              "ID": 56
                                                            },
                                                            {
                                                              "Node Type": "Hash",
                                                              "Parent Relationship": "Inner",
                                                              "Parallel Aware": true,
                                                              "Async Capable": false,
                                                              "Startup Cost": 2049.55,
                                                              "Total Cost": 2049.55,
                                                              "Plan Rows": 18,
                                                              "Plan Width": 4,
                                                              "Plans": [
                                                                {
                                                                  "Node Type": "Seq Scan",
                                                                  "Parent Relationship": "Outer",
                                                                  "Parallel Aware": true,
                                                                  "Async Capable": false,
                                                                  "Relation Name": "date_dim",
                                                                  "Alias": "date_dim_2",
                                                                  "Startup Cost": 0.0,
                                                                  "Total Cost": 2049.55,
                                                                  "Plan Rows": 18,
                                                                  "Plan Width": 4,
                                                                  "Filter": "((d_date >= '1998-08-19'::date) AND (d_date <= '1998-09-18 00:00:00'::timestamp without time zone))",
                                                                  "parent": 57,
                                                                  "ID": 58
                                                                }
                                                              ],
                                                              "parent": 55,
                                                              "ID": 57,
                                                              "left": 58
                                                            }
                                                          ],
                                                          "parent": 54,
                                                          "ID": 55,
                                                          "left": 56,
                                                          "right": 57
                                                        },
                                                        {
                                                          "Node Type": "Hash",
                                                          "Parent Relationship": "Inner",
                                                          "Parallel Aware": true,
                                                          "Async Capable": false,
                                                          "Startup Cost": 16278.74,
                                                          "Total Cost": 16278.74,
                                                          "Plan Rows": 299674,
                                                          "Plan Width": 20,
                                                          "Plans": [
                                                            {
                                                              "Node Type": "Seq Scan",
                                                              "Parent Relationship": "Outer",
                                                              "Parallel Aware": true,
                                                              "Async Capable": false,
                                                              "Relation Name": "web_returns",
                                                              "Alias": "web_returns",
                                                              "Startup Cost": 0.0,
                                                              "Total Cost": 16278.74,
                                                              "Plan Rows": 299674,
                                                              "Plan Width": 20,
                                                              "parent": 59,
                                                              "ID": 60
                                                            }
                                                          ],
                                                          "parent": 54,
                                                          "ID": 59,
                                                          "left": 60
                                                        }
                                                      ],
                                                      "parent": 53,
                                                      "ID": 54,
                                                      "left": 55,
                                                      "right": 59
                                                    },
                                                    {
                                                      "Node Type": "Hash",
                                                      "Parent Relationship": "Inner",
                                                      "Parallel Aware": true,
                                                      "Async Capable": false,
                                                      "Startup Cost": 7495.25,
                                                      "Total Cost": 7495.25,
                                                      "Plan Rows": 2442,
                                                      "Plan Width": 4,
                                                      "Plans": [
                                                        {
                                                          "Node Type": "Seq Scan",
                                                          "Parent Relationship": "Outer",
                                                          "Parallel Aware": true,
                                                          "Async Capable": false,
                                                          "Relation Name": "item",
                                                          "Alias": "item_2",
                                                          "Startup Cost": 0.0,
                                                          "Total Cost": 7495.25,
                                                          "Plan Rows": 2442,
                                                          "Plan Width": 4,
                                                          "Filter": "(i_current_price > '50'::numeric)",
                                                          "parent": 61,
                                                          "ID": 62
                                                        }
                                                      ],
                                                      "parent": 53,
                                                      "ID": 61,
                                                      "left": 62
                                                    }
                                                  ],
                                                  "parent": 52,
                                                  "ID": 53,
                                                  "left": 54,
                                                  "right": 61
                                                },
                                                {
                                                  "Node Type": "Hash",
                                                  "Parent Relationship": "Inner",
                                                  "Parallel Aware": false,
                                                  "Async Capable": false,
                                                  "Startup Cost": 19.25,
                                                  "Total Cost": 19.25,
                                                  "Plan Rows": 492,
                                                  "Plan Width": 4,
                                                  "Plans": [
                                                    {
                                                      "Node Type": "Seq Scan",
                                                      "Parent Relationship": "Outer",
                                                      "Parallel Aware": false,
                                                      "Async Capable": false,
                                                      "Relation Name": "promotion",
                                                      "Alias": "promotion_2",
                                                      "Startup Cost": 0.0,
                                                      "Total Cost": 19.25,
                                                      "Plan Rows": 492,
                                                      "Plan Width": 4,
                                                      "Filter": "(p_channel_tv = 'N'::bpchar)",
                                                      "parent": 63,
                                                      "ID": 64
                                                    }
                                                  ],
                                                  "parent": 52,
                                                  "ID": 63,
                                                  "left": 64
                                                }
                                              ],
                                              "parent": 51,
                                              "ID": 52,
                                              "left": 53,
                                              "right": 63
                                            },
                                            {
                                              "Node Type": "Hash",
                                              "Parent Relationship": "Inner",
                                              "Parallel Aware": false,
                                              "Async Capable": false,
                                              "Startup Cost": 3.42,
                                              "Total Cost": 3.42,
                                              "Plan Rows": 42,
                                              "Plan Width": 21,
                                              "Plans": [
                                                {
                                                  "Node Type": "Seq Scan",
                                                  "Parent Relationship": "Outer",
                                                  "Parallel Aware": false,
                                                  "Async Capable": false,
                                                  "Relation Name": "web_site",
                                                  "Alias": "web_site",
                                                  "Startup Cost": 0.0,
                                                  "Total Cost": 3.42,
                                                  "Plan Rows": 42,
                                                  "Plan Width": 21,
                                                  "parent": 65,
                                                  "ID": 66
                                                }
                                              ],
                                              "parent": 51,
                                              "ID": 65,
                                              "left": 66
                                            }
                                          ],
                                          "parent": 50,
                                          "ID": 51,
                                          "left": 52,
                                          "right": 65
                                        }
                                      ],
                                      "parent": 49,
                                      "ID": 50,
                                      "left": 51
                                    }
                                  ],
                                  "parent": 48,
                                  "ID": 49,
                                  "left": 50
                                }
                              ],
                              "parent": 47,
                              "ID": 48,
                              "left": 49
                            }
                          ],
                          "parent": 46,
                          "ID": 47,
                          "left": 48
                        }
                      ],
                      "parent": 3,
                      "ID": 46,
                      "left": 47
                    }
                  ],
                  "parent": 2,
                  "ID": 3,
                  "left": 4,
                  "right": 25
                }
              ],
              "parent": 1,
              "ID": 2,
              "left": 3
            }
          ],
          "parent": 0,
          "ID": 1,
          "left": 2
        }
      ],
      "parent": null,
      "ID": 0,
      "left": 1
    },
    "feat": {
      "utility": 0.0,
      "query_shape": [
        [
          "Seq Scan",
          "Hash Join",
          "Sort",
          "Aggregate",
          "Gather Merge",
          "Subquery Scan",
          "Append"
        ],
        [
          "Seq Scan",
          "Hash",
          "Hash Join",
          "Sort",
          "Aggregate",
          "Gather Merge",
          "Subquery Scan",
          "Append"
        ],
        [
          "Seq Scan",
          "Hash",
          "Hash Join",
          "Sort",
          "Aggregate",
          "Gather Merge",
          "Subquery Scan",
          "Append"
        ],
        [
          "Seq Scan",
          "Hash",
          "Hash Join",
          "Sort",
          "Aggregate",
          "Gather Merge",
          "Subquery Scan",
          "Append"
        ],
        [
          "Seq Scan",
          "Hash",
          "Hash Join",
          "Sort",
          "Aggregate",
          "Gather Merge",
          "Subquery Scan",
          "Append"
        ],
        [
          "Seq Scan",
          "Hash",
          "Hash Join",
          "Sort",
          "Aggregate",
          "Gather Merge",
          "Subquery Scan",
          "Append"
        ],
        [
          "Seq Scan",
          "Hash Join",
          "Sort",
          "Aggregate",
          "Gather Merge",
          "Subquery Scan",
          "Append"
        ],
        [
          "Seq Scan",
          "Hash",
          "Hash Join",
          "Sort",
          "Aggregate",
          "Gather Merge",
          "Subquery Scan",
          "Append"
        ],
        [
          "Seq Scan",
          "Hash",
          "Hash Join",
          "Sort",
          "Aggregate",
          "Gather Merge",
          "Subquery Scan",
          "Append"
        ],
        [
          "Seq Scan",
          "Hash",
          "Hash Join",
          "Sort",
          "Aggregate",
          "Gather Merge",
          "Subquery Scan",
          "Append"
        ],
        [
          "Seq Scan",
          "Hash",
          "Hash Join",
          "Sort",
          "Aggregate",
          "Gather Merge",
          "Subquery Scan",
          "Append"
        ],
        [
          "Seq Scan",
          "Hash",
          "Hash Join",
          "Sort",
          "Aggregate",
          "Gather Merge",
          "Subquery Scan",
          "Append"
        ],
        [
          "Seq Scan",
          "Hash Join",
          "Sort",
          "Aggregate",
          "Gather Merge",
          "Subquery Scan",
          "Append"
        ],
        [
          "Seq Scan",
          "Hash",
          "Hash Join",
          "Sort",
          "Aggregate",
          "Gather Merge",
          "Subquery Scan",
          "Append"
        ],
        [
          "Seq Scan",
          "Hash",
          "Hash Join",
          "Sort",
          "Aggregate",
          "Gather Merge",
          "Subquery Scan",
          "Append"
        ],
        [
          "Seq Scan",
          "Hash",
          "Hash Join",
          "Sort",
          "Aggregate",
          "Gather Merge",
          "Subquery Scan",
          "Append"
        ],
        [
          "Seq Scan",
          "Hash",
          "Hash Join",
          "Sort",
          "Aggregate",
          "Gather Merge",
          "Subquery Scan",
          "Append"
        ],
        [
          "Seq Scan",
          "Hash",
          "Hash Join",
          "Sort",
          "Aggregate",
          "Gather Merge",
          "Subquery Scan",
          "Append"
        ]
      ],
      "index_shape": [],
      "physical_operator": {}
    }
  },
  {
    "query": "with ssr as\n (select  s_store_id as store_id,\n          sum(ss_ext_sales_price) as sales,\n          sum(coalesce(sr_return_amt, 0)) as returns,\n          sum(ss_net_profit - coalesce(sr_net_loss, 0)) as profit\n  from store_sales left outer join store_returns on\n         (ss_item_sk = sr_item_sk and ss_ticket_number = sr_ticket_number),\n     date_dim,\n     store,\n     item,\n     promotion\n where ss_sold_date_sk = d_date_sk\n       and d_date between cast('1998-08-19' as date) \n                  and (cast('1998-08-19' as date) +  interval '30 days')\n       and ss_store_sk = s_store_sk\n       and ss_item_sk = i_item_sk\n       and i_current_price > 50\n       and ss_promo_sk = p_promo_sk\n       and p_channel_tv = 'N'\n group by s_store_id)\n ,\n csr as\n (select  cp_catalog_page_id as catalog_page_id,\n          sum(cs_ext_sales_price) as sales,\n          sum(coalesce(cr_return_amount, 0)) as returns,\n          sum(cs_net_profit - coalesce(cr_net_loss, 0)) as profit\n  from catalog_sales left outer join catalog_returns on\n         (cs_item_sk = cr_item_sk and cs_order_number = cr_order_number),\n     date_dim,\n     catalog_page,\n     item,\n     promotion\n where cs_sold_date_sk = d_date_sk\n       and d_date between cast('1998-08-19' as date)\n                  and (cast('1998-08-19' as date) +  interval '30 days')\n        and cs_catalog_page_sk = cp_catalog_page_sk\n       and cs_item_sk = i_item_sk\n       and i_current_price > 50\n       and cs_promo_sk = p_promo_sk\n       and p_channel_tv = 'N'\ngroup by cp_catalog_page_id)\n ,\n wsr as\n (select  web_site_id,\n          sum(ws_ext_sales_price) as sales,\n          sum(coalesce(wr_return_amt, 0)) as returns,\n          sum(ws_net_profit - coalesce(wr_net_loss, 0)) as profit\n  from web_sales left outer join web_returns on\n         (ws_item_sk = wr_item_sk and ws_order_number = wr_order_number),\n     date_dim,\n     web_site,\n     item,\n     promotion\n where ws_sold_date_sk = d_date_sk\n       and d_date between cast('1998-08-19' as date)\n                  and (cast('1998-08-19' as date) +  interval '30 days')\n        and ws_web_site_sk = web_site_sk\n       and ws_item_sk = i_item_sk\n       and i_current_price > 50\n       and ws_promo_sk = p_promo_sk\n       and p_channel_tv = 'N'\ngroup by web_site_id)\n  select  channel\n        , id\n        , sum(sales) as sales\n        , sum(returns) as returns\n        , sum(profit) as profit\n from \n (select 'store channel' as channel\n        , 'store' || store_id as id\n        , sales\n        , returns\n        , profit\n from   ssr\n union all\n select 'catalog channel' as channel\n        , 'catalog_page' || catalog_page_id as id\n        , sales\n        , returns\n        , profit\n from  csr\n union all\n select 'web channel' as channel\n        , 'web_site' || web_site_id as id\n        , sales\n        , returns\n        , profit\n from   wsr\n ) x\n group by rollup (channel, id)\n order by channel\n         ,id\n limit 100;\n\n-- end query 61 in stream 0 using template query80.tpl\n",
    "indexes": "store_returns.sr_net_loss",
    "wo plan est": {
      "Node Type": "Limit",
      "Parallel Aware": false,
      "Async Capable": false,
      "Startup Cost": 1566782.76,
      "Total Cost": 1566786.01,
      "Plan Rows": 100,
      "Plan Width": 160,
      "Plans": [
        {
          "Node Type": "Aggregate",
          "Strategy": "Sorted",
          "Partial Mode": "Simple",
          "Parent Relationship": "Outer",
          "Parallel Aware": false,
          "Async Capable": false,
          "Startup Cost": 1566782.76,
          "Total Cost": 1566795.8,
          "Plan Rows": 401,
          "Plan Width": 160,
          "Grouping Sets": [
            {
              "Group Keys": [
                [
                  "('store channel'::text)",
                  "(('store'::text || (ssr.store_id)::text))"
                ],
                [
                  "('store channel'::text)"
                ],
                []
              ]
            }
          ],
          "Plans": [
            {
              "Node Type": "Sort",
              "Parent Relationship": "Outer",
              "Parallel Aware": false,
              "Async Capable": false,
              "Startup Cost": 1566782.76,
              "Total Cost": 1566783.77,
              "Plan Rows": 401,
              "Plan Width": 160,
              "Sort Key": [
                "('store channel'::text)",
                "(('store'::text || (ssr.store_id)::text))"
              ],
              "Plans": [
                {
                  "Node Type": "Append",
                  "Parent Relationship": "Outer",
                  "Parallel Aware": false,
                  "Async Capable": false,
                  "Startup Cost": 784591.9,
                  "Total Cost": 1566765.43,
                  "Plan Rows": 401,
                  "Plan Width": 160,
                  "Subplans Removed": 0,
                  "Plans": [
                    {
                      "Node Type": "Subquery Scan",
                      "Parent Relationship": "Member",
                      "Parallel Aware": false,
                      "Async Capable": false,
                      "Alias": "ssr",
                      "Startup Cost": 784591.9,
                      "Total Cost": 784611.64,
                      "Plan Rows": 51,
                      "Plan Width": 160,
                      "Plans": [
                        {
                          "Node Type": "Aggregate",
                          "Strategy": "Sorted",
                          "Partial Mode": "Finalize",
                          "Parent Relationship": "Subquery",
                          "Parallel Aware": false,
                          "Async Capable": false,
                          "Startup Cost": 784591.9,
                          "Total Cost": 784610.87,
                          "Plan Rows": 51,
                          "Plan Width": 113,
                          "Group Key": [
                            "store.s_store_id"
                          ],
                          "Plans": [
                            {
                              "Node Type": "Gather Merge",
                              "Parent Relationship": "Outer",
                              "Parallel Aware": false,
                              "Async Capable": false,
                              "Startup Cost": 784591.9,
                              "Total Cost": 784608.2,
                              "Plan Rows": 102,
                              "Plan Width": 113,
                              "Workers Planned": 2,
                              "Plans": [
                                {
                                  "Node Type": "Aggregate",
                                  "Strategy": "Sorted",
                                  "Partial Mode": "Partial",
                                  "Parent Relationship": "Outer",
                                  "Parallel Aware": false,
                                  "Async Capable": false,
                                  "Startup Cost": 783591.88,
                                  "Total Cost": 783596.4,
                                  "Plan Rows": 51,
                                  "Plan Width": 113,
                                  "Group Key": [
                                    "store.s_store_id"
                                  ],
                                  "Plans": [
                                    {
                                      "Node Type": "Sort",
                                      "Parent Relationship": "Outer",
                                      "Parallel Aware": false,
                                      "Async Capable": false,
                                      "Startup Cost": 783591.88,
                                      "Total Cost": 783592.48,
                                      "Plan Rows": 242,
                                      "Plan Width": 41,
                                      "Sort Key": [
                                        "store.s_store_id"
                                      ],
                                      "Plans": [
                                        {
                                          "Node Type": "Hash Join",
                                          "Parent Relationship": "Outer",
                                          "Parallel Aware": false,
                                          "Async Capable": false,
                                          "Join Type": "Inner",
                                          "Startup Cost": 94489.35,
                                          "Total Cost": 783582.3,
                                          "Plan Rows": 242,
                                          "Plan Width": 41,
                                          "Inner Unique": false,
                                          "Hash Cond": "(store_sales.ss_store_sk = store.s_store_sk)",
                                          "Plans": [
                                            {
                                              "Node Type": "Hash Join",
                                              "Parent Relationship": "Outer",
                                              "Parallel Aware": false,
                                              "Async Capable": false,
                                              "Join Type": "Inner",
                                              "Startup Cost": 94482.05,
                                              "Total Cost": 783571.63,
                                              "Plan Rows": 254,
                                              "Plan Width": 28,
                                              "Inner Unique": false,
                                              "Hash Cond": "(store_sales.ss_promo_sk = promotion.p_promo_sk)",
                                              "Plans": [
                                                {
                                                  "Node Type": "Hash Join",
                                                  "Parent Relationship": "Outer",
                                                  "Parallel Aware": true,
                                                  "Async Capable": false,
                                                  "Join Type": "Inner",
                                                  "Startup Cost": 94456.65,
                                                  "Total Cost": 783542.68,
                                                  "Plan Rows": 270,
                                                  "Plan Width": 32,
                                                  "Inner Unique": false,
                                                  "Hash Cond": "(store_sales.ss_item_sk = item.i_item_sk)",
                                                  "Plans": [
                                                    {
                                                      "Node Type": "Hash Join",
                                                      "Parent Relationship": "Outer",
                                                      "Parallel Aware": true,
                                                      "Async Capable": false,
                                                      "Join Type": "Left",
                                                      "Startup Cost": 86930.88,
                                                      "Total Cost": 775998.13,
                                                      "Plan Rows": 4703,
                                                      "Plan Width": 36,
                                                      "Inner Unique": false,
                                                      "Hash Cond": "((store_sales.ss_item_sk = store_returns.sr_item_sk) AND (store_sales.ss_ticket_number = store_returns.sr_ticket_number))",
                                                      "Plans": [
                                                        {
                                                          "Node Type": "Hash Join",
                                                          "Parent Relationship": "Outer",
                                                          "Parallel Aware": true,
                                                          "Async Capable": false,
                                                          "Join Type": "Inner",
                                                          "Startup Cost": 2049.78,
                                                          "Total Cost": 683994.75,
                                                          "Plan Rows": 4703,
                                                          "Plan Width": 28,
                                                          "Inner Unique": false,
                                                          "Hash Cond": "(store_sales.ss_sold_date_sk = date_dim.d_date_sk)",
                                                          "Plans": [
                                                            {
                                                              "Node Type": "Seq Scan",
                                                              "Parent Relationship": "Outer",
                                                              "Parallel Aware": true,
                                                              "Async Capable": false,
                                                              "Relation Name": "store_sales",
                                                              "Alias": "store_sales",
                                                              "Startup Cost": 0.0,
                                                              "Total Cost": 636914.37,
                                                              "Plan Rows": 12000637,
                                                              "Plan Width": 32,
                                                              "parent": 13,
                                                              "ID": 14
                                                            },
                                                            {
                                                              "Node Type": "Hash",
                                                              "Parent Relationship": "Inner",
                                                              "Parallel Aware": true,
                                                              "Async Capable": false,
                                                              "Startup Cost": 2049.55,
                                                              "Total Cost": 2049.55,
                                                              "Plan Rows": 18,
                                                              "Plan Width": 4,
                                                              "Plans": [
                                                                {
                                                                  "Node Type": "Seq Scan",
                                                                  "Parent Relationship": "Outer",
                                                                  "Parallel Aware": true,
                                                                  "Async Capable": false,
                                                                  "Relation Name": "date_dim",
                                                                  "Alias": "date_dim",
                                                                  "Startup Cost": 0.0,
                                                                  "Total Cost": 2049.55,
                                                                  "Plan Rows": 18,
                                                                  "Plan Width": 4,
                                                                  "Filter": "((d_date >= '1998-08-19'::date) AND (d_date <= '1998-09-18 00:00:00'::timestamp without time zone))",
                                                                  "parent": 15,
                                                                  "ID": 16
                                                                }
                                                              ],
                                                              "parent": 13,
                                                              "ID": 15,
                                                              "left": 16
                                                            }
                                                          ],
                                                          "parent": 12,
                                                          "ID": 13,
                                                          "left": 14,
                                                          "right": 15
                                                        },
                                                        {
                                                          "Node Type": "Hash",
                                                          "Parent Relationship": "Inner",
                                                          "Parallel Aware": true,
                                                          "Async Capable": false,
                                                          "Startup Cost": 59887.64,
                                                          "Total Cost": 59887.64,
                                                          "Plan Rows": 1198164,
                                                          "Plan Width": 20,
                                                          "Plans": [
                                                            {
                                                              "Node Type": "Seq Scan",
                                                              "Parent Relationship": "Outer",
                                                              "Parallel Aware": true,
                                                              "Async Capable": false,
                                                              "Relation Name": "store_returns",
                                                              "Alias": "store_returns",
                                                              "Startup Cost": 0.0,
                                                              "Total Cost": 59887.64,
                                                              "Plan Rows": 1198164,
                                                              "Plan Width": 20,
                                                              "parent": 17,
                                                              "ID": 18
                                                            }
                                                          ],
                                                          "parent": 12,
                                                          "ID": 17,
                                                          "left": 18
                                                        }
                                                      ],
                                                      "parent": 11,
                                                      "ID": 12,
                                                      "left": 13,
                                                      "right": 17
                                                    },
                                                    {
                                                      "Node Type": "Hash",
                                                      "Parent Relationship": "Inner",
                                                      "Parallel Aware": true,
                                                      "Async Capable": false,
                                                      "Startup Cost": 7495.25,
                                                      "Total Cost": 7495.25,
                                                      "Plan Rows": 2442,
                                                      "Plan Width": 4,
                                                      "Plans": [
                                                        {
                                                          "Node Type": "Seq Scan",
                                                          "Parent Relationship": "Outer",
                                                          "Parallel Aware": true,
                                                          "Async Capable": false,
                                                          "Relation Name": "item",
                                                          "Alias": "item",
                                                          "Startup Cost": 0.0,
                                                          "Total Cost": 7495.25,
                                                          "Plan Rows": 2442,
                                                          "Plan Width": 4,
                                                          "Filter": "(i_current_price > '50'::numeric)",
                                                          "parent": 19,
                                                          "ID": 20
                                                        }
                                                      ],
                                                      "parent": 11,
                                                      "ID": 19,
                                                      "left": 20
                                                    }
                                                  ],
                                                  "parent": 10,
                                                  "ID": 11,
                                                  "left": 12,
                                                  "right": 19
                                                },
                                                {
                                                  "Node Type": "Hash",
                                                  "Parent Relationship": "Inner",
                                                  "Parallel Aware": false,
                                                  "Async Capable": false,
                                                  "Startup Cost": 19.25,
                                                  "Total Cost": 19.25,
                                                  "Plan Rows": 492,
                                                  "Plan Width": 4,
                                                  "Plans": [
                                                    {
                                                      "Node Type": "Seq Scan",
                                                      "Parent Relationship": "Outer",
                                                      "Parallel Aware": false,
                                                      "Async Capable": false,
                                                      "Relation Name": "promotion",
                                                      "Alias": "promotion",
                                                      "Startup Cost": 0.0,
                                                      "Total Cost": 19.25,
                                                      "Plan Rows": 492,
                                                      "Plan Width": 4,
                                                      "Filter": "(p_channel_tv = 'N'::bpchar)",
                                                      "parent": 21,
                                                      "ID": 22
                                                    }
                                                  ],
                                                  "parent": 10,
                                                  "ID": 21,
                                                  "left": 22
                                                }
                                              ],
                                              "parent": 9,
                                              "ID": 10,
                                              "left": 11,
                                              "right": 21
                                            },
                                            {
                                              "Node Type": "Hash",
                                              "Parent Relationship": "Inner",
                                              "Parallel Aware": false,
                                              "Async Capable": false,
                                              "Startup Cost": 6.02,
                                              "Total Cost": 6.02,
                                              "Plan Rows": 102,
                                              "Plan Width": 21,
                                              "Plans": [
                                                {
                                                  "Node Type": "Seq Scan",
                                                  "Parent Relationship": "Outer",
                                                  "Parallel Aware": false,
                                                  "Async Capable": false,
                                                  "Relation Name": "store",
                                                  "Alias": "store",
                                                  "Startup Cost": 0.0,
                                                  "Total Cost": 6.02,
                                                  "Plan Rows": 102,
                                                  "Plan Width": 21,
                                                  "parent": 23,
                                                  "ID": 24
                                                }
                                              ],
                                              "parent": 9,
                                              "ID": 23,
                                              "left": 24
                                            }
                                          ],
                                          "parent": 8,
                                          "ID": 9,
                                          "left": 10,
                                          "right": 23
                                        }
                                      ],
                                      "parent": 7,
                                      "ID": 8,
                                      "left": 9
                                    }
                                  ],
                                  "parent": 6,
                                  "ID": 7,
                                  "left": 8
                                }
                              ],
                              "parent": 5,
                              "ID": 6,
                              "left": 7
                            }
                          ],
                          "parent": 4,
                          "ID": 5,
                          "left": 6
                        }
                      ],
                      "parent": 3,
                      "ID": 4,
                      "left": 5
                    },
                    {
                      "Node Type": "Subquery Scan",
                      "Parent Relationship": "Member",
                      "Parallel Aware": false,
                      "Async Capable": false,
                      "Alias": "csr",
                      "Startup Cost": 518174.1,
                      "Total Cost": 518225.66,
                      "Plan Rows": 329,
                      "Plan Width": 160,
                      "Plans": [
                        {
                          "Node Type": "Aggregate",
                          "Strategy": "Sorted",
                          "Partial Mode": "Finalize",
                          "Parent Relationship": "Subquery",
                          "Parallel Aware": false,
                          "Async Capable": false,
                          "Startup Cost": 518174.1,
                          "Total Cost": 518220.73,
                          "Plan Rows": 329,
                          "Plan Width": 113,
                          "Group Key": [
                            "catalog_page.cp_catalog_page_id"
                          ],
                          "Plans": [
                            {
                              "Node Type": "Gather Merge",
                              "Parent Relationship": "Outer",
                              "Parallel Aware": false,
                              "Async Capable": false,
                              "Startup Cost": 518174.1,
                              "Total Cost": 518210.18,
                              "Plan Rows": 274,
                              "Plan Width": 113,
                              "Workers Planned": 2,
                              "Plans": [
                                {
                                  "Node Type": "Aggregate",
                                  "Strategy": "Sorted",
                                  "Partial Mode": "Partial",
                                  "Parent Relationship": "Outer",
                                  "Parallel Aware": false,
                                  "Async Capable": false,
                                  "Startup Cost": 517174.07,
                                  "Total Cost": 517178.53,
                                  "Plan Rows": 137,
                                  "Plan Width": 113,
                                  "Group Key": [
                                    "catalog_page.cp_catalog_page_id"
                                  ],
                                  "Plans": [
                                    {
                                      "Node Type": "Sort",
                                      "Parent Relationship": "Outer",
                                      "Parallel Aware": false,
                                      "Async Capable": false,
                                      "Startup Cost": 517174.07,
                                      "Total Cost": 517174.42,
                                      "Plan Rows": 137,
                                      "Plan Width": 41,
                                      "Sort Key": [
                                        "catalog_page.cp_catalog_page_id"
                                      ],
                                      "Plans": [
                                        {
                                          "Node Type": "Hash Join",
                                          "Parent Relationship": "Outer",
                                          "Parallel Aware": false,
                                          "Async Capable": false,
                                          "Join Type": "Inner",
                                          "Startup Cost": 57382.33,
                                          "Total Cost": 517169.21,
                                          "Plan Rows": 137,
                                          "Plan Width": 41,
                                          "Inner Unique": false,
                                          "Hash Cond": "(catalog_sales.cs_catalog_page_sk = catalog_page.cp_catalog_page_sk)",
                                          "Plans": [
                                            {
                                              "Node Type": "Hash Join",
                                              "Parent Relationship": "Outer",
                                              "Parallel Aware": false,
                                              "Async Capable": false,
                                              "Join Type": "Inner",
                                              "Startup Cost": 56864.33,
                                              "Total Cost": 516649.32,
                                              "Plan Rows": 138,
                                              "Plan Width": 28,
                                              "Inner Unique": false,
                                              "Hash Cond": "(catalog_sales.cs_promo_sk = promotion_1.p_promo_sk)",
                                              "Plans": [
                                                {
                                                  "Node Type": "Hash Join",
                                                  "Parent Relationship": "Outer",
                                                  "Parallel Aware": true,
                                                  "Async Capable": false,
                                                  "Join Type": "Inner",
                                                  "Startup Cost": 56838.93,
                                                  "Total Cost": 516622.01,
                                                  "Plan Rows": 141,
                                                  "Plan Width": 32,
                                                  "Inner Unique": false,
                                                  "Hash Cond": "(catalog_sales.cs_item_sk = item_1.i_item_sk)",
                                                  "Plans": [
                                                    {
                                                      "Node Type": "Hash Join",
                                                      "Parent Relationship": "Outer",
                                                      "Parallel Aware": true,
                                                      "Async Capable": false,
                                                      "Join Type": "Left",
                                                      "Startup Cost": 49313.15,
                                                      "Total Cost": 509086.46,
                                                      "Plan Rows": 2450,
                                                      "Plan Width": 36,
                                                      "Inner Unique": false,
                                                      "Hash Cond": "((catalog_sales.cs_item_sk = catalog_returns.cr_item_sk) AND (catalog_sales.cs_order_number = catalog_returns.cr_order_number))",
                                                      "Plans": [
                                                        {
                                                          "Node Type": "Hash Join",
                                                          "Parent Relationship": "Outer",
                                                          "Parallel Aware": true,
                                                          "Async Capable": false,
                                                          "Join Type": "Inner",
                                                          "Startup Cost": 2049.78,
                                                          "Total Cost": 458254.7,
                                                          "Plan Rows": 2450,
                                                          "Plan Width": 28,
                                                          "Inner Unique": false,
                                                          "Hash Cond": "(catalog_sales.cs_sold_date_sk = date_dim_1.d_date_sk)",
                                                          "Plans": [
                                                            {
                                                              "Node Type": "Seq Scan",
                                                              "Parent Relationship": "Outer",
                                                              "Parallel Aware": true,
                                                              "Async Capable": false,
                                                              "Relation Name": "catalog_sales",
                                                              "Alias": "catalog_sales",
                                                              "Startup Cost": 0.0,
                                                              "Total Cost": 433688.25,
                                                              "Plan Rows": 6000525,
                                                              "Plan Width": 32,
                                                              "parent": 34,
                                                              "ID": 35
                                                            },
                                                            {
                                                              "Node Type": "Hash",
                                                              "Parent Relationship": "Inner",
                                                              "Parallel Aware": true,
                                                              "Async Capable": false,
                                                              "Startup Cost": 2049.55,
                                                              "Total Cost": 2049.55,
                                                              "Plan Rows": 18,
                                                              "Plan Width": 4,
                                                              "Plans": [
                                                                {
                                                                  "Node Type": "Seq Scan",
                                                                  "Parent Relationship": "Outer",
                                                                  "Parallel Aware": true,
                                                                  "Async Capable": false,
                                                                  "Relation Name": "date_dim",
                                                                  "Alias": "date_dim_1",
                                                                  "Startup Cost": 0.0,
                                                                  "Total Cost": 2049.55,
                                                                  "Plan Rows": 18,
                                                                  "Plan Width": 4,
                                                                  "Filter": "((d_date >= '1998-08-19'::date) AND (d_date <= '1998-09-18 00:00:00'::timestamp without time zone))",
                                                                  "parent": 36,
                                                                  "ID": 37
                                                                }
                                                              ],
                                                              "parent": 34,
                                                              "ID": 36,
                                                              "left": 37
                                                            }
                                                          ],
                                                          "parent": 33,
                                                          "ID": 34,
                                                          "left": 35,
                                                          "right": 36
                                                        },
                                                        {
                                                          "Node Type": "Hash",
                                                          "Parent Relationship": "Inner",
                                                          "Parallel Aware": true,
                                                          "Async Capable": false,
                                                          "Startup Cost": 34748.95,
                                                          "Total Cost": 34748.95,
                                                          "Plan Rows": 599895,
                                                          "Plan Width": 20,
                                                          "Plans": [
                                                            {
                                                              "Node Type": "Seq Scan",
                                                              "Parent Relationship": "Outer",
                                                              "Parallel Aware": true,
                                                              "Async Capable": false,
                                                              "Relation Name": "catalog_returns",
                                                              "Alias": "catalog_returns",
                                                              "Startup Cost": 0.0,
                                                              "Total Cost": 34748.95,
                                                              "Plan Rows": 599895,
                                                              "Plan Width": 20,
                                                              "parent": 38,
                                                              "ID": 39
                                                            }
                                                          ],
                                                          "parent": 33,
                                                          "ID": 38,
                                                          "left": 39
                                                        }
                                                      ],
                                                      "parent": 32,
                                                      "ID": 33,
                                                      "left": 34,
                                                      "right": 38
                                                    },
                                                    {
                                                      "Node Type": "Hash",
                                                      "Parent Relationship": "Inner",
                                                      "Parallel Aware": true,
                                                      "Async Capable": false,
                                                      "Startup Cost": 7495.25,
                                                      "Total Cost": 7495.25,
                                                      "Plan Rows": 2442,
                                                      "Plan Width": 4,
                                                      "Plans": [
                                                        {
                                                          "Node Type": "Seq Scan",
                                                          "Parent Relationship": "Outer",
                                                          "Parallel Aware": true,
                                                          "Async Capable": false,
                                                          "Relation Name": "item",
                                                          "Alias": "item_1",
                                                          "Startup Cost": 0.0,
                                                          "Total Cost": 7495.25,
                                                          "Plan Rows": 2442,
                                                          "Plan Width": 4,
                                                          "Filter": "(i_current_price > '50'::numeric)",
                                                          "parent": 40,
                                                          "ID": 41
                                                        }
                                                      ],
                                                      "parent": 32,
                                                      "ID": 40,
                                                      "left": 41
                                                    }
                                                  ],
                                                  "parent": 31,
                                                  "ID": 32,
                                                  "left": 33,
                                                  "right": 40
                                                },
                                                {
                                                  "Node Type": "Hash",
                                                  "Parent Relationship": "Inner",
                                                  "Parallel Aware": false,
                                                  "Async Capable": false,
                                                  "Startup Cost": 19.25,
                                                  "Total Cost": 19.25,
                                                  "Plan Rows": 492,
                                                  "Plan Width": 4,
                                                  "Plans": [
                                                    {
                                                      "Node Type": "Seq Scan",
                                                      "Parent Relationship": "Outer",
                                                      "Parallel Aware": false,
                                                      "Async Capable": false,
                                                      "Relation Name": "promotion",
                                                      "Alias": "promotion_1",
                                                      "Startup Cost": 0.0,
                                                      "Total Cost": 19.25,
                                                      "Plan Rows": 492,
                                                      "Plan Width": 4,
                                                      "Filter": "(p_channel_tv = 'N'::bpchar)",
                                                      "parent": 42,
                                                      "ID": 43
                                                    }
                                                  ],
                                                  "parent": 31,
                                                  "ID": 42,
                                                  "left": 43
                                                }
                                              ],
                                              "parent": 30,
                                              "ID": 31,
                                              "left": 32,
                                              "right": 42
                                            },
                                            {
                                              "Node Type": "Hash",
                                              "Parent Relationship": "Inner",
                                              "Parallel Aware": false,
                                              "Async Capable": false,
                                              "Startup Cost": 368.0,
                                              "Total Cost": 368.0,
                                              "Plan Rows": 12000,
                                              "Plan Width": 21,
                                              "Plans": [
                                                {
                                                  "Node Type": "Seq Scan",
                                                  "Parent Relationship": "Outer",
                                                  "Parallel Aware": false,
                                                  "Async Capable": false,
                                                  "Relation Name": "catalog_page",
                                                  "Alias": "catalog_page",
                                                  "Startup Cost": 0.0,
                                                  "Total Cost": 368.0,
                                                  "Plan Rows": 12000,
                                                  "Plan Width": 21,
                                                  "parent": 44,
                                                  "ID": 45
                                                }
                                              ],
                                              "parent": 30,
                                              "ID": 44,
                                              "left": 45
                                            }
                                          ],
                                          "parent": 29,
                                          "ID": 30,
                                          "left": 31,
                                          "right": 44
                                        }
                                      ],
                                      "parent": 28,
                                      "ID": 29,
                                      "left": 30
                                    }
                                  ],
                                  "parent": 27,
                                  "ID": 28,
                                  "left": 29
                                }
                              ],
                              "parent": 26,
                              "ID": 27,
                              "left": 28
                            }
                          ],
                          "parent": 25,
                          "ID": 26,
                          "left": 27
                        }
                      ],
                      "parent": 3,
                      "ID": 25,
                      "left": 26
                    },
                    {
                      "Node Type": "Subquery Scan",
                      "Parent Relationship": "Member",
                      "Parallel Aware": false,
                      "Async Capable": false,
                      "Alias": "wsr",
                      "Startup Cost": 263918.43,
                      "Total Cost": 263926.12,
                      "Plan Rows": 21,
                      "Plan Width": 160,
                      "Plans": [
                        {
                          "Node Type": "Aggregate",
                          "Strategy": "Sorted",
                          "Partial Mode": "Finalize",
                          "Parent Relationship": "Subquery",
                          "Parallel Aware": false,
                          "Async Capable": false,
                          "Startup Cost": 263918.43,
                          "Total Cost": 263925.8,
                          "Plan Rows": 21,
                          "Plan Width": 113,
                          "Group Key": [
                            "web_site.web_site_id"
                          ],
                          "Plans": [
                            {
                              "Node Type": "Gather Merge",
                              "Parent Relationship": "Outer",
                              "Parallel Aware": false,
                              "Async Capable": false,
                              "Startup Cost": 263918.43,
                              "Total Cost": 263924.7,
                              "Plan Rows": 42,
                              "Plan Width": 113,
                              "Workers Planned": 2,
                              "Plans": [
                                {
                                  "Node Type": "Aggregate",
                                  "Strategy": "Sorted",
                                  "Partial Mode": "Partial",
                                  "Parent Relationship": "Outer",
                                  "Parallel Aware": false,
                                  "Async Capable": false,
                                  "Startup Cost": 262918.41,
                                  "Total Cost": 262919.83,
                                  "Plan Rows": 21,
                                  "Plan Width": 113,
                                  "Group Key": [
                                    "web_site.web_site_id"
                                  ],
                                  "Plans": [
                                    {
                                      "Node Type": "Sort",
                                      "Parent Relationship": "Outer",
                                      "Parallel Aware": false,
                                      "Async Capable": false,
                                      "Startup Cost": 262918.41,
                                      "Total Cost": 262918.59,
                                      "Plan Rows": 70,
                                      "Plan Width": 41,
                                      "Sort Key": [
                                        "web_site.web_site_id"
                                      ],
                                      "Plans": [
                                        {
                                          "Node Type": "Hash Join",
                                          "Parent Relationship": "Outer",
                                          "Parallel Aware": false,
                                          "Async Capable": false,
                                          "Join Type": "Inner",
                                          "Startup Cost": 32134.74,
                                          "Total Cost": 262916.27,
                                          "Plan Rows": 70,
                                          "Plan Width": 41,
                                          "Inner Unique": false,
                                          "Hash Cond": "(web_sales.ws_web_site_sk = web_site.web_site_sk)",
                                          "Plans": [
                                            {
                                              "Node Type": "Hash Join",
                                              "Parent Relationship": "Outer",
                                              "Parallel Aware": false,
                                              "Async Capable": false,
                                              "Join Type": "Inner",
                                              "Startup Cost": 32130.8,
                                              "Total Cost": 262911.36,
                                              "Plan Rows": 70,
                                              "Plan Width": 28,
                                              "Inner Unique": false,
                                              "Hash Cond": "(web_sales.ws_promo_sk = promotion_2.p_promo_sk)",
                                              "Plans": [
                                                {
                                                  "Node Type": "Hash Join",
                                                  "Parent Relationship": "Outer",
                                                  "Parallel Aware": true,
                                                  "Async Capable": false,
                                                  "Join Type": "Inner",
                                                  "Startup Cost": 32105.4,
                                                  "Total Cost": 262884.99,
                                                  "Plan Rows": 71,
                                                  "Plan Width": 32,
                                                  "Inner Unique": false,
                                                  "Hash Cond": "(web_sales.ws_item_sk = item_2.i_item_sk)",
                                                  "Plans": [
                                                    {
                                                      "Node Type": "Hash Join",
                                                      "Parent Relationship": "Outer",
                                                      "Parallel Aware": true,
                                                      "Async Capable": false,
                                                      "Join Type": "Left",
                                                      "Startup Cost": 24579.62,
                                                      "Total Cost": 255354.31,
                                                      "Plan Rows": 1231,
                                                      "Plan Width": 36,
                                                      "Inner Unique": false,
                                                      "Hash Cond": "((web_sales.ws_item_sk = web_returns.wr_item_sk) AND (web_sales.ws_order_number = web_returns.wr_order_number))",
                                                      "Plans": [
                                                        {
                                                          "Node Type": "Hash Join",
                                                          "Parent Relationship": "Outer",
                                                          "Parallel Aware": true,
                                                          "Async Capable": false,
                                                          "Join Type": "Inner",
                                                          "Startup Cost": 2049.78,
                                                          "Total Cost": 231041.22,
                                                          "Plan Rows": 1231,
                                                          "Plan Width": 28,
                                                          "Inner Unique": false,
                                                          "Hash Cond": "(web_sales.ws_sold_date_sk = date_dim_2.d_date_sk)",
                                                          "Plans": [
                                                            {
                                                              "Node Type": "Seq Scan",
                                                              "Parent Relationship": "Outer",
                                                              "Parallel Aware": true,
                                                              "Async Capable": false,
                                                              "Relation Name": "web_sales",
                                                              "Alias": "web_sales",
                                                              "Startup Cost": 0.0,
                                                              "Total Cost": 217737.86,
                                                              "Plan Rows": 2998986,
                                                              "Plan Width": 32,
                                                              "parent": 55,
                                                              "ID": 56
                                                            },
                                                            {
                                                              "Node Type": "Hash",
                                                              "Parent Relationship": "Inner",
                                                              "Parallel Aware": true,
                                                              "Async Capable": false,
                                                              "Startup Cost": 2049.55,
                                                              "Total Cost": 2049.55,
                                                              "Plan Rows": 18,
                                                              "Plan Width": 4,
                                                              "Plans": [
                                                                {
                                                                  "Node Type": "Seq Scan",
                                                                  "Parent Relationship": "Outer",
                                                                  "Parallel Aware": true,
                                                                  "Async Capable": false,
                                                                  "Relation Name": "date_dim",
                                                                  "Alias": "date_dim_2",
                                                                  "Startup Cost": 0.0,
                                                                  "Total Cost": 2049.55,
                                                                  "Plan Rows": 18,
                                                                  "Plan Width": 4,
                                                                  "Filter": "((d_date >= '1998-08-19'::date) AND (d_date <= '1998-09-18 00:00:00'::timestamp without time zone))",
                                                                  "parent": 57,
                                                                  "ID": 58
                                                                }
                                                              ],
                                                              "parent": 55,
                                                              "ID": 57,
                                                              "left": 58
                                                            }
                                                          ],
                                                          "parent": 54,
                                                          "ID": 55,
                                                          "left": 56,
                                                          "right": 57
                                                        },
                                                        {
                                                          "Node Type": "Hash",
                                                          "Parent Relationship": "Inner",
                                                          "Parallel Aware": true,
                                                          "Async Capable": false,
                                                          "Startup Cost": 16278.74,
                                                          "Total Cost": 16278.74,
                                                          "Plan Rows": 299674,
                                                          "Plan Width": 20,
                                                          "Plans": [
                                                            {
                                                              "Node Type": "Seq Scan",
                                                              "Parent Relationship": "Outer",
                                                              "Parallel Aware": true,
                                                              "Async Capable": false,
                                                              "Relation Name": "web_returns",
                                                              "Alias": "web_returns",
                                                              "Startup Cost": 0.0,
                                                              "Total Cost": 16278.74,
                                                              "Plan Rows": 299674,
                                                              "Plan Width": 20,
                                                              "parent": 59,
                                                              "ID": 60
                                                            }
                                                          ],
                                                          "parent": 54,
                                                          "ID": 59,
                                                          "left": 60
                                                        }
                                                      ],
                                                      "parent": 53,
                                                      "ID": 54,
                                                      "left": 55,
                                                      "right": 59
                                                    },
                                                    {
                                                      "Node Type": "Hash",
                                                      "Parent Relationship": "Inner",
                                                      "Parallel Aware": true,
                                                      "Async Capable": false,
                                                      "Startup Cost": 7495.25,
                                                      "Total Cost": 7495.25,
                                                      "Plan Rows": 2442,
                                                      "Plan Width": 4,
                                                      "Plans": [
                                                        {
                                                          "Node Type": "Seq Scan",
                                                          "Parent Relationship": "Outer",
                                                          "Parallel Aware": true,
                                                          "Async Capable": false,
                                                          "Relation Name": "item",
                                                          "Alias": "item_2",
                                                          "Startup Cost": 0.0,
                                                          "Total Cost": 7495.25,
                                                          "Plan Rows": 2442,
                                                          "Plan Width": 4,
                                                          "Filter": "(i_current_price > '50'::numeric)",
                                                          "parent": 61,
                                                          "ID": 62
                                                        }
                                                      ],
                                                      "parent": 53,
                                                      "ID": 61,
                                                      "left": 62
                                                    }
                                                  ],
                                                  "parent": 52,
                                                  "ID": 53,
                                                  "left": 54,
                                                  "right": 61
                                                },
                                                {
                                                  "Node Type": "Hash",
                                                  "Parent Relationship": "Inner",
                                                  "Parallel Aware": false,
                                                  "Async Capable": false,
                                                  "Startup Cost": 19.25,
                                                  "Total Cost": 19.25,
                                                  "Plan Rows": 492,
                                                  "Plan Width": 4,
                                                  "Plans": [
                                                    {
                                                      "Node Type": "Seq Scan",
                                                      "Parent Relationship": "Outer",
                                                      "Parallel Aware": false,
                                                      "Async Capable": false,
                                                      "Relation Name": "promotion",
                                                      "Alias": "promotion_2",
                                                      "Startup Cost": 0.0,
                                                      "Total Cost": 19.25,
                                                      "Plan Rows": 492,
                                                      "Plan Width": 4,
                                                      "Filter": "(p_channel_tv = 'N'::bpchar)",
                                                      "parent": 63,
                                                      "ID": 64
                                                    }
                                                  ],
                                                  "parent": 52,
                                                  "ID": 63,
                                                  "left": 64
                                                }
                                              ],
                                              "parent": 51,
                                              "ID": 52,
                                              "left": 53,
                                              "right": 63
                                            },
                                            {
                                              "Node Type": "Hash",
                                              "Parent Relationship": "Inner",
                                              "Parallel Aware": false,
                                              "Async Capable": false,
                                              "Startup Cost": 3.42,
                                              "Total Cost": 3.42,
                                              "Plan Rows": 42,
                                              "Plan Width": 21,
                                              "Plans": [
                                                {
                                                  "Node Type": "Seq Scan",
                                                  "Parent Relationship": "Outer",
                                                  "Parallel Aware": false,
                                                  "Async Capable": false,
                                                  "Relation Name": "web_site",
                                                  "Alias": "web_site",
                                                  "Startup Cost": 0.0,
                                                  "Total Cost": 3.42,
                                                  "Plan Rows": 42,
                                                  "Plan Width": 21,
                                                  "parent": 65,
                                                  "ID": 66
                                                }
                                              ],
                                              "parent": 51,
                                              "ID": 65,
                                              "left": 66
                                            }
                                          ],
                                          "parent": 50,
                                          "ID": 51,
                                          "left": 52,
                                          "right": 65
                                        }
                                      ],
                                      "parent": 49,
                                      "ID": 50,
                                      "left": 51
                                    }
                                  ],
                                  "parent": 48,
                                  "ID": 49,
                                  "left": 50
                                }
                              ],
                              "parent": 47,
                              "ID": 48,
                              "left": 49
                            }
                          ],
                          "parent": 46,
                          "ID": 47,
                          "left": 48
                        }
                      ],
                      "parent": 3,
                      "ID": 46,
                      "left": 47
                    }
                  ],
                  "parent": 2,
                  "ID": 3,
                  "left": 4,
                  "right": 25
                }
              ],
              "parent": 1,
              "ID": 2,
              "left": 3
            }
          ],
          "parent": 0,
          "ID": 1,
          "left": 2
        }
      ],
      "parent": null,
      "ID": 0,
      "left": 1
    },
    "feat": {
      "utility": 0.0,
      "query_shape": [
        [
          "Seq Scan",
          "Hash Join",
          "Sort",
          "Aggregate",
          "Gather Merge",
          "Subquery Scan",
          "Append"
        ],
        [
          "Seq Scan",
          "Hash",
          "Hash Join",
          "Sort",
          "Aggregate",
          "Gather Merge",
          "Subquery Scan",
          "Append"
        ],
        [
          "Seq Scan",
          "Hash",
          "Hash Join",
          "Sort",
          "Aggregate",
          "Gather Merge",
          "Subquery Scan",
          "Append"
        ],
        [
          "Seq Scan",
          "Hash",
          "Hash Join",
          "Sort",
          "Aggregate",
          "Gather Merge",
          "Subquery Scan",
          "Append"
        ],
        [
          "Seq Scan",
          "Hash",
          "Hash Join",
          "Sort",
          "Aggregate",
          "Gather Merge",
          "Subquery Scan",
          "Append"
        ],
        [
          "Seq Scan",
          "Hash",
          "Hash Join",
          "Sort",
          "Aggregate",
          "Gather Merge",
          "Subquery Scan",
          "Append"
        ],
        [
          "Seq Scan",
          "Hash Join",
          "Sort",
          "Aggregate",
          "Gather Merge",
          "Subquery Scan",
          "Append"
        ],
        [
          "Seq Scan",
          "Hash",
          "Hash Join",
          "Sort",
          "Aggregate",
          "Gather Merge",
          "Subquery Scan",
          "Append"
        ],
        [
          "Seq Scan",
          "Hash",
          "Hash Join",
          "Sort",
          "Aggregate",
          "Gather Merge",
          "Subquery Scan",
          "Append"
        ],
        [
          "Seq Scan",
          "Hash",
          "Hash Join",
          "Sort",
          "Aggregate",
          "Gather Merge",
          "Subquery Scan",
          "Append"
        ],
        [
          "Seq Scan",
          "Hash",
          "Hash Join",
          "Sort",
          "Aggregate",
          "Gather Merge",
          "Subquery Scan",
          "Append"
        ],
        [
          "Seq Scan",
          "Hash",
          "Hash Join",
          "Sort",
          "Aggregate",
          "Gather Merge",
          "Subquery Scan",
          "Append"
        ],
        [
          "Seq Scan",
          "Hash Join",
          "Sort",
          "Aggregate",
          "Gather Merge",
          "Subquery Scan",
          "Append"
        ],
        [
          "Seq Scan",
          "Hash",
          "Hash Join",
          "Sort",
          "Aggregate",
          "Gather Merge",
          "Subquery Scan",
          "Append"
        ],
        [
          "Seq Scan",
          "Hash",
          "Hash Join",
          "Sort",
          "Aggregate",
          "Gather Merge",
          "Subquery Scan",
          "Append"
        ],
        [
          "Seq Scan",
          "Hash",
          "Hash Join",
          "Sort",
          "Aggregate",
          "Gather Merge",
          "Subquery Scan",
          "Append"
        ],
        [
          "Seq Scan",
          "Hash",
          "Hash Join",
          "Sort",
          "Aggregate",
          "Gather Merge",
          "Subquery Scan",
          "Append"
        ],
        [
          "Seq Scan",
          "Hash",
          "Hash Join",
          "Sort",
          "Aggregate",
          "Gather Merge",
          "Subquery Scan",
          "Append"
        ]
      ],
      "index_shape": [],
      "physical_operator": {}
    }
  },
  {
    "query": "with ssr as\n (select  s_store_id as store_id,\n          sum(ss_ext_sales_price) as sales,\n          sum(coalesce(sr_return_amt, 0)) as returns,\n          sum(ss_net_profit - coalesce(sr_net_loss, 0)) as profit\n  from store_sales left outer join store_returns on\n         (ss_item_sk = sr_item_sk and ss_ticket_number = sr_ticket_number),\n     date_dim,\n     store,\n     item,\n     promotion\n where ss_sold_date_sk = d_date_sk\n       and d_date between cast('1998-08-19' as date) \n                  and (cast('1998-08-19' as date) +  interval '30 days')\n       and ss_store_sk = s_store_sk\n       and ss_item_sk = i_item_sk\n       and i_current_price > 50\n       and ss_promo_sk = p_promo_sk\n       and p_channel_tv = 'N'\n group by s_store_id)\n ,\n csr as\n (select  cp_catalog_page_id as catalog_page_id,\n          sum(cs_ext_sales_price) as sales,\n          sum(coalesce(cr_return_amount, 0)) as returns,\n          sum(cs_net_profit - coalesce(cr_net_loss, 0)) as profit\n  from catalog_sales left outer join catalog_returns on\n         (cs_item_sk = cr_item_sk and cs_order_number = cr_order_number),\n     date_dim,\n     catalog_page,\n     item,\n     promotion\n where cs_sold_date_sk = d_date_sk\n       and d_date between cast('1998-08-19' as date)\n                  and (cast('1998-08-19' as date) +  interval '30 days')\n        and cs_catalog_page_sk = cp_catalog_page_sk\n       and cs_item_sk = i_item_sk\n       and i_current_price > 50\n       and cs_promo_sk = p_promo_sk\n       and p_channel_tv = 'N'\ngroup by cp_catalog_page_id)\n ,\n wsr as\n (select  web_site_id,\n          sum(ws_ext_sales_price) as sales,\n          sum(coalesce(wr_return_amt, 0)) as returns,\n          sum(ws_net_profit - coalesce(wr_net_loss, 0)) as profit\n  from web_sales left outer join web_returns on\n         (ws_item_sk = wr_item_sk and ws_order_number = wr_order_number),\n     date_dim,\n     web_site,\n     item,\n     promotion\n where ws_sold_date_sk = d_date_sk\n       and d_date between cast('1998-08-19' as date)\n                  and (cast('1998-08-19' as date) +  interval '30 days')\n        and ws_web_site_sk = web_site_sk\n       and ws_item_sk = i_item_sk\n       and i_current_price > 50\n       and ws_promo_sk = p_promo_sk\n       and p_channel_tv = 'N'\ngroup by web_site_id)\n  select  channel\n        , id\n        , sum(sales) as sales\n        , sum(returns) as returns\n        , sum(profit) as profit\n from \n (select 'store channel' as channel\n        , 'store' || store_id as id\n        , sales\n        , returns\n        , profit\n from   ssr\n union all\n select 'catalog channel' as channel\n        , 'catalog_page' || catalog_page_id as id\n        , sales\n        , returns\n        , profit\n from  csr\n union all\n select 'web channel' as channel\n        , 'web_site' || web_site_id as id\n        , sales\n        , returns\n        , profit\n from   wsr\n ) x\n group by rollup (channel, id)\n order by channel\n         ,id\n limit 100;\n\n-- end query 61 in stream 0 using template query80.tpl\n",
    "indexes": "date_dim.d_date_sk",
    "wo plan est": {
      "Node Type": "Limit",
      "Parallel Aware": false,
      "Async Capable": false,
      "Startup Cost": 1566782.76,
      "Total Cost": 1566786.01,
      "Plan Rows": 100,
      "Plan Width": 160,
      "Plans": [
        {
          "Node Type": "Aggregate",
          "Strategy": "Sorted",
          "Partial Mode": "Simple",
          "Parent Relationship": "Outer",
          "Parallel Aware": false,
          "Async Capable": false,
          "Startup Cost": 1566782.76,
          "Total Cost": 1566795.8,
          "Plan Rows": 401,
          "Plan Width": 160,
          "Grouping Sets": [
            {
              "Group Keys": [
                [
                  "('store channel'::text)",
                  "(('store'::text || (ssr.store_id)::text))"
                ],
                [
                  "('store channel'::text)"
                ],
                []
              ]
            }
          ],
          "Plans": [
            {
              "Node Type": "Sort",
              "Parent Relationship": "Outer",
              "Parallel Aware": false,
              "Async Capable": false,
              "Startup Cost": 1566782.76,
              "Total Cost": 1566783.77,
              "Plan Rows": 401,
              "Plan Width": 160,
              "Sort Key": [
                "('store channel'::text)",
                "(('store'::text || (ssr.store_id)::text))"
              ],
              "Plans": [
                {
                  "Node Type": "Append",
                  "Parent Relationship": "Outer",
                  "Parallel Aware": false,
                  "Async Capable": false,
                  "Startup Cost": 784591.9,
                  "Total Cost": 1566765.43,
                  "Plan Rows": 401,
                  "Plan Width": 160,
                  "Subplans Removed": 0,
                  "Plans": [
                    {
                      "Node Type": "Subquery Scan",
                      "Parent Relationship": "Member",
                      "Parallel Aware": false,
                      "Async Capable": false,
                      "Alias": "ssr",
                      "Startup Cost": 784591.9,
                      "Total Cost": 784611.64,
                      "Plan Rows": 51,
                      "Plan Width": 160,
                      "Plans": [
                        {
                          "Node Type": "Aggregate",
                          "Strategy": "Sorted",
                          "Partial Mode": "Finalize",
                          "Parent Relationship": "Subquery",
                          "Parallel Aware": false,
                          "Async Capable": false,
                          "Startup Cost": 784591.9,
                          "Total Cost": 784610.87,
                          "Plan Rows": 51,
                          "Plan Width": 113,
                          "Group Key": [
                            "store.s_store_id"
                          ],
                          "Plans": [
                            {
                              "Node Type": "Gather Merge",
                              "Parent Relationship": "Outer",
                              "Parallel Aware": false,
                              "Async Capable": false,
                              "Startup Cost": 784591.9,
                              "Total Cost": 784608.2,
                              "Plan Rows": 102,
                              "Plan Width": 113,
                              "Workers Planned": 2,
                              "Plans": [
                                {
                                  "Node Type": "Aggregate",
                                  "Strategy": "Sorted",
                                  "Partial Mode": "Partial",
                                  "Parent Relationship": "Outer",
                                  "Parallel Aware": false,
                                  "Async Capable": false,
                                  "Startup Cost": 783591.88,
                                  "Total Cost": 783596.4,
                                  "Plan Rows": 51,
                                  "Plan Width": 113,
                                  "Group Key": [
                                    "store.s_store_id"
                                  ],
                                  "Plans": [
                                    {
                                      "Node Type": "Sort",
                                      "Parent Relationship": "Outer",
                                      "Parallel Aware": false,
                                      "Async Capable": false,
                                      "Startup Cost": 783591.88,
                                      "Total Cost": 783592.48,
                                      "Plan Rows": 242,
                                      "Plan Width": 41,
                                      "Sort Key": [
                                        "store.s_store_id"
                                      ],
                                      "Plans": [
                                        {
                                          "Node Type": "Hash Join",
                                          "Parent Relationship": "Outer",
                                          "Parallel Aware": false,
                                          "Async Capable": false,
                                          "Join Type": "Inner",
                                          "Startup Cost": 94489.35,
                                          "Total Cost": 783582.3,
                                          "Plan Rows": 242,
                                          "Plan Width": 41,
                                          "Inner Unique": false,
                                          "Hash Cond": "(store_sales.ss_store_sk = store.s_store_sk)",
                                          "Plans": [
                                            {
                                              "Node Type": "Hash Join",
                                              "Parent Relationship": "Outer",
                                              "Parallel Aware": false,
                                              "Async Capable": false,
                                              "Join Type": "Inner",
                                              "Startup Cost": 94482.05,
                                              "Total Cost": 783571.63,
                                              "Plan Rows": 254,
                                              "Plan Width": 28,
                                              "Inner Unique": false,
                                              "Hash Cond": "(store_sales.ss_promo_sk = promotion.p_promo_sk)",
                                              "Plans": [
                                                {
                                                  "Node Type": "Hash Join",
                                                  "Parent Relationship": "Outer",
                                                  "Parallel Aware": true,
                                                  "Async Capable": false,
                                                  "Join Type": "Inner",
                                                  "Startup Cost": 94456.65,
                                                  "Total Cost": 783542.68,
                                                  "Plan Rows": 270,
                                                  "Plan Width": 32,
                                                  "Inner Unique": false,
                                                  "Hash Cond": "(store_sales.ss_item_sk = item.i_item_sk)",
                                                  "Plans": [
                                                    {
                                                      "Node Type": "Hash Join",
                                                      "Parent Relationship": "Outer",
                                                      "Parallel Aware": true,
                                                      "Async Capable": false,
                                                      "Join Type": "Left",
                                                      "Startup Cost": 86930.88,
                                                      "Total Cost": 775998.13,
                                                      "Plan Rows": 4703,
                                                      "Plan Width": 36,
                                                      "Inner Unique": false,
                                                      "Hash Cond": "((store_sales.ss_item_sk = store_returns.sr_item_sk) AND (store_sales.ss_ticket_number = store_returns.sr_ticket_number))",
                                                      "Plans": [
                                                        {
                                                          "Node Type": "Hash Join",
                                                          "Parent Relationship": "Outer",
                                                          "Parallel Aware": true,
                                                          "Async Capable": false,
                                                          "Join Type": "Inner",
                                                          "Startup Cost": 2049.78,
                                                          "Total Cost": 683994.75,
                                                          "Plan Rows": 4703,
                                                          "Plan Width": 28,
                                                          "Inner Unique": false,
                                                          "Hash Cond": "(store_sales.ss_sold_date_sk = date_dim.d_date_sk)",
                                                          "Plans": [
                                                            {
                                                              "Node Type": "Seq Scan",
                                                              "Parent Relationship": "Outer",
                                                              "Parallel Aware": true,
                                                              "Async Capable": false,
                                                              "Relation Name": "store_sales",
                                                              "Alias": "store_sales",
                                                              "Startup Cost": 0.0,
                                                              "Total Cost": 636914.37,
                                                              "Plan Rows": 12000637,
                                                              "Plan Width": 32,
                                                              "parent": 13,
                                                              "ID": 14
                                                            },
                                                            {
                                                              "Node Type": "Hash",
                                                              "Parent Relationship": "Inner",
                                                              "Parallel Aware": true,
                                                              "Async Capable": false,
                                                              "Startup Cost": 2049.55,
                                                              "Total Cost": 2049.55,
                                                              "Plan Rows": 18,
                                                              "Plan Width": 4,
                                                              "Plans": [
                                                                {
                                                                  "Node Type": "Seq Scan",
                                                                  "Parent Relationship": "Outer",
                                                                  "Parallel Aware": true,
                                                                  "Async Capable": false,
                                                                  "Relation Name": "date_dim",
                                                                  "Alias": "date_dim",
                                                                  "Startup Cost": 0.0,
                                                                  "Total Cost": 2049.55,
                                                                  "Plan Rows": 18,
                                                                  "Plan Width": 4,
                                                                  "Filter": "((d_date >= '1998-08-19'::date) AND (d_date <= '1998-09-18 00:00:00'::timestamp without time zone))",
                                                                  "parent": 15,
                                                                  "ID": 16
                                                                }
                                                              ],
                                                              "parent": 13,
                                                              "ID": 15,
                                                              "left": 16
                                                            }
                                                          ],
                                                          "parent": 12,
                                                          "ID": 13,
                                                          "left": 14,
                                                          "right": 15
                                                        },
                                                        {
                                                          "Node Type": "Hash",
                                                          "Parent Relationship": "Inner",
                                                          "Parallel Aware": true,
                                                          "Async Capable": false,
                                                          "Startup Cost": 59887.64,
                                                          "Total Cost": 59887.64,
                                                          "Plan Rows": 1198164,
                                                          "Plan Width": 20,
                                                          "Plans": [
                                                            {
                                                              "Node Type": "Seq Scan",
                                                              "Parent Relationship": "Outer",
                                                              "Parallel Aware": true,
                                                              "Async Capable": false,
                                                              "Relation Name": "store_returns",
                                                              "Alias": "store_returns",
                                                              "Startup Cost": 0.0,
                                                              "Total Cost": 59887.64,
                                                              "Plan Rows": 1198164,
                                                              "Plan Width": 20,
                                                              "parent": 17,
                                                              "ID": 18
                                                            }
                                                          ],
                                                          "parent": 12,
                                                          "ID": 17,
                                                          "left": 18
                                                        }
                                                      ],
                                                      "parent": 11,
                                                      "ID": 12,
                                                      "left": 13,
                                                      "right": 17
                                                    },
                                                    {
                                                      "Node Type": "Hash",
                                                      "Parent Relationship": "Inner",
                                                      "Parallel Aware": true,
                                                      "Async Capable": false,
                                                      "Startup Cost": 7495.25,
                                                      "Total Cost": 7495.25,
                                                      "Plan Rows": 2442,
                                                      "Plan Width": 4,
                                                      "Plans": [
                                                        {
                                                          "Node Type": "Seq Scan",
                                                          "Parent Relationship": "Outer",
                                                          "Parallel Aware": true,
                                                          "Async Capable": false,
                                                          "Relation Name": "item",
                                                          "Alias": "item",
                                                          "Startup Cost": 0.0,
                                                          "Total Cost": 7495.25,
                                                          "Plan Rows": 2442,
                                                          "Plan Width": 4,
                                                          "Filter": "(i_current_price > '50'::numeric)",
                                                          "parent": 19,
                                                          "ID": 20
                                                        }
                                                      ],
                                                      "parent": 11,
                                                      "ID": 19,
                                                      "left": 20
                                                    }
                                                  ],
                                                  "parent": 10,
                                                  "ID": 11,
                                                  "left": 12,
                                                  "right": 19
                                                },
                                                {
                                                  "Node Type": "Hash",
                                                  "Parent Relationship": "Inner",
                                                  "Parallel Aware": false,
                                                  "Async Capable": false,
                                                  "Startup Cost": 19.25,
                                                  "Total Cost": 19.25,
                                                  "Plan Rows": 492,
                                                  "Plan Width": 4,
                                                  "Plans": [
                                                    {
                                                      "Node Type": "Seq Scan",
                                                      "Parent Relationship": "Outer",
                                                      "Parallel Aware": false,
                                                      "Async Capable": false,
                                                      "Relation Name": "promotion",
                                                      "Alias": "promotion",
                                                      "Startup Cost": 0.0,
                                                      "Total Cost": 19.25,
                                                      "Plan Rows": 492,
                                                      "Plan Width": 4,
                                                      "Filter": "(p_channel_tv = 'N'::bpchar)",
                                                      "parent": 21,
                                                      "ID": 22
                                                    }
                                                  ],
                                                  "parent": 10,
                                                  "ID": 21,
                                                  "left": 22
                                                }
                                              ],
                                              "parent": 9,
                                              "ID": 10,
                                              "left": 11,
                                              "right": 21
                                            },
                                            {
                                              "Node Type": "Hash",
                                              "Parent Relationship": "Inner",
                                              "Parallel Aware": false,
                                              "Async Capable": false,
                                              "Startup Cost": 6.02,
                                              "Total Cost": 6.02,
                                              "Plan Rows": 102,
                                              "Plan Width": 21,
                                              "Plans": [
                                                {
                                                  "Node Type": "Seq Scan",
                                                  "Parent Relationship": "Outer",
                                                  "Parallel Aware": false,
                                                  "Async Capable": false,
                                                  "Relation Name": "store",
                                                  "Alias": "store",
                                                  "Startup Cost": 0.0,
                                                  "Total Cost": 6.02,
                                                  "Plan Rows": 102,
                                                  "Plan Width": 21,
                                                  "parent": 23,
                                                  "ID": 24
                                                }
                                              ],
                                              "parent": 9,
                                              "ID": 23,
                                              "left": 24
                                            }
                                          ],
                                          "parent": 8,
                                          "ID": 9,
                                          "left": 10,
                                          "right": 23
                                        }
                                      ],
                                      "parent": 7,
                                      "ID": 8,
                                      "left": 9
                                    }
                                  ],
                                  "parent": 6,
                                  "ID": 7,
                                  "left": 8
                                }
                              ],
                              "parent": 5,
                              "ID": 6,
                              "left": 7
                            }
                          ],
                          "parent": 4,
                          "ID": 5,
                          "left": 6
                        }
                      ],
                      "parent": 3,
                      "ID": 4,
                      "left": 5
                    },
                    {
                      "Node Type": "Subquery Scan",
                      "Parent Relationship": "Member",
                      "Parallel Aware": false,
                      "Async Capable": false,
                      "Alias": "csr",
                      "Startup Cost": 518174.1,
                      "Total Cost": 518225.66,
                      "Plan Rows": 329,
                      "Plan Width": 160,
                      "Plans": [
                        {
                          "Node Type": "Aggregate",
                          "Strategy": "Sorted",
                          "Partial Mode": "Finalize",
                          "Parent Relationship": "Subquery",
                          "Parallel Aware": false,
                          "Async Capable": false,
                          "Startup Cost": 518174.1,
                          "Total Cost": 518220.73,
                          "Plan Rows": 329,
                          "Plan Width": 113,
                          "Group Key": [
                            "catalog_page.cp_catalog_page_id"
                          ],
                          "Plans": [
                            {
                              "Node Type": "Gather Merge",
                              "Parent Relationship": "Outer",
                              "Parallel Aware": false,
                              "Async Capable": false,
                              "Startup Cost": 518174.1,
                              "Total Cost": 518210.18,
                              "Plan Rows": 274,
                              "Plan Width": 113,
                              "Workers Planned": 2,
                              "Plans": [
                                {
                                  "Node Type": "Aggregate",
                                  "Strategy": "Sorted",
                                  "Partial Mode": "Partial",
                                  "Parent Relationship": "Outer",
                                  "Parallel Aware": false,
                                  "Async Capable": false,
                                  "Startup Cost": 517174.07,
                                  "Total Cost": 517178.53,
                                  "Plan Rows": 137,
                                  "Plan Width": 113,
                                  "Group Key": [
                                    "catalog_page.cp_catalog_page_id"
                                  ],
                                  "Plans": [
                                    {
                                      "Node Type": "Sort",
                                      "Parent Relationship": "Outer",
                                      "Parallel Aware": false,
                                      "Async Capable": false,
                                      "Startup Cost": 517174.07,
                                      "Total Cost": 517174.42,
                                      "Plan Rows": 137,
                                      "Plan Width": 41,
                                      "Sort Key": [
                                        "catalog_page.cp_catalog_page_id"
                                      ],
                                      "Plans": [
                                        {
                                          "Node Type": "Hash Join",
                                          "Parent Relationship": "Outer",
                                          "Parallel Aware": false,
                                          "Async Capable": false,
                                          "Join Type": "Inner",
                                          "Startup Cost": 57382.33,
                                          "Total Cost": 517169.21,
                                          "Plan Rows": 137,
                                          "Plan Width": 41,
                                          "Inner Unique": false,
                                          "Hash Cond": "(catalog_sales.cs_catalog_page_sk = catalog_page.cp_catalog_page_sk)",
                                          "Plans": [
                                            {
                                              "Node Type": "Hash Join",
                                              "Parent Relationship": "Outer",
                                              "Parallel Aware": false,
                                              "Async Capable": false,
                                              "Join Type": "Inner",
                                              "Startup Cost": 56864.33,
                                              "Total Cost": 516649.32,
                                              "Plan Rows": 138,
                                              "Plan Width": 28,
                                              "Inner Unique": false,
                                              "Hash Cond": "(catalog_sales.cs_promo_sk = promotion_1.p_promo_sk)",
                                              "Plans": [
                                                {
                                                  "Node Type": "Hash Join",
                                                  "Parent Relationship": "Outer",
                                                  "Parallel Aware": true,
                                                  "Async Capable": false,
                                                  "Join Type": "Inner",
                                                  "Startup Cost": 56838.93,
                                                  "Total Cost": 516622.01,
                                                  "Plan Rows": 141,
                                                  "Plan Width": 32,
                                                  "Inner Unique": false,
                                                  "Hash Cond": "(catalog_sales.cs_item_sk = item_1.i_item_sk)",
                                                  "Plans": [
                                                    {
                                                      "Node Type": "Hash Join",
                                                      "Parent Relationship": "Outer",
                                                      "Parallel Aware": true,
                                                      "Async Capable": false,
                                                      "Join Type": "Left",
                                                      "Startup Cost": 49313.15,
                                                      "Total Cost": 509086.46,
                                                      "Plan Rows": 2450,
                                                      "Plan Width": 36,
                                                      "Inner Unique": false,
                                                      "Hash Cond": "((catalog_sales.cs_item_sk = catalog_returns.cr_item_sk) AND (catalog_sales.cs_order_number = catalog_returns.cr_order_number))",
                                                      "Plans": [
                                                        {
                                                          "Node Type": "Hash Join",
                                                          "Parent Relationship": "Outer",
                                                          "Parallel Aware": true,
                                                          "Async Capable": false,
                                                          "Join Type": "Inner",
                                                          "Startup Cost": 2049.78,
                                                          "Total Cost": 458254.7,
                                                          "Plan Rows": 2450,
                                                          "Plan Width": 28,
                                                          "Inner Unique": false,
                                                          "Hash Cond": "(catalog_sales.cs_sold_date_sk = date_dim_1.d_date_sk)",
                                                          "Plans": [
                                                            {
                                                              "Node Type": "Seq Scan",
                                                              "Parent Relationship": "Outer",
                                                              "Parallel Aware": true,
                                                              "Async Capable": false,
                                                              "Relation Name": "catalog_sales",
                                                              "Alias": "catalog_sales",
                                                              "Startup Cost": 0.0,
                                                              "Total Cost": 433688.25,
                                                              "Plan Rows": 6000525,
                                                              "Plan Width": 32,
                                                              "parent": 34,
                                                              "ID": 35
                                                            },
                                                            {
                                                              "Node Type": "Hash",
                                                              "Parent Relationship": "Inner",
                                                              "Parallel Aware": true,
                                                              "Async Capable": false,
                                                              "Startup Cost": 2049.55,
                                                              "Total Cost": 2049.55,
                                                              "Plan Rows": 18,
                                                              "Plan Width": 4,
                                                              "Plans": [
                                                                {
                                                                  "Node Type": "Seq Scan",
                                                                  "Parent Relationship": "Outer",
                                                                  "Parallel Aware": true,
                                                                  "Async Capable": false,
                                                                  "Relation Name": "date_dim",
                                                                  "Alias": "date_dim_1",
                                                                  "Startup Cost": 0.0,
                                                                  "Total Cost": 2049.55,
                                                                  "Plan Rows": 18,
                                                                  "Plan Width": 4,
                                                                  "Filter": "((d_date >= '1998-08-19'::date) AND (d_date <= '1998-09-18 00:00:00'::timestamp without time zone))",
                                                                  "parent": 36,
                                                                  "ID": 37
                                                                }
                                                              ],
                                                              "parent": 34,
                                                              "ID": 36,
                                                              "left": 37
                                                            }
                                                          ],
                                                          "parent": 33,
                                                          "ID": 34,
                                                          "left": 35,
                                                          "right": 36
                                                        },
                                                        {
                                                          "Node Type": "Hash",
                                                          "Parent Relationship": "Inner",
                                                          "Parallel Aware": true,
                                                          "Async Capable": false,
                                                          "Startup Cost": 34748.95,
                                                          "Total Cost": 34748.95,
                                                          "Plan Rows": 599895,
                                                          "Plan Width": 20,
                                                          "Plans": [
                                                            {
                                                              "Node Type": "Seq Scan",
                                                              "Parent Relationship": "Outer",
                                                              "Parallel Aware": true,
                                                              "Async Capable": false,
                                                              "Relation Name": "catalog_returns",
                                                              "Alias": "catalog_returns",
                                                              "Startup Cost": 0.0,
                                                              "Total Cost": 34748.95,
                                                              "Plan Rows": 599895,
                                                              "Plan Width": 20,
                                                              "parent": 38,
                                                              "ID": 39
                                                            }
                                                          ],
                                                          "parent": 33,
                                                          "ID": 38,
                                                          "left": 39
                                                        }
                                                      ],
                                                      "parent": 32,
                                                      "ID": 33,
                                                      "left": 34,
                                                      "right": 38
                                                    },
                                                    {
                                                      "Node Type": "Hash",
                                                      "Parent Relationship": "Inner",
                                                      "Parallel Aware": true,
                                                      "Async Capable": false,
                                                      "Startup Cost": 7495.25,
                                                      "Total Cost": 7495.25,
                                                      "Plan Rows": 2442,
                                                      "Plan Width": 4,
                                                      "Plans": [
                                                        {
                                                          "Node Type": "Seq Scan",
                                                          "Parent Relationship": "Outer",
                                                          "Parallel Aware": true,
                                                          "Async Capable": false,
                                                          "Relation Name": "item",
                                                          "Alias": "item_1",
                                                          "Startup Cost": 0.0,
                                                          "Total Cost": 7495.25,
                                                          "Plan Rows": 2442,
                                                          "Plan Width": 4,
                                                          "Filter": "(i_current_price > '50'::numeric)",
                                                          "parent": 40,
                                                          "ID": 41
                                                        }
                                                      ],
                                                      "parent": 32,
                                                      "ID": 40,
                                                      "left": 41
                                                    }
                                                  ],
                                                  "parent": 31,
                                                  "ID": 32,
                                                  "left": 33,
                                                  "right": 40
                                                },
                                                {
                                                  "Node Type": "Hash",
                                                  "Parent Relationship": "Inner",
                                                  "Parallel Aware": false,
                                                  "Async Capable": false,
                                                  "Startup Cost": 19.25,
                                                  "Total Cost": 19.25,
                                                  "Plan Rows": 492,
                                                  "Plan Width": 4,
                                                  "Plans": [
                                                    {
                                                      "Node Type": "Seq Scan",
                                                      "Parent Relationship": "Outer",
                                                      "Parallel Aware": false,
                                                      "Async Capable": false,
                                                      "Relation Name": "promotion",
                                                      "Alias": "promotion_1",
                                                      "Startup Cost": 0.0,
                                                      "Total Cost": 19.25,
                                                      "Plan Rows": 492,
                                                      "Plan Width": 4,
                                                      "Filter": "(p_channel_tv = 'N'::bpchar)",
                                                      "parent": 42,
                                                      "ID": 43
                                                    }
                                                  ],
                                                  "parent": 31,
                                                  "ID": 42,
                                                  "left": 43
                                                }
                                              ],
                                              "parent": 30,
                                              "ID": 31,
                                              "left": 32,
                                              "right": 42
                                            },
                                            {
                                              "Node Type": "Hash",
                                              "Parent Relationship": "Inner",
                                              "Parallel Aware": false,
                                              "Async Capable": false,
                                              "Startup Cost": 368.0,
                                              "Total Cost": 368.0,
                                              "Plan Rows": 12000,
                                              "Plan Width": 21,
                                              "Plans": [
                                                {
                                                  "Node Type": "Seq Scan",
                                                  "Parent Relationship": "Outer",
                                                  "Parallel Aware": false,
                                                  "Async Capable": false,
                                                  "Relation Name": "catalog_page",
                                                  "Alias": "catalog_page",
                                                  "Startup Cost": 0.0,
                                                  "Total Cost": 368.0,
                                                  "Plan Rows": 12000,
                                                  "Plan Width": 21,
                                                  "parent": 44,
                                                  "ID": 45
                                                }
                                              ],
                                              "parent": 30,
                                              "ID": 44,
                                              "left": 45
                                            }
                                          ],
                                          "parent": 29,
                                          "ID": 30,
                                          "left": 31,
                                          "right": 44
                                        }
                                      ],
                                      "parent": 28,
                                      "ID": 29,
                                      "left": 30
                                    }
                                  ],
                                  "parent": 27,
                                  "ID": 28,
                                  "left": 29
                                }
                              ],
                              "parent": 26,
                              "ID": 27,
                              "left": 28
                            }
                          ],
                          "parent": 25,
                          "ID": 26,
                          "left": 27
                        }
                      ],
                      "parent": 3,
                      "ID": 25,
                      "left": 26
                    },
                    {
                      "Node Type": "Subquery Scan",
                      "Parent Relationship": "Member",
                      "Parallel Aware": false,
                      "Async Capable": false,
                      "Alias": "wsr",
                      "Startup Cost": 263918.43,
                      "Total Cost": 263926.12,
                      "Plan Rows": 21,
                      "Plan Width": 160,
                      "Plans": [
                        {
                          "Node Type": "Aggregate",
                          "Strategy": "Sorted",
                          "Partial Mode": "Finalize",
                          "Parent Relationship": "Subquery",
                          "Parallel Aware": false,
                          "Async Capable": false,
                          "Startup Cost": 263918.43,
                          "Total Cost": 263925.8,
                          "Plan Rows": 21,
                          "Plan Width": 113,
                          "Group Key": [
                            "web_site.web_site_id"
                          ],
                          "Plans": [
                            {
                              "Node Type": "Gather Merge",
                              "Parent Relationship": "Outer",
                              "Parallel Aware": false,
                              "Async Capable": false,
                              "Startup Cost": 263918.43,
                              "Total Cost": 263924.7,
                              "Plan Rows": 42,
                              "Plan Width": 113,
                              "Workers Planned": 2,
                              "Plans": [
                                {
                                  "Node Type": "Aggregate",
                                  "Strategy": "Sorted",
                                  "Partial Mode": "Partial",
                                  "Parent Relationship": "Outer",
                                  "Parallel Aware": false,
                                  "Async Capable": false,
                                  "Startup Cost": 262918.41,
                                  "Total Cost": 262919.83,
                                  "Plan Rows": 21,
                                  "Plan Width": 113,
                                  "Group Key": [
                                    "web_site.web_site_id"
                                  ],
                                  "Plans": [
                                    {
                                      "Node Type": "Sort",
                                      "Parent Relationship": "Outer",
                                      "Parallel Aware": false,
                                      "Async Capable": false,
                                      "Startup Cost": 262918.41,
                                      "Total Cost": 262918.59,
                                      "Plan Rows": 70,
                                      "Plan Width": 41,
                                      "Sort Key": [
                                        "web_site.web_site_id"
                                      ],
                                      "Plans": [
                                        {
                                          "Node Type": "Hash Join",
                                          "Parent Relationship": "Outer",
                                          "Parallel Aware": false,
                                          "Async Capable": false,
                                          "Join Type": "Inner",
                                          "Startup Cost": 32134.74,
                                          "Total Cost": 262916.27,
                                          "Plan Rows": 70,
                                          "Plan Width": 41,
                                          "Inner Unique": false,
                                          "Hash Cond": "(web_sales.ws_web_site_sk = web_site.web_site_sk)",
                                          "Plans": [
                                            {
                                              "Node Type": "Hash Join",
                                              "Parent Relationship": "Outer",
                                              "Parallel Aware": false,
                                              "Async Capable": false,
                                              "Join Type": "Inner",
                                              "Startup Cost": 32130.8,
                                              "Total Cost": 262911.36,
                                              "Plan Rows": 70,
                                              "Plan Width": 28,
                                              "Inner Unique": false,
                                              "Hash Cond": "(web_sales.ws_promo_sk = promotion_2.p_promo_sk)",
                                              "Plans": [
                                                {
                                                  "Node Type": "Hash Join",
                                                  "Parent Relationship": "Outer",
                                                  "Parallel Aware": true,
                                                  "Async Capable": false,
                                                  "Join Type": "Inner",
                                                  "Startup Cost": 32105.4,
                                                  "Total Cost": 262884.99,
                                                  "Plan Rows": 71,
                                                  "Plan Width": 32,
                                                  "Inner Unique": false,
                                                  "Hash Cond": "(web_sales.ws_item_sk = item_2.i_item_sk)",
                                                  "Plans": [
                                                    {
                                                      "Node Type": "Hash Join",
                                                      "Parent Relationship": "Outer",
                                                      "Parallel Aware": true,
                                                      "Async Capable": false,
                                                      "Join Type": "Left",
                                                      "Startup Cost": 24579.62,
                                                      "Total Cost": 255354.31,
                                                      "Plan Rows": 1231,
                                                      "Plan Width": 36,
                                                      "Inner Unique": false,
                                                      "Hash Cond": "((web_sales.ws_item_sk = web_returns.wr_item_sk) AND (web_sales.ws_order_number = web_returns.wr_order_number))",
                                                      "Plans": [
                                                        {
                                                          "Node Type": "Hash Join",
                                                          "Parent Relationship": "Outer",
                                                          "Parallel Aware": true,
                                                          "Async Capable": false,
                                                          "Join Type": "Inner",
                                                          "Startup Cost": 2049.78,
                                                          "Total Cost": 231041.22,
                                                          "Plan Rows": 1231,
                                                          "Plan Width": 28,
                                                          "Inner Unique": false,
                                                          "Hash Cond": "(web_sales.ws_sold_date_sk = date_dim_2.d_date_sk)",
                                                          "Plans": [
                                                            {
                                                              "Node Type": "Seq Scan",
                                                              "Parent Relationship": "Outer",
                                                              "Parallel Aware": true,
                                                              "Async Capable": false,
                                                              "Relation Name": "web_sales",
                                                              "Alias": "web_sales",
                                                              "Startup Cost": 0.0,
                                                              "Total Cost": 217737.86,
                                                              "Plan Rows": 2998986,
                                                              "Plan Width": 32,
                                                              "parent": 55,
                                                              "ID": 56
                                                            },
                                                            {
                                                              "Node Type": "Hash",
                                                              "Parent Relationship": "Inner",
                                                              "Parallel Aware": true,
                                                              "Async Capable": false,
                                                              "Startup Cost": 2049.55,
                                                              "Total Cost": 2049.55,
                                                              "Plan Rows": 18,
                                                              "Plan Width": 4,
                                                              "Plans": [
                                                                {
                                                                  "Node Type": "Seq Scan",
                                                                  "Parent Relationship": "Outer",
                                                                  "Parallel Aware": true,
                                                                  "Async Capable": false,
                                                                  "Relation Name": "date_dim",
                                                                  "Alias": "date_dim_2",
                                                                  "Startup Cost": 0.0,
                                                                  "Total Cost": 2049.55,
                                                                  "Plan Rows": 18,
                                                                  "Plan Width": 4,
                                                                  "Filter": "((d_date >= '1998-08-19'::date) AND (d_date <= '1998-09-18 00:00:00'::timestamp without time zone))",
                                                                  "parent": 57,
                                                                  "ID": 58
                                                                }
                                                              ],
                                                              "parent": 55,
                                                              "ID": 57,
                                                              "left": 58
                                                            }
                                                          ],
                                                          "parent": 54,
                                                          "ID": 55,
                                                          "left": 56,
                                                          "right": 57
                                                        },
                                                        {
                                                          "Node Type": "Hash",
                                                          "Parent Relationship": "Inner",
                                                          "Parallel Aware": true,
                                                          "Async Capable": false,
                                                          "Startup Cost": 16278.74,
                                                          "Total Cost": 16278.74,
                                                          "Plan Rows": 299674,
                                                          "Plan Width": 20,
                                                          "Plans": [
                                                            {
                                                              "Node Type": "Seq Scan",
                                                              "Parent Relationship": "Outer",
                                                              "Parallel Aware": true,
                                                              "Async Capable": false,
                                                              "Relation Name": "web_returns",
                                                              "Alias": "web_returns",
                                                              "Startup Cost": 0.0,
                                                              "Total Cost": 16278.74,
                                                              "Plan Rows": 299674,
                                                              "Plan Width": 20,
                                                              "parent": 59,
                                                              "ID": 60
                                                            }
                                                          ],
                                                          "parent": 54,
                                                          "ID": 59,
                                                          "left": 60
                                                        }
                                                      ],
                                                      "parent": 53,
                                                      "ID": 54,
                                                      "left": 55,
                                                      "right": 59
                                                    },
                                                    {
                                                      "Node Type": "Hash",
                                                      "Parent Relationship": "Inner",
                                                      "Parallel Aware": true,
                                                      "Async Capable": false,
                                                      "Startup Cost": 7495.25,
                                                      "Total Cost": 7495.25,
                                                      "Plan Rows": 2442,
                                                      "Plan Width": 4,
                                                      "Plans": [
                                                        {
                                                          "Node Type": "Seq Scan",
                                                          "Parent Relationship": "Outer",
                                                          "Parallel Aware": true,
                                                          "Async Capable": false,
                                                          "Relation Name": "item",
                                                          "Alias": "item_2",
                                                          "Startup Cost": 0.0,
                                                          "Total Cost": 7495.25,
                                                          "Plan Rows": 2442,
                                                          "Plan Width": 4,
                                                          "Filter": "(i_current_price > '50'::numeric)",
                                                          "parent": 61,
                                                          "ID": 62
                                                        }
                                                      ],
                                                      "parent": 53,
                                                      "ID": 61,
                                                      "left": 62
                                                    }
                                                  ],
                                                  "parent": 52,
                                                  "ID": 53,
                                                  "left": 54,
                                                  "right": 61
                                                },
                                                {
                                                  "Node Type": "Hash",
                                                  "Parent Relationship": "Inner",
                                                  "Parallel Aware": false,
                                                  "Async Capable": false,
                                                  "Startup Cost": 19.25,
                                                  "Total Cost": 19.25,
                                                  "Plan Rows": 492,
                                                  "Plan Width": 4,
                                                  "Plans": [
                                                    {
                                                      "Node Type": "Seq Scan",
                                                      "Parent Relationship": "Outer",
                                                      "Parallel Aware": false,
                                                      "Async Capable": false,
                                                      "Relation Name": "promotion",
                                                      "Alias": "promotion_2",
                                                      "Startup Cost": 0.0,
                                                      "Total Cost": 19.25,
                                                      "Plan Rows": 492,
                                                      "Plan Width": 4,
                                                      "Filter": "(p_channel_tv = 'N'::bpchar)",
                                                      "parent": 63,
                                                      "ID": 64
                                                    }
                                                  ],
                                                  "parent": 52,
                                                  "ID": 63,
                                                  "left": 64
                                                }
                                              ],
                                              "parent": 51,
                                              "ID": 52,
                                              "left": 53,
                                              "right": 63
                                            },
                                            {
                                              "Node Type": "Hash",
                                              "Parent Relationship": "Inner",
                                              "Parallel Aware": false,
                                              "Async Capable": false,
                                              "Startup Cost": 3.42,
                                              "Total Cost": 3.42,
                                              "Plan Rows": 42,
                                              "Plan Width": 21,
                                              "Plans": [
                                                {
                                                  "Node Type": "Seq Scan",
                                                  "Parent Relationship": "Outer",
                                                  "Parallel Aware": false,
                                                  "Async Capable": false,
                                                  "Relation Name": "web_site",
                                                  "Alias": "web_site",
                                                  "Startup Cost": 0.0,
                                                  "Total Cost": 3.42,
                                                  "Plan Rows": 42,
                                                  "Plan Width": 21,
                                                  "parent": 65,
                                                  "ID": 66
                                                }
                                              ],
                                              "parent": 51,
                                              "ID": 65,
                                              "left": 66
                                            }
                                          ],
                                          "parent": 50,
                                          "ID": 51,
                                          "left": 52,
                                          "right": 65
                                        }
                                      ],
                                      "parent": 49,
                                      "ID": 50,
                                      "left": 51
                                    }
                                  ],
                                  "parent": 48,
                                  "ID": 49,
                                  "left": 50
                                }
                              ],
                              "parent": 47,
                              "ID": 48,
                              "left": 49
                            }
                          ],
                          "parent": 46,
                          "ID": 47,
                          "left": 48
                        }
                      ],
                      "parent": 3,
                      "ID": 46,
                      "left": 47
                    }
                  ],
                  "parent": 2,
                  "ID": 3,
                  "left": 4,
                  "right": 25
                }
              ],
              "parent": 1,
              "ID": 2,
              "left": 3
            }
          ],
          "parent": 0,
          "ID": 1,
          "left": 2
        }
      ],
      "parent": null,
      "ID": 0,
      "left": 1
    },
    "feat": {
      "utility": 6.5174324704557705e-06,
      "query_shape": [
        [
          "Seq Scan",
          "Hash Join",
          "Sort",
          "Aggregate",
          "Gather Merge",
          "Subquery Scan",
          "Append"
        ],
        [
          "Seq Scan",
          "Hash",
          "Hash Join",
          "Sort",
          "Aggregate",
          "Gather Merge",
          "Subquery Scan",
          "Append"
        ],
        [
          "Seq Scan",
          "Hash",
          "Hash Join",
          "Sort",
          "Aggregate",
          "Gather Merge",
          "Subquery Scan",
          "Append"
        ],
        [
          "Seq Scan",
          "Hash",
          "Hash Join",
          "Sort",
          "Aggregate",
          "Gather Merge",
          "Subquery Scan",
          "Append"
        ],
        [
          "Seq Scan",
          "Hash",
          "Hash Join",
          "Sort",
          "Aggregate",
          "Gather Merge",
          "Subquery Scan",
          "Append"
        ],
        [
          "Seq Scan",
          "Hash",
          "Hash Join",
          "Sort",
          "Aggregate",
          "Gather Merge",
          "Subquery Scan",
          "Append"
        ],
        [
          "Seq Scan",
          "Hash Join",
          "Sort",
          "Aggregate",
          "Gather Merge",
          "Subquery Scan",
          "Append"
        ],
        [
          "Seq Scan",
          "Hash",
          "Hash Join",
          "Sort",
          "Aggregate",
          "Gather Merge",
          "Subquery Scan",
          "Append"
        ],
        [
          "Seq Scan",
          "Hash",
          "Hash Join",
          "Sort",
          "Aggregate",
          "Gather Merge",
          "Subquery Scan",
          "Append"
        ],
        [
          "Seq Scan",
          "Hash",
          "Hash Join",
          "Sort",
          "Aggregate",
          "Gather Merge",
          "Subquery Scan",
          "Append"
        ],
        [
          "Seq Scan",
          "Hash",
          "Hash Join",
          "Sort",
          "Aggregate",
          "Gather Merge",
          "Subquery Scan",
          "Append"
        ],
        [
          "Seq Scan",
          "Hash",
          "Hash Join",
          "Sort",
          "Aggregate",
          "Gather Merge",
          "Subquery Scan",
          "Append"
        ],
        [
          "Seq Scan",
          "Hash Join",
          "Sort",
          "Aggregate",
          "Gather Merge",
          "Subquery Scan",
          "Append"
        ],
        [
          "Seq Scan",
          "Hash",
          "Hash Join",
          "Sort",
          "Aggregate",
          "Gather Merge",
          "Subquery Scan",
          "Append"
        ],
        [
          "Seq Scan",
          "Hash",
          "Hash Join",
          "Sort",
          "Aggregate",
          "Gather Merge",
          "Subquery Scan",
          "Append"
        ],
        [
          "Seq Scan",
          "Hash",
          "Hash Join",
          "Sort",
          "Aggregate",
          "Gather Merge",
          "Subquery Scan",
          "Append"
        ],
        [
          "Seq Scan",
          "Hash",
          "Hash Join",
          "Sort",
          "Aggregate",
          "Gather Merge",
          "Subquery Scan",
          "Append"
        ],
        [
          "Seq Scan",
          "Hash",
          "Hash Join",
          "Sort",
          "Aggregate",
          "Gather Merge",
          "Subquery Scan",
          "Append"
        ]
      ],
      "index_shape": [
        "join"
      ],
      "physical_operator": {
        "Hash Join": [
          0.004666046765541177,
          0.0047626883590205366,
          0.004775353814081747
        ]
      }
    }
  },
  {
    "query": "with ssr as\n (select  s_store_id as store_id,\n          sum(ss_ext_sales_price) as sales,\n          sum(coalesce(sr_return_amt, 0)) as returns,\n          sum(ss_net_profit - coalesce(sr_net_loss, 0)) as profit\n  from store_sales left outer join store_returns on\n         (ss_item_sk = sr_item_sk and ss_ticket_number = sr_ticket_number),\n     date_dim,\n     store,\n     item,\n     promotion\n where ss_sold_date_sk = d_date_sk\n       and d_date between cast('1998-08-19' as date) \n                  and (cast('1998-08-19' as date) +  interval '30 days')\n       and ss_store_sk = s_store_sk\n       and ss_item_sk = i_item_sk\n       and i_current_price > 50\n       and ss_promo_sk = p_promo_sk\n       and p_channel_tv = 'N'\n group by s_store_id)\n ,\n csr as\n (select  cp_catalog_page_id as catalog_page_id,\n          sum(cs_ext_sales_price) as sales,\n          sum(coalesce(cr_return_amount, 0)) as returns,\n          sum(cs_net_profit - coalesce(cr_net_loss, 0)) as profit\n  from catalog_sales left outer join catalog_returns on\n         (cs_item_sk = cr_item_sk and cs_order_number = cr_order_number),\n     date_dim,\n     catalog_page,\n     item,\n     promotion\n where cs_sold_date_sk = d_date_sk\n       and d_date between cast('1998-08-19' as date)\n                  and (cast('1998-08-19' as date) +  interval '30 days')\n        and cs_catalog_page_sk = cp_catalog_page_sk\n       and cs_item_sk = i_item_sk\n       and i_current_price > 50\n       and cs_promo_sk = p_promo_sk\n       and p_channel_tv = 'N'\ngroup by cp_catalog_page_id)\n ,\n wsr as\n (select  web_site_id,\n          sum(ws_ext_sales_price) as sales,\n          sum(coalesce(wr_return_amt, 0)) as returns,\n          sum(ws_net_profit - coalesce(wr_net_loss, 0)) as profit\n  from web_sales left outer join web_returns on\n         (ws_item_sk = wr_item_sk and ws_order_number = wr_order_number),\n     date_dim,\n     web_site,\n     item,\n     promotion\n where ws_sold_date_sk = d_date_sk\n       and d_date between cast('1998-08-19' as date)\n                  and (cast('1998-08-19' as date) +  interval '30 days')\n        and ws_web_site_sk = web_site_sk\n       and ws_item_sk = i_item_sk\n       and i_current_price > 50\n       and ws_promo_sk = p_promo_sk\n       and p_channel_tv = 'N'\ngroup by web_site_id)\n  select  channel\n        , id\n        , sum(sales) as sales\n        , sum(returns) as returns\n        , sum(profit) as profit\n from \n (select 'store channel' as channel\n        , 'store' || store_id as id\n        , sales\n        , returns\n        , profit\n from   ssr\n union all\n select 'catalog channel' as channel\n        , 'catalog_page' || catalog_page_id as id\n        , sales\n        , returns\n        , profit\n from  csr\n union all\n select 'web channel' as channel\n        , 'web_site' || web_site_id as id\n        , sales\n        , returns\n        , profit\n from   wsr\n ) x\n group by rollup (channel, id)\n order by channel\n         ,id\n limit 100;\n\n-- end query 61 in stream 0 using template query80.tpl\n",
    "indexes": "date_dim.d_date",
    "wo plan est": {
      "Node Type": "Limit",
      "Parallel Aware": false,
      "Async Capable": false,
      "Startup Cost": 1566782.76,
      "Total Cost": 1566786.01,
      "Plan Rows": 100,
      "Plan Width": 160,
      "Plans": [
        {
          "Node Type": "Aggregate",
          "Strategy": "Sorted",
          "Partial Mode": "Simple",
          "Parent Relationship": "Outer",
          "Parallel Aware": false,
          "Async Capable": false,
          "Startup Cost": 1566782.76,
          "Total Cost": 1566795.8,
          "Plan Rows": 401,
          "Plan Width": 160,
          "Grouping Sets": [
            {
              "Group Keys": [
                [
                  "('store channel'::text)",
                  "(('store'::text || (ssr.store_id)::text))"
                ],
                [
                  "('store channel'::text)"
                ],
                []
              ]
            }
          ],
          "Plans": [
            {
              "Node Type": "Sort",
              "Parent Relationship": "Outer",
              "Parallel Aware": false,
              "Async Capable": false,
              "Startup Cost": 1566782.76,
              "Total Cost": 1566783.77,
              "Plan Rows": 401,
              "Plan Width": 160,
              "Sort Key": [
                "('store channel'::text)",
                "(('store'::text || (ssr.store_id)::text))"
              ],
              "Plans": [
                {
                  "Node Type": "Append",
                  "Parent Relationship": "Outer",
                  "Parallel Aware": false,
                  "Async Capable": false,
                  "Startup Cost": 784591.9,
                  "Total Cost": 1566765.43,
                  "Plan Rows": 401,
                  "Plan Width": 160,
                  "Subplans Removed": 0,
                  "Plans": [
                    {
                      "Node Type": "Subquery Scan",
                      "Parent Relationship": "Member",
                      "Parallel Aware": false,
                      "Async Capable": false,
                      "Alias": "ssr",
                      "Startup Cost": 784591.9,
                      "Total Cost": 784611.64,
                      "Plan Rows": 51,
                      "Plan Width": 160,
                      "Plans": [
                        {
                          "Node Type": "Aggregate",
                          "Strategy": "Sorted",
                          "Partial Mode": "Finalize",
                          "Parent Relationship": "Subquery",
                          "Parallel Aware": false,
                          "Async Capable": false,
                          "Startup Cost": 784591.9,
                          "Total Cost": 784610.87,
                          "Plan Rows": 51,
                          "Plan Width": 113,
                          "Group Key": [
                            "store.s_store_id"
                          ],
                          "Plans": [
                            {
                              "Node Type": "Gather Merge",
                              "Parent Relationship": "Outer",
                              "Parallel Aware": false,
                              "Async Capable": false,
                              "Startup Cost": 784591.9,
                              "Total Cost": 784608.2,
                              "Plan Rows": 102,
                              "Plan Width": 113,
                              "Workers Planned": 2,
                              "Plans": [
                                {
                                  "Node Type": "Aggregate",
                                  "Strategy": "Sorted",
                                  "Partial Mode": "Partial",
                                  "Parent Relationship": "Outer",
                                  "Parallel Aware": false,
                                  "Async Capable": false,
                                  "Startup Cost": 783591.88,
                                  "Total Cost": 783596.4,
                                  "Plan Rows": 51,
                                  "Plan Width": 113,
                                  "Group Key": [
                                    "store.s_store_id"
                                  ],
                                  "Plans": [
                                    {
                                      "Node Type": "Sort",
                                      "Parent Relationship": "Outer",
                                      "Parallel Aware": false,
                                      "Async Capable": false,
                                      "Startup Cost": 783591.88,
                                      "Total Cost": 783592.48,
                                      "Plan Rows": 242,
                                      "Plan Width": 41,
                                      "Sort Key": [
                                        "store.s_store_id"
                                      ],
                                      "Plans": [
                                        {
                                          "Node Type": "Hash Join",
                                          "Parent Relationship": "Outer",
                                          "Parallel Aware": false,
                                          "Async Capable": false,
                                          "Join Type": "Inner",
                                          "Startup Cost": 94489.35,
                                          "Total Cost": 783582.3,
                                          "Plan Rows": 242,
                                          "Plan Width": 41,
                                          "Inner Unique": false,
                                          "Hash Cond": "(store_sales.ss_store_sk = store.s_store_sk)",
                                          "Plans": [
                                            {
                                              "Node Type": "Hash Join",
                                              "Parent Relationship": "Outer",
                                              "Parallel Aware": false,
                                              "Async Capable": false,
                                              "Join Type": "Inner",
                                              "Startup Cost": 94482.05,
                                              "Total Cost": 783571.63,
                                              "Plan Rows": 254,
                                              "Plan Width": 28,
                                              "Inner Unique": false,
                                              "Hash Cond": "(store_sales.ss_promo_sk = promotion.p_promo_sk)",
                                              "Plans": [
                                                {
                                                  "Node Type": "Hash Join",
                                                  "Parent Relationship": "Outer",
                                                  "Parallel Aware": true,
                                                  "Async Capable": false,
                                                  "Join Type": "Inner",
                                                  "Startup Cost": 94456.65,
                                                  "Total Cost": 783542.68,
                                                  "Plan Rows": 270,
                                                  "Plan Width": 32,
                                                  "Inner Unique": false,
                                                  "Hash Cond": "(store_sales.ss_item_sk = item.i_item_sk)",
                                                  "Plans": [
                                                    {
                                                      "Node Type": "Hash Join",
                                                      "Parent Relationship": "Outer",
                                                      "Parallel Aware": true,
                                                      "Async Capable": false,
                                                      "Join Type": "Left",
                                                      "Startup Cost": 86930.88,
                                                      "Total Cost": 775998.13,
                                                      "Plan Rows": 4703,
                                                      "Plan Width": 36,
                                                      "Inner Unique": false,
                                                      "Hash Cond": "((store_sales.ss_item_sk = store_returns.sr_item_sk) AND (store_sales.ss_ticket_number = store_returns.sr_ticket_number))",
                                                      "Plans": [
                                                        {
                                                          "Node Type": "Hash Join",
                                                          "Parent Relationship": "Outer",
                                                          "Parallel Aware": true,
                                                          "Async Capable": false,
                                                          "Join Type": "Inner",
                                                          "Startup Cost": 2049.78,
                                                          "Total Cost": 683994.75,
                                                          "Plan Rows": 4703,
                                                          "Plan Width": 28,
                                                          "Inner Unique": false,
                                                          "Hash Cond": "(store_sales.ss_sold_date_sk = date_dim.d_date_sk)",
                                                          "Plans": [
                                                            {
                                                              "Node Type": "Seq Scan",
                                                              "Parent Relationship": "Outer",
                                                              "Parallel Aware": true,
                                                              "Async Capable": false,
                                                              "Relation Name": "store_sales",
                                                              "Alias": "store_sales",
                                                              "Startup Cost": 0.0,
                                                              "Total Cost": 636914.37,
                                                              "Plan Rows": 12000637,
                                                              "Plan Width": 32,
                                                              "parent": 13,
                                                              "ID": 14
                                                            },
                                                            {
                                                              "Node Type": "Hash",
                                                              "Parent Relationship": "Inner",
                                                              "Parallel Aware": true,
                                                              "Async Capable": false,
                                                              "Startup Cost": 2049.55,
                                                              "Total Cost": 2049.55,
                                                              "Plan Rows": 18,
                                                              "Plan Width": 4,
                                                              "Plans": [
                                                                {
                                                                  "Node Type": "Seq Scan",
                                                                  "Parent Relationship": "Outer",
                                                                  "Parallel Aware": true,
                                                                  "Async Capable": false,
                                                                  "Relation Name": "date_dim",
                                                                  "Alias": "date_dim",
                                                                  "Startup Cost": 0.0,
                                                                  "Total Cost": 2049.55,
                                                                  "Plan Rows": 18,
                                                                  "Plan Width": 4,
                                                                  "Filter": "((d_date >= '1998-08-19'::date) AND (d_date <= '1998-09-18 00:00:00'::timestamp without time zone))",
                                                                  "parent": 15,
                                                                  "ID": 16
                                                                }
                                                              ],
                                                              "parent": 13,
                                                              "ID": 15,
                                                              "left": 16
                                                            }
                                                          ],
                                                          "parent": 12,
                                                          "ID": 13,
                                                          "left": 14,
                                                          "right": 15
                                                        },
                                                        {
                                                          "Node Type": "Hash",
                                                          "Parent Relationship": "Inner",
                                                          "Parallel Aware": true,
                                                          "Async Capable": false,
                                                          "Startup Cost": 59887.64,
                                                          "Total Cost": 59887.64,
                                                          "Plan Rows": 1198164,
                                                          "Plan Width": 20,
                                                          "Plans": [
                                                            {
                                                              "Node Type": "Seq Scan",
                                                              "Parent Relationship": "Outer",
                                                              "Parallel Aware": true,
                                                              "Async Capable": false,
                                                              "Relation Name": "store_returns",
                                                              "Alias": "store_returns",
                                                              "Startup Cost": 0.0,
                                                              "Total Cost": 59887.64,
                                                              "Plan Rows": 1198164,
                                                              "Plan Width": 20,
                                                              "parent": 17,
                                                              "ID": 18
                                                            }
                                                          ],
                                                          "parent": 12,
                                                          "ID": 17,
                                                          "left": 18
                                                        }
                                                      ],
                                                      "parent": 11,
                                                      "ID": 12,
                                                      "left": 13,
                                                      "right": 17
                                                    },
                                                    {
                                                      "Node Type": "Hash",
                                                      "Parent Relationship": "Inner",
                                                      "Parallel Aware": true,
                                                      "Async Capable": false,
                                                      "Startup Cost": 7495.25,
                                                      "Total Cost": 7495.25,
                                                      "Plan Rows": 2442,
                                                      "Plan Width": 4,
                                                      "Plans": [
                                                        {
                                                          "Node Type": "Seq Scan",
                                                          "Parent Relationship": "Outer",
                                                          "Parallel Aware": true,
                                                          "Async Capable": false,
                                                          "Relation Name": "item",
                                                          "Alias": "item",
                                                          "Startup Cost": 0.0,
                                                          "Total Cost": 7495.25,
                                                          "Plan Rows": 2442,
                                                          "Plan Width": 4,
                                                          "Filter": "(i_current_price > '50'::numeric)",
                                                          "parent": 19,
                                                          "ID": 20
                                                        }
                                                      ],
                                                      "parent": 11,
                                                      "ID": 19,
                                                      "left": 20
                                                    }
                                                  ],
                                                  "parent": 10,
                                                  "ID": 11,
                                                  "left": 12,
                                                  "right": 19
                                                },
                                                {
                                                  "Node Type": "Hash",
                                                  "Parent Relationship": "Inner",
                                                  "Parallel Aware": false,
                                                  "Async Capable": false,
                                                  "Startup Cost": 19.25,
                                                  "Total Cost": 19.25,
                                                  "Plan Rows": 492,
                                                  "Plan Width": 4,
                                                  "Plans": [
                                                    {
                                                      "Node Type": "Seq Scan",
                                                      "Parent Relationship": "Outer",
                                                      "Parallel Aware": false,
                                                      "Async Capable": false,
                                                      "Relation Name": "promotion",
                                                      "Alias": "promotion",
                                                      "Startup Cost": 0.0,
                                                      "Total Cost": 19.25,
                                                      "Plan Rows": 492,
                                                      "Plan Width": 4,
                                                      "Filter": "(p_channel_tv = 'N'::bpchar)",
                                                      "parent": 21,
                                                      "ID": 22
                                                    }
                                                  ],
                                                  "parent": 10,
                                                  "ID": 21,
                                                  "left": 22
                                                }
                                              ],
                                              "parent": 9,
                                              "ID": 10,
                                              "left": 11,
                                              "right": 21
                                            },
                                            {
                                              "Node Type": "Hash",
                                              "Parent Relationship": "Inner",
                                              "Parallel Aware": false,
                                              "Async Capable": false,
                                              "Startup Cost": 6.02,
                                              "Total Cost": 6.02,
                                              "Plan Rows": 102,
                                              "Plan Width": 21,
                                              "Plans": [
                                                {
                                                  "Node Type": "Seq Scan",
                                                  "Parent Relationship": "Outer",
                                                  "Parallel Aware": false,
                                                  "Async Capable": false,
                                                  "Relation Name": "store",
                                                  "Alias": "store",
                                                  "Startup Cost": 0.0,
                                                  "Total Cost": 6.02,
                                                  "Plan Rows": 102,
                                                  "Plan Width": 21,
                                                  "parent": 23,
                                                  "ID": 24
                                                }
                                              ],
                                              "parent": 9,
                                              "ID": 23,
                                              "left": 24
                                            }
                                          ],
                                          "parent": 8,
                                          "ID": 9,
                                          "left": 10,
                                          "right": 23
                                        }
                                      ],
                                      "parent": 7,
                                      "ID": 8,
                                      "left": 9
                                    }
                                  ],
                                  "parent": 6,
                                  "ID": 7,
                                  "left": 8
                                }
                              ],
                              "parent": 5,
                              "ID": 6,
                              "left": 7
                            }
                          ],
                          "parent": 4,
                          "ID": 5,
                          "left": 6
                        }
                      ],
                      "parent": 3,
                      "ID": 4,
                      "left": 5
                    },
                    {
                      "Node Type": "Subquery Scan",
                      "Parent Relationship": "Member",
                      "Parallel Aware": false,
                      "Async Capable": false,
                      "Alias": "csr",
                      "Startup Cost": 518174.1,
                      "Total Cost": 518225.66,
                      "Plan Rows": 329,
                      "Plan Width": 160,
                      "Plans": [
                        {
                          "Node Type": "Aggregate",
                          "Strategy": "Sorted",
                          "Partial Mode": "Finalize",
                          "Parent Relationship": "Subquery",
                          "Parallel Aware": false,
                          "Async Capable": false,
                          "Startup Cost": 518174.1,
                          "Total Cost": 518220.73,
                          "Plan Rows": 329,
                          "Plan Width": 113,
                          "Group Key": [
                            "catalog_page.cp_catalog_page_id"
                          ],
                          "Plans": [
                            {
                              "Node Type": "Gather Merge",
                              "Parent Relationship": "Outer",
                              "Parallel Aware": false,
                              "Async Capable": false,
                              "Startup Cost": 518174.1,
                              "Total Cost": 518210.18,
                              "Plan Rows": 274,
                              "Plan Width": 113,
                              "Workers Planned": 2,
                              "Plans": [
                                {
                                  "Node Type": "Aggregate",
                                  "Strategy": "Sorted",
                                  "Partial Mode": "Partial",
                                  "Parent Relationship": "Outer",
                                  "Parallel Aware": false,
                                  "Async Capable": false,
                                  "Startup Cost": 517174.07,
                                  "Total Cost": 517178.53,
                                  "Plan Rows": 137,
                                  "Plan Width": 113,
                                  "Group Key": [
                                    "catalog_page.cp_catalog_page_id"
                                  ],
                                  "Plans": [
                                    {
                                      "Node Type": "Sort",
                                      "Parent Relationship": "Outer",
                                      "Parallel Aware": false,
                                      "Async Capable": false,
                                      "Startup Cost": 517174.07,
                                      "Total Cost": 517174.42,
                                      "Plan Rows": 137,
                                      "Plan Width": 41,
                                      "Sort Key": [
                                        "catalog_page.cp_catalog_page_id"
                                      ],
                                      "Plans": [
                                        {
                                          "Node Type": "Hash Join",
                                          "Parent Relationship": "Outer",
                                          "Parallel Aware": false,
                                          "Async Capable": false,
                                          "Join Type": "Inner",
                                          "Startup Cost": 57382.33,
                                          "Total Cost": 517169.21,
                                          "Plan Rows": 137,
                                          "Plan Width": 41,
                                          "Inner Unique": false,
                                          "Hash Cond": "(catalog_sales.cs_catalog_page_sk = catalog_page.cp_catalog_page_sk)",
                                          "Plans": [
                                            {
                                              "Node Type": "Hash Join",
                                              "Parent Relationship": "Outer",
                                              "Parallel Aware": false,
                                              "Async Capable": false,
                                              "Join Type": "Inner",
                                              "Startup Cost": 56864.33,
                                              "Total Cost": 516649.32,
                                              "Plan Rows": 138,
                                              "Plan Width": 28,
                                              "Inner Unique": false,
                                              "Hash Cond": "(catalog_sales.cs_promo_sk = promotion_1.p_promo_sk)",
                                              "Plans": [
                                                {
                                                  "Node Type": "Hash Join",
                                                  "Parent Relationship": "Outer",
                                                  "Parallel Aware": true,
                                                  "Async Capable": false,
                                                  "Join Type": "Inner",
                                                  "Startup Cost": 56838.93,
                                                  "Total Cost": 516622.01,
                                                  "Plan Rows": 141,
                                                  "Plan Width": 32,
                                                  "Inner Unique": false,
                                                  "Hash Cond": "(catalog_sales.cs_item_sk = item_1.i_item_sk)",
                                                  "Plans": [
                                                    {
                                                      "Node Type": "Hash Join",
                                                      "Parent Relationship": "Outer",
                                                      "Parallel Aware": true,
                                                      "Async Capable": false,
                                                      "Join Type": "Left",
                                                      "Startup Cost": 49313.15,
                                                      "Total Cost": 509086.46,
                                                      "Plan Rows": 2450,
                                                      "Plan Width": 36,
                                                      "Inner Unique": false,
                                                      "Hash Cond": "((catalog_sales.cs_item_sk = catalog_returns.cr_item_sk) AND (catalog_sales.cs_order_number = catalog_returns.cr_order_number))",
                                                      "Plans": [
                                                        {
                                                          "Node Type": "Hash Join",
                                                          "Parent Relationship": "Outer",
                                                          "Parallel Aware": true,
                                                          "Async Capable": false,
                                                          "Join Type": "Inner",
                                                          "Startup Cost": 2049.78,
                                                          "Total Cost": 458254.7,
                                                          "Plan Rows": 2450,
                                                          "Plan Width": 28,
                                                          "Inner Unique": false,
                                                          "Hash Cond": "(catalog_sales.cs_sold_date_sk = date_dim_1.d_date_sk)",
                                                          "Plans": [
                                                            {
                                                              "Node Type": "Seq Scan",
                                                              "Parent Relationship": "Outer",
                                                              "Parallel Aware": true,
                                                              "Async Capable": false,
                                                              "Relation Name": "catalog_sales",
                                                              "Alias": "catalog_sales",
                                                              "Startup Cost": 0.0,
                                                              "Total Cost": 433688.25,
                                                              "Plan Rows": 6000525,
                                                              "Plan Width": 32,
                                                              "parent": 34,
                                                              "ID": 35
                                                            },
                                                            {
                                                              "Node Type": "Hash",
                                                              "Parent Relationship": "Inner",
                                                              "Parallel Aware": true,
                                                              "Async Capable": false,
                                                              "Startup Cost": 2049.55,
                                                              "Total Cost": 2049.55,
                                                              "Plan Rows": 18,
                                                              "Plan Width": 4,
                                                              "Plans": [
                                                                {
                                                                  "Node Type": "Seq Scan",
                                                                  "Parent Relationship": "Outer",
                                                                  "Parallel Aware": true,
                                                                  "Async Capable": false,
                                                                  "Relation Name": "date_dim",
                                                                  "Alias": "date_dim_1",
                                                                  "Startup Cost": 0.0,
                                                                  "Total Cost": 2049.55,
                                                                  "Plan Rows": 18,
                                                                  "Plan Width": 4,
                                                                  "Filter": "((d_date >= '1998-08-19'::date) AND (d_date <= '1998-09-18 00:00:00'::timestamp without time zone))",
                                                                  "parent": 36,
                                                                  "ID": 37
                                                                }
                                                              ],
                                                              "parent": 34,
                                                              "ID": 36,
                                                              "left": 37
                                                            }
                                                          ],
                                                          "parent": 33,
                                                          "ID": 34,
                                                          "left": 35,
                                                          "right": 36
                                                        },
                                                        {
                                                          "Node Type": "Hash",
                                                          "Parent Relationship": "Inner",
                                                          "Parallel Aware": true,
                                                          "Async Capable": false,
                                                          "Startup Cost": 34748.95,
                                                          "Total Cost": 34748.95,
                                                          "Plan Rows": 599895,
                                                          "Plan Width": 20,
                                                          "Plans": [
                                                            {
                                                              "Node Type": "Seq Scan",
                                                              "Parent Relationship": "Outer",
                                                              "Parallel Aware": true,
                                                              "Async Capable": false,
                                                              "Relation Name": "catalog_returns",
                                                              "Alias": "catalog_returns",
                                                              "Startup Cost": 0.0,
                                                              "Total Cost": 34748.95,
                                                              "Plan Rows": 599895,
                                                              "Plan Width": 20,
                                                              "parent": 38,
                                                              "ID": 39
                                                            }
                                                          ],
                                                          "parent": 33,
                                                          "ID": 38,
                                                          "left": 39
                                                        }
                                                      ],
                                                      "parent": 32,
                                                      "ID": 33,
                                                      "left": 34,
                                                      "right": 38
                                                    },
                                                    {
                                                      "Node Type": "Hash",
                                                      "Parent Relationship": "Inner",
                                                      "Parallel Aware": true,
                                                      "Async Capable": false,
                                                      "Startup Cost": 7495.25,
                                                      "Total Cost": 7495.25,
                                                      "Plan Rows": 2442,
                                                      "Plan Width": 4,
                                                      "Plans": [
                                                        {
                                                          "Node Type": "Seq Scan",
                                                          "Parent Relationship": "Outer",
                                                          "Parallel Aware": true,
                                                          "Async Capable": false,
                                                          "Relation Name": "item",
                                                          "Alias": "item_1",
                                                          "Startup Cost": 0.0,
                                                          "Total Cost": 7495.25,
                                                          "Plan Rows": 2442,
                                                          "Plan Width": 4,
                                                          "Filter": "(i_current_price > '50'::numeric)",
                                                          "parent": 40,
                                                          "ID": 41
                                                        }
                                                      ],
                                                      "parent": 32,
                                                      "ID": 40,
                                                      "left": 41
                                                    }
                                                  ],
                                                  "parent": 31,
                                                  "ID": 32,
                                                  "left": 33,
                                                  "right": 40
                                                },
                                                {
                                                  "Node Type": "Hash",
                                                  "Parent Relationship": "Inner",
                                                  "Parallel Aware": false,
                                                  "Async Capable": false,
                                                  "Startup Cost": 19.25,
                                                  "Total Cost": 19.25,
                                                  "Plan Rows": 492,
                                                  "Plan Width": 4,
                                                  "Plans": [
                                                    {
                                                      "Node Type": "Seq Scan",
                                                      "Parent Relationship": "Outer",
                                                      "Parallel Aware": false,
                                                      "Async Capable": false,
                                                      "Relation Name": "promotion",
                                                      "Alias": "promotion_1",
                                                      "Startup Cost": 0.0,
                                                      "Total Cost": 19.25,
                                                      "Plan Rows": 492,
                                                      "Plan Width": 4,
                                                      "Filter": "(p_channel_tv = 'N'::bpchar)",
                                                      "parent": 42,
                                                      "ID": 43
                                                    }
                                                  ],
                                                  "parent": 31,
                                                  "ID": 42,
                                                  "left": 43
                                                }
                                              ],
                                              "parent": 30,
                                              "ID": 31,
                                              "left": 32,
                                              "right": 42
                                            },
                                            {
                                              "Node Type": "Hash",
                                              "Parent Relationship": "Inner",
                                              "Parallel Aware": false,
                                              "Async Capable": false,
                                              "Startup Cost": 368.0,
                                              "Total Cost": 368.0,
                                              "Plan Rows": 12000,
                                              "Plan Width": 21,
                                              "Plans": [
                                                {
                                                  "Node Type": "Seq Scan",
                                                  "Parent Relationship": "Outer",
                                                  "Parallel Aware": false,
                                                  "Async Capable": false,
                                                  "Relation Name": "catalog_page",
                                                  "Alias": "catalog_page",
                                                  "Startup Cost": 0.0,
                                                  "Total Cost": 368.0,
                                                  "Plan Rows": 12000,
                                                  "Plan Width": 21,
                                                  "parent": 44,
                                                  "ID": 45
                                                }
                                              ],
                                              "parent": 30,
                                              "ID": 44,
                                              "left": 45
                                            }
                                          ],
                                          "parent": 29,
                                          "ID": 30,
                                          "left": 31,
                                          "right": 44
                                        }
                                      ],
                                      "parent": 28,
                                      "ID": 29,
                                      "left": 30
                                    }
                                  ],
                                  "parent": 27,
                                  "ID": 28,
                                  "left": 29
                                }
                              ],
                              "parent": 26,
                              "ID": 27,
                              "left": 28
                            }
                          ],
                          "parent": 25,
                          "ID": 26,
                          "left": 27
                        }
                      ],
                      "parent": 3,
                      "ID": 25,
                      "left": 26
                    },
                    {
                      "Node Type": "Subquery Scan",
                      "Parent Relationship": "Member",
                      "Parallel Aware": false,
                      "Async Capable": false,
                      "Alias": "wsr",
                      "Startup Cost": 263918.43,
                      "Total Cost": 263926.12,
                      "Plan Rows": 21,
                      "Plan Width": 160,
                      "Plans": [
                        {
                          "Node Type": "Aggregate",
                          "Strategy": "Sorted",
                          "Partial Mode": "Finalize",
                          "Parent Relationship": "Subquery",
                          "Parallel Aware": false,
                          "Async Capable": false,
                          "Startup Cost": 263918.43,
                          "Total Cost": 263925.8,
                          "Plan Rows": 21,
                          "Plan Width": 113,
                          "Group Key": [
                            "web_site.web_site_id"
                          ],
                          "Plans": [
                            {
                              "Node Type": "Gather Merge",
                              "Parent Relationship": "Outer",
                              "Parallel Aware": false,
                              "Async Capable": false,
                              "Startup Cost": 263918.43,
                              "Total Cost": 263924.7,
                              "Plan Rows": 42,
                              "Plan Width": 113,
                              "Workers Planned": 2,
                              "Plans": [
                                {
                                  "Node Type": "Aggregate",
                                  "Strategy": "Sorted",
                                  "Partial Mode": "Partial",
                                  "Parent Relationship": "Outer",
                                  "Parallel Aware": false,
                                  "Async Capable": false,
                                  "Startup Cost": 262918.41,
                                  "Total Cost": 262919.83,
                                  "Plan Rows": 21,
                                  "Plan Width": 113,
                                  "Group Key": [
                                    "web_site.web_site_id"
                                  ],
                                  "Plans": [
                                    {
                                      "Node Type": "Sort",
                                      "Parent Relationship": "Outer",
                                      "Parallel Aware": false,
                                      "Async Capable": false,
                                      "Startup Cost": 262918.41,
                                      "Total Cost": 262918.59,
                                      "Plan Rows": 70,
                                      "Plan Width": 41,
                                      "Sort Key": [
                                        "web_site.web_site_id"
                                      ],
                                      "Plans": [
                                        {
                                          "Node Type": "Hash Join",
                                          "Parent Relationship": "Outer",
                                          "Parallel Aware": false,
                                          "Async Capable": false,
                                          "Join Type": "Inner",
                                          "Startup Cost": 32134.74,
                                          "Total Cost": 262916.27,
                                          "Plan Rows": 70,
                                          "Plan Width": 41,
                                          "Inner Unique": false,
                                          "Hash Cond": "(web_sales.ws_web_site_sk = web_site.web_site_sk)",
                                          "Plans": [
                                            {
                                              "Node Type": "Hash Join",
                                              "Parent Relationship": "Outer",
                                              "Parallel Aware": false,
                                              "Async Capable": false,
                                              "Join Type": "Inner",
                                              "Startup Cost": 32130.8,
                                              "Total Cost": 262911.36,
                                              "Plan Rows": 70,
                                              "Plan Width": 28,
                                              "Inner Unique": false,
                                              "Hash Cond": "(web_sales.ws_promo_sk = promotion_2.p_promo_sk)",
                                              "Plans": [
                                                {
                                                  "Node Type": "Hash Join",
                                                  "Parent Relationship": "Outer",
                                                  "Parallel Aware": true,
                                                  "Async Capable": false,
                                                  "Join Type": "Inner",
                                                  "Startup Cost": 32105.4,
                                                  "Total Cost": 262884.99,
                                                  "Plan Rows": 71,
                                                  "Plan Width": 32,
                                                  "Inner Unique": false,
                                                  "Hash Cond": "(web_sales.ws_item_sk = item_2.i_item_sk)",
                                                  "Plans": [
                                                    {
                                                      "Node Type": "Hash Join",
                                                      "Parent Relationship": "Outer",
                                                      "Parallel Aware": true,
                                                      "Async Capable": false,
                                                      "Join Type": "Left",
                                                      "Startup Cost": 24579.62,
                                                      "Total Cost": 255354.31,
                                                      "Plan Rows": 1231,
                                                      "Plan Width": 36,
                                                      "Inner Unique": false,
                                                      "Hash Cond": "((web_sales.ws_item_sk = web_returns.wr_item_sk) AND (web_sales.ws_order_number = web_returns.wr_order_number))",
                                                      "Plans": [
                                                        {
                                                          "Node Type": "Hash Join",
                                                          "Parent Relationship": "Outer",
                                                          "Parallel Aware": true,
                                                          "Async Capable": false,
                                                          "Join Type": "Inner",
                                                          "Startup Cost": 2049.78,
                                                          "Total Cost": 231041.22,
                                                          "Plan Rows": 1231,
                                                          "Plan Width": 28,
                                                          "Inner Unique": false,
                                                          "Hash Cond": "(web_sales.ws_sold_date_sk = date_dim_2.d_date_sk)",
                                                          "Plans": [
                                                            {
                                                              "Node Type": "Seq Scan",
                                                              "Parent Relationship": "Outer",
                                                              "Parallel Aware": true,
                                                              "Async Capable": false,
                                                              "Relation Name": "web_sales",
                                                              "Alias": "web_sales",
                                                              "Startup Cost": 0.0,
                                                              "Total Cost": 217737.86,
                                                              "Plan Rows": 2998986,
                                                              "Plan Width": 32,
                                                              "parent": 55,
                                                              "ID": 56
                                                            },
                                                            {
                                                              "Node Type": "Hash",
                                                              "Parent Relationship": "Inner",
                                                              "Parallel Aware": true,
                                                              "Async Capable": false,
                                                              "Startup Cost": 2049.55,
                                                              "Total Cost": 2049.55,
                                                              "Plan Rows": 18,
                                                              "Plan Width": 4,
                                                              "Plans": [
                                                                {
                                                                  "Node Type": "Seq Scan",
                                                                  "Parent Relationship": "Outer",
                                                                  "Parallel Aware": true,
                                                                  "Async Capable": false,
                                                                  "Relation Name": "date_dim",
                                                                  "Alias": "date_dim_2",
                                                                  "Startup Cost": 0.0,
                                                                  "Total Cost": 2049.55,
                                                                  "Plan Rows": 18,
                                                                  "Plan Width": 4,
                                                                  "Filter": "((d_date >= '1998-08-19'::date) AND (d_date <= '1998-09-18 00:00:00'::timestamp without time zone))",
                                                                  "parent": 57,
                                                                  "ID": 58
                                                                }
                                                              ],
                                                              "parent": 55,
                                                              "ID": 57,
                                                              "left": 58
                                                            }
                                                          ],
                                                          "parent": 54,
                                                          "ID": 55,
                                                          "left": 56,
                                                          "right": 57
                                                        },
                                                        {
                                                          "Node Type": "Hash",
                                                          "Parent Relationship": "Inner",
                                                          "Parallel Aware": true,
                                                          "Async Capable": false,
                                                          "Startup Cost": 16278.74,
                                                          "Total Cost": 16278.74,
                                                          "Plan Rows": 299674,
                                                          "Plan Width": 20,
                                                          "Plans": [
                                                            {
                                                              "Node Type": "Seq Scan",
                                                              "Parent Relationship": "Outer",
                                                              "Parallel Aware": true,
                                                              "Async Capable": false,
                                                              "Relation Name": "web_returns",
                                                              "Alias": "web_returns",
                                                              "Startup Cost": 0.0,
                                                              "Total Cost": 16278.74,
                                                              "Plan Rows": 299674,
                                                              "Plan Width": 20,
                                                              "parent": 59,
                                                              "ID": 60
                                                            }
                                                          ],
                                                          "parent": 54,
                                                          "ID": 59,
                                                          "left": 60
                                                        }
                                                      ],
                                                      "parent": 53,
                                                      "ID": 54,
                                                      "left": 55,
                                                      "right": 59
                                                    },
                                                    {
                                                      "Node Type": "Hash",
                                                      "Parent Relationship": "Inner",
                                                      "Parallel Aware": true,
                                                      "Async Capable": false,
                                                      "Startup Cost": 7495.25,
                                                      "Total Cost": 7495.25,
                                                      "Plan Rows": 2442,
                                                      "Plan Width": 4,
                                                      "Plans": [
                                                        {
                                                          "Node Type": "Seq Scan",
                                                          "Parent Relationship": "Outer",
                                                          "Parallel Aware": true,
                                                          "Async Capable": false,
                                                          "Relation Name": "item",
                                                          "Alias": "item_2",
                                                          "Startup Cost": 0.0,
                                                          "Total Cost": 7495.25,
                                                          "Plan Rows": 2442,
                                                          "Plan Width": 4,
                                                          "Filter": "(i_current_price > '50'::numeric)",
                                                          "parent": 61,
                                                          "ID": 62
                                                        }
                                                      ],
                                                      "parent": 53,
                                                      "ID": 61,
                                                      "left": 62
                                                    }
                                                  ],
                                                  "parent": 52,
                                                  "ID": 53,
                                                  "left": 54,
                                                  "right": 61
                                                },
                                                {
                                                  "Node Type": "Hash",
                                                  "Parent Relationship": "Inner",
                                                  "Parallel Aware": false,
                                                  "Async Capable": false,
                                                  "Startup Cost": 19.25,
                                                  "Total Cost": 19.25,
                                                  "Plan Rows": 492,
                                                  "Plan Width": 4,
                                                  "Plans": [
                                                    {
                                                      "Node Type": "Seq Scan",
                                                      "Parent Relationship": "Outer",
                                                      "Parallel Aware": false,
                                                      "Async Capable": false,
                                                      "Relation Name": "promotion",
                                                      "Alias": "promotion_2",
                                                      "Startup Cost": 0.0,
                                                      "Total Cost": 19.25,
                                                      "Plan Rows": 492,
                                                      "Plan Width": 4,
                                                      "Filter": "(p_channel_tv = 'N'::bpchar)",
                                                      "parent": 63,
                                                      "ID": 64
                                                    }
                                                  ],
                                                  "parent": 52,
                                                  "ID": 63,
                                                  "left": 64
                                                }
                                              ],
                                              "parent": 51,
                                              "ID": 52,
                                              "left": 53,
                                              "right": 63
                                            },
                                            {
                                              "Node Type": "Hash",
                                              "Parent Relationship": "Inner",
                                              "Parallel Aware": false,
                                              "Async Capable": false,
                                              "Startup Cost": 3.42,
                                              "Total Cost": 3.42,
                                              "Plan Rows": 42,
                                              "Plan Width": 21,
                                              "Plans": [
                                                {
                                                  "Node Type": "Seq Scan",
                                                  "Parent Relationship": "Outer",
                                                  "Parallel Aware": false,
                                                  "Async Capable": false,
                                                  "Relation Name": "web_site",
                                                  "Alias": "web_site",
                                                  "Startup Cost": 0.0,
                                                  "Total Cost": 3.42,
                                                  "Plan Rows": 42,
                                                  "Plan Width": 21,
                                                  "parent": 65,
                                                  "ID": 66
                                                }
                                              ],
                                              "parent": 51,
                                              "ID": 65,
                                              "left": 66
                                            }
                                          ],
                                          "parent": 50,
                                          "ID": 51,
                                          "left": 52,
                                          "right": 65
                                        }
                                      ],
                                      "parent": 49,
                                      "ID": 50,
                                      "left": 51
                                    }
                                  ],
                                  "parent": 48,
                                  "ID": 49,
                                  "left": 50
                                }
                              ],
                              "parent": 47,
                              "ID": 48,
                              "left": 49
                            }
                          ],
                          "parent": 46,
                          "ID": 47,
                          "left": 48
                        }
                      ],
                      "parent": 3,
                      "ID": 46,
                      "left": 47
                    }
                  ],
                  "parent": 2,
                  "ID": 3,
                  "left": 4,
                  "right": 25
                }
              ],
              "parent": 1,
              "ID": 2,
              "left": 3
            }
          ],
          "parent": 0,
          "ID": 1,
          "left": 2
        }
      ],
      "parent": null,
      "ID": 0,
      "left": 1
    },
    "feat": {
      "utility": 0.00392992169588851,
      "query_shape": [
        [
          "Seq Scan",
          "Hash Join",
          "Sort",
          "Aggregate",
          "Gather Merge",
          "Subquery Scan",
          "Append"
        ],
        [
          "Seq Scan",
          "Hash",
          "Hash Join",
          "Sort",
          "Aggregate",
          "Gather Merge",
          "Subquery Scan",
          "Append"
        ],
        [
          "Seq Scan",
          "Hash",
          "Hash Join",
          "Sort",
          "Aggregate",
          "Gather Merge",
          "Subquery Scan",
          "Append"
        ],
        [
          "Seq Scan",
          "Hash",
          "Hash Join",
          "Sort",
          "Aggregate",
          "Gather Merge",
          "Subquery Scan",
          "Append"
        ],
        [
          "Seq Scan",
          "Hash",
          "Hash Join",
          "Sort",
          "Aggregate",
          "Gather Merge",
          "Subquery Scan",
          "Append"
        ],
        [
          "Seq Scan",
          "Hash",
          "Hash Join",
          "Sort",
          "Aggregate",
          "Gather Merge",
          "Subquery Scan",
          "Append"
        ],
        [
          "Seq Scan",
          "Hash Join",
          "Sort",
          "Aggregate",
          "Gather Merge",
          "Subquery Scan",
          "Append"
        ],
        [
          "Seq Scan",
          "Hash",
          "Hash Join",
          "Sort",
          "Aggregate",
          "Gather Merge",
          "Subquery Scan",
          "Append"
        ],
        [
          "Seq Scan",
          "Hash",
          "Hash Join",
          "Sort",
          "Aggregate",
          "Gather Merge",
          "Subquery Scan",
          "Append"
        ],
        [
          "Seq Scan",
          "Hash",
          "Hash Join",
          "Sort",
          "Aggregate",
          "Gather Merge",
          "Subquery Scan",
          "Append"
        ],
        [
          "Seq Scan",
          "Hash",
          "Hash Join",
          "Sort",
          "Aggregate",
          "Gather Merge",
          "Subquery Scan",
          "Append"
        ],
        [
          "Seq Scan",
          "Hash",
          "Hash Join",
          "Sort",
          "Aggregate",
          "Gather Merge",
          "Subquery Scan",
          "Append"
        ],
        [
          "Seq Scan",
          "Hash Join",
          "Sort",
          "Aggregate",
          "Gather Merge",
          "Subquery Scan",
          "Append"
        ],
        [
          "Seq Scan",
          "Hash",
          "Hash Join",
          "Sort",
          "Aggregate",
          "Gather Merge",
          "Subquery Scan",
          "Append"
        ],
        [
          "Seq Scan",
          "Hash",
          "Hash Join",
          "Sort",
          "Aggregate",
          "Gather Merge",
          "Subquery Scan",
          "Append"
        ],
        [
          "Seq Scan",
          "Hash",
          "Hash Join",
          "Sort",
          "Aggregate",
          "Gather Merge",
          "Subquery Scan",
          "Append"
        ],
        [
          "Seq Scan",
          "Hash",
          "Hash Join",
          "Sort",
          "Aggregate",
          "Gather Merge",
          "Subquery Scan",
          "Append"
        ],
        [
          "Seq Scan",
          "Hash",
          "Hash Join",
          "Sort",
          "Aggregate",
          "Gather Merge",
          "Subquery Scan",
          "Append"
        ]
      ],
      "index_shape": [
        "join"
      ],
      "physical_operator": {
        "Seq Scan": [
          0.0002464099440101508,
          0.0002464099440101508,
          0.0002464099440101508
        ],
        "Hash Join": [
          0.004666046765541177,
          0.0047626883590205366,
          0.004775353814081747
        ]
      }
    }
  },
  {
    "query": "with ssr as\n (select  s_store_id as store_id,\n          sum(ss_ext_sales_price) as sales,\n          sum(coalesce(sr_return_amt, 0)) as returns,\n          sum(ss_net_profit - coalesce(sr_net_loss, 0)) as profit\n  from store_sales left outer join store_returns on\n         (ss_item_sk = sr_item_sk and ss_ticket_number = sr_ticket_number),\n     date_dim,\n     store,\n     item,\n     promotion\n where ss_sold_date_sk = d_date_sk\n       and d_date between cast('1998-08-19' as date) \n                  and (cast('1998-08-19' as date) +  interval '30 days')\n       and ss_store_sk = s_store_sk\n       and ss_item_sk = i_item_sk\n       and i_current_price > 50\n       and ss_promo_sk = p_promo_sk\n       and p_channel_tv = 'N'\n group by s_store_id)\n ,\n csr as\n (select  cp_catalog_page_id as catalog_page_id,\n          sum(cs_ext_sales_price) as sales,\n          sum(coalesce(cr_return_amount, 0)) as returns,\n          sum(cs_net_profit - coalesce(cr_net_loss, 0)) as profit\n  from catalog_sales left outer join catalog_returns on\n         (cs_item_sk = cr_item_sk and cs_order_number = cr_order_number),\n     date_dim,\n     catalog_page,\n     item,\n     promotion\n where cs_sold_date_sk = d_date_sk\n       and d_date between cast('1998-08-19' as date)\n                  and (cast('1998-08-19' as date) +  interval '30 days')\n        and cs_catalog_page_sk = cp_catalog_page_sk\n       and cs_item_sk = i_item_sk\n       and i_current_price > 50\n       and cs_promo_sk = p_promo_sk\n       and p_channel_tv = 'N'\ngroup by cp_catalog_page_id)\n ,\n wsr as\n (select  web_site_id,\n          sum(ws_ext_sales_price) as sales,\n          sum(coalesce(wr_return_amt, 0)) as returns,\n          sum(ws_net_profit - coalesce(wr_net_loss, 0)) as profit\n  from web_sales left outer join web_returns on\n         (ws_item_sk = wr_item_sk and ws_order_number = wr_order_number),\n     date_dim,\n     web_site,\n     item,\n     promotion\n where ws_sold_date_sk = d_date_sk\n       and d_date between cast('1998-08-19' as date)\n                  and (cast('1998-08-19' as date) +  interval '30 days')\n        and ws_web_site_sk = web_site_sk\n       and ws_item_sk = i_item_sk\n       and i_current_price > 50\n       and ws_promo_sk = p_promo_sk\n       and p_channel_tv = 'N'\ngroup by web_site_id)\n  select  channel\n        , id\n        , sum(sales) as sales\n        , sum(returns) as returns\n        , sum(profit) as profit\n from \n (select 'store channel' as channel\n        , 'store' || store_id as id\n        , sales\n        , returns\n        , profit\n from   ssr\n union all\n select 'catalog channel' as channel\n        , 'catalog_page' || catalog_page_id as id\n        , sales\n        , returns\n        , profit\n from  csr\n union all\n select 'web channel' as channel\n        , 'web_site' || web_site_id as id\n        , sales\n        , returns\n        , profit\n from   wsr\n ) x\n group by rollup (channel, id)\n order by channel\n         ,id\n limit 100;\n\n-- end query 61 in stream 0 using template query80.tpl\n",
    "indexes": "item.i_item_sk",
    "wo plan est": {
      "Node Type": "Limit",
      "Parallel Aware": false,
      "Async Capable": false,
      "Startup Cost": 1566782.76,
      "Total Cost": 1566786.01,
      "Plan Rows": 100,
      "Plan Width": 160,
      "Plans": [
        {
          "Node Type": "Aggregate",
          "Strategy": "Sorted",
          "Partial Mode": "Simple",
          "Parent Relationship": "Outer",
          "Parallel Aware": false,
          "Async Capable": false,
          "Startup Cost": 1566782.76,
          "Total Cost": 1566795.8,
          "Plan Rows": 401,
          "Plan Width": 160,
          "Grouping Sets": [
            {
              "Group Keys": [
                [
                  "('store channel'::text)",
                  "(('store'::text || (ssr.store_id)::text))"
                ],
                [
                  "('store channel'::text)"
                ],
                []
              ]
            }
          ],
          "Plans": [
            {
              "Node Type": "Sort",
              "Parent Relationship": "Outer",
              "Parallel Aware": false,
              "Async Capable": false,
              "Startup Cost": 1566782.76,
              "Total Cost": 1566783.77,
              "Plan Rows": 401,
              "Plan Width": 160,
              "Sort Key": [
                "('store channel'::text)",
                "(('store'::text || (ssr.store_id)::text))"
              ],
              "Plans": [
                {
                  "Node Type": "Append",
                  "Parent Relationship": "Outer",
                  "Parallel Aware": false,
                  "Async Capable": false,
                  "Startup Cost": 784591.9,
                  "Total Cost": 1566765.43,
                  "Plan Rows": 401,
                  "Plan Width": 160,
                  "Subplans Removed": 0,
                  "Plans": [
                    {
                      "Node Type": "Subquery Scan",
                      "Parent Relationship": "Member",
                      "Parallel Aware": false,
                      "Async Capable": false,
                      "Alias": "ssr",
                      "Startup Cost": 784591.9,
                      "Total Cost": 784611.64,
                      "Plan Rows": 51,
                      "Plan Width": 160,
                      "Plans": [
                        {
                          "Node Type": "Aggregate",
                          "Strategy": "Sorted",
                          "Partial Mode": "Finalize",
                          "Parent Relationship": "Subquery",
                          "Parallel Aware": false,
                          "Async Capable": false,
                          "Startup Cost": 784591.9,
                          "Total Cost": 784610.87,
                          "Plan Rows": 51,
                          "Plan Width": 113,
                          "Group Key": [
                            "store.s_store_id"
                          ],
                          "Plans": [
                            {
                              "Node Type": "Gather Merge",
                              "Parent Relationship": "Outer",
                              "Parallel Aware": false,
                              "Async Capable": false,
                              "Startup Cost": 784591.9,
                              "Total Cost": 784608.2,
                              "Plan Rows": 102,
                              "Plan Width": 113,
                              "Workers Planned": 2,
                              "Plans": [
                                {
                                  "Node Type": "Aggregate",
                                  "Strategy": "Sorted",
                                  "Partial Mode": "Partial",
                                  "Parent Relationship": "Outer",
                                  "Parallel Aware": false,
                                  "Async Capable": false,
                                  "Startup Cost": 783591.88,
                                  "Total Cost": 783596.4,
                                  "Plan Rows": 51,
                                  "Plan Width": 113,
                                  "Group Key": [
                                    "store.s_store_id"
                                  ],
                                  "Plans": [
                                    {
                                      "Node Type": "Sort",
                                      "Parent Relationship": "Outer",
                                      "Parallel Aware": false,
                                      "Async Capable": false,
                                      "Startup Cost": 783591.88,
                                      "Total Cost": 783592.48,
                                      "Plan Rows": 242,
                                      "Plan Width": 41,
                                      "Sort Key": [
                                        "store.s_store_id"
                                      ],
                                      "Plans": [
                                        {
                                          "Node Type": "Hash Join",
                                          "Parent Relationship": "Outer",
                                          "Parallel Aware": false,
                                          "Async Capable": false,
                                          "Join Type": "Inner",
                                          "Startup Cost": 94489.35,
                                          "Total Cost": 783582.3,
                                          "Plan Rows": 242,
                                          "Plan Width": 41,
                                          "Inner Unique": false,
                                          "Hash Cond": "(store_sales.ss_store_sk = store.s_store_sk)",
                                          "Plans": [
                                            {
                                              "Node Type": "Hash Join",
                                              "Parent Relationship": "Outer",
                                              "Parallel Aware": false,
                                              "Async Capable": false,
                                              "Join Type": "Inner",
                                              "Startup Cost": 94482.05,
                                              "Total Cost": 783571.63,
                                              "Plan Rows": 254,
                                              "Plan Width": 28,
                                              "Inner Unique": false,
                                              "Hash Cond": "(store_sales.ss_promo_sk = promotion.p_promo_sk)",
                                              "Plans": [
                                                {
                                                  "Node Type": "Hash Join",
                                                  "Parent Relationship": "Outer",
                                                  "Parallel Aware": true,
                                                  "Async Capable": false,
                                                  "Join Type": "Inner",
                                                  "Startup Cost": 94456.65,
                                                  "Total Cost": 783542.68,
                                                  "Plan Rows": 270,
                                                  "Plan Width": 32,
                                                  "Inner Unique": false,
                                                  "Hash Cond": "(store_sales.ss_item_sk = item.i_item_sk)",
                                                  "Plans": [
                                                    {
                                                      "Node Type": "Hash Join",
                                                      "Parent Relationship": "Outer",
                                                      "Parallel Aware": true,
                                                      "Async Capable": false,
                                                      "Join Type": "Left",
                                                      "Startup Cost": 86930.88,
                                                      "Total Cost": 775998.13,
                                                      "Plan Rows": 4703,
                                                      "Plan Width": 36,
                                                      "Inner Unique": false,
                                                      "Hash Cond": "((store_sales.ss_item_sk = store_returns.sr_item_sk) AND (store_sales.ss_ticket_number = store_returns.sr_ticket_number))",
                                                      "Plans": [
                                                        {
                                                          "Node Type": "Hash Join",
                                                          "Parent Relationship": "Outer",
                                                          "Parallel Aware": true,
                                                          "Async Capable": false,
                                                          "Join Type": "Inner",
                                                          "Startup Cost": 2049.78,
                                                          "Total Cost": 683994.75,
                                                          "Plan Rows": 4703,
                                                          "Plan Width": 28,
                                                          "Inner Unique": false,
                                                          "Hash Cond": "(store_sales.ss_sold_date_sk = date_dim.d_date_sk)",
                                                          "Plans": [
                                                            {
                                                              "Node Type": "Seq Scan",
                                                              "Parent Relationship": "Outer",
                                                              "Parallel Aware": true,
                                                              "Async Capable": false,
                                                              "Relation Name": "store_sales",
                                                              "Alias": "store_sales",
                                                              "Startup Cost": 0.0,
                                                              "Total Cost": 636914.37,
                                                              "Plan Rows": 12000637,
                                                              "Plan Width": 32,
                                                              "parent": 13,
                                                              "ID": 14
                                                            },
                                                            {
                                                              "Node Type": "Hash",
                                                              "Parent Relationship": "Inner",
                                                              "Parallel Aware": true,
                                                              "Async Capable": false,
                                                              "Startup Cost": 2049.55,
                                                              "Total Cost": 2049.55,
                                                              "Plan Rows": 18,
                                                              "Plan Width": 4,
                                                              "Plans": [
                                                                {
                                                                  "Node Type": "Seq Scan",
                                                                  "Parent Relationship": "Outer",
                                                                  "Parallel Aware": true,
                                                                  "Async Capable": false,
                                                                  "Relation Name": "date_dim",
                                                                  "Alias": "date_dim",
                                                                  "Startup Cost": 0.0,
                                                                  "Total Cost": 2049.55,
                                                                  "Plan Rows": 18,
                                                                  "Plan Width": 4,
                                                                  "Filter": "((d_date >= '1998-08-19'::date) AND (d_date <= '1998-09-18 00:00:00'::timestamp without time zone))",
                                                                  "parent": 15,
                                                                  "ID": 16
                                                                }
                                                              ],
                                                              "parent": 13,
                                                              "ID": 15,
                                                              "left": 16
                                                            }
                                                          ],
                                                          "parent": 12,
                                                          "ID": 13,
                                                          "left": 14,
                                                          "right": 15
                                                        },
                                                        {
                                                          "Node Type": "Hash",
                                                          "Parent Relationship": "Inner",
                                                          "Parallel Aware": true,
                                                          "Async Capable": false,
                                                          "Startup Cost": 59887.64,
                                                          "Total Cost": 59887.64,
                                                          "Plan Rows": 1198164,
                                                          "Plan Width": 20,
                                                          "Plans": [
                                                            {
                                                              "Node Type": "Seq Scan",
                                                              "Parent Relationship": "Outer",
                                                              "Parallel Aware": true,
                                                              "Async Capable": false,
                                                              "Relation Name": "store_returns",
                                                              "Alias": "store_returns",
                                                              "Startup Cost": 0.0,
                                                              "Total Cost": 59887.64,
                                                              "Plan Rows": 1198164,
                                                              "Plan Width": 20,
                                                              "parent": 17,
                                                              "ID": 18
                                                            }
                                                          ],
                                                          "parent": 12,
                                                          "ID": 17,
                                                          "left": 18
                                                        }
                                                      ],
                                                      "parent": 11,
                                                      "ID": 12,
                                                      "left": 13,
                                                      "right": 17
                                                    },
                                                    {
                                                      "Node Type": "Hash",
                                                      "Parent Relationship": "Inner",
                                                      "Parallel Aware": true,
                                                      "Async Capable": false,
                                                      "Startup Cost": 7495.25,
                                                      "Total Cost": 7495.25,
                                                      "Plan Rows": 2442,
                                                      "Plan Width": 4,
                                                      "Plans": [
                                                        {
                                                          "Node Type": "Seq Scan",
                                                          "Parent Relationship": "Outer",
                                                          "Parallel Aware": true,
                                                          "Async Capable": false,
                                                          "Relation Name": "item",
                                                          "Alias": "item",
                                                          "Startup Cost": 0.0,
                                                          "Total Cost": 7495.25,
                                                          "Plan Rows": 2442,
                                                          "Plan Width": 4,
                                                          "Filter": "(i_current_price > '50'::numeric)",
                                                          "parent": 19,
                                                          "ID": 20
                                                        }
                                                      ],
                                                      "parent": 11,
                                                      "ID": 19,
                                                      "left": 20
                                                    }
                                                  ],
                                                  "parent": 10,
                                                  "ID": 11,
                                                  "left": 12,
                                                  "right": 19
                                                },
                                                {
                                                  "Node Type": "Hash",
                                                  "Parent Relationship": "Inner",
                                                  "Parallel Aware": false,
                                                  "Async Capable": false,
                                                  "Startup Cost": 19.25,
                                                  "Total Cost": 19.25,
                                                  "Plan Rows": 492,
                                                  "Plan Width": 4,
                                                  "Plans": [
                                                    {
                                                      "Node Type": "Seq Scan",
                                                      "Parent Relationship": "Outer",
                                                      "Parallel Aware": false,
                                                      "Async Capable": false,
                                                      "Relation Name": "promotion",
                                                      "Alias": "promotion",
                                                      "Startup Cost": 0.0,
                                                      "Total Cost": 19.25,
                                                      "Plan Rows": 492,
                                                      "Plan Width": 4,
                                                      "Filter": "(p_channel_tv = 'N'::bpchar)",
                                                      "parent": 21,
                                                      "ID": 22
                                                    }
                                                  ],
                                                  "parent": 10,
                                                  "ID": 21,
                                                  "left": 22
                                                }
                                              ],
                                              "parent": 9,
                                              "ID": 10,
                                              "left": 11,
                                              "right": 21
                                            },
                                            {
                                              "Node Type": "Hash",
                                              "Parent Relationship": "Inner",
                                              "Parallel Aware": false,
                                              "Async Capable": false,
                                              "Startup Cost": 6.02,
                                              "Total Cost": 6.02,
                                              "Plan Rows": 102,
                                              "Plan Width": 21,
                                              "Plans": [
                                                {
                                                  "Node Type": "Seq Scan",
                                                  "Parent Relationship": "Outer",
                                                  "Parallel Aware": false,
                                                  "Async Capable": false,
                                                  "Relation Name": "store",
                                                  "Alias": "store",
                                                  "Startup Cost": 0.0,
                                                  "Total Cost": 6.02,
                                                  "Plan Rows": 102,
                                                  "Plan Width": 21,
                                                  "parent": 23,
                                                  "ID": 24
                                                }
                                              ],
                                              "parent": 9,
                                              "ID": 23,
                                              "left": 24
                                            }
                                          ],
                                          "parent": 8,
                                          "ID": 9,
                                          "left": 10,
                                          "right": 23
                                        }
                                      ],
                                      "parent": 7,
                                      "ID": 8,
                                      "left": 9
                                    }
                                  ],
                                  "parent": 6,
                                  "ID": 7,
                                  "left": 8
                                }
                              ],
                              "parent": 5,
                              "ID": 6,
                              "left": 7
                            }
                          ],
                          "parent": 4,
                          "ID": 5,
                          "left": 6
                        }
                      ],
                      "parent": 3,
                      "ID": 4,
                      "left": 5
                    },
                    {
                      "Node Type": "Subquery Scan",
                      "Parent Relationship": "Member",
                      "Parallel Aware": false,
                      "Async Capable": false,
                      "Alias": "csr",
                      "Startup Cost": 518174.1,
                      "Total Cost": 518225.66,
                      "Plan Rows": 329,
                      "Plan Width": 160,
                      "Plans": [
                        {
                          "Node Type": "Aggregate",
                          "Strategy": "Sorted",
                          "Partial Mode": "Finalize",
                          "Parent Relationship": "Subquery",
                          "Parallel Aware": false,
                          "Async Capable": false,
                          "Startup Cost": 518174.1,
                          "Total Cost": 518220.73,
                          "Plan Rows": 329,
                          "Plan Width": 113,
                          "Group Key": [
                            "catalog_page.cp_catalog_page_id"
                          ],
                          "Plans": [
                            {
                              "Node Type": "Gather Merge",
                              "Parent Relationship": "Outer",
                              "Parallel Aware": false,
                              "Async Capable": false,
                              "Startup Cost": 518174.1,
                              "Total Cost": 518210.18,
                              "Plan Rows": 274,
                              "Plan Width": 113,
                              "Workers Planned": 2,
                              "Plans": [
                                {
                                  "Node Type": "Aggregate",
                                  "Strategy": "Sorted",
                                  "Partial Mode": "Partial",
                                  "Parent Relationship": "Outer",
                                  "Parallel Aware": false,
                                  "Async Capable": false,
                                  "Startup Cost": 517174.07,
                                  "Total Cost": 517178.53,
                                  "Plan Rows": 137,
                                  "Plan Width": 113,
                                  "Group Key": [
                                    "catalog_page.cp_catalog_page_id"
                                  ],
                                  "Plans": [
                                    {
                                      "Node Type": "Sort",
                                      "Parent Relationship": "Outer",
                                      "Parallel Aware": false,
                                      "Async Capable": false,
                                      "Startup Cost": 517174.07,
                                      "Total Cost": 517174.42,
                                      "Plan Rows": 137,
                                      "Plan Width": 41,
                                      "Sort Key": [
                                        "catalog_page.cp_catalog_page_id"
                                      ],
                                      "Plans": [
                                        {
                                          "Node Type": "Hash Join",
                                          "Parent Relationship": "Outer",
                                          "Parallel Aware": false,
                                          "Async Capable": false,
                                          "Join Type": "Inner",
                                          "Startup Cost": 57382.33,
                                          "Total Cost": 517169.21,
                                          "Plan Rows": 137,
                                          "Plan Width": 41,
                                          "Inner Unique": false,
                                          "Hash Cond": "(catalog_sales.cs_catalog_page_sk = catalog_page.cp_catalog_page_sk)",
                                          "Plans": [
                                            {
                                              "Node Type": "Hash Join",
                                              "Parent Relationship": "Outer",
                                              "Parallel Aware": false,
                                              "Async Capable": false,
                                              "Join Type": "Inner",
                                              "Startup Cost": 56864.33,
                                              "Total Cost": 516649.32,
                                              "Plan Rows": 138,
                                              "Plan Width": 28,
                                              "Inner Unique": false,
                                              "Hash Cond": "(catalog_sales.cs_promo_sk = promotion_1.p_promo_sk)",
                                              "Plans": [
                                                {
                                                  "Node Type": "Hash Join",
                                                  "Parent Relationship": "Outer",
                                                  "Parallel Aware": true,
                                                  "Async Capable": false,
                                                  "Join Type": "Inner",
                                                  "Startup Cost": 56838.93,
                                                  "Total Cost": 516622.01,
                                                  "Plan Rows": 141,
                                                  "Plan Width": 32,
                                                  "Inner Unique": false,
                                                  "Hash Cond": "(catalog_sales.cs_item_sk = item_1.i_item_sk)",
                                                  "Plans": [
                                                    {
                                                      "Node Type": "Hash Join",
                                                      "Parent Relationship": "Outer",
                                                      "Parallel Aware": true,
                                                      "Async Capable": false,
                                                      "Join Type": "Left",
                                                      "Startup Cost": 49313.15,
                                                      "Total Cost": 509086.46,
                                                      "Plan Rows": 2450,
                                                      "Plan Width": 36,
                                                      "Inner Unique": false,
                                                      "Hash Cond": "((catalog_sales.cs_item_sk = catalog_returns.cr_item_sk) AND (catalog_sales.cs_order_number = catalog_returns.cr_order_number))",
                                                      "Plans": [
                                                        {
                                                          "Node Type": "Hash Join",
                                                          "Parent Relationship": "Outer",
                                                          "Parallel Aware": true,
                                                          "Async Capable": false,
                                                          "Join Type": "Inner",
                                                          "Startup Cost": 2049.78,
                                                          "Total Cost": 458254.7,
                                                          "Plan Rows": 2450,
                                                          "Plan Width": 28,
                                                          "Inner Unique": false,
                                                          "Hash Cond": "(catalog_sales.cs_sold_date_sk = date_dim_1.d_date_sk)",
                                                          "Plans": [
                                                            {
                                                              "Node Type": "Seq Scan",
                                                              "Parent Relationship": "Outer",
                                                              "Parallel Aware": true,
                                                              "Async Capable": false,
                                                              "Relation Name": "catalog_sales",
                                                              "Alias": "catalog_sales",
                                                              "Startup Cost": 0.0,
                                                              "Total Cost": 433688.25,
                                                              "Plan Rows": 6000525,
                                                              "Plan Width": 32,
                                                              "parent": 34,
                                                              "ID": 35
                                                            },
                                                            {
                                                              "Node Type": "Hash",
                                                              "Parent Relationship": "Inner",
                                                              "Parallel Aware": true,
                                                              "Async Capable": false,
                                                              "Startup Cost": 2049.55,
                                                              "Total Cost": 2049.55,
                                                              "Plan Rows": 18,
                                                              "Plan Width": 4,
                                                              "Plans": [
                                                                {
                                                                  "Node Type": "Seq Scan",
                                                                  "Parent Relationship": "Outer",
                                                                  "Parallel Aware": true,
                                                                  "Async Capable": false,
                                                                  "Relation Name": "date_dim",
                                                                  "Alias": "date_dim_1",
                                                                  "Startup Cost": 0.0,
                                                                  "Total Cost": 2049.55,
                                                                  "Plan Rows": 18,
                                                                  "Plan Width": 4,
                                                                  "Filter": "((d_date >= '1998-08-19'::date) AND (d_date <= '1998-09-18 00:00:00'::timestamp without time zone))",
                                                                  "parent": 36,
                                                                  "ID": 37
                                                                }
                                                              ],
                                                              "parent": 34,
                                                              "ID": 36,
                                                              "left": 37
                                                            }
                                                          ],
                                                          "parent": 33,
                                                          "ID": 34,
                                                          "left": 35,
                                                          "right": 36
                                                        },
                                                        {
                                                          "Node Type": "Hash",
                                                          "Parent Relationship": "Inner",
                                                          "Parallel Aware": true,
                                                          "Async Capable": false,
                                                          "Startup Cost": 34748.95,
                                                          "Total Cost": 34748.95,
                                                          "Plan Rows": 599895,
                                                          "Plan Width": 20,
                                                          "Plans": [
                                                            {
                                                              "Node Type": "Seq Scan",
                                                              "Parent Relationship": "Outer",
                                                              "Parallel Aware": true,
                                                              "Async Capable": false,
                                                              "Relation Name": "catalog_returns",
                                                              "Alias": "catalog_returns",
                                                              "Startup Cost": 0.0,
                                                              "Total Cost": 34748.95,
                                                              "Plan Rows": 599895,
                                                              "Plan Width": 20,
                                                              "parent": 38,
                                                              "ID": 39
                                                            }
                                                          ],
                                                          "parent": 33,
                                                          "ID": 38,
                                                          "left": 39
                                                        }
                                                      ],
                                                      "parent": 32,
                                                      "ID": 33,
                                                      "left": 34,
                                                      "right": 38
                                                    },
                                                    {
                                                      "Node Type": "Hash",
                                                      "Parent Relationship": "Inner",
                                                      "Parallel Aware": true,
                                                      "Async Capable": false,
                                                      "Startup Cost": 7495.25,
                                                      "Total Cost": 7495.25,
                                                      "Plan Rows": 2442,
                                                      "Plan Width": 4,
                                                      "Plans": [
                                                        {
                                                          "Node Type": "Seq Scan",
                                                          "Parent Relationship": "Outer",
                                                          "Parallel Aware": true,
                                                          "Async Capable": false,
                                                          "Relation Name": "item",
                                                          "Alias": "item_1",
                                                          "Startup Cost": 0.0,
                                                          "Total Cost": 7495.25,
                                                          "Plan Rows": 2442,
                                                          "Plan Width": 4,
                                                          "Filter": "(i_current_price > '50'::numeric)",
                                                          "parent": 40,
                                                          "ID": 41
                                                        }
                                                      ],
                                                      "parent": 32,
                                                      "ID": 40,
                                                      "left": 41
                                                    }
                                                  ],
                                                  "parent": 31,
                                                  "ID": 32,
                                                  "left": 33,
                                                  "right": 40
                                                },
                                                {
                                                  "Node Type": "Hash",
                                                  "Parent Relationship": "Inner",
                                                  "Parallel Aware": false,
                                                  "Async Capable": false,
                                                  "Startup Cost": 19.25,
                                                  "Total Cost": 19.25,
                                                  "Plan Rows": 492,
                                                  "Plan Width": 4,
                                                  "Plans": [
                                                    {
                                                      "Node Type": "Seq Scan",
                                                      "Parent Relationship": "Outer",
                                                      "Parallel Aware": false,
                                                      "Async Capable": false,
                                                      "Relation Name": "promotion",
                                                      "Alias": "promotion_1",
                                                      "Startup Cost": 0.0,
                                                      "Total Cost": 19.25,
                                                      "Plan Rows": 492,
                                                      "Plan Width": 4,
                                                      "Filter": "(p_channel_tv = 'N'::bpchar)",
                                                      "parent": 42,
                                                      "ID": 43
                                                    }
                                                  ],
                                                  "parent": 31,
                                                  "ID": 42,
                                                  "left": 43
                                                }
                                              ],
                                              "parent": 30,
                                              "ID": 31,
                                              "left": 32,
                                              "right": 42
                                            },
                                            {
                                              "Node Type": "Hash",
                                              "Parent Relationship": "Inner",
                                              "Parallel Aware": false,
                                              "Async Capable": false,
                                              "Startup Cost": 368.0,
                                              "Total Cost": 368.0,
                                              "Plan Rows": 12000,
                                              "Plan Width": 21,
                                              "Plans": [
                                                {
                                                  "Node Type": "Seq Scan",
                                                  "Parent Relationship": "Outer",
                                                  "Parallel Aware": false,
                                                  "Async Capable": false,
                                                  "Relation Name": "catalog_page",
                                                  "Alias": "catalog_page",
                                                  "Startup Cost": 0.0,
                                                  "Total Cost": 368.0,
                                                  "Plan Rows": 12000,
                                                  "Plan Width": 21,
                                                  "parent": 44,
                                                  "ID": 45
                                                }
                                              ],
                                              "parent": 30,
                                              "ID": 44,
                                              "left": 45
                                            }
                                          ],
                                          "parent": 29,
                                          "ID": 30,
                                          "left": 31,
                                          "right": 44
                                        }
                                      ],
                                      "parent": 28,
                                      "ID": 29,
                                      "left": 30
                                    }
                                  ],
                                  "parent": 27,
                                  "ID": 28,
                                  "left": 29
                                }
                              ],
                              "parent": 26,
                              "ID": 27,
                              "left": 28
                            }
                          ],
                          "parent": 25,
                          "ID": 26,
                          "left": 27
                        }
                      ],
                      "parent": 3,
                      "ID": 25,
                      "left": 26
                    },
                    {
                      "Node Type": "Subquery Scan",
                      "Parent Relationship": "Member",
                      "Parallel Aware": false,
                      "Async Capable": false,
                      "Alias": "wsr",
                      "Startup Cost": 263918.43,
                      "Total Cost": 263926.12,
                      "Plan Rows": 21,
                      "Plan Width": 160,
                      "Plans": [
                        {
                          "Node Type": "Aggregate",
                          "Strategy": "Sorted",
                          "Partial Mode": "Finalize",
                          "Parent Relationship": "Subquery",
                          "Parallel Aware": false,
                          "Async Capable": false,
                          "Startup Cost": 263918.43,
                          "Total Cost": 263925.8,
                          "Plan Rows": 21,
                          "Plan Width": 113,
                          "Group Key": [
                            "web_site.web_site_id"
                          ],
                          "Plans": [
                            {
                              "Node Type": "Gather Merge",
                              "Parent Relationship": "Outer",
                              "Parallel Aware": false,
                              "Async Capable": false,
                              "Startup Cost": 263918.43,
                              "Total Cost": 263924.7,
                              "Plan Rows": 42,
                              "Plan Width": 113,
                              "Workers Planned": 2,
                              "Plans": [
                                {
                                  "Node Type": "Aggregate",
                                  "Strategy": "Sorted",
                                  "Partial Mode": "Partial",
                                  "Parent Relationship": "Outer",
                                  "Parallel Aware": false,
                                  "Async Capable": false,
                                  "Startup Cost": 262918.41,
                                  "Total Cost": 262919.83,
                                  "Plan Rows": 21,
                                  "Plan Width": 113,
                                  "Group Key": [
                                    "web_site.web_site_id"
                                  ],
                                  "Plans": [
                                    {
                                      "Node Type": "Sort",
                                      "Parent Relationship": "Outer",
                                      "Parallel Aware": false,
                                      "Async Capable": false,
                                      "Startup Cost": 262918.41,
                                      "Total Cost": 262918.59,
                                      "Plan Rows": 70,
                                      "Plan Width": 41,
                                      "Sort Key": [
                                        "web_site.web_site_id"
                                      ],
                                      "Plans": [
                                        {
                                          "Node Type": "Hash Join",
                                          "Parent Relationship": "Outer",
                                          "Parallel Aware": false,
                                          "Async Capable": false,
                                          "Join Type": "Inner",
                                          "Startup Cost": 32134.74,
                                          "Total Cost": 262916.27,
                                          "Plan Rows": 70,
                                          "Plan Width": 41,
                                          "Inner Unique": false,
                                          "Hash Cond": "(web_sales.ws_web_site_sk = web_site.web_site_sk)",
                                          "Plans": [
                                            {
                                              "Node Type": "Hash Join",
                                              "Parent Relationship": "Outer",
                                              "Parallel Aware": false,
                                              "Async Capable": false,
                                              "Join Type": "Inner",
                                              "Startup Cost": 32130.8,
                                              "Total Cost": 262911.36,
                                              "Plan Rows": 70,
                                              "Plan Width": 28,
                                              "Inner Unique": false,
                                              "Hash Cond": "(web_sales.ws_promo_sk = promotion_2.p_promo_sk)",
                                              "Plans": [
                                                {
                                                  "Node Type": "Hash Join",
                                                  "Parent Relationship": "Outer",
                                                  "Parallel Aware": true,
                                                  "Async Capable": false,
                                                  "Join Type": "Inner",
                                                  "Startup Cost": 32105.4,
                                                  "Total Cost": 262884.99,
                                                  "Plan Rows": 71,
                                                  "Plan Width": 32,
                                                  "Inner Unique": false,
                                                  "Hash Cond": "(web_sales.ws_item_sk = item_2.i_item_sk)",
                                                  "Plans": [
                                                    {
                                                      "Node Type": "Hash Join",
                                                      "Parent Relationship": "Outer",
                                                      "Parallel Aware": true,
                                                      "Async Capable": false,
                                                      "Join Type": "Left",
                                                      "Startup Cost": 24579.62,
                                                      "Total Cost": 255354.31,
                                                      "Plan Rows": 1231,
                                                      "Plan Width": 36,
                                                      "Inner Unique": false,
                                                      "Hash Cond": "((web_sales.ws_item_sk = web_returns.wr_item_sk) AND (web_sales.ws_order_number = web_returns.wr_order_number))",
                                                      "Plans": [
                                                        {
                                                          "Node Type": "Hash Join",
                                                          "Parent Relationship": "Outer",
                                                          "Parallel Aware": true,
                                                          "Async Capable": false,
                                                          "Join Type": "Inner",
                                                          "Startup Cost": 2049.78,
                                                          "Total Cost": 231041.22,
                                                          "Plan Rows": 1231,
                                                          "Plan Width": 28,
                                                          "Inner Unique": false,
                                                          "Hash Cond": "(web_sales.ws_sold_date_sk = date_dim_2.d_date_sk)",
                                                          "Plans": [
                                                            {
                                                              "Node Type": "Seq Scan",
                                                              "Parent Relationship": "Outer",
                                                              "Parallel Aware": true,
                                                              "Async Capable": false,
                                                              "Relation Name": "web_sales",
                                                              "Alias": "web_sales",
                                                              "Startup Cost": 0.0,
                                                              "Total Cost": 217737.86,
                                                              "Plan Rows": 2998986,
                                                              "Plan Width": 32,
                                                              "parent": 55,
                                                              "ID": 56
                                                            },
                                                            {
                                                              "Node Type": "Hash",
                                                              "Parent Relationship": "Inner",
                                                              "Parallel Aware": true,
                                                              "Async Capable": false,
                                                              "Startup Cost": 2049.55,
                                                              "Total Cost": 2049.55,
                                                              "Plan Rows": 18,
                                                              "Plan Width": 4,
                                                              "Plans": [
                                                                {
                                                                  "Node Type": "Seq Scan",
                                                                  "Parent Relationship": "Outer",
                                                                  "Parallel Aware": true,
                                                                  "Async Capable": false,
                                                                  "Relation Name": "date_dim",
                                                                  "Alias": "date_dim_2",
                                                                  "Startup Cost": 0.0,
                                                                  "Total Cost": 2049.55,
                                                                  "Plan Rows": 18,
                                                                  "Plan Width": 4,
                                                                  "Filter": "((d_date >= '1998-08-19'::date) AND (d_date <= '1998-09-18 00:00:00'::timestamp without time zone))",
                                                                  "parent": 57,
                                                                  "ID": 58
                                                                }
                                                              ],
                                                              "parent": 55,
                                                              "ID": 57,
                                                              "left": 58
                                                            }
                                                          ],
                                                          "parent": 54,
                                                          "ID": 55,
                                                          "left": 56,
                                                          "right": 57
                                                        },
                                                        {
                                                          "Node Type": "Hash",
                                                          "Parent Relationship": "Inner",
                                                          "Parallel Aware": true,
                                                          "Async Capable": false,
                                                          "Startup Cost": 16278.74,
                                                          "Total Cost": 16278.74,
                                                          "Plan Rows": 299674,
                                                          "Plan Width": 20,
                                                          "Plans": [
                                                            {
                                                              "Node Type": "Seq Scan",
                                                              "Parent Relationship": "Outer",
                                                              "Parallel Aware": true,
                                                              "Async Capable": false,
                                                              "Relation Name": "web_returns",
                                                              "Alias": "web_returns",
                                                              "Startup Cost": 0.0,
                                                              "Total Cost": 16278.74,
                                                              "Plan Rows": 299674,
                                                              "Plan Width": 20,
                                                              "parent": 59,
                                                              "ID": 60
                                                            }
                                                          ],
                                                          "parent": 54,
                                                          "ID": 59,
                                                          "left": 60
                                                        }
                                                      ],
                                                      "parent": 53,
                                                      "ID": 54,
                                                      "left": 55,
                                                      "right": 59
                                                    },
                                                    {
                                                      "Node Type": "Hash",
                                                      "Parent Relationship": "Inner",
                                                      "Parallel Aware": true,
                                                      "Async Capable": false,
                                                      "Startup Cost": 7495.25,
                                                      "Total Cost": 7495.25,
                                                      "Plan Rows": 2442,
                                                      "Plan Width": 4,
                                                      "Plans": [
                                                        {
                                                          "Node Type": "Seq Scan",
                                                          "Parent Relationship": "Outer",
                                                          "Parallel Aware": true,
                                                          "Async Capable": false,
                                                          "Relation Name": "item",
                                                          "Alias": "item_2",
                                                          "Startup Cost": 0.0,
                                                          "Total Cost": 7495.25,
                                                          "Plan Rows": 2442,
                                                          "Plan Width": 4,
                                                          "Filter": "(i_current_price > '50'::numeric)",
                                                          "parent": 61,
                                                          "ID": 62
                                                        }
                                                      ],
                                                      "parent": 53,
                                                      "ID": 61,
                                                      "left": 62
                                                    }
                                                  ],
                                                  "parent": 52,
                                                  "ID": 53,
                                                  "left": 54,
                                                  "right": 61
                                                },
                                                {
                                                  "Node Type": "Hash",
                                                  "Parent Relationship": "Inner",
                                                  "Parallel Aware": false,
                                                  "Async Capable": false,
                                                  "Startup Cost": 19.25,
                                                  "Total Cost": 19.25,
                                                  "Plan Rows": 492,
                                                  "Plan Width": 4,
                                                  "Plans": [
                                                    {
                                                      "Node Type": "Seq Scan",
                                                      "Parent Relationship": "Outer",
                                                      "Parallel Aware": false,
                                                      "Async Capable": false,
                                                      "Relation Name": "promotion",
                                                      "Alias": "promotion_2",
                                                      "Startup Cost": 0.0,
                                                      "Total Cost": 19.25,
                                                      "Plan Rows": 492,
                                                      "Plan Width": 4,
                                                      "Filter": "(p_channel_tv = 'N'::bpchar)",
                                                      "parent": 63,
                                                      "ID": 64
                                                    }
                                                  ],
                                                  "parent": 52,
                                                  "ID": 63,
                                                  "left": 64
                                                }
                                              ],
                                              "parent": 51,
                                              "ID": 52,
                                              "left": 53,
                                              "right": 63
                                            },
                                            {
                                              "Node Type": "Hash",
                                              "Parent Relationship": "Inner",
                                              "Parallel Aware": false,
                                              "Async Capable": false,
                                              "Startup Cost": 3.42,
                                              "Total Cost": 3.42,
                                              "Plan Rows": 42,
                                              "Plan Width": 21,
                                              "Plans": [
                                                {
                                                  "Node Type": "Seq Scan",
                                                  "Parent Relationship": "Outer",
                                                  "Parallel Aware": false,
                                                  "Async Capable": false,
                                                  "Relation Name": "web_site",
                                                  "Alias": "web_site",
                                                  "Startup Cost": 0.0,
                                                  "Total Cost": 3.42,
                                                  "Plan Rows": 42,
                                                  "Plan Width": 21,
                                                  "parent": 65,
                                                  "ID": 66
                                                }
                                              ],
                                              "parent": 51,
                                              "ID": 65,
                                              "left": 66
                                            }
                                          ],
                                          "parent": 50,
                                          "ID": 51,
                                          "left": 52,
                                          "right": 65
                                        }
                                      ],
                                      "parent": 49,
                                      "ID": 50,
                                      "left": 51
                                    }
                                  ],
                                  "parent": 48,
                                  "ID": 49,
                                  "left": 50
                                }
                              ],
                              "parent": 47,
                              "ID": 48,
                              "left": 49
                            }
                          ],
                          "parent": 46,
                          "ID": 47,
                          "left": 48
                        }
                      ],
                      "parent": 3,
                      "ID": 46,
                      "left": 47
                    }
                  ],
                  "parent": 2,
                  "ID": 3,
                  "left": 4,
                  "right": 25
                }
              ],
              "parent": 1,
              "ID": 2,
              "left": 3
            }
          ],
          "parent": 0,
          "ID": 1,
          "left": 2
        }
      ],
      "parent": null,
      "ID": 0,
      "left": 1
    },
    "feat": {
      "utility": 6.51664868446658e-06,
      "query_shape": [
        [
          "Seq Scan",
          "Hash Join",
          "Sort",
          "Aggregate",
          "Gather Merge",
          "Subquery Scan",
          "Append"
        ],
        [
          "Seq Scan",
          "Hash",
          "Hash Join",
          "Sort",
          "Aggregate",
          "Gather Merge",
          "Subquery Scan",
          "Append"
        ],
        [
          "Seq Scan",
          "Hash",
          "Hash Join",
          "Sort",
          "Aggregate",
          "Gather Merge",
          "Subquery Scan",
          "Append"
        ],
        [
          "Seq Scan",
          "Hash",
          "Hash Join",
          "Sort",
          "Aggregate",
          "Gather Merge",
          "Subquery Scan",
          "Append"
        ],
        [
          "Seq Scan",
          "Hash",
          "Hash Join",
          "Sort",
          "Aggregate",
          "Gather Merge",
          "Subquery Scan",
          "Append"
        ],
        [
          "Seq Scan",
          "Hash",
          "Hash Join",
          "Sort",
          "Aggregate",
          "Gather Merge",
          "Subquery Scan",
          "Append"
        ],
        [
          "Seq Scan",
          "Hash Join",
          "Sort",
          "Aggregate",
          "Gather Merge",
          "Subquery Scan",
          "Append"
        ],
        [
          "Seq Scan",
          "Hash",
          "Hash Join",
          "Sort",
          "Aggregate",
          "Gather Merge",
          "Subquery Scan",
          "Append"
        ],
        [
          "Seq Scan",
          "Hash",
          "Hash Join",
          "Sort",
          "Aggregate",
          "Gather Merge",
          "Subquery Scan",
          "Append"
        ],
        [
          "Seq Scan",
          "Hash",
          "Hash Join",
          "Sort",
          "Aggregate",
          "Gather Merge",
          "Subquery Scan",
          "Append"
        ],
        [
          "Seq Scan",
          "Hash",
          "Hash Join",
          "Sort",
          "Aggregate",
          "Gather Merge",
          "Subquery Scan",
          "Append"
        ],
        [
          "Seq Scan",
          "Hash",
          "Hash Join",
          "Sort",
          "Aggregate",
          "Gather Merge",
          "Subquery Scan",
          "Append"
        ],
        [
          "Seq Scan",
          "Hash Join",
          "Sort",
          "Aggregate",
          "Gather Merge",
          "Subquery Scan",
          "Append"
        ],
        [
          "Seq Scan",
          "Hash",
          "Hash Join",
          "Sort",
          "Aggregate",
          "Gather Merge",
          "Subquery Scan",
          "Append"
        ],
        [
          "Seq Scan",
          "Hash",
          "Hash Join",
          "Sort",
          "Aggregate",
          "Gather Merge",
          "Subquery Scan",
          "Append"
        ],
        [
          "Seq Scan",
          "Hash",
          "Hash Join",
          "Sort",
          "Aggregate",
          "Gather Merge",
          "Subquery Scan",
          "Append"
        ],
        [
          "Seq Scan",
          "Hash",
          "Hash Join",
          "Sort",
          "Aggregate",
          "Gather Merge",
          "Subquery Scan",
          "Append"
        ],
        [
          "Seq Scan",
          "Hash",
          "Hash Join",
          "Sort",
          "Aggregate",
          "Gather Merge",
          "Subquery Scan",
          "Append"
        ]
      ],
      "index_shape": [
        "join"
      ],
      "physical_operator": {
        "Hash Join": [
          0.004848658119004518,
          0.004854602602099299,
          0.004859899832363678
        ]
      }
    }
  },
  {
    "query": "with ssr as\n (select  s_store_id as store_id,\n          sum(ss_ext_sales_price) as sales,\n          sum(coalesce(sr_return_amt, 0)) as returns,\n          sum(ss_net_profit - coalesce(sr_net_loss, 0)) as profit\n  from store_sales left outer join store_returns on\n         (ss_item_sk = sr_item_sk and ss_ticket_number = sr_ticket_number),\n     date_dim,\n     store,\n     item,\n     promotion\n where ss_sold_date_sk = d_date_sk\n       and d_date between cast('1998-08-19' as date) \n                  and (cast('1998-08-19' as date) +  interval '30 days')\n       and ss_store_sk = s_store_sk\n       and ss_item_sk = i_item_sk\n       and i_current_price > 50\n       and ss_promo_sk = p_promo_sk\n       and p_channel_tv = 'N'\n group by s_store_id)\n ,\n csr as\n (select  cp_catalog_page_id as catalog_page_id,\n          sum(cs_ext_sales_price) as sales,\n          sum(coalesce(cr_return_amount, 0)) as returns,\n          sum(cs_net_profit - coalesce(cr_net_loss, 0)) as profit\n  from catalog_sales left outer join catalog_returns on\n         (cs_item_sk = cr_item_sk and cs_order_number = cr_order_number),\n     date_dim,\n     catalog_page,\n     item,\n     promotion\n where cs_sold_date_sk = d_date_sk\n       and d_date between cast('1998-08-19' as date)\n                  and (cast('1998-08-19' as date) +  interval '30 days')\n        and cs_catalog_page_sk = cp_catalog_page_sk\n       and cs_item_sk = i_item_sk\n       and i_current_price > 50\n       and cs_promo_sk = p_promo_sk\n       and p_channel_tv = 'N'\ngroup by cp_catalog_page_id)\n ,\n wsr as\n (select  web_site_id,\n          sum(ws_ext_sales_price) as sales,\n          sum(coalesce(wr_return_amt, 0)) as returns,\n          sum(ws_net_profit - coalesce(wr_net_loss, 0)) as profit\n  from web_sales left outer join web_returns on\n         (ws_item_sk = wr_item_sk and ws_order_number = wr_order_number),\n     date_dim,\n     web_site,\n     item,\n     promotion\n where ws_sold_date_sk = d_date_sk\n       and d_date between cast('1998-08-19' as date)\n                  and (cast('1998-08-19' as date) +  interval '30 days')\n        and ws_web_site_sk = web_site_sk\n       and ws_item_sk = i_item_sk\n       and i_current_price > 50\n       and ws_promo_sk = p_promo_sk\n       and p_channel_tv = 'N'\ngroup by web_site_id)\n  select  channel\n        , id\n        , sum(sales) as sales\n        , sum(returns) as returns\n        , sum(profit) as profit\n from \n (select 'store channel' as channel\n        , 'store' || store_id as id\n        , sales\n        , returns\n        , profit\n from   ssr\n union all\n select 'catalog channel' as channel\n        , 'catalog_page' || catalog_page_id as id\n        , sales\n        , returns\n        , profit\n from  csr\n union all\n select 'web channel' as channel\n        , 'web_site' || web_site_id as id\n        , sales\n        , returns\n        , profit\n from   wsr\n ) x\n group by rollup (channel, id)\n order by channel\n         ,id\n limit 100;\n\n-- end query 61 in stream 0 using template query80.tpl\n",
    "indexes": "item.i_current_price",
    "wo plan est": {
      "Node Type": "Limit",
      "Parallel Aware": false,
      "Async Capable": false,
      "Startup Cost": 1566782.76,
      "Total Cost": 1566786.01,
      "Plan Rows": 100,
      "Plan Width": 160,
      "Plans": [
        {
          "Node Type": "Aggregate",
          "Strategy": "Sorted",
          "Partial Mode": "Simple",
          "Parent Relationship": "Outer",
          "Parallel Aware": false,
          "Async Capable": false,
          "Startup Cost": 1566782.76,
          "Total Cost": 1566795.8,
          "Plan Rows": 401,
          "Plan Width": 160,
          "Grouping Sets": [
            {
              "Group Keys": [
                [
                  "('store channel'::text)",
                  "(('store'::text || (ssr.store_id)::text))"
                ],
                [
                  "('store channel'::text)"
                ],
                []
              ]
            }
          ],
          "Plans": [
            {
              "Node Type": "Sort",
              "Parent Relationship": "Outer",
              "Parallel Aware": false,
              "Async Capable": false,
              "Startup Cost": 1566782.76,
              "Total Cost": 1566783.77,
              "Plan Rows": 401,
              "Plan Width": 160,
              "Sort Key": [
                "('store channel'::text)",
                "(('store'::text || (ssr.store_id)::text))"
              ],
              "Plans": [
                {
                  "Node Type": "Append",
                  "Parent Relationship": "Outer",
                  "Parallel Aware": false,
                  "Async Capable": false,
                  "Startup Cost": 784591.9,
                  "Total Cost": 1566765.43,
                  "Plan Rows": 401,
                  "Plan Width": 160,
                  "Subplans Removed": 0,
                  "Plans": [
                    {
                      "Node Type": "Subquery Scan",
                      "Parent Relationship": "Member",
                      "Parallel Aware": false,
                      "Async Capable": false,
                      "Alias": "ssr",
                      "Startup Cost": 784591.9,
                      "Total Cost": 784611.64,
                      "Plan Rows": 51,
                      "Plan Width": 160,
                      "Plans": [
                        {
                          "Node Type": "Aggregate",
                          "Strategy": "Sorted",
                          "Partial Mode": "Finalize",
                          "Parent Relationship": "Subquery",
                          "Parallel Aware": false,
                          "Async Capable": false,
                          "Startup Cost": 784591.9,
                          "Total Cost": 784610.87,
                          "Plan Rows": 51,
                          "Plan Width": 113,
                          "Group Key": [
                            "store.s_store_id"
                          ],
                          "Plans": [
                            {
                              "Node Type": "Gather Merge",
                              "Parent Relationship": "Outer",
                              "Parallel Aware": false,
                              "Async Capable": false,
                              "Startup Cost": 784591.9,
                              "Total Cost": 784608.2,
                              "Plan Rows": 102,
                              "Plan Width": 113,
                              "Workers Planned": 2,
                              "Plans": [
                                {
                                  "Node Type": "Aggregate",
                                  "Strategy": "Sorted",
                                  "Partial Mode": "Partial",
                                  "Parent Relationship": "Outer",
                                  "Parallel Aware": false,
                                  "Async Capable": false,
                                  "Startup Cost": 783591.88,
                                  "Total Cost": 783596.4,
                                  "Plan Rows": 51,
                                  "Plan Width": 113,
                                  "Group Key": [
                                    "store.s_store_id"
                                  ],
                                  "Plans": [
                                    {
                                      "Node Type": "Sort",
                                      "Parent Relationship": "Outer",
                                      "Parallel Aware": false,
                                      "Async Capable": false,
                                      "Startup Cost": 783591.88,
                                      "Total Cost": 783592.48,
                                      "Plan Rows": 242,
                                      "Plan Width": 41,
                                      "Sort Key": [
                                        "store.s_store_id"
                                      ],
                                      "Plans": [
                                        {
                                          "Node Type": "Hash Join",
                                          "Parent Relationship": "Outer",
                                          "Parallel Aware": false,
                                          "Async Capable": false,
                                          "Join Type": "Inner",
                                          "Startup Cost": 94489.35,
                                          "Total Cost": 783582.3,
                                          "Plan Rows": 242,
                                          "Plan Width": 41,
                                          "Inner Unique": false,
                                          "Hash Cond": "(store_sales.ss_store_sk = store.s_store_sk)",
                                          "Plans": [
                                            {
                                              "Node Type": "Hash Join",
                                              "Parent Relationship": "Outer",
                                              "Parallel Aware": false,
                                              "Async Capable": false,
                                              "Join Type": "Inner",
                                              "Startup Cost": 94482.05,
                                              "Total Cost": 783571.63,
                                              "Plan Rows": 254,
                                              "Plan Width": 28,
                                              "Inner Unique": false,
                                              "Hash Cond": "(store_sales.ss_promo_sk = promotion.p_promo_sk)",
                                              "Plans": [
                                                {
                                                  "Node Type": "Hash Join",
                                                  "Parent Relationship": "Outer",
                                                  "Parallel Aware": true,
                                                  "Async Capable": false,
                                                  "Join Type": "Inner",
                                                  "Startup Cost": 94456.65,
                                                  "Total Cost": 783542.68,
                                                  "Plan Rows": 270,
                                                  "Plan Width": 32,
                                                  "Inner Unique": false,
                                                  "Hash Cond": "(store_sales.ss_item_sk = item.i_item_sk)",
                                                  "Plans": [
                                                    {
                                                      "Node Type": "Hash Join",
                                                      "Parent Relationship": "Outer",
                                                      "Parallel Aware": true,
                                                      "Async Capable": false,
                                                      "Join Type": "Left",
                                                      "Startup Cost": 86930.88,
                                                      "Total Cost": 775998.13,
                                                      "Plan Rows": 4703,
                                                      "Plan Width": 36,
                                                      "Inner Unique": false,
                                                      "Hash Cond": "((store_sales.ss_item_sk = store_returns.sr_item_sk) AND (store_sales.ss_ticket_number = store_returns.sr_ticket_number))",
                                                      "Plans": [
                                                        {
                                                          "Node Type": "Hash Join",
                                                          "Parent Relationship": "Outer",
                                                          "Parallel Aware": true,
                                                          "Async Capable": false,
                                                          "Join Type": "Inner",
                                                          "Startup Cost": 2049.78,
                                                          "Total Cost": 683994.75,
                                                          "Plan Rows": 4703,
                                                          "Plan Width": 28,
                                                          "Inner Unique": false,
                                                          "Hash Cond": "(store_sales.ss_sold_date_sk = date_dim.d_date_sk)",
                                                          "Plans": [
                                                            {
                                                              "Node Type": "Seq Scan",
                                                              "Parent Relationship": "Outer",
                                                              "Parallel Aware": true,
                                                              "Async Capable": false,
                                                              "Relation Name": "store_sales",
                                                              "Alias": "store_sales",
                                                              "Startup Cost": 0.0,
                                                              "Total Cost": 636914.37,
                                                              "Plan Rows": 12000637,
                                                              "Plan Width": 32,
                                                              "parent": 13,
                                                              "ID": 14
                                                            },
                                                            {
                                                              "Node Type": "Hash",
                                                              "Parent Relationship": "Inner",
                                                              "Parallel Aware": true,
                                                              "Async Capable": false,
                                                              "Startup Cost": 2049.55,
                                                              "Total Cost": 2049.55,
                                                              "Plan Rows": 18,
                                                              "Plan Width": 4,
                                                              "Plans": [
                                                                {
                                                                  "Node Type": "Seq Scan",
                                                                  "Parent Relationship": "Outer",
                                                                  "Parallel Aware": true,
                                                                  "Async Capable": false,
                                                                  "Relation Name": "date_dim",
                                                                  "Alias": "date_dim",
                                                                  "Startup Cost": 0.0,
                                                                  "Total Cost": 2049.55,
                                                                  "Plan Rows": 18,
                                                                  "Plan Width": 4,
                                                                  "Filter": "((d_date >= '1998-08-19'::date) AND (d_date <= '1998-09-18 00:00:00'::timestamp without time zone))",
                                                                  "parent": 15,
                                                                  "ID": 16
                                                                }
                                                              ],
                                                              "parent": 13,
                                                              "ID": 15,
                                                              "left": 16
                                                            }
                                                          ],
                                                          "parent": 12,
                                                          "ID": 13,
                                                          "left": 14,
                                                          "right": 15
                                                        },
                                                        {
                                                          "Node Type": "Hash",
                                                          "Parent Relationship": "Inner",
                                                          "Parallel Aware": true,
                                                          "Async Capable": false,
                                                          "Startup Cost": 59887.64,
                                                          "Total Cost": 59887.64,
                                                          "Plan Rows": 1198164,
                                                          "Plan Width": 20,
                                                          "Plans": [
                                                            {
                                                              "Node Type": "Seq Scan",
                                                              "Parent Relationship": "Outer",
                                                              "Parallel Aware": true,
                                                              "Async Capable": false,
                                                              "Relation Name": "store_returns",
                                                              "Alias": "store_returns",
                                                              "Startup Cost": 0.0,
                                                              "Total Cost": 59887.64,
                                                              "Plan Rows": 1198164,
                                                              "Plan Width": 20,
                                                              "parent": 17,
                                                              "ID": 18
                                                            }
                                                          ],
                                                          "parent": 12,
                                                          "ID": 17,
                                                          "left": 18
                                                        }
                                                      ],
                                                      "parent": 11,
                                                      "ID": 12,
                                                      "left": 13,
                                                      "right": 17
                                                    },
                                                    {
                                                      "Node Type": "Hash",
                                                      "Parent Relationship": "Inner",
                                                      "Parallel Aware": true,
                                                      "Async Capable": false,
                                                      "Startup Cost": 7495.25,
                                                      "Total Cost": 7495.25,
                                                      "Plan Rows": 2442,
                                                      "Plan Width": 4,
                                                      "Plans": [
                                                        {
                                                          "Node Type": "Seq Scan",
                                                          "Parent Relationship": "Outer",
                                                          "Parallel Aware": true,
                                                          "Async Capable": false,
                                                          "Relation Name": "item",
                                                          "Alias": "item",
                                                          "Startup Cost": 0.0,
                                                          "Total Cost": 7495.25,
                                                          "Plan Rows": 2442,
                                                          "Plan Width": 4,
                                                          "Filter": "(i_current_price > '50'::numeric)",
                                                          "parent": 19,
                                                          "ID": 20
                                                        }
                                                      ],
                                                      "parent": 11,
                                                      "ID": 19,
                                                      "left": 20
                                                    }
                                                  ],
                                                  "parent": 10,
                                                  "ID": 11,
                                                  "left": 12,
                                                  "right": 19
                                                },
                                                {
                                                  "Node Type": "Hash",
                                                  "Parent Relationship": "Inner",
                                                  "Parallel Aware": false,
                                                  "Async Capable": false,
                                                  "Startup Cost": 19.25,
                                                  "Total Cost": 19.25,
                                                  "Plan Rows": 492,
                                                  "Plan Width": 4,
                                                  "Plans": [
                                                    {
                                                      "Node Type": "Seq Scan",
                                                      "Parent Relationship": "Outer",
                                                      "Parallel Aware": false,
                                                      "Async Capable": false,
                                                      "Relation Name": "promotion",
                                                      "Alias": "promotion",
                                                      "Startup Cost": 0.0,
                                                      "Total Cost": 19.25,
                                                      "Plan Rows": 492,
                                                      "Plan Width": 4,
                                                      "Filter": "(p_channel_tv = 'N'::bpchar)",
                                                      "parent": 21,
                                                      "ID": 22
                                                    }
                                                  ],
                                                  "parent": 10,
                                                  "ID": 21,
                                                  "left": 22
                                                }
                                              ],
                                              "parent": 9,
                                              "ID": 10,
                                              "left": 11,
                                              "right": 21
                                            },
                                            {
                                              "Node Type": "Hash",
                                              "Parent Relationship": "Inner",
                                              "Parallel Aware": false,
                                              "Async Capable": false,
                                              "Startup Cost": 6.02,
                                              "Total Cost": 6.02,
                                              "Plan Rows": 102,
                                              "Plan Width": 21,
                                              "Plans": [
                                                {
                                                  "Node Type": "Seq Scan",
                                                  "Parent Relationship": "Outer",
                                                  "Parallel Aware": false,
                                                  "Async Capable": false,
                                                  "Relation Name": "store",
                                                  "Alias": "store",
                                                  "Startup Cost": 0.0,
                                                  "Total Cost": 6.02,
                                                  "Plan Rows": 102,
                                                  "Plan Width": 21,
                                                  "parent": 23,
                                                  "ID": 24
                                                }
                                              ],
                                              "parent": 9,
                                              "ID": 23,
                                              "left": 24
                                            }
                                          ],
                                          "parent": 8,
                                          "ID": 9,
                                          "left": 10,
                                          "right": 23
                                        }
                                      ],
                                      "parent": 7,
                                      "ID": 8,
                                      "left": 9
                                    }
                                  ],
                                  "parent": 6,
                                  "ID": 7,
                                  "left": 8
                                }
                              ],
                              "parent": 5,
                              "ID": 6,
                              "left": 7
                            }
                          ],
                          "parent": 4,
                          "ID": 5,
                          "left": 6
                        }
                      ],
                      "parent": 3,
                      "ID": 4,
                      "left": 5
                    },
                    {
                      "Node Type": "Subquery Scan",
                      "Parent Relationship": "Member",
                      "Parallel Aware": false,
                      "Async Capable": false,
                      "Alias": "csr",
                      "Startup Cost": 518174.1,
                      "Total Cost": 518225.66,
                      "Plan Rows": 329,
                      "Plan Width": 160,
                      "Plans": [
                        {
                          "Node Type": "Aggregate",
                          "Strategy": "Sorted",
                          "Partial Mode": "Finalize",
                          "Parent Relationship": "Subquery",
                          "Parallel Aware": false,
                          "Async Capable": false,
                          "Startup Cost": 518174.1,
                          "Total Cost": 518220.73,
                          "Plan Rows": 329,
                          "Plan Width": 113,
                          "Group Key": [
                            "catalog_page.cp_catalog_page_id"
                          ],
                          "Plans": [
                            {
                              "Node Type": "Gather Merge",
                              "Parent Relationship": "Outer",
                              "Parallel Aware": false,
                              "Async Capable": false,
                              "Startup Cost": 518174.1,
                              "Total Cost": 518210.18,
                              "Plan Rows": 274,
                              "Plan Width": 113,
                              "Workers Planned": 2,
                              "Plans": [
                                {
                                  "Node Type": "Aggregate",
                                  "Strategy": "Sorted",
                                  "Partial Mode": "Partial",
                                  "Parent Relationship": "Outer",
                                  "Parallel Aware": false,
                                  "Async Capable": false,
                                  "Startup Cost": 517174.07,
                                  "Total Cost": 517178.53,
                                  "Plan Rows": 137,
                                  "Plan Width": 113,
                                  "Group Key": [
                                    "catalog_page.cp_catalog_page_id"
                                  ],
                                  "Plans": [
                                    {
                                      "Node Type": "Sort",
                                      "Parent Relationship": "Outer",
                                      "Parallel Aware": false,
                                      "Async Capable": false,
                                      "Startup Cost": 517174.07,
                                      "Total Cost": 517174.42,
                                      "Plan Rows": 137,
                                      "Plan Width": 41,
                                      "Sort Key": [
                                        "catalog_page.cp_catalog_page_id"
                                      ],
                                      "Plans": [
                                        {
                                          "Node Type": "Hash Join",
                                          "Parent Relationship": "Outer",
                                          "Parallel Aware": false,
                                          "Async Capable": false,
                                          "Join Type": "Inner",
                                          "Startup Cost": 57382.33,
                                          "Total Cost": 517169.21,
                                          "Plan Rows": 137,
                                          "Plan Width": 41,
                                          "Inner Unique": false,
                                          "Hash Cond": "(catalog_sales.cs_catalog_page_sk = catalog_page.cp_catalog_page_sk)",
                                          "Plans": [
                                            {
                                              "Node Type": "Hash Join",
                                              "Parent Relationship": "Outer",
                                              "Parallel Aware": false,
                                              "Async Capable": false,
                                              "Join Type": "Inner",
                                              "Startup Cost": 56864.33,
                                              "Total Cost": 516649.32,
                                              "Plan Rows": 138,
                                              "Plan Width": 28,
                                              "Inner Unique": false,
                                              "Hash Cond": "(catalog_sales.cs_promo_sk = promotion_1.p_promo_sk)",
                                              "Plans": [
                                                {
                                                  "Node Type": "Hash Join",
                                                  "Parent Relationship": "Outer",
                                                  "Parallel Aware": true,
                                                  "Async Capable": false,
                                                  "Join Type": "Inner",
                                                  "Startup Cost": 56838.93,
                                                  "Total Cost": 516622.01,
                                                  "Plan Rows": 141,
                                                  "Plan Width": 32,
                                                  "Inner Unique": false,
                                                  "Hash Cond": "(catalog_sales.cs_item_sk = item_1.i_item_sk)",
                                                  "Plans": [
                                                    {
                                                      "Node Type": "Hash Join",
                                                      "Parent Relationship": "Outer",
                                                      "Parallel Aware": true,
                                                      "Async Capable": false,
                                                      "Join Type": "Left",
                                                      "Startup Cost": 49313.15,
                                                      "Total Cost": 509086.46,
                                                      "Plan Rows": 2450,
                                                      "Plan Width": 36,
                                                      "Inner Unique": false,
                                                      "Hash Cond": "((catalog_sales.cs_item_sk = catalog_returns.cr_item_sk) AND (catalog_sales.cs_order_number = catalog_returns.cr_order_number))",
                                                      "Plans": [
                                                        {
                                                          "Node Type": "Hash Join",
                                                          "Parent Relationship": "Outer",
                                                          "Parallel Aware": true,
                                                          "Async Capable": false,
                                                          "Join Type": "Inner",
                                                          "Startup Cost": 2049.78,
                                                          "Total Cost": 458254.7,
                                                          "Plan Rows": 2450,
                                                          "Plan Width": 28,
                                                          "Inner Unique": false,
                                                          "Hash Cond": "(catalog_sales.cs_sold_date_sk = date_dim_1.d_date_sk)",
                                                          "Plans": [
                                                            {
                                                              "Node Type": "Seq Scan",
                                                              "Parent Relationship": "Outer",
                                                              "Parallel Aware": true,
                                                              "Async Capable": false,
                                                              "Relation Name": "catalog_sales",
                                                              "Alias": "catalog_sales",
                                                              "Startup Cost": 0.0,
                                                              "Total Cost": 433688.25,
                                                              "Plan Rows": 6000525,
                                                              "Plan Width": 32,
                                                              "parent": 34,
                                                              "ID": 35
                                                            },
                                                            {
                                                              "Node Type": "Hash",
                                                              "Parent Relationship": "Inner",
                                                              "Parallel Aware": true,
                                                              "Async Capable": false,
                                                              "Startup Cost": 2049.55,
                                                              "Total Cost": 2049.55,
                                                              "Plan Rows": 18,
                                                              "Plan Width": 4,
                                                              "Plans": [
                                                                {
                                                                  "Node Type": "Seq Scan",
                                                                  "Parent Relationship": "Outer",
                                                                  "Parallel Aware": true,
                                                                  "Async Capable": false,
                                                                  "Relation Name": "date_dim",
                                                                  "Alias": "date_dim_1",
                                                                  "Startup Cost": 0.0,
                                                                  "Total Cost": 2049.55,
                                                                  "Plan Rows": 18,
                                                                  "Plan Width": 4,
                                                                  "Filter": "((d_date >= '1998-08-19'::date) AND (d_date <= '1998-09-18 00:00:00'::timestamp without time zone))",
                                                                  "parent": 36,
                                                                  "ID": 37
                                                                }
                                                              ],
                                                              "parent": 34,
                                                              "ID": 36,
                                                              "left": 37
                                                            }
                                                          ],
                                                          "parent": 33,
                                                          "ID": 34,
                                                          "left": 35,
                                                          "right": 36
                                                        },
                                                        {
                                                          "Node Type": "Hash",
                                                          "Parent Relationship": "Inner",
                                                          "Parallel Aware": true,
                                                          "Async Capable": false,
                                                          "Startup Cost": 34748.95,
                                                          "Total Cost": 34748.95,
                                                          "Plan Rows": 599895,
                                                          "Plan Width": 20,
                                                          "Plans": [
                                                            {
                                                              "Node Type": "Seq Scan",
                                                              "Parent Relationship": "Outer",
                                                              "Parallel Aware": true,
                                                              "Async Capable": false,
                                                              "Relation Name": "catalog_returns",
                                                              "Alias": "catalog_returns",
                                                              "Startup Cost": 0.0,
                                                              "Total Cost": 34748.95,
                                                              "Plan Rows": 599895,
                                                              "Plan Width": 20,
                                                              "parent": 38,
                                                              "ID": 39
                                                            }
                                                          ],
                                                          "parent": 33,
                                                          "ID": 38,
                                                          "left": 39
                                                        }
                                                      ],
                                                      "parent": 32,
                                                      "ID": 33,
                                                      "left": 34,
                                                      "right": 38
                                                    },
                                                    {
                                                      "Node Type": "Hash",
                                                      "Parent Relationship": "Inner",
                                                      "Parallel Aware": true,
                                                      "Async Capable": false,
                                                      "Startup Cost": 7495.25,
                                                      "Total Cost": 7495.25,
                                                      "Plan Rows": 2442,
                                                      "Plan Width": 4,
                                                      "Plans": [
                                                        {
                                                          "Node Type": "Seq Scan",
                                                          "Parent Relationship": "Outer",
                                                          "Parallel Aware": true,
                                                          "Async Capable": false,
                                                          "Relation Name": "item",
                                                          "Alias": "item_1",
                                                          "Startup Cost": 0.0,
                                                          "Total Cost": 7495.25,
                                                          "Plan Rows": 2442,
                                                          "Plan Width": 4,
                                                          "Filter": "(i_current_price > '50'::numeric)",
                                                          "parent": 40,
                                                          "ID": 41
                                                        }
                                                      ],
                                                      "parent": 32,
                                                      "ID": 40,
                                                      "left": 41
                                                    }
                                                  ],
                                                  "parent": 31,
                                                  "ID": 32,
                                                  "left": 33,
                                                  "right": 40
                                                },
                                                {
                                                  "Node Type": "Hash",
                                                  "Parent Relationship": "Inner",
                                                  "Parallel Aware": false,
                                                  "Async Capable": false,
                                                  "Startup Cost": 19.25,
                                                  "Total Cost": 19.25,
                                                  "Plan Rows": 492,
                                                  "Plan Width": 4,
                                                  "Plans": [
                                                    {
                                                      "Node Type": "Seq Scan",
                                                      "Parent Relationship": "Outer",
                                                      "Parallel Aware": false,
                                                      "Async Capable": false,
                                                      "Relation Name": "promotion",
                                                      "Alias": "promotion_1",
                                                      "Startup Cost": 0.0,
                                                      "Total Cost": 19.25,
                                                      "Plan Rows": 492,
                                                      "Plan Width": 4,
                                                      "Filter": "(p_channel_tv = 'N'::bpchar)",
                                                      "parent": 42,
                                                      "ID": 43
                                                    }
                                                  ],
                                                  "parent": 31,
                                                  "ID": 42,
                                                  "left": 43
                                                }
                                              ],
                                              "parent": 30,
                                              "ID": 31,
                                              "left": 32,
                                              "right": 42
                                            },
                                            {
                                              "Node Type": "Hash",
                                              "Parent Relationship": "Inner",
                                              "Parallel Aware": false,
                                              "Async Capable": false,
                                              "Startup Cost": 368.0,
                                              "Total Cost": 368.0,
                                              "Plan Rows": 12000,
                                              "Plan Width": 21,
                                              "Plans": [
                                                {
                                                  "Node Type": "Seq Scan",
                                                  "Parent Relationship": "Outer",
                                                  "Parallel Aware": false,
                                                  "Async Capable": false,
                                                  "Relation Name": "catalog_page",
                                                  "Alias": "catalog_page",
                                                  "Startup Cost": 0.0,
                                                  "Total Cost": 368.0,
                                                  "Plan Rows": 12000,
                                                  "Plan Width": 21,
                                                  "parent": 44,
                                                  "ID": 45
                                                }
                                              ],
                                              "parent": 30,
                                              "ID": 44,
                                              "left": 45
                                            }
                                          ],
                                          "parent": 29,
                                          "ID": 30,
                                          "left": 31,
                                          "right": 44
                                        }
                                      ],
                                      "parent": 28,
                                      "ID": 29,
                                      "left": 30
                                    }
                                  ],
                                  "parent": 27,
                                  "ID": 28,
                                  "left": 29
                                }
                              ],
                              "parent": 26,
                              "ID": 27,
                              "left": 28
                            }
                          ],
                          "parent": 25,
                          "ID": 26,
                          "left": 27
                        }
                      ],
                      "parent": 3,
                      "ID": 25,
                      "left": 26
                    },
                    {
                      "Node Type": "Subquery Scan",
                      "Parent Relationship": "Member",
                      "Parallel Aware": false,
                      "Async Capable": false,
                      "Alias": "wsr",
                      "Startup Cost": 263918.43,
                      "Total Cost": 263926.12,
                      "Plan Rows": 21,
                      "Plan Width": 160,
                      "Plans": [
                        {
                          "Node Type": "Aggregate",
                          "Strategy": "Sorted",
                          "Partial Mode": "Finalize",
                          "Parent Relationship": "Subquery",
                          "Parallel Aware": false,
                          "Async Capable": false,
                          "Startup Cost": 263918.43,
                          "Total Cost": 263925.8,
                          "Plan Rows": 21,
                          "Plan Width": 113,
                          "Group Key": [
                            "web_site.web_site_id"
                          ],
                          "Plans": [
                            {
                              "Node Type": "Gather Merge",
                              "Parent Relationship": "Outer",
                              "Parallel Aware": false,
                              "Async Capable": false,
                              "Startup Cost": 263918.43,
                              "Total Cost": 263924.7,
                              "Plan Rows": 42,
                              "Plan Width": 113,
                              "Workers Planned": 2,
                              "Plans": [
                                {
                                  "Node Type": "Aggregate",
                                  "Strategy": "Sorted",
                                  "Partial Mode": "Partial",
                                  "Parent Relationship": "Outer",
                                  "Parallel Aware": false,
                                  "Async Capable": false,
                                  "Startup Cost": 262918.41,
                                  "Total Cost": 262919.83,
                                  "Plan Rows": 21,
                                  "Plan Width": 113,
                                  "Group Key": [
                                    "web_site.web_site_id"
                                  ],
                                  "Plans": [
                                    {
                                      "Node Type": "Sort",
                                      "Parent Relationship": "Outer",
                                      "Parallel Aware": false,
                                      "Async Capable": false,
                                      "Startup Cost": 262918.41,
                                      "Total Cost": 262918.59,
                                      "Plan Rows": 70,
                                      "Plan Width": 41,
                                      "Sort Key": [
                                        "web_site.web_site_id"
                                      ],
                                      "Plans": [
                                        {
                                          "Node Type": "Hash Join",
                                          "Parent Relationship": "Outer",
                                          "Parallel Aware": false,
                                          "Async Capable": false,
                                          "Join Type": "Inner",
                                          "Startup Cost": 32134.74,
                                          "Total Cost": 262916.27,
                                          "Plan Rows": 70,
                                          "Plan Width": 41,
                                          "Inner Unique": false,
                                          "Hash Cond": "(web_sales.ws_web_site_sk = web_site.web_site_sk)",
                                          "Plans": [
                                            {
                                              "Node Type": "Hash Join",
                                              "Parent Relationship": "Outer",
                                              "Parallel Aware": false,
                                              "Async Capable": false,
                                              "Join Type": "Inner",
                                              "Startup Cost": 32130.8,
                                              "Total Cost": 262911.36,
                                              "Plan Rows": 70,
                                              "Plan Width": 28,
                                              "Inner Unique": false,
                                              "Hash Cond": "(web_sales.ws_promo_sk = promotion_2.p_promo_sk)",
                                              "Plans": [
                                                {
                                                  "Node Type": "Hash Join",
                                                  "Parent Relationship": "Outer",
                                                  "Parallel Aware": true,
                                                  "Async Capable": false,
                                                  "Join Type": "Inner",
                                                  "Startup Cost": 32105.4,
                                                  "Total Cost": 262884.99,
                                                  "Plan Rows": 71,
                                                  "Plan Width": 32,
                                                  "Inner Unique": false,
                                                  "Hash Cond": "(web_sales.ws_item_sk = item_2.i_item_sk)",
                                                  "Plans": [
                                                    {
                                                      "Node Type": "Hash Join",
                                                      "Parent Relationship": "Outer",
                                                      "Parallel Aware": true,
                                                      "Async Capable": false,
                                                      "Join Type": "Left",
                                                      "Startup Cost": 24579.62,
                                                      "Total Cost": 255354.31,
                                                      "Plan Rows": 1231,
                                                      "Plan Width": 36,
                                                      "Inner Unique": false,
                                                      "Hash Cond": "((web_sales.ws_item_sk = web_returns.wr_item_sk) AND (web_sales.ws_order_number = web_returns.wr_order_number))",
                                                      "Plans": [
                                                        {
                                                          "Node Type": "Hash Join",
                                                          "Parent Relationship": "Outer",
                                                          "Parallel Aware": true,
                                                          "Async Capable": false,
                                                          "Join Type": "Inner",
                                                          "Startup Cost": 2049.78,
                                                          "Total Cost": 231041.22,
                                                          "Plan Rows": 1231,
                                                          "Plan Width": 28,
                                                          "Inner Unique": false,
                                                          "Hash Cond": "(web_sales.ws_sold_date_sk = date_dim_2.d_date_sk)",
                                                          "Plans": [
                                                            {
                                                              "Node Type": "Seq Scan",
                                                              "Parent Relationship": "Outer",
                                                              "Parallel Aware": true,
                                                              "Async Capable": false,
                                                              "Relation Name": "web_sales",
                                                              "Alias": "web_sales",
                                                              "Startup Cost": 0.0,
                                                              "Total Cost": 217737.86,
                                                              "Plan Rows": 2998986,
                                                              "Plan Width": 32,
                                                              "parent": 55,
                                                              "ID": 56
                                                            },
                                                            {
                                                              "Node Type": "Hash",
                                                              "Parent Relationship": "Inner",
                                                              "Parallel Aware": true,
                                                              "Async Capable": false,
                                                              "Startup Cost": 2049.55,
                                                              "Total Cost": 2049.55,
                                                              "Plan Rows": 18,
                                                              "Plan Width": 4,
                                                              "Plans": [
                                                                {
                                                                  "Node Type": "Seq Scan",
                                                                  "Parent Relationship": "Outer",
                                                                  "Parallel Aware": true,
                                                                  "Async Capable": false,
                                                                  "Relation Name": "date_dim",
                                                                  "Alias": "date_dim_2",
                                                                  "Startup Cost": 0.0,
                                                                  "Total Cost": 2049.55,
                                                                  "Plan Rows": 18,
                                                                  "Plan Width": 4,
                                                                  "Filter": "((d_date >= '1998-08-19'::date) AND (d_date <= '1998-09-18 00:00:00'::timestamp without time zone))",
                                                                  "parent": 57,
                                                                  "ID": 58
                                                                }
                                                              ],
                                                              "parent": 55,
                                                              "ID": 57,
                                                              "left": 58
                                                            }
                                                          ],
                                                          "parent": 54,
                                                          "ID": 55,
                                                          "left": 56,
                                                          "right": 57
                                                        },
                                                        {
                                                          "Node Type": "Hash",
                                                          "Parent Relationship": "Inner",
                                                          "Parallel Aware": true,
                                                          "Async Capable": false,
                                                          "Startup Cost": 16278.74,
                                                          "Total Cost": 16278.74,
                                                          "Plan Rows": 299674,
                                                          "Plan Width": 20,
                                                          "Plans": [
                                                            {
                                                              "Node Type": "Seq Scan",
                                                              "Parent Relationship": "Outer",
                                                              "Parallel Aware": true,
                                                              "Async Capable": false,
                                                              "Relation Name": "web_returns",
                                                              "Alias": "web_returns",
                                                              "Startup Cost": 0.0,
                                                              "Total Cost": 16278.74,
                                                              "Plan Rows": 299674,
                                                              "Plan Width": 20,
                                                              "parent": 59,
                                                              "ID": 60
                                                            }
                                                          ],
                                                          "parent": 54,
                                                          "ID": 59,
                                                          "left": 60
                                                        }
                                                      ],
                                                      "parent": 53,
                                                      "ID": 54,
                                                      "left": 55,
                                                      "right": 59
                                                    },
                                                    {
                                                      "Node Type": "Hash",
                                                      "Parent Relationship": "Inner",
                                                      "Parallel Aware": true,
                                                      "Async Capable": false,
                                                      "Startup Cost": 7495.25,
                                                      "Total Cost": 7495.25,
                                                      "Plan Rows": 2442,
                                                      "Plan Width": 4,
                                                      "Plans": [
                                                        {
                                                          "Node Type": "Seq Scan",
                                                          "Parent Relationship": "Outer",
                                                          "Parallel Aware": true,
                                                          "Async Capable": false,
                                                          "Relation Name": "item",
                                                          "Alias": "item_2",
                                                          "Startup Cost": 0.0,
                                                          "Total Cost": 7495.25,
                                                          "Plan Rows": 2442,
                                                          "Plan Width": 4,
                                                          "Filter": "(i_current_price > '50'::numeric)",
                                                          "parent": 61,
                                                          "ID": 62
                                                        }
                                                      ],
                                                      "parent": 53,
                                                      "ID": 61,
                                                      "left": 62
                                                    }
                                                  ],
                                                  "parent": 52,
                                                  "ID": 53,
                                                  "left": 54,
                                                  "right": 61
                                                },
                                                {
                                                  "Node Type": "Hash",
                                                  "Parent Relationship": "Inner",
                                                  "Parallel Aware": false,
                                                  "Async Capable": false,
                                                  "Startup Cost": 19.25,
                                                  "Total Cost": 19.25,
                                                  "Plan Rows": 492,
                                                  "Plan Width": 4,
                                                  "Plans": [
                                                    {
                                                      "Node Type": "Seq Scan",
                                                      "Parent Relationship": "Outer",
                                                      "Parallel Aware": false,
                                                      "Async Capable": false,
                                                      "Relation Name": "promotion",
                                                      "Alias": "promotion_2",
                                                      "Startup Cost": 0.0,
                                                      "Total Cost": 19.25,
                                                      "Plan Rows": 492,
                                                      "Plan Width": 4,
                                                      "Filter": "(p_channel_tv = 'N'::bpchar)",
                                                      "parent": 63,
                                                      "ID": 64
                                                    }
                                                  ],
                                                  "parent": 52,
                                                  "ID": 63,
                                                  "left": 64
                                                }
                                              ],
                                              "parent": 51,
                                              "ID": 52,
                                              "left": 53,
                                              "right": 63
                                            },
                                            {
                                              "Node Type": "Hash",
                                              "Parent Relationship": "Inner",
                                              "Parallel Aware": false,
                                              "Async Capable": false,
                                              "Startup Cost": 3.42,
                                              "Total Cost": 3.42,
                                              "Plan Rows": 42,
                                              "Plan Width": 21,
                                              "Plans": [
                                                {
                                                  "Node Type": "Seq Scan",
                                                  "Parent Relationship": "Outer",
                                                  "Parallel Aware": false,
                                                  "Async Capable": false,
                                                  "Relation Name": "web_site",
                                                  "Alias": "web_site",
                                                  "Startup Cost": 0.0,
                                                  "Total Cost": 3.42,
                                                  "Plan Rows": 42,
                                                  "Plan Width": 21,
                                                  "parent": 65,
                                                  "ID": 66
                                                }
                                              ],
                                              "parent": 51,
                                              "ID": 65,
                                              "left": 66
                                            }
                                          ],
                                          "parent": 50,
                                          "ID": 51,
                                          "left": 52,
                                          "right": 65
                                        }
                                      ],
                                      "parent": 49,
                                      "ID": 50,
                                      "left": 51
                                    }
                                  ],
                                  "parent": 48,
                                  "ID": 49,
                                  "left": 50
                                }
                              ],
                              "parent": 47,
                              "ID": 48,
                              "left": 49
                            }
                          ],
                          "parent": 46,
                          "ID": 47,
                          "left": 48
                        }
                      ],
                      "parent": 3,
                      "ID": 46,
                      "left": 47
                    }
                  ],
                  "parent": 2,
                  "ID": 3,
                  "left": 4,
                  "right": 25
                }
              ],
              "parent": 1,
              "ID": 2,
              "left": 3
            }
          ],
          "parent": 0,
          "ID": 1,
          "left": 2
        }
      ],
      "parent": null,
      "ID": 0,
      "left": 1
    },
    "feat": {
      "utility": 0.014007921025013791,
      "query_shape": [
        [
          "Seq Scan",
          "Hash Join",
          "Sort",
          "Aggregate",
          "Gather Merge",
          "Subquery Scan",
          "Append"
        ],
        [
          "Seq Scan",
          "Hash",
          "Hash Join",
          "Sort",
          "Aggregate",
          "Gather Merge",
          "Subquery Scan",
          "Append"
        ],
        [
          "Seq Scan",
          "Hash",
          "Hash Join",
          "Sort",
          "Aggregate",
          "Gather Merge",
          "Subquery Scan",
          "Append"
        ],
        [
          "Seq Scan",
          "Hash",
          "Hash Join",
          "Sort",
          "Aggregate",
          "Gather Merge",
          "Subquery Scan",
          "Append"
        ],
        [
          "Seq Scan",
          "Hash",
          "Hash Join",
          "Sort",
          "Aggregate",
          "Gather Merge",
          "Subquery Scan",
          "Append"
        ],
        [
          "Seq Scan",
          "Hash",
          "Hash Join",
          "Sort",
          "Aggregate",
          "Gather Merge",
          "Subquery Scan",
          "Append"
        ],
        [
          "Seq Scan",
          "Hash Join",
          "Sort",
          "Aggregate",
          "Gather Merge",
          "Subquery Scan",
          "Append"
        ],
        [
          "Seq Scan",
          "Hash",
          "Hash Join",
          "Sort",
          "Aggregate",
          "Gather Merge",
          "Subquery Scan",
          "Append"
        ],
        [
          "Seq Scan",
          "Hash",
          "Hash Join",
          "Sort",
          "Aggregate",
          "Gather Merge",
          "Subquery Scan",
          "Append"
        ],
        [
          "Seq Scan",
          "Hash",
          "Hash Join",
          "Sort",
          "Aggregate",
          "Gather Merge",
          "Subquery Scan",
          "Append"
        ],
        [
          "Seq Scan",
          "Hash",
          "Hash Join",
          "Sort",
          "Aggregate",
          "Gather Merge",
          "Subquery Scan",
          "Append"
        ],
        [
          "Seq Scan",
          "Hash",
          "Hash Join",
          "Sort",
          "Aggregate",
          "Gather Merge",
          "Subquery Scan",
          "Append"
        ],
        [
          "Seq Scan",
          "Hash Join",
          "Sort",
          "Aggregate",
          "Gather Merge",
          "Subquery Scan",
          "Append"
        ],
        [
          "Seq Scan",
          "Hash",
          "Hash Join",
          "Sort",
          "Aggregate",
          "Gather Merge",
          "Subquery Scan",
          "Append"
        ],
        [
          "Seq Scan",
          "Hash",
          "Hash Join",
          "Sort",
          "Aggregate",
          "Gather Merge",
          "Subquery Scan",
          "Append"
        ],
        [
          "Seq Scan",
          "Hash",
          "Hash Join",
          "Sort",
          "Aggregate",
          "Gather Merge",
          "Subquery Scan",
          "Append"
        ],
        [
          "Seq Scan",
          "Hash",
          "Hash Join",
          "Sort",
          "Aggregate",
          "Gather Merge",
          "Subquery Scan",
          "Append"
        ],
        [
          "Seq Scan",
          "Hash",
          "Hash Join",
          "Sort",
          "Aggregate",
          "Gather Merge",
          "Subquery Scan",
          "Append"
        ]
      ],
      "index_shape": [
        "selection"
      ],
      "physical_operator": {
        "Seq Scan": [
          0.023941176470588243,
          0.023941176470588243,
          0.023941176470588243
        ]
      }
    }
  },
  {
    "query": "with ssr as\n (select  s_store_id as store_id,\n          sum(ss_ext_sales_price) as sales,\n          sum(coalesce(sr_return_amt, 0)) as returns,\n          sum(ss_net_profit - coalesce(sr_net_loss, 0)) as profit\n  from store_sales left outer join store_returns on\n         (ss_item_sk = sr_item_sk and ss_ticket_number = sr_ticket_number),\n     date_dim,\n     store,\n     item,\n     promotion\n where ss_sold_date_sk = d_date_sk\n       and d_date between cast('1998-08-19' as date) \n                  and (cast('1998-08-19' as date) +  interval '30 days')\n       and ss_store_sk = s_store_sk\n       and ss_item_sk = i_item_sk\n       and i_current_price > 50\n       and ss_promo_sk = p_promo_sk\n       and p_channel_tv = 'N'\n group by s_store_id)\n ,\n csr as\n (select  cp_catalog_page_id as catalog_page_id,\n          sum(cs_ext_sales_price) as sales,\n          sum(coalesce(cr_return_amount, 0)) as returns,\n          sum(cs_net_profit - coalesce(cr_net_loss, 0)) as profit\n  from catalog_sales left outer join catalog_returns on\n         (cs_item_sk = cr_item_sk and cs_order_number = cr_order_number),\n     date_dim,\n     catalog_page,\n     item,\n     promotion\n where cs_sold_date_sk = d_date_sk\n       and d_date between cast('1998-08-19' as date)\n                  and (cast('1998-08-19' as date) +  interval '30 days')\n        and cs_catalog_page_sk = cp_catalog_page_sk\n       and cs_item_sk = i_item_sk\n       and i_current_price > 50\n       and cs_promo_sk = p_promo_sk\n       and p_channel_tv = 'N'\ngroup by cp_catalog_page_id)\n ,\n wsr as\n (select  web_site_id,\n          sum(ws_ext_sales_price) as sales,\n          sum(coalesce(wr_return_amt, 0)) as returns,\n          sum(ws_net_profit - coalesce(wr_net_loss, 0)) as profit\n  from web_sales left outer join web_returns on\n         (ws_item_sk = wr_item_sk and ws_order_number = wr_order_number),\n     date_dim,\n     web_site,\n     item,\n     promotion\n where ws_sold_date_sk = d_date_sk\n       and d_date between cast('1998-08-19' as date)\n                  and (cast('1998-08-19' as date) +  interval '30 days')\n        and ws_web_site_sk = web_site_sk\n       and ws_item_sk = i_item_sk\n       and i_current_price > 50\n       and ws_promo_sk = p_promo_sk\n       and p_channel_tv = 'N'\ngroup by web_site_id)\n  select  channel\n        , id\n        , sum(sales) as sales\n        , sum(returns) as returns\n        , sum(profit) as profit\n from \n (select 'store channel' as channel\n        , 'store' || store_id as id\n        , sales\n        , returns\n        , profit\n from   ssr\n union all\n select 'catalog channel' as channel\n        , 'catalog_page' || catalog_page_id as id\n        , sales\n        , returns\n        , profit\n from  csr\n union all\n select 'web channel' as channel\n        , 'web_site' || web_site_id as id\n        , sales\n        , returns\n        , profit\n from   wsr\n ) x\n group by rollup (channel, id)\n order by channel\n         ,id\n limit 100;\n\n-- end query 61 in stream 0 using template query80.tpl\n",
    "indexes": "store.s_store_sk",
    "wo plan est": {
      "Node Type": "Limit",
      "Parallel Aware": false,
      "Async Capable": false,
      "Startup Cost": 1566782.76,
      "Total Cost": 1566786.01,
      "Plan Rows": 100,
      "Plan Width": 160,
      "Plans": [
        {
          "Node Type": "Aggregate",
          "Strategy": "Sorted",
          "Partial Mode": "Simple",
          "Parent Relationship": "Outer",
          "Parallel Aware": false,
          "Async Capable": false,
          "Startup Cost": 1566782.76,
          "Total Cost": 1566795.8,
          "Plan Rows": 401,
          "Plan Width": 160,
          "Grouping Sets": [
            {
              "Group Keys": [
                [
                  "('store channel'::text)",
                  "(('store'::text || (ssr.store_id)::text))"
                ],
                [
                  "('store channel'::text)"
                ],
                []
              ]
            }
          ],
          "Plans": [
            {
              "Node Type": "Sort",
              "Parent Relationship": "Outer",
              "Parallel Aware": false,
              "Async Capable": false,
              "Startup Cost": 1566782.76,
              "Total Cost": 1566783.77,
              "Plan Rows": 401,
              "Plan Width": 160,
              "Sort Key": [
                "('store channel'::text)",
                "(('store'::text || (ssr.store_id)::text))"
              ],
              "Plans": [
                {
                  "Node Type": "Append",
                  "Parent Relationship": "Outer",
                  "Parallel Aware": false,
                  "Async Capable": false,
                  "Startup Cost": 784591.9,
                  "Total Cost": 1566765.43,
                  "Plan Rows": 401,
                  "Plan Width": 160,
                  "Subplans Removed": 0,
                  "Plans": [
                    {
                      "Node Type": "Subquery Scan",
                      "Parent Relationship": "Member",
                      "Parallel Aware": false,
                      "Async Capable": false,
                      "Alias": "ssr",
                      "Startup Cost": 784591.9,
                      "Total Cost": 784611.64,
                      "Plan Rows": 51,
                      "Plan Width": 160,
                      "Plans": [
                        {
                          "Node Type": "Aggregate",
                          "Strategy": "Sorted",
                          "Partial Mode": "Finalize",
                          "Parent Relationship": "Subquery",
                          "Parallel Aware": false,
                          "Async Capable": false,
                          "Startup Cost": 784591.9,
                          "Total Cost": 784610.87,
                          "Plan Rows": 51,
                          "Plan Width": 113,
                          "Group Key": [
                            "store.s_store_id"
                          ],
                          "Plans": [
                            {
                              "Node Type": "Gather Merge",
                              "Parent Relationship": "Outer",
                              "Parallel Aware": false,
                              "Async Capable": false,
                              "Startup Cost": 784591.9,
                              "Total Cost": 784608.2,
                              "Plan Rows": 102,
                              "Plan Width": 113,
                              "Workers Planned": 2,
                              "Plans": [
                                {
                                  "Node Type": "Aggregate",
                                  "Strategy": "Sorted",
                                  "Partial Mode": "Partial",
                                  "Parent Relationship": "Outer",
                                  "Parallel Aware": false,
                                  "Async Capable": false,
                                  "Startup Cost": 783591.88,
                                  "Total Cost": 783596.4,
                                  "Plan Rows": 51,
                                  "Plan Width": 113,
                                  "Group Key": [
                                    "store.s_store_id"
                                  ],
                                  "Plans": [
                                    {
                                      "Node Type": "Sort",
                                      "Parent Relationship": "Outer",
                                      "Parallel Aware": false,
                                      "Async Capable": false,
                                      "Startup Cost": 783591.88,
                                      "Total Cost": 783592.48,
                                      "Plan Rows": 242,
                                      "Plan Width": 41,
                                      "Sort Key": [
                                        "store.s_store_id"
                                      ],
                                      "Plans": [
                                        {
                                          "Node Type": "Hash Join",
                                          "Parent Relationship": "Outer",
                                          "Parallel Aware": false,
                                          "Async Capable": false,
                                          "Join Type": "Inner",
                                          "Startup Cost": 94489.35,
                                          "Total Cost": 783582.3,
                                          "Plan Rows": 242,
                                          "Plan Width": 41,
                                          "Inner Unique": false,
                                          "Hash Cond": "(store_sales.ss_store_sk = store.s_store_sk)",
                                          "Plans": [
                                            {
                                              "Node Type": "Hash Join",
                                              "Parent Relationship": "Outer",
                                              "Parallel Aware": false,
                                              "Async Capable": false,
                                              "Join Type": "Inner",
                                              "Startup Cost": 94482.05,
                                              "Total Cost": 783571.63,
                                              "Plan Rows": 254,
                                              "Plan Width": 28,
                                              "Inner Unique": false,
                                              "Hash Cond": "(store_sales.ss_promo_sk = promotion.p_promo_sk)",
                                              "Plans": [
                                                {
                                                  "Node Type": "Hash Join",
                                                  "Parent Relationship": "Outer",
                                                  "Parallel Aware": true,
                                                  "Async Capable": false,
                                                  "Join Type": "Inner",
                                                  "Startup Cost": 94456.65,
                                                  "Total Cost": 783542.68,
                                                  "Plan Rows": 270,
                                                  "Plan Width": 32,
                                                  "Inner Unique": false,
                                                  "Hash Cond": "(store_sales.ss_item_sk = item.i_item_sk)",
                                                  "Plans": [
                                                    {
                                                      "Node Type": "Hash Join",
                                                      "Parent Relationship": "Outer",
                                                      "Parallel Aware": true,
                                                      "Async Capable": false,
                                                      "Join Type": "Left",
                                                      "Startup Cost": 86930.88,
                                                      "Total Cost": 775998.13,
                                                      "Plan Rows": 4703,
                                                      "Plan Width": 36,
                                                      "Inner Unique": false,
                                                      "Hash Cond": "((store_sales.ss_item_sk = store_returns.sr_item_sk) AND (store_sales.ss_ticket_number = store_returns.sr_ticket_number))",
                                                      "Plans": [
                                                        {
                                                          "Node Type": "Hash Join",
                                                          "Parent Relationship": "Outer",
                                                          "Parallel Aware": true,
                                                          "Async Capable": false,
                                                          "Join Type": "Inner",
                                                          "Startup Cost": 2049.78,
                                                          "Total Cost": 683994.75,
                                                          "Plan Rows": 4703,
                                                          "Plan Width": 28,
                                                          "Inner Unique": false,
                                                          "Hash Cond": "(store_sales.ss_sold_date_sk = date_dim.d_date_sk)",
                                                          "Plans": [
                                                            {
                                                              "Node Type": "Seq Scan",
                                                              "Parent Relationship": "Outer",
                                                              "Parallel Aware": true,
                                                              "Async Capable": false,
                                                              "Relation Name": "store_sales",
                                                              "Alias": "store_sales",
                                                              "Startup Cost": 0.0,
                                                              "Total Cost": 636914.37,
                                                              "Plan Rows": 12000637,
                                                              "Plan Width": 32,
                                                              "parent": 13,
                                                              "ID": 14
                                                            },
                                                            {
                                                              "Node Type": "Hash",
                                                              "Parent Relationship": "Inner",
                                                              "Parallel Aware": true,
                                                              "Async Capable": false,
                                                              "Startup Cost": 2049.55,
                                                              "Total Cost": 2049.55,
                                                              "Plan Rows": 18,
                                                              "Plan Width": 4,
                                                              "Plans": [
                                                                {
                                                                  "Node Type": "Seq Scan",
                                                                  "Parent Relationship": "Outer",
                                                                  "Parallel Aware": true,
                                                                  "Async Capable": false,
                                                                  "Relation Name": "date_dim",
                                                                  "Alias": "date_dim",
                                                                  "Startup Cost": 0.0,
                                                                  "Total Cost": 2049.55,
                                                                  "Plan Rows": 18,
                                                                  "Plan Width": 4,
                                                                  "Filter": "((d_date >= '1998-08-19'::date) AND (d_date <= '1998-09-18 00:00:00'::timestamp without time zone))",
                                                                  "parent": 15,
                                                                  "ID": 16
                                                                }
                                                              ],
                                                              "parent": 13,
                                                              "ID": 15,
                                                              "left": 16
                                                            }
                                                          ],
                                                          "parent": 12,
                                                          "ID": 13,
                                                          "left": 14,
                                                          "right": 15
                                                        },
                                                        {
                                                          "Node Type": "Hash",
                                                          "Parent Relationship": "Inner",
                                                          "Parallel Aware": true,
                                                          "Async Capable": false,
                                                          "Startup Cost": 59887.64,
                                                          "Total Cost": 59887.64,
                                                          "Plan Rows": 1198164,
                                                          "Plan Width": 20,
                                                          "Plans": [
                                                            {
                                                              "Node Type": "Seq Scan",
                                                              "Parent Relationship": "Outer",
                                                              "Parallel Aware": true,
                                                              "Async Capable": false,
                                                              "Relation Name": "store_returns",
                                                              "Alias": "store_returns",
                                                              "Startup Cost": 0.0,
                                                              "Total Cost": 59887.64,
                                                              "Plan Rows": 1198164,
                                                              "Plan Width": 20,
                                                              "parent": 17,
                                                              "ID": 18
                                                            }
                                                          ],
                                                          "parent": 12,
                                                          "ID": 17,
                                                          "left": 18
                                                        }
                                                      ],
                                                      "parent": 11,
                                                      "ID": 12,
                                                      "left": 13,
                                                      "right": 17
                                                    },
                                                    {
                                                      "Node Type": "Hash",
                                                      "Parent Relationship": "Inner",
                                                      "Parallel Aware": true,
                                                      "Async Capable": false,
                                                      "Startup Cost": 7495.25,
                                                      "Total Cost": 7495.25,
                                                      "Plan Rows": 2442,
                                                      "Plan Width": 4,
                                                      "Plans": [
                                                        {
                                                          "Node Type": "Seq Scan",
                                                          "Parent Relationship": "Outer",
                                                          "Parallel Aware": true,
                                                          "Async Capable": false,
                                                          "Relation Name": "item",
                                                          "Alias": "item",
                                                          "Startup Cost": 0.0,
                                                          "Total Cost": 7495.25,
                                                          "Plan Rows": 2442,
                                                          "Plan Width": 4,
                                                          "Filter": "(i_current_price > '50'::numeric)",
                                                          "parent": 19,
                                                          "ID": 20
                                                        }
                                                      ],
                                                      "parent": 11,
                                                      "ID": 19,
                                                      "left": 20
                                                    }
                                                  ],
                                                  "parent": 10,
                                                  "ID": 11,
                                                  "left": 12,
                                                  "right": 19
                                                },
                                                {
                                                  "Node Type": "Hash",
                                                  "Parent Relationship": "Inner",
                                                  "Parallel Aware": false,
                                                  "Async Capable": false,
                                                  "Startup Cost": 19.25,
                                                  "Total Cost": 19.25,
                                                  "Plan Rows": 492,
                                                  "Plan Width": 4,
                                                  "Plans": [
                                                    {
                                                      "Node Type": "Seq Scan",
                                                      "Parent Relationship": "Outer",
                                                      "Parallel Aware": false,
                                                      "Async Capable": false,
                                                      "Relation Name": "promotion",
                                                      "Alias": "promotion",
                                                      "Startup Cost": 0.0,
                                                      "Total Cost": 19.25,
                                                      "Plan Rows": 492,
                                                      "Plan Width": 4,
                                                      "Filter": "(p_channel_tv = 'N'::bpchar)",
                                                      "parent": 21,
                                                      "ID": 22
                                                    }
                                                  ],
                                                  "parent": 10,
                                                  "ID": 21,
                                                  "left": 22
                                                }
                                              ],
                                              "parent": 9,
                                              "ID": 10,
                                              "left": 11,
                                              "right": 21
                                            },
                                            {
                                              "Node Type": "Hash",
                                              "Parent Relationship": "Inner",
                                              "Parallel Aware": false,
                                              "Async Capable": false,
                                              "Startup Cost": 6.02,
                                              "Total Cost": 6.02,
                                              "Plan Rows": 102,
                                              "Plan Width": 21,
                                              "Plans": [
                                                {
                                                  "Node Type": "Seq Scan",
                                                  "Parent Relationship": "Outer",
                                                  "Parallel Aware": false,
                                                  "Async Capable": false,
                                                  "Relation Name": "store",
                                                  "Alias": "store",
                                                  "Startup Cost": 0.0,
                                                  "Total Cost": 6.02,
                                                  "Plan Rows": 102,
                                                  "Plan Width": 21,
                                                  "parent": 23,
                                                  "ID": 24
                                                }
                                              ],
                                              "parent": 9,
                                              "ID": 23,
                                              "left": 24
                                            }
                                          ],
                                          "parent": 8,
                                          "ID": 9,
                                          "left": 10,
                                          "right": 23
                                        }
                                      ],
                                      "parent": 7,
                                      "ID": 8,
                                      "left": 9
                                    }
                                  ],
                                  "parent": 6,
                                  "ID": 7,
                                  "left": 8
                                }
                              ],
                              "parent": 5,
                              "ID": 6,
                              "left": 7
                            }
                          ],
                          "parent": 4,
                          "ID": 5,
                          "left": 6
                        }
                      ],
                      "parent": 3,
                      "ID": 4,
                      "left": 5
                    },
                    {
                      "Node Type": "Subquery Scan",
                      "Parent Relationship": "Member",
                      "Parallel Aware": false,
                      "Async Capable": false,
                      "Alias": "csr",
                      "Startup Cost": 518174.1,
                      "Total Cost": 518225.66,
                      "Plan Rows": 329,
                      "Plan Width": 160,
                      "Plans": [
                        {
                          "Node Type": "Aggregate",
                          "Strategy": "Sorted",
                          "Partial Mode": "Finalize",
                          "Parent Relationship": "Subquery",
                          "Parallel Aware": false,
                          "Async Capable": false,
                          "Startup Cost": 518174.1,
                          "Total Cost": 518220.73,
                          "Plan Rows": 329,
                          "Plan Width": 113,
                          "Group Key": [
                            "catalog_page.cp_catalog_page_id"
                          ],
                          "Plans": [
                            {
                              "Node Type": "Gather Merge",
                              "Parent Relationship": "Outer",
                              "Parallel Aware": false,
                              "Async Capable": false,
                              "Startup Cost": 518174.1,
                              "Total Cost": 518210.18,
                              "Plan Rows": 274,
                              "Plan Width": 113,
                              "Workers Planned": 2,
                              "Plans": [
                                {
                                  "Node Type": "Aggregate",
                                  "Strategy": "Sorted",
                                  "Partial Mode": "Partial",
                                  "Parent Relationship": "Outer",
                                  "Parallel Aware": false,
                                  "Async Capable": false,
                                  "Startup Cost": 517174.07,
                                  "Total Cost": 517178.53,
                                  "Plan Rows": 137,
                                  "Plan Width": 113,
                                  "Group Key": [
                                    "catalog_page.cp_catalog_page_id"
                                  ],
                                  "Plans": [
                                    {
                                      "Node Type": "Sort",
                                      "Parent Relationship": "Outer",
                                      "Parallel Aware": false,
                                      "Async Capable": false,
                                      "Startup Cost": 517174.07,
                                      "Total Cost": 517174.42,
                                      "Plan Rows": 137,
                                      "Plan Width": 41,
                                      "Sort Key": [
                                        "catalog_page.cp_catalog_page_id"
                                      ],
                                      "Plans": [
                                        {
                                          "Node Type": "Hash Join",
                                          "Parent Relationship": "Outer",
                                          "Parallel Aware": false,
                                          "Async Capable": false,
                                          "Join Type": "Inner",
                                          "Startup Cost": 57382.33,
                                          "Total Cost": 517169.21,
                                          "Plan Rows": 137,
                                          "Plan Width": 41,
                                          "Inner Unique": false,
                                          "Hash Cond": "(catalog_sales.cs_catalog_page_sk = catalog_page.cp_catalog_page_sk)",
                                          "Plans": [
                                            {
                                              "Node Type": "Hash Join",
                                              "Parent Relationship": "Outer",
                                              "Parallel Aware": false,
                                              "Async Capable": false,
                                              "Join Type": "Inner",
                                              "Startup Cost": 56864.33,
                                              "Total Cost": 516649.32,
                                              "Plan Rows": 138,
                                              "Plan Width": 28,
                                              "Inner Unique": false,
                                              "Hash Cond": "(catalog_sales.cs_promo_sk = promotion_1.p_promo_sk)",
                                              "Plans": [
                                                {
                                                  "Node Type": "Hash Join",
                                                  "Parent Relationship": "Outer",
                                                  "Parallel Aware": true,
                                                  "Async Capable": false,
                                                  "Join Type": "Inner",
                                                  "Startup Cost": 56838.93,
                                                  "Total Cost": 516622.01,
                                                  "Plan Rows": 141,
                                                  "Plan Width": 32,
                                                  "Inner Unique": false,
                                                  "Hash Cond": "(catalog_sales.cs_item_sk = item_1.i_item_sk)",
                                                  "Plans": [
                                                    {
                                                      "Node Type": "Hash Join",
                                                      "Parent Relationship": "Outer",
                                                      "Parallel Aware": true,
                                                      "Async Capable": false,
                                                      "Join Type": "Left",
                                                      "Startup Cost": 49313.15,
                                                      "Total Cost": 509086.46,
                                                      "Plan Rows": 2450,
                                                      "Plan Width": 36,
                                                      "Inner Unique": false,
                                                      "Hash Cond": "((catalog_sales.cs_item_sk = catalog_returns.cr_item_sk) AND (catalog_sales.cs_order_number = catalog_returns.cr_order_number))",
                                                      "Plans": [
                                                        {
                                                          "Node Type": "Hash Join",
                                                          "Parent Relationship": "Outer",
                                                          "Parallel Aware": true,
                                                          "Async Capable": false,
                                                          "Join Type": "Inner",
                                                          "Startup Cost": 2049.78,
                                                          "Total Cost": 458254.7,
                                                          "Plan Rows": 2450,
                                                          "Plan Width": 28,
                                                          "Inner Unique": false,
                                                          "Hash Cond": "(catalog_sales.cs_sold_date_sk = date_dim_1.d_date_sk)",
                                                          "Plans": [
                                                            {
                                                              "Node Type": "Seq Scan",
                                                              "Parent Relationship": "Outer",
                                                              "Parallel Aware": true,
                                                              "Async Capable": false,
                                                              "Relation Name": "catalog_sales",
                                                              "Alias": "catalog_sales",
                                                              "Startup Cost": 0.0,
                                                              "Total Cost": 433688.25,
                                                              "Plan Rows": 6000525,
                                                              "Plan Width": 32,
                                                              "parent": 34,
                                                              "ID": 35
                                                            },
                                                            {
                                                              "Node Type": "Hash",
                                                              "Parent Relationship": "Inner",
                                                              "Parallel Aware": true,
                                                              "Async Capable": false,
                                                              "Startup Cost": 2049.55,
                                                              "Total Cost": 2049.55,
                                                              "Plan Rows": 18,
                                                              "Plan Width": 4,
                                                              "Plans": [
                                                                {
                                                                  "Node Type": "Seq Scan",
                                                                  "Parent Relationship": "Outer",
                                                                  "Parallel Aware": true,
                                                                  "Async Capable": false,
                                                                  "Relation Name": "date_dim",
                                                                  "Alias": "date_dim_1",
                                                                  "Startup Cost": 0.0,
                                                                  "Total Cost": 2049.55,
                                                                  "Plan Rows": 18,
                                                                  "Plan Width": 4,
                                                                  "Filter": "((d_date >= '1998-08-19'::date) AND (d_date <= '1998-09-18 00:00:00'::timestamp without time zone))",
                                                                  "parent": 36,
                                                                  "ID": 37
                                                                }
                                                              ],
                                                              "parent": 34,
                                                              "ID": 36,
                                                              "left": 37
                                                            }
                                                          ],
                                                          "parent": 33,
                                                          "ID": 34,
                                                          "left": 35,
                                                          "right": 36
                                                        },
                                                        {
                                                          "Node Type": "Hash",
                                                          "Parent Relationship": "Inner",
                                                          "Parallel Aware": true,
                                                          "Async Capable": false,
                                                          "Startup Cost": 34748.95,
                                                          "Total Cost": 34748.95,
                                                          "Plan Rows": 599895,
                                                          "Plan Width": 20,
                                                          "Plans": [
                                                            {
                                                              "Node Type": "Seq Scan",
                                                              "Parent Relationship": "Outer",
                                                              "Parallel Aware": true,
                                                              "Async Capable": false,
                                                              "Relation Name": "catalog_returns",
                                                              "Alias": "catalog_returns",
                                                              "Startup Cost": 0.0,
                                                              "Total Cost": 34748.95,
                                                              "Plan Rows": 599895,
                                                              "Plan Width": 20,
                                                              "parent": 38,
                                                              "ID": 39
                                                            }
                                                          ],
                                                          "parent": 33,
                                                          "ID": 38,
                                                          "left": 39
                                                        }
                                                      ],
                                                      "parent": 32,
                                                      "ID": 33,
                                                      "left": 34,
                                                      "right": 38
                                                    },
                                                    {
                                                      "Node Type": "Hash",
                                                      "Parent Relationship": "Inner",
                                                      "Parallel Aware": true,
                                                      "Async Capable": false,
                                                      "Startup Cost": 7495.25,
                                                      "Total Cost": 7495.25,
                                                      "Plan Rows": 2442,
                                                      "Plan Width": 4,
                                                      "Plans": [
                                                        {
                                                          "Node Type": "Seq Scan",
                                                          "Parent Relationship": "Outer",
                                                          "Parallel Aware": true,
                                                          "Async Capable": false,
                                                          "Relation Name": "item",
                                                          "Alias": "item_1",
                                                          "Startup Cost": 0.0,
                                                          "Total Cost": 7495.25,
                                                          "Plan Rows": 2442,
                                                          "Plan Width": 4,
                                                          "Filter": "(i_current_price > '50'::numeric)",
                                                          "parent": 40,
                                                          "ID": 41
                                                        }
                                                      ],
                                                      "parent": 32,
                                                      "ID": 40,
                                                      "left": 41
                                                    }
                                                  ],
                                                  "parent": 31,
                                                  "ID": 32,
                                                  "left": 33,
                                                  "right": 40
                                                },
                                                {
                                                  "Node Type": "Hash",
                                                  "Parent Relationship": "Inner",
                                                  "Parallel Aware": false,
                                                  "Async Capable": false,
                                                  "Startup Cost": 19.25,
                                                  "Total Cost": 19.25,
                                                  "Plan Rows": 492,
                                                  "Plan Width": 4,
                                                  "Plans": [
                                                    {
                                                      "Node Type": "Seq Scan",
                                                      "Parent Relationship": "Outer",
                                                      "Parallel Aware": false,
                                                      "Async Capable": false,
                                                      "Relation Name": "promotion",
                                                      "Alias": "promotion_1",
                                                      "Startup Cost": 0.0,
                                                      "Total Cost": 19.25,
                                                      "Plan Rows": 492,
                                                      "Plan Width": 4,
                                                      "Filter": "(p_channel_tv = 'N'::bpchar)",
                                                      "parent": 42,
                                                      "ID": 43
                                                    }
                                                  ],
                                                  "parent": 31,
                                                  "ID": 42,
                                                  "left": 43
                                                }
                                              ],
                                              "parent": 30,
                                              "ID": 31,
                                              "left": 32,
                                              "right": 42
                                            },
                                            {
                                              "Node Type": "Hash",
                                              "Parent Relationship": "Inner",
                                              "Parallel Aware": false,
                                              "Async Capable": false,
                                              "Startup Cost": 368.0,
                                              "Total Cost": 368.0,
                                              "Plan Rows": 12000,
                                              "Plan Width": 21,
                                              "Plans": [
                                                {
                                                  "Node Type": "Seq Scan",
                                                  "Parent Relationship": "Outer",
                                                  "Parallel Aware": false,
                                                  "Async Capable": false,
                                                  "Relation Name": "catalog_page",
                                                  "Alias": "catalog_page",
                                                  "Startup Cost": 0.0,
                                                  "Total Cost": 368.0,
                                                  "Plan Rows": 12000,
                                                  "Plan Width": 21,
                                                  "parent": 44,
                                                  "ID": 45
                                                }
                                              ],
                                              "parent": 30,
                                              "ID": 44,
                                              "left": 45
                                            }
                                          ],
                                          "parent": 29,
                                          "ID": 30,
                                          "left": 31,
                                          "right": 44
                                        }
                                      ],
                                      "parent": 28,
                                      "ID": 29,
                                      "left": 30
                                    }
                                  ],
                                  "parent": 27,
                                  "ID": 28,
                                  "left": 29
                                }
                              ],
                              "parent": 26,
                              "ID": 27,
                              "left": 28
                            }
                          ],
                          "parent": 25,
                          "ID": 26,
                          "left": 27
                        }
                      ],
                      "parent": 3,
                      "ID": 25,
                      "left": 26
                    },
                    {
                      "Node Type": "Subquery Scan",
                      "Parent Relationship": "Member",
                      "Parallel Aware": false,
                      "Async Capable": false,
                      "Alias": "wsr",
                      "Startup Cost": 263918.43,
                      "Total Cost": 263926.12,
                      "Plan Rows": 21,
                      "Plan Width": 160,
                      "Plans": [
                        {
                          "Node Type": "Aggregate",
                          "Strategy": "Sorted",
                          "Partial Mode": "Finalize",
                          "Parent Relationship": "Subquery",
                          "Parallel Aware": false,
                          "Async Capable": false,
                          "Startup Cost": 263918.43,
                          "Total Cost": 263925.8,
                          "Plan Rows": 21,
                          "Plan Width": 113,
                          "Group Key": [
                            "web_site.web_site_id"
                          ],
                          "Plans": [
                            {
                              "Node Type": "Gather Merge",
                              "Parent Relationship": "Outer",
                              "Parallel Aware": false,
                              "Async Capable": false,
                              "Startup Cost": 263918.43,
                              "Total Cost": 263924.7,
                              "Plan Rows": 42,
                              "Plan Width": 113,
                              "Workers Planned": 2,
                              "Plans": [
                                {
                                  "Node Type": "Aggregate",
                                  "Strategy": "Sorted",
                                  "Partial Mode": "Partial",
                                  "Parent Relationship": "Outer",
                                  "Parallel Aware": false,
                                  "Async Capable": false,
                                  "Startup Cost": 262918.41,
                                  "Total Cost": 262919.83,
                                  "Plan Rows": 21,
                                  "Plan Width": 113,
                                  "Group Key": [
                                    "web_site.web_site_id"
                                  ],
                                  "Plans": [
                                    {
                                      "Node Type": "Sort",
                                      "Parent Relationship": "Outer",
                                      "Parallel Aware": false,
                                      "Async Capable": false,
                                      "Startup Cost": 262918.41,
                                      "Total Cost": 262918.59,
                                      "Plan Rows": 70,
                                      "Plan Width": 41,
                                      "Sort Key": [
                                        "web_site.web_site_id"
                                      ],
                                      "Plans": [
                                        {
                                          "Node Type": "Hash Join",
                                          "Parent Relationship": "Outer",
                                          "Parallel Aware": false,
                                          "Async Capable": false,
                                          "Join Type": "Inner",
                                          "Startup Cost": 32134.74,
                                          "Total Cost": 262916.27,
                                          "Plan Rows": 70,
                                          "Plan Width": 41,
                                          "Inner Unique": false,
                                          "Hash Cond": "(web_sales.ws_web_site_sk = web_site.web_site_sk)",
                                          "Plans": [
                                            {
                                              "Node Type": "Hash Join",
                                              "Parent Relationship": "Outer",
                                              "Parallel Aware": false,
                                              "Async Capable": false,
                                              "Join Type": "Inner",
                                              "Startup Cost": 32130.8,
                                              "Total Cost": 262911.36,
                                              "Plan Rows": 70,
                                              "Plan Width": 28,
                                              "Inner Unique": false,
                                              "Hash Cond": "(web_sales.ws_promo_sk = promotion_2.p_promo_sk)",
                                              "Plans": [
                                                {
                                                  "Node Type": "Hash Join",
                                                  "Parent Relationship": "Outer",
                                                  "Parallel Aware": true,
                                                  "Async Capable": false,
                                                  "Join Type": "Inner",
                                                  "Startup Cost": 32105.4,
                                                  "Total Cost": 262884.99,
                                                  "Plan Rows": 71,
                                                  "Plan Width": 32,
                                                  "Inner Unique": false,
                                                  "Hash Cond": "(web_sales.ws_item_sk = item_2.i_item_sk)",
                                                  "Plans": [
                                                    {
                                                      "Node Type": "Hash Join",
                                                      "Parent Relationship": "Outer",
                                                      "Parallel Aware": true,
                                                      "Async Capable": false,
                                                      "Join Type": "Left",
                                                      "Startup Cost": 24579.62,
                                                      "Total Cost": 255354.31,
                                                      "Plan Rows": 1231,
                                                      "Plan Width": 36,
                                                      "Inner Unique": false,
                                                      "Hash Cond": "((web_sales.ws_item_sk = web_returns.wr_item_sk) AND (web_sales.ws_order_number = web_returns.wr_order_number))",
                                                      "Plans": [
                                                        {
                                                          "Node Type": "Hash Join",
                                                          "Parent Relationship": "Outer",
                                                          "Parallel Aware": true,
                                                          "Async Capable": false,
                                                          "Join Type": "Inner",
                                                          "Startup Cost": 2049.78,
                                                          "Total Cost": 231041.22,
                                                          "Plan Rows": 1231,
                                                          "Plan Width": 28,
                                                          "Inner Unique": false,
                                                          "Hash Cond": "(web_sales.ws_sold_date_sk = date_dim_2.d_date_sk)",
                                                          "Plans": [
                                                            {
                                                              "Node Type": "Seq Scan",
                                                              "Parent Relationship": "Outer",
                                                              "Parallel Aware": true,
                                                              "Async Capable": false,
                                                              "Relation Name": "web_sales",
                                                              "Alias": "web_sales",
                                                              "Startup Cost": 0.0,
                                                              "Total Cost": 217737.86,
                                                              "Plan Rows": 2998986,
                                                              "Plan Width": 32,
                                                              "parent": 55,
                                                              "ID": 56
                                                            },
                                                            {
                                                              "Node Type": "Hash",
                                                              "Parent Relationship": "Inner",
                                                              "Parallel Aware": true,
                                                              "Async Capable": false,
                                                              "Startup Cost": 2049.55,
                                                              "Total Cost": 2049.55,
                                                              "Plan Rows": 18,
                                                              "Plan Width": 4,
                                                              "Plans": [
                                                                {
                                                                  "Node Type": "Seq Scan",
                                                                  "Parent Relationship": "Outer",
                                                                  "Parallel Aware": true,
                                                                  "Async Capable": false,
                                                                  "Relation Name": "date_dim",
                                                                  "Alias": "date_dim_2",
                                                                  "Startup Cost": 0.0,
                                                                  "Total Cost": 2049.55,
                                                                  "Plan Rows": 18,
                                                                  "Plan Width": 4,
                                                                  "Filter": "((d_date >= '1998-08-19'::date) AND (d_date <= '1998-09-18 00:00:00'::timestamp without time zone))",
                                                                  "parent": 57,
                                                                  "ID": 58
                                                                }
                                                              ],
                                                              "parent": 55,
                                                              "ID": 57,
                                                              "left": 58
                                                            }
                                                          ],
                                                          "parent": 54,
                                                          "ID": 55,
                                                          "left": 56,
                                                          "right": 57
                                                        },
                                                        {
                                                          "Node Type": "Hash",
                                                          "Parent Relationship": "Inner",
                                                          "Parallel Aware": true,
                                                          "Async Capable": false,
                                                          "Startup Cost": 16278.74,
                                                          "Total Cost": 16278.74,
                                                          "Plan Rows": 299674,
                                                          "Plan Width": 20,
                                                          "Plans": [
                                                            {
                                                              "Node Type": "Seq Scan",
                                                              "Parent Relationship": "Outer",
                                                              "Parallel Aware": true,
                                                              "Async Capable": false,
                                                              "Relation Name": "web_returns",
                                                              "Alias": "web_returns",
                                                              "Startup Cost": 0.0,
                                                              "Total Cost": 16278.74,
                                                              "Plan Rows": 299674,
                                                              "Plan Width": 20,
                                                              "parent": 59,
                                                              "ID": 60
                                                            }
                                                          ],
                                                          "parent": 54,
                                                          "ID": 59,
                                                          "left": 60
                                                        }
                                                      ],
                                                      "parent": 53,
                                                      "ID": 54,
                                                      "left": 55,
                                                      "right": 59
                                                    },
                                                    {
                                                      "Node Type": "Hash",
                                                      "Parent Relationship": "Inner",
                                                      "Parallel Aware": true,
                                                      "Async Capable": false,
                                                      "Startup Cost": 7495.25,
                                                      "Total Cost": 7495.25,
                                                      "Plan Rows": 2442,
                                                      "Plan Width": 4,
                                                      "Plans": [
                                                        {
                                                          "Node Type": "Seq Scan",
                                                          "Parent Relationship": "Outer",
                                                          "Parallel Aware": true,
                                                          "Async Capable": false,
                                                          "Relation Name": "item",
                                                          "Alias": "item_2",
                                                          "Startup Cost": 0.0,
                                                          "Total Cost": 7495.25,
                                                          "Plan Rows": 2442,
                                                          "Plan Width": 4,
                                                          "Filter": "(i_current_price > '50'::numeric)",
                                                          "parent": 61,
                                                          "ID": 62
                                                        }
                                                      ],
                                                      "parent": 53,
                                                      "ID": 61,
                                                      "left": 62
                                                    }
                                                  ],
                                                  "parent": 52,
                                                  "ID": 53,
                                                  "left": 54,
                                                  "right": 61
                                                },
                                                {
                                                  "Node Type": "Hash",
                                                  "Parent Relationship": "Inner",
                                                  "Parallel Aware": false,
                                                  "Async Capable": false,
                                                  "Startup Cost": 19.25,
                                                  "Total Cost": 19.25,
                                                  "Plan Rows": 492,
                                                  "Plan Width": 4,
                                                  "Plans": [
                                                    {
                                                      "Node Type": "Seq Scan",
                                                      "Parent Relationship": "Outer",
                                                      "Parallel Aware": false,
                                                      "Async Capable": false,
                                                      "Relation Name": "promotion",
                                                      "Alias": "promotion_2",
                                                      "Startup Cost": 0.0,
                                                      "Total Cost": 19.25,
                                                      "Plan Rows": 492,
                                                      "Plan Width": 4,
                                                      "Filter": "(p_channel_tv = 'N'::bpchar)",
                                                      "parent": 63,
                                                      "ID": 64
                                                    }
                                                  ],
                                                  "parent": 52,
                                                  "ID": 63,
                                                  "left": 64
                                                }
                                              ],
                                              "parent": 51,
                                              "ID": 52,
                                              "left": 53,
                                              "right": 63
                                            },
                                            {
                                              "Node Type": "Hash",
                                              "Parent Relationship": "Inner",
                                              "Parallel Aware": false,
                                              "Async Capable": false,
                                              "Startup Cost": 3.42,
                                              "Total Cost": 3.42,
                                              "Plan Rows": 42,
                                              "Plan Width": 21,
                                              "Plans": [
                                                {
                                                  "Node Type": "Seq Scan",
                                                  "Parent Relationship": "Outer",
                                                  "Parallel Aware": false,
                                                  "Async Capable": false,
                                                  "Relation Name": "web_site",
                                                  "Alias": "web_site",
                                                  "Startup Cost": 0.0,
                                                  "Total Cost": 3.42,
                                                  "Plan Rows": 42,
                                                  "Plan Width": 21,
                                                  "parent": 65,
                                                  "ID": 66
                                                }
                                              ],
                                              "parent": 51,
                                              "ID": 65,
                                              "left": 66
                                            }
                                          ],
                                          "parent": 50,
                                          "ID": 51,
                                          "left": 52,
                                          "right": 65
                                        }
                                      ],
                                      "parent": 49,
                                      "ID": 50,
                                      "left": 51
                                    }
                                  ],
                                  "parent": 48,
                                  "ID": 49,
                                  "left": 50
                                }
                              ],
                              "parent": 47,
                              "ID": 48,
                              "left": 49
                            }
                          ],
                          "parent": 46,
                          "ID": 47,
                          "left": 48
                        }
                      ],
                      "parent": 3,
                      "ID": 46,
                      "left": 47
                    }
                  ],
                  "parent": 2,
                  "ID": 3,
                  "left": 4,
                  "right": 25
                }
              ],
              "parent": 1,
              "ID": 2,
              "left": 3
            }
          ],
          "parent": 0,
          "ID": 1,
          "left": 2
        }
      ],
      "parent": null,
      "ID": 0,
      "left": 1
    },
    "feat": {
      "utility": 1.9718490229756567e-06,
      "query_shape": [
        [
          "Seq Scan",
          "Hash Join",
          "Sort",
          "Aggregate",
          "Gather Merge",
          "Subquery Scan",
          "Append"
        ],
        [
          "Seq Scan",
          "Hash",
          "Hash Join",
          "Sort",
          "Aggregate",
          "Gather Merge",
          "Subquery Scan",
          "Append"
        ],
        [
          "Seq Scan",
          "Hash",
          "Hash Join",
          "Sort",
          "Aggregate",
          "Gather Merge",
          "Subquery Scan",
          "Append"
        ],
        [
          "Seq Scan",
          "Hash",
          "Hash Join",
          "Sort",
          "Aggregate",
          "Gather Merge",
          "Subquery Scan",
          "Append"
        ],
        [
          "Seq Scan",
          "Hash",
          "Hash Join",
          "Sort",
          "Aggregate",
          "Gather Merge",
          "Subquery Scan",
          "Append"
        ],
        [
          "Seq Scan",
          "Hash",
          "Hash Join",
          "Sort",
          "Aggregate",
          "Gather Merge",
          "Subquery Scan",
          "Append"
        ],
        [
          "Seq Scan",
          "Hash Join",
          "Sort",
          "Aggregate",
          "Gather Merge",
          "Subquery Scan",
          "Append"
        ],
        [
          "Seq Scan",
          "Hash",
          "Hash Join",
          "Sort",
          "Aggregate",
          "Gather Merge",
          "Subquery Scan",
          "Append"
        ],
        [
          "Seq Scan",
          "Hash",
          "Hash Join",
          "Sort",
          "Aggregate",
          "Gather Merge",
          "Subquery Scan",
          "Append"
        ],
        [
          "Seq Scan",
          "Hash",
          "Hash Join",
          "Sort",
          "Aggregate",
          "Gather Merge",
          "Subquery Scan",
          "Append"
        ],
        [
          "Seq Scan",
          "Hash",
          "Hash Join",
          "Sort",
          "Aggregate",
          "Gather Merge",
          "Subquery Scan",
          "Append"
        ],
        [
          "Seq Scan",
          "Hash",
          "Hash Join",
          "Sort",
          "Aggregate",
          "Gather Merge",
          "Subquery Scan",
          "Append"
        ],
        [
          "Seq Scan",
          "Hash Join",
          "Sort",
          "Aggregate",
          "Gather Merge",
          "Subquery Scan",
          "Append"
        ],
        [
          "Seq Scan",
          "Hash",
          "Hash Join",
          "Sort",
          "Aggregate",
          "Gather Merge",
          "Subquery Scan",
          "Append"
        ],
        [
          "Seq Scan",
          "Hash",
          "Hash Join",
          "Sort",
          "Aggregate",
          "Gather Merge",
          "Subquery Scan",
          "Append"
        ],
        [
          "Seq Scan",
          "Hash",
          "Hash Join",
          "Sort",
          "Aggregate",
          "Gather Merge",
          "Subquery Scan",
          "Append"
        ],
        [
          "Seq Scan",
          "Hash",
          "Hash Join",
          "Sort",
          "Aggregate",
          "Gather Merge",
          "Subquery Scan",
          "Append"
        ],
        [
          "Seq Scan",
          "Hash",
          "Hash Join",
          "Sort",
          "Aggregate",
          "Gather Merge",
          "Subquery Scan",
          "Append"
        ]
      ],
      "index_shape": [
        "join"
      ],
      "physical_operator": {
        "Hash Join": [
          0.09664752542969955
        ]
      }
    }
  },
  {
    "query": "with ssr as\n (select  s_store_id as store_id,\n          sum(ss_ext_sales_price) as sales,\n          sum(coalesce(sr_return_amt, 0)) as returns,\n          sum(ss_net_profit - coalesce(sr_net_loss, 0)) as profit\n  from store_sales left outer join store_returns on\n         (ss_item_sk = sr_item_sk and ss_ticket_number = sr_ticket_number),\n     date_dim,\n     store,\n     item,\n     promotion\n where ss_sold_date_sk = d_date_sk\n       and d_date between cast('1998-08-19' as date) \n                  and (cast('1998-08-19' as date) +  interval '30 days')\n       and ss_store_sk = s_store_sk\n       and ss_item_sk = i_item_sk\n       and i_current_price > 50\n       and ss_promo_sk = p_promo_sk\n       and p_channel_tv = 'N'\n group by s_store_id)\n ,\n csr as\n (select  cp_catalog_page_id as catalog_page_id,\n          sum(cs_ext_sales_price) as sales,\n          sum(coalesce(cr_return_amount, 0)) as returns,\n          sum(cs_net_profit - coalesce(cr_net_loss, 0)) as profit\n  from catalog_sales left outer join catalog_returns on\n         (cs_item_sk = cr_item_sk and cs_order_number = cr_order_number),\n     date_dim,\n     catalog_page,\n     item,\n     promotion\n where cs_sold_date_sk = d_date_sk\n       and d_date between cast('1998-08-19' as date)\n                  and (cast('1998-08-19' as date) +  interval '30 days')\n        and cs_catalog_page_sk = cp_catalog_page_sk\n       and cs_item_sk = i_item_sk\n       and i_current_price > 50\n       and cs_promo_sk = p_promo_sk\n       and p_channel_tv = 'N'\ngroup by cp_catalog_page_id)\n ,\n wsr as\n (select  web_site_id,\n          sum(ws_ext_sales_price) as sales,\n          sum(coalesce(wr_return_amt, 0)) as returns,\n          sum(ws_net_profit - coalesce(wr_net_loss, 0)) as profit\n  from web_sales left outer join web_returns on\n         (ws_item_sk = wr_item_sk and ws_order_number = wr_order_number),\n     date_dim,\n     web_site,\n     item,\n     promotion\n where ws_sold_date_sk = d_date_sk\n       and d_date between cast('1998-08-19' as date)\n                  and (cast('1998-08-19' as date) +  interval '30 days')\n        and ws_web_site_sk = web_site_sk\n       and ws_item_sk = i_item_sk\n       and i_current_price > 50\n       and ws_promo_sk = p_promo_sk\n       and p_channel_tv = 'N'\ngroup by web_site_id)\n  select  channel\n        , id\n        , sum(sales) as sales\n        , sum(returns) as returns\n        , sum(profit) as profit\n from \n (select 'store channel' as channel\n        , 'store' || store_id as id\n        , sales\n        , returns\n        , profit\n from   ssr\n union all\n select 'catalog channel' as channel\n        , 'catalog_page' || catalog_page_id as id\n        , sales\n        , returns\n        , profit\n from  csr\n union all\n select 'web channel' as channel\n        , 'web_site' || web_site_id as id\n        , sales\n        , returns\n        , profit\n from   wsr\n ) x\n group by rollup (channel, id)\n order by channel\n         ,id\n limit 100;\n\n-- end query 61 in stream 0 using template query80.tpl\n",
    "indexes": "store.s_store_id",
    "wo plan est": {
      "Node Type": "Limit",
      "Parallel Aware": false,
      "Async Capable": false,
      "Startup Cost": 1566782.76,
      "Total Cost": 1566786.01,
      "Plan Rows": 100,
      "Plan Width": 160,
      "Plans": [
        {
          "Node Type": "Aggregate",
          "Strategy": "Sorted",
          "Partial Mode": "Simple",
          "Parent Relationship": "Outer",
          "Parallel Aware": false,
          "Async Capable": false,
          "Startup Cost": 1566782.76,
          "Total Cost": 1566795.8,
          "Plan Rows": 401,
          "Plan Width": 160,
          "Grouping Sets": [
            {
              "Group Keys": [
                [
                  "('store channel'::text)",
                  "(('store'::text || (ssr.store_id)::text))"
                ],
                [
                  "('store channel'::text)"
                ],
                []
              ]
            }
          ],
          "Plans": [
            {
              "Node Type": "Sort",
              "Parent Relationship": "Outer",
              "Parallel Aware": false,
              "Async Capable": false,
              "Startup Cost": 1566782.76,
              "Total Cost": 1566783.77,
              "Plan Rows": 401,
              "Plan Width": 160,
              "Sort Key": [
                "('store channel'::text)",
                "(('store'::text || (ssr.store_id)::text))"
              ],
              "Plans": [
                {
                  "Node Type": "Append",
                  "Parent Relationship": "Outer",
                  "Parallel Aware": false,
                  "Async Capable": false,
                  "Startup Cost": 784591.9,
                  "Total Cost": 1566765.43,
                  "Plan Rows": 401,
                  "Plan Width": 160,
                  "Subplans Removed": 0,
                  "Plans": [
                    {
                      "Node Type": "Subquery Scan",
                      "Parent Relationship": "Member",
                      "Parallel Aware": false,
                      "Async Capable": false,
                      "Alias": "ssr",
                      "Startup Cost": 784591.9,
                      "Total Cost": 784611.64,
                      "Plan Rows": 51,
                      "Plan Width": 160,
                      "Plans": [
                        {
                          "Node Type": "Aggregate",
                          "Strategy": "Sorted",
                          "Partial Mode": "Finalize",
                          "Parent Relationship": "Subquery",
                          "Parallel Aware": false,
                          "Async Capable": false,
                          "Startup Cost": 784591.9,
                          "Total Cost": 784610.87,
                          "Plan Rows": 51,
                          "Plan Width": 113,
                          "Group Key": [
                            "store.s_store_id"
                          ],
                          "Plans": [
                            {
                              "Node Type": "Gather Merge",
                              "Parent Relationship": "Outer",
                              "Parallel Aware": false,
                              "Async Capable": false,
                              "Startup Cost": 784591.9,
                              "Total Cost": 784608.2,
                              "Plan Rows": 102,
                              "Plan Width": 113,
                              "Workers Planned": 2,
                              "Plans": [
                                {
                                  "Node Type": "Aggregate",
                                  "Strategy": "Sorted",
                                  "Partial Mode": "Partial",
                                  "Parent Relationship": "Outer",
                                  "Parallel Aware": false,
                                  "Async Capable": false,
                                  "Startup Cost": 783591.88,
                                  "Total Cost": 783596.4,
                                  "Plan Rows": 51,
                                  "Plan Width": 113,
                                  "Group Key": [
                                    "store.s_store_id"
                                  ],
                                  "Plans": [
                                    {
                                      "Node Type": "Sort",
                                      "Parent Relationship": "Outer",
                                      "Parallel Aware": false,
                                      "Async Capable": false,
                                      "Startup Cost": 783591.88,
                                      "Total Cost": 783592.48,
                                      "Plan Rows": 242,
                                      "Plan Width": 41,
                                      "Sort Key": [
                                        "store.s_store_id"
                                      ],
                                      "Plans": [
                                        {
                                          "Node Type": "Hash Join",
                                          "Parent Relationship": "Outer",
                                          "Parallel Aware": false,
                                          "Async Capable": false,
                                          "Join Type": "Inner",
                                          "Startup Cost": 94489.35,
                                          "Total Cost": 783582.3,
                                          "Plan Rows": 242,
                                          "Plan Width": 41,
                                          "Inner Unique": false,
                                          "Hash Cond": "(store_sales.ss_store_sk = store.s_store_sk)",
                                          "Plans": [
                                            {
                                              "Node Type": "Hash Join",
                                              "Parent Relationship": "Outer",
                                              "Parallel Aware": false,
                                              "Async Capable": false,
                                              "Join Type": "Inner",
                                              "Startup Cost": 94482.05,
                                              "Total Cost": 783571.63,
                                              "Plan Rows": 254,
                                              "Plan Width": 28,
                                              "Inner Unique": false,
                                              "Hash Cond": "(store_sales.ss_promo_sk = promotion.p_promo_sk)",
                                              "Plans": [
                                                {
                                                  "Node Type": "Hash Join",
                                                  "Parent Relationship": "Outer",
                                                  "Parallel Aware": true,
                                                  "Async Capable": false,
                                                  "Join Type": "Inner",
                                                  "Startup Cost": 94456.65,
                                                  "Total Cost": 783542.68,
                                                  "Plan Rows": 270,
                                                  "Plan Width": 32,
                                                  "Inner Unique": false,
                                                  "Hash Cond": "(store_sales.ss_item_sk = item.i_item_sk)",
                                                  "Plans": [
                                                    {
                                                      "Node Type": "Hash Join",
                                                      "Parent Relationship": "Outer",
                                                      "Parallel Aware": true,
                                                      "Async Capable": false,
                                                      "Join Type": "Left",
                                                      "Startup Cost": 86930.88,
                                                      "Total Cost": 775998.13,
                                                      "Plan Rows": 4703,
                                                      "Plan Width": 36,
                                                      "Inner Unique": false,
                                                      "Hash Cond": "((store_sales.ss_item_sk = store_returns.sr_item_sk) AND (store_sales.ss_ticket_number = store_returns.sr_ticket_number))",
                                                      "Plans": [
                                                        {
                                                          "Node Type": "Hash Join",
                                                          "Parent Relationship": "Outer",
                                                          "Parallel Aware": true,
                                                          "Async Capable": false,
                                                          "Join Type": "Inner",
                                                          "Startup Cost": 2049.78,
                                                          "Total Cost": 683994.75,
                                                          "Plan Rows": 4703,
                                                          "Plan Width": 28,
                                                          "Inner Unique": false,
                                                          "Hash Cond": "(store_sales.ss_sold_date_sk = date_dim.d_date_sk)",
                                                          "Plans": [
                                                            {
                                                              "Node Type": "Seq Scan",
                                                              "Parent Relationship": "Outer",
                                                              "Parallel Aware": true,
                                                              "Async Capable": false,
                                                              "Relation Name": "store_sales",
                                                              "Alias": "store_sales",
                                                              "Startup Cost": 0.0,
                                                              "Total Cost": 636914.37,
                                                              "Plan Rows": 12000637,
                                                              "Plan Width": 32,
                                                              "parent": 13,
                                                              "ID": 14
                                                            },
                                                            {
                                                              "Node Type": "Hash",
                                                              "Parent Relationship": "Inner",
                                                              "Parallel Aware": true,
                                                              "Async Capable": false,
                                                              "Startup Cost": 2049.55,
                                                              "Total Cost": 2049.55,
                                                              "Plan Rows": 18,
                                                              "Plan Width": 4,
                                                              "Plans": [
                                                                {
                                                                  "Node Type": "Seq Scan",
                                                                  "Parent Relationship": "Outer",
                                                                  "Parallel Aware": true,
                                                                  "Async Capable": false,
                                                                  "Relation Name": "date_dim",
                                                                  "Alias": "date_dim",
                                                                  "Startup Cost": 0.0,
                                                                  "Total Cost": 2049.55,
                                                                  "Plan Rows": 18,
                                                                  "Plan Width": 4,
                                                                  "Filter": "((d_date >= '1998-08-19'::date) AND (d_date <= '1998-09-18 00:00:00'::timestamp without time zone))",
                                                                  "parent": 15,
                                                                  "ID": 16
                                                                }
                                                              ],
                                                              "parent": 13,
                                                              "ID": 15,
                                                              "left": 16
                                                            }
                                                          ],
                                                          "parent": 12,
                                                          "ID": 13,
                                                          "left": 14,
                                                          "right": 15
                                                        },
                                                        {
                                                          "Node Type": "Hash",
                                                          "Parent Relationship": "Inner",
                                                          "Parallel Aware": true,
                                                          "Async Capable": false,
                                                          "Startup Cost": 59887.64,
                                                          "Total Cost": 59887.64,
                                                          "Plan Rows": 1198164,
                                                          "Plan Width": 20,
                                                          "Plans": [
                                                            {
                                                              "Node Type": "Seq Scan",
                                                              "Parent Relationship": "Outer",
                                                              "Parallel Aware": true,
                                                              "Async Capable": false,
                                                              "Relation Name": "store_returns",
                                                              "Alias": "store_returns",
                                                              "Startup Cost": 0.0,
                                                              "Total Cost": 59887.64,
                                                              "Plan Rows": 1198164,
                                                              "Plan Width": 20,
                                                              "parent": 17,
                                                              "ID": 18
                                                            }
                                                          ],
                                                          "parent": 12,
                                                          "ID": 17,
                                                          "left": 18
                                                        }
                                                      ],
                                                      "parent": 11,
                                                      "ID": 12,
                                                      "left": 13,
                                                      "right": 17
                                                    },
                                                    {
                                                      "Node Type": "Hash",
                                                      "Parent Relationship": "Inner",
                                                      "Parallel Aware": true,
                                                      "Async Capable": false,
                                                      "Startup Cost": 7495.25,
                                                      "Total Cost": 7495.25,
                                                      "Plan Rows": 2442,
                                                      "Plan Width": 4,
                                                      "Plans": [
                                                        {
                                                          "Node Type": "Seq Scan",
                                                          "Parent Relationship": "Outer",
                                                          "Parallel Aware": true,
                                                          "Async Capable": false,
                                                          "Relation Name": "item",
                                                          "Alias": "item",
                                                          "Startup Cost": 0.0,
                                                          "Total Cost": 7495.25,
                                                          "Plan Rows": 2442,
                                                          "Plan Width": 4,
                                                          "Filter": "(i_current_price > '50'::numeric)",
                                                          "parent": 19,
                                                          "ID": 20
                                                        }
                                                      ],
                                                      "parent": 11,
                                                      "ID": 19,
                                                      "left": 20
                                                    }
                                                  ],
                                                  "parent": 10,
                                                  "ID": 11,
                                                  "left": 12,
                                                  "right": 19
                                                },
                                                {
                                                  "Node Type": "Hash",
                                                  "Parent Relationship": "Inner",
                                                  "Parallel Aware": false,
                                                  "Async Capable": false,
                                                  "Startup Cost": 19.25,
                                                  "Total Cost": 19.25,
                                                  "Plan Rows": 492,
                                                  "Plan Width": 4,
                                                  "Plans": [
                                                    {
                                                      "Node Type": "Seq Scan",
                                                      "Parent Relationship": "Outer",
                                                      "Parallel Aware": false,
                                                      "Async Capable": false,
                                                      "Relation Name": "promotion",
                                                      "Alias": "promotion",
                                                      "Startup Cost": 0.0,
                                                      "Total Cost": 19.25,
                                                      "Plan Rows": 492,
                                                      "Plan Width": 4,
                                                      "Filter": "(p_channel_tv = 'N'::bpchar)",
                                                      "parent": 21,
                                                      "ID": 22
                                                    }
                                                  ],
                                                  "parent": 10,
                                                  "ID": 21,
                                                  "left": 22
                                                }
                                              ],
                                              "parent": 9,
                                              "ID": 10,
                                              "left": 11,
                                              "right": 21
                                            },
                                            {
                                              "Node Type": "Hash",
                                              "Parent Relationship": "Inner",
                                              "Parallel Aware": false,
                                              "Async Capable": false,
                                              "Startup Cost": 6.02,
                                              "Total Cost": 6.02,
                                              "Plan Rows": 102,
                                              "Plan Width": 21,
                                              "Plans": [
                                                {
                                                  "Node Type": "Seq Scan",
                                                  "Parent Relationship": "Outer",
                                                  "Parallel Aware": false,
                                                  "Async Capable": false,
                                                  "Relation Name": "store",
                                                  "Alias": "store",
                                                  "Startup Cost": 0.0,
                                                  "Total Cost": 6.02,
                                                  "Plan Rows": 102,
                                                  "Plan Width": 21,
                                                  "parent": 23,
                                                  "ID": 24
                                                }
                                              ],
                                              "parent": 9,
                                              "ID": 23,
                                              "left": 24
                                            }
                                          ],
                                          "parent": 8,
                                          "ID": 9,
                                          "left": 10,
                                          "right": 23
                                        }
                                      ],
                                      "parent": 7,
                                      "ID": 8,
                                      "left": 9
                                    }
                                  ],
                                  "parent": 6,
                                  "ID": 7,
                                  "left": 8
                                }
                              ],
                              "parent": 5,
                              "ID": 6,
                              "left": 7
                            }
                          ],
                          "parent": 4,
                          "ID": 5,
                          "left": 6
                        }
                      ],
                      "parent": 3,
                      "ID": 4,
                      "left": 5
                    },
                    {
                      "Node Type": "Subquery Scan",
                      "Parent Relationship": "Member",
                      "Parallel Aware": false,
                      "Async Capable": false,
                      "Alias": "csr",
                      "Startup Cost": 518174.1,
                      "Total Cost": 518225.66,
                      "Plan Rows": 329,
                      "Plan Width": 160,
                      "Plans": [
                        {
                          "Node Type": "Aggregate",
                          "Strategy": "Sorted",
                          "Partial Mode": "Finalize",
                          "Parent Relationship": "Subquery",
                          "Parallel Aware": false,
                          "Async Capable": false,
                          "Startup Cost": 518174.1,
                          "Total Cost": 518220.73,
                          "Plan Rows": 329,
                          "Plan Width": 113,
                          "Group Key": [
                            "catalog_page.cp_catalog_page_id"
                          ],
                          "Plans": [
                            {
                              "Node Type": "Gather Merge",
                              "Parent Relationship": "Outer",
                              "Parallel Aware": false,
                              "Async Capable": false,
                              "Startup Cost": 518174.1,
                              "Total Cost": 518210.18,
                              "Plan Rows": 274,
                              "Plan Width": 113,
                              "Workers Planned": 2,
                              "Plans": [
                                {
                                  "Node Type": "Aggregate",
                                  "Strategy": "Sorted",
                                  "Partial Mode": "Partial",
                                  "Parent Relationship": "Outer",
                                  "Parallel Aware": false,
                                  "Async Capable": false,
                                  "Startup Cost": 517174.07,
                                  "Total Cost": 517178.53,
                                  "Plan Rows": 137,
                                  "Plan Width": 113,
                                  "Group Key": [
                                    "catalog_page.cp_catalog_page_id"
                                  ],
                                  "Plans": [
                                    {
                                      "Node Type": "Sort",
                                      "Parent Relationship": "Outer",
                                      "Parallel Aware": false,
                                      "Async Capable": false,
                                      "Startup Cost": 517174.07,
                                      "Total Cost": 517174.42,
                                      "Plan Rows": 137,
                                      "Plan Width": 41,
                                      "Sort Key": [
                                        "catalog_page.cp_catalog_page_id"
                                      ],
                                      "Plans": [
                                        {
                                          "Node Type": "Hash Join",
                                          "Parent Relationship": "Outer",
                                          "Parallel Aware": false,
                                          "Async Capable": false,
                                          "Join Type": "Inner",
                                          "Startup Cost": 57382.33,
                                          "Total Cost": 517169.21,
                                          "Plan Rows": 137,
                                          "Plan Width": 41,
                                          "Inner Unique": false,
                                          "Hash Cond": "(catalog_sales.cs_catalog_page_sk = catalog_page.cp_catalog_page_sk)",
                                          "Plans": [
                                            {
                                              "Node Type": "Hash Join",
                                              "Parent Relationship": "Outer",
                                              "Parallel Aware": false,
                                              "Async Capable": false,
                                              "Join Type": "Inner",
                                              "Startup Cost": 56864.33,
                                              "Total Cost": 516649.32,
                                              "Plan Rows": 138,
                                              "Plan Width": 28,
                                              "Inner Unique": false,
                                              "Hash Cond": "(catalog_sales.cs_promo_sk = promotion_1.p_promo_sk)",
                                              "Plans": [
                                                {
                                                  "Node Type": "Hash Join",
                                                  "Parent Relationship": "Outer",
                                                  "Parallel Aware": true,
                                                  "Async Capable": false,
                                                  "Join Type": "Inner",
                                                  "Startup Cost": 56838.93,
                                                  "Total Cost": 516622.01,
                                                  "Plan Rows": 141,
                                                  "Plan Width": 32,
                                                  "Inner Unique": false,
                                                  "Hash Cond": "(catalog_sales.cs_item_sk = item_1.i_item_sk)",
                                                  "Plans": [
                                                    {
                                                      "Node Type": "Hash Join",
                                                      "Parent Relationship": "Outer",
                                                      "Parallel Aware": true,
                                                      "Async Capable": false,
                                                      "Join Type": "Left",
                                                      "Startup Cost": 49313.15,
                                                      "Total Cost": 509086.46,
                                                      "Plan Rows": 2450,
                                                      "Plan Width": 36,
                                                      "Inner Unique": false,
                                                      "Hash Cond": "((catalog_sales.cs_item_sk = catalog_returns.cr_item_sk) AND (catalog_sales.cs_order_number = catalog_returns.cr_order_number))",
                                                      "Plans": [
                                                        {
                                                          "Node Type": "Hash Join",
                                                          "Parent Relationship": "Outer",
                                                          "Parallel Aware": true,
                                                          "Async Capable": false,
                                                          "Join Type": "Inner",
                                                          "Startup Cost": 2049.78,
                                                          "Total Cost": 458254.7,
                                                          "Plan Rows": 2450,
                                                          "Plan Width": 28,
                                                          "Inner Unique": false,
                                                          "Hash Cond": "(catalog_sales.cs_sold_date_sk = date_dim_1.d_date_sk)",
                                                          "Plans": [
                                                            {
                                                              "Node Type": "Seq Scan",
                                                              "Parent Relationship": "Outer",
                                                              "Parallel Aware": true,
                                                              "Async Capable": false,
                                                              "Relation Name": "catalog_sales",
                                                              "Alias": "catalog_sales",
                                                              "Startup Cost": 0.0,
                                                              "Total Cost": 433688.25,
                                                              "Plan Rows": 6000525,
                                                              "Plan Width": 32,
                                                              "parent": 34,
                                                              "ID": 35
                                                            },
                                                            {
                                                              "Node Type": "Hash",
                                                              "Parent Relationship": "Inner",
                                                              "Parallel Aware": true,
                                                              "Async Capable": false,
                                                              "Startup Cost": 2049.55,
                                                              "Total Cost": 2049.55,
                                                              "Plan Rows": 18,
                                                              "Plan Width": 4,
                                                              "Plans": [
                                                                {
                                                                  "Node Type": "Seq Scan",
                                                                  "Parent Relationship": "Outer",
                                                                  "Parallel Aware": true,
                                                                  "Async Capable": false,
                                                                  "Relation Name": "date_dim",
                                                                  "Alias": "date_dim_1",
                                                                  "Startup Cost": 0.0,
                                                                  "Total Cost": 2049.55,
                                                                  "Plan Rows": 18,
                                                                  "Plan Width": 4,
                                                                  "Filter": "((d_date >= '1998-08-19'::date) AND (d_date <= '1998-09-18 00:00:00'::timestamp without time zone))",
                                                                  "parent": 36,
                                                                  "ID": 37
                                                                }
                                                              ],
                                                              "parent": 34,
                                                              "ID": 36,
                                                              "left": 37
                                                            }
                                                          ],
                                                          "parent": 33,
                                                          "ID": 34,
                                                          "left": 35,
                                                          "right": 36
                                                        },
                                                        {
                                                          "Node Type": "Hash",
                                                          "Parent Relationship": "Inner",
                                                          "Parallel Aware": true,
                                                          "Async Capable": false,
                                                          "Startup Cost": 34748.95,
                                                          "Total Cost": 34748.95,
                                                          "Plan Rows": 599895,
                                                          "Plan Width": 20,
                                                          "Plans": [
                                                            {
                                                              "Node Type": "Seq Scan",
                                                              "Parent Relationship": "Outer",
                                                              "Parallel Aware": true,
                                                              "Async Capable": false,
                                                              "Relation Name": "catalog_returns",
                                                              "Alias": "catalog_returns",
                                                              "Startup Cost": 0.0,
                                                              "Total Cost": 34748.95,
                                                              "Plan Rows": 599895,
                                                              "Plan Width": 20,
                                                              "parent": 38,
                                                              "ID": 39
                                                            }
                                                          ],
                                                          "parent": 33,
                                                          "ID": 38,
                                                          "left": 39
                                                        }
                                                      ],
                                                      "parent": 32,
                                                      "ID": 33,
                                                      "left": 34,
                                                      "right": 38
                                                    },
                                                    {
                                                      "Node Type": "Hash",
                                                      "Parent Relationship": "Inner",
                                                      "Parallel Aware": true,
                                                      "Async Capable": false,
                                                      "Startup Cost": 7495.25,
                                                      "Total Cost": 7495.25,
                                                      "Plan Rows": 2442,
                                                      "Plan Width": 4,
                                                      "Plans": [
                                                        {
                                                          "Node Type": "Seq Scan",
                                                          "Parent Relationship": "Outer",
                                                          "Parallel Aware": true,
                                                          "Async Capable": false,
                                                          "Relation Name": "item",
                                                          "Alias": "item_1",
                                                          "Startup Cost": 0.0,
                                                          "Total Cost": 7495.25,
                                                          "Plan Rows": 2442,
                                                          "Plan Width": 4,
                                                          "Filter": "(i_current_price > '50'::numeric)",
                                                          "parent": 40,
                                                          "ID": 41
                                                        }
                                                      ],
                                                      "parent": 32,
                                                      "ID": 40,
                                                      "left": 41
                                                    }
                                                  ],
                                                  "parent": 31,
                                                  "ID": 32,
                                                  "left": 33,
                                                  "right": 40
                                                },
                                                {
                                                  "Node Type": "Hash",
                                                  "Parent Relationship": "Inner",
                                                  "Parallel Aware": false,
                                                  "Async Capable": false,
                                                  "Startup Cost": 19.25,
                                                  "Total Cost": 19.25,
                                                  "Plan Rows": 492,
                                                  "Plan Width": 4,
                                                  "Plans": [
                                                    {
                                                      "Node Type": "Seq Scan",
                                                      "Parent Relationship": "Outer",
                                                      "Parallel Aware": false,
                                                      "Async Capable": false,
                                                      "Relation Name": "promotion",
                                                      "Alias": "promotion_1",
                                                      "Startup Cost": 0.0,
                                                      "Total Cost": 19.25,
                                                      "Plan Rows": 492,
                                                      "Plan Width": 4,
                                                      "Filter": "(p_channel_tv = 'N'::bpchar)",
                                                      "parent": 42,
                                                      "ID": 43
                                                    }
                                                  ],
                                                  "parent": 31,
                                                  "ID": 42,
                                                  "left": 43
                                                }
                                              ],
                                              "parent": 30,
                                              "ID": 31,
                                              "left": 32,
                                              "right": 42
                                            },
                                            {
                                              "Node Type": "Hash",
                                              "Parent Relationship": "Inner",
                                              "Parallel Aware": false,
                                              "Async Capable": false,
                                              "Startup Cost": 368.0,
                                              "Total Cost": 368.0,
                                              "Plan Rows": 12000,
                                              "Plan Width": 21,
                                              "Plans": [
                                                {
                                                  "Node Type": "Seq Scan",
                                                  "Parent Relationship": "Outer",
                                                  "Parallel Aware": false,
                                                  "Async Capable": false,
                                                  "Relation Name": "catalog_page",
                                                  "Alias": "catalog_page",
                                                  "Startup Cost": 0.0,
                                                  "Total Cost": 368.0,
                                                  "Plan Rows": 12000,
                                                  "Plan Width": 21,
                                                  "parent": 44,
                                                  "ID": 45
                                                }
                                              ],
                                              "parent": 30,
                                              "ID": 44,
                                              "left": 45
                                            }
                                          ],
                                          "parent": 29,
                                          "ID": 30,
                                          "left": 31,
                                          "right": 44
                                        }
                                      ],
                                      "parent": 28,
                                      "ID": 29,
                                      "left": 30
                                    }
                                  ],
                                  "parent": 27,
                                  "ID": 28,
                                  "left": 29
                                }
                              ],
                              "parent": 26,
                              "ID": 27,
                              "left": 28
                            }
                          ],
                          "parent": 25,
                          "ID": 26,
                          "left": 27
                        }
                      ],
                      "parent": 3,
                      "ID": 25,
                      "left": 26
                    },
                    {
                      "Node Type": "Subquery Scan",
                      "Parent Relationship": "Member",
                      "Parallel Aware": false,
                      "Async Capable": false,
                      "Alias": "wsr",
                      "Startup Cost": 263918.43,
                      "Total Cost": 263926.12,
                      "Plan Rows": 21,
                      "Plan Width": 160,
                      "Plans": [
                        {
                          "Node Type": "Aggregate",
                          "Strategy": "Sorted",
                          "Partial Mode": "Finalize",
                          "Parent Relationship": "Subquery",
                          "Parallel Aware": false,
                          "Async Capable": false,
                          "Startup Cost": 263918.43,
                          "Total Cost": 263925.8,
                          "Plan Rows": 21,
                          "Plan Width": 113,
                          "Group Key": [
                            "web_site.web_site_id"
                          ],
                          "Plans": [
                            {
                              "Node Type": "Gather Merge",
                              "Parent Relationship": "Outer",
                              "Parallel Aware": false,
                              "Async Capable": false,
                              "Startup Cost": 263918.43,
                              "Total Cost": 263924.7,
                              "Plan Rows": 42,
                              "Plan Width": 113,
                              "Workers Planned": 2,
                              "Plans": [
                                {
                                  "Node Type": "Aggregate",
                                  "Strategy": "Sorted",
                                  "Partial Mode": "Partial",
                                  "Parent Relationship": "Outer",
                                  "Parallel Aware": false,
                                  "Async Capable": false,
                                  "Startup Cost": 262918.41,
                                  "Total Cost": 262919.83,
                                  "Plan Rows": 21,
                                  "Plan Width": 113,
                                  "Group Key": [
                                    "web_site.web_site_id"
                                  ],
                                  "Plans": [
                                    {
                                      "Node Type": "Sort",
                                      "Parent Relationship": "Outer",
                                      "Parallel Aware": false,
                                      "Async Capable": false,
                                      "Startup Cost": 262918.41,
                                      "Total Cost": 262918.59,
                                      "Plan Rows": 70,
                                      "Plan Width": 41,
                                      "Sort Key": [
                                        "web_site.web_site_id"
                                      ],
                                      "Plans": [
                                        {
                                          "Node Type": "Hash Join",
                                          "Parent Relationship": "Outer",
                                          "Parallel Aware": false,
                                          "Async Capable": false,
                                          "Join Type": "Inner",
                                          "Startup Cost": 32134.74,
                                          "Total Cost": 262916.27,
                                          "Plan Rows": 70,
                                          "Plan Width": 41,
                                          "Inner Unique": false,
                                          "Hash Cond": "(web_sales.ws_web_site_sk = web_site.web_site_sk)",
                                          "Plans": [
                                            {
                                              "Node Type": "Hash Join",
                                              "Parent Relationship": "Outer",
                                              "Parallel Aware": false,
                                              "Async Capable": false,
                                              "Join Type": "Inner",
                                              "Startup Cost": 32130.8,
                                              "Total Cost": 262911.36,
                                              "Plan Rows": 70,
                                              "Plan Width": 28,
                                              "Inner Unique": false,
                                              "Hash Cond": "(web_sales.ws_promo_sk = promotion_2.p_promo_sk)",
                                              "Plans": [
                                                {
                                                  "Node Type": "Hash Join",
                                                  "Parent Relationship": "Outer",
                                                  "Parallel Aware": true,
                                                  "Async Capable": false,
                                                  "Join Type": "Inner",
                                                  "Startup Cost": 32105.4,
                                                  "Total Cost": 262884.99,
                                                  "Plan Rows": 71,
                                                  "Plan Width": 32,
                                                  "Inner Unique": false,
                                                  "Hash Cond": "(web_sales.ws_item_sk = item_2.i_item_sk)",
                                                  "Plans": [
                                                    {
                                                      "Node Type": "Hash Join",
                                                      "Parent Relationship": "Outer",
                                                      "Parallel Aware": true,
                                                      "Async Capable": false,
                                                      "Join Type": "Left",
                                                      "Startup Cost": 24579.62,
                                                      "Total Cost": 255354.31,
                                                      "Plan Rows": 1231,
                                                      "Plan Width": 36,
                                                      "Inner Unique": false,
                                                      "Hash Cond": "((web_sales.ws_item_sk = web_returns.wr_item_sk) AND (web_sales.ws_order_number = web_returns.wr_order_number))",
                                                      "Plans": [
                                                        {
                                                          "Node Type": "Hash Join",
                                                          "Parent Relationship": "Outer",
                                                          "Parallel Aware": true,
                                                          "Async Capable": false,
                                                          "Join Type": "Inner",
                                                          "Startup Cost": 2049.78,
                                                          "Total Cost": 231041.22,
                                                          "Plan Rows": 1231,
                                                          "Plan Width": 28,
                                                          "Inner Unique": false,
                                                          "Hash Cond": "(web_sales.ws_sold_date_sk = date_dim_2.d_date_sk)",
                                                          "Plans": [
                                                            {
                                                              "Node Type": "Seq Scan",
                                                              "Parent Relationship": "Outer",
                                                              "Parallel Aware": true,
                                                              "Async Capable": false,
                                                              "Relation Name": "web_sales",
                                                              "Alias": "web_sales",
                                                              "Startup Cost": 0.0,
                                                              "Total Cost": 217737.86,
                                                              "Plan Rows": 2998986,
                                                              "Plan Width": 32,
                                                              "parent": 55,
                                                              "ID": 56
                                                            },
                                                            {
                                                              "Node Type": "Hash",
                                                              "Parent Relationship": "Inner",
                                                              "Parallel Aware": true,
                                                              "Async Capable": false,
                                                              "Startup Cost": 2049.55,
                                                              "Total Cost": 2049.55,
                                                              "Plan Rows": 18,
                                                              "Plan Width": 4,
                                                              "Plans": [
                                                                {
                                                                  "Node Type": "Seq Scan",
                                                                  "Parent Relationship": "Outer",
                                                                  "Parallel Aware": true,
                                                                  "Async Capable": false,
                                                                  "Relation Name": "date_dim",
                                                                  "Alias": "date_dim_2",
                                                                  "Startup Cost": 0.0,
                                                                  "Total Cost": 2049.55,
                                                                  "Plan Rows": 18,
                                                                  "Plan Width": 4,
                                                                  "Filter": "((d_date >= '1998-08-19'::date) AND (d_date <= '1998-09-18 00:00:00'::timestamp without time zone))",
                                                                  "parent": 57,
                                                                  "ID": 58
                                                                }
                                                              ],
                                                              "parent": 55,
                                                              "ID": 57,
                                                              "left": 58
                                                            }
                                                          ],
                                                          "parent": 54,
                                                          "ID": 55,
                                                          "left": 56,
                                                          "right": 57
                                                        },
                                                        {
                                                          "Node Type": "Hash",
                                                          "Parent Relationship": "Inner",
                                                          "Parallel Aware": true,
                                                          "Async Capable": false,
                                                          "Startup Cost": 16278.74,
                                                          "Total Cost": 16278.74,
                                                          "Plan Rows": 299674,
                                                          "Plan Width": 20,
                                                          "Plans": [
                                                            {
                                                              "Node Type": "Seq Scan",
                                                              "Parent Relationship": "Outer",
                                                              "Parallel Aware": true,
                                                              "Async Capable": false,
                                                              "Relation Name": "web_returns",
                                                              "Alias": "web_returns",
                                                              "Startup Cost": 0.0,
                                                              "Total Cost": 16278.74,
                                                              "Plan Rows": 299674,
                                                              "Plan Width": 20,
                                                              "parent": 59,
                                                              "ID": 60
                                                            }
                                                          ],
                                                          "parent": 54,
                                                          "ID": 59,
                                                          "left": 60
                                                        }
                                                      ],
                                                      "parent": 53,
                                                      "ID": 54,
                                                      "left": 55,
                                                      "right": 59
                                                    },
                                                    {
                                                      "Node Type": "Hash",
                                                      "Parent Relationship": "Inner",
                                                      "Parallel Aware": true,
                                                      "Async Capable": false,
                                                      "Startup Cost": 7495.25,
                                                      "Total Cost": 7495.25,
                                                      "Plan Rows": 2442,
                                                      "Plan Width": 4,
                                                      "Plans": [
                                                        {
                                                          "Node Type": "Seq Scan",
                                                          "Parent Relationship": "Outer",
                                                          "Parallel Aware": true,
                                                          "Async Capable": false,
                                                          "Relation Name": "item",
                                                          "Alias": "item_2",
                                                          "Startup Cost": 0.0,
                                                          "Total Cost": 7495.25,
                                                          "Plan Rows": 2442,
                                                          "Plan Width": 4,
                                                          "Filter": "(i_current_price > '50'::numeric)",
                                                          "parent": 61,
                                                          "ID": 62
                                                        }
                                                      ],
                                                      "parent": 53,
                                                      "ID": 61,
                                                      "left": 62
                                                    }
                                                  ],
                                                  "parent": 52,
                                                  "ID": 53,
                                                  "left": 54,
                                                  "right": 61
                                                },
                                                {
                                                  "Node Type": "Hash",
                                                  "Parent Relationship": "Inner",
                                                  "Parallel Aware": false,
                                                  "Async Capable": false,
                                                  "Startup Cost": 19.25,
                                                  "Total Cost": 19.25,
                                                  "Plan Rows": 492,
                                                  "Plan Width": 4,
                                                  "Plans": [
                                                    {
                                                      "Node Type": "Seq Scan",
                                                      "Parent Relationship": "Outer",
                                                      "Parallel Aware": false,
                                                      "Async Capable": false,
                                                      "Relation Name": "promotion",
                                                      "Alias": "promotion_2",
                                                      "Startup Cost": 0.0,
                                                      "Total Cost": 19.25,
                                                      "Plan Rows": 492,
                                                      "Plan Width": 4,
                                                      "Filter": "(p_channel_tv = 'N'::bpchar)",
                                                      "parent": 63,
                                                      "ID": 64
                                                    }
                                                  ],
                                                  "parent": 52,
                                                  "ID": 63,
                                                  "left": 64
                                                }
                                              ],
                                              "parent": 51,
                                              "ID": 52,
                                              "left": 53,
                                              "right": 63
                                            },
                                            {
                                              "Node Type": "Hash",
                                              "Parent Relationship": "Inner",
                                              "Parallel Aware": false,
                                              "Async Capable": false,
                                              "Startup Cost": 3.42,
                                              "Total Cost": 3.42,
                                              "Plan Rows": 42,
                                              "Plan Width": 21,
                                              "Plans": [
                                                {
                                                  "Node Type": "Seq Scan",
                                                  "Parent Relationship": "Outer",
                                                  "Parallel Aware": false,
                                                  "Async Capable": false,
                                                  "Relation Name": "web_site",
                                                  "Alias": "web_site",
                                                  "Startup Cost": 0.0,
                                                  "Total Cost": 3.42,
                                                  "Plan Rows": 42,
                                                  "Plan Width": 21,
                                                  "parent": 65,
                                                  "ID": 66
                                                }
                                              ],
                                              "parent": 51,
                                              "ID": 65,
                                              "left": 66
                                            }
                                          ],
                                          "parent": 50,
                                          "ID": 51,
                                          "left": 52,
                                          "right": 65
                                        }
                                      ],
                                      "parent": 49,
                                      "ID": 50,
                                      "left": 51
                                    }
                                  ],
                                  "parent": 48,
                                  "ID": 49,
                                  "left": 50
                                }
                              ],
                              "parent": 47,
                              "ID": 48,
                              "left": 49
                            }
                          ],
                          "parent": 46,
                          "ID": 47,
                          "left": 48
                        }
                      ],
                      "parent": 3,
                      "ID": 46,
                      "left": 47
                    }
                  ],
                  "parent": 2,
                  "ID": 3,
                  "left": 4,
                  "right": 25
                }
              ],
              "parent": 1,
              "ID": 2,
              "left": 3
            }
          ],
          "parent": 0,
          "ID": 1,
          "left": 2
        }
      ],
      "parent": null,
      "ID": 0,
      "left": 1
    },
    "feat": {
      "utility": 0.0,
      "query_shape": [
        [
          "Seq Scan",
          "Hash Join",
          "Sort",
          "Aggregate",
          "Gather Merge",
          "Subquery Scan",
          "Append"
        ],
        [
          "Seq Scan",
          "Hash",
          "Hash Join",
          "Sort",
          "Aggregate",
          "Gather Merge",
          "Subquery Scan",
          "Append"
        ],
        [
          "Seq Scan",
          "Hash",
          "Hash Join",
          "Sort",
          "Aggregate",
          "Gather Merge",
          "Subquery Scan",
          "Append"
        ],
        [
          "Seq Scan",
          "Hash",
          "Hash Join",
          "Sort",
          "Aggregate",
          "Gather Merge",
          "Subquery Scan",
          "Append"
        ],
        [
          "Seq Scan",
          "Hash",
          "Hash Join",
          "Sort",
          "Aggregate",
          "Gather Merge",
          "Subquery Scan",
          "Append"
        ],
        [
          "Seq Scan",
          "Hash",
          "Hash Join",
          "Sort",
          "Aggregate",
          "Gather Merge",
          "Subquery Scan",
          "Append"
        ],
        [
          "Seq Scan",
          "Hash Join",
          "Sort",
          "Aggregate",
          "Gather Merge",
          "Subquery Scan",
          "Append"
        ],
        [
          "Seq Scan",
          "Hash",
          "Hash Join",
          "Sort",
          "Aggregate",
          "Gather Merge",
          "Subquery Scan",
          "Append"
        ],
        [
          "Seq Scan",
          "Hash",
          "Hash Join",
          "Sort",
          "Aggregate",
          "Gather Merge",
          "Subquery Scan",
          "Append"
        ],
        [
          "Seq Scan",
          "Hash",
          "Hash Join",
          "Sort",
          "Aggregate",
          "Gather Merge",
          "Subquery Scan",
          "Append"
        ],
        [
          "Seq Scan",
          "Hash",
          "Hash Join",
          "Sort",
          "Aggregate",
          "Gather Merge",
          "Subquery Scan",
          "Append"
        ],
        [
          "Seq Scan",
          "Hash",
          "Hash Join",
          "Sort",
          "Aggregate",
          "Gather Merge",
          "Subquery Scan",
          "Append"
        ],
        [
          "Seq Scan",
          "Hash Join",
          "Sort",
          "Aggregate",
          "Gather Merge",
          "Subquery Scan",
          "Append"
        ],
        [
          "Seq Scan",
          "Hash",
          "Hash Join",
          "Sort",
          "Aggregate",
          "Gather Merge",
          "Subquery Scan",
          "Append"
        ],
        [
          "Seq Scan",
          "Hash",
          "Hash Join",
          "Sort",
          "Aggregate",
          "Gather Merge",
          "Subquery Scan",
          "Append"
        ],
        [
          "Seq Scan",
          "Hash",
          "Hash Join",
          "Sort",
          "Aggregate",
          "Gather Merge",
          "Subquery Scan",
          "Append"
        ],
        [
          "Seq Scan",
          "Hash",
          "Hash Join",
          "Sort",
          "Aggregate",
          "Gather Merge",
          "Subquery Scan",
          "Append"
        ],
        [
          "Seq Scan",
          "Hash",
          "Hash Join",
          "Sort",
          "Aggregate",
          "Gather Merge",
          "Subquery Scan",
          "Append"
        ]
      ],
      "index_shape": [
        "order-by"
      ],
      "physical_operator": {
        "Sort": [
          "[0. 0. 0. 0. 0. 0. 0. 0. 0. 0. 0. 0. 0. 0. 0. 0. 0. 0. 0. 0. 0. 0. 0. 0.\n 0. 0. 0. 0. 0. 0. 0. 0. 0. 0. 0. 0. 0. 0. 0. 0. 0. 0. 0. 0. 0. 0. 0. 0.\n 0. 0. 0.]"
        ],
        "Aggregate": [
          "[0. 0. 0. 0. 0. 0. 0. 0. 0. 0. 0. 0. 0. 0. 0. 0. 0. 0. 0. 0. 0. 0. 0. 0.\n 0. 0. 0. 0. 0. 0. 0. 0. 0. 0. 0. 0. 0. 0. 0. 0. 0. 0. 0. 0. 0. 0. 0. 0.\n 0. 0. 0.]",
          "[0. 0. 0. 0. 0. 0. 0. 0. 0. 0. 0. 0. 0. 0. 0. 0. 0. 0. 0. 0. 0. 0. 0. 0.\n 0. 0. 0. 0. 0. 0. 0. 0. 0. 0. 0. 0. 0. 0. 0. 0. 0. 0. 0. 0. 0. 0. 0. 0.\n 0. 0. 0.]"
        ]
      }
    }
  },
  {
    "query": "with ssr as\n (select  s_store_id as store_id,\n          sum(ss_ext_sales_price) as sales,\n          sum(coalesce(sr_return_amt, 0)) as returns,\n          sum(ss_net_profit - coalesce(sr_net_loss, 0)) as profit\n  from store_sales left outer join store_returns on\n         (ss_item_sk = sr_item_sk and ss_ticket_number = sr_ticket_number),\n     date_dim,\n     store,\n     item,\n     promotion\n where ss_sold_date_sk = d_date_sk\n       and d_date between cast('1998-08-19' as date) \n                  and (cast('1998-08-19' as date) +  interval '30 days')\n       and ss_store_sk = s_store_sk\n       and ss_item_sk = i_item_sk\n       and i_current_price > 50\n       and ss_promo_sk = p_promo_sk\n       and p_channel_tv = 'N'\n group by s_store_id)\n ,\n csr as\n (select  cp_catalog_page_id as catalog_page_id,\n          sum(cs_ext_sales_price) as sales,\n          sum(coalesce(cr_return_amount, 0)) as returns,\n          sum(cs_net_profit - coalesce(cr_net_loss, 0)) as profit\n  from catalog_sales left outer join catalog_returns on\n         (cs_item_sk = cr_item_sk and cs_order_number = cr_order_number),\n     date_dim,\n     catalog_page,\n     item,\n     promotion\n where cs_sold_date_sk = d_date_sk\n       and d_date between cast('1998-08-19' as date)\n                  and (cast('1998-08-19' as date) +  interval '30 days')\n        and cs_catalog_page_sk = cp_catalog_page_sk\n       and cs_item_sk = i_item_sk\n       and i_current_price > 50\n       and cs_promo_sk = p_promo_sk\n       and p_channel_tv = 'N'\ngroup by cp_catalog_page_id)\n ,\n wsr as\n (select  web_site_id,\n          sum(ws_ext_sales_price) as sales,\n          sum(coalesce(wr_return_amt, 0)) as returns,\n          sum(ws_net_profit - coalesce(wr_net_loss, 0)) as profit\n  from web_sales left outer join web_returns on\n         (ws_item_sk = wr_item_sk and ws_order_number = wr_order_number),\n     date_dim,\n     web_site,\n     item,\n     promotion\n where ws_sold_date_sk = d_date_sk\n       and d_date between cast('1998-08-19' as date)\n                  and (cast('1998-08-19' as date) +  interval '30 days')\n        and ws_web_site_sk = web_site_sk\n       and ws_item_sk = i_item_sk\n       and i_current_price > 50\n       and ws_promo_sk = p_promo_sk\n       and p_channel_tv = 'N'\ngroup by web_site_id)\n  select  channel\n        , id\n        , sum(sales) as sales\n        , sum(returns) as returns\n        , sum(profit) as profit\n from \n (select 'store channel' as channel\n        , 'store' || store_id as id\n        , sales\n        , returns\n        , profit\n from   ssr\n union all\n select 'catalog channel' as channel\n        , 'catalog_page' || catalog_page_id as id\n        , sales\n        , returns\n        , profit\n from  csr\n union all\n select 'web channel' as channel\n        , 'web_site' || web_site_id as id\n        , sales\n        , returns\n        , profit\n from   wsr\n ) x\n group by rollup (channel, id)\n order by channel\n         ,id\n limit 100;\n\n-- end query 61 in stream 0 using template query80.tpl\n",
    "indexes": "web_site.web_site_sk",
    "wo plan est": {
      "Node Type": "Limit",
      "Parallel Aware": false,
      "Async Capable": false,
      "Startup Cost": 1566782.76,
      "Total Cost": 1566786.01,
      "Plan Rows": 100,
      "Plan Width": 160,
      "Plans": [
        {
          "Node Type": "Aggregate",
          "Strategy": "Sorted",
          "Partial Mode": "Simple",
          "Parent Relationship": "Outer",
          "Parallel Aware": false,
          "Async Capable": false,
          "Startup Cost": 1566782.76,
          "Total Cost": 1566795.8,
          "Plan Rows": 401,
          "Plan Width": 160,
          "Grouping Sets": [
            {
              "Group Keys": [
                [
                  "('store channel'::text)",
                  "(('store'::text || (ssr.store_id)::text))"
                ],
                [
                  "('store channel'::text)"
                ],
                []
              ]
            }
          ],
          "Plans": [
            {
              "Node Type": "Sort",
              "Parent Relationship": "Outer",
              "Parallel Aware": false,
              "Async Capable": false,
              "Startup Cost": 1566782.76,
              "Total Cost": 1566783.77,
              "Plan Rows": 401,
              "Plan Width": 160,
              "Sort Key": [
                "('store channel'::text)",
                "(('store'::text || (ssr.store_id)::text))"
              ],
              "Plans": [
                {
                  "Node Type": "Append",
                  "Parent Relationship": "Outer",
                  "Parallel Aware": false,
                  "Async Capable": false,
                  "Startup Cost": 784591.9,
                  "Total Cost": 1566765.43,
                  "Plan Rows": 401,
                  "Plan Width": 160,
                  "Subplans Removed": 0,
                  "Plans": [
                    {
                      "Node Type": "Subquery Scan",
                      "Parent Relationship": "Member",
                      "Parallel Aware": false,
                      "Async Capable": false,
                      "Alias": "ssr",
                      "Startup Cost": 784591.9,
                      "Total Cost": 784611.64,
                      "Plan Rows": 51,
                      "Plan Width": 160,
                      "Plans": [
                        {
                          "Node Type": "Aggregate",
                          "Strategy": "Sorted",
                          "Partial Mode": "Finalize",
                          "Parent Relationship": "Subquery",
                          "Parallel Aware": false,
                          "Async Capable": false,
                          "Startup Cost": 784591.9,
                          "Total Cost": 784610.87,
                          "Plan Rows": 51,
                          "Plan Width": 113,
                          "Group Key": [
                            "store.s_store_id"
                          ],
                          "Plans": [
                            {
                              "Node Type": "Gather Merge",
                              "Parent Relationship": "Outer",
                              "Parallel Aware": false,
                              "Async Capable": false,
                              "Startup Cost": 784591.9,
                              "Total Cost": 784608.2,
                              "Plan Rows": 102,
                              "Plan Width": 113,
                              "Workers Planned": 2,
                              "Plans": [
                                {
                                  "Node Type": "Aggregate",
                                  "Strategy": "Sorted",
                                  "Partial Mode": "Partial",
                                  "Parent Relationship": "Outer",
                                  "Parallel Aware": false,
                                  "Async Capable": false,
                                  "Startup Cost": 783591.88,
                                  "Total Cost": 783596.4,
                                  "Plan Rows": 51,
                                  "Plan Width": 113,
                                  "Group Key": [
                                    "store.s_store_id"
                                  ],
                                  "Plans": [
                                    {
                                      "Node Type": "Sort",
                                      "Parent Relationship": "Outer",
                                      "Parallel Aware": false,
                                      "Async Capable": false,
                                      "Startup Cost": 783591.88,
                                      "Total Cost": 783592.48,
                                      "Plan Rows": 242,
                                      "Plan Width": 41,
                                      "Sort Key": [
                                        "store.s_store_id"
                                      ],
                                      "Plans": [
                                        {
                                          "Node Type": "Hash Join",
                                          "Parent Relationship": "Outer",
                                          "Parallel Aware": false,
                                          "Async Capable": false,
                                          "Join Type": "Inner",
                                          "Startup Cost": 94489.35,
                                          "Total Cost": 783582.3,
                                          "Plan Rows": 242,
                                          "Plan Width": 41,
                                          "Inner Unique": false,
                                          "Hash Cond": "(store_sales.ss_store_sk = store.s_store_sk)",
                                          "Plans": [
                                            {
                                              "Node Type": "Hash Join",
                                              "Parent Relationship": "Outer",
                                              "Parallel Aware": false,
                                              "Async Capable": false,
                                              "Join Type": "Inner",
                                              "Startup Cost": 94482.05,
                                              "Total Cost": 783571.63,
                                              "Plan Rows": 254,
                                              "Plan Width": 28,
                                              "Inner Unique": false,
                                              "Hash Cond": "(store_sales.ss_promo_sk = promotion.p_promo_sk)",
                                              "Plans": [
                                                {
                                                  "Node Type": "Hash Join",
                                                  "Parent Relationship": "Outer",
                                                  "Parallel Aware": true,
                                                  "Async Capable": false,
                                                  "Join Type": "Inner",
                                                  "Startup Cost": 94456.65,
                                                  "Total Cost": 783542.68,
                                                  "Plan Rows": 270,
                                                  "Plan Width": 32,
                                                  "Inner Unique": false,
                                                  "Hash Cond": "(store_sales.ss_item_sk = item.i_item_sk)",
                                                  "Plans": [
                                                    {
                                                      "Node Type": "Hash Join",
                                                      "Parent Relationship": "Outer",
                                                      "Parallel Aware": true,
                                                      "Async Capable": false,
                                                      "Join Type": "Left",
                                                      "Startup Cost": 86930.88,
                                                      "Total Cost": 775998.13,
                                                      "Plan Rows": 4703,
                                                      "Plan Width": 36,
                                                      "Inner Unique": false,
                                                      "Hash Cond": "((store_sales.ss_item_sk = store_returns.sr_item_sk) AND (store_sales.ss_ticket_number = store_returns.sr_ticket_number))",
                                                      "Plans": [
                                                        {
                                                          "Node Type": "Hash Join",
                                                          "Parent Relationship": "Outer",
                                                          "Parallel Aware": true,
                                                          "Async Capable": false,
                                                          "Join Type": "Inner",
                                                          "Startup Cost": 2049.78,
                                                          "Total Cost": 683994.75,
                                                          "Plan Rows": 4703,
                                                          "Plan Width": 28,
                                                          "Inner Unique": false,
                                                          "Hash Cond": "(store_sales.ss_sold_date_sk = date_dim.d_date_sk)",
                                                          "Plans": [
                                                            {
                                                              "Node Type": "Seq Scan",
                                                              "Parent Relationship": "Outer",
                                                              "Parallel Aware": true,
                                                              "Async Capable": false,
                                                              "Relation Name": "store_sales",
                                                              "Alias": "store_sales",
                                                              "Startup Cost": 0.0,
                                                              "Total Cost": 636914.37,
                                                              "Plan Rows": 12000637,
                                                              "Plan Width": 32,
                                                              "parent": 13,
                                                              "ID": 14
                                                            },
                                                            {
                                                              "Node Type": "Hash",
                                                              "Parent Relationship": "Inner",
                                                              "Parallel Aware": true,
                                                              "Async Capable": false,
                                                              "Startup Cost": 2049.55,
                                                              "Total Cost": 2049.55,
                                                              "Plan Rows": 18,
                                                              "Plan Width": 4,
                                                              "Plans": [
                                                                {
                                                                  "Node Type": "Seq Scan",
                                                                  "Parent Relationship": "Outer",
                                                                  "Parallel Aware": true,
                                                                  "Async Capable": false,
                                                                  "Relation Name": "date_dim",
                                                                  "Alias": "date_dim",
                                                                  "Startup Cost": 0.0,
                                                                  "Total Cost": 2049.55,
                                                                  "Plan Rows": 18,
                                                                  "Plan Width": 4,
                                                                  "Filter": "((d_date >= '1998-08-19'::date) AND (d_date <= '1998-09-18 00:00:00'::timestamp without time zone))",
                                                                  "parent": 15,
                                                                  "ID": 16
                                                                }
                                                              ],
                                                              "parent": 13,
                                                              "ID": 15,
                                                              "left": 16
                                                            }
                                                          ],
                                                          "parent": 12,
                                                          "ID": 13,
                                                          "left": 14,
                                                          "right": 15
                                                        },
                                                        {
                                                          "Node Type": "Hash",
                                                          "Parent Relationship": "Inner",
                                                          "Parallel Aware": true,
                                                          "Async Capable": false,
                                                          "Startup Cost": 59887.64,
                                                          "Total Cost": 59887.64,
                                                          "Plan Rows": 1198164,
                                                          "Plan Width": 20,
                                                          "Plans": [
                                                            {
                                                              "Node Type": "Seq Scan",
                                                              "Parent Relationship": "Outer",
                                                              "Parallel Aware": true,
                                                              "Async Capable": false,
                                                              "Relation Name": "store_returns",
                                                              "Alias": "store_returns",
                                                              "Startup Cost": 0.0,
                                                              "Total Cost": 59887.64,
                                                              "Plan Rows": 1198164,
                                                              "Plan Width": 20,
                                                              "parent": 17,
                                                              "ID": 18
                                                            }
                                                          ],
                                                          "parent": 12,
                                                          "ID": 17,
                                                          "left": 18
                                                        }
                                                      ],
                                                      "parent": 11,
                                                      "ID": 12,
                                                      "left": 13,
                                                      "right": 17
                                                    },
                                                    {
                                                      "Node Type": "Hash",
                                                      "Parent Relationship": "Inner",
                                                      "Parallel Aware": true,
                                                      "Async Capable": false,
                                                      "Startup Cost": 7495.25,
                                                      "Total Cost": 7495.25,
                                                      "Plan Rows": 2442,
                                                      "Plan Width": 4,
                                                      "Plans": [
                                                        {
                                                          "Node Type": "Seq Scan",
                                                          "Parent Relationship": "Outer",
                                                          "Parallel Aware": true,
                                                          "Async Capable": false,
                                                          "Relation Name": "item",
                                                          "Alias": "item",
                                                          "Startup Cost": 0.0,
                                                          "Total Cost": 7495.25,
                                                          "Plan Rows": 2442,
                                                          "Plan Width": 4,
                                                          "Filter": "(i_current_price > '50'::numeric)",
                                                          "parent": 19,
                                                          "ID": 20
                                                        }
                                                      ],
                                                      "parent": 11,
                                                      "ID": 19,
                                                      "left": 20
                                                    }
                                                  ],
                                                  "parent": 10,
                                                  "ID": 11,
                                                  "left": 12,
                                                  "right": 19
                                                },
                                                {
                                                  "Node Type": "Hash",
                                                  "Parent Relationship": "Inner",
                                                  "Parallel Aware": false,
                                                  "Async Capable": false,
                                                  "Startup Cost": 19.25,
                                                  "Total Cost": 19.25,
                                                  "Plan Rows": 492,
                                                  "Plan Width": 4,
                                                  "Plans": [
                                                    {
                                                      "Node Type": "Seq Scan",
                                                      "Parent Relationship": "Outer",
                                                      "Parallel Aware": false,
                                                      "Async Capable": false,
                                                      "Relation Name": "promotion",
                                                      "Alias": "promotion",
                                                      "Startup Cost": 0.0,
                                                      "Total Cost": 19.25,
                                                      "Plan Rows": 492,
                                                      "Plan Width": 4,
                                                      "Filter": "(p_channel_tv = 'N'::bpchar)",
                                                      "parent": 21,
                                                      "ID": 22
                                                    }
                                                  ],
                                                  "parent": 10,
                                                  "ID": 21,
                                                  "left": 22
                                                }
                                              ],
                                              "parent": 9,
                                              "ID": 10,
                                              "left": 11,
                                              "right": 21
                                            },
                                            {
                                              "Node Type": "Hash",
                                              "Parent Relationship": "Inner",
                                              "Parallel Aware": false,
                                              "Async Capable": false,
                                              "Startup Cost": 6.02,
                                              "Total Cost": 6.02,
                                              "Plan Rows": 102,
                                              "Plan Width": 21,
                                              "Plans": [
                                                {
                                                  "Node Type": "Seq Scan",
                                                  "Parent Relationship": "Outer",
                                                  "Parallel Aware": false,
                                                  "Async Capable": false,
                                                  "Relation Name": "store",
                                                  "Alias": "store",
                                                  "Startup Cost": 0.0,
                                                  "Total Cost": 6.02,
                                                  "Plan Rows": 102,
                                                  "Plan Width": 21,
                                                  "parent": 23,
                                                  "ID": 24
                                                }
                                              ],
                                              "parent": 9,
                                              "ID": 23,
                                              "left": 24
                                            }
                                          ],
                                          "parent": 8,
                                          "ID": 9,
                                          "left": 10,
                                          "right": 23
                                        }
                                      ],
                                      "parent": 7,
                                      "ID": 8,
                                      "left": 9
                                    }
                                  ],
                                  "parent": 6,
                                  "ID": 7,
                                  "left": 8
                                }
                              ],
                              "parent": 5,
                              "ID": 6,
                              "left": 7
                            }
                          ],
                          "parent": 4,
                          "ID": 5,
                          "left": 6
                        }
                      ],
                      "parent": 3,
                      "ID": 4,
                      "left": 5
                    },
                    {
                      "Node Type": "Subquery Scan",
                      "Parent Relationship": "Member",
                      "Parallel Aware": false,
                      "Async Capable": false,
                      "Alias": "csr",
                      "Startup Cost": 518174.1,
                      "Total Cost": 518225.66,
                      "Plan Rows": 329,
                      "Plan Width": 160,
                      "Plans": [
                        {
                          "Node Type": "Aggregate",
                          "Strategy": "Sorted",
                          "Partial Mode": "Finalize",
                          "Parent Relationship": "Subquery",
                          "Parallel Aware": false,
                          "Async Capable": false,
                          "Startup Cost": 518174.1,
                          "Total Cost": 518220.73,
                          "Plan Rows": 329,
                          "Plan Width": 113,
                          "Group Key": [
                            "catalog_page.cp_catalog_page_id"
                          ],
                          "Plans": [
                            {
                              "Node Type": "Gather Merge",
                              "Parent Relationship": "Outer",
                              "Parallel Aware": false,
                              "Async Capable": false,
                              "Startup Cost": 518174.1,
                              "Total Cost": 518210.18,
                              "Plan Rows": 274,
                              "Plan Width": 113,
                              "Workers Planned": 2,
                              "Plans": [
                                {
                                  "Node Type": "Aggregate",
                                  "Strategy": "Sorted",
                                  "Partial Mode": "Partial",
                                  "Parent Relationship": "Outer",
                                  "Parallel Aware": false,
                                  "Async Capable": false,
                                  "Startup Cost": 517174.07,
                                  "Total Cost": 517178.53,
                                  "Plan Rows": 137,
                                  "Plan Width": 113,
                                  "Group Key": [
                                    "catalog_page.cp_catalog_page_id"
                                  ],
                                  "Plans": [
                                    {
                                      "Node Type": "Sort",
                                      "Parent Relationship": "Outer",
                                      "Parallel Aware": false,
                                      "Async Capable": false,
                                      "Startup Cost": 517174.07,
                                      "Total Cost": 517174.42,
                                      "Plan Rows": 137,
                                      "Plan Width": 41,
                                      "Sort Key": [
                                        "catalog_page.cp_catalog_page_id"
                                      ],
                                      "Plans": [
                                        {
                                          "Node Type": "Hash Join",
                                          "Parent Relationship": "Outer",
                                          "Parallel Aware": false,
                                          "Async Capable": false,
                                          "Join Type": "Inner",
                                          "Startup Cost": 57382.33,
                                          "Total Cost": 517169.21,
                                          "Plan Rows": 137,
                                          "Plan Width": 41,
                                          "Inner Unique": false,
                                          "Hash Cond": "(catalog_sales.cs_catalog_page_sk = catalog_page.cp_catalog_page_sk)",
                                          "Plans": [
                                            {
                                              "Node Type": "Hash Join",
                                              "Parent Relationship": "Outer",
                                              "Parallel Aware": false,
                                              "Async Capable": false,
                                              "Join Type": "Inner",
                                              "Startup Cost": 56864.33,
                                              "Total Cost": 516649.32,
                                              "Plan Rows": 138,
                                              "Plan Width": 28,
                                              "Inner Unique": false,
                                              "Hash Cond": "(catalog_sales.cs_promo_sk = promotion_1.p_promo_sk)",
                                              "Plans": [
                                                {
                                                  "Node Type": "Hash Join",
                                                  "Parent Relationship": "Outer",
                                                  "Parallel Aware": true,
                                                  "Async Capable": false,
                                                  "Join Type": "Inner",
                                                  "Startup Cost": 56838.93,
                                                  "Total Cost": 516622.01,
                                                  "Plan Rows": 141,
                                                  "Plan Width": 32,
                                                  "Inner Unique": false,
                                                  "Hash Cond": "(catalog_sales.cs_item_sk = item_1.i_item_sk)",
                                                  "Plans": [
                                                    {
                                                      "Node Type": "Hash Join",
                                                      "Parent Relationship": "Outer",
                                                      "Parallel Aware": true,
                                                      "Async Capable": false,
                                                      "Join Type": "Left",
                                                      "Startup Cost": 49313.15,
                                                      "Total Cost": 509086.46,
                                                      "Plan Rows": 2450,
                                                      "Plan Width": 36,
                                                      "Inner Unique": false,
                                                      "Hash Cond": "((catalog_sales.cs_item_sk = catalog_returns.cr_item_sk) AND (catalog_sales.cs_order_number = catalog_returns.cr_order_number))",
                                                      "Plans": [
                                                        {
                                                          "Node Type": "Hash Join",
                                                          "Parent Relationship": "Outer",
                                                          "Parallel Aware": true,
                                                          "Async Capable": false,
                                                          "Join Type": "Inner",
                                                          "Startup Cost": 2049.78,
                                                          "Total Cost": 458254.7,
                                                          "Plan Rows": 2450,
                                                          "Plan Width": 28,
                                                          "Inner Unique": false,
                                                          "Hash Cond": "(catalog_sales.cs_sold_date_sk = date_dim_1.d_date_sk)",
                                                          "Plans": [
                                                            {
                                                              "Node Type": "Seq Scan",
                                                              "Parent Relationship": "Outer",
                                                              "Parallel Aware": true,
                                                              "Async Capable": false,
                                                              "Relation Name": "catalog_sales",
                                                              "Alias": "catalog_sales",
                                                              "Startup Cost": 0.0,
                                                              "Total Cost": 433688.25,
                                                              "Plan Rows": 6000525,
                                                              "Plan Width": 32,
                                                              "parent": 34,
                                                              "ID": 35
                                                            },
                                                            {
                                                              "Node Type": "Hash",
                                                              "Parent Relationship": "Inner",
                                                              "Parallel Aware": true,
                                                              "Async Capable": false,
                                                              "Startup Cost": 2049.55,
                                                              "Total Cost": 2049.55,
                                                              "Plan Rows": 18,
                                                              "Plan Width": 4,
                                                              "Plans": [
                                                                {
                                                                  "Node Type": "Seq Scan",
                                                                  "Parent Relationship": "Outer",
                                                                  "Parallel Aware": true,
                                                                  "Async Capable": false,
                                                                  "Relation Name": "date_dim",
                                                                  "Alias": "date_dim_1",
                                                                  "Startup Cost": 0.0,
                                                                  "Total Cost": 2049.55,
                                                                  "Plan Rows": 18,
                                                                  "Plan Width": 4,
                                                                  "Filter": "((d_date >= '1998-08-19'::date) AND (d_date <= '1998-09-18 00:00:00'::timestamp without time zone))",
                                                                  "parent": 36,
                                                                  "ID": 37
                                                                }
                                                              ],
                                                              "parent": 34,
                                                              "ID": 36,
                                                              "left": 37
                                                            }
                                                          ],
                                                          "parent": 33,
                                                          "ID": 34,
                                                          "left": 35,
                                                          "right": 36
                                                        },
                                                        {
                                                          "Node Type": "Hash",
                                                          "Parent Relationship": "Inner",
                                                          "Parallel Aware": true,
                                                          "Async Capable": false,
                                                          "Startup Cost": 34748.95,
                                                          "Total Cost": 34748.95,
                                                          "Plan Rows": 599895,
                                                          "Plan Width": 20,
                                                          "Plans": [
                                                            {
                                                              "Node Type": "Seq Scan",
                                                              "Parent Relationship": "Outer",
                                                              "Parallel Aware": true,
                                                              "Async Capable": false,
                                                              "Relation Name": "catalog_returns",
                                                              "Alias": "catalog_returns",
                                                              "Startup Cost": 0.0,
                                                              "Total Cost": 34748.95,
                                                              "Plan Rows": 599895,
                                                              "Plan Width": 20,
                                                              "parent": 38,
                                                              "ID": 39
                                                            }
                                                          ],
                                                          "parent": 33,
                                                          "ID": 38,
                                                          "left": 39
                                                        }
                                                      ],
                                                      "parent": 32,
                                                      "ID": 33,
                                                      "left": 34,
                                                      "right": 38
                                                    },
                                                    {
                                                      "Node Type": "Hash",
                                                      "Parent Relationship": "Inner",
                                                      "Parallel Aware": true,
                                                      "Async Capable": false,
                                                      "Startup Cost": 7495.25,
                                                      "Total Cost": 7495.25,
                                                      "Plan Rows": 2442,
                                                      "Plan Width": 4,
                                                      "Plans": [
                                                        {
                                                          "Node Type": "Seq Scan",
                                                          "Parent Relationship": "Outer",
                                                          "Parallel Aware": true,
                                                          "Async Capable": false,
                                                          "Relation Name": "item",
                                                          "Alias": "item_1",
                                                          "Startup Cost": 0.0,
                                                          "Total Cost": 7495.25,
                                                          "Plan Rows": 2442,
                                                          "Plan Width": 4,
                                                          "Filter": "(i_current_price > '50'::numeric)",
                                                          "parent": 40,
                                                          "ID": 41
                                                        }
                                                      ],
                                                      "parent": 32,
                                                      "ID": 40,
                                                      "left": 41
                                                    }
                                                  ],
                                                  "parent": 31,
                                                  "ID": 32,
                                                  "left": 33,
                                                  "right": 40
                                                },
                                                {
                                                  "Node Type": "Hash",
                                                  "Parent Relationship": "Inner",
                                                  "Parallel Aware": false,
                                                  "Async Capable": false,
                                                  "Startup Cost": 19.25,
                                                  "Total Cost": 19.25,
                                                  "Plan Rows": 492,
                                                  "Plan Width": 4,
                                                  "Plans": [
                                                    {
                                                      "Node Type": "Seq Scan",
                                                      "Parent Relationship": "Outer",
                                                      "Parallel Aware": false,
                                                      "Async Capable": false,
                                                      "Relation Name": "promotion",
                                                      "Alias": "promotion_1",
                                                      "Startup Cost": 0.0,
                                                      "Total Cost": 19.25,
                                                      "Plan Rows": 492,
                                                      "Plan Width": 4,
                                                      "Filter": "(p_channel_tv = 'N'::bpchar)",
                                                      "parent": 42,
                                                      "ID": 43
                                                    }
                                                  ],
                                                  "parent": 31,
                                                  "ID": 42,
                                                  "left": 43
                                                }
                                              ],
                                              "parent": 30,
                                              "ID": 31,
                                              "left": 32,
                                              "right": 42
                                            },
                                            {
                                              "Node Type": "Hash",
                                              "Parent Relationship": "Inner",
                                              "Parallel Aware": false,
                                              "Async Capable": false,
                                              "Startup Cost": 368.0,
                                              "Total Cost": 368.0,
                                              "Plan Rows": 12000,
                                              "Plan Width": 21,
                                              "Plans": [
                                                {
                                                  "Node Type": "Seq Scan",
                                                  "Parent Relationship": "Outer",
                                                  "Parallel Aware": false,
                                                  "Async Capable": false,
                                                  "Relation Name": "catalog_page",
                                                  "Alias": "catalog_page",
                                                  "Startup Cost": 0.0,
                                                  "Total Cost": 368.0,
                                                  "Plan Rows": 12000,
                                                  "Plan Width": 21,
                                                  "parent": 44,
                                                  "ID": 45
                                                }
                                              ],
                                              "parent": 30,
                                              "ID": 44,
                                              "left": 45
                                            }
                                          ],
                                          "parent": 29,
                                          "ID": 30,
                                          "left": 31,
                                          "right": 44
                                        }
                                      ],
                                      "parent": 28,
                                      "ID": 29,
                                      "left": 30
                                    }
                                  ],
                                  "parent": 27,
                                  "ID": 28,
                                  "left": 29
                                }
                              ],
                              "parent": 26,
                              "ID": 27,
                              "left": 28
                            }
                          ],
                          "parent": 25,
                          "ID": 26,
                          "left": 27
                        }
                      ],
                      "parent": 3,
                      "ID": 25,
                      "left": 26
                    },
                    {
                      "Node Type": "Subquery Scan",
                      "Parent Relationship": "Member",
                      "Parallel Aware": false,
                      "Async Capable": false,
                      "Alias": "wsr",
                      "Startup Cost": 263918.43,
                      "Total Cost": 263926.12,
                      "Plan Rows": 21,
                      "Plan Width": 160,
                      "Plans": [
                        {
                          "Node Type": "Aggregate",
                          "Strategy": "Sorted",
                          "Partial Mode": "Finalize",
                          "Parent Relationship": "Subquery",
                          "Parallel Aware": false,
                          "Async Capable": false,
                          "Startup Cost": 263918.43,
                          "Total Cost": 263925.8,
                          "Plan Rows": 21,
                          "Plan Width": 113,
                          "Group Key": [
                            "web_site.web_site_id"
                          ],
                          "Plans": [
                            {
                              "Node Type": "Gather Merge",
                              "Parent Relationship": "Outer",
                              "Parallel Aware": false,
                              "Async Capable": false,
                              "Startup Cost": 263918.43,
                              "Total Cost": 263924.7,
                              "Plan Rows": 42,
                              "Plan Width": 113,
                              "Workers Planned": 2,
                              "Plans": [
                                {
                                  "Node Type": "Aggregate",
                                  "Strategy": "Sorted",
                                  "Partial Mode": "Partial",
                                  "Parent Relationship": "Outer",
                                  "Parallel Aware": false,
                                  "Async Capable": false,
                                  "Startup Cost": 262918.41,
                                  "Total Cost": 262919.83,
                                  "Plan Rows": 21,
                                  "Plan Width": 113,
                                  "Group Key": [
                                    "web_site.web_site_id"
                                  ],
                                  "Plans": [
                                    {
                                      "Node Type": "Sort",
                                      "Parent Relationship": "Outer",
                                      "Parallel Aware": false,
                                      "Async Capable": false,
                                      "Startup Cost": 262918.41,
                                      "Total Cost": 262918.59,
                                      "Plan Rows": 70,
                                      "Plan Width": 41,
                                      "Sort Key": [
                                        "web_site.web_site_id"
                                      ],
                                      "Plans": [
                                        {
                                          "Node Type": "Hash Join",
                                          "Parent Relationship": "Outer",
                                          "Parallel Aware": false,
                                          "Async Capable": false,
                                          "Join Type": "Inner",
                                          "Startup Cost": 32134.74,
                                          "Total Cost": 262916.27,
                                          "Plan Rows": 70,
                                          "Plan Width": 41,
                                          "Inner Unique": false,
                                          "Hash Cond": "(web_sales.ws_web_site_sk = web_site.web_site_sk)",
                                          "Plans": [
                                            {
                                              "Node Type": "Hash Join",
                                              "Parent Relationship": "Outer",
                                              "Parallel Aware": false,
                                              "Async Capable": false,
                                              "Join Type": "Inner",
                                              "Startup Cost": 32130.8,
                                              "Total Cost": 262911.36,
                                              "Plan Rows": 70,
                                              "Plan Width": 28,
                                              "Inner Unique": false,
                                              "Hash Cond": "(web_sales.ws_promo_sk = promotion_2.p_promo_sk)",
                                              "Plans": [
                                                {
                                                  "Node Type": "Hash Join",
                                                  "Parent Relationship": "Outer",
                                                  "Parallel Aware": true,
                                                  "Async Capable": false,
                                                  "Join Type": "Inner",
                                                  "Startup Cost": 32105.4,
                                                  "Total Cost": 262884.99,
                                                  "Plan Rows": 71,
                                                  "Plan Width": 32,
                                                  "Inner Unique": false,
                                                  "Hash Cond": "(web_sales.ws_item_sk = item_2.i_item_sk)",
                                                  "Plans": [
                                                    {
                                                      "Node Type": "Hash Join",
                                                      "Parent Relationship": "Outer",
                                                      "Parallel Aware": true,
                                                      "Async Capable": false,
                                                      "Join Type": "Left",
                                                      "Startup Cost": 24579.62,
                                                      "Total Cost": 255354.31,
                                                      "Plan Rows": 1231,
                                                      "Plan Width": 36,
                                                      "Inner Unique": false,
                                                      "Hash Cond": "((web_sales.ws_item_sk = web_returns.wr_item_sk) AND (web_sales.ws_order_number = web_returns.wr_order_number))",
                                                      "Plans": [
                                                        {
                                                          "Node Type": "Hash Join",
                                                          "Parent Relationship": "Outer",
                                                          "Parallel Aware": true,
                                                          "Async Capable": false,
                                                          "Join Type": "Inner",
                                                          "Startup Cost": 2049.78,
                                                          "Total Cost": 231041.22,
                                                          "Plan Rows": 1231,
                                                          "Plan Width": 28,
                                                          "Inner Unique": false,
                                                          "Hash Cond": "(web_sales.ws_sold_date_sk = date_dim_2.d_date_sk)",
                                                          "Plans": [
                                                            {
                                                              "Node Type": "Seq Scan",
                                                              "Parent Relationship": "Outer",
                                                              "Parallel Aware": true,
                                                              "Async Capable": false,
                                                              "Relation Name": "web_sales",
                                                              "Alias": "web_sales",
                                                              "Startup Cost": 0.0,
                                                              "Total Cost": 217737.86,
                                                              "Plan Rows": 2998986,
                                                              "Plan Width": 32,
                                                              "parent": 55,
                                                              "ID": 56
                                                            },
                                                            {
                                                              "Node Type": "Hash",
                                                              "Parent Relationship": "Inner",
                                                              "Parallel Aware": true,
                                                              "Async Capable": false,
                                                              "Startup Cost": 2049.55,
                                                              "Total Cost": 2049.55,
                                                              "Plan Rows": 18,
                                                              "Plan Width": 4,
                                                              "Plans": [
                                                                {
                                                                  "Node Type": "Seq Scan",
                                                                  "Parent Relationship": "Outer",
                                                                  "Parallel Aware": true,
                                                                  "Async Capable": false,
                                                                  "Relation Name": "date_dim",
                                                                  "Alias": "date_dim_2",
                                                                  "Startup Cost": 0.0,
                                                                  "Total Cost": 2049.55,
                                                                  "Plan Rows": 18,
                                                                  "Plan Width": 4,
                                                                  "Filter": "((d_date >= '1998-08-19'::date) AND (d_date <= '1998-09-18 00:00:00'::timestamp without time zone))",
                                                                  "parent": 57,
                                                                  "ID": 58
                                                                }
                                                              ],
                                                              "parent": 55,
                                                              "ID": 57,
                                                              "left": 58
                                                            }
                                                          ],
                                                          "parent": 54,
                                                          "ID": 55,
                                                          "left": 56,
                                                          "right": 57
                                                        },
                                                        {
                                                          "Node Type": "Hash",
                                                          "Parent Relationship": "Inner",
                                                          "Parallel Aware": true,
                                                          "Async Capable": false,
                                                          "Startup Cost": 16278.74,
                                                          "Total Cost": 16278.74,
                                                          "Plan Rows": 299674,
                                                          "Plan Width": 20,
                                                          "Plans": [
                                                            {
                                                              "Node Type": "Seq Scan",
                                                              "Parent Relationship": "Outer",
                                                              "Parallel Aware": true,
                                                              "Async Capable": false,
                                                              "Relation Name": "web_returns",
                                                              "Alias": "web_returns",
                                                              "Startup Cost": 0.0,
                                                              "Total Cost": 16278.74,
                                                              "Plan Rows": 299674,
                                                              "Plan Width": 20,
                                                              "parent": 59,
                                                              "ID": 60
                                                            }
                                                          ],
                                                          "parent": 54,
                                                          "ID": 59,
                                                          "left": 60
                                                        }
                                                      ],
                                                      "parent": 53,
                                                      "ID": 54,
                                                      "left": 55,
                                                      "right": 59
                                                    },
                                                    {
                                                      "Node Type": "Hash",
                                                      "Parent Relationship": "Inner",
                                                      "Parallel Aware": true,
                                                      "Async Capable": false,
                                                      "Startup Cost": 7495.25,
                                                      "Total Cost": 7495.25,
                                                      "Plan Rows": 2442,
                                                      "Plan Width": 4,
                                                      "Plans": [
                                                        {
                                                          "Node Type": "Seq Scan",
                                                          "Parent Relationship": "Outer",
                                                          "Parallel Aware": true,
                                                          "Async Capable": false,
                                                          "Relation Name": "item",
                                                          "Alias": "item_2",
                                                          "Startup Cost": 0.0,
                                                          "Total Cost": 7495.25,
                                                          "Plan Rows": 2442,
                                                          "Plan Width": 4,
                                                          "Filter": "(i_current_price > '50'::numeric)",
                                                          "parent": 61,
                                                          "ID": 62
                                                        }
                                                      ],
                                                      "parent": 53,
                                                      "ID": 61,
                                                      "left": 62
                                                    }
                                                  ],
                                                  "parent": 52,
                                                  "ID": 53,
                                                  "left": 54,
                                                  "right": 61
                                                },
                                                {
                                                  "Node Type": "Hash",
                                                  "Parent Relationship": "Inner",
                                                  "Parallel Aware": false,
                                                  "Async Capable": false,
                                                  "Startup Cost": 19.25,
                                                  "Total Cost": 19.25,
                                                  "Plan Rows": 492,
                                                  "Plan Width": 4,
                                                  "Plans": [
                                                    {
                                                      "Node Type": "Seq Scan",
                                                      "Parent Relationship": "Outer",
                                                      "Parallel Aware": false,
                                                      "Async Capable": false,
                                                      "Relation Name": "promotion",
                                                      "Alias": "promotion_2",
                                                      "Startup Cost": 0.0,
                                                      "Total Cost": 19.25,
                                                      "Plan Rows": 492,
                                                      "Plan Width": 4,
                                                      "Filter": "(p_channel_tv = 'N'::bpchar)",
                                                      "parent": 63,
                                                      "ID": 64
                                                    }
                                                  ],
                                                  "parent": 52,
                                                  "ID": 63,
                                                  "left": 64
                                                }
                                              ],
                                              "parent": 51,
                                              "ID": 52,
                                              "left": 53,
                                              "right": 63
                                            },
                                            {
                                              "Node Type": "Hash",
                                              "Parent Relationship": "Inner",
                                              "Parallel Aware": false,
                                              "Async Capable": false,
                                              "Startup Cost": 3.42,
                                              "Total Cost": 3.42,
                                              "Plan Rows": 42,
                                              "Plan Width": 21,
                                              "Plans": [
                                                {
                                                  "Node Type": "Seq Scan",
                                                  "Parent Relationship": "Outer",
                                                  "Parallel Aware": false,
                                                  "Async Capable": false,
                                                  "Relation Name": "web_site",
                                                  "Alias": "web_site",
                                                  "Startup Cost": 0.0,
                                                  "Total Cost": 3.42,
                                                  "Plan Rows": 42,
                                                  "Plan Width": 21,
                                                  "parent": 65,
                                                  "ID": 66
                                                }
                                              ],
                                              "parent": 51,
                                              "ID": 65,
                                              "left": 66
                                            }
                                          ],
                                          "parent": 50,
                                          "ID": 51,
                                          "left": 52,
                                          "right": 65
                                        }
                                      ],
                                      "parent": 49,
                                      "ID": 50,
                                      "left": 51
                                    }
                                  ],
                                  "parent": 48,
                                  "ID": 49,
                                  "left": 50
                                }
                              ],
                              "parent": 47,
                              "ID": 48,
                              "left": 49
                            }
                          ],
                          "parent": 46,
                          "ID": 47,
                          "left": 48
                        }
                      ],
                      "parent": 3,
                      "ID": 46,
                      "left": 47
                    }
                  ],
                  "parent": 2,
                  "ID": 3,
                  "left": 4,
                  "right": 25
                }
              ],
              "parent": 1,
              "ID": 2,
              "left": 3
            }
          ],
          "parent": 0,
          "ID": 1,
          "left": 2
        }
      ],
      "parent": null,
      "ID": 0,
      "left": 1
    },
    "feat": {
      "utility": 1.8459971717067128e-06,
      "query_shape": [
        [
          "Seq Scan",
          "Hash Join",
          "Sort",
          "Aggregate",
          "Gather Merge",
          "Subquery Scan",
          "Append"
        ],
        [
          "Seq Scan",
          "Hash",
          "Hash Join",
          "Sort",
          "Aggregate",
          "Gather Merge",
          "Subquery Scan",
          "Append"
        ],
        [
          "Seq Scan",
          "Hash",
          "Hash Join",
          "Sort",
          "Aggregate",
          "Gather Merge",
          "Subquery Scan",
          "Append"
        ],
        [
          "Seq Scan",
          "Hash",
          "Hash Join",
          "Sort",
          "Aggregate",
          "Gather Merge",
          "Subquery Scan",
          "Append"
        ],
        [
          "Seq Scan",
          "Hash",
          "Hash Join",
          "Sort",
          "Aggregate",
          "Gather Merge",
          "Subquery Scan",
          "Append"
        ],
        [
          "Seq Scan",
          "Hash",
          "Hash Join",
          "Sort",
          "Aggregate",
          "Gather Merge",
          "Subquery Scan",
          "Append"
        ],
        [
          "Seq Scan",
          "Hash Join",
          "Sort",
          "Aggregate",
          "Gather Merge",
          "Subquery Scan",
          "Append"
        ],
        [
          "Seq Scan",
          "Hash",
          "Hash Join",
          "Sort",
          "Aggregate",
          "Gather Merge",
          "Subquery Scan",
          "Append"
        ],
        [
          "Seq Scan",
          "Hash",
          "Hash Join",
          "Sort",
          "Aggregate",
          "Gather Merge",
          "Subquery Scan",
          "Append"
        ],
        [
          "Seq Scan",
          "Hash",
          "Hash Join",
          "Sort",
          "Aggregate",
          "Gather Merge",
          "Subquery Scan",
          "Append"
        ],
        [
          "Seq Scan",
          "Hash",
          "Hash Join",
          "Sort",
          "Aggregate",
          "Gather Merge",
          "Subquery Scan",
          "Append"
        ],
        [
          "Seq Scan",
          "Hash",
          "Hash Join",
          "Sort",
          "Aggregate",
          "Gather Merge",
          "Subquery Scan",
          "Append"
        ],
        [
          "Seq Scan",
          "Hash Join",
          "Sort",
          "Aggregate",
          "Gather Merge",
          "Subquery Scan",
          "Append"
        ],
        [
          "Seq Scan",
          "Hash",
          "Hash Join",
          "Sort",
          "Aggregate",
          "Gather Merge",
          "Subquery Scan",
          "Append"
        ],
        [
          "Seq Scan",
          "Hash",
          "Hash Join",
          "Sort",
          "Aggregate",
          "Gather Merge",
          "Subquery Scan",
          "Append"
        ],
        [
          "Seq Scan",
          "Hash",
          "Hash Join",
          "Sort",
          "Aggregate",
          "Gather Merge",
          "Subquery Scan",
          "Append"
        ],
        [
          "Seq Scan",
          "Hash",
          "Hash Join",
          "Sort",
          "Aggregate",
          "Gather Merge",
          "Subquery Scan",
          "Append"
        ],
        [
          "Seq Scan",
          "Hash",
          "Hash Join",
          "Sort",
          "Aggregate",
          "Gather Merge",
          "Subquery Scan",
          "Append"
        ]
      ],
      "index_shape": [
        "join"
      ],
      "physical_operator": {
        "Hash Join": [
          0.1543033499620919
        ]
      }
    }
  },
  {
    "query": "with ssr as\n (select  s_store_id as store_id,\n          sum(ss_ext_sales_price) as sales,\n          sum(coalesce(sr_return_amt, 0)) as returns,\n          sum(ss_net_profit - coalesce(sr_net_loss, 0)) as profit\n  from store_sales left outer join store_returns on\n         (ss_item_sk = sr_item_sk and ss_ticket_number = sr_ticket_number),\n     date_dim,\n     store,\n     item,\n     promotion\n where ss_sold_date_sk = d_date_sk\n       and d_date between cast('1998-08-19' as date) \n                  and (cast('1998-08-19' as date) +  interval '30 days')\n       and ss_store_sk = s_store_sk\n       and ss_item_sk = i_item_sk\n       and i_current_price > 50\n       and ss_promo_sk = p_promo_sk\n       and p_channel_tv = 'N'\n group by s_store_id)\n ,\n csr as\n (select  cp_catalog_page_id as catalog_page_id,\n          sum(cs_ext_sales_price) as sales,\n          sum(coalesce(cr_return_amount, 0)) as returns,\n          sum(cs_net_profit - coalesce(cr_net_loss, 0)) as profit\n  from catalog_sales left outer join catalog_returns on\n         (cs_item_sk = cr_item_sk and cs_order_number = cr_order_number),\n     date_dim,\n     catalog_page,\n     item,\n     promotion\n where cs_sold_date_sk = d_date_sk\n       and d_date between cast('1998-08-19' as date)\n                  and (cast('1998-08-19' as date) +  interval '30 days')\n        and cs_catalog_page_sk = cp_catalog_page_sk\n       and cs_item_sk = i_item_sk\n       and i_current_price > 50\n       and cs_promo_sk = p_promo_sk\n       and p_channel_tv = 'N'\ngroup by cp_catalog_page_id)\n ,\n wsr as\n (select  web_site_id,\n          sum(ws_ext_sales_price) as sales,\n          sum(coalesce(wr_return_amt, 0)) as returns,\n          sum(ws_net_profit - coalesce(wr_net_loss, 0)) as profit\n  from web_sales left outer join web_returns on\n         (ws_item_sk = wr_item_sk and ws_order_number = wr_order_number),\n     date_dim,\n     web_site,\n     item,\n     promotion\n where ws_sold_date_sk = d_date_sk\n       and d_date between cast('1998-08-19' as date)\n                  and (cast('1998-08-19' as date) +  interval '30 days')\n        and ws_web_site_sk = web_site_sk\n       and ws_item_sk = i_item_sk\n       and i_current_price > 50\n       and ws_promo_sk = p_promo_sk\n       and p_channel_tv = 'N'\ngroup by web_site_id)\n  select  channel\n        , id\n        , sum(sales) as sales\n        , sum(returns) as returns\n        , sum(profit) as profit\n from \n (select 'store channel' as channel\n        , 'store' || store_id as id\n        , sales\n        , returns\n        , profit\n from   ssr\n union all\n select 'catalog channel' as channel\n        , 'catalog_page' || catalog_page_id as id\n        , sales\n        , returns\n        , profit\n from  csr\n union all\n select 'web channel' as channel\n        , 'web_site' || web_site_id as id\n        , sales\n        , returns\n        , profit\n from   wsr\n ) x\n group by rollup (channel, id)\n order by channel\n         ,id\n limit 100;\n\n-- end query 61 in stream 0 using template query80.tpl\n",
    "indexes": "web_site.web_site_id",
    "wo plan est": {
      "Node Type": "Limit",
      "Parallel Aware": false,
      "Async Capable": false,
      "Startup Cost": 1566782.76,
      "Total Cost": 1566786.01,
      "Plan Rows": 100,
      "Plan Width": 160,
      "Plans": [
        {
          "Node Type": "Aggregate",
          "Strategy": "Sorted",
          "Partial Mode": "Simple",
          "Parent Relationship": "Outer",
          "Parallel Aware": false,
          "Async Capable": false,
          "Startup Cost": 1566782.76,
          "Total Cost": 1566795.8,
          "Plan Rows": 401,
          "Plan Width": 160,
          "Grouping Sets": [
            {
              "Group Keys": [
                [
                  "('store channel'::text)",
                  "(('store'::text || (ssr.store_id)::text))"
                ],
                [
                  "('store channel'::text)"
                ],
                []
              ]
            }
          ],
          "Plans": [
            {
              "Node Type": "Sort",
              "Parent Relationship": "Outer",
              "Parallel Aware": false,
              "Async Capable": false,
              "Startup Cost": 1566782.76,
              "Total Cost": 1566783.77,
              "Plan Rows": 401,
              "Plan Width": 160,
              "Sort Key": [
                "('store channel'::text)",
                "(('store'::text || (ssr.store_id)::text))"
              ],
              "Plans": [
                {
                  "Node Type": "Append",
                  "Parent Relationship": "Outer",
                  "Parallel Aware": false,
                  "Async Capable": false,
                  "Startup Cost": 784591.9,
                  "Total Cost": 1566765.43,
                  "Plan Rows": 401,
                  "Plan Width": 160,
                  "Subplans Removed": 0,
                  "Plans": [
                    {
                      "Node Type": "Subquery Scan",
                      "Parent Relationship": "Member",
                      "Parallel Aware": false,
                      "Async Capable": false,
                      "Alias": "ssr",
                      "Startup Cost": 784591.9,
                      "Total Cost": 784611.64,
                      "Plan Rows": 51,
                      "Plan Width": 160,
                      "Plans": [
                        {
                          "Node Type": "Aggregate",
                          "Strategy": "Sorted",
                          "Partial Mode": "Finalize",
                          "Parent Relationship": "Subquery",
                          "Parallel Aware": false,
                          "Async Capable": false,
                          "Startup Cost": 784591.9,
                          "Total Cost": 784610.87,
                          "Plan Rows": 51,
                          "Plan Width": 113,
                          "Group Key": [
                            "store.s_store_id"
                          ],
                          "Plans": [
                            {
                              "Node Type": "Gather Merge",
                              "Parent Relationship": "Outer",
                              "Parallel Aware": false,
                              "Async Capable": false,
                              "Startup Cost": 784591.9,
                              "Total Cost": 784608.2,
                              "Plan Rows": 102,
                              "Plan Width": 113,
                              "Workers Planned": 2,
                              "Plans": [
                                {
                                  "Node Type": "Aggregate",
                                  "Strategy": "Sorted",
                                  "Partial Mode": "Partial",
                                  "Parent Relationship": "Outer",
                                  "Parallel Aware": false,
                                  "Async Capable": false,
                                  "Startup Cost": 783591.88,
                                  "Total Cost": 783596.4,
                                  "Plan Rows": 51,
                                  "Plan Width": 113,
                                  "Group Key": [
                                    "store.s_store_id"
                                  ],
                                  "Plans": [
                                    {
                                      "Node Type": "Sort",
                                      "Parent Relationship": "Outer",
                                      "Parallel Aware": false,
                                      "Async Capable": false,
                                      "Startup Cost": 783591.88,
                                      "Total Cost": 783592.48,
                                      "Plan Rows": 242,
                                      "Plan Width": 41,
                                      "Sort Key": [
                                        "store.s_store_id"
                                      ],
                                      "Plans": [
                                        {
                                          "Node Type": "Hash Join",
                                          "Parent Relationship": "Outer",
                                          "Parallel Aware": false,
                                          "Async Capable": false,
                                          "Join Type": "Inner",
                                          "Startup Cost": 94489.35,
                                          "Total Cost": 783582.3,
                                          "Plan Rows": 242,
                                          "Plan Width": 41,
                                          "Inner Unique": false,
                                          "Hash Cond": "(store_sales.ss_store_sk = store.s_store_sk)",
                                          "Plans": [
                                            {
                                              "Node Type": "Hash Join",
                                              "Parent Relationship": "Outer",
                                              "Parallel Aware": false,
                                              "Async Capable": false,
                                              "Join Type": "Inner",
                                              "Startup Cost": 94482.05,
                                              "Total Cost": 783571.63,
                                              "Plan Rows": 254,
                                              "Plan Width": 28,
                                              "Inner Unique": false,
                                              "Hash Cond": "(store_sales.ss_promo_sk = promotion.p_promo_sk)",
                                              "Plans": [
                                                {
                                                  "Node Type": "Hash Join",
                                                  "Parent Relationship": "Outer",
                                                  "Parallel Aware": true,
                                                  "Async Capable": false,
                                                  "Join Type": "Inner",
                                                  "Startup Cost": 94456.65,
                                                  "Total Cost": 783542.68,
                                                  "Plan Rows": 270,
                                                  "Plan Width": 32,
                                                  "Inner Unique": false,
                                                  "Hash Cond": "(store_sales.ss_item_sk = item.i_item_sk)",
                                                  "Plans": [
                                                    {
                                                      "Node Type": "Hash Join",
                                                      "Parent Relationship": "Outer",
                                                      "Parallel Aware": true,
                                                      "Async Capable": false,
                                                      "Join Type": "Left",
                                                      "Startup Cost": 86930.88,
                                                      "Total Cost": 775998.13,
                                                      "Plan Rows": 4703,
                                                      "Plan Width": 36,
                                                      "Inner Unique": false,
                                                      "Hash Cond": "((store_sales.ss_item_sk = store_returns.sr_item_sk) AND (store_sales.ss_ticket_number = store_returns.sr_ticket_number))",
                                                      "Plans": [
                                                        {
                                                          "Node Type": "Hash Join",
                                                          "Parent Relationship": "Outer",
                                                          "Parallel Aware": true,
                                                          "Async Capable": false,
                                                          "Join Type": "Inner",
                                                          "Startup Cost": 2049.78,
                                                          "Total Cost": 683994.75,
                                                          "Plan Rows": 4703,
                                                          "Plan Width": 28,
                                                          "Inner Unique": false,
                                                          "Hash Cond": "(store_sales.ss_sold_date_sk = date_dim.d_date_sk)",
                                                          "Plans": [
                                                            {
                                                              "Node Type": "Seq Scan",
                                                              "Parent Relationship": "Outer",
                                                              "Parallel Aware": true,
                                                              "Async Capable": false,
                                                              "Relation Name": "store_sales",
                                                              "Alias": "store_sales",
                                                              "Startup Cost": 0.0,
                                                              "Total Cost": 636914.37,
                                                              "Plan Rows": 12000637,
                                                              "Plan Width": 32,
                                                              "parent": 13,
                                                              "ID": 14
                                                            },
                                                            {
                                                              "Node Type": "Hash",
                                                              "Parent Relationship": "Inner",
                                                              "Parallel Aware": true,
                                                              "Async Capable": false,
                                                              "Startup Cost": 2049.55,
                                                              "Total Cost": 2049.55,
                                                              "Plan Rows": 18,
                                                              "Plan Width": 4,
                                                              "Plans": [
                                                                {
                                                                  "Node Type": "Seq Scan",
                                                                  "Parent Relationship": "Outer",
                                                                  "Parallel Aware": true,
                                                                  "Async Capable": false,
                                                                  "Relation Name": "date_dim",
                                                                  "Alias": "date_dim",
                                                                  "Startup Cost": 0.0,
                                                                  "Total Cost": 2049.55,
                                                                  "Plan Rows": 18,
                                                                  "Plan Width": 4,
                                                                  "Filter": "((d_date >= '1998-08-19'::date) AND (d_date <= '1998-09-18 00:00:00'::timestamp without time zone))",
                                                                  "parent": 15,
                                                                  "ID": 16
                                                                }
                                                              ],
                                                              "parent": 13,
                                                              "ID": 15,
                                                              "left": 16
                                                            }
                                                          ],
                                                          "parent": 12,
                                                          "ID": 13,
                                                          "left": 14,
                                                          "right": 15
                                                        },
                                                        {
                                                          "Node Type": "Hash",
                                                          "Parent Relationship": "Inner",
                                                          "Parallel Aware": true,
                                                          "Async Capable": false,
                                                          "Startup Cost": 59887.64,
                                                          "Total Cost": 59887.64,
                                                          "Plan Rows": 1198164,
                                                          "Plan Width": 20,
                                                          "Plans": [
                                                            {
                                                              "Node Type": "Seq Scan",
                                                              "Parent Relationship": "Outer",
                                                              "Parallel Aware": true,
                                                              "Async Capable": false,
                                                              "Relation Name": "store_returns",
                                                              "Alias": "store_returns",
                                                              "Startup Cost": 0.0,
                                                              "Total Cost": 59887.64,
                                                              "Plan Rows": 1198164,
                                                              "Plan Width": 20,
                                                              "parent": 17,
                                                              "ID": 18
                                                            }
                                                          ],
                                                          "parent": 12,
                                                          "ID": 17,
                                                          "left": 18
                                                        }
                                                      ],
                                                      "parent": 11,
                                                      "ID": 12,
                                                      "left": 13,
                                                      "right": 17
                                                    },
                                                    {
                                                      "Node Type": "Hash",
                                                      "Parent Relationship": "Inner",
                                                      "Parallel Aware": true,
                                                      "Async Capable": false,
                                                      "Startup Cost": 7495.25,
                                                      "Total Cost": 7495.25,
                                                      "Plan Rows": 2442,
                                                      "Plan Width": 4,
                                                      "Plans": [
                                                        {
                                                          "Node Type": "Seq Scan",
                                                          "Parent Relationship": "Outer",
                                                          "Parallel Aware": true,
                                                          "Async Capable": false,
                                                          "Relation Name": "item",
                                                          "Alias": "item",
                                                          "Startup Cost": 0.0,
                                                          "Total Cost": 7495.25,
                                                          "Plan Rows": 2442,
                                                          "Plan Width": 4,
                                                          "Filter": "(i_current_price > '50'::numeric)",
                                                          "parent": 19,
                                                          "ID": 20
                                                        }
                                                      ],
                                                      "parent": 11,
                                                      "ID": 19,
                                                      "left": 20
                                                    }
                                                  ],
                                                  "parent": 10,
                                                  "ID": 11,
                                                  "left": 12,
                                                  "right": 19
                                                },
                                                {
                                                  "Node Type": "Hash",
                                                  "Parent Relationship": "Inner",
                                                  "Parallel Aware": false,
                                                  "Async Capable": false,
                                                  "Startup Cost": 19.25,
                                                  "Total Cost": 19.25,
                                                  "Plan Rows": 492,
                                                  "Plan Width": 4,
                                                  "Plans": [
                                                    {
                                                      "Node Type": "Seq Scan",
                                                      "Parent Relationship": "Outer",
                                                      "Parallel Aware": false,
                                                      "Async Capable": false,
                                                      "Relation Name": "promotion",
                                                      "Alias": "promotion",
                                                      "Startup Cost": 0.0,
                                                      "Total Cost": 19.25,
                                                      "Plan Rows": 492,
                                                      "Plan Width": 4,
                                                      "Filter": "(p_channel_tv = 'N'::bpchar)",
                                                      "parent": 21,
                                                      "ID": 22
                                                    }
                                                  ],
                                                  "parent": 10,
                                                  "ID": 21,
                                                  "left": 22
                                                }
                                              ],
                                              "parent": 9,
                                              "ID": 10,
                                              "left": 11,
                                              "right": 21
                                            },
                                            {
                                              "Node Type": "Hash",
                                              "Parent Relationship": "Inner",
                                              "Parallel Aware": false,
                                              "Async Capable": false,
                                              "Startup Cost": 6.02,
                                              "Total Cost": 6.02,
                                              "Plan Rows": 102,
                                              "Plan Width": 21,
                                              "Plans": [
                                                {
                                                  "Node Type": "Seq Scan",
                                                  "Parent Relationship": "Outer",
                                                  "Parallel Aware": false,
                                                  "Async Capable": false,
                                                  "Relation Name": "store",
                                                  "Alias": "store",
                                                  "Startup Cost": 0.0,
                                                  "Total Cost": 6.02,
                                                  "Plan Rows": 102,
                                                  "Plan Width": 21,
                                                  "parent": 23,
                                                  "ID": 24
                                                }
                                              ],
                                              "parent": 9,
                                              "ID": 23,
                                              "left": 24
                                            }
                                          ],
                                          "parent": 8,
                                          "ID": 9,
                                          "left": 10,
                                          "right": 23
                                        }
                                      ],
                                      "parent": 7,
                                      "ID": 8,
                                      "left": 9
                                    }
                                  ],
                                  "parent": 6,
                                  "ID": 7,
                                  "left": 8
                                }
                              ],
                              "parent": 5,
                              "ID": 6,
                              "left": 7
                            }
                          ],
                          "parent": 4,
                          "ID": 5,
                          "left": 6
                        }
                      ],
                      "parent": 3,
                      "ID": 4,
                      "left": 5
                    },
                    {
                      "Node Type": "Subquery Scan",
                      "Parent Relationship": "Member",
                      "Parallel Aware": false,
                      "Async Capable": false,
                      "Alias": "csr",
                      "Startup Cost": 518174.1,
                      "Total Cost": 518225.66,
                      "Plan Rows": 329,
                      "Plan Width": 160,
                      "Plans": [
                        {
                          "Node Type": "Aggregate",
                          "Strategy": "Sorted",
                          "Partial Mode": "Finalize",
                          "Parent Relationship": "Subquery",
                          "Parallel Aware": false,
                          "Async Capable": false,
                          "Startup Cost": 518174.1,
                          "Total Cost": 518220.73,
                          "Plan Rows": 329,
                          "Plan Width": 113,
                          "Group Key": [
                            "catalog_page.cp_catalog_page_id"
                          ],
                          "Plans": [
                            {
                              "Node Type": "Gather Merge",
                              "Parent Relationship": "Outer",
                              "Parallel Aware": false,
                              "Async Capable": false,
                              "Startup Cost": 518174.1,
                              "Total Cost": 518210.18,
                              "Plan Rows": 274,
                              "Plan Width": 113,
                              "Workers Planned": 2,
                              "Plans": [
                                {
                                  "Node Type": "Aggregate",
                                  "Strategy": "Sorted",
                                  "Partial Mode": "Partial",
                                  "Parent Relationship": "Outer",
                                  "Parallel Aware": false,
                                  "Async Capable": false,
                                  "Startup Cost": 517174.07,
                                  "Total Cost": 517178.53,
                                  "Plan Rows": 137,
                                  "Plan Width": 113,
                                  "Group Key": [
                                    "catalog_page.cp_catalog_page_id"
                                  ],
                                  "Plans": [
                                    {
                                      "Node Type": "Sort",
                                      "Parent Relationship": "Outer",
                                      "Parallel Aware": false,
                                      "Async Capable": false,
                                      "Startup Cost": 517174.07,
                                      "Total Cost": 517174.42,
                                      "Plan Rows": 137,
                                      "Plan Width": 41,
                                      "Sort Key": [
                                        "catalog_page.cp_catalog_page_id"
                                      ],
                                      "Plans": [
                                        {
                                          "Node Type": "Hash Join",
                                          "Parent Relationship": "Outer",
                                          "Parallel Aware": false,
                                          "Async Capable": false,
                                          "Join Type": "Inner",
                                          "Startup Cost": 57382.33,
                                          "Total Cost": 517169.21,
                                          "Plan Rows": 137,
                                          "Plan Width": 41,
                                          "Inner Unique": false,
                                          "Hash Cond": "(catalog_sales.cs_catalog_page_sk = catalog_page.cp_catalog_page_sk)",
                                          "Plans": [
                                            {
                                              "Node Type": "Hash Join",
                                              "Parent Relationship": "Outer",
                                              "Parallel Aware": false,
                                              "Async Capable": false,
                                              "Join Type": "Inner",
                                              "Startup Cost": 56864.33,
                                              "Total Cost": 516649.32,
                                              "Plan Rows": 138,
                                              "Plan Width": 28,
                                              "Inner Unique": false,
                                              "Hash Cond": "(catalog_sales.cs_promo_sk = promotion_1.p_promo_sk)",
                                              "Plans": [
                                                {
                                                  "Node Type": "Hash Join",
                                                  "Parent Relationship": "Outer",
                                                  "Parallel Aware": true,
                                                  "Async Capable": false,
                                                  "Join Type": "Inner",
                                                  "Startup Cost": 56838.93,
                                                  "Total Cost": 516622.01,
                                                  "Plan Rows": 141,
                                                  "Plan Width": 32,
                                                  "Inner Unique": false,
                                                  "Hash Cond": "(catalog_sales.cs_item_sk = item_1.i_item_sk)",
                                                  "Plans": [
                                                    {
                                                      "Node Type": "Hash Join",
                                                      "Parent Relationship": "Outer",
                                                      "Parallel Aware": true,
                                                      "Async Capable": false,
                                                      "Join Type": "Left",
                                                      "Startup Cost": 49313.15,
                                                      "Total Cost": 509086.46,
                                                      "Plan Rows": 2450,
                                                      "Plan Width": 36,
                                                      "Inner Unique": false,
                                                      "Hash Cond": "((catalog_sales.cs_item_sk = catalog_returns.cr_item_sk) AND (catalog_sales.cs_order_number = catalog_returns.cr_order_number))",
                                                      "Plans": [
                                                        {
                                                          "Node Type": "Hash Join",
                                                          "Parent Relationship": "Outer",
                                                          "Parallel Aware": true,
                                                          "Async Capable": false,
                                                          "Join Type": "Inner",
                                                          "Startup Cost": 2049.78,
                                                          "Total Cost": 458254.7,
                                                          "Plan Rows": 2450,
                                                          "Plan Width": 28,
                                                          "Inner Unique": false,
                                                          "Hash Cond": "(catalog_sales.cs_sold_date_sk = date_dim_1.d_date_sk)",
                                                          "Plans": [
                                                            {
                                                              "Node Type": "Seq Scan",
                                                              "Parent Relationship": "Outer",
                                                              "Parallel Aware": true,
                                                              "Async Capable": false,
                                                              "Relation Name": "catalog_sales",
                                                              "Alias": "catalog_sales",
                                                              "Startup Cost": 0.0,
                                                              "Total Cost": 433688.25,
                                                              "Plan Rows": 6000525,
                                                              "Plan Width": 32,
                                                              "parent": 34,
                                                              "ID": 35
                                                            },
                                                            {
                                                              "Node Type": "Hash",
                                                              "Parent Relationship": "Inner",
                                                              "Parallel Aware": true,
                                                              "Async Capable": false,
                                                              "Startup Cost": 2049.55,
                                                              "Total Cost": 2049.55,
                                                              "Plan Rows": 18,
                                                              "Plan Width": 4,
                                                              "Plans": [
                                                                {
                                                                  "Node Type": "Seq Scan",
                                                                  "Parent Relationship": "Outer",
                                                                  "Parallel Aware": true,
                                                                  "Async Capable": false,
                                                                  "Relation Name": "date_dim",
                                                                  "Alias": "date_dim_1",
                                                                  "Startup Cost": 0.0,
                                                                  "Total Cost": 2049.55,
                                                                  "Plan Rows": 18,
                                                                  "Plan Width": 4,
                                                                  "Filter": "((d_date >= '1998-08-19'::date) AND (d_date <= '1998-09-18 00:00:00'::timestamp without time zone))",
                                                                  "parent": 36,
                                                                  "ID": 37
                                                                }
                                                              ],
                                                              "parent": 34,
                                                              "ID": 36,
                                                              "left": 37
                                                            }
                                                          ],
                                                          "parent": 33,
                                                          "ID": 34,
                                                          "left": 35,
                                                          "right": 36
                                                        },
                                                        {
                                                          "Node Type": "Hash",
                                                          "Parent Relationship": "Inner",
                                                          "Parallel Aware": true,
                                                          "Async Capable": false,
                                                          "Startup Cost": 34748.95,
                                                          "Total Cost": 34748.95,
                                                          "Plan Rows": 599895,
                                                          "Plan Width": 20,
                                                          "Plans": [
                                                            {
                                                              "Node Type": "Seq Scan",
                                                              "Parent Relationship": "Outer",
                                                              "Parallel Aware": true,
                                                              "Async Capable": false,
                                                              "Relation Name": "catalog_returns",
                                                              "Alias": "catalog_returns",
                                                              "Startup Cost": 0.0,
                                                              "Total Cost": 34748.95,
                                                              "Plan Rows": 599895,
                                                              "Plan Width": 20,
                                                              "parent": 38,
                                                              "ID": 39
                                                            }
                                                          ],
                                                          "parent": 33,
                                                          "ID": 38,
                                                          "left": 39
                                                        }
                                                      ],
                                                      "parent": 32,
                                                      "ID": 33,
                                                      "left": 34,
                                                      "right": 38
                                                    },
                                                    {
                                                      "Node Type": "Hash",
                                                      "Parent Relationship": "Inner",
                                                      "Parallel Aware": true,
                                                      "Async Capable": false,
                                                      "Startup Cost": 7495.25,
                                                      "Total Cost": 7495.25,
                                                      "Plan Rows": 2442,
                                                      "Plan Width": 4,
                                                      "Plans": [
                                                        {
                                                          "Node Type": "Seq Scan",
                                                          "Parent Relationship": "Outer",
                                                          "Parallel Aware": true,
                                                          "Async Capable": false,
                                                          "Relation Name": "item",
                                                          "Alias": "item_1",
                                                          "Startup Cost": 0.0,
                                                          "Total Cost": 7495.25,
                                                          "Plan Rows": 2442,
                                                          "Plan Width": 4,
                                                          "Filter": "(i_current_price > '50'::numeric)",
                                                          "parent": 40,
                                                          "ID": 41
                                                        }
                                                      ],
                                                      "parent": 32,
                                                      "ID": 40,
                                                      "left": 41
                                                    }
                                                  ],
                                                  "parent": 31,
                                                  "ID": 32,
                                                  "left": 33,
                                                  "right": 40
                                                },
                                                {
                                                  "Node Type": "Hash",
                                                  "Parent Relationship": "Inner",
                                                  "Parallel Aware": false,
                                                  "Async Capable": false,
                                                  "Startup Cost": 19.25,
                                                  "Total Cost": 19.25,
                                                  "Plan Rows": 492,
                                                  "Plan Width": 4,
                                                  "Plans": [
                                                    {
                                                      "Node Type": "Seq Scan",
                                                      "Parent Relationship": "Outer",
                                                      "Parallel Aware": false,
                                                      "Async Capable": false,
                                                      "Relation Name": "promotion",
                                                      "Alias": "promotion_1",
                                                      "Startup Cost": 0.0,
                                                      "Total Cost": 19.25,
                                                      "Plan Rows": 492,
                                                      "Plan Width": 4,
                                                      "Filter": "(p_channel_tv = 'N'::bpchar)",
                                                      "parent": 42,
                                                      "ID": 43
                                                    }
                                                  ],
                                                  "parent": 31,
                                                  "ID": 42,
                                                  "left": 43
                                                }
                                              ],
                                              "parent": 30,
                                              "ID": 31,
                                              "left": 32,
                                              "right": 42
                                            },
                                            {
                                              "Node Type": "Hash",
                                              "Parent Relationship": "Inner",
                                              "Parallel Aware": false,
                                              "Async Capable": false,
                                              "Startup Cost": 368.0,
                                              "Total Cost": 368.0,
                                              "Plan Rows": 12000,
                                              "Plan Width": 21,
                                              "Plans": [
                                                {
                                                  "Node Type": "Seq Scan",
                                                  "Parent Relationship": "Outer",
                                                  "Parallel Aware": false,
                                                  "Async Capable": false,
                                                  "Relation Name": "catalog_page",
                                                  "Alias": "catalog_page",
                                                  "Startup Cost": 0.0,
                                                  "Total Cost": 368.0,
                                                  "Plan Rows": 12000,
                                                  "Plan Width": 21,
                                                  "parent": 44,
                                                  "ID": 45
                                                }
                                              ],
                                              "parent": 30,
                                              "ID": 44,
                                              "left": 45
                                            }
                                          ],
                                          "parent": 29,
                                          "ID": 30,
                                          "left": 31,
                                          "right": 44
                                        }
                                      ],
                                      "parent": 28,
                                      "ID": 29,
                                      "left": 30
                                    }
                                  ],
                                  "parent": 27,
                                  "ID": 28,
                                  "left": 29
                                }
                              ],
                              "parent": 26,
                              "ID": 27,
                              "left": 28
                            }
                          ],
                          "parent": 25,
                          "ID": 26,
                          "left": 27
                        }
                      ],
                      "parent": 3,
                      "ID": 25,
                      "left": 26
                    },
                    {
                      "Node Type": "Subquery Scan",
                      "Parent Relationship": "Member",
                      "Parallel Aware": false,
                      "Async Capable": false,
                      "Alias": "wsr",
                      "Startup Cost": 263918.43,
                      "Total Cost": 263926.12,
                      "Plan Rows": 21,
                      "Plan Width": 160,
                      "Plans": [
                        {
                          "Node Type": "Aggregate",
                          "Strategy": "Sorted",
                          "Partial Mode": "Finalize",
                          "Parent Relationship": "Subquery",
                          "Parallel Aware": false,
                          "Async Capable": false,
                          "Startup Cost": 263918.43,
                          "Total Cost": 263925.8,
                          "Plan Rows": 21,
                          "Plan Width": 113,
                          "Group Key": [
                            "web_site.web_site_id"
                          ],
                          "Plans": [
                            {
                              "Node Type": "Gather Merge",
                              "Parent Relationship": "Outer",
                              "Parallel Aware": false,
                              "Async Capable": false,
                              "Startup Cost": 263918.43,
                              "Total Cost": 263924.7,
                              "Plan Rows": 42,
                              "Plan Width": 113,
                              "Workers Planned": 2,
                              "Plans": [
                                {
                                  "Node Type": "Aggregate",
                                  "Strategy": "Sorted",
                                  "Partial Mode": "Partial",
                                  "Parent Relationship": "Outer",
                                  "Parallel Aware": false,
                                  "Async Capable": false,
                                  "Startup Cost": 262918.41,
                                  "Total Cost": 262919.83,
                                  "Plan Rows": 21,
                                  "Plan Width": 113,
                                  "Group Key": [
                                    "web_site.web_site_id"
                                  ],
                                  "Plans": [
                                    {
                                      "Node Type": "Sort",
                                      "Parent Relationship": "Outer",
                                      "Parallel Aware": false,
                                      "Async Capable": false,
                                      "Startup Cost": 262918.41,
                                      "Total Cost": 262918.59,
                                      "Plan Rows": 70,
                                      "Plan Width": 41,
                                      "Sort Key": [
                                        "web_site.web_site_id"
                                      ],
                                      "Plans": [
                                        {
                                          "Node Type": "Hash Join",
                                          "Parent Relationship": "Outer",
                                          "Parallel Aware": false,
                                          "Async Capable": false,
                                          "Join Type": "Inner",
                                          "Startup Cost": 32134.74,
                                          "Total Cost": 262916.27,
                                          "Plan Rows": 70,
                                          "Plan Width": 41,
                                          "Inner Unique": false,
                                          "Hash Cond": "(web_sales.ws_web_site_sk = web_site.web_site_sk)",
                                          "Plans": [
                                            {
                                              "Node Type": "Hash Join",
                                              "Parent Relationship": "Outer",
                                              "Parallel Aware": false,
                                              "Async Capable": false,
                                              "Join Type": "Inner",
                                              "Startup Cost": 32130.8,
                                              "Total Cost": 262911.36,
                                              "Plan Rows": 70,
                                              "Plan Width": 28,
                                              "Inner Unique": false,
                                              "Hash Cond": "(web_sales.ws_promo_sk = promotion_2.p_promo_sk)",
                                              "Plans": [
                                                {
                                                  "Node Type": "Hash Join",
                                                  "Parent Relationship": "Outer",
                                                  "Parallel Aware": true,
                                                  "Async Capable": false,
                                                  "Join Type": "Inner",
                                                  "Startup Cost": 32105.4,
                                                  "Total Cost": 262884.99,
                                                  "Plan Rows": 71,
                                                  "Plan Width": 32,
                                                  "Inner Unique": false,
                                                  "Hash Cond": "(web_sales.ws_item_sk = item_2.i_item_sk)",
                                                  "Plans": [
                                                    {
                                                      "Node Type": "Hash Join",
                                                      "Parent Relationship": "Outer",
                                                      "Parallel Aware": true,
                                                      "Async Capable": false,
                                                      "Join Type": "Left",
                                                      "Startup Cost": 24579.62,
                                                      "Total Cost": 255354.31,
                                                      "Plan Rows": 1231,
                                                      "Plan Width": 36,
                                                      "Inner Unique": false,
                                                      "Hash Cond": "((web_sales.ws_item_sk = web_returns.wr_item_sk) AND (web_sales.ws_order_number = web_returns.wr_order_number))",
                                                      "Plans": [
                                                        {
                                                          "Node Type": "Hash Join",
                                                          "Parent Relationship": "Outer",
                                                          "Parallel Aware": true,
                                                          "Async Capable": false,
                                                          "Join Type": "Inner",
                                                          "Startup Cost": 2049.78,
                                                          "Total Cost": 231041.22,
                                                          "Plan Rows": 1231,
                                                          "Plan Width": 28,
                                                          "Inner Unique": false,
                                                          "Hash Cond": "(web_sales.ws_sold_date_sk = date_dim_2.d_date_sk)",
                                                          "Plans": [
                                                            {
                                                              "Node Type": "Seq Scan",
                                                              "Parent Relationship": "Outer",
                                                              "Parallel Aware": true,
                                                              "Async Capable": false,
                                                              "Relation Name": "web_sales",
                                                              "Alias": "web_sales",
                                                              "Startup Cost": 0.0,
                                                              "Total Cost": 217737.86,
                                                              "Plan Rows": 2998986,
                                                              "Plan Width": 32,
                                                              "parent": 55,
                                                              "ID": 56
                                                            },
                                                            {
                                                              "Node Type": "Hash",
                                                              "Parent Relationship": "Inner",
                                                              "Parallel Aware": true,
                                                              "Async Capable": false,
                                                              "Startup Cost": 2049.55,
                                                              "Total Cost": 2049.55,
                                                              "Plan Rows": 18,
                                                              "Plan Width": 4,
                                                              "Plans": [
                                                                {
                                                                  "Node Type": "Seq Scan",
                                                                  "Parent Relationship": "Outer",
                                                                  "Parallel Aware": true,
                                                                  "Async Capable": false,
                                                                  "Relation Name": "date_dim",
                                                                  "Alias": "date_dim_2",
                                                                  "Startup Cost": 0.0,
                                                                  "Total Cost": 2049.55,
                                                                  "Plan Rows": 18,
                                                                  "Plan Width": 4,
                                                                  "Filter": "((d_date >= '1998-08-19'::date) AND (d_date <= '1998-09-18 00:00:00'::timestamp without time zone))",
                                                                  "parent": 57,
                                                                  "ID": 58
                                                                }
                                                              ],
                                                              "parent": 55,
                                                              "ID": 57,
                                                              "left": 58
                                                            }
                                                          ],
                                                          "parent": 54,
                                                          "ID": 55,
                                                          "left": 56,
                                                          "right": 57
                                                        },
                                                        {
                                                          "Node Type": "Hash",
                                                          "Parent Relationship": "Inner",
                                                          "Parallel Aware": true,
                                                          "Async Capable": false,
                                                          "Startup Cost": 16278.74,
                                                          "Total Cost": 16278.74,
                                                          "Plan Rows": 299674,
                                                          "Plan Width": 20,
                                                          "Plans": [
                                                            {
                                                              "Node Type": "Seq Scan",
                                                              "Parent Relationship": "Outer",
                                                              "Parallel Aware": true,
                                                              "Async Capable": false,
                                                              "Relation Name": "web_returns",
                                                              "Alias": "web_returns",
                                                              "Startup Cost": 0.0,
                                                              "Total Cost": 16278.74,
                                                              "Plan Rows": 299674,
                                                              "Plan Width": 20,
                                                              "parent": 59,
                                                              "ID": 60
                                                            }
                                                          ],
                                                          "parent": 54,
                                                          "ID": 59,
                                                          "left": 60
                                                        }
                                                      ],
                                                      "parent": 53,
                                                      "ID": 54,
                                                      "left": 55,
                                                      "right": 59
                                                    },
                                                    {
                                                      "Node Type": "Hash",
                                                      "Parent Relationship": "Inner",
                                                      "Parallel Aware": true,
                                                      "Async Capable": false,
                                                      "Startup Cost": 7495.25,
                                                      "Total Cost": 7495.25,
                                                      "Plan Rows": 2442,
                                                      "Plan Width": 4,
                                                      "Plans": [
                                                        {
                                                          "Node Type": "Seq Scan",
                                                          "Parent Relationship": "Outer",
                                                          "Parallel Aware": true,
                                                          "Async Capable": false,
                                                          "Relation Name": "item",
                                                          "Alias": "item_2",
                                                          "Startup Cost": 0.0,
                                                          "Total Cost": 7495.25,
                                                          "Plan Rows": 2442,
                                                          "Plan Width": 4,
                                                          "Filter": "(i_current_price > '50'::numeric)",
                                                          "parent": 61,
                                                          "ID": 62
                                                        }
                                                      ],
                                                      "parent": 53,
                                                      "ID": 61,
                                                      "left": 62
                                                    }
                                                  ],
                                                  "parent": 52,
                                                  "ID": 53,
                                                  "left": 54,
                                                  "right": 61
                                                },
                                                {
                                                  "Node Type": "Hash",
                                                  "Parent Relationship": "Inner",
                                                  "Parallel Aware": false,
                                                  "Async Capable": false,
                                                  "Startup Cost": 19.25,
                                                  "Total Cost": 19.25,
                                                  "Plan Rows": 492,
                                                  "Plan Width": 4,
                                                  "Plans": [
                                                    {
                                                      "Node Type": "Seq Scan",
                                                      "Parent Relationship": "Outer",
                                                      "Parallel Aware": false,
                                                      "Async Capable": false,
                                                      "Relation Name": "promotion",
                                                      "Alias": "promotion_2",
                                                      "Startup Cost": 0.0,
                                                      "Total Cost": 19.25,
                                                      "Plan Rows": 492,
                                                      "Plan Width": 4,
                                                      "Filter": "(p_channel_tv = 'N'::bpchar)",
                                                      "parent": 63,
                                                      "ID": 64
                                                    }
                                                  ],
                                                  "parent": 52,
                                                  "ID": 63,
                                                  "left": 64
                                                }
                                              ],
                                              "parent": 51,
                                              "ID": 52,
                                              "left": 53,
                                              "right": 63
                                            },
                                            {
                                              "Node Type": "Hash",
                                              "Parent Relationship": "Inner",
                                              "Parallel Aware": false,
                                              "Async Capable": false,
                                              "Startup Cost": 3.42,
                                              "Total Cost": 3.42,
                                              "Plan Rows": 42,
                                              "Plan Width": 21,
                                              "Plans": [
                                                {
                                                  "Node Type": "Seq Scan",
                                                  "Parent Relationship": "Outer",
                                                  "Parallel Aware": false,
                                                  "Async Capable": false,
                                                  "Relation Name": "web_site",
                                                  "Alias": "web_site",
                                                  "Startup Cost": 0.0,
                                                  "Total Cost": 3.42,
                                                  "Plan Rows": 42,
                                                  "Plan Width": 21,
                                                  "parent": 65,
                                                  "ID": 66
                                                }
                                              ],
                                              "parent": 51,
                                              "ID": 65,
                                              "left": 66
                                            }
                                          ],
                                          "parent": 50,
                                          "ID": 51,
                                          "left": 52,
                                          "right": 65
                                        }
                                      ],
                                      "parent": 49,
                                      "ID": 50,
                                      "left": 51
                                    }
                                  ],
                                  "parent": 48,
                                  "ID": 49,
                                  "left": 50
                                }
                              ],
                              "parent": 47,
                              "ID": 48,
                              "left": 49
                            }
                          ],
                          "parent": 46,
                          "ID": 47,
                          "left": 48
                        }
                      ],
                      "parent": 3,
                      "ID": 46,
                      "left": 47
                    }
                  ],
                  "parent": 2,
                  "ID": 3,
                  "left": 4,
                  "right": 25
                }
              ],
              "parent": 1,
              "ID": 2,
              "left": 3
            }
          ],
          "parent": 0,
          "ID": 1,
          "left": 2
        }
      ],
      "parent": null,
      "ID": 0,
      "left": 1
    },
    "feat": {
      "utility": 0.0,
      "query_shape": [
        [
          "Seq Scan",
          "Hash Join",
          "Sort",
          "Aggregate",
          "Gather Merge",
          "Subquery Scan",
          "Append"
        ],
        [
          "Seq Scan",
          "Hash",
          "Hash Join",
          "Sort",
          "Aggregate",
          "Gather Merge",
          "Subquery Scan",
          "Append"
        ],
        [
          "Seq Scan",
          "Hash",
          "Hash Join",
          "Sort",
          "Aggregate",
          "Gather Merge",
          "Subquery Scan",
          "Append"
        ],
        [
          "Seq Scan",
          "Hash",
          "Hash Join",
          "Sort",
          "Aggregate",
          "Gather Merge",
          "Subquery Scan",
          "Append"
        ],
        [
          "Seq Scan",
          "Hash",
          "Hash Join",
          "Sort",
          "Aggregate",
          "Gather Merge",
          "Subquery Scan",
          "Append"
        ],
        [
          "Seq Scan",
          "Hash",
          "Hash Join",
          "Sort",
          "Aggregate",
          "Gather Merge",
          "Subquery Scan",
          "Append"
        ],
        [
          "Seq Scan",
          "Hash Join",
          "Sort",
          "Aggregate",
          "Gather Merge",
          "Subquery Scan",
          "Append"
        ],
        [
          "Seq Scan",
          "Hash",
          "Hash Join",
          "Sort",
          "Aggregate",
          "Gather Merge",
          "Subquery Scan",
          "Append"
        ],
        [
          "Seq Scan",
          "Hash",
          "Hash Join",
          "Sort",
          "Aggregate",
          "Gather Merge",
          "Subquery Scan",
          "Append"
        ],
        [
          "Seq Scan",
          "Hash",
          "Hash Join",
          "Sort",
          "Aggregate",
          "Gather Merge",
          "Subquery Scan",
          "Append"
        ],
        [
          "Seq Scan",
          "Hash",
          "Hash Join",
          "Sort",
          "Aggregate",
          "Gather Merge",
          "Subquery Scan",
          "Append"
        ],
        [
          "Seq Scan",
          "Hash",
          "Hash Join",
          "Sort",
          "Aggregate",
          "Gather Merge",
          "Subquery Scan",
          "Append"
        ],
        [
          "Seq Scan",
          "Hash Join",
          "Sort",
          "Aggregate",
          "Gather Merge",
          "Subquery Scan",
          "Append"
        ],
        [
          "Seq Scan",
          "Hash",
          "Hash Join",
          "Sort",
          "Aggregate",
          "Gather Merge",
          "Subquery Scan",
          "Append"
        ],
        [
          "Seq Scan",
          "Hash",
          "Hash Join",
          "Sort",
          "Aggregate",
          "Gather Merge",
          "Subquery Scan",
          "Append"
        ],
        [
          "Seq Scan",
          "Hash",
          "Hash Join",
          "Sort",
          "Aggregate",
          "Gather Merge",
          "Subquery Scan",
          "Append"
        ],
        [
          "Seq Scan",
          "Hash",
          "Hash Join",
          "Sort",
          "Aggregate",
          "Gather Merge",
          "Subquery Scan",
          "Append"
        ],
        [
          "Seq Scan",
          "Hash",
          "Hash Join",
          "Sort",
          "Aggregate",
          "Gather Merge",
          "Subquery Scan",
          "Append"
        ]
      ],
      "index_shape": [
        "order-by"
      ],
      "physical_operator": {
        "Sort": [
          "[0. 0. 0. 0. 0. 0. 0. 0. 0. 0. 0. 0. 0. 0. 0. 0. 0. 0. 0. 0. 0. 0. 0. 0.\n 0. 0. 0. 0. 0. 0. 0. 0. 0. 0. 0. 0. 0. 0. 0. 0. 0. 0. 0. 0. 0. 0. 0. 0.\n 0. 0. 0.]"
        ],
        "Aggregate": [
          "[0. 0. 0. 0. 0. 0. 0. 0. 0. 0. 0. 0. 0. 0. 0. 0. 0. 0. 0. 0. 0. 0. 0. 0.\n 0. 0. 0. 0. 0. 0. 0. 0. 0. 0. 0. 0. 0. 0. 0. 0. 0. 0. 0. 0. 0. 0. 0. 0.\n 0. 0. 0.]",
          "[0. 0. 0. 0. 0. 0. 0. 0. 0. 0. 0. 0. 0. 0. 0. 0. 0. 0. 0. 0. 0. 0. 0. 0.\n 0. 0. 0. 0. 0. 0. 0. 0. 0. 0. 0. 0. 0. 0. 0. 0. 0. 0. 0. 0. 0. 0. 0. 0.\n 0. 0. 0.]"
        ]
      }
    }
  },
  {
    "query": "with ssr as\n (select  s_store_id as store_id,\n          sum(ss_ext_sales_price) as sales,\n          sum(coalesce(sr_return_amt, 0)) as returns,\n          sum(ss_net_profit - coalesce(sr_net_loss, 0)) as profit\n  from store_sales left outer join store_returns on\n         (ss_item_sk = sr_item_sk and ss_ticket_number = sr_ticket_number),\n     date_dim,\n     store,\n     item,\n     promotion\n where ss_sold_date_sk = d_date_sk\n       and d_date between cast('1998-08-19' as date) \n                  and (cast('1998-08-19' as date) +  interval '30 days')\n       and ss_store_sk = s_store_sk\n       and ss_item_sk = i_item_sk\n       and i_current_price > 50\n       and ss_promo_sk = p_promo_sk\n       and p_channel_tv = 'N'\n group by s_store_id)\n ,\n csr as\n (select  cp_catalog_page_id as catalog_page_id,\n          sum(cs_ext_sales_price) as sales,\n          sum(coalesce(cr_return_amount, 0)) as returns,\n          sum(cs_net_profit - coalesce(cr_net_loss, 0)) as profit\n  from catalog_sales left outer join catalog_returns on\n         (cs_item_sk = cr_item_sk and cs_order_number = cr_order_number),\n     date_dim,\n     catalog_page,\n     item,\n     promotion\n where cs_sold_date_sk = d_date_sk\n       and d_date between cast('1998-08-19' as date)\n                  and (cast('1998-08-19' as date) +  interval '30 days')\n        and cs_catalog_page_sk = cp_catalog_page_sk\n       and cs_item_sk = i_item_sk\n       and i_current_price > 50\n       and cs_promo_sk = p_promo_sk\n       and p_channel_tv = 'N'\ngroup by cp_catalog_page_id)\n ,\n wsr as\n (select  web_site_id,\n          sum(ws_ext_sales_price) as sales,\n          sum(coalesce(wr_return_amt, 0)) as returns,\n          sum(ws_net_profit - coalesce(wr_net_loss, 0)) as profit\n  from web_sales left outer join web_returns on\n         (ws_item_sk = wr_item_sk and ws_order_number = wr_order_number),\n     date_dim,\n     web_site,\n     item,\n     promotion\n where ws_sold_date_sk = d_date_sk\n       and d_date between cast('1998-08-19' as date)\n                  and (cast('1998-08-19' as date) +  interval '30 days')\n        and ws_web_site_sk = web_site_sk\n       and ws_item_sk = i_item_sk\n       and i_current_price > 50\n       and ws_promo_sk = p_promo_sk\n       and p_channel_tv = 'N'\ngroup by web_site_id)\n  select  channel\n        , id\n        , sum(sales) as sales\n        , sum(returns) as returns\n        , sum(profit) as profit\n from \n (select 'store channel' as channel\n        , 'store' || store_id as id\n        , sales\n        , returns\n        , profit\n from   ssr\n union all\n select 'catalog channel' as channel\n        , 'catalog_page' || catalog_page_id as id\n        , sales\n        , returns\n        , profit\n from  csr\n union all\n select 'web channel' as channel\n        , 'web_site' || web_site_id as id\n        , sales\n        , returns\n        , profit\n from   wsr\n ) x\n group by rollup (channel, id)\n order by channel\n         ,id\n limit 100;\n\n-- end query 61 in stream 0 using template query80.tpl\n",
    "indexes": "catalog_page.cp_catalog_page_sk",
    "wo plan est": {
      "Node Type": "Limit",
      "Parallel Aware": false,
      "Async Capable": false,
      "Startup Cost": 1566782.76,
      "Total Cost": 1566786.01,
      "Plan Rows": 100,
      "Plan Width": 160,
      "Plans": [
        {
          "Node Type": "Aggregate",
          "Strategy": "Sorted",
          "Partial Mode": "Simple",
          "Parent Relationship": "Outer",
          "Parallel Aware": false,
          "Async Capable": false,
          "Startup Cost": 1566782.76,
          "Total Cost": 1566795.8,
          "Plan Rows": 401,
          "Plan Width": 160,
          "Grouping Sets": [
            {
              "Group Keys": [
                [
                  "('store channel'::text)",
                  "(('store'::text || (ssr.store_id)::text))"
                ],
                [
                  "('store channel'::text)"
                ],
                []
              ]
            }
          ],
          "Plans": [
            {
              "Node Type": "Sort",
              "Parent Relationship": "Outer",
              "Parallel Aware": false,
              "Async Capable": false,
              "Startup Cost": 1566782.76,
              "Total Cost": 1566783.77,
              "Plan Rows": 401,
              "Plan Width": 160,
              "Sort Key": [
                "('store channel'::text)",
                "(('store'::text || (ssr.store_id)::text))"
              ],
              "Plans": [
                {
                  "Node Type": "Append",
                  "Parent Relationship": "Outer",
                  "Parallel Aware": false,
                  "Async Capable": false,
                  "Startup Cost": 784591.9,
                  "Total Cost": 1566765.43,
                  "Plan Rows": 401,
                  "Plan Width": 160,
                  "Subplans Removed": 0,
                  "Plans": [
                    {
                      "Node Type": "Subquery Scan",
                      "Parent Relationship": "Member",
                      "Parallel Aware": false,
                      "Async Capable": false,
                      "Alias": "ssr",
                      "Startup Cost": 784591.9,
                      "Total Cost": 784611.64,
                      "Plan Rows": 51,
                      "Plan Width": 160,
                      "Plans": [
                        {
                          "Node Type": "Aggregate",
                          "Strategy": "Sorted",
                          "Partial Mode": "Finalize",
                          "Parent Relationship": "Subquery",
                          "Parallel Aware": false,
                          "Async Capable": false,
                          "Startup Cost": 784591.9,
                          "Total Cost": 784610.87,
                          "Plan Rows": 51,
                          "Plan Width": 113,
                          "Group Key": [
                            "store.s_store_id"
                          ],
                          "Plans": [
                            {
                              "Node Type": "Gather Merge",
                              "Parent Relationship": "Outer",
                              "Parallel Aware": false,
                              "Async Capable": false,
                              "Startup Cost": 784591.9,
                              "Total Cost": 784608.2,
                              "Plan Rows": 102,
                              "Plan Width": 113,
                              "Workers Planned": 2,
                              "Plans": [
                                {
                                  "Node Type": "Aggregate",
                                  "Strategy": "Sorted",
                                  "Partial Mode": "Partial",
                                  "Parent Relationship": "Outer",
                                  "Parallel Aware": false,
                                  "Async Capable": false,
                                  "Startup Cost": 783591.88,
                                  "Total Cost": 783596.4,
                                  "Plan Rows": 51,
                                  "Plan Width": 113,
                                  "Group Key": [
                                    "store.s_store_id"
                                  ],
                                  "Plans": [
                                    {
                                      "Node Type": "Sort",
                                      "Parent Relationship": "Outer",
                                      "Parallel Aware": false,
                                      "Async Capable": false,
                                      "Startup Cost": 783591.88,
                                      "Total Cost": 783592.48,
                                      "Plan Rows": 242,
                                      "Plan Width": 41,
                                      "Sort Key": [
                                        "store.s_store_id"
                                      ],
                                      "Plans": [
                                        {
                                          "Node Type": "Hash Join",
                                          "Parent Relationship": "Outer",
                                          "Parallel Aware": false,
                                          "Async Capable": false,
                                          "Join Type": "Inner",
                                          "Startup Cost": 94489.35,
                                          "Total Cost": 783582.3,
                                          "Plan Rows": 242,
                                          "Plan Width": 41,
                                          "Inner Unique": false,
                                          "Hash Cond": "(store_sales.ss_store_sk = store.s_store_sk)",
                                          "Plans": [
                                            {
                                              "Node Type": "Hash Join",
                                              "Parent Relationship": "Outer",
                                              "Parallel Aware": false,
                                              "Async Capable": false,
                                              "Join Type": "Inner",
                                              "Startup Cost": 94482.05,
                                              "Total Cost": 783571.63,
                                              "Plan Rows": 254,
                                              "Plan Width": 28,
                                              "Inner Unique": false,
                                              "Hash Cond": "(store_sales.ss_promo_sk = promotion.p_promo_sk)",
                                              "Plans": [
                                                {
                                                  "Node Type": "Hash Join",
                                                  "Parent Relationship": "Outer",
                                                  "Parallel Aware": true,
                                                  "Async Capable": false,
                                                  "Join Type": "Inner",
                                                  "Startup Cost": 94456.65,
                                                  "Total Cost": 783542.68,
                                                  "Plan Rows": 270,
                                                  "Plan Width": 32,
                                                  "Inner Unique": false,
                                                  "Hash Cond": "(store_sales.ss_item_sk = item.i_item_sk)",
                                                  "Plans": [
                                                    {
                                                      "Node Type": "Hash Join",
                                                      "Parent Relationship": "Outer",
                                                      "Parallel Aware": true,
                                                      "Async Capable": false,
                                                      "Join Type": "Left",
                                                      "Startup Cost": 86930.88,
                                                      "Total Cost": 775998.13,
                                                      "Plan Rows": 4703,
                                                      "Plan Width": 36,
                                                      "Inner Unique": false,
                                                      "Hash Cond": "((store_sales.ss_item_sk = store_returns.sr_item_sk) AND (store_sales.ss_ticket_number = store_returns.sr_ticket_number))",
                                                      "Plans": [
                                                        {
                                                          "Node Type": "Hash Join",
                                                          "Parent Relationship": "Outer",
                                                          "Parallel Aware": true,
                                                          "Async Capable": false,
                                                          "Join Type": "Inner",
                                                          "Startup Cost": 2049.78,
                                                          "Total Cost": 683994.75,
                                                          "Plan Rows": 4703,
                                                          "Plan Width": 28,
                                                          "Inner Unique": false,
                                                          "Hash Cond": "(store_sales.ss_sold_date_sk = date_dim.d_date_sk)",
                                                          "Plans": [
                                                            {
                                                              "Node Type": "Seq Scan",
                                                              "Parent Relationship": "Outer",
                                                              "Parallel Aware": true,
                                                              "Async Capable": false,
                                                              "Relation Name": "store_sales",
                                                              "Alias": "store_sales",
                                                              "Startup Cost": 0.0,
                                                              "Total Cost": 636914.37,
                                                              "Plan Rows": 12000637,
                                                              "Plan Width": 32,
                                                              "parent": 13,
                                                              "ID": 14
                                                            },
                                                            {
                                                              "Node Type": "Hash",
                                                              "Parent Relationship": "Inner",
                                                              "Parallel Aware": true,
                                                              "Async Capable": false,
                                                              "Startup Cost": 2049.55,
                                                              "Total Cost": 2049.55,
                                                              "Plan Rows": 18,
                                                              "Plan Width": 4,
                                                              "Plans": [
                                                                {
                                                                  "Node Type": "Seq Scan",
                                                                  "Parent Relationship": "Outer",
                                                                  "Parallel Aware": true,
                                                                  "Async Capable": false,
                                                                  "Relation Name": "date_dim",
                                                                  "Alias": "date_dim",
                                                                  "Startup Cost": 0.0,
                                                                  "Total Cost": 2049.55,
                                                                  "Plan Rows": 18,
                                                                  "Plan Width": 4,
                                                                  "Filter": "((d_date >= '1998-08-19'::date) AND (d_date <= '1998-09-18 00:00:00'::timestamp without time zone))",
                                                                  "parent": 15,
                                                                  "ID": 16
                                                                }
                                                              ],
                                                              "parent": 13,
                                                              "ID": 15,
                                                              "left": 16
                                                            }
                                                          ],
                                                          "parent": 12,
                                                          "ID": 13,
                                                          "left": 14,
                                                          "right": 15
                                                        },
                                                        {
                                                          "Node Type": "Hash",
                                                          "Parent Relationship": "Inner",
                                                          "Parallel Aware": true,
                                                          "Async Capable": false,
                                                          "Startup Cost": 59887.64,
                                                          "Total Cost": 59887.64,
                                                          "Plan Rows": 1198164,
                                                          "Plan Width": 20,
                                                          "Plans": [
                                                            {
                                                              "Node Type": "Seq Scan",
                                                              "Parent Relationship": "Outer",
                                                              "Parallel Aware": true,
                                                              "Async Capable": false,
                                                              "Relation Name": "store_returns",
                                                              "Alias": "store_returns",
                                                              "Startup Cost": 0.0,
                                                              "Total Cost": 59887.64,
                                                              "Plan Rows": 1198164,
                                                              "Plan Width": 20,
                                                              "parent": 17,
                                                              "ID": 18
                                                            }
                                                          ],
                                                          "parent": 12,
                                                          "ID": 17,
                                                          "left": 18
                                                        }
                                                      ],
                                                      "parent": 11,
                                                      "ID": 12,
                                                      "left": 13,
                                                      "right": 17
                                                    },
                                                    {
                                                      "Node Type": "Hash",
                                                      "Parent Relationship": "Inner",
                                                      "Parallel Aware": true,
                                                      "Async Capable": false,
                                                      "Startup Cost": 7495.25,
                                                      "Total Cost": 7495.25,
                                                      "Plan Rows": 2442,
                                                      "Plan Width": 4,
                                                      "Plans": [
                                                        {
                                                          "Node Type": "Seq Scan",
                                                          "Parent Relationship": "Outer",
                                                          "Parallel Aware": true,
                                                          "Async Capable": false,
                                                          "Relation Name": "item",
                                                          "Alias": "item",
                                                          "Startup Cost": 0.0,
                                                          "Total Cost": 7495.25,
                                                          "Plan Rows": 2442,
                                                          "Plan Width": 4,
                                                          "Filter": "(i_current_price > '50'::numeric)",
                                                          "parent": 19,
                                                          "ID": 20
                                                        }
                                                      ],
                                                      "parent": 11,
                                                      "ID": 19,
                                                      "left": 20
                                                    }
                                                  ],
                                                  "parent": 10,
                                                  "ID": 11,
                                                  "left": 12,
                                                  "right": 19
                                                },
                                                {
                                                  "Node Type": "Hash",
                                                  "Parent Relationship": "Inner",
                                                  "Parallel Aware": false,
                                                  "Async Capable": false,
                                                  "Startup Cost": 19.25,
                                                  "Total Cost": 19.25,
                                                  "Plan Rows": 492,
                                                  "Plan Width": 4,
                                                  "Plans": [
                                                    {
                                                      "Node Type": "Seq Scan",
                                                      "Parent Relationship": "Outer",
                                                      "Parallel Aware": false,
                                                      "Async Capable": false,
                                                      "Relation Name": "promotion",
                                                      "Alias": "promotion",
                                                      "Startup Cost": 0.0,
                                                      "Total Cost": 19.25,
                                                      "Plan Rows": 492,
                                                      "Plan Width": 4,
                                                      "Filter": "(p_channel_tv = 'N'::bpchar)",
                                                      "parent": 21,
                                                      "ID": 22
                                                    }
                                                  ],
                                                  "parent": 10,
                                                  "ID": 21,
                                                  "left": 22
                                                }
                                              ],
                                              "parent": 9,
                                              "ID": 10,
                                              "left": 11,
                                              "right": 21
                                            },
                                            {
                                              "Node Type": "Hash",
                                              "Parent Relationship": "Inner",
                                              "Parallel Aware": false,
                                              "Async Capable": false,
                                              "Startup Cost": 6.02,
                                              "Total Cost": 6.02,
                                              "Plan Rows": 102,
                                              "Plan Width": 21,
                                              "Plans": [
                                                {
                                                  "Node Type": "Seq Scan",
                                                  "Parent Relationship": "Outer",
                                                  "Parallel Aware": false,
                                                  "Async Capable": false,
                                                  "Relation Name": "store",
                                                  "Alias": "store",
                                                  "Startup Cost": 0.0,
                                                  "Total Cost": 6.02,
                                                  "Plan Rows": 102,
                                                  "Plan Width": 21,
                                                  "parent": 23,
                                                  "ID": 24
                                                }
                                              ],
                                              "parent": 9,
                                              "ID": 23,
                                              "left": 24
                                            }
                                          ],
                                          "parent": 8,
                                          "ID": 9,
                                          "left": 10,
                                          "right": 23
                                        }
                                      ],
                                      "parent": 7,
                                      "ID": 8,
                                      "left": 9
                                    }
                                  ],
                                  "parent": 6,
                                  "ID": 7,
                                  "left": 8
                                }
                              ],
                              "parent": 5,
                              "ID": 6,
                              "left": 7
                            }
                          ],
                          "parent": 4,
                          "ID": 5,
                          "left": 6
                        }
                      ],
                      "parent": 3,
                      "ID": 4,
                      "left": 5
                    },
                    {
                      "Node Type": "Subquery Scan",
                      "Parent Relationship": "Member",
                      "Parallel Aware": false,
                      "Async Capable": false,
                      "Alias": "csr",
                      "Startup Cost": 518174.1,
                      "Total Cost": 518225.66,
                      "Plan Rows": 329,
                      "Plan Width": 160,
                      "Plans": [
                        {
                          "Node Type": "Aggregate",
                          "Strategy": "Sorted",
                          "Partial Mode": "Finalize",
                          "Parent Relationship": "Subquery",
                          "Parallel Aware": false,
                          "Async Capable": false,
                          "Startup Cost": 518174.1,
                          "Total Cost": 518220.73,
                          "Plan Rows": 329,
                          "Plan Width": 113,
                          "Group Key": [
                            "catalog_page.cp_catalog_page_id"
                          ],
                          "Plans": [
                            {
                              "Node Type": "Gather Merge",
                              "Parent Relationship": "Outer",
                              "Parallel Aware": false,
                              "Async Capable": false,
                              "Startup Cost": 518174.1,
                              "Total Cost": 518210.18,
                              "Plan Rows": 274,
                              "Plan Width": 113,
                              "Workers Planned": 2,
                              "Plans": [
                                {
                                  "Node Type": "Aggregate",
                                  "Strategy": "Sorted",
                                  "Partial Mode": "Partial",
                                  "Parent Relationship": "Outer",
                                  "Parallel Aware": false,
                                  "Async Capable": false,
                                  "Startup Cost": 517174.07,
                                  "Total Cost": 517178.53,
                                  "Plan Rows": 137,
                                  "Plan Width": 113,
                                  "Group Key": [
                                    "catalog_page.cp_catalog_page_id"
                                  ],
                                  "Plans": [
                                    {
                                      "Node Type": "Sort",
                                      "Parent Relationship": "Outer",
                                      "Parallel Aware": false,
                                      "Async Capable": false,
                                      "Startup Cost": 517174.07,
                                      "Total Cost": 517174.42,
                                      "Plan Rows": 137,
                                      "Plan Width": 41,
                                      "Sort Key": [
                                        "catalog_page.cp_catalog_page_id"
                                      ],
                                      "Plans": [
                                        {
                                          "Node Type": "Hash Join",
                                          "Parent Relationship": "Outer",
                                          "Parallel Aware": false,
                                          "Async Capable": false,
                                          "Join Type": "Inner",
                                          "Startup Cost": 57382.33,
                                          "Total Cost": 517169.21,
                                          "Plan Rows": 137,
                                          "Plan Width": 41,
                                          "Inner Unique": false,
                                          "Hash Cond": "(catalog_sales.cs_catalog_page_sk = catalog_page.cp_catalog_page_sk)",
                                          "Plans": [
                                            {
                                              "Node Type": "Hash Join",
                                              "Parent Relationship": "Outer",
                                              "Parallel Aware": false,
                                              "Async Capable": false,
                                              "Join Type": "Inner",
                                              "Startup Cost": 56864.33,
                                              "Total Cost": 516649.32,
                                              "Plan Rows": 138,
                                              "Plan Width": 28,
                                              "Inner Unique": false,
                                              "Hash Cond": "(catalog_sales.cs_promo_sk = promotion_1.p_promo_sk)",
                                              "Plans": [
                                                {
                                                  "Node Type": "Hash Join",
                                                  "Parent Relationship": "Outer",
                                                  "Parallel Aware": true,
                                                  "Async Capable": false,
                                                  "Join Type": "Inner",
                                                  "Startup Cost": 56838.93,
                                                  "Total Cost": 516622.01,
                                                  "Plan Rows": 141,
                                                  "Plan Width": 32,
                                                  "Inner Unique": false,
                                                  "Hash Cond": "(catalog_sales.cs_item_sk = item_1.i_item_sk)",
                                                  "Plans": [
                                                    {
                                                      "Node Type": "Hash Join",
                                                      "Parent Relationship": "Outer",
                                                      "Parallel Aware": true,
                                                      "Async Capable": false,
                                                      "Join Type": "Left",
                                                      "Startup Cost": 49313.15,
                                                      "Total Cost": 509086.46,
                                                      "Plan Rows": 2450,
                                                      "Plan Width": 36,
                                                      "Inner Unique": false,
                                                      "Hash Cond": "((catalog_sales.cs_item_sk = catalog_returns.cr_item_sk) AND (catalog_sales.cs_order_number = catalog_returns.cr_order_number))",
                                                      "Plans": [
                                                        {
                                                          "Node Type": "Hash Join",
                                                          "Parent Relationship": "Outer",
                                                          "Parallel Aware": true,
                                                          "Async Capable": false,
                                                          "Join Type": "Inner",
                                                          "Startup Cost": 2049.78,
                                                          "Total Cost": 458254.7,
                                                          "Plan Rows": 2450,
                                                          "Plan Width": 28,
                                                          "Inner Unique": false,
                                                          "Hash Cond": "(catalog_sales.cs_sold_date_sk = date_dim_1.d_date_sk)",
                                                          "Plans": [
                                                            {
                                                              "Node Type": "Seq Scan",
                                                              "Parent Relationship": "Outer",
                                                              "Parallel Aware": true,
                                                              "Async Capable": false,
                                                              "Relation Name": "catalog_sales",
                                                              "Alias": "catalog_sales",
                                                              "Startup Cost": 0.0,
                                                              "Total Cost": 433688.25,
                                                              "Plan Rows": 6000525,
                                                              "Plan Width": 32,
                                                              "parent": 34,
                                                              "ID": 35
                                                            },
                                                            {
                                                              "Node Type": "Hash",
                                                              "Parent Relationship": "Inner",
                                                              "Parallel Aware": true,
                                                              "Async Capable": false,
                                                              "Startup Cost": 2049.55,
                                                              "Total Cost": 2049.55,
                                                              "Plan Rows": 18,
                                                              "Plan Width": 4,
                                                              "Plans": [
                                                                {
                                                                  "Node Type": "Seq Scan",
                                                                  "Parent Relationship": "Outer",
                                                                  "Parallel Aware": true,
                                                                  "Async Capable": false,
                                                                  "Relation Name": "date_dim",
                                                                  "Alias": "date_dim_1",
                                                                  "Startup Cost": 0.0,
                                                                  "Total Cost": 2049.55,
                                                                  "Plan Rows": 18,
                                                                  "Plan Width": 4,
                                                                  "Filter": "((d_date >= '1998-08-19'::date) AND (d_date <= '1998-09-18 00:00:00'::timestamp without time zone))",
                                                                  "parent": 36,
                                                                  "ID": 37
                                                                }
                                                              ],
                                                              "parent": 34,
                                                              "ID": 36,
                                                              "left": 37
                                                            }
                                                          ],
                                                          "parent": 33,
                                                          "ID": 34,
                                                          "left": 35,
                                                          "right": 36
                                                        },
                                                        {
                                                          "Node Type": "Hash",
                                                          "Parent Relationship": "Inner",
                                                          "Parallel Aware": true,
                                                          "Async Capable": false,
                                                          "Startup Cost": 34748.95,
                                                          "Total Cost": 34748.95,
                                                          "Plan Rows": 599895,
                                                          "Plan Width": 20,
                                                          "Plans": [
                                                            {
                                                              "Node Type": "Seq Scan",
                                                              "Parent Relationship": "Outer",
                                                              "Parallel Aware": true,
                                                              "Async Capable": false,
                                                              "Relation Name": "catalog_returns",
                                                              "Alias": "catalog_returns",
                                                              "Startup Cost": 0.0,
                                                              "Total Cost": 34748.95,
                                                              "Plan Rows": 599895,
                                                              "Plan Width": 20,
                                                              "parent": 38,
                                                              "ID": 39
                                                            }
                                                          ],
                                                          "parent": 33,
                                                          "ID": 38,
                                                          "left": 39
                                                        }
                                                      ],
                                                      "parent": 32,
                                                      "ID": 33,
                                                      "left": 34,
                                                      "right": 38
                                                    },
                                                    {
                                                      "Node Type": "Hash",
                                                      "Parent Relationship": "Inner",
                                                      "Parallel Aware": true,
                                                      "Async Capable": false,
                                                      "Startup Cost": 7495.25,
                                                      "Total Cost": 7495.25,
                                                      "Plan Rows": 2442,
                                                      "Plan Width": 4,
                                                      "Plans": [
                                                        {
                                                          "Node Type": "Seq Scan",
                                                          "Parent Relationship": "Outer",
                                                          "Parallel Aware": true,
                                                          "Async Capable": false,
                                                          "Relation Name": "item",
                                                          "Alias": "item_1",
                                                          "Startup Cost": 0.0,
                                                          "Total Cost": 7495.25,
                                                          "Plan Rows": 2442,
                                                          "Plan Width": 4,
                                                          "Filter": "(i_current_price > '50'::numeric)",
                                                          "parent": 40,
                                                          "ID": 41
                                                        }
                                                      ],
                                                      "parent": 32,
                                                      "ID": 40,
                                                      "left": 41
                                                    }
                                                  ],
                                                  "parent": 31,
                                                  "ID": 32,
                                                  "left": 33,
                                                  "right": 40
                                                },
                                                {
                                                  "Node Type": "Hash",
                                                  "Parent Relationship": "Inner",
                                                  "Parallel Aware": false,
                                                  "Async Capable": false,
                                                  "Startup Cost": 19.25,
                                                  "Total Cost": 19.25,
                                                  "Plan Rows": 492,
                                                  "Plan Width": 4,
                                                  "Plans": [
                                                    {
                                                      "Node Type": "Seq Scan",
                                                      "Parent Relationship": "Outer",
                                                      "Parallel Aware": false,
                                                      "Async Capable": false,
                                                      "Relation Name": "promotion",
                                                      "Alias": "promotion_1",
                                                      "Startup Cost": 0.0,
                                                      "Total Cost": 19.25,
                                                      "Plan Rows": 492,
                                                      "Plan Width": 4,
                                                      "Filter": "(p_channel_tv = 'N'::bpchar)",
                                                      "parent": 42,
                                                      "ID": 43
                                                    }
                                                  ],
                                                  "parent": 31,
                                                  "ID": 42,
                                                  "left": 43
                                                }
                                              ],
                                              "parent": 30,
                                              "ID": 31,
                                              "left": 32,
                                              "right": 42
                                            },
                                            {
                                              "Node Type": "Hash",
                                              "Parent Relationship": "Inner",
                                              "Parallel Aware": false,
                                              "Async Capable": false,
                                              "Startup Cost": 368.0,
                                              "Total Cost": 368.0,
                                              "Plan Rows": 12000,
                                              "Plan Width": 21,
                                              "Plans": [
                                                {
                                                  "Node Type": "Seq Scan",
                                                  "Parent Relationship": "Outer",
                                                  "Parallel Aware": false,
                                                  "Async Capable": false,
                                                  "Relation Name": "catalog_page",
                                                  "Alias": "catalog_page",
                                                  "Startup Cost": 0.0,
                                                  "Total Cost": 368.0,
                                                  "Plan Rows": 12000,
                                                  "Plan Width": 21,
                                                  "parent": 44,
                                                  "ID": 45
                                                }
                                              ],
                                              "parent": 30,
                                              "ID": 44,
                                              "left": 45
                                            }
                                          ],
                                          "parent": 29,
                                          "ID": 30,
                                          "left": 31,
                                          "right": 44
                                        }
                                      ],
                                      "parent": 28,
                                      "ID": 29,
                                      "left": 30
                                    }
                                  ],
                                  "parent": 27,
                                  "ID": 28,
                                  "left": 29
                                }
                              ],
                              "parent": 26,
                              "ID": 27,
                              "left": 28
                            }
                          ],
                          "parent": 25,
                          "ID": 26,
                          "left": 27
                        }
                      ],
                      "parent": 3,
                      "ID": 25,
                      "left": 26
                    },
                    {
                      "Node Type": "Subquery Scan",
                      "Parent Relationship": "Member",
                      "Parallel Aware": false,
                      "Async Capable": false,
                      "Alias": "wsr",
                      "Startup Cost": 263918.43,
                      "Total Cost": 263926.12,
                      "Plan Rows": 21,
                      "Plan Width": 160,
                      "Plans": [
                        {
                          "Node Type": "Aggregate",
                          "Strategy": "Sorted",
                          "Partial Mode": "Finalize",
                          "Parent Relationship": "Subquery",
                          "Parallel Aware": false,
                          "Async Capable": false,
                          "Startup Cost": 263918.43,
                          "Total Cost": 263925.8,
                          "Plan Rows": 21,
                          "Plan Width": 113,
                          "Group Key": [
                            "web_site.web_site_id"
                          ],
                          "Plans": [
                            {
                              "Node Type": "Gather Merge",
                              "Parent Relationship": "Outer",
                              "Parallel Aware": false,
                              "Async Capable": false,
                              "Startup Cost": 263918.43,
                              "Total Cost": 263924.7,
                              "Plan Rows": 42,
                              "Plan Width": 113,
                              "Workers Planned": 2,
                              "Plans": [
                                {
                                  "Node Type": "Aggregate",
                                  "Strategy": "Sorted",
                                  "Partial Mode": "Partial",
                                  "Parent Relationship": "Outer",
                                  "Parallel Aware": false,
                                  "Async Capable": false,
                                  "Startup Cost": 262918.41,
                                  "Total Cost": 262919.83,
                                  "Plan Rows": 21,
                                  "Plan Width": 113,
                                  "Group Key": [
                                    "web_site.web_site_id"
                                  ],
                                  "Plans": [
                                    {
                                      "Node Type": "Sort",
                                      "Parent Relationship": "Outer",
                                      "Parallel Aware": false,
                                      "Async Capable": false,
                                      "Startup Cost": 262918.41,
                                      "Total Cost": 262918.59,
                                      "Plan Rows": 70,
                                      "Plan Width": 41,
                                      "Sort Key": [
                                        "web_site.web_site_id"
                                      ],
                                      "Plans": [
                                        {
                                          "Node Type": "Hash Join",
                                          "Parent Relationship": "Outer",
                                          "Parallel Aware": false,
                                          "Async Capable": false,
                                          "Join Type": "Inner",
                                          "Startup Cost": 32134.74,
                                          "Total Cost": 262916.27,
                                          "Plan Rows": 70,
                                          "Plan Width": 41,
                                          "Inner Unique": false,
                                          "Hash Cond": "(web_sales.ws_web_site_sk = web_site.web_site_sk)",
                                          "Plans": [
                                            {
                                              "Node Type": "Hash Join",
                                              "Parent Relationship": "Outer",
                                              "Parallel Aware": false,
                                              "Async Capable": false,
                                              "Join Type": "Inner",
                                              "Startup Cost": 32130.8,
                                              "Total Cost": 262911.36,
                                              "Plan Rows": 70,
                                              "Plan Width": 28,
                                              "Inner Unique": false,
                                              "Hash Cond": "(web_sales.ws_promo_sk = promotion_2.p_promo_sk)",
                                              "Plans": [
                                                {
                                                  "Node Type": "Hash Join",
                                                  "Parent Relationship": "Outer",
                                                  "Parallel Aware": true,
                                                  "Async Capable": false,
                                                  "Join Type": "Inner",
                                                  "Startup Cost": 32105.4,
                                                  "Total Cost": 262884.99,
                                                  "Plan Rows": 71,
                                                  "Plan Width": 32,
                                                  "Inner Unique": false,
                                                  "Hash Cond": "(web_sales.ws_item_sk = item_2.i_item_sk)",
                                                  "Plans": [
                                                    {
                                                      "Node Type": "Hash Join",
                                                      "Parent Relationship": "Outer",
                                                      "Parallel Aware": true,
                                                      "Async Capable": false,
                                                      "Join Type": "Left",
                                                      "Startup Cost": 24579.62,
                                                      "Total Cost": 255354.31,
                                                      "Plan Rows": 1231,
                                                      "Plan Width": 36,
                                                      "Inner Unique": false,
                                                      "Hash Cond": "((web_sales.ws_item_sk = web_returns.wr_item_sk) AND (web_sales.ws_order_number = web_returns.wr_order_number))",
                                                      "Plans": [
                                                        {
                                                          "Node Type": "Hash Join",
                                                          "Parent Relationship": "Outer",
                                                          "Parallel Aware": true,
                                                          "Async Capable": false,
                                                          "Join Type": "Inner",
                                                          "Startup Cost": 2049.78,
                                                          "Total Cost": 231041.22,
                                                          "Plan Rows": 1231,
                                                          "Plan Width": 28,
                                                          "Inner Unique": false,
                                                          "Hash Cond": "(web_sales.ws_sold_date_sk = date_dim_2.d_date_sk)",
                                                          "Plans": [
                                                            {
                                                              "Node Type": "Seq Scan",
                                                              "Parent Relationship": "Outer",
                                                              "Parallel Aware": true,
                                                              "Async Capable": false,
                                                              "Relation Name": "web_sales",
                                                              "Alias": "web_sales",
                                                              "Startup Cost": 0.0,
                                                              "Total Cost": 217737.86,
                                                              "Plan Rows": 2998986,
                                                              "Plan Width": 32,
                                                              "parent": 55,
                                                              "ID": 56
                                                            },
                                                            {
                                                              "Node Type": "Hash",
                                                              "Parent Relationship": "Inner",
                                                              "Parallel Aware": true,
                                                              "Async Capable": false,
                                                              "Startup Cost": 2049.55,
                                                              "Total Cost": 2049.55,
                                                              "Plan Rows": 18,
                                                              "Plan Width": 4,
                                                              "Plans": [
                                                                {
                                                                  "Node Type": "Seq Scan",
                                                                  "Parent Relationship": "Outer",
                                                                  "Parallel Aware": true,
                                                                  "Async Capable": false,
                                                                  "Relation Name": "date_dim",
                                                                  "Alias": "date_dim_2",
                                                                  "Startup Cost": 0.0,
                                                                  "Total Cost": 2049.55,
                                                                  "Plan Rows": 18,
                                                                  "Plan Width": 4,
                                                                  "Filter": "((d_date >= '1998-08-19'::date) AND (d_date <= '1998-09-18 00:00:00'::timestamp without time zone))",
                                                                  "parent": 57,
                                                                  "ID": 58
                                                                }
                                                              ],
                                                              "parent": 55,
                                                              "ID": 57,
                                                              "left": 58
                                                            }
                                                          ],
                                                          "parent": 54,
                                                          "ID": 55,
                                                          "left": 56,
                                                          "right": 57
                                                        },
                                                        {
                                                          "Node Type": "Hash",
                                                          "Parent Relationship": "Inner",
                                                          "Parallel Aware": true,
                                                          "Async Capable": false,
                                                          "Startup Cost": 16278.74,
                                                          "Total Cost": 16278.74,
                                                          "Plan Rows": 299674,
                                                          "Plan Width": 20,
                                                          "Plans": [
                                                            {
                                                              "Node Type": "Seq Scan",
                                                              "Parent Relationship": "Outer",
                                                              "Parallel Aware": true,
                                                              "Async Capable": false,
                                                              "Relation Name": "web_returns",
                                                              "Alias": "web_returns",
                                                              "Startup Cost": 0.0,
                                                              "Total Cost": 16278.74,
                                                              "Plan Rows": 299674,
                                                              "Plan Width": 20,
                                                              "parent": 59,
                                                              "ID": 60
                                                            }
                                                          ],
                                                          "parent": 54,
                                                          "ID": 59,
                                                          "left": 60
                                                        }
                                                      ],
                                                      "parent": 53,
                                                      "ID": 54,
                                                      "left": 55,
                                                      "right": 59
                                                    },
                                                    {
                                                      "Node Type": "Hash",
                                                      "Parent Relationship": "Inner",
                                                      "Parallel Aware": true,
                                                      "Async Capable": false,
                                                      "Startup Cost": 7495.25,
                                                      "Total Cost": 7495.25,
                                                      "Plan Rows": 2442,
                                                      "Plan Width": 4,
                                                      "Plans": [
                                                        {
                                                          "Node Type": "Seq Scan",
                                                          "Parent Relationship": "Outer",
                                                          "Parallel Aware": true,
                                                          "Async Capable": false,
                                                          "Relation Name": "item",
                                                          "Alias": "item_2",
                                                          "Startup Cost": 0.0,
                                                          "Total Cost": 7495.25,
                                                          "Plan Rows": 2442,
                                                          "Plan Width": 4,
                                                          "Filter": "(i_current_price > '50'::numeric)",
                                                          "parent": 61,
                                                          "ID": 62
                                                        }
                                                      ],
                                                      "parent": 53,
                                                      "ID": 61,
                                                      "left": 62
                                                    }
                                                  ],
                                                  "parent": 52,
                                                  "ID": 53,
                                                  "left": 54,
                                                  "right": 61
                                                },
                                                {
                                                  "Node Type": "Hash",
                                                  "Parent Relationship": "Inner",
                                                  "Parallel Aware": false,
                                                  "Async Capable": false,
                                                  "Startup Cost": 19.25,
                                                  "Total Cost": 19.25,
                                                  "Plan Rows": 492,
                                                  "Plan Width": 4,
                                                  "Plans": [
                                                    {
                                                      "Node Type": "Seq Scan",
                                                      "Parent Relationship": "Outer",
                                                      "Parallel Aware": false,
                                                      "Async Capable": false,
                                                      "Relation Name": "promotion",
                                                      "Alias": "promotion_2",
                                                      "Startup Cost": 0.0,
                                                      "Total Cost": 19.25,
                                                      "Plan Rows": 492,
                                                      "Plan Width": 4,
                                                      "Filter": "(p_channel_tv = 'N'::bpchar)",
                                                      "parent": 63,
                                                      "ID": 64
                                                    }
                                                  ],
                                                  "parent": 52,
                                                  "ID": 63,
                                                  "left": 64
                                                }
                                              ],
                                              "parent": 51,
                                              "ID": 52,
                                              "left": 53,
                                              "right": 63
                                            },
                                            {
                                              "Node Type": "Hash",
                                              "Parent Relationship": "Inner",
                                              "Parallel Aware": false,
                                              "Async Capable": false,
                                              "Startup Cost": 3.42,
                                              "Total Cost": 3.42,
                                              "Plan Rows": 42,
                                              "Plan Width": 21,
                                              "Plans": [
                                                {
                                                  "Node Type": "Seq Scan",
                                                  "Parent Relationship": "Outer",
                                                  "Parallel Aware": false,
                                                  "Async Capable": false,
                                                  "Relation Name": "web_site",
                                                  "Alias": "web_site",
                                                  "Startup Cost": 0.0,
                                                  "Total Cost": 3.42,
                                                  "Plan Rows": 42,
                                                  "Plan Width": 21,
                                                  "parent": 65,
                                                  "ID": 66
                                                }
                                              ],
                                              "parent": 51,
                                              "ID": 65,
                                              "left": 66
                                            }
                                          ],
                                          "parent": 50,
                                          "ID": 51,
                                          "left": 52,
                                          "right": 65
                                        }
                                      ],
                                      "parent": 49,
                                      "ID": 50,
                                      "left": 51
                                    }
                                  ],
                                  "parent": 48,
                                  "ID": 49,
                                  "left": 50
                                }
                              ],
                              "parent": 47,
                              "ID": 48,
                              "left": 49
                            }
                          ],
                          "parent": 46,
                          "ID": 47,
                          "left": 48
                        }
                      ],
                      "parent": 3,
                      "ID": 46,
                      "left": 47
                    }
                  ],
                  "parent": 2,
                  "ID": 3,
                  "left": 4,
                  "right": 25
                }
              ],
              "parent": 1,
              "ID": 2,
              "left": 3
            }
          ],
          "parent": 0,
          "ID": 1,
          "left": 2
        }
      ],
      "parent": null,
      "ID": 0,
      "left": 1
    },
    "feat": {
      "utility": 2.162958511803788e-06,
      "query_shape": [
        [
          "Seq Scan",
          "Hash Join",
          "Sort",
          "Aggregate",
          "Gather Merge",
          "Subquery Scan",
          "Append"
        ],
        [
          "Seq Scan",
          "Hash",
          "Hash Join",
          "Sort",
          "Aggregate",
          "Gather Merge",
          "Subquery Scan",
          "Append"
        ],
        [
          "Seq Scan",
          "Hash",
          "Hash Join",
          "Sort",
          "Aggregate",
          "Gather Merge",
          "Subquery Scan",
          "Append"
        ],
        [
          "Seq Scan",
          "Hash",
          "Hash Join",
          "Sort",
          "Aggregate",
          "Gather Merge",
          "Subquery Scan",
          "Append"
        ],
        [
          "Seq Scan",
          "Hash",
          "Hash Join",
          "Sort",
          "Aggregate",
          "Gather Merge",
          "Subquery Scan",
          "Append"
        ],
        [
          "Seq Scan",
          "Hash",
          "Hash Join",
          "Sort",
          "Aggregate",
          "Gather Merge",
          "Subquery Scan",
          "Append"
        ],
        [
          "Seq Scan",
          "Hash Join",
          "Sort",
          "Aggregate",
          "Gather Merge",
          "Subquery Scan",
          "Append"
        ],
        [
          "Seq Scan",
          "Hash",
          "Hash Join",
          "Sort",
          "Aggregate",
          "Gather Merge",
          "Subquery Scan",
          "Append"
        ],
        [
          "Seq Scan",
          "Hash",
          "Hash Join",
          "Sort",
          "Aggregate",
          "Gather Merge",
          "Subquery Scan",
          "Append"
        ],
        [
          "Seq Scan",
          "Hash",
          "Hash Join",
          "Sort",
          "Aggregate",
          "Gather Merge",
          "Subquery Scan",
          "Append"
        ],
        [
          "Seq Scan",
          "Hash",
          "Hash Join",
          "Sort",
          "Aggregate",
          "Gather Merge",
          "Subquery Scan",
          "Append"
        ],
        [
          "Seq Scan",
          "Hash",
          "Hash Join",
          "Sort",
          "Aggregate",
          "Gather Merge",
          "Subquery Scan",
          "Append"
        ],
        [
          "Seq Scan",
          "Hash Join",
          "Sort",
          "Aggregate",
          "Gather Merge",
          "Subquery Scan",
          "Append"
        ],
        [
          "Seq Scan",
          "Hash",
          "Hash Join",
          "Sort",
          "Aggregate",
          "Gather Merge",
          "Subquery Scan",
          "Append"
        ],
        [
          "Seq Scan",
          "Hash",
          "Hash Join",
          "Sort",
          "Aggregate",
          "Gather Merge",
          "Subquery Scan",
          "Append"
        ],
        [
          "Seq Scan",
          "Hash",
          "Hash Join",
          "Sort",
          "Aggregate",
          "Gather Merge",
          "Subquery Scan",
          "Append"
        ],
        [
          "Seq Scan",
          "Hash",
          "Hash Join",
          "Sort",
          "Aggregate",
          "Gather Merge",
          "Subquery Scan",
          "Append"
        ],
        [
          "Seq Scan",
          "Hash",
          "Hash Join",
          "Sort",
          "Aggregate",
          "Gather Merge",
          "Subquery Scan",
          "Append"
        ]
      ],
      "index_shape": [
        "join"
      ],
      "physical_operator": {
        "Hash Join": [
          0.009095574121463352
        ]
      }
    }
  },
  {
    "query": "with ssr as\n (select  s_store_id as store_id,\n          sum(ss_ext_sales_price) as sales,\n          sum(coalesce(sr_return_amt, 0)) as returns,\n          sum(ss_net_profit - coalesce(sr_net_loss, 0)) as profit\n  from store_sales left outer join store_returns on\n         (ss_item_sk = sr_item_sk and ss_ticket_number = sr_ticket_number),\n     date_dim,\n     store,\n     item,\n     promotion\n where ss_sold_date_sk = d_date_sk\n       and d_date between cast('1998-08-19' as date) \n                  and (cast('1998-08-19' as date) +  interval '30 days')\n       and ss_store_sk = s_store_sk\n       and ss_item_sk = i_item_sk\n       and i_current_price > 50\n       and ss_promo_sk = p_promo_sk\n       and p_channel_tv = 'N'\n group by s_store_id)\n ,\n csr as\n (select  cp_catalog_page_id as catalog_page_id,\n          sum(cs_ext_sales_price) as sales,\n          sum(coalesce(cr_return_amount, 0)) as returns,\n          sum(cs_net_profit - coalesce(cr_net_loss, 0)) as profit\n  from catalog_sales left outer join catalog_returns on\n         (cs_item_sk = cr_item_sk and cs_order_number = cr_order_number),\n     date_dim,\n     catalog_page,\n     item,\n     promotion\n where cs_sold_date_sk = d_date_sk\n       and d_date between cast('1998-08-19' as date)\n                  and (cast('1998-08-19' as date) +  interval '30 days')\n        and cs_catalog_page_sk = cp_catalog_page_sk\n       and cs_item_sk = i_item_sk\n       and i_current_price > 50\n       and cs_promo_sk = p_promo_sk\n       and p_channel_tv = 'N'\ngroup by cp_catalog_page_id)\n ,\n wsr as\n (select  web_site_id,\n          sum(ws_ext_sales_price) as sales,\n          sum(coalesce(wr_return_amt, 0)) as returns,\n          sum(ws_net_profit - coalesce(wr_net_loss, 0)) as profit\n  from web_sales left outer join web_returns on\n         (ws_item_sk = wr_item_sk and ws_order_number = wr_order_number),\n     date_dim,\n     web_site,\n     item,\n     promotion\n where ws_sold_date_sk = d_date_sk\n       and d_date between cast('1998-08-19' as date)\n                  and (cast('1998-08-19' as date) +  interval '30 days')\n        and ws_web_site_sk = web_site_sk\n       and ws_item_sk = i_item_sk\n       and i_current_price > 50\n       and ws_promo_sk = p_promo_sk\n       and p_channel_tv = 'N'\ngroup by web_site_id)\n  select  channel\n        , id\n        , sum(sales) as sales\n        , sum(returns) as returns\n        , sum(profit) as profit\n from \n (select 'store channel' as channel\n        , 'store' || store_id as id\n        , sales\n        , returns\n        , profit\n from   ssr\n union all\n select 'catalog channel' as channel\n        , 'catalog_page' || catalog_page_id as id\n        , sales\n        , returns\n        , profit\n from  csr\n union all\n select 'web channel' as channel\n        , 'web_site' || web_site_id as id\n        , sales\n        , returns\n        , profit\n from   wsr\n ) x\n group by rollup (channel, id)\n order by channel\n         ,id\n limit 100;\n\n-- end query 61 in stream 0 using template query80.tpl\n",
    "indexes": "catalog_page.cp_catalog_page_id",
    "wo plan est": {
      "Node Type": "Limit",
      "Parallel Aware": false,
      "Async Capable": false,
      "Startup Cost": 1566782.76,
      "Total Cost": 1566786.01,
      "Plan Rows": 100,
      "Plan Width": 160,
      "Plans": [
        {
          "Node Type": "Aggregate",
          "Strategy": "Sorted",
          "Partial Mode": "Simple",
          "Parent Relationship": "Outer",
          "Parallel Aware": false,
          "Async Capable": false,
          "Startup Cost": 1566782.76,
          "Total Cost": 1566795.8,
          "Plan Rows": 401,
          "Plan Width": 160,
          "Grouping Sets": [
            {
              "Group Keys": [
                [
                  "('store channel'::text)",
                  "(('store'::text || (ssr.store_id)::text))"
                ],
                [
                  "('store channel'::text)"
                ],
                []
              ]
            }
          ],
          "Plans": [
            {
              "Node Type": "Sort",
              "Parent Relationship": "Outer",
              "Parallel Aware": false,
              "Async Capable": false,
              "Startup Cost": 1566782.76,
              "Total Cost": 1566783.77,
              "Plan Rows": 401,
              "Plan Width": 160,
              "Sort Key": [
                "('store channel'::text)",
                "(('store'::text || (ssr.store_id)::text))"
              ],
              "Plans": [
                {
                  "Node Type": "Append",
                  "Parent Relationship": "Outer",
                  "Parallel Aware": false,
                  "Async Capable": false,
                  "Startup Cost": 784591.9,
                  "Total Cost": 1566765.43,
                  "Plan Rows": 401,
                  "Plan Width": 160,
                  "Subplans Removed": 0,
                  "Plans": [
                    {
                      "Node Type": "Subquery Scan",
                      "Parent Relationship": "Member",
                      "Parallel Aware": false,
                      "Async Capable": false,
                      "Alias": "ssr",
                      "Startup Cost": 784591.9,
                      "Total Cost": 784611.64,
                      "Plan Rows": 51,
                      "Plan Width": 160,
                      "Plans": [
                        {
                          "Node Type": "Aggregate",
                          "Strategy": "Sorted",
                          "Partial Mode": "Finalize",
                          "Parent Relationship": "Subquery",
                          "Parallel Aware": false,
                          "Async Capable": false,
                          "Startup Cost": 784591.9,
                          "Total Cost": 784610.87,
                          "Plan Rows": 51,
                          "Plan Width": 113,
                          "Group Key": [
                            "store.s_store_id"
                          ],
                          "Plans": [
                            {
                              "Node Type": "Gather Merge",
                              "Parent Relationship": "Outer",
                              "Parallel Aware": false,
                              "Async Capable": false,
                              "Startup Cost": 784591.9,
                              "Total Cost": 784608.2,
                              "Plan Rows": 102,
                              "Plan Width": 113,
                              "Workers Planned": 2,
                              "Plans": [
                                {
                                  "Node Type": "Aggregate",
                                  "Strategy": "Sorted",
                                  "Partial Mode": "Partial",
                                  "Parent Relationship": "Outer",
                                  "Parallel Aware": false,
                                  "Async Capable": false,
                                  "Startup Cost": 783591.88,
                                  "Total Cost": 783596.4,
                                  "Plan Rows": 51,
                                  "Plan Width": 113,
                                  "Group Key": [
                                    "store.s_store_id"
                                  ],
                                  "Plans": [
                                    {
                                      "Node Type": "Sort",
                                      "Parent Relationship": "Outer",
                                      "Parallel Aware": false,
                                      "Async Capable": false,
                                      "Startup Cost": 783591.88,
                                      "Total Cost": 783592.48,
                                      "Plan Rows": 242,
                                      "Plan Width": 41,
                                      "Sort Key": [
                                        "store.s_store_id"
                                      ],
                                      "Plans": [
                                        {
                                          "Node Type": "Hash Join",
                                          "Parent Relationship": "Outer",
                                          "Parallel Aware": false,
                                          "Async Capable": false,
                                          "Join Type": "Inner",
                                          "Startup Cost": 94489.35,
                                          "Total Cost": 783582.3,
                                          "Plan Rows": 242,
                                          "Plan Width": 41,
                                          "Inner Unique": false,
                                          "Hash Cond": "(store_sales.ss_store_sk = store.s_store_sk)",
                                          "Plans": [
                                            {
                                              "Node Type": "Hash Join",
                                              "Parent Relationship": "Outer",
                                              "Parallel Aware": false,
                                              "Async Capable": false,
                                              "Join Type": "Inner",
                                              "Startup Cost": 94482.05,
                                              "Total Cost": 783571.63,
                                              "Plan Rows": 254,
                                              "Plan Width": 28,
                                              "Inner Unique": false,
                                              "Hash Cond": "(store_sales.ss_promo_sk = promotion.p_promo_sk)",
                                              "Plans": [
                                                {
                                                  "Node Type": "Hash Join",
                                                  "Parent Relationship": "Outer",
                                                  "Parallel Aware": true,
                                                  "Async Capable": false,
                                                  "Join Type": "Inner",
                                                  "Startup Cost": 94456.65,
                                                  "Total Cost": 783542.68,
                                                  "Plan Rows": 270,
                                                  "Plan Width": 32,
                                                  "Inner Unique": false,
                                                  "Hash Cond": "(store_sales.ss_item_sk = item.i_item_sk)",
                                                  "Plans": [
                                                    {
                                                      "Node Type": "Hash Join",
                                                      "Parent Relationship": "Outer",
                                                      "Parallel Aware": true,
                                                      "Async Capable": false,
                                                      "Join Type": "Left",
                                                      "Startup Cost": 86930.88,
                                                      "Total Cost": 775998.13,
                                                      "Plan Rows": 4703,
                                                      "Plan Width": 36,
                                                      "Inner Unique": false,
                                                      "Hash Cond": "((store_sales.ss_item_sk = store_returns.sr_item_sk) AND (store_sales.ss_ticket_number = store_returns.sr_ticket_number))",
                                                      "Plans": [
                                                        {
                                                          "Node Type": "Hash Join",
                                                          "Parent Relationship": "Outer",
                                                          "Parallel Aware": true,
                                                          "Async Capable": false,
                                                          "Join Type": "Inner",
                                                          "Startup Cost": 2049.78,
                                                          "Total Cost": 683994.75,
                                                          "Plan Rows": 4703,
                                                          "Plan Width": 28,
                                                          "Inner Unique": false,
                                                          "Hash Cond": "(store_sales.ss_sold_date_sk = date_dim.d_date_sk)",
                                                          "Plans": [
                                                            {
                                                              "Node Type": "Seq Scan",
                                                              "Parent Relationship": "Outer",
                                                              "Parallel Aware": true,
                                                              "Async Capable": false,
                                                              "Relation Name": "store_sales",
                                                              "Alias": "store_sales",
                                                              "Startup Cost": 0.0,
                                                              "Total Cost": 636914.37,
                                                              "Plan Rows": 12000637,
                                                              "Plan Width": 32,
                                                              "parent": 13,
                                                              "ID": 14
                                                            },
                                                            {
                                                              "Node Type": "Hash",
                                                              "Parent Relationship": "Inner",
                                                              "Parallel Aware": true,
                                                              "Async Capable": false,
                                                              "Startup Cost": 2049.55,
                                                              "Total Cost": 2049.55,
                                                              "Plan Rows": 18,
                                                              "Plan Width": 4,
                                                              "Plans": [
                                                                {
                                                                  "Node Type": "Seq Scan",
                                                                  "Parent Relationship": "Outer",
                                                                  "Parallel Aware": true,
                                                                  "Async Capable": false,
                                                                  "Relation Name": "date_dim",
                                                                  "Alias": "date_dim",
                                                                  "Startup Cost": 0.0,
                                                                  "Total Cost": 2049.55,
                                                                  "Plan Rows": 18,
                                                                  "Plan Width": 4,
                                                                  "Filter": "((d_date >= '1998-08-19'::date) AND (d_date <= '1998-09-18 00:00:00'::timestamp without time zone))",
                                                                  "parent": 15,
                                                                  "ID": 16
                                                                }
                                                              ],
                                                              "parent": 13,
                                                              "ID": 15,
                                                              "left": 16
                                                            }
                                                          ],
                                                          "parent": 12,
                                                          "ID": 13,
                                                          "left": 14,
                                                          "right": 15
                                                        },
                                                        {
                                                          "Node Type": "Hash",
                                                          "Parent Relationship": "Inner",
                                                          "Parallel Aware": true,
                                                          "Async Capable": false,
                                                          "Startup Cost": 59887.64,
                                                          "Total Cost": 59887.64,
                                                          "Plan Rows": 1198164,
                                                          "Plan Width": 20,
                                                          "Plans": [
                                                            {
                                                              "Node Type": "Seq Scan",
                                                              "Parent Relationship": "Outer",
                                                              "Parallel Aware": true,
                                                              "Async Capable": false,
                                                              "Relation Name": "store_returns",
                                                              "Alias": "store_returns",
                                                              "Startup Cost": 0.0,
                                                              "Total Cost": 59887.64,
                                                              "Plan Rows": 1198164,
                                                              "Plan Width": 20,
                                                              "parent": 17,
                                                              "ID": 18
                                                            }
                                                          ],
                                                          "parent": 12,
                                                          "ID": 17,
                                                          "left": 18
                                                        }
                                                      ],
                                                      "parent": 11,
                                                      "ID": 12,
                                                      "left": 13,
                                                      "right": 17
                                                    },
                                                    {
                                                      "Node Type": "Hash",
                                                      "Parent Relationship": "Inner",
                                                      "Parallel Aware": true,
                                                      "Async Capable": false,
                                                      "Startup Cost": 7495.25,
                                                      "Total Cost": 7495.25,
                                                      "Plan Rows": 2442,
                                                      "Plan Width": 4,
                                                      "Plans": [
                                                        {
                                                          "Node Type": "Seq Scan",
                                                          "Parent Relationship": "Outer",
                                                          "Parallel Aware": true,
                                                          "Async Capable": false,
                                                          "Relation Name": "item",
                                                          "Alias": "item",
                                                          "Startup Cost": 0.0,
                                                          "Total Cost": 7495.25,
                                                          "Plan Rows": 2442,
                                                          "Plan Width": 4,
                                                          "Filter": "(i_current_price > '50'::numeric)",
                                                          "parent": 19,
                                                          "ID": 20
                                                        }
                                                      ],
                                                      "parent": 11,
                                                      "ID": 19,
                                                      "left": 20
                                                    }
                                                  ],
                                                  "parent": 10,
                                                  "ID": 11,
                                                  "left": 12,
                                                  "right": 19
                                                },
                                                {
                                                  "Node Type": "Hash",
                                                  "Parent Relationship": "Inner",
                                                  "Parallel Aware": false,
                                                  "Async Capable": false,
                                                  "Startup Cost": 19.25,
                                                  "Total Cost": 19.25,
                                                  "Plan Rows": 492,
                                                  "Plan Width": 4,
                                                  "Plans": [
                                                    {
                                                      "Node Type": "Seq Scan",
                                                      "Parent Relationship": "Outer",
                                                      "Parallel Aware": false,
                                                      "Async Capable": false,
                                                      "Relation Name": "promotion",
                                                      "Alias": "promotion",
                                                      "Startup Cost": 0.0,
                                                      "Total Cost": 19.25,
                                                      "Plan Rows": 492,
                                                      "Plan Width": 4,
                                                      "Filter": "(p_channel_tv = 'N'::bpchar)",
                                                      "parent": 21,
                                                      "ID": 22
                                                    }
                                                  ],
                                                  "parent": 10,
                                                  "ID": 21,
                                                  "left": 22
                                                }
                                              ],
                                              "parent": 9,
                                              "ID": 10,
                                              "left": 11,
                                              "right": 21
                                            },
                                            {
                                              "Node Type": "Hash",
                                              "Parent Relationship": "Inner",
                                              "Parallel Aware": false,
                                              "Async Capable": false,
                                              "Startup Cost": 6.02,
                                              "Total Cost": 6.02,
                                              "Plan Rows": 102,
                                              "Plan Width": 21,
                                              "Plans": [
                                                {
                                                  "Node Type": "Seq Scan",
                                                  "Parent Relationship": "Outer",
                                                  "Parallel Aware": false,
                                                  "Async Capable": false,
                                                  "Relation Name": "store",
                                                  "Alias": "store",
                                                  "Startup Cost": 0.0,
                                                  "Total Cost": 6.02,
                                                  "Plan Rows": 102,
                                                  "Plan Width": 21,
                                                  "parent": 23,
                                                  "ID": 24
                                                }
                                              ],
                                              "parent": 9,
                                              "ID": 23,
                                              "left": 24
                                            }
                                          ],
                                          "parent": 8,
                                          "ID": 9,
                                          "left": 10,
                                          "right": 23
                                        }
                                      ],
                                      "parent": 7,
                                      "ID": 8,
                                      "left": 9
                                    }
                                  ],
                                  "parent": 6,
                                  "ID": 7,
                                  "left": 8
                                }
                              ],
                              "parent": 5,
                              "ID": 6,
                              "left": 7
                            }
                          ],
                          "parent": 4,
                          "ID": 5,
                          "left": 6
                        }
                      ],
                      "parent": 3,
                      "ID": 4,
                      "left": 5
                    },
                    {
                      "Node Type": "Subquery Scan",
                      "Parent Relationship": "Member",
                      "Parallel Aware": false,
                      "Async Capable": false,
                      "Alias": "csr",
                      "Startup Cost": 518174.1,
                      "Total Cost": 518225.66,
                      "Plan Rows": 329,
                      "Plan Width": 160,
                      "Plans": [
                        {
                          "Node Type": "Aggregate",
                          "Strategy": "Sorted",
                          "Partial Mode": "Finalize",
                          "Parent Relationship": "Subquery",
                          "Parallel Aware": false,
                          "Async Capable": false,
                          "Startup Cost": 518174.1,
                          "Total Cost": 518220.73,
                          "Plan Rows": 329,
                          "Plan Width": 113,
                          "Group Key": [
                            "catalog_page.cp_catalog_page_id"
                          ],
                          "Plans": [
                            {
                              "Node Type": "Gather Merge",
                              "Parent Relationship": "Outer",
                              "Parallel Aware": false,
                              "Async Capable": false,
                              "Startup Cost": 518174.1,
                              "Total Cost": 518210.18,
                              "Plan Rows": 274,
                              "Plan Width": 113,
                              "Workers Planned": 2,
                              "Plans": [
                                {
                                  "Node Type": "Aggregate",
                                  "Strategy": "Sorted",
                                  "Partial Mode": "Partial",
                                  "Parent Relationship": "Outer",
                                  "Parallel Aware": false,
                                  "Async Capable": false,
                                  "Startup Cost": 517174.07,
                                  "Total Cost": 517178.53,
                                  "Plan Rows": 137,
                                  "Plan Width": 113,
                                  "Group Key": [
                                    "catalog_page.cp_catalog_page_id"
                                  ],
                                  "Plans": [
                                    {
                                      "Node Type": "Sort",
                                      "Parent Relationship": "Outer",
                                      "Parallel Aware": false,
                                      "Async Capable": false,
                                      "Startup Cost": 517174.07,
                                      "Total Cost": 517174.42,
                                      "Plan Rows": 137,
                                      "Plan Width": 41,
                                      "Sort Key": [
                                        "catalog_page.cp_catalog_page_id"
                                      ],
                                      "Plans": [
                                        {
                                          "Node Type": "Hash Join",
                                          "Parent Relationship": "Outer",
                                          "Parallel Aware": false,
                                          "Async Capable": false,
                                          "Join Type": "Inner",
                                          "Startup Cost": 57382.33,
                                          "Total Cost": 517169.21,
                                          "Plan Rows": 137,
                                          "Plan Width": 41,
                                          "Inner Unique": false,
                                          "Hash Cond": "(catalog_sales.cs_catalog_page_sk = catalog_page.cp_catalog_page_sk)",
                                          "Plans": [
                                            {
                                              "Node Type": "Hash Join",
                                              "Parent Relationship": "Outer",
                                              "Parallel Aware": false,
                                              "Async Capable": false,
                                              "Join Type": "Inner",
                                              "Startup Cost": 56864.33,
                                              "Total Cost": 516649.32,
                                              "Plan Rows": 138,
                                              "Plan Width": 28,
                                              "Inner Unique": false,
                                              "Hash Cond": "(catalog_sales.cs_promo_sk = promotion_1.p_promo_sk)",
                                              "Plans": [
                                                {
                                                  "Node Type": "Hash Join",
                                                  "Parent Relationship": "Outer",
                                                  "Parallel Aware": true,
                                                  "Async Capable": false,
                                                  "Join Type": "Inner",
                                                  "Startup Cost": 56838.93,
                                                  "Total Cost": 516622.01,
                                                  "Plan Rows": 141,
                                                  "Plan Width": 32,
                                                  "Inner Unique": false,
                                                  "Hash Cond": "(catalog_sales.cs_item_sk = item_1.i_item_sk)",
                                                  "Plans": [
                                                    {
                                                      "Node Type": "Hash Join",
                                                      "Parent Relationship": "Outer",
                                                      "Parallel Aware": true,
                                                      "Async Capable": false,
                                                      "Join Type": "Left",
                                                      "Startup Cost": 49313.15,
                                                      "Total Cost": 509086.46,
                                                      "Plan Rows": 2450,
                                                      "Plan Width": 36,
                                                      "Inner Unique": false,
                                                      "Hash Cond": "((catalog_sales.cs_item_sk = catalog_returns.cr_item_sk) AND (catalog_sales.cs_order_number = catalog_returns.cr_order_number))",
                                                      "Plans": [
                                                        {
                                                          "Node Type": "Hash Join",
                                                          "Parent Relationship": "Outer",
                                                          "Parallel Aware": true,
                                                          "Async Capable": false,
                                                          "Join Type": "Inner",
                                                          "Startup Cost": 2049.78,
                                                          "Total Cost": 458254.7,
                                                          "Plan Rows": 2450,
                                                          "Plan Width": 28,
                                                          "Inner Unique": false,
                                                          "Hash Cond": "(catalog_sales.cs_sold_date_sk = date_dim_1.d_date_sk)",
                                                          "Plans": [
                                                            {
                                                              "Node Type": "Seq Scan",
                                                              "Parent Relationship": "Outer",
                                                              "Parallel Aware": true,
                                                              "Async Capable": false,
                                                              "Relation Name": "catalog_sales",
                                                              "Alias": "catalog_sales",
                                                              "Startup Cost": 0.0,
                                                              "Total Cost": 433688.25,
                                                              "Plan Rows": 6000525,
                                                              "Plan Width": 32,
                                                              "parent": 34,
                                                              "ID": 35
                                                            },
                                                            {
                                                              "Node Type": "Hash",
                                                              "Parent Relationship": "Inner",
                                                              "Parallel Aware": true,
                                                              "Async Capable": false,
                                                              "Startup Cost": 2049.55,
                                                              "Total Cost": 2049.55,
                                                              "Plan Rows": 18,
                                                              "Plan Width": 4,
                                                              "Plans": [
                                                                {
                                                                  "Node Type": "Seq Scan",
                                                                  "Parent Relationship": "Outer",
                                                                  "Parallel Aware": true,
                                                                  "Async Capable": false,
                                                                  "Relation Name": "date_dim",
                                                                  "Alias": "date_dim_1",
                                                                  "Startup Cost": 0.0,
                                                                  "Total Cost": 2049.55,
                                                                  "Plan Rows": 18,
                                                                  "Plan Width": 4,
                                                                  "Filter": "((d_date >= '1998-08-19'::date) AND (d_date <= '1998-09-18 00:00:00'::timestamp without time zone))",
                                                                  "parent": 36,
                                                                  "ID": 37
                                                                }
                                                              ],
                                                              "parent": 34,
                                                              "ID": 36,
                                                              "left": 37
                                                            }
                                                          ],
                                                          "parent": 33,
                                                          "ID": 34,
                                                          "left": 35,
                                                          "right": 36
                                                        },
                                                        {
                                                          "Node Type": "Hash",
                                                          "Parent Relationship": "Inner",
                                                          "Parallel Aware": true,
                                                          "Async Capable": false,
                                                          "Startup Cost": 34748.95,
                                                          "Total Cost": 34748.95,
                                                          "Plan Rows": 599895,
                                                          "Plan Width": 20,
                                                          "Plans": [
                                                            {
                                                              "Node Type": "Seq Scan",
                                                              "Parent Relationship": "Outer",
                                                              "Parallel Aware": true,
                                                              "Async Capable": false,
                                                              "Relation Name": "catalog_returns",
                                                              "Alias": "catalog_returns",
                                                              "Startup Cost": 0.0,
                                                              "Total Cost": 34748.95,
                                                              "Plan Rows": 599895,
                                                              "Plan Width": 20,
                                                              "parent": 38,
                                                              "ID": 39
                                                            }
                                                          ],
                                                          "parent": 33,
                                                          "ID": 38,
                                                          "left": 39
                                                        }
                                                      ],
                                                      "parent": 32,
                                                      "ID": 33,
                                                      "left": 34,
                                                      "right": 38
                                                    },
                                                    {
                                                      "Node Type": "Hash",
                                                      "Parent Relationship": "Inner",
                                                      "Parallel Aware": true,
                                                      "Async Capable": false,
                                                      "Startup Cost": 7495.25,
                                                      "Total Cost": 7495.25,
                                                      "Plan Rows": 2442,
                                                      "Plan Width": 4,
                                                      "Plans": [
                                                        {
                                                          "Node Type": "Seq Scan",
                                                          "Parent Relationship": "Outer",
                                                          "Parallel Aware": true,
                                                          "Async Capable": false,
                                                          "Relation Name": "item",
                                                          "Alias": "item_1",
                                                          "Startup Cost": 0.0,
                                                          "Total Cost": 7495.25,
                                                          "Plan Rows": 2442,
                                                          "Plan Width": 4,
                                                          "Filter": "(i_current_price > '50'::numeric)",
                                                          "parent": 40,
                                                          "ID": 41
                                                        }
                                                      ],
                                                      "parent": 32,
                                                      "ID": 40,
                                                      "left": 41
                                                    }
                                                  ],
                                                  "parent": 31,
                                                  "ID": 32,
                                                  "left": 33,
                                                  "right": 40
                                                },
                                                {
                                                  "Node Type": "Hash",
                                                  "Parent Relationship": "Inner",
                                                  "Parallel Aware": false,
                                                  "Async Capable": false,
                                                  "Startup Cost": 19.25,
                                                  "Total Cost": 19.25,
                                                  "Plan Rows": 492,
                                                  "Plan Width": 4,
                                                  "Plans": [
                                                    {
                                                      "Node Type": "Seq Scan",
                                                      "Parent Relationship": "Outer",
                                                      "Parallel Aware": false,
                                                      "Async Capable": false,
                                                      "Relation Name": "promotion",
                                                      "Alias": "promotion_1",
                                                      "Startup Cost": 0.0,
                                                      "Total Cost": 19.25,
                                                      "Plan Rows": 492,
                                                      "Plan Width": 4,
                                                      "Filter": "(p_channel_tv = 'N'::bpchar)",
                                                      "parent": 42,
                                                      "ID": 43
                                                    }
                                                  ],
                                                  "parent": 31,
                                                  "ID": 42,
                                                  "left": 43
                                                }
                                              ],
                                              "parent": 30,
                                              "ID": 31,
                                              "left": 32,
                                              "right": 42
                                            },
                                            {
                                              "Node Type": "Hash",
                                              "Parent Relationship": "Inner",
                                              "Parallel Aware": false,
                                              "Async Capable": false,
                                              "Startup Cost": 368.0,
                                              "Total Cost": 368.0,
                                              "Plan Rows": 12000,
                                              "Plan Width": 21,
                                              "Plans": [
                                                {
                                                  "Node Type": "Seq Scan",
                                                  "Parent Relationship": "Outer",
                                                  "Parallel Aware": false,
                                                  "Async Capable": false,
                                                  "Relation Name": "catalog_page",
                                                  "Alias": "catalog_page",
                                                  "Startup Cost": 0.0,
                                                  "Total Cost": 368.0,
                                                  "Plan Rows": 12000,
                                                  "Plan Width": 21,
                                                  "parent": 44,
                                                  "ID": 45
                                                }
                                              ],
                                              "parent": 30,
                                              "ID": 44,
                                              "left": 45
                                            }
                                          ],
                                          "parent": 29,
                                          "ID": 30,
                                          "left": 31,
                                          "right": 44
                                        }
                                      ],
                                      "parent": 28,
                                      "ID": 29,
                                      "left": 30
                                    }
                                  ],
                                  "parent": 27,
                                  "ID": 28,
                                  "left": 29
                                }
                              ],
                              "parent": 26,
                              "ID": 27,
                              "left": 28
                            }
                          ],
                          "parent": 25,
                          "ID": 26,
                          "left": 27
                        }
                      ],
                      "parent": 3,
                      "ID": 25,
                      "left": 26
                    },
                    {
                      "Node Type": "Subquery Scan",
                      "Parent Relationship": "Member",
                      "Parallel Aware": false,
                      "Async Capable": false,
                      "Alias": "wsr",
                      "Startup Cost": 263918.43,
                      "Total Cost": 263926.12,
                      "Plan Rows": 21,
                      "Plan Width": 160,
                      "Plans": [
                        {
                          "Node Type": "Aggregate",
                          "Strategy": "Sorted",
                          "Partial Mode": "Finalize",
                          "Parent Relationship": "Subquery",
                          "Parallel Aware": false,
                          "Async Capable": false,
                          "Startup Cost": 263918.43,
                          "Total Cost": 263925.8,
                          "Plan Rows": 21,
                          "Plan Width": 113,
                          "Group Key": [
                            "web_site.web_site_id"
                          ],
                          "Plans": [
                            {
                              "Node Type": "Gather Merge",
                              "Parent Relationship": "Outer",
                              "Parallel Aware": false,
                              "Async Capable": false,
                              "Startup Cost": 263918.43,
                              "Total Cost": 263924.7,
                              "Plan Rows": 42,
                              "Plan Width": 113,
                              "Workers Planned": 2,
                              "Plans": [
                                {
                                  "Node Type": "Aggregate",
                                  "Strategy": "Sorted",
                                  "Partial Mode": "Partial",
                                  "Parent Relationship": "Outer",
                                  "Parallel Aware": false,
                                  "Async Capable": false,
                                  "Startup Cost": 262918.41,
                                  "Total Cost": 262919.83,
                                  "Plan Rows": 21,
                                  "Plan Width": 113,
                                  "Group Key": [
                                    "web_site.web_site_id"
                                  ],
                                  "Plans": [
                                    {
                                      "Node Type": "Sort",
                                      "Parent Relationship": "Outer",
                                      "Parallel Aware": false,
                                      "Async Capable": false,
                                      "Startup Cost": 262918.41,
                                      "Total Cost": 262918.59,
                                      "Plan Rows": 70,
                                      "Plan Width": 41,
                                      "Sort Key": [
                                        "web_site.web_site_id"
                                      ],
                                      "Plans": [
                                        {
                                          "Node Type": "Hash Join",
                                          "Parent Relationship": "Outer",
                                          "Parallel Aware": false,
                                          "Async Capable": false,
                                          "Join Type": "Inner",
                                          "Startup Cost": 32134.74,
                                          "Total Cost": 262916.27,
                                          "Plan Rows": 70,
                                          "Plan Width": 41,
                                          "Inner Unique": false,
                                          "Hash Cond": "(web_sales.ws_web_site_sk = web_site.web_site_sk)",
                                          "Plans": [
                                            {
                                              "Node Type": "Hash Join",
                                              "Parent Relationship": "Outer",
                                              "Parallel Aware": false,
                                              "Async Capable": false,
                                              "Join Type": "Inner",
                                              "Startup Cost": 32130.8,
                                              "Total Cost": 262911.36,
                                              "Plan Rows": 70,
                                              "Plan Width": 28,
                                              "Inner Unique": false,
                                              "Hash Cond": "(web_sales.ws_promo_sk = promotion_2.p_promo_sk)",
                                              "Plans": [
                                                {
                                                  "Node Type": "Hash Join",
                                                  "Parent Relationship": "Outer",
                                                  "Parallel Aware": true,
                                                  "Async Capable": false,
                                                  "Join Type": "Inner",
                                                  "Startup Cost": 32105.4,
                                                  "Total Cost": 262884.99,
                                                  "Plan Rows": 71,
                                                  "Plan Width": 32,
                                                  "Inner Unique": false,
                                                  "Hash Cond": "(web_sales.ws_item_sk = item_2.i_item_sk)",
                                                  "Plans": [
                                                    {
                                                      "Node Type": "Hash Join",
                                                      "Parent Relationship": "Outer",
                                                      "Parallel Aware": true,
                                                      "Async Capable": false,
                                                      "Join Type": "Left",
                                                      "Startup Cost": 24579.62,
                                                      "Total Cost": 255354.31,
                                                      "Plan Rows": 1231,
                                                      "Plan Width": 36,
                                                      "Inner Unique": false,
                                                      "Hash Cond": "((web_sales.ws_item_sk = web_returns.wr_item_sk) AND (web_sales.ws_order_number = web_returns.wr_order_number))",
                                                      "Plans": [
                                                        {
                                                          "Node Type": "Hash Join",
                                                          "Parent Relationship": "Outer",
                                                          "Parallel Aware": true,
                                                          "Async Capable": false,
                                                          "Join Type": "Inner",
                                                          "Startup Cost": 2049.78,
                                                          "Total Cost": 231041.22,
                                                          "Plan Rows": 1231,
                                                          "Plan Width": 28,
                                                          "Inner Unique": false,
                                                          "Hash Cond": "(web_sales.ws_sold_date_sk = date_dim_2.d_date_sk)",
                                                          "Plans": [
                                                            {
                                                              "Node Type": "Seq Scan",
                                                              "Parent Relationship": "Outer",
                                                              "Parallel Aware": true,
                                                              "Async Capable": false,
                                                              "Relation Name": "web_sales",
                                                              "Alias": "web_sales",
                                                              "Startup Cost": 0.0,
                                                              "Total Cost": 217737.86,
                                                              "Plan Rows": 2998986,
                                                              "Plan Width": 32,
                                                              "parent": 55,
                                                              "ID": 56
                                                            },
                                                            {
                                                              "Node Type": "Hash",
                                                              "Parent Relationship": "Inner",
                                                              "Parallel Aware": true,
                                                              "Async Capable": false,
                                                              "Startup Cost": 2049.55,
                                                              "Total Cost": 2049.55,
                                                              "Plan Rows": 18,
                                                              "Plan Width": 4,
                                                              "Plans": [
                                                                {
                                                                  "Node Type": "Seq Scan",
                                                                  "Parent Relationship": "Outer",
                                                                  "Parallel Aware": true,
                                                                  "Async Capable": false,
                                                                  "Relation Name": "date_dim",
                                                                  "Alias": "date_dim_2",
                                                                  "Startup Cost": 0.0,
                                                                  "Total Cost": 2049.55,
                                                                  "Plan Rows": 18,
                                                                  "Plan Width": 4,
                                                                  "Filter": "((d_date >= '1998-08-19'::date) AND (d_date <= '1998-09-18 00:00:00'::timestamp without time zone))",
                                                                  "parent": 57,
                                                                  "ID": 58
                                                                }
                                                              ],
                                                              "parent": 55,
                                                              "ID": 57,
                                                              "left": 58
                                                            }
                                                          ],
                                                          "parent": 54,
                                                          "ID": 55,
                                                          "left": 56,
                                                          "right": 57
                                                        },
                                                        {
                                                          "Node Type": "Hash",
                                                          "Parent Relationship": "Inner",
                                                          "Parallel Aware": true,
                                                          "Async Capable": false,
                                                          "Startup Cost": 16278.74,
                                                          "Total Cost": 16278.74,
                                                          "Plan Rows": 299674,
                                                          "Plan Width": 20,
                                                          "Plans": [
                                                            {
                                                              "Node Type": "Seq Scan",
                                                              "Parent Relationship": "Outer",
                                                              "Parallel Aware": true,
                                                              "Async Capable": false,
                                                              "Relation Name": "web_returns",
                                                              "Alias": "web_returns",
                                                              "Startup Cost": 0.0,
                                                              "Total Cost": 16278.74,
                                                              "Plan Rows": 299674,
                                                              "Plan Width": 20,
                                                              "parent": 59,
                                                              "ID": 60
                                                            }
                                                          ],
                                                          "parent": 54,
                                                          "ID": 59,
                                                          "left": 60
                                                        }
                                                      ],
                                                      "parent": 53,
                                                      "ID": 54,
                                                      "left": 55,
                                                      "right": 59
                                                    },
                                                    {
                                                      "Node Type": "Hash",
                                                      "Parent Relationship": "Inner",
                                                      "Parallel Aware": true,
                                                      "Async Capable": false,
                                                      "Startup Cost": 7495.25,
                                                      "Total Cost": 7495.25,
                                                      "Plan Rows": 2442,
                                                      "Plan Width": 4,
                                                      "Plans": [
                                                        {
                                                          "Node Type": "Seq Scan",
                                                          "Parent Relationship": "Outer",
                                                          "Parallel Aware": true,
                                                          "Async Capable": false,
                                                          "Relation Name": "item",
                                                          "Alias": "item_2",
                                                          "Startup Cost": 0.0,
                                                          "Total Cost": 7495.25,
                                                          "Plan Rows": 2442,
                                                          "Plan Width": 4,
                                                          "Filter": "(i_current_price > '50'::numeric)",
                                                          "parent": 61,
                                                          "ID": 62
                                                        }
                                                      ],
                                                      "parent": 53,
                                                      "ID": 61,
                                                      "left": 62
                                                    }
                                                  ],
                                                  "parent": 52,
                                                  "ID": 53,
                                                  "left": 54,
                                                  "right": 61
                                                },
                                                {
                                                  "Node Type": "Hash",
                                                  "Parent Relationship": "Inner",
                                                  "Parallel Aware": false,
                                                  "Async Capable": false,
                                                  "Startup Cost": 19.25,
                                                  "Total Cost": 19.25,
                                                  "Plan Rows": 492,
                                                  "Plan Width": 4,
                                                  "Plans": [
                                                    {
                                                      "Node Type": "Seq Scan",
                                                      "Parent Relationship": "Outer",
                                                      "Parallel Aware": false,
                                                      "Async Capable": false,
                                                      "Relation Name": "promotion",
                                                      "Alias": "promotion_2",
                                                      "Startup Cost": 0.0,
                                                      "Total Cost": 19.25,
                                                      "Plan Rows": 492,
                                                      "Plan Width": 4,
                                                      "Filter": "(p_channel_tv = 'N'::bpchar)",
                                                      "parent": 63,
                                                      "ID": 64
                                                    }
                                                  ],
                                                  "parent": 52,
                                                  "ID": 63,
                                                  "left": 64
                                                }
                                              ],
                                              "parent": 51,
                                              "ID": 52,
                                              "left": 53,
                                              "right": 63
                                            },
                                            {
                                              "Node Type": "Hash",
                                              "Parent Relationship": "Inner",
                                              "Parallel Aware": false,
                                              "Async Capable": false,
                                              "Startup Cost": 3.42,
                                              "Total Cost": 3.42,
                                              "Plan Rows": 42,
                                              "Plan Width": 21,
                                              "Plans": [
                                                {
                                                  "Node Type": "Seq Scan",
                                                  "Parent Relationship": "Outer",
                                                  "Parallel Aware": false,
                                                  "Async Capable": false,
                                                  "Relation Name": "web_site",
                                                  "Alias": "web_site",
                                                  "Startup Cost": 0.0,
                                                  "Total Cost": 3.42,
                                                  "Plan Rows": 42,
                                                  "Plan Width": 21,
                                                  "parent": 65,
                                                  "ID": 66
                                                }
                                              ],
                                              "parent": 51,
                                              "ID": 65,
                                              "left": 66
                                            }
                                          ],
                                          "parent": 50,
                                          "ID": 51,
                                          "left": 52,
                                          "right": 65
                                        }
                                      ],
                                      "parent": 49,
                                      "ID": 50,
                                      "left": 51
                                    }
                                  ],
                                  "parent": 48,
                                  "ID": 49,
                                  "left": 50
                                }
                              ],
                              "parent": 47,
                              "ID": 48,
                              "left": 49
                            }
                          ],
                          "parent": 46,
                          "ID": 47,
                          "left": 48
                        }
                      ],
                      "parent": 3,
                      "ID": 46,
                      "left": 47
                    }
                  ],
                  "parent": 2,
                  "ID": 3,
                  "left": 4,
                  "right": 25
                }
              ],
              "parent": 1,
              "ID": 2,
              "left": 3
            }
          ],
          "parent": 0,
          "ID": 1,
          "left": 2
        }
      ],
      "parent": null,
      "ID": 0,
      "left": 1
    },
    "feat": {
      "utility": 0.0,
      "query_shape": [
        [
          "Seq Scan",
          "Hash Join",
          "Sort",
          "Aggregate",
          "Gather Merge",
          "Subquery Scan",
          "Append"
        ],
        [
          "Seq Scan",
          "Hash",
          "Hash Join",
          "Sort",
          "Aggregate",
          "Gather Merge",
          "Subquery Scan",
          "Append"
        ],
        [
          "Seq Scan",
          "Hash",
          "Hash Join",
          "Sort",
          "Aggregate",
          "Gather Merge",
          "Subquery Scan",
          "Append"
        ],
        [
          "Seq Scan",
          "Hash",
          "Hash Join",
          "Sort",
          "Aggregate",
          "Gather Merge",
          "Subquery Scan",
          "Append"
        ],
        [
          "Seq Scan",
          "Hash",
          "Hash Join",
          "Sort",
          "Aggregate",
          "Gather Merge",
          "Subquery Scan",
          "Append"
        ],
        [
          "Seq Scan",
          "Hash",
          "Hash Join",
          "Sort",
          "Aggregate",
          "Gather Merge",
          "Subquery Scan",
          "Append"
        ],
        [
          "Seq Scan",
          "Hash Join",
          "Sort",
          "Aggregate",
          "Gather Merge",
          "Subquery Scan",
          "Append"
        ],
        [
          "Seq Scan",
          "Hash",
          "Hash Join",
          "Sort",
          "Aggregate",
          "Gather Merge",
          "Subquery Scan",
          "Append"
        ],
        [
          "Seq Scan",
          "Hash",
          "Hash Join",
          "Sort",
          "Aggregate",
          "Gather Merge",
          "Subquery Scan",
          "Append"
        ],
        [
          "Seq Scan",
          "Hash",
          "Hash Join",
          "Sort",
          "Aggregate",
          "Gather Merge",
          "Subquery Scan",
          "Append"
        ],
        [
          "Seq Scan",
          "Hash",
          "Hash Join",
          "Sort",
          "Aggregate",
          "Gather Merge",
          "Subquery Scan",
          "Append"
        ],
        [
          "Seq Scan",
          "Hash",
          "Hash Join",
          "Sort",
          "Aggregate",
          "Gather Merge",
          "Subquery Scan",
          "Append"
        ],
        [
          "Seq Scan",
          "Hash Join",
          "Sort",
          "Aggregate",
          "Gather Merge",
          "Subquery Scan",
          "Append"
        ],
        [
          "Seq Scan",
          "Hash",
          "Hash Join",
          "Sort",
          "Aggregate",
          "Gather Merge",
          "Subquery Scan",
          "Append"
        ],
        [
          "Seq Scan",
          "Hash",
          "Hash Join",
          "Sort",
          "Aggregate",
          "Gather Merge",
          "Subquery Scan",
          "Append"
        ],
        [
          "Seq Scan",
          "Hash",
          "Hash Join",
          "Sort",
          "Aggregate",
          "Gather Merge",
          "Subquery Scan",
          "Append"
        ],
        [
          "Seq Scan",
          "Hash",
          "Hash Join",
          "Sort",
          "Aggregate",
          "Gather Merge",
          "Subquery Scan",
          "Append"
        ],
        [
          "Seq Scan",
          "Hash",
          "Hash Join",
          "Sort",
          "Aggregate",
          "Gather Merge",
          "Subquery Scan",
          "Append"
        ]
      ],
      "index_shape": [
        "order-by"
      ],
      "physical_operator": {
        "Sort": [
          "[0. 0. 0. 0. 0. 0. 0. 0. 0. 0. 0. 0. 0. 0. 0. 0. 0. 0. 0. 0. 0. 0. 0. 0.\n 0. 0. 0. 0. 0. 0. 0. 0. 0. 0. 0. 0. 0. 0. 0. 0. 0. 0. 0. 0. 0. 0. 0. 0.\n 0. 0. 0.]"
        ],
        "Aggregate": [
          "[0. 0. 0. 0. 0. 0. 0. 0. 0. 0. 0. 0. 0. 0. 0. 0. 0. 0. 0. 0. 0. 0. 0. 0.\n 0. 0. 0. 0. 0. 0. 0. 0. 0. 0. 0. 0. 0. 0. 0. 0. 0. 0. 0. 0. 0. 0. 0. 0.\n 0. 0. 0.]",
          "[0. 0. 0. 0. 0. 0. 0. 0. 0. 0. 0. 0. 0. 0. 0. 0. 0. 0. 0. 0. 0. 0. 0. 0.\n 0. 0. 0. 0. 0. 0. 0. 0. 0. 0. 0. 0. 0. 0. 0. 0. 0. 0. 0. 0. 0. 0. 0. 0.\n 0. 0. 0.]"
        ]
      }
    }
  },
  {
    "query": "with ssr as\n (select  s_store_id as store_id,\n          sum(ss_ext_sales_price) as sales,\n          sum(coalesce(sr_return_amt, 0)) as returns,\n          sum(ss_net_profit - coalesce(sr_net_loss, 0)) as profit\n  from store_sales left outer join store_returns on\n         (ss_item_sk = sr_item_sk and ss_ticket_number = sr_ticket_number),\n     date_dim,\n     store,\n     item,\n     promotion\n where ss_sold_date_sk = d_date_sk\n       and d_date between cast('1998-08-19' as date) \n                  and (cast('1998-08-19' as date) +  interval '30 days')\n       and ss_store_sk = s_store_sk\n       and ss_item_sk = i_item_sk\n       and i_current_price > 50\n       and ss_promo_sk = p_promo_sk\n       and p_channel_tv = 'N'\n group by s_store_id)\n ,\n csr as\n (select  cp_catalog_page_id as catalog_page_id,\n          sum(cs_ext_sales_price) as sales,\n          sum(coalesce(cr_return_amount, 0)) as returns,\n          sum(cs_net_profit - coalesce(cr_net_loss, 0)) as profit\n  from catalog_sales left outer join catalog_returns on\n         (cs_item_sk = cr_item_sk and cs_order_number = cr_order_number),\n     date_dim,\n     catalog_page,\n     item,\n     promotion\n where cs_sold_date_sk = d_date_sk\n       and d_date between cast('1998-08-19' as date)\n                  and (cast('1998-08-19' as date) +  interval '30 days')\n        and cs_catalog_page_sk = cp_catalog_page_sk\n       and cs_item_sk = i_item_sk\n       and i_current_price > 50\n       and cs_promo_sk = p_promo_sk\n       and p_channel_tv = 'N'\ngroup by cp_catalog_page_id)\n ,\n wsr as\n (select  web_site_id,\n          sum(ws_ext_sales_price) as sales,\n          sum(coalesce(wr_return_amt, 0)) as returns,\n          sum(ws_net_profit - coalesce(wr_net_loss, 0)) as profit\n  from web_sales left outer join web_returns on\n         (ws_item_sk = wr_item_sk and ws_order_number = wr_order_number),\n     date_dim,\n     web_site,\n     item,\n     promotion\n where ws_sold_date_sk = d_date_sk\n       and d_date between cast('1998-08-19' as date)\n                  and (cast('1998-08-19' as date) +  interval '30 days')\n        and ws_web_site_sk = web_site_sk\n       and ws_item_sk = i_item_sk\n       and i_current_price > 50\n       and ws_promo_sk = p_promo_sk\n       and p_channel_tv = 'N'\ngroup by web_site_id)\n  select  channel\n        , id\n        , sum(sales) as sales\n        , sum(returns) as returns\n        , sum(profit) as profit\n from \n (select 'store channel' as channel\n        , 'store' || store_id as id\n        , sales\n        , returns\n        , profit\n from   ssr\n union all\n select 'catalog channel' as channel\n        , 'catalog_page' || catalog_page_id as id\n        , sales\n        , returns\n        , profit\n from  csr\n union all\n select 'web channel' as channel\n        , 'web_site' || web_site_id as id\n        , sales\n        , returns\n        , profit\n from   wsr\n ) x\n group by rollup (channel, id)\n order by channel\n         ,id\n limit 100;\n\n-- end query 61 in stream 0 using template query80.tpl\n",
    "indexes": "catalog_returns.cr_item_sk",
    "wo plan est": {
      "Node Type": "Limit",
      "Parallel Aware": false,
      "Async Capable": false,
      "Startup Cost": 1566782.76,
      "Total Cost": 1566786.01,
      "Plan Rows": 100,
      "Plan Width": 160,
      "Plans": [
        {
          "Node Type": "Aggregate",
          "Strategy": "Sorted",
          "Partial Mode": "Simple",
          "Parent Relationship": "Outer",
          "Parallel Aware": false,
          "Async Capable": false,
          "Startup Cost": 1566782.76,
          "Total Cost": 1566795.8,
          "Plan Rows": 401,
          "Plan Width": 160,
          "Grouping Sets": [
            {
              "Group Keys": [
                [
                  "('store channel'::text)",
                  "(('store'::text || (ssr.store_id)::text))"
                ],
                [
                  "('store channel'::text)"
                ],
                []
              ]
            }
          ],
          "Plans": [
            {
              "Node Type": "Sort",
              "Parent Relationship": "Outer",
              "Parallel Aware": false,
              "Async Capable": false,
              "Startup Cost": 1566782.76,
              "Total Cost": 1566783.77,
              "Plan Rows": 401,
              "Plan Width": 160,
              "Sort Key": [
                "('store channel'::text)",
                "(('store'::text || (ssr.store_id)::text))"
              ],
              "Plans": [
                {
                  "Node Type": "Append",
                  "Parent Relationship": "Outer",
                  "Parallel Aware": false,
                  "Async Capable": false,
                  "Startup Cost": 784591.9,
                  "Total Cost": 1566765.43,
                  "Plan Rows": 401,
                  "Plan Width": 160,
                  "Subplans Removed": 0,
                  "Plans": [
                    {
                      "Node Type": "Subquery Scan",
                      "Parent Relationship": "Member",
                      "Parallel Aware": false,
                      "Async Capable": false,
                      "Alias": "ssr",
                      "Startup Cost": 784591.9,
                      "Total Cost": 784611.64,
                      "Plan Rows": 51,
                      "Plan Width": 160,
                      "Plans": [
                        {
                          "Node Type": "Aggregate",
                          "Strategy": "Sorted",
                          "Partial Mode": "Finalize",
                          "Parent Relationship": "Subquery",
                          "Parallel Aware": false,
                          "Async Capable": false,
                          "Startup Cost": 784591.9,
                          "Total Cost": 784610.87,
                          "Plan Rows": 51,
                          "Plan Width": 113,
                          "Group Key": [
                            "store.s_store_id"
                          ],
                          "Plans": [
                            {
                              "Node Type": "Gather Merge",
                              "Parent Relationship": "Outer",
                              "Parallel Aware": false,
                              "Async Capable": false,
                              "Startup Cost": 784591.9,
                              "Total Cost": 784608.2,
                              "Plan Rows": 102,
                              "Plan Width": 113,
                              "Workers Planned": 2,
                              "Plans": [
                                {
                                  "Node Type": "Aggregate",
                                  "Strategy": "Sorted",
                                  "Partial Mode": "Partial",
                                  "Parent Relationship": "Outer",
                                  "Parallel Aware": false,
                                  "Async Capable": false,
                                  "Startup Cost": 783591.88,
                                  "Total Cost": 783596.4,
                                  "Plan Rows": 51,
                                  "Plan Width": 113,
                                  "Group Key": [
                                    "store.s_store_id"
                                  ],
                                  "Plans": [
                                    {
                                      "Node Type": "Sort",
                                      "Parent Relationship": "Outer",
                                      "Parallel Aware": false,
                                      "Async Capable": false,
                                      "Startup Cost": 783591.88,
                                      "Total Cost": 783592.48,
                                      "Plan Rows": 242,
                                      "Plan Width": 41,
                                      "Sort Key": [
                                        "store.s_store_id"
                                      ],
                                      "Plans": [
                                        {
                                          "Node Type": "Hash Join",
                                          "Parent Relationship": "Outer",
                                          "Parallel Aware": false,
                                          "Async Capable": false,
                                          "Join Type": "Inner",
                                          "Startup Cost": 94489.35,
                                          "Total Cost": 783582.3,
                                          "Plan Rows": 242,
                                          "Plan Width": 41,
                                          "Inner Unique": false,
                                          "Hash Cond": "(store_sales.ss_store_sk = store.s_store_sk)",
                                          "Plans": [
                                            {
                                              "Node Type": "Hash Join",
                                              "Parent Relationship": "Outer",
                                              "Parallel Aware": false,
                                              "Async Capable": false,
                                              "Join Type": "Inner",
                                              "Startup Cost": 94482.05,
                                              "Total Cost": 783571.63,
                                              "Plan Rows": 254,
                                              "Plan Width": 28,
                                              "Inner Unique": false,
                                              "Hash Cond": "(store_sales.ss_promo_sk = promotion.p_promo_sk)",
                                              "Plans": [
                                                {
                                                  "Node Type": "Hash Join",
                                                  "Parent Relationship": "Outer",
                                                  "Parallel Aware": true,
                                                  "Async Capable": false,
                                                  "Join Type": "Inner",
                                                  "Startup Cost": 94456.65,
                                                  "Total Cost": 783542.68,
                                                  "Plan Rows": 270,
                                                  "Plan Width": 32,
                                                  "Inner Unique": false,
                                                  "Hash Cond": "(store_sales.ss_item_sk = item.i_item_sk)",
                                                  "Plans": [
                                                    {
                                                      "Node Type": "Hash Join",
                                                      "Parent Relationship": "Outer",
                                                      "Parallel Aware": true,
                                                      "Async Capable": false,
                                                      "Join Type": "Left",
                                                      "Startup Cost": 86930.88,
                                                      "Total Cost": 775998.13,
                                                      "Plan Rows": 4703,
                                                      "Plan Width": 36,
                                                      "Inner Unique": false,
                                                      "Hash Cond": "((store_sales.ss_item_sk = store_returns.sr_item_sk) AND (store_sales.ss_ticket_number = store_returns.sr_ticket_number))",
                                                      "Plans": [
                                                        {
                                                          "Node Type": "Hash Join",
                                                          "Parent Relationship": "Outer",
                                                          "Parallel Aware": true,
                                                          "Async Capable": false,
                                                          "Join Type": "Inner",
                                                          "Startup Cost": 2049.78,
                                                          "Total Cost": 683994.75,
                                                          "Plan Rows": 4703,
                                                          "Plan Width": 28,
                                                          "Inner Unique": false,
                                                          "Hash Cond": "(store_sales.ss_sold_date_sk = date_dim.d_date_sk)",
                                                          "Plans": [
                                                            {
                                                              "Node Type": "Seq Scan",
                                                              "Parent Relationship": "Outer",
                                                              "Parallel Aware": true,
                                                              "Async Capable": false,
                                                              "Relation Name": "store_sales",
                                                              "Alias": "store_sales",
                                                              "Startup Cost": 0.0,
                                                              "Total Cost": 636914.37,
                                                              "Plan Rows": 12000637,
                                                              "Plan Width": 32,
                                                              "parent": 13,
                                                              "ID": 14
                                                            },
                                                            {
                                                              "Node Type": "Hash",
                                                              "Parent Relationship": "Inner",
                                                              "Parallel Aware": true,
                                                              "Async Capable": false,
                                                              "Startup Cost": 2049.55,
                                                              "Total Cost": 2049.55,
                                                              "Plan Rows": 18,
                                                              "Plan Width": 4,
                                                              "Plans": [
                                                                {
                                                                  "Node Type": "Seq Scan",
                                                                  "Parent Relationship": "Outer",
                                                                  "Parallel Aware": true,
                                                                  "Async Capable": false,
                                                                  "Relation Name": "date_dim",
                                                                  "Alias": "date_dim",
                                                                  "Startup Cost": 0.0,
                                                                  "Total Cost": 2049.55,
                                                                  "Plan Rows": 18,
                                                                  "Plan Width": 4,
                                                                  "Filter": "((d_date >= '1998-08-19'::date) AND (d_date <= '1998-09-18 00:00:00'::timestamp without time zone))",
                                                                  "parent": 15,
                                                                  "ID": 16
                                                                }
                                                              ],
                                                              "parent": 13,
                                                              "ID": 15,
                                                              "left": 16
                                                            }
                                                          ],
                                                          "parent": 12,
                                                          "ID": 13,
                                                          "left": 14,
                                                          "right": 15
                                                        },
                                                        {
                                                          "Node Type": "Hash",
                                                          "Parent Relationship": "Inner",
                                                          "Parallel Aware": true,
                                                          "Async Capable": false,
                                                          "Startup Cost": 59887.64,
                                                          "Total Cost": 59887.64,
                                                          "Plan Rows": 1198164,
                                                          "Plan Width": 20,
                                                          "Plans": [
                                                            {
                                                              "Node Type": "Seq Scan",
                                                              "Parent Relationship": "Outer",
                                                              "Parallel Aware": true,
                                                              "Async Capable": false,
                                                              "Relation Name": "store_returns",
                                                              "Alias": "store_returns",
                                                              "Startup Cost": 0.0,
                                                              "Total Cost": 59887.64,
                                                              "Plan Rows": 1198164,
                                                              "Plan Width": 20,
                                                              "parent": 17,
                                                              "ID": 18
                                                            }
                                                          ],
                                                          "parent": 12,
                                                          "ID": 17,
                                                          "left": 18
                                                        }
                                                      ],
                                                      "parent": 11,
                                                      "ID": 12,
                                                      "left": 13,
                                                      "right": 17
                                                    },
                                                    {
                                                      "Node Type": "Hash",
                                                      "Parent Relationship": "Inner",
                                                      "Parallel Aware": true,
                                                      "Async Capable": false,
                                                      "Startup Cost": 7495.25,
                                                      "Total Cost": 7495.25,
                                                      "Plan Rows": 2442,
                                                      "Plan Width": 4,
                                                      "Plans": [
                                                        {
                                                          "Node Type": "Seq Scan",
                                                          "Parent Relationship": "Outer",
                                                          "Parallel Aware": true,
                                                          "Async Capable": false,
                                                          "Relation Name": "item",
                                                          "Alias": "item",
                                                          "Startup Cost": 0.0,
                                                          "Total Cost": 7495.25,
                                                          "Plan Rows": 2442,
                                                          "Plan Width": 4,
                                                          "Filter": "(i_current_price > '50'::numeric)",
                                                          "parent": 19,
                                                          "ID": 20
                                                        }
                                                      ],
                                                      "parent": 11,
                                                      "ID": 19,
                                                      "left": 20
                                                    }
                                                  ],
                                                  "parent": 10,
                                                  "ID": 11,
                                                  "left": 12,
                                                  "right": 19
                                                },
                                                {
                                                  "Node Type": "Hash",
                                                  "Parent Relationship": "Inner",
                                                  "Parallel Aware": false,
                                                  "Async Capable": false,
                                                  "Startup Cost": 19.25,
                                                  "Total Cost": 19.25,
                                                  "Plan Rows": 492,
                                                  "Plan Width": 4,
                                                  "Plans": [
                                                    {
                                                      "Node Type": "Seq Scan",
                                                      "Parent Relationship": "Outer",
                                                      "Parallel Aware": false,
                                                      "Async Capable": false,
                                                      "Relation Name": "promotion",
                                                      "Alias": "promotion",
                                                      "Startup Cost": 0.0,
                                                      "Total Cost": 19.25,
                                                      "Plan Rows": 492,
                                                      "Plan Width": 4,
                                                      "Filter": "(p_channel_tv = 'N'::bpchar)",
                                                      "parent": 21,
                                                      "ID": 22
                                                    }
                                                  ],
                                                  "parent": 10,
                                                  "ID": 21,
                                                  "left": 22
                                                }
                                              ],
                                              "parent": 9,
                                              "ID": 10,
                                              "left": 11,
                                              "right": 21
                                            },
                                            {
                                              "Node Type": "Hash",
                                              "Parent Relationship": "Inner",
                                              "Parallel Aware": false,
                                              "Async Capable": false,
                                              "Startup Cost": 6.02,
                                              "Total Cost": 6.02,
                                              "Plan Rows": 102,
                                              "Plan Width": 21,
                                              "Plans": [
                                                {
                                                  "Node Type": "Seq Scan",
                                                  "Parent Relationship": "Outer",
                                                  "Parallel Aware": false,
                                                  "Async Capable": false,
                                                  "Relation Name": "store",
                                                  "Alias": "store",
                                                  "Startup Cost": 0.0,
                                                  "Total Cost": 6.02,
                                                  "Plan Rows": 102,
                                                  "Plan Width": 21,
                                                  "parent": 23,
                                                  "ID": 24
                                                }
                                              ],
                                              "parent": 9,
                                              "ID": 23,
                                              "left": 24
                                            }
                                          ],
                                          "parent": 8,
                                          "ID": 9,
                                          "left": 10,
                                          "right": 23
                                        }
                                      ],
                                      "parent": 7,
                                      "ID": 8,
                                      "left": 9
                                    }
                                  ],
                                  "parent": 6,
                                  "ID": 7,
                                  "left": 8
                                }
                              ],
                              "parent": 5,
                              "ID": 6,
                              "left": 7
                            }
                          ],
                          "parent": 4,
                          "ID": 5,
                          "left": 6
                        }
                      ],
                      "parent": 3,
                      "ID": 4,
                      "left": 5
                    },
                    {
                      "Node Type": "Subquery Scan",
                      "Parent Relationship": "Member",
                      "Parallel Aware": false,
                      "Async Capable": false,
                      "Alias": "csr",
                      "Startup Cost": 518174.1,
                      "Total Cost": 518225.66,
                      "Plan Rows": 329,
                      "Plan Width": 160,
                      "Plans": [
                        {
                          "Node Type": "Aggregate",
                          "Strategy": "Sorted",
                          "Partial Mode": "Finalize",
                          "Parent Relationship": "Subquery",
                          "Parallel Aware": false,
                          "Async Capable": false,
                          "Startup Cost": 518174.1,
                          "Total Cost": 518220.73,
                          "Plan Rows": 329,
                          "Plan Width": 113,
                          "Group Key": [
                            "catalog_page.cp_catalog_page_id"
                          ],
                          "Plans": [
                            {
                              "Node Type": "Gather Merge",
                              "Parent Relationship": "Outer",
                              "Parallel Aware": false,
                              "Async Capable": false,
                              "Startup Cost": 518174.1,
                              "Total Cost": 518210.18,
                              "Plan Rows": 274,
                              "Plan Width": 113,
                              "Workers Planned": 2,
                              "Plans": [
                                {
                                  "Node Type": "Aggregate",
                                  "Strategy": "Sorted",
                                  "Partial Mode": "Partial",
                                  "Parent Relationship": "Outer",
                                  "Parallel Aware": false,
                                  "Async Capable": false,
                                  "Startup Cost": 517174.07,
                                  "Total Cost": 517178.53,
                                  "Plan Rows": 137,
                                  "Plan Width": 113,
                                  "Group Key": [
                                    "catalog_page.cp_catalog_page_id"
                                  ],
                                  "Plans": [
                                    {
                                      "Node Type": "Sort",
                                      "Parent Relationship": "Outer",
                                      "Parallel Aware": false,
                                      "Async Capable": false,
                                      "Startup Cost": 517174.07,
                                      "Total Cost": 517174.42,
                                      "Plan Rows": 137,
                                      "Plan Width": 41,
                                      "Sort Key": [
                                        "catalog_page.cp_catalog_page_id"
                                      ],
                                      "Plans": [
                                        {
                                          "Node Type": "Hash Join",
                                          "Parent Relationship": "Outer",
                                          "Parallel Aware": false,
                                          "Async Capable": false,
                                          "Join Type": "Inner",
                                          "Startup Cost": 57382.33,
                                          "Total Cost": 517169.21,
                                          "Plan Rows": 137,
                                          "Plan Width": 41,
                                          "Inner Unique": false,
                                          "Hash Cond": "(catalog_sales.cs_catalog_page_sk = catalog_page.cp_catalog_page_sk)",
                                          "Plans": [
                                            {
                                              "Node Type": "Hash Join",
                                              "Parent Relationship": "Outer",
                                              "Parallel Aware": false,
                                              "Async Capable": false,
                                              "Join Type": "Inner",
                                              "Startup Cost": 56864.33,
                                              "Total Cost": 516649.32,
                                              "Plan Rows": 138,
                                              "Plan Width": 28,
                                              "Inner Unique": false,
                                              "Hash Cond": "(catalog_sales.cs_promo_sk = promotion_1.p_promo_sk)",
                                              "Plans": [
                                                {
                                                  "Node Type": "Hash Join",
                                                  "Parent Relationship": "Outer",
                                                  "Parallel Aware": true,
                                                  "Async Capable": false,
                                                  "Join Type": "Inner",
                                                  "Startup Cost": 56838.93,
                                                  "Total Cost": 516622.01,
                                                  "Plan Rows": 141,
                                                  "Plan Width": 32,
                                                  "Inner Unique": false,
                                                  "Hash Cond": "(catalog_sales.cs_item_sk = item_1.i_item_sk)",
                                                  "Plans": [
                                                    {
                                                      "Node Type": "Hash Join",
                                                      "Parent Relationship": "Outer",
                                                      "Parallel Aware": true,
                                                      "Async Capable": false,
                                                      "Join Type": "Left",
                                                      "Startup Cost": 49313.15,
                                                      "Total Cost": 509086.46,
                                                      "Plan Rows": 2450,
                                                      "Plan Width": 36,
                                                      "Inner Unique": false,
                                                      "Hash Cond": "((catalog_sales.cs_item_sk = catalog_returns.cr_item_sk) AND (catalog_sales.cs_order_number = catalog_returns.cr_order_number))",
                                                      "Plans": [
                                                        {
                                                          "Node Type": "Hash Join",
                                                          "Parent Relationship": "Outer",
                                                          "Parallel Aware": true,
                                                          "Async Capable": false,
                                                          "Join Type": "Inner",
                                                          "Startup Cost": 2049.78,
                                                          "Total Cost": 458254.7,
                                                          "Plan Rows": 2450,
                                                          "Plan Width": 28,
                                                          "Inner Unique": false,
                                                          "Hash Cond": "(catalog_sales.cs_sold_date_sk = date_dim_1.d_date_sk)",
                                                          "Plans": [
                                                            {
                                                              "Node Type": "Seq Scan",
                                                              "Parent Relationship": "Outer",
                                                              "Parallel Aware": true,
                                                              "Async Capable": false,
                                                              "Relation Name": "catalog_sales",
                                                              "Alias": "catalog_sales",
                                                              "Startup Cost": 0.0,
                                                              "Total Cost": 433688.25,
                                                              "Plan Rows": 6000525,
                                                              "Plan Width": 32,
                                                              "parent": 34,
                                                              "ID": 35
                                                            },
                                                            {
                                                              "Node Type": "Hash",
                                                              "Parent Relationship": "Inner",
                                                              "Parallel Aware": true,
                                                              "Async Capable": false,
                                                              "Startup Cost": 2049.55,
                                                              "Total Cost": 2049.55,
                                                              "Plan Rows": 18,
                                                              "Plan Width": 4,
                                                              "Plans": [
                                                                {
                                                                  "Node Type": "Seq Scan",
                                                                  "Parent Relationship": "Outer",
                                                                  "Parallel Aware": true,
                                                                  "Async Capable": false,
                                                                  "Relation Name": "date_dim",
                                                                  "Alias": "date_dim_1",
                                                                  "Startup Cost": 0.0,
                                                                  "Total Cost": 2049.55,
                                                                  "Plan Rows": 18,
                                                                  "Plan Width": 4,
                                                                  "Filter": "((d_date >= '1998-08-19'::date) AND (d_date <= '1998-09-18 00:00:00'::timestamp without time zone))",
                                                                  "parent": 36,
                                                                  "ID": 37
                                                                }
                                                              ],
                                                              "parent": 34,
                                                              "ID": 36,
                                                              "left": 37
                                                            }
                                                          ],
                                                          "parent": 33,
                                                          "ID": 34,
                                                          "left": 35,
                                                          "right": 36
                                                        },
                                                        {
                                                          "Node Type": "Hash",
                                                          "Parent Relationship": "Inner",
                                                          "Parallel Aware": true,
                                                          "Async Capable": false,
                                                          "Startup Cost": 34748.95,
                                                          "Total Cost": 34748.95,
                                                          "Plan Rows": 599895,
                                                          "Plan Width": 20,
                                                          "Plans": [
                                                            {
                                                              "Node Type": "Seq Scan",
                                                              "Parent Relationship": "Outer",
                                                              "Parallel Aware": true,
                                                              "Async Capable": false,
                                                              "Relation Name": "catalog_returns",
                                                              "Alias": "catalog_returns",
                                                              "Startup Cost": 0.0,
                                                              "Total Cost": 34748.95,
                                                              "Plan Rows": 599895,
                                                              "Plan Width": 20,
                                                              "parent": 38,
                                                              "ID": 39
                                                            }
                                                          ],
                                                          "parent": 33,
                                                          "ID": 38,
                                                          "left": 39
                                                        }
                                                      ],
                                                      "parent": 32,
                                                      "ID": 33,
                                                      "left": 34,
                                                      "right": 38
                                                    },
                                                    {
                                                      "Node Type": "Hash",
                                                      "Parent Relationship": "Inner",
                                                      "Parallel Aware": true,
                                                      "Async Capable": false,
                                                      "Startup Cost": 7495.25,
                                                      "Total Cost": 7495.25,
                                                      "Plan Rows": 2442,
                                                      "Plan Width": 4,
                                                      "Plans": [
                                                        {
                                                          "Node Type": "Seq Scan",
                                                          "Parent Relationship": "Outer",
                                                          "Parallel Aware": true,
                                                          "Async Capable": false,
                                                          "Relation Name": "item",
                                                          "Alias": "item_1",
                                                          "Startup Cost": 0.0,
                                                          "Total Cost": 7495.25,
                                                          "Plan Rows": 2442,
                                                          "Plan Width": 4,
                                                          "Filter": "(i_current_price > '50'::numeric)",
                                                          "parent": 40,
                                                          "ID": 41
                                                        }
                                                      ],
                                                      "parent": 32,
                                                      "ID": 40,
                                                      "left": 41
                                                    }
                                                  ],
                                                  "parent": 31,
                                                  "ID": 32,
                                                  "left": 33,
                                                  "right": 40
                                                },
                                                {
                                                  "Node Type": "Hash",
                                                  "Parent Relationship": "Inner",
                                                  "Parallel Aware": false,
                                                  "Async Capable": false,
                                                  "Startup Cost": 19.25,
                                                  "Total Cost": 19.25,
                                                  "Plan Rows": 492,
                                                  "Plan Width": 4,
                                                  "Plans": [
                                                    {
                                                      "Node Type": "Seq Scan",
                                                      "Parent Relationship": "Outer",
                                                      "Parallel Aware": false,
                                                      "Async Capable": false,
                                                      "Relation Name": "promotion",
                                                      "Alias": "promotion_1",
                                                      "Startup Cost": 0.0,
                                                      "Total Cost": 19.25,
                                                      "Plan Rows": 492,
                                                      "Plan Width": 4,
                                                      "Filter": "(p_channel_tv = 'N'::bpchar)",
                                                      "parent": 42,
                                                      "ID": 43
                                                    }
                                                  ],
                                                  "parent": 31,
                                                  "ID": 42,
                                                  "left": 43
                                                }
                                              ],
                                              "parent": 30,
                                              "ID": 31,
                                              "left": 32,
                                              "right": 42
                                            },
                                            {
                                              "Node Type": "Hash",
                                              "Parent Relationship": "Inner",
                                              "Parallel Aware": false,
                                              "Async Capable": false,
                                              "Startup Cost": 368.0,
                                              "Total Cost": 368.0,
                                              "Plan Rows": 12000,
                                              "Plan Width": 21,
                                              "Plans": [
                                                {
                                                  "Node Type": "Seq Scan",
                                                  "Parent Relationship": "Outer",
                                                  "Parallel Aware": false,
                                                  "Async Capable": false,
                                                  "Relation Name": "catalog_page",
                                                  "Alias": "catalog_page",
                                                  "Startup Cost": 0.0,
                                                  "Total Cost": 368.0,
                                                  "Plan Rows": 12000,
                                                  "Plan Width": 21,
                                                  "parent": 44,
                                                  "ID": 45
                                                }
                                              ],
                                              "parent": 30,
                                              "ID": 44,
                                              "left": 45
                                            }
                                          ],
                                          "parent": 29,
                                          "ID": 30,
                                          "left": 31,
                                          "right": 44
                                        }
                                      ],
                                      "parent": 28,
                                      "ID": 29,
                                      "left": 30
                                    }
                                  ],
                                  "parent": 27,
                                  "ID": 28,
                                  "left": 29
                                }
                              ],
                              "parent": 26,
                              "ID": 27,
                              "left": 28
                            }
                          ],
                          "parent": 25,
                          "ID": 26,
                          "left": 27
                        }
                      ],
                      "parent": 3,
                      "ID": 25,
                      "left": 26
                    },
                    {
                      "Node Type": "Subquery Scan",
                      "Parent Relationship": "Member",
                      "Parallel Aware": false,
                      "Async Capable": false,
                      "Alias": "wsr",
                      "Startup Cost": 263918.43,
                      "Total Cost": 263926.12,
                      "Plan Rows": 21,
                      "Plan Width": 160,
                      "Plans": [
                        {
                          "Node Type": "Aggregate",
                          "Strategy": "Sorted",
                          "Partial Mode": "Finalize",
                          "Parent Relationship": "Subquery",
                          "Parallel Aware": false,
                          "Async Capable": false,
                          "Startup Cost": 263918.43,
                          "Total Cost": 263925.8,
                          "Plan Rows": 21,
                          "Plan Width": 113,
                          "Group Key": [
                            "web_site.web_site_id"
                          ],
                          "Plans": [
                            {
                              "Node Type": "Gather Merge",
                              "Parent Relationship": "Outer",
                              "Parallel Aware": false,
                              "Async Capable": false,
                              "Startup Cost": 263918.43,
                              "Total Cost": 263924.7,
                              "Plan Rows": 42,
                              "Plan Width": 113,
                              "Workers Planned": 2,
                              "Plans": [
                                {
                                  "Node Type": "Aggregate",
                                  "Strategy": "Sorted",
                                  "Partial Mode": "Partial",
                                  "Parent Relationship": "Outer",
                                  "Parallel Aware": false,
                                  "Async Capable": false,
                                  "Startup Cost": 262918.41,
                                  "Total Cost": 262919.83,
                                  "Plan Rows": 21,
                                  "Plan Width": 113,
                                  "Group Key": [
                                    "web_site.web_site_id"
                                  ],
                                  "Plans": [
                                    {
                                      "Node Type": "Sort",
                                      "Parent Relationship": "Outer",
                                      "Parallel Aware": false,
                                      "Async Capable": false,
                                      "Startup Cost": 262918.41,
                                      "Total Cost": 262918.59,
                                      "Plan Rows": 70,
                                      "Plan Width": 41,
                                      "Sort Key": [
                                        "web_site.web_site_id"
                                      ],
                                      "Plans": [
                                        {
                                          "Node Type": "Hash Join",
                                          "Parent Relationship": "Outer",
                                          "Parallel Aware": false,
                                          "Async Capable": false,
                                          "Join Type": "Inner",
                                          "Startup Cost": 32134.74,
                                          "Total Cost": 262916.27,
                                          "Plan Rows": 70,
                                          "Plan Width": 41,
                                          "Inner Unique": false,
                                          "Hash Cond": "(web_sales.ws_web_site_sk = web_site.web_site_sk)",
                                          "Plans": [
                                            {
                                              "Node Type": "Hash Join",
                                              "Parent Relationship": "Outer",
                                              "Parallel Aware": false,
                                              "Async Capable": false,
                                              "Join Type": "Inner",
                                              "Startup Cost": 32130.8,
                                              "Total Cost": 262911.36,
                                              "Plan Rows": 70,
                                              "Plan Width": 28,
                                              "Inner Unique": false,
                                              "Hash Cond": "(web_sales.ws_promo_sk = promotion_2.p_promo_sk)",
                                              "Plans": [
                                                {
                                                  "Node Type": "Hash Join",
                                                  "Parent Relationship": "Outer",
                                                  "Parallel Aware": true,
                                                  "Async Capable": false,
                                                  "Join Type": "Inner",
                                                  "Startup Cost": 32105.4,
                                                  "Total Cost": 262884.99,
                                                  "Plan Rows": 71,
                                                  "Plan Width": 32,
                                                  "Inner Unique": false,
                                                  "Hash Cond": "(web_sales.ws_item_sk = item_2.i_item_sk)",
                                                  "Plans": [
                                                    {
                                                      "Node Type": "Hash Join",
                                                      "Parent Relationship": "Outer",
                                                      "Parallel Aware": true,
                                                      "Async Capable": false,
                                                      "Join Type": "Left",
                                                      "Startup Cost": 24579.62,
                                                      "Total Cost": 255354.31,
                                                      "Plan Rows": 1231,
                                                      "Plan Width": 36,
                                                      "Inner Unique": false,
                                                      "Hash Cond": "((web_sales.ws_item_sk = web_returns.wr_item_sk) AND (web_sales.ws_order_number = web_returns.wr_order_number))",
                                                      "Plans": [
                                                        {
                                                          "Node Type": "Hash Join",
                                                          "Parent Relationship": "Outer",
                                                          "Parallel Aware": true,
                                                          "Async Capable": false,
                                                          "Join Type": "Inner",
                                                          "Startup Cost": 2049.78,
                                                          "Total Cost": 231041.22,
                                                          "Plan Rows": 1231,
                                                          "Plan Width": 28,
                                                          "Inner Unique": false,
                                                          "Hash Cond": "(web_sales.ws_sold_date_sk = date_dim_2.d_date_sk)",
                                                          "Plans": [
                                                            {
                                                              "Node Type": "Seq Scan",
                                                              "Parent Relationship": "Outer",
                                                              "Parallel Aware": true,
                                                              "Async Capable": false,
                                                              "Relation Name": "web_sales",
                                                              "Alias": "web_sales",
                                                              "Startup Cost": 0.0,
                                                              "Total Cost": 217737.86,
                                                              "Plan Rows": 2998986,
                                                              "Plan Width": 32,
                                                              "parent": 55,
                                                              "ID": 56
                                                            },
                                                            {
                                                              "Node Type": "Hash",
                                                              "Parent Relationship": "Inner",
                                                              "Parallel Aware": true,
                                                              "Async Capable": false,
                                                              "Startup Cost": 2049.55,
                                                              "Total Cost": 2049.55,
                                                              "Plan Rows": 18,
                                                              "Plan Width": 4,
                                                              "Plans": [
                                                                {
                                                                  "Node Type": "Seq Scan",
                                                                  "Parent Relationship": "Outer",
                                                                  "Parallel Aware": true,
                                                                  "Async Capable": false,
                                                                  "Relation Name": "date_dim",
                                                                  "Alias": "date_dim_2",
                                                                  "Startup Cost": 0.0,
                                                                  "Total Cost": 2049.55,
                                                                  "Plan Rows": 18,
                                                                  "Plan Width": 4,
                                                                  "Filter": "((d_date >= '1998-08-19'::date) AND (d_date <= '1998-09-18 00:00:00'::timestamp without time zone))",
                                                                  "parent": 57,
                                                                  "ID": 58
                                                                }
                                                              ],
                                                              "parent": 55,
                                                              "ID": 57,
                                                              "left": 58
                                                            }
                                                          ],
                                                          "parent": 54,
                                                          "ID": 55,
                                                          "left": 56,
                                                          "right": 57
                                                        },
                                                        {
                                                          "Node Type": "Hash",
                                                          "Parent Relationship": "Inner",
                                                          "Parallel Aware": true,
                                                          "Async Capable": false,
                                                          "Startup Cost": 16278.74,
                                                          "Total Cost": 16278.74,
                                                          "Plan Rows": 299674,
                                                          "Plan Width": 20,
                                                          "Plans": [
                                                            {
                                                              "Node Type": "Seq Scan",
                                                              "Parent Relationship": "Outer",
                                                              "Parallel Aware": true,
                                                              "Async Capable": false,
                                                              "Relation Name": "web_returns",
                                                              "Alias": "web_returns",
                                                              "Startup Cost": 0.0,
                                                              "Total Cost": 16278.74,
                                                              "Plan Rows": 299674,
                                                              "Plan Width": 20,
                                                              "parent": 59,
                                                              "ID": 60
                                                            }
                                                          ],
                                                          "parent": 54,
                                                          "ID": 59,
                                                          "left": 60
                                                        }
                                                      ],
                                                      "parent": 53,
                                                      "ID": 54,
                                                      "left": 55,
                                                      "right": 59
                                                    },
                                                    {
                                                      "Node Type": "Hash",
                                                      "Parent Relationship": "Inner",
                                                      "Parallel Aware": true,
                                                      "Async Capable": false,
                                                      "Startup Cost": 7495.25,
                                                      "Total Cost": 7495.25,
                                                      "Plan Rows": 2442,
                                                      "Plan Width": 4,
                                                      "Plans": [
                                                        {
                                                          "Node Type": "Seq Scan",
                                                          "Parent Relationship": "Outer",
                                                          "Parallel Aware": true,
                                                          "Async Capable": false,
                                                          "Relation Name": "item",
                                                          "Alias": "item_2",
                                                          "Startup Cost": 0.0,
                                                          "Total Cost": 7495.25,
                                                          "Plan Rows": 2442,
                                                          "Plan Width": 4,
                                                          "Filter": "(i_current_price > '50'::numeric)",
                                                          "parent": 61,
                                                          "ID": 62
                                                        }
                                                      ],
                                                      "parent": 53,
                                                      "ID": 61,
                                                      "left": 62
                                                    }
                                                  ],
                                                  "parent": 52,
                                                  "ID": 53,
                                                  "left": 54,
                                                  "right": 61
                                                },
                                                {
                                                  "Node Type": "Hash",
                                                  "Parent Relationship": "Inner",
                                                  "Parallel Aware": false,
                                                  "Async Capable": false,
                                                  "Startup Cost": 19.25,
                                                  "Total Cost": 19.25,
                                                  "Plan Rows": 492,
                                                  "Plan Width": 4,
                                                  "Plans": [
                                                    {
                                                      "Node Type": "Seq Scan",
                                                      "Parent Relationship": "Outer",
                                                      "Parallel Aware": false,
                                                      "Async Capable": false,
                                                      "Relation Name": "promotion",
                                                      "Alias": "promotion_2",
                                                      "Startup Cost": 0.0,
                                                      "Total Cost": 19.25,
                                                      "Plan Rows": 492,
                                                      "Plan Width": 4,
                                                      "Filter": "(p_channel_tv = 'N'::bpchar)",
                                                      "parent": 63,
                                                      "ID": 64
                                                    }
                                                  ],
                                                  "parent": 52,
                                                  "ID": 63,
                                                  "left": 64
                                                }
                                              ],
                                              "parent": 51,
                                              "ID": 52,
                                              "left": 53,
                                              "right": 63
                                            },
                                            {
                                              "Node Type": "Hash",
                                              "Parent Relationship": "Inner",
                                              "Parallel Aware": false,
                                              "Async Capable": false,
                                              "Startup Cost": 3.42,
                                              "Total Cost": 3.42,
                                              "Plan Rows": 42,
                                              "Plan Width": 21,
                                              "Plans": [
                                                {
                                                  "Node Type": "Seq Scan",
                                                  "Parent Relationship": "Outer",
                                                  "Parallel Aware": false,
                                                  "Async Capable": false,
                                                  "Relation Name": "web_site",
                                                  "Alias": "web_site",
                                                  "Startup Cost": 0.0,
                                                  "Total Cost": 3.42,
                                                  "Plan Rows": 42,
                                                  "Plan Width": 21,
                                                  "parent": 65,
                                                  "ID": 66
                                                }
                                              ],
                                              "parent": 51,
                                              "ID": 65,
                                              "left": 66
                                            }
                                          ],
                                          "parent": 50,
                                          "ID": 51,
                                          "left": 52,
                                          "right": 65
                                        }
                                      ],
                                      "parent": 49,
                                      "ID": 50,
                                      "left": 51
                                    }
                                  ],
                                  "parent": 48,
                                  "ID": 49,
                                  "left": 50
                                }
                              ],
                              "parent": 47,
                              "ID": 48,
                              "left": 49
                            }
                          ],
                          "parent": 46,
                          "ID": 47,
                          "left": 48
                        }
                      ],
                      "parent": 3,
                      "ID": 46,
                      "left": 47
                    }
                  ],
                  "parent": 2,
                  "ID": 3,
                  "left": 4,
                  "right": 25
                }
              ],
              "parent": 1,
              "ID": 2,
              "left": 3
            }
          ],
          "parent": 0,
          "ID": 1,
          "left": 2
        }
      ],
      "parent": null,
      "ID": 0,
      "left": 1
    },
    "feat": {
      "utility": 2.1799941988277784e-06,
      "query_shape": [
        [
          "Seq Scan",
          "Hash Join",
          "Sort",
          "Aggregate",
          "Gather Merge",
          "Subquery Scan",
          "Append"
        ],
        [
          "Seq Scan",
          "Hash",
          "Hash Join",
          "Sort",
          "Aggregate",
          "Gather Merge",
          "Subquery Scan",
          "Append"
        ],
        [
          "Seq Scan",
          "Hash",
          "Hash Join",
          "Sort",
          "Aggregate",
          "Gather Merge",
          "Subquery Scan",
          "Append"
        ],
        [
          "Seq Scan",
          "Hash",
          "Hash Join",
          "Sort",
          "Aggregate",
          "Gather Merge",
          "Subquery Scan",
          "Append"
        ],
        [
          "Seq Scan",
          "Hash",
          "Hash Join",
          "Sort",
          "Aggregate",
          "Gather Merge",
          "Subquery Scan",
          "Append"
        ],
        [
          "Seq Scan",
          "Hash",
          "Hash Join",
          "Sort",
          "Aggregate",
          "Gather Merge",
          "Subquery Scan",
          "Append"
        ],
        [
          "Seq Scan",
          "Hash Join",
          "Sort",
          "Aggregate",
          "Gather Merge",
          "Subquery Scan",
          "Append"
        ],
        [
          "Seq Scan",
          "Hash",
          "Hash Join",
          "Sort",
          "Aggregate",
          "Gather Merge",
          "Subquery Scan",
          "Append"
        ],
        [
          "Seq Scan",
          "Hash",
          "Hash Join",
          "Sort",
          "Aggregate",
          "Gather Merge",
          "Subquery Scan",
          "Append"
        ],
        [
          "Seq Scan",
          "Hash",
          "Hash Join",
          "Sort",
          "Aggregate",
          "Gather Merge",
          "Subquery Scan",
          "Append"
        ],
        [
          "Seq Scan",
          "Hash",
          "Hash Join",
          "Sort",
          "Aggregate",
          "Gather Merge",
          "Subquery Scan",
          "Append"
        ],
        [
          "Seq Scan",
          "Hash",
          "Hash Join",
          "Sort",
          "Aggregate",
          "Gather Merge",
          "Subquery Scan",
          "Append"
        ],
        [
          "Seq Scan",
          "Hash Join",
          "Sort",
          "Aggregate",
          "Gather Merge",
          "Subquery Scan",
          "Append"
        ],
        [
          "Seq Scan",
          "Hash",
          "Hash Join",
          "Sort",
          "Aggregate",
          "Gather Merge",
          "Subquery Scan",
          "Append"
        ],
        [
          "Seq Scan",
          "Hash",
          "Hash Join",
          "Sort",
          "Aggregate",
          "Gather Merge",
          "Subquery Scan",
          "Append"
        ],
        [
          "Seq Scan",
          "Hash",
          "Hash Join",
          "Sort",
          "Aggregate",
          "Gather Merge",
          "Subquery Scan",
          "Append"
        ],
        [
          "Seq Scan",
          "Hash",
          "Hash Join",
          "Sort",
          "Aggregate",
          "Gather Merge",
          "Subquery Scan",
          "Append"
        ],
        [
          "Seq Scan",
          "Hash",
          "Hash Join",
          "Sort",
          "Aggregate",
          "Gather Merge",
          "Subquery Scan",
          "Append"
        ]
      ],
      "index_shape": [
        "join"
      ],
      "physical_operator": {
        "Hash Join": [
          0.0012911074255784968
        ]
      }
    }
  },
  {
    "query": "with ssr as\n (select  s_store_id as store_id,\n          sum(ss_ext_sales_price) as sales,\n          sum(coalesce(sr_return_amt, 0)) as returns,\n          sum(ss_net_profit - coalesce(sr_net_loss, 0)) as profit\n  from store_sales left outer join store_returns on\n         (ss_item_sk = sr_item_sk and ss_ticket_number = sr_ticket_number),\n     date_dim,\n     store,\n     item,\n     promotion\n where ss_sold_date_sk = d_date_sk\n       and d_date between cast('1998-08-19' as date) \n                  and (cast('1998-08-19' as date) +  interval '30 days')\n       and ss_store_sk = s_store_sk\n       and ss_item_sk = i_item_sk\n       and i_current_price > 50\n       and ss_promo_sk = p_promo_sk\n       and p_channel_tv = 'N'\n group by s_store_id)\n ,\n csr as\n (select  cp_catalog_page_id as catalog_page_id,\n          sum(cs_ext_sales_price) as sales,\n          sum(coalesce(cr_return_amount, 0)) as returns,\n          sum(cs_net_profit - coalesce(cr_net_loss, 0)) as profit\n  from catalog_sales left outer join catalog_returns on\n         (cs_item_sk = cr_item_sk and cs_order_number = cr_order_number),\n     date_dim,\n     catalog_page,\n     item,\n     promotion\n where cs_sold_date_sk = d_date_sk\n       and d_date between cast('1998-08-19' as date)\n                  and (cast('1998-08-19' as date) +  interval '30 days')\n        and cs_catalog_page_sk = cp_catalog_page_sk\n       and cs_item_sk = i_item_sk\n       and i_current_price > 50\n       and cs_promo_sk = p_promo_sk\n       and p_channel_tv = 'N'\ngroup by cp_catalog_page_id)\n ,\n wsr as\n (select  web_site_id,\n          sum(ws_ext_sales_price) as sales,\n          sum(coalesce(wr_return_amt, 0)) as returns,\n          sum(ws_net_profit - coalesce(wr_net_loss, 0)) as profit\n  from web_sales left outer join web_returns on\n         (ws_item_sk = wr_item_sk and ws_order_number = wr_order_number),\n     date_dim,\n     web_site,\n     item,\n     promotion\n where ws_sold_date_sk = d_date_sk\n       and d_date between cast('1998-08-19' as date)\n                  and (cast('1998-08-19' as date) +  interval '30 days')\n        and ws_web_site_sk = web_site_sk\n       and ws_item_sk = i_item_sk\n       and i_current_price > 50\n       and ws_promo_sk = p_promo_sk\n       and p_channel_tv = 'N'\ngroup by web_site_id)\n  select  channel\n        , id\n        , sum(sales) as sales\n        , sum(returns) as returns\n        , sum(profit) as profit\n from \n (select 'store channel' as channel\n        , 'store' || store_id as id\n        , sales\n        , returns\n        , profit\n from   ssr\n union all\n select 'catalog channel' as channel\n        , 'catalog_page' || catalog_page_id as id\n        , sales\n        , returns\n        , profit\n from  csr\n union all\n select 'web channel' as channel\n        , 'web_site' || web_site_id as id\n        , sales\n        , returns\n        , profit\n from   wsr\n ) x\n group by rollup (channel, id)\n order by channel\n         ,id\n limit 100;\n\n-- end query 61 in stream 0 using template query80.tpl\n",
    "indexes": "catalog_returns.cr_order_number",
    "wo plan est": {
      "Node Type": "Limit",
      "Parallel Aware": false,
      "Async Capable": false,
      "Startup Cost": 1566782.76,
      "Total Cost": 1566786.01,
      "Plan Rows": 100,
      "Plan Width": 160,
      "Plans": [
        {
          "Node Type": "Aggregate",
          "Strategy": "Sorted",
          "Partial Mode": "Simple",
          "Parent Relationship": "Outer",
          "Parallel Aware": false,
          "Async Capable": false,
          "Startup Cost": 1566782.76,
          "Total Cost": 1566795.8,
          "Plan Rows": 401,
          "Plan Width": 160,
          "Grouping Sets": [
            {
              "Group Keys": [
                [
                  "('store channel'::text)",
                  "(('store'::text || (ssr.store_id)::text))"
                ],
                [
                  "('store channel'::text)"
                ],
                []
              ]
            }
          ],
          "Plans": [
            {
              "Node Type": "Sort",
              "Parent Relationship": "Outer",
              "Parallel Aware": false,
              "Async Capable": false,
              "Startup Cost": 1566782.76,
              "Total Cost": 1566783.77,
              "Plan Rows": 401,
              "Plan Width": 160,
              "Sort Key": [
                "('store channel'::text)",
                "(('store'::text || (ssr.store_id)::text))"
              ],
              "Plans": [
                {
                  "Node Type": "Append",
                  "Parent Relationship": "Outer",
                  "Parallel Aware": false,
                  "Async Capable": false,
                  "Startup Cost": 784591.9,
                  "Total Cost": 1566765.43,
                  "Plan Rows": 401,
                  "Plan Width": 160,
                  "Subplans Removed": 0,
                  "Plans": [
                    {
                      "Node Type": "Subquery Scan",
                      "Parent Relationship": "Member",
                      "Parallel Aware": false,
                      "Async Capable": false,
                      "Alias": "ssr",
                      "Startup Cost": 784591.9,
                      "Total Cost": 784611.64,
                      "Plan Rows": 51,
                      "Plan Width": 160,
                      "Plans": [
                        {
                          "Node Type": "Aggregate",
                          "Strategy": "Sorted",
                          "Partial Mode": "Finalize",
                          "Parent Relationship": "Subquery",
                          "Parallel Aware": false,
                          "Async Capable": false,
                          "Startup Cost": 784591.9,
                          "Total Cost": 784610.87,
                          "Plan Rows": 51,
                          "Plan Width": 113,
                          "Group Key": [
                            "store.s_store_id"
                          ],
                          "Plans": [
                            {
                              "Node Type": "Gather Merge",
                              "Parent Relationship": "Outer",
                              "Parallel Aware": false,
                              "Async Capable": false,
                              "Startup Cost": 784591.9,
                              "Total Cost": 784608.2,
                              "Plan Rows": 102,
                              "Plan Width": 113,
                              "Workers Planned": 2,
                              "Plans": [
                                {
                                  "Node Type": "Aggregate",
                                  "Strategy": "Sorted",
                                  "Partial Mode": "Partial",
                                  "Parent Relationship": "Outer",
                                  "Parallel Aware": false,
                                  "Async Capable": false,
                                  "Startup Cost": 783591.88,
                                  "Total Cost": 783596.4,
                                  "Plan Rows": 51,
                                  "Plan Width": 113,
                                  "Group Key": [
                                    "store.s_store_id"
                                  ],
                                  "Plans": [
                                    {
                                      "Node Type": "Sort",
                                      "Parent Relationship": "Outer",
                                      "Parallel Aware": false,
                                      "Async Capable": false,
                                      "Startup Cost": 783591.88,
                                      "Total Cost": 783592.48,
                                      "Plan Rows": 242,
                                      "Plan Width": 41,
                                      "Sort Key": [
                                        "store.s_store_id"
                                      ],
                                      "Plans": [
                                        {
                                          "Node Type": "Hash Join",
                                          "Parent Relationship": "Outer",
                                          "Parallel Aware": false,
                                          "Async Capable": false,
                                          "Join Type": "Inner",
                                          "Startup Cost": 94489.35,
                                          "Total Cost": 783582.3,
                                          "Plan Rows": 242,
                                          "Plan Width": 41,
                                          "Inner Unique": false,
                                          "Hash Cond": "(store_sales.ss_store_sk = store.s_store_sk)",
                                          "Plans": [
                                            {
                                              "Node Type": "Hash Join",
                                              "Parent Relationship": "Outer",
                                              "Parallel Aware": false,
                                              "Async Capable": false,
                                              "Join Type": "Inner",
                                              "Startup Cost": 94482.05,
                                              "Total Cost": 783571.63,
                                              "Plan Rows": 254,
                                              "Plan Width": 28,
                                              "Inner Unique": false,
                                              "Hash Cond": "(store_sales.ss_promo_sk = promotion.p_promo_sk)",
                                              "Plans": [
                                                {
                                                  "Node Type": "Hash Join",
                                                  "Parent Relationship": "Outer",
                                                  "Parallel Aware": true,
                                                  "Async Capable": false,
                                                  "Join Type": "Inner",
                                                  "Startup Cost": 94456.65,
                                                  "Total Cost": 783542.68,
                                                  "Plan Rows": 270,
                                                  "Plan Width": 32,
                                                  "Inner Unique": false,
                                                  "Hash Cond": "(store_sales.ss_item_sk = item.i_item_sk)",
                                                  "Plans": [
                                                    {
                                                      "Node Type": "Hash Join",
                                                      "Parent Relationship": "Outer",
                                                      "Parallel Aware": true,
                                                      "Async Capable": false,
                                                      "Join Type": "Left",
                                                      "Startup Cost": 86930.88,
                                                      "Total Cost": 775998.13,
                                                      "Plan Rows": 4703,
                                                      "Plan Width": 36,
                                                      "Inner Unique": false,
                                                      "Hash Cond": "((store_sales.ss_item_sk = store_returns.sr_item_sk) AND (store_sales.ss_ticket_number = store_returns.sr_ticket_number))",
                                                      "Plans": [
                                                        {
                                                          "Node Type": "Hash Join",
                                                          "Parent Relationship": "Outer",
                                                          "Parallel Aware": true,
                                                          "Async Capable": false,
                                                          "Join Type": "Inner",
                                                          "Startup Cost": 2049.78,
                                                          "Total Cost": 683994.75,
                                                          "Plan Rows": 4703,
                                                          "Plan Width": 28,
                                                          "Inner Unique": false,
                                                          "Hash Cond": "(store_sales.ss_sold_date_sk = date_dim.d_date_sk)",
                                                          "Plans": [
                                                            {
                                                              "Node Type": "Seq Scan",
                                                              "Parent Relationship": "Outer",
                                                              "Parallel Aware": true,
                                                              "Async Capable": false,
                                                              "Relation Name": "store_sales",
                                                              "Alias": "store_sales",
                                                              "Startup Cost": 0.0,
                                                              "Total Cost": 636914.37,
                                                              "Plan Rows": 12000637,
                                                              "Plan Width": 32,
                                                              "parent": 13,
                                                              "ID": 14
                                                            },
                                                            {
                                                              "Node Type": "Hash",
                                                              "Parent Relationship": "Inner",
                                                              "Parallel Aware": true,
                                                              "Async Capable": false,
                                                              "Startup Cost": 2049.55,
                                                              "Total Cost": 2049.55,
                                                              "Plan Rows": 18,
                                                              "Plan Width": 4,
                                                              "Plans": [
                                                                {
                                                                  "Node Type": "Seq Scan",
                                                                  "Parent Relationship": "Outer",
                                                                  "Parallel Aware": true,
                                                                  "Async Capable": false,
                                                                  "Relation Name": "date_dim",
                                                                  "Alias": "date_dim",
                                                                  "Startup Cost": 0.0,
                                                                  "Total Cost": 2049.55,
                                                                  "Plan Rows": 18,
                                                                  "Plan Width": 4,
                                                                  "Filter": "((d_date >= '1998-08-19'::date) AND (d_date <= '1998-09-18 00:00:00'::timestamp without time zone))",
                                                                  "parent": 15,
                                                                  "ID": 16
                                                                }
                                                              ],
                                                              "parent": 13,
                                                              "ID": 15,
                                                              "left": 16
                                                            }
                                                          ],
                                                          "parent": 12,
                                                          "ID": 13,
                                                          "left": 14,
                                                          "right": 15
                                                        },
                                                        {
                                                          "Node Type": "Hash",
                                                          "Parent Relationship": "Inner",
                                                          "Parallel Aware": true,
                                                          "Async Capable": false,
                                                          "Startup Cost": 59887.64,
                                                          "Total Cost": 59887.64,
                                                          "Plan Rows": 1198164,
                                                          "Plan Width": 20,
                                                          "Plans": [
                                                            {
                                                              "Node Type": "Seq Scan",
                                                              "Parent Relationship": "Outer",
                                                              "Parallel Aware": true,
                                                              "Async Capable": false,
                                                              "Relation Name": "store_returns",
                                                              "Alias": "store_returns",
                                                              "Startup Cost": 0.0,
                                                              "Total Cost": 59887.64,
                                                              "Plan Rows": 1198164,
                                                              "Plan Width": 20,
                                                              "parent": 17,
                                                              "ID": 18
                                                            }
                                                          ],
                                                          "parent": 12,
                                                          "ID": 17,
                                                          "left": 18
                                                        }
                                                      ],
                                                      "parent": 11,
                                                      "ID": 12,
                                                      "left": 13,
                                                      "right": 17
                                                    },
                                                    {
                                                      "Node Type": "Hash",
                                                      "Parent Relationship": "Inner",
                                                      "Parallel Aware": true,
                                                      "Async Capable": false,
                                                      "Startup Cost": 7495.25,
                                                      "Total Cost": 7495.25,
                                                      "Plan Rows": 2442,
                                                      "Plan Width": 4,
                                                      "Plans": [
                                                        {
                                                          "Node Type": "Seq Scan",
                                                          "Parent Relationship": "Outer",
                                                          "Parallel Aware": true,
                                                          "Async Capable": false,
                                                          "Relation Name": "item",
                                                          "Alias": "item",
                                                          "Startup Cost": 0.0,
                                                          "Total Cost": 7495.25,
                                                          "Plan Rows": 2442,
                                                          "Plan Width": 4,
                                                          "Filter": "(i_current_price > '50'::numeric)",
                                                          "parent": 19,
                                                          "ID": 20
                                                        }
                                                      ],
                                                      "parent": 11,
                                                      "ID": 19,
                                                      "left": 20
                                                    }
                                                  ],
                                                  "parent": 10,
                                                  "ID": 11,
                                                  "left": 12,
                                                  "right": 19
                                                },
                                                {
                                                  "Node Type": "Hash",
                                                  "Parent Relationship": "Inner",
                                                  "Parallel Aware": false,
                                                  "Async Capable": false,
                                                  "Startup Cost": 19.25,
                                                  "Total Cost": 19.25,
                                                  "Plan Rows": 492,
                                                  "Plan Width": 4,
                                                  "Plans": [
                                                    {
                                                      "Node Type": "Seq Scan",
                                                      "Parent Relationship": "Outer",
                                                      "Parallel Aware": false,
                                                      "Async Capable": false,
                                                      "Relation Name": "promotion",
                                                      "Alias": "promotion",
                                                      "Startup Cost": 0.0,
                                                      "Total Cost": 19.25,
                                                      "Plan Rows": 492,
                                                      "Plan Width": 4,
                                                      "Filter": "(p_channel_tv = 'N'::bpchar)",
                                                      "parent": 21,
                                                      "ID": 22
                                                    }
                                                  ],
                                                  "parent": 10,
                                                  "ID": 21,
                                                  "left": 22
                                                }
                                              ],
                                              "parent": 9,
                                              "ID": 10,
                                              "left": 11,
                                              "right": 21
                                            },
                                            {
                                              "Node Type": "Hash",
                                              "Parent Relationship": "Inner",
                                              "Parallel Aware": false,
                                              "Async Capable": false,
                                              "Startup Cost": 6.02,
                                              "Total Cost": 6.02,
                                              "Plan Rows": 102,
                                              "Plan Width": 21,
                                              "Plans": [
                                                {
                                                  "Node Type": "Seq Scan",
                                                  "Parent Relationship": "Outer",
                                                  "Parallel Aware": false,
                                                  "Async Capable": false,
                                                  "Relation Name": "store",
                                                  "Alias": "store",
                                                  "Startup Cost": 0.0,
                                                  "Total Cost": 6.02,
                                                  "Plan Rows": 102,
                                                  "Plan Width": 21,
                                                  "parent": 23,
                                                  "ID": 24
                                                }
                                              ],
                                              "parent": 9,
                                              "ID": 23,
                                              "left": 24
                                            }
                                          ],
                                          "parent": 8,
                                          "ID": 9,
                                          "left": 10,
                                          "right": 23
                                        }
                                      ],
                                      "parent": 7,
                                      "ID": 8,
                                      "left": 9
                                    }
                                  ],
                                  "parent": 6,
                                  "ID": 7,
                                  "left": 8
                                }
                              ],
                              "parent": 5,
                              "ID": 6,
                              "left": 7
                            }
                          ],
                          "parent": 4,
                          "ID": 5,
                          "left": 6
                        }
                      ],
                      "parent": 3,
                      "ID": 4,
                      "left": 5
                    },
                    {
                      "Node Type": "Subquery Scan",
                      "Parent Relationship": "Member",
                      "Parallel Aware": false,
                      "Async Capable": false,
                      "Alias": "csr",
                      "Startup Cost": 518174.1,
                      "Total Cost": 518225.66,
                      "Plan Rows": 329,
                      "Plan Width": 160,
                      "Plans": [
                        {
                          "Node Type": "Aggregate",
                          "Strategy": "Sorted",
                          "Partial Mode": "Finalize",
                          "Parent Relationship": "Subquery",
                          "Parallel Aware": false,
                          "Async Capable": false,
                          "Startup Cost": 518174.1,
                          "Total Cost": 518220.73,
                          "Plan Rows": 329,
                          "Plan Width": 113,
                          "Group Key": [
                            "catalog_page.cp_catalog_page_id"
                          ],
                          "Plans": [
                            {
                              "Node Type": "Gather Merge",
                              "Parent Relationship": "Outer",
                              "Parallel Aware": false,
                              "Async Capable": false,
                              "Startup Cost": 518174.1,
                              "Total Cost": 518210.18,
                              "Plan Rows": 274,
                              "Plan Width": 113,
                              "Workers Planned": 2,
                              "Plans": [
                                {
                                  "Node Type": "Aggregate",
                                  "Strategy": "Sorted",
                                  "Partial Mode": "Partial",
                                  "Parent Relationship": "Outer",
                                  "Parallel Aware": false,
                                  "Async Capable": false,
                                  "Startup Cost": 517174.07,
                                  "Total Cost": 517178.53,
                                  "Plan Rows": 137,
                                  "Plan Width": 113,
                                  "Group Key": [
                                    "catalog_page.cp_catalog_page_id"
                                  ],
                                  "Plans": [
                                    {
                                      "Node Type": "Sort",
                                      "Parent Relationship": "Outer",
                                      "Parallel Aware": false,
                                      "Async Capable": false,
                                      "Startup Cost": 517174.07,
                                      "Total Cost": 517174.42,
                                      "Plan Rows": 137,
                                      "Plan Width": 41,
                                      "Sort Key": [
                                        "catalog_page.cp_catalog_page_id"
                                      ],
                                      "Plans": [
                                        {
                                          "Node Type": "Hash Join",
                                          "Parent Relationship": "Outer",
                                          "Parallel Aware": false,
                                          "Async Capable": false,
                                          "Join Type": "Inner",
                                          "Startup Cost": 57382.33,
                                          "Total Cost": 517169.21,
                                          "Plan Rows": 137,
                                          "Plan Width": 41,
                                          "Inner Unique": false,
                                          "Hash Cond": "(catalog_sales.cs_catalog_page_sk = catalog_page.cp_catalog_page_sk)",
                                          "Plans": [
                                            {
                                              "Node Type": "Hash Join",
                                              "Parent Relationship": "Outer",
                                              "Parallel Aware": false,
                                              "Async Capable": false,
                                              "Join Type": "Inner",
                                              "Startup Cost": 56864.33,
                                              "Total Cost": 516649.32,
                                              "Plan Rows": 138,
                                              "Plan Width": 28,
                                              "Inner Unique": false,
                                              "Hash Cond": "(catalog_sales.cs_promo_sk = promotion_1.p_promo_sk)",
                                              "Plans": [
                                                {
                                                  "Node Type": "Hash Join",
                                                  "Parent Relationship": "Outer",
                                                  "Parallel Aware": true,
                                                  "Async Capable": false,
                                                  "Join Type": "Inner",
                                                  "Startup Cost": 56838.93,
                                                  "Total Cost": 516622.01,
                                                  "Plan Rows": 141,
                                                  "Plan Width": 32,
                                                  "Inner Unique": false,
                                                  "Hash Cond": "(catalog_sales.cs_item_sk = item_1.i_item_sk)",
                                                  "Plans": [
                                                    {
                                                      "Node Type": "Hash Join",
                                                      "Parent Relationship": "Outer",
                                                      "Parallel Aware": true,
                                                      "Async Capable": false,
                                                      "Join Type": "Left",
                                                      "Startup Cost": 49313.15,
                                                      "Total Cost": 509086.46,
                                                      "Plan Rows": 2450,
                                                      "Plan Width": 36,
                                                      "Inner Unique": false,
                                                      "Hash Cond": "((catalog_sales.cs_item_sk = catalog_returns.cr_item_sk) AND (catalog_sales.cs_order_number = catalog_returns.cr_order_number))",
                                                      "Plans": [
                                                        {
                                                          "Node Type": "Hash Join",
                                                          "Parent Relationship": "Outer",
                                                          "Parallel Aware": true,
                                                          "Async Capable": false,
                                                          "Join Type": "Inner",
                                                          "Startup Cost": 2049.78,
                                                          "Total Cost": 458254.7,
                                                          "Plan Rows": 2450,
                                                          "Plan Width": 28,
                                                          "Inner Unique": false,
                                                          "Hash Cond": "(catalog_sales.cs_sold_date_sk = date_dim_1.d_date_sk)",
                                                          "Plans": [
                                                            {
                                                              "Node Type": "Seq Scan",
                                                              "Parent Relationship": "Outer",
                                                              "Parallel Aware": true,
                                                              "Async Capable": false,
                                                              "Relation Name": "catalog_sales",
                                                              "Alias": "catalog_sales",
                                                              "Startup Cost": 0.0,
                                                              "Total Cost": 433688.25,
                                                              "Plan Rows": 6000525,
                                                              "Plan Width": 32,
                                                              "parent": 34,
                                                              "ID": 35
                                                            },
                                                            {
                                                              "Node Type": "Hash",
                                                              "Parent Relationship": "Inner",
                                                              "Parallel Aware": true,
                                                              "Async Capable": false,
                                                              "Startup Cost": 2049.55,
                                                              "Total Cost": 2049.55,
                                                              "Plan Rows": 18,
                                                              "Plan Width": 4,
                                                              "Plans": [
                                                                {
                                                                  "Node Type": "Seq Scan",
                                                                  "Parent Relationship": "Outer",
                                                                  "Parallel Aware": true,
                                                                  "Async Capable": false,
                                                                  "Relation Name": "date_dim",
                                                                  "Alias": "date_dim_1",
                                                                  "Startup Cost": 0.0,
                                                                  "Total Cost": 2049.55,
                                                                  "Plan Rows": 18,
                                                                  "Plan Width": 4,
                                                                  "Filter": "((d_date >= '1998-08-19'::date) AND (d_date <= '1998-09-18 00:00:00'::timestamp without time zone))",
                                                                  "parent": 36,
                                                                  "ID": 37
                                                                }
                                                              ],
                                                              "parent": 34,
                                                              "ID": 36,
                                                              "left": 37
                                                            }
                                                          ],
                                                          "parent": 33,
                                                          "ID": 34,
                                                          "left": 35,
                                                          "right": 36
                                                        },
                                                        {
                                                          "Node Type": "Hash",
                                                          "Parent Relationship": "Inner",
                                                          "Parallel Aware": true,
                                                          "Async Capable": false,
                                                          "Startup Cost": 34748.95,
                                                          "Total Cost": 34748.95,
                                                          "Plan Rows": 599895,
                                                          "Plan Width": 20,
                                                          "Plans": [
                                                            {
                                                              "Node Type": "Seq Scan",
                                                              "Parent Relationship": "Outer",
                                                              "Parallel Aware": true,
                                                              "Async Capable": false,
                                                              "Relation Name": "catalog_returns",
                                                              "Alias": "catalog_returns",
                                                              "Startup Cost": 0.0,
                                                              "Total Cost": 34748.95,
                                                              "Plan Rows": 599895,
                                                              "Plan Width": 20,
                                                              "parent": 38,
                                                              "ID": 39
                                                            }
                                                          ],
                                                          "parent": 33,
                                                          "ID": 38,
                                                          "left": 39
                                                        }
                                                      ],
                                                      "parent": 32,
                                                      "ID": 33,
                                                      "left": 34,
                                                      "right": 38
                                                    },
                                                    {
                                                      "Node Type": "Hash",
                                                      "Parent Relationship": "Inner",
                                                      "Parallel Aware": true,
                                                      "Async Capable": false,
                                                      "Startup Cost": 7495.25,
                                                      "Total Cost": 7495.25,
                                                      "Plan Rows": 2442,
                                                      "Plan Width": 4,
                                                      "Plans": [
                                                        {
                                                          "Node Type": "Seq Scan",
                                                          "Parent Relationship": "Outer",
                                                          "Parallel Aware": true,
                                                          "Async Capable": false,
                                                          "Relation Name": "item",
                                                          "Alias": "item_1",
                                                          "Startup Cost": 0.0,
                                                          "Total Cost": 7495.25,
                                                          "Plan Rows": 2442,
                                                          "Plan Width": 4,
                                                          "Filter": "(i_current_price > '50'::numeric)",
                                                          "parent": 40,
                                                          "ID": 41
                                                        }
                                                      ],
                                                      "parent": 32,
                                                      "ID": 40,
                                                      "left": 41
                                                    }
                                                  ],
                                                  "parent": 31,
                                                  "ID": 32,
                                                  "left": 33,
                                                  "right": 40
                                                },
                                                {
                                                  "Node Type": "Hash",
                                                  "Parent Relationship": "Inner",
                                                  "Parallel Aware": false,
                                                  "Async Capable": false,
                                                  "Startup Cost": 19.25,
                                                  "Total Cost": 19.25,
                                                  "Plan Rows": 492,
                                                  "Plan Width": 4,
                                                  "Plans": [
                                                    {
                                                      "Node Type": "Seq Scan",
                                                      "Parent Relationship": "Outer",
                                                      "Parallel Aware": false,
                                                      "Async Capable": false,
                                                      "Relation Name": "promotion",
                                                      "Alias": "promotion_1",
                                                      "Startup Cost": 0.0,
                                                      "Total Cost": 19.25,
                                                      "Plan Rows": 492,
                                                      "Plan Width": 4,
                                                      "Filter": "(p_channel_tv = 'N'::bpchar)",
                                                      "parent": 42,
                                                      "ID": 43
                                                    }
                                                  ],
                                                  "parent": 31,
                                                  "ID": 42,
                                                  "left": 43
                                                }
                                              ],
                                              "parent": 30,
                                              "ID": 31,
                                              "left": 32,
                                              "right": 42
                                            },
                                            {
                                              "Node Type": "Hash",
                                              "Parent Relationship": "Inner",
                                              "Parallel Aware": false,
                                              "Async Capable": false,
                                              "Startup Cost": 368.0,
                                              "Total Cost": 368.0,
                                              "Plan Rows": 12000,
                                              "Plan Width": 21,
                                              "Plans": [
                                                {
                                                  "Node Type": "Seq Scan",
                                                  "Parent Relationship": "Outer",
                                                  "Parallel Aware": false,
                                                  "Async Capable": false,
                                                  "Relation Name": "catalog_page",
                                                  "Alias": "catalog_page",
                                                  "Startup Cost": 0.0,
                                                  "Total Cost": 368.0,
                                                  "Plan Rows": 12000,
                                                  "Plan Width": 21,
                                                  "parent": 44,
                                                  "ID": 45
                                                }
                                              ],
                                              "parent": 30,
                                              "ID": 44,
                                              "left": 45
                                            }
                                          ],
                                          "parent": 29,
                                          "ID": 30,
                                          "left": 31,
                                          "right": 44
                                        }
                                      ],
                                      "parent": 28,
                                      "ID": 29,
                                      "left": 30
                                    }
                                  ],
                                  "parent": 27,
                                  "ID": 28,
                                  "left": 29
                                }
                              ],
                              "parent": 26,
                              "ID": 27,
                              "left": 28
                            }
                          ],
                          "parent": 25,
                          "ID": 26,
                          "left": 27
                        }
                      ],
                      "parent": 3,
                      "ID": 25,
                      "left": 26
                    },
                    {
                      "Node Type": "Subquery Scan",
                      "Parent Relationship": "Member",
                      "Parallel Aware": false,
                      "Async Capable": false,
                      "Alias": "wsr",
                      "Startup Cost": 263918.43,
                      "Total Cost": 263926.12,
                      "Plan Rows": 21,
                      "Plan Width": 160,
                      "Plans": [
                        {
                          "Node Type": "Aggregate",
                          "Strategy": "Sorted",
                          "Partial Mode": "Finalize",
                          "Parent Relationship": "Subquery",
                          "Parallel Aware": false,
                          "Async Capable": false,
                          "Startup Cost": 263918.43,
                          "Total Cost": 263925.8,
                          "Plan Rows": 21,
                          "Plan Width": 113,
                          "Group Key": [
                            "web_site.web_site_id"
                          ],
                          "Plans": [
                            {
                              "Node Type": "Gather Merge",
                              "Parent Relationship": "Outer",
                              "Parallel Aware": false,
                              "Async Capable": false,
                              "Startup Cost": 263918.43,
                              "Total Cost": 263924.7,
                              "Plan Rows": 42,
                              "Plan Width": 113,
                              "Workers Planned": 2,
                              "Plans": [
                                {
                                  "Node Type": "Aggregate",
                                  "Strategy": "Sorted",
                                  "Partial Mode": "Partial",
                                  "Parent Relationship": "Outer",
                                  "Parallel Aware": false,
                                  "Async Capable": false,
                                  "Startup Cost": 262918.41,
                                  "Total Cost": 262919.83,
                                  "Plan Rows": 21,
                                  "Plan Width": 113,
                                  "Group Key": [
                                    "web_site.web_site_id"
                                  ],
                                  "Plans": [
                                    {
                                      "Node Type": "Sort",
                                      "Parent Relationship": "Outer",
                                      "Parallel Aware": false,
                                      "Async Capable": false,
                                      "Startup Cost": 262918.41,
                                      "Total Cost": 262918.59,
                                      "Plan Rows": 70,
                                      "Plan Width": 41,
                                      "Sort Key": [
                                        "web_site.web_site_id"
                                      ],
                                      "Plans": [
                                        {
                                          "Node Type": "Hash Join",
                                          "Parent Relationship": "Outer",
                                          "Parallel Aware": false,
                                          "Async Capable": false,
                                          "Join Type": "Inner",
                                          "Startup Cost": 32134.74,
                                          "Total Cost": 262916.27,
                                          "Plan Rows": 70,
                                          "Plan Width": 41,
                                          "Inner Unique": false,
                                          "Hash Cond": "(web_sales.ws_web_site_sk = web_site.web_site_sk)",
                                          "Plans": [
                                            {
                                              "Node Type": "Hash Join",
                                              "Parent Relationship": "Outer",
                                              "Parallel Aware": false,
                                              "Async Capable": false,
                                              "Join Type": "Inner",
                                              "Startup Cost": 32130.8,
                                              "Total Cost": 262911.36,
                                              "Plan Rows": 70,
                                              "Plan Width": 28,
                                              "Inner Unique": false,
                                              "Hash Cond": "(web_sales.ws_promo_sk = promotion_2.p_promo_sk)",
                                              "Plans": [
                                                {
                                                  "Node Type": "Hash Join",
                                                  "Parent Relationship": "Outer",
                                                  "Parallel Aware": true,
                                                  "Async Capable": false,
                                                  "Join Type": "Inner",
                                                  "Startup Cost": 32105.4,
                                                  "Total Cost": 262884.99,
                                                  "Plan Rows": 71,
                                                  "Plan Width": 32,
                                                  "Inner Unique": false,
                                                  "Hash Cond": "(web_sales.ws_item_sk = item_2.i_item_sk)",
                                                  "Plans": [
                                                    {
                                                      "Node Type": "Hash Join",
                                                      "Parent Relationship": "Outer",
                                                      "Parallel Aware": true,
                                                      "Async Capable": false,
                                                      "Join Type": "Left",
                                                      "Startup Cost": 24579.62,
                                                      "Total Cost": 255354.31,
                                                      "Plan Rows": 1231,
                                                      "Plan Width": 36,
                                                      "Inner Unique": false,
                                                      "Hash Cond": "((web_sales.ws_item_sk = web_returns.wr_item_sk) AND (web_sales.ws_order_number = web_returns.wr_order_number))",
                                                      "Plans": [
                                                        {
                                                          "Node Type": "Hash Join",
                                                          "Parent Relationship": "Outer",
                                                          "Parallel Aware": true,
                                                          "Async Capable": false,
                                                          "Join Type": "Inner",
                                                          "Startup Cost": 2049.78,
                                                          "Total Cost": 231041.22,
                                                          "Plan Rows": 1231,
                                                          "Plan Width": 28,
                                                          "Inner Unique": false,
                                                          "Hash Cond": "(web_sales.ws_sold_date_sk = date_dim_2.d_date_sk)",
                                                          "Plans": [
                                                            {
                                                              "Node Type": "Seq Scan",
                                                              "Parent Relationship": "Outer",
                                                              "Parallel Aware": true,
                                                              "Async Capable": false,
                                                              "Relation Name": "web_sales",
                                                              "Alias": "web_sales",
                                                              "Startup Cost": 0.0,
                                                              "Total Cost": 217737.86,
                                                              "Plan Rows": 2998986,
                                                              "Plan Width": 32,
                                                              "parent": 55,
                                                              "ID": 56
                                                            },
                                                            {
                                                              "Node Type": "Hash",
                                                              "Parent Relationship": "Inner",
                                                              "Parallel Aware": true,
                                                              "Async Capable": false,
                                                              "Startup Cost": 2049.55,
                                                              "Total Cost": 2049.55,
                                                              "Plan Rows": 18,
                                                              "Plan Width": 4,
                                                              "Plans": [
                                                                {
                                                                  "Node Type": "Seq Scan",
                                                                  "Parent Relationship": "Outer",
                                                                  "Parallel Aware": true,
                                                                  "Async Capable": false,
                                                                  "Relation Name": "date_dim",
                                                                  "Alias": "date_dim_2",
                                                                  "Startup Cost": 0.0,
                                                                  "Total Cost": 2049.55,
                                                                  "Plan Rows": 18,
                                                                  "Plan Width": 4,
                                                                  "Filter": "((d_date >= '1998-08-19'::date) AND (d_date <= '1998-09-18 00:00:00'::timestamp without time zone))",
                                                                  "parent": 57,
                                                                  "ID": 58
                                                                }
                                                              ],
                                                              "parent": 55,
                                                              "ID": 57,
                                                              "left": 58
                                                            }
                                                          ],
                                                          "parent": 54,
                                                          "ID": 55,
                                                          "left": 56,
                                                          "right": 57
                                                        },
                                                        {
                                                          "Node Type": "Hash",
                                                          "Parent Relationship": "Inner",
                                                          "Parallel Aware": true,
                                                          "Async Capable": false,
                                                          "Startup Cost": 16278.74,
                                                          "Total Cost": 16278.74,
                                                          "Plan Rows": 299674,
                                                          "Plan Width": 20,
                                                          "Plans": [
                                                            {
                                                              "Node Type": "Seq Scan",
                                                              "Parent Relationship": "Outer",
                                                              "Parallel Aware": true,
                                                              "Async Capable": false,
                                                              "Relation Name": "web_returns",
                                                              "Alias": "web_returns",
                                                              "Startup Cost": 0.0,
                                                              "Total Cost": 16278.74,
                                                              "Plan Rows": 299674,
                                                              "Plan Width": 20,
                                                              "parent": 59,
                                                              "ID": 60
                                                            }
                                                          ],
                                                          "parent": 54,
                                                          "ID": 59,
                                                          "left": 60
                                                        }
                                                      ],
                                                      "parent": 53,
                                                      "ID": 54,
                                                      "left": 55,
                                                      "right": 59
                                                    },
                                                    {
                                                      "Node Type": "Hash",
                                                      "Parent Relationship": "Inner",
                                                      "Parallel Aware": true,
                                                      "Async Capable": false,
                                                      "Startup Cost": 7495.25,
                                                      "Total Cost": 7495.25,
                                                      "Plan Rows": 2442,
                                                      "Plan Width": 4,
                                                      "Plans": [
                                                        {
                                                          "Node Type": "Seq Scan",
                                                          "Parent Relationship": "Outer",
                                                          "Parallel Aware": true,
                                                          "Async Capable": false,
                                                          "Relation Name": "item",
                                                          "Alias": "item_2",
                                                          "Startup Cost": 0.0,
                                                          "Total Cost": 7495.25,
                                                          "Plan Rows": 2442,
                                                          "Plan Width": 4,
                                                          "Filter": "(i_current_price > '50'::numeric)",
                                                          "parent": 61,
                                                          "ID": 62
                                                        }
                                                      ],
                                                      "parent": 53,
                                                      "ID": 61,
                                                      "left": 62
                                                    }
                                                  ],
                                                  "parent": 52,
                                                  "ID": 53,
                                                  "left": 54,
                                                  "right": 61
                                                },
                                                {
                                                  "Node Type": "Hash",
                                                  "Parent Relationship": "Inner",
                                                  "Parallel Aware": false,
                                                  "Async Capable": false,
                                                  "Startup Cost": 19.25,
                                                  "Total Cost": 19.25,
                                                  "Plan Rows": 492,
                                                  "Plan Width": 4,
                                                  "Plans": [
                                                    {
                                                      "Node Type": "Seq Scan",
                                                      "Parent Relationship": "Outer",
                                                      "Parallel Aware": false,
                                                      "Async Capable": false,
                                                      "Relation Name": "promotion",
                                                      "Alias": "promotion_2",
                                                      "Startup Cost": 0.0,
                                                      "Total Cost": 19.25,
                                                      "Plan Rows": 492,
                                                      "Plan Width": 4,
                                                      "Filter": "(p_channel_tv = 'N'::bpchar)",
                                                      "parent": 63,
                                                      "ID": 64
                                                    }
                                                  ],
                                                  "parent": 52,
                                                  "ID": 63,
                                                  "left": 64
                                                }
                                              ],
                                              "parent": 51,
                                              "ID": 52,
                                              "left": 53,
                                              "right": 63
                                            },
                                            {
                                              "Node Type": "Hash",
                                              "Parent Relationship": "Inner",
                                              "Parallel Aware": false,
                                              "Async Capable": false,
                                              "Startup Cost": 3.42,
                                              "Total Cost": 3.42,
                                              "Plan Rows": 42,
                                              "Plan Width": 21,
                                              "Plans": [
                                                {
                                                  "Node Type": "Seq Scan",
                                                  "Parent Relationship": "Outer",
                                                  "Parallel Aware": false,
                                                  "Async Capable": false,
                                                  "Relation Name": "web_site",
                                                  "Alias": "web_site",
                                                  "Startup Cost": 0.0,
                                                  "Total Cost": 3.42,
                                                  "Plan Rows": 42,
                                                  "Plan Width": 21,
                                                  "parent": 65,
                                                  "ID": 66
                                                }
                                              ],
                                              "parent": 51,
                                              "ID": 65,
                                              "left": 66
                                            }
                                          ],
                                          "parent": 50,
                                          "ID": 51,
                                          "left": 52,
                                          "right": 65
                                        }
                                      ],
                                      "parent": 49,
                                      "ID": 50,
                                      "left": 51
                                    }
                                  ],
                                  "parent": 48,
                                  "ID": 49,
                                  "left": 50
                                }
                              ],
                              "parent": 47,
                              "ID": 48,
                              "left": 49
                            }
                          ],
                          "parent": 46,
                          "ID": 47,
                          "left": 48
                        }
                      ],
                      "parent": 3,
                      "ID": 46,
                      "left": 47
                    }
                  ],
                  "parent": 2,
                  "ID": 3,
                  "left": 4,
                  "right": 25
                }
              ],
              "parent": 1,
              "ID": 2,
              "left": 3
            }
          ],
          "parent": 0,
          "ID": 1,
          "left": 2
        }
      ],
      "parent": null,
      "ID": 0,
      "left": 1
    },
    "feat": {
      "utility": 2.1799941988277784e-06,
      "query_shape": [
        [
          "Seq Scan",
          "Hash Join",
          "Sort",
          "Aggregate",
          "Gather Merge",
          "Subquery Scan",
          "Append"
        ],
        [
          "Seq Scan",
          "Hash",
          "Hash Join",
          "Sort",
          "Aggregate",
          "Gather Merge",
          "Subquery Scan",
          "Append"
        ],
        [
          "Seq Scan",
          "Hash",
          "Hash Join",
          "Sort",
          "Aggregate",
          "Gather Merge",
          "Subquery Scan",
          "Append"
        ],
        [
          "Seq Scan",
          "Hash",
          "Hash Join",
          "Sort",
          "Aggregate",
          "Gather Merge",
          "Subquery Scan",
          "Append"
        ],
        [
          "Seq Scan",
          "Hash",
          "Hash Join",
          "Sort",
          "Aggregate",
          "Gather Merge",
          "Subquery Scan",
          "Append"
        ],
        [
          "Seq Scan",
          "Hash",
          "Hash Join",
          "Sort",
          "Aggregate",
          "Gather Merge",
          "Subquery Scan",
          "Append"
        ],
        [
          "Seq Scan",
          "Hash Join",
          "Sort",
          "Aggregate",
          "Gather Merge",
          "Subquery Scan",
          "Append"
        ],
        [
          "Seq Scan",
          "Hash",
          "Hash Join",
          "Sort",
          "Aggregate",
          "Gather Merge",
          "Subquery Scan",
          "Append"
        ],
        [
          "Seq Scan",
          "Hash",
          "Hash Join",
          "Sort",
          "Aggregate",
          "Gather Merge",
          "Subquery Scan",
          "Append"
        ],
        [
          "Seq Scan",
          "Hash",
          "Hash Join",
          "Sort",
          "Aggregate",
          "Gather Merge",
          "Subquery Scan",
          "Append"
        ],
        [
          "Seq Scan",
          "Hash",
          "Hash Join",
          "Sort",
          "Aggregate",
          "Gather Merge",
          "Subquery Scan",
          "Append"
        ],
        [
          "Seq Scan",
          "Hash",
          "Hash Join",
          "Sort",
          "Aggregate",
          "Gather Merge",
          "Subquery Scan",
          "Append"
        ],
        [
          "Seq Scan",
          "Hash Join",
          "Sort",
          "Aggregate",
          "Gather Merge",
          "Subquery Scan",
          "Append"
        ],
        [
          "Seq Scan",
          "Hash",
          "Hash Join",
          "Sort",
          "Aggregate",
          "Gather Merge",
          "Subquery Scan",
          "Append"
        ],
        [
          "Seq Scan",
          "Hash",
          "Hash Join",
          "Sort",
          "Aggregate",
          "Gather Merge",
          "Subquery Scan",
          "Append"
        ],
        [
          "Seq Scan",
          "Hash",
          "Hash Join",
          "Sort",
          "Aggregate",
          "Gather Merge",
          "Subquery Scan",
          "Append"
        ],
        [
          "Seq Scan",
          "Hash",
          "Hash Join",
          "Sort",
          "Aggregate",
          "Gather Merge",
          "Subquery Scan",
          "Append"
        ],
        [
          "Seq Scan",
          "Hash",
          "Hash Join",
          "Sort",
          "Aggregate",
          "Gather Merge",
          "Subquery Scan",
          "Append"
        ]
      ],
      "index_shape": [
        "join"
      ],
      "physical_operator": {
        "Hash Join": [
          0.0012911074255784968
        ]
      }
    }
  },
  {
    "query": "with ssr as\n (select  s_store_id as store_id,\n          sum(ss_ext_sales_price) as sales,\n          sum(coalesce(sr_return_amt, 0)) as returns,\n          sum(ss_net_profit - coalesce(sr_net_loss, 0)) as profit\n  from store_sales left outer join store_returns on\n         (ss_item_sk = sr_item_sk and ss_ticket_number = sr_ticket_number),\n     date_dim,\n     store,\n     item,\n     promotion\n where ss_sold_date_sk = d_date_sk\n       and d_date between cast('1998-08-19' as date) \n                  and (cast('1998-08-19' as date) +  interval '30 days')\n       and ss_store_sk = s_store_sk\n       and ss_item_sk = i_item_sk\n       and i_current_price > 50\n       and ss_promo_sk = p_promo_sk\n       and p_channel_tv = 'N'\n group by s_store_id)\n ,\n csr as\n (select  cp_catalog_page_id as catalog_page_id,\n          sum(cs_ext_sales_price) as sales,\n          sum(coalesce(cr_return_amount, 0)) as returns,\n          sum(cs_net_profit - coalesce(cr_net_loss, 0)) as profit\n  from catalog_sales left outer join catalog_returns on\n         (cs_item_sk = cr_item_sk and cs_order_number = cr_order_number),\n     date_dim,\n     catalog_page,\n     item,\n     promotion\n where cs_sold_date_sk = d_date_sk\n       and d_date between cast('1998-08-19' as date)\n                  and (cast('1998-08-19' as date) +  interval '30 days')\n        and cs_catalog_page_sk = cp_catalog_page_sk\n       and cs_item_sk = i_item_sk\n       and i_current_price > 50\n       and cs_promo_sk = p_promo_sk\n       and p_channel_tv = 'N'\ngroup by cp_catalog_page_id)\n ,\n wsr as\n (select  web_site_id,\n          sum(ws_ext_sales_price) as sales,\n          sum(coalesce(wr_return_amt, 0)) as returns,\n          sum(ws_net_profit - coalesce(wr_net_loss, 0)) as profit\n  from web_sales left outer join web_returns on\n         (ws_item_sk = wr_item_sk and ws_order_number = wr_order_number),\n     date_dim,\n     web_site,\n     item,\n     promotion\n where ws_sold_date_sk = d_date_sk\n       and d_date between cast('1998-08-19' as date)\n                  and (cast('1998-08-19' as date) +  interval '30 days')\n        and ws_web_site_sk = web_site_sk\n       and ws_item_sk = i_item_sk\n       and i_current_price > 50\n       and ws_promo_sk = p_promo_sk\n       and p_channel_tv = 'N'\ngroup by web_site_id)\n  select  channel\n        , id\n        , sum(sales) as sales\n        , sum(returns) as returns\n        , sum(profit) as profit\n from \n (select 'store channel' as channel\n        , 'store' || store_id as id\n        , sales\n        , returns\n        , profit\n from   ssr\n union all\n select 'catalog channel' as channel\n        , 'catalog_page' || catalog_page_id as id\n        , sales\n        , returns\n        , profit\n from  csr\n union all\n select 'web channel' as channel\n        , 'web_site' || web_site_id as id\n        , sales\n        , returns\n        , profit\n from   wsr\n ) x\n group by rollup (channel, id)\n order by channel\n         ,id\n limit 100;\n\n-- end query 61 in stream 0 using template query80.tpl\n",
    "indexes": "catalog_returns.cr_return_amount",
    "wo plan est": {
      "Node Type": "Limit",
      "Parallel Aware": false,
      "Async Capable": false,
      "Startup Cost": 1566782.76,
      "Total Cost": 1566786.01,
      "Plan Rows": 100,
      "Plan Width": 160,
      "Plans": [
        {
          "Node Type": "Aggregate",
          "Strategy": "Sorted",
          "Partial Mode": "Simple",
          "Parent Relationship": "Outer",
          "Parallel Aware": false,
          "Async Capable": false,
          "Startup Cost": 1566782.76,
          "Total Cost": 1566795.8,
          "Plan Rows": 401,
          "Plan Width": 160,
          "Grouping Sets": [
            {
              "Group Keys": [
                [
                  "('store channel'::text)",
                  "(('store'::text || (ssr.store_id)::text))"
                ],
                [
                  "('store channel'::text)"
                ],
                []
              ]
            }
          ],
          "Plans": [
            {
              "Node Type": "Sort",
              "Parent Relationship": "Outer",
              "Parallel Aware": false,
              "Async Capable": false,
              "Startup Cost": 1566782.76,
              "Total Cost": 1566783.77,
              "Plan Rows": 401,
              "Plan Width": 160,
              "Sort Key": [
                "('store channel'::text)",
                "(('store'::text || (ssr.store_id)::text))"
              ],
              "Plans": [
                {
                  "Node Type": "Append",
                  "Parent Relationship": "Outer",
                  "Parallel Aware": false,
                  "Async Capable": false,
                  "Startup Cost": 784591.9,
                  "Total Cost": 1566765.43,
                  "Plan Rows": 401,
                  "Plan Width": 160,
                  "Subplans Removed": 0,
                  "Plans": [
                    {
                      "Node Type": "Subquery Scan",
                      "Parent Relationship": "Member",
                      "Parallel Aware": false,
                      "Async Capable": false,
                      "Alias": "ssr",
                      "Startup Cost": 784591.9,
                      "Total Cost": 784611.64,
                      "Plan Rows": 51,
                      "Plan Width": 160,
                      "Plans": [
                        {
                          "Node Type": "Aggregate",
                          "Strategy": "Sorted",
                          "Partial Mode": "Finalize",
                          "Parent Relationship": "Subquery",
                          "Parallel Aware": false,
                          "Async Capable": false,
                          "Startup Cost": 784591.9,
                          "Total Cost": 784610.87,
                          "Plan Rows": 51,
                          "Plan Width": 113,
                          "Group Key": [
                            "store.s_store_id"
                          ],
                          "Plans": [
                            {
                              "Node Type": "Gather Merge",
                              "Parent Relationship": "Outer",
                              "Parallel Aware": false,
                              "Async Capable": false,
                              "Startup Cost": 784591.9,
                              "Total Cost": 784608.2,
                              "Plan Rows": 102,
                              "Plan Width": 113,
                              "Workers Planned": 2,
                              "Plans": [
                                {
                                  "Node Type": "Aggregate",
                                  "Strategy": "Sorted",
                                  "Partial Mode": "Partial",
                                  "Parent Relationship": "Outer",
                                  "Parallel Aware": false,
                                  "Async Capable": false,
                                  "Startup Cost": 783591.88,
                                  "Total Cost": 783596.4,
                                  "Plan Rows": 51,
                                  "Plan Width": 113,
                                  "Group Key": [
                                    "store.s_store_id"
                                  ],
                                  "Plans": [
                                    {
                                      "Node Type": "Sort",
                                      "Parent Relationship": "Outer",
                                      "Parallel Aware": false,
                                      "Async Capable": false,
                                      "Startup Cost": 783591.88,
                                      "Total Cost": 783592.48,
                                      "Plan Rows": 242,
                                      "Plan Width": 41,
                                      "Sort Key": [
                                        "store.s_store_id"
                                      ],
                                      "Plans": [
                                        {
                                          "Node Type": "Hash Join",
                                          "Parent Relationship": "Outer",
                                          "Parallel Aware": false,
                                          "Async Capable": false,
                                          "Join Type": "Inner",
                                          "Startup Cost": 94489.35,
                                          "Total Cost": 783582.3,
                                          "Plan Rows": 242,
                                          "Plan Width": 41,
                                          "Inner Unique": false,
                                          "Hash Cond": "(store_sales.ss_store_sk = store.s_store_sk)",
                                          "Plans": [
                                            {
                                              "Node Type": "Hash Join",
                                              "Parent Relationship": "Outer",
                                              "Parallel Aware": false,
                                              "Async Capable": false,
                                              "Join Type": "Inner",
                                              "Startup Cost": 94482.05,
                                              "Total Cost": 783571.63,
                                              "Plan Rows": 254,
                                              "Plan Width": 28,
                                              "Inner Unique": false,
                                              "Hash Cond": "(store_sales.ss_promo_sk = promotion.p_promo_sk)",
                                              "Plans": [
                                                {
                                                  "Node Type": "Hash Join",
                                                  "Parent Relationship": "Outer",
                                                  "Parallel Aware": true,
                                                  "Async Capable": false,
                                                  "Join Type": "Inner",
                                                  "Startup Cost": 94456.65,
                                                  "Total Cost": 783542.68,
                                                  "Plan Rows": 270,
                                                  "Plan Width": 32,
                                                  "Inner Unique": false,
                                                  "Hash Cond": "(store_sales.ss_item_sk = item.i_item_sk)",
                                                  "Plans": [
                                                    {
                                                      "Node Type": "Hash Join",
                                                      "Parent Relationship": "Outer",
                                                      "Parallel Aware": true,
                                                      "Async Capable": false,
                                                      "Join Type": "Left",
                                                      "Startup Cost": 86930.88,
                                                      "Total Cost": 775998.13,
                                                      "Plan Rows": 4703,
                                                      "Plan Width": 36,
                                                      "Inner Unique": false,
                                                      "Hash Cond": "((store_sales.ss_item_sk = store_returns.sr_item_sk) AND (store_sales.ss_ticket_number = store_returns.sr_ticket_number))",
                                                      "Plans": [
                                                        {
                                                          "Node Type": "Hash Join",
                                                          "Parent Relationship": "Outer",
                                                          "Parallel Aware": true,
                                                          "Async Capable": false,
                                                          "Join Type": "Inner",
                                                          "Startup Cost": 2049.78,
                                                          "Total Cost": 683994.75,
                                                          "Plan Rows": 4703,
                                                          "Plan Width": 28,
                                                          "Inner Unique": false,
                                                          "Hash Cond": "(store_sales.ss_sold_date_sk = date_dim.d_date_sk)",
                                                          "Plans": [
                                                            {
                                                              "Node Type": "Seq Scan",
                                                              "Parent Relationship": "Outer",
                                                              "Parallel Aware": true,
                                                              "Async Capable": false,
                                                              "Relation Name": "store_sales",
                                                              "Alias": "store_sales",
                                                              "Startup Cost": 0.0,
                                                              "Total Cost": 636914.37,
                                                              "Plan Rows": 12000637,
                                                              "Plan Width": 32,
                                                              "parent": 13,
                                                              "ID": 14
                                                            },
                                                            {
                                                              "Node Type": "Hash",
                                                              "Parent Relationship": "Inner",
                                                              "Parallel Aware": true,
                                                              "Async Capable": false,
                                                              "Startup Cost": 2049.55,
                                                              "Total Cost": 2049.55,
                                                              "Plan Rows": 18,
                                                              "Plan Width": 4,
                                                              "Plans": [
                                                                {
                                                                  "Node Type": "Seq Scan",
                                                                  "Parent Relationship": "Outer",
                                                                  "Parallel Aware": true,
                                                                  "Async Capable": false,
                                                                  "Relation Name": "date_dim",
                                                                  "Alias": "date_dim",
                                                                  "Startup Cost": 0.0,
                                                                  "Total Cost": 2049.55,
                                                                  "Plan Rows": 18,
                                                                  "Plan Width": 4,
                                                                  "Filter": "((d_date >= '1998-08-19'::date) AND (d_date <= '1998-09-18 00:00:00'::timestamp without time zone))",
                                                                  "parent": 15,
                                                                  "ID": 16
                                                                }
                                                              ],
                                                              "parent": 13,
                                                              "ID": 15,
                                                              "left": 16
                                                            }
                                                          ],
                                                          "parent": 12,
                                                          "ID": 13,
                                                          "left": 14,
                                                          "right": 15
                                                        },
                                                        {
                                                          "Node Type": "Hash",
                                                          "Parent Relationship": "Inner",
                                                          "Parallel Aware": true,
                                                          "Async Capable": false,
                                                          "Startup Cost": 59887.64,
                                                          "Total Cost": 59887.64,
                                                          "Plan Rows": 1198164,
                                                          "Plan Width": 20,
                                                          "Plans": [
                                                            {
                                                              "Node Type": "Seq Scan",
                                                              "Parent Relationship": "Outer",
                                                              "Parallel Aware": true,
                                                              "Async Capable": false,
                                                              "Relation Name": "store_returns",
                                                              "Alias": "store_returns",
                                                              "Startup Cost": 0.0,
                                                              "Total Cost": 59887.64,
                                                              "Plan Rows": 1198164,
                                                              "Plan Width": 20,
                                                              "parent": 17,
                                                              "ID": 18
                                                            }
                                                          ],
                                                          "parent": 12,
                                                          "ID": 17,
                                                          "left": 18
                                                        }
                                                      ],
                                                      "parent": 11,
                                                      "ID": 12,
                                                      "left": 13,
                                                      "right": 17
                                                    },
                                                    {
                                                      "Node Type": "Hash",
                                                      "Parent Relationship": "Inner",
                                                      "Parallel Aware": true,
                                                      "Async Capable": false,
                                                      "Startup Cost": 7495.25,
                                                      "Total Cost": 7495.25,
                                                      "Plan Rows": 2442,
                                                      "Plan Width": 4,
                                                      "Plans": [
                                                        {
                                                          "Node Type": "Seq Scan",
                                                          "Parent Relationship": "Outer",
                                                          "Parallel Aware": true,
                                                          "Async Capable": false,
                                                          "Relation Name": "item",
                                                          "Alias": "item",
                                                          "Startup Cost": 0.0,
                                                          "Total Cost": 7495.25,
                                                          "Plan Rows": 2442,
                                                          "Plan Width": 4,
                                                          "Filter": "(i_current_price > '50'::numeric)",
                                                          "parent": 19,
                                                          "ID": 20
                                                        }
                                                      ],
                                                      "parent": 11,
                                                      "ID": 19,
                                                      "left": 20
                                                    }
                                                  ],
                                                  "parent": 10,
                                                  "ID": 11,
                                                  "left": 12,
                                                  "right": 19
                                                },
                                                {
                                                  "Node Type": "Hash",
                                                  "Parent Relationship": "Inner",
                                                  "Parallel Aware": false,
                                                  "Async Capable": false,
                                                  "Startup Cost": 19.25,
                                                  "Total Cost": 19.25,
                                                  "Plan Rows": 492,
                                                  "Plan Width": 4,
                                                  "Plans": [
                                                    {
                                                      "Node Type": "Seq Scan",
                                                      "Parent Relationship": "Outer",
                                                      "Parallel Aware": false,
                                                      "Async Capable": false,
                                                      "Relation Name": "promotion",
                                                      "Alias": "promotion",
                                                      "Startup Cost": 0.0,
                                                      "Total Cost": 19.25,
                                                      "Plan Rows": 492,
                                                      "Plan Width": 4,
                                                      "Filter": "(p_channel_tv = 'N'::bpchar)",
                                                      "parent": 21,
                                                      "ID": 22
                                                    }
                                                  ],
                                                  "parent": 10,
                                                  "ID": 21,
                                                  "left": 22
                                                }
                                              ],
                                              "parent": 9,
                                              "ID": 10,
                                              "left": 11,
                                              "right": 21
                                            },
                                            {
                                              "Node Type": "Hash",
                                              "Parent Relationship": "Inner",
                                              "Parallel Aware": false,
                                              "Async Capable": false,
                                              "Startup Cost": 6.02,
                                              "Total Cost": 6.02,
                                              "Plan Rows": 102,
                                              "Plan Width": 21,
                                              "Plans": [
                                                {
                                                  "Node Type": "Seq Scan",
                                                  "Parent Relationship": "Outer",
                                                  "Parallel Aware": false,
                                                  "Async Capable": false,
                                                  "Relation Name": "store",
                                                  "Alias": "store",
                                                  "Startup Cost": 0.0,
                                                  "Total Cost": 6.02,
                                                  "Plan Rows": 102,
                                                  "Plan Width": 21,
                                                  "parent": 23,
                                                  "ID": 24
                                                }
                                              ],
                                              "parent": 9,
                                              "ID": 23,
                                              "left": 24
                                            }
                                          ],
                                          "parent": 8,
                                          "ID": 9,
                                          "left": 10,
                                          "right": 23
                                        }
                                      ],
                                      "parent": 7,
                                      "ID": 8,
                                      "left": 9
                                    }
                                  ],
                                  "parent": 6,
                                  "ID": 7,
                                  "left": 8
                                }
                              ],
                              "parent": 5,
                              "ID": 6,
                              "left": 7
                            }
                          ],
                          "parent": 4,
                          "ID": 5,
                          "left": 6
                        }
                      ],
                      "parent": 3,
                      "ID": 4,
                      "left": 5
                    },
                    {
                      "Node Type": "Subquery Scan",
                      "Parent Relationship": "Member",
                      "Parallel Aware": false,
                      "Async Capable": false,
                      "Alias": "csr",
                      "Startup Cost": 518174.1,
                      "Total Cost": 518225.66,
                      "Plan Rows": 329,
                      "Plan Width": 160,
                      "Plans": [
                        {
                          "Node Type": "Aggregate",
                          "Strategy": "Sorted",
                          "Partial Mode": "Finalize",
                          "Parent Relationship": "Subquery",
                          "Parallel Aware": false,
                          "Async Capable": false,
                          "Startup Cost": 518174.1,
                          "Total Cost": 518220.73,
                          "Plan Rows": 329,
                          "Plan Width": 113,
                          "Group Key": [
                            "catalog_page.cp_catalog_page_id"
                          ],
                          "Plans": [
                            {
                              "Node Type": "Gather Merge",
                              "Parent Relationship": "Outer",
                              "Parallel Aware": false,
                              "Async Capable": false,
                              "Startup Cost": 518174.1,
                              "Total Cost": 518210.18,
                              "Plan Rows": 274,
                              "Plan Width": 113,
                              "Workers Planned": 2,
                              "Plans": [
                                {
                                  "Node Type": "Aggregate",
                                  "Strategy": "Sorted",
                                  "Partial Mode": "Partial",
                                  "Parent Relationship": "Outer",
                                  "Parallel Aware": false,
                                  "Async Capable": false,
                                  "Startup Cost": 517174.07,
                                  "Total Cost": 517178.53,
                                  "Plan Rows": 137,
                                  "Plan Width": 113,
                                  "Group Key": [
                                    "catalog_page.cp_catalog_page_id"
                                  ],
                                  "Plans": [
                                    {
                                      "Node Type": "Sort",
                                      "Parent Relationship": "Outer",
                                      "Parallel Aware": false,
                                      "Async Capable": false,
                                      "Startup Cost": 517174.07,
                                      "Total Cost": 517174.42,
                                      "Plan Rows": 137,
                                      "Plan Width": 41,
                                      "Sort Key": [
                                        "catalog_page.cp_catalog_page_id"
                                      ],
                                      "Plans": [
                                        {
                                          "Node Type": "Hash Join",
                                          "Parent Relationship": "Outer",
                                          "Parallel Aware": false,
                                          "Async Capable": false,
                                          "Join Type": "Inner",
                                          "Startup Cost": 57382.33,
                                          "Total Cost": 517169.21,
                                          "Plan Rows": 137,
                                          "Plan Width": 41,
                                          "Inner Unique": false,
                                          "Hash Cond": "(catalog_sales.cs_catalog_page_sk = catalog_page.cp_catalog_page_sk)",
                                          "Plans": [
                                            {
                                              "Node Type": "Hash Join",
                                              "Parent Relationship": "Outer",
                                              "Parallel Aware": false,
                                              "Async Capable": false,
                                              "Join Type": "Inner",
                                              "Startup Cost": 56864.33,
                                              "Total Cost": 516649.32,
                                              "Plan Rows": 138,
                                              "Plan Width": 28,
                                              "Inner Unique": false,
                                              "Hash Cond": "(catalog_sales.cs_promo_sk = promotion_1.p_promo_sk)",
                                              "Plans": [
                                                {
                                                  "Node Type": "Hash Join",
                                                  "Parent Relationship": "Outer",
                                                  "Parallel Aware": true,
                                                  "Async Capable": false,
                                                  "Join Type": "Inner",
                                                  "Startup Cost": 56838.93,
                                                  "Total Cost": 516622.01,
                                                  "Plan Rows": 141,
                                                  "Plan Width": 32,
                                                  "Inner Unique": false,
                                                  "Hash Cond": "(catalog_sales.cs_item_sk = item_1.i_item_sk)",
                                                  "Plans": [
                                                    {
                                                      "Node Type": "Hash Join",
                                                      "Parent Relationship": "Outer",
                                                      "Parallel Aware": true,
                                                      "Async Capable": false,
                                                      "Join Type": "Left",
                                                      "Startup Cost": 49313.15,
                                                      "Total Cost": 509086.46,
                                                      "Plan Rows": 2450,
                                                      "Plan Width": 36,
                                                      "Inner Unique": false,
                                                      "Hash Cond": "((catalog_sales.cs_item_sk = catalog_returns.cr_item_sk) AND (catalog_sales.cs_order_number = catalog_returns.cr_order_number))",
                                                      "Plans": [
                                                        {
                                                          "Node Type": "Hash Join",
                                                          "Parent Relationship": "Outer",
                                                          "Parallel Aware": true,
                                                          "Async Capable": false,
                                                          "Join Type": "Inner",
                                                          "Startup Cost": 2049.78,
                                                          "Total Cost": 458254.7,
                                                          "Plan Rows": 2450,
                                                          "Plan Width": 28,
                                                          "Inner Unique": false,
                                                          "Hash Cond": "(catalog_sales.cs_sold_date_sk = date_dim_1.d_date_sk)",
                                                          "Plans": [
                                                            {
                                                              "Node Type": "Seq Scan",
                                                              "Parent Relationship": "Outer",
                                                              "Parallel Aware": true,
                                                              "Async Capable": false,
                                                              "Relation Name": "catalog_sales",
                                                              "Alias": "catalog_sales",
                                                              "Startup Cost": 0.0,
                                                              "Total Cost": 433688.25,
                                                              "Plan Rows": 6000525,
                                                              "Plan Width": 32,
                                                              "parent": 34,
                                                              "ID": 35
                                                            },
                                                            {
                                                              "Node Type": "Hash",
                                                              "Parent Relationship": "Inner",
                                                              "Parallel Aware": true,
                                                              "Async Capable": false,
                                                              "Startup Cost": 2049.55,
                                                              "Total Cost": 2049.55,
                                                              "Plan Rows": 18,
                                                              "Plan Width": 4,
                                                              "Plans": [
                                                                {
                                                                  "Node Type": "Seq Scan",
                                                                  "Parent Relationship": "Outer",
                                                                  "Parallel Aware": true,
                                                                  "Async Capable": false,
                                                                  "Relation Name": "date_dim",
                                                                  "Alias": "date_dim_1",
                                                                  "Startup Cost": 0.0,
                                                                  "Total Cost": 2049.55,
                                                                  "Plan Rows": 18,
                                                                  "Plan Width": 4,
                                                                  "Filter": "((d_date >= '1998-08-19'::date) AND (d_date <= '1998-09-18 00:00:00'::timestamp without time zone))",
                                                                  "parent": 36,
                                                                  "ID": 37
                                                                }
                                                              ],
                                                              "parent": 34,
                                                              "ID": 36,
                                                              "left": 37
                                                            }
                                                          ],
                                                          "parent": 33,
                                                          "ID": 34,
                                                          "left": 35,
                                                          "right": 36
                                                        },
                                                        {
                                                          "Node Type": "Hash",
                                                          "Parent Relationship": "Inner",
                                                          "Parallel Aware": true,
                                                          "Async Capable": false,
                                                          "Startup Cost": 34748.95,
                                                          "Total Cost": 34748.95,
                                                          "Plan Rows": 599895,
                                                          "Plan Width": 20,
                                                          "Plans": [
                                                            {
                                                              "Node Type": "Seq Scan",
                                                              "Parent Relationship": "Outer",
                                                              "Parallel Aware": true,
                                                              "Async Capable": false,
                                                              "Relation Name": "catalog_returns",
                                                              "Alias": "catalog_returns",
                                                              "Startup Cost": 0.0,
                                                              "Total Cost": 34748.95,
                                                              "Plan Rows": 599895,
                                                              "Plan Width": 20,
                                                              "parent": 38,
                                                              "ID": 39
                                                            }
                                                          ],
                                                          "parent": 33,
                                                          "ID": 38,
                                                          "left": 39
                                                        }
                                                      ],
                                                      "parent": 32,
                                                      "ID": 33,
                                                      "left": 34,
                                                      "right": 38
                                                    },
                                                    {
                                                      "Node Type": "Hash",
                                                      "Parent Relationship": "Inner",
                                                      "Parallel Aware": true,
                                                      "Async Capable": false,
                                                      "Startup Cost": 7495.25,
                                                      "Total Cost": 7495.25,
                                                      "Plan Rows": 2442,
                                                      "Plan Width": 4,
                                                      "Plans": [
                                                        {
                                                          "Node Type": "Seq Scan",
                                                          "Parent Relationship": "Outer",
                                                          "Parallel Aware": true,
                                                          "Async Capable": false,
                                                          "Relation Name": "item",
                                                          "Alias": "item_1",
                                                          "Startup Cost": 0.0,
                                                          "Total Cost": 7495.25,
                                                          "Plan Rows": 2442,
                                                          "Plan Width": 4,
                                                          "Filter": "(i_current_price > '50'::numeric)",
                                                          "parent": 40,
                                                          "ID": 41
                                                        }
                                                      ],
                                                      "parent": 32,
                                                      "ID": 40,
                                                      "left": 41
                                                    }
                                                  ],
                                                  "parent": 31,
                                                  "ID": 32,
                                                  "left": 33,
                                                  "right": 40
                                                },
                                                {
                                                  "Node Type": "Hash",
                                                  "Parent Relationship": "Inner",
                                                  "Parallel Aware": false,
                                                  "Async Capable": false,
                                                  "Startup Cost": 19.25,
                                                  "Total Cost": 19.25,
                                                  "Plan Rows": 492,
                                                  "Plan Width": 4,
                                                  "Plans": [
                                                    {
                                                      "Node Type": "Seq Scan",
                                                      "Parent Relationship": "Outer",
                                                      "Parallel Aware": false,
                                                      "Async Capable": false,
                                                      "Relation Name": "promotion",
                                                      "Alias": "promotion_1",
                                                      "Startup Cost": 0.0,
                                                      "Total Cost": 19.25,
                                                      "Plan Rows": 492,
                                                      "Plan Width": 4,
                                                      "Filter": "(p_channel_tv = 'N'::bpchar)",
                                                      "parent": 42,
                                                      "ID": 43
                                                    }
                                                  ],
                                                  "parent": 31,
                                                  "ID": 42,
                                                  "left": 43
                                                }
                                              ],
                                              "parent": 30,
                                              "ID": 31,
                                              "left": 32,
                                              "right": 42
                                            },
                                            {
                                              "Node Type": "Hash",
                                              "Parent Relationship": "Inner",
                                              "Parallel Aware": false,
                                              "Async Capable": false,
                                              "Startup Cost": 368.0,
                                              "Total Cost": 368.0,
                                              "Plan Rows": 12000,
                                              "Plan Width": 21,
                                              "Plans": [
                                                {
                                                  "Node Type": "Seq Scan",
                                                  "Parent Relationship": "Outer",
                                                  "Parallel Aware": false,
                                                  "Async Capable": false,
                                                  "Relation Name": "catalog_page",
                                                  "Alias": "catalog_page",
                                                  "Startup Cost": 0.0,
                                                  "Total Cost": 368.0,
                                                  "Plan Rows": 12000,
                                                  "Plan Width": 21,
                                                  "parent": 44,
                                                  "ID": 45
                                                }
                                              ],
                                              "parent": 30,
                                              "ID": 44,
                                              "left": 45
                                            }
                                          ],
                                          "parent": 29,
                                          "ID": 30,
                                          "left": 31,
                                          "right": 44
                                        }
                                      ],
                                      "parent": 28,
                                      "ID": 29,
                                      "left": 30
                                    }
                                  ],
                                  "parent": 27,
                                  "ID": 28,
                                  "left": 29
                                }
                              ],
                              "parent": 26,
                              "ID": 27,
                              "left": 28
                            }
                          ],
                          "parent": 25,
                          "ID": 26,
                          "left": 27
                        }
                      ],
                      "parent": 3,
                      "ID": 25,
                      "left": 26
                    },
                    {
                      "Node Type": "Subquery Scan",
                      "Parent Relationship": "Member",
                      "Parallel Aware": false,
                      "Async Capable": false,
                      "Alias": "wsr",
                      "Startup Cost": 263918.43,
                      "Total Cost": 263926.12,
                      "Plan Rows": 21,
                      "Plan Width": 160,
                      "Plans": [
                        {
                          "Node Type": "Aggregate",
                          "Strategy": "Sorted",
                          "Partial Mode": "Finalize",
                          "Parent Relationship": "Subquery",
                          "Parallel Aware": false,
                          "Async Capable": false,
                          "Startup Cost": 263918.43,
                          "Total Cost": 263925.8,
                          "Plan Rows": 21,
                          "Plan Width": 113,
                          "Group Key": [
                            "web_site.web_site_id"
                          ],
                          "Plans": [
                            {
                              "Node Type": "Gather Merge",
                              "Parent Relationship": "Outer",
                              "Parallel Aware": false,
                              "Async Capable": false,
                              "Startup Cost": 263918.43,
                              "Total Cost": 263924.7,
                              "Plan Rows": 42,
                              "Plan Width": 113,
                              "Workers Planned": 2,
                              "Plans": [
                                {
                                  "Node Type": "Aggregate",
                                  "Strategy": "Sorted",
                                  "Partial Mode": "Partial",
                                  "Parent Relationship": "Outer",
                                  "Parallel Aware": false,
                                  "Async Capable": false,
                                  "Startup Cost": 262918.41,
                                  "Total Cost": 262919.83,
                                  "Plan Rows": 21,
                                  "Plan Width": 113,
                                  "Group Key": [
                                    "web_site.web_site_id"
                                  ],
                                  "Plans": [
                                    {
                                      "Node Type": "Sort",
                                      "Parent Relationship": "Outer",
                                      "Parallel Aware": false,
                                      "Async Capable": false,
                                      "Startup Cost": 262918.41,
                                      "Total Cost": 262918.59,
                                      "Plan Rows": 70,
                                      "Plan Width": 41,
                                      "Sort Key": [
                                        "web_site.web_site_id"
                                      ],
                                      "Plans": [
                                        {
                                          "Node Type": "Hash Join",
                                          "Parent Relationship": "Outer",
                                          "Parallel Aware": false,
                                          "Async Capable": false,
                                          "Join Type": "Inner",
                                          "Startup Cost": 32134.74,
                                          "Total Cost": 262916.27,
                                          "Plan Rows": 70,
                                          "Plan Width": 41,
                                          "Inner Unique": false,
                                          "Hash Cond": "(web_sales.ws_web_site_sk = web_site.web_site_sk)",
                                          "Plans": [
                                            {
                                              "Node Type": "Hash Join",
                                              "Parent Relationship": "Outer",
                                              "Parallel Aware": false,
                                              "Async Capable": false,
                                              "Join Type": "Inner",
                                              "Startup Cost": 32130.8,
                                              "Total Cost": 262911.36,
                                              "Plan Rows": 70,
                                              "Plan Width": 28,
                                              "Inner Unique": false,
                                              "Hash Cond": "(web_sales.ws_promo_sk = promotion_2.p_promo_sk)",
                                              "Plans": [
                                                {
                                                  "Node Type": "Hash Join",
                                                  "Parent Relationship": "Outer",
                                                  "Parallel Aware": true,
                                                  "Async Capable": false,
                                                  "Join Type": "Inner",
                                                  "Startup Cost": 32105.4,
                                                  "Total Cost": 262884.99,
                                                  "Plan Rows": 71,
                                                  "Plan Width": 32,
                                                  "Inner Unique": false,
                                                  "Hash Cond": "(web_sales.ws_item_sk = item_2.i_item_sk)",
                                                  "Plans": [
                                                    {
                                                      "Node Type": "Hash Join",
                                                      "Parent Relationship": "Outer",
                                                      "Parallel Aware": true,
                                                      "Async Capable": false,
                                                      "Join Type": "Left",
                                                      "Startup Cost": 24579.62,
                                                      "Total Cost": 255354.31,
                                                      "Plan Rows": 1231,
                                                      "Plan Width": 36,
                                                      "Inner Unique": false,
                                                      "Hash Cond": "((web_sales.ws_item_sk = web_returns.wr_item_sk) AND (web_sales.ws_order_number = web_returns.wr_order_number))",
                                                      "Plans": [
                                                        {
                                                          "Node Type": "Hash Join",
                                                          "Parent Relationship": "Outer",
                                                          "Parallel Aware": true,
                                                          "Async Capable": false,
                                                          "Join Type": "Inner",
                                                          "Startup Cost": 2049.78,
                                                          "Total Cost": 231041.22,
                                                          "Plan Rows": 1231,
                                                          "Plan Width": 28,
                                                          "Inner Unique": false,
                                                          "Hash Cond": "(web_sales.ws_sold_date_sk = date_dim_2.d_date_sk)",
                                                          "Plans": [
                                                            {
                                                              "Node Type": "Seq Scan",
                                                              "Parent Relationship": "Outer",
                                                              "Parallel Aware": true,
                                                              "Async Capable": false,
                                                              "Relation Name": "web_sales",
                                                              "Alias": "web_sales",
                                                              "Startup Cost": 0.0,
                                                              "Total Cost": 217737.86,
                                                              "Plan Rows": 2998986,
                                                              "Plan Width": 32,
                                                              "parent": 55,
                                                              "ID": 56
                                                            },
                                                            {
                                                              "Node Type": "Hash",
                                                              "Parent Relationship": "Inner",
                                                              "Parallel Aware": true,
                                                              "Async Capable": false,
                                                              "Startup Cost": 2049.55,
                                                              "Total Cost": 2049.55,
                                                              "Plan Rows": 18,
                                                              "Plan Width": 4,
                                                              "Plans": [
                                                                {
                                                                  "Node Type": "Seq Scan",
                                                                  "Parent Relationship": "Outer",
                                                                  "Parallel Aware": true,
                                                                  "Async Capable": false,
                                                                  "Relation Name": "date_dim",
                                                                  "Alias": "date_dim_2",
                                                                  "Startup Cost": 0.0,
                                                                  "Total Cost": 2049.55,
                                                                  "Plan Rows": 18,
                                                                  "Plan Width": 4,
                                                                  "Filter": "((d_date >= '1998-08-19'::date) AND (d_date <= '1998-09-18 00:00:00'::timestamp without time zone))",
                                                                  "parent": 57,
                                                                  "ID": 58
                                                                }
                                                              ],
                                                              "parent": 55,
                                                              "ID": 57,
                                                              "left": 58
                                                            }
                                                          ],
                                                          "parent": 54,
                                                          "ID": 55,
                                                          "left": 56,
                                                          "right": 57
                                                        },
                                                        {
                                                          "Node Type": "Hash",
                                                          "Parent Relationship": "Inner",
                                                          "Parallel Aware": true,
                                                          "Async Capable": false,
                                                          "Startup Cost": 16278.74,
                                                          "Total Cost": 16278.74,
                                                          "Plan Rows": 299674,
                                                          "Plan Width": 20,
                                                          "Plans": [
                                                            {
                                                              "Node Type": "Seq Scan",
                                                              "Parent Relationship": "Outer",
                                                              "Parallel Aware": true,
                                                              "Async Capable": false,
                                                              "Relation Name": "web_returns",
                                                              "Alias": "web_returns",
                                                              "Startup Cost": 0.0,
                                                              "Total Cost": 16278.74,
                                                              "Plan Rows": 299674,
                                                              "Plan Width": 20,
                                                              "parent": 59,
                                                              "ID": 60
                                                            }
                                                          ],
                                                          "parent": 54,
                                                          "ID": 59,
                                                          "left": 60
                                                        }
                                                      ],
                                                      "parent": 53,
                                                      "ID": 54,
                                                      "left": 55,
                                                      "right": 59
                                                    },
                                                    {
                                                      "Node Type": "Hash",
                                                      "Parent Relationship": "Inner",
                                                      "Parallel Aware": true,
                                                      "Async Capable": false,
                                                      "Startup Cost": 7495.25,
                                                      "Total Cost": 7495.25,
                                                      "Plan Rows": 2442,
                                                      "Plan Width": 4,
                                                      "Plans": [
                                                        {
                                                          "Node Type": "Seq Scan",
                                                          "Parent Relationship": "Outer",
                                                          "Parallel Aware": true,
                                                          "Async Capable": false,
                                                          "Relation Name": "item",
                                                          "Alias": "item_2",
                                                          "Startup Cost": 0.0,
                                                          "Total Cost": 7495.25,
                                                          "Plan Rows": 2442,
                                                          "Plan Width": 4,
                                                          "Filter": "(i_current_price > '50'::numeric)",
                                                          "parent": 61,
                                                          "ID": 62
                                                        }
                                                      ],
                                                      "parent": 53,
                                                      "ID": 61,
                                                      "left": 62
                                                    }
                                                  ],
                                                  "parent": 52,
                                                  "ID": 53,
                                                  "left": 54,
                                                  "right": 61
                                                },
                                                {
                                                  "Node Type": "Hash",
                                                  "Parent Relationship": "Inner",
                                                  "Parallel Aware": false,
                                                  "Async Capable": false,
                                                  "Startup Cost": 19.25,
                                                  "Total Cost": 19.25,
                                                  "Plan Rows": 492,
                                                  "Plan Width": 4,
                                                  "Plans": [
                                                    {
                                                      "Node Type": "Seq Scan",
                                                      "Parent Relationship": "Outer",
                                                      "Parallel Aware": false,
                                                      "Async Capable": false,
                                                      "Relation Name": "promotion",
                                                      "Alias": "promotion_2",
                                                      "Startup Cost": 0.0,
                                                      "Total Cost": 19.25,
                                                      "Plan Rows": 492,
                                                      "Plan Width": 4,
                                                      "Filter": "(p_channel_tv = 'N'::bpchar)",
                                                      "parent": 63,
                                                      "ID": 64
                                                    }
                                                  ],
                                                  "parent": 52,
                                                  "ID": 63,
                                                  "left": 64
                                                }
                                              ],
                                              "parent": 51,
                                              "ID": 52,
                                              "left": 53,
                                              "right": 63
                                            },
                                            {
                                              "Node Type": "Hash",
                                              "Parent Relationship": "Inner",
                                              "Parallel Aware": false,
                                              "Async Capable": false,
                                              "Startup Cost": 3.42,
                                              "Total Cost": 3.42,
                                              "Plan Rows": 42,
                                              "Plan Width": 21,
                                              "Plans": [
                                                {
                                                  "Node Type": "Seq Scan",
                                                  "Parent Relationship": "Outer",
                                                  "Parallel Aware": false,
                                                  "Async Capable": false,
                                                  "Relation Name": "web_site",
                                                  "Alias": "web_site",
                                                  "Startup Cost": 0.0,
                                                  "Total Cost": 3.42,
                                                  "Plan Rows": 42,
                                                  "Plan Width": 21,
                                                  "parent": 65,
                                                  "ID": 66
                                                }
                                              ],
                                              "parent": 51,
                                              "ID": 65,
                                              "left": 66
                                            }
                                          ],
                                          "parent": 50,
                                          "ID": 51,
                                          "left": 52,
                                          "right": 65
                                        }
                                      ],
                                      "parent": 49,
                                      "ID": 50,
                                      "left": 51
                                    }
                                  ],
                                  "parent": 48,
                                  "ID": 49,
                                  "left": 50
                                }
                              ],
                              "parent": 47,
                              "ID": 48,
                              "left": 49
                            }
                          ],
                          "parent": 46,
                          "ID": 47,
                          "left": 48
                        }
                      ],
                      "parent": 3,
                      "ID": 46,
                      "left": 47
                    }
                  ],
                  "parent": 2,
                  "ID": 3,
                  "left": 4,
                  "right": 25
                }
              ],
              "parent": 1,
              "ID": 2,
              "left": 3
            }
          ],
          "parent": 0,
          "ID": 1,
          "left": 2
        }
      ],
      "parent": null,
      "ID": 0,
      "left": 1
    },
    "feat": {
      "utility": 0.0,
      "query_shape": [
        [
          "Seq Scan",
          "Hash Join",
          "Sort",
          "Aggregate",
          "Gather Merge",
          "Subquery Scan",
          "Append"
        ],
        [
          "Seq Scan",
          "Hash",
          "Hash Join",
          "Sort",
          "Aggregate",
          "Gather Merge",
          "Subquery Scan",
          "Append"
        ],
        [
          "Seq Scan",
          "Hash",
          "Hash Join",
          "Sort",
          "Aggregate",
          "Gather Merge",
          "Subquery Scan",
          "Append"
        ],
        [
          "Seq Scan",
          "Hash",
          "Hash Join",
          "Sort",
          "Aggregate",
          "Gather Merge",
          "Subquery Scan",
          "Append"
        ],
        [
          "Seq Scan",
          "Hash",
          "Hash Join",
          "Sort",
          "Aggregate",
          "Gather Merge",
          "Subquery Scan",
          "Append"
        ],
        [
          "Seq Scan",
          "Hash",
          "Hash Join",
          "Sort",
          "Aggregate",
          "Gather Merge",
          "Subquery Scan",
          "Append"
        ],
        [
          "Seq Scan",
          "Hash Join",
          "Sort",
          "Aggregate",
          "Gather Merge",
          "Subquery Scan",
          "Append"
        ],
        [
          "Seq Scan",
          "Hash",
          "Hash Join",
          "Sort",
          "Aggregate",
          "Gather Merge",
          "Subquery Scan",
          "Append"
        ],
        [
          "Seq Scan",
          "Hash",
          "Hash Join",
          "Sort",
          "Aggregate",
          "Gather Merge",
          "Subquery Scan",
          "Append"
        ],
        [
          "Seq Scan",
          "Hash",
          "Hash Join",
          "Sort",
          "Aggregate",
          "Gather Merge",
          "Subquery Scan",
          "Append"
        ],
        [
          "Seq Scan",
          "Hash",
          "Hash Join",
          "Sort",
          "Aggregate",
          "Gather Merge",
          "Subquery Scan",
          "Append"
        ],
        [
          "Seq Scan",
          "Hash",
          "Hash Join",
          "Sort",
          "Aggregate",
          "Gather Merge",
          "Subquery Scan",
          "Append"
        ],
        [
          "Seq Scan",
          "Hash Join",
          "Sort",
          "Aggregate",
          "Gather Merge",
          "Subquery Scan",
          "Append"
        ],
        [
          "Seq Scan",
          "Hash",
          "Hash Join",
          "Sort",
          "Aggregate",
          "Gather Merge",
          "Subquery Scan",
          "Append"
        ],
        [
          "Seq Scan",
          "Hash",
          "Hash Join",
          "Sort",
          "Aggregate",
          "Gather Merge",
          "Subquery Scan",
          "Append"
        ],
        [
          "Seq Scan",
          "Hash",
          "Hash Join",
          "Sort",
          "Aggregate",
          "Gather Merge",
          "Subquery Scan",
          "Append"
        ],
        [
          "Seq Scan",
          "Hash",
          "Hash Join",
          "Sort",
          "Aggregate",
          "Gather Merge",
          "Subquery Scan",
          "Append"
        ],
        [
          "Seq Scan",
          "Hash",
          "Hash Join",
          "Sort",
          "Aggregate",
          "Gather Merge",
          "Subquery Scan",
          "Append"
        ]
      ],
      "index_shape": [],
      "physical_operator": {}
    }
  },
  {
    "query": "with ssr as\n (select  s_store_id as store_id,\n          sum(ss_ext_sales_price) as sales,\n          sum(coalesce(sr_return_amt, 0)) as returns,\n          sum(ss_net_profit - coalesce(sr_net_loss, 0)) as profit\n  from store_sales left outer join store_returns on\n         (ss_item_sk = sr_item_sk and ss_ticket_number = sr_ticket_number),\n     date_dim,\n     store,\n     item,\n     promotion\n where ss_sold_date_sk = d_date_sk\n       and d_date between cast('1998-08-19' as date) \n                  and (cast('1998-08-19' as date) +  interval '30 days')\n       and ss_store_sk = s_store_sk\n       and ss_item_sk = i_item_sk\n       and i_current_price > 50\n       and ss_promo_sk = p_promo_sk\n       and p_channel_tv = 'N'\n group by s_store_id)\n ,\n csr as\n (select  cp_catalog_page_id as catalog_page_id,\n          sum(cs_ext_sales_price) as sales,\n          sum(coalesce(cr_return_amount, 0)) as returns,\n          sum(cs_net_profit - coalesce(cr_net_loss, 0)) as profit\n  from catalog_sales left outer join catalog_returns on\n         (cs_item_sk = cr_item_sk and cs_order_number = cr_order_number),\n     date_dim,\n     catalog_page,\n     item,\n     promotion\n where cs_sold_date_sk = d_date_sk\n       and d_date between cast('1998-08-19' as date)\n                  and (cast('1998-08-19' as date) +  interval '30 days')\n        and cs_catalog_page_sk = cp_catalog_page_sk\n       and cs_item_sk = i_item_sk\n       and i_current_price > 50\n       and cs_promo_sk = p_promo_sk\n       and p_channel_tv = 'N'\ngroup by cp_catalog_page_id)\n ,\n wsr as\n (select  web_site_id,\n          sum(ws_ext_sales_price) as sales,\n          sum(coalesce(wr_return_amt, 0)) as returns,\n          sum(ws_net_profit - coalesce(wr_net_loss, 0)) as profit\n  from web_sales left outer join web_returns on\n         (ws_item_sk = wr_item_sk and ws_order_number = wr_order_number),\n     date_dim,\n     web_site,\n     item,\n     promotion\n where ws_sold_date_sk = d_date_sk\n       and d_date between cast('1998-08-19' as date)\n                  and (cast('1998-08-19' as date) +  interval '30 days')\n        and ws_web_site_sk = web_site_sk\n       and ws_item_sk = i_item_sk\n       and i_current_price > 50\n       and ws_promo_sk = p_promo_sk\n       and p_channel_tv = 'N'\ngroup by web_site_id)\n  select  channel\n        , id\n        , sum(sales) as sales\n        , sum(returns) as returns\n        , sum(profit) as profit\n from \n (select 'store channel' as channel\n        , 'store' || store_id as id\n        , sales\n        , returns\n        , profit\n from   ssr\n union all\n select 'catalog channel' as channel\n        , 'catalog_page' || catalog_page_id as id\n        , sales\n        , returns\n        , profit\n from  csr\n union all\n select 'web channel' as channel\n        , 'web_site' || web_site_id as id\n        , sales\n        , returns\n        , profit\n from   wsr\n ) x\n group by rollup (channel, id)\n order by channel\n         ,id\n limit 100;\n\n-- end query 61 in stream 0 using template query80.tpl\n",
    "indexes": "catalog_returns.cr_net_loss",
    "wo plan est": {
      "Node Type": "Limit",
      "Parallel Aware": false,
      "Async Capable": false,
      "Startup Cost": 1566782.76,
      "Total Cost": 1566786.01,
      "Plan Rows": 100,
      "Plan Width": 160,
      "Plans": [
        {
          "Node Type": "Aggregate",
          "Strategy": "Sorted",
          "Partial Mode": "Simple",
          "Parent Relationship": "Outer",
          "Parallel Aware": false,
          "Async Capable": false,
          "Startup Cost": 1566782.76,
          "Total Cost": 1566795.8,
          "Plan Rows": 401,
          "Plan Width": 160,
          "Grouping Sets": [
            {
              "Group Keys": [
                [
                  "('store channel'::text)",
                  "(('store'::text || (ssr.store_id)::text))"
                ],
                [
                  "('store channel'::text)"
                ],
                []
              ]
            }
          ],
          "Plans": [
            {
              "Node Type": "Sort",
              "Parent Relationship": "Outer",
              "Parallel Aware": false,
              "Async Capable": false,
              "Startup Cost": 1566782.76,
              "Total Cost": 1566783.77,
              "Plan Rows": 401,
              "Plan Width": 160,
              "Sort Key": [
                "('store channel'::text)",
                "(('store'::text || (ssr.store_id)::text))"
              ],
              "Plans": [
                {
                  "Node Type": "Append",
                  "Parent Relationship": "Outer",
                  "Parallel Aware": false,
                  "Async Capable": false,
                  "Startup Cost": 784591.9,
                  "Total Cost": 1566765.43,
                  "Plan Rows": 401,
                  "Plan Width": 160,
                  "Subplans Removed": 0,
                  "Plans": [
                    {
                      "Node Type": "Subquery Scan",
                      "Parent Relationship": "Member",
                      "Parallel Aware": false,
                      "Async Capable": false,
                      "Alias": "ssr",
                      "Startup Cost": 784591.9,
                      "Total Cost": 784611.64,
                      "Plan Rows": 51,
                      "Plan Width": 160,
                      "Plans": [
                        {
                          "Node Type": "Aggregate",
                          "Strategy": "Sorted",
                          "Partial Mode": "Finalize",
                          "Parent Relationship": "Subquery",
                          "Parallel Aware": false,
                          "Async Capable": false,
                          "Startup Cost": 784591.9,
                          "Total Cost": 784610.87,
                          "Plan Rows": 51,
                          "Plan Width": 113,
                          "Group Key": [
                            "store.s_store_id"
                          ],
                          "Plans": [
                            {
                              "Node Type": "Gather Merge",
                              "Parent Relationship": "Outer",
                              "Parallel Aware": false,
                              "Async Capable": false,
                              "Startup Cost": 784591.9,
                              "Total Cost": 784608.2,
                              "Plan Rows": 102,
                              "Plan Width": 113,
                              "Workers Planned": 2,
                              "Plans": [
                                {
                                  "Node Type": "Aggregate",
                                  "Strategy": "Sorted",
                                  "Partial Mode": "Partial",
                                  "Parent Relationship": "Outer",
                                  "Parallel Aware": false,
                                  "Async Capable": false,
                                  "Startup Cost": 783591.88,
                                  "Total Cost": 783596.4,
                                  "Plan Rows": 51,
                                  "Plan Width": 113,
                                  "Group Key": [
                                    "store.s_store_id"
                                  ],
                                  "Plans": [
                                    {
                                      "Node Type": "Sort",
                                      "Parent Relationship": "Outer",
                                      "Parallel Aware": false,
                                      "Async Capable": false,
                                      "Startup Cost": 783591.88,
                                      "Total Cost": 783592.48,
                                      "Plan Rows": 242,
                                      "Plan Width": 41,
                                      "Sort Key": [
                                        "store.s_store_id"
                                      ],
                                      "Plans": [
                                        {
                                          "Node Type": "Hash Join",
                                          "Parent Relationship": "Outer",
                                          "Parallel Aware": false,
                                          "Async Capable": false,
                                          "Join Type": "Inner",
                                          "Startup Cost": 94489.35,
                                          "Total Cost": 783582.3,
                                          "Plan Rows": 242,
                                          "Plan Width": 41,
                                          "Inner Unique": false,
                                          "Hash Cond": "(store_sales.ss_store_sk = store.s_store_sk)",
                                          "Plans": [
                                            {
                                              "Node Type": "Hash Join",
                                              "Parent Relationship": "Outer",
                                              "Parallel Aware": false,
                                              "Async Capable": false,
                                              "Join Type": "Inner",
                                              "Startup Cost": 94482.05,
                                              "Total Cost": 783571.63,
                                              "Plan Rows": 254,
                                              "Plan Width": 28,
                                              "Inner Unique": false,
                                              "Hash Cond": "(store_sales.ss_promo_sk = promotion.p_promo_sk)",
                                              "Plans": [
                                                {
                                                  "Node Type": "Hash Join",
                                                  "Parent Relationship": "Outer",
                                                  "Parallel Aware": true,
                                                  "Async Capable": false,
                                                  "Join Type": "Inner",
                                                  "Startup Cost": 94456.65,
                                                  "Total Cost": 783542.68,
                                                  "Plan Rows": 270,
                                                  "Plan Width": 32,
                                                  "Inner Unique": false,
                                                  "Hash Cond": "(store_sales.ss_item_sk = item.i_item_sk)",
                                                  "Plans": [
                                                    {
                                                      "Node Type": "Hash Join",
                                                      "Parent Relationship": "Outer",
                                                      "Parallel Aware": true,
                                                      "Async Capable": false,
                                                      "Join Type": "Left",
                                                      "Startup Cost": 86930.88,
                                                      "Total Cost": 775998.13,
                                                      "Plan Rows": 4703,
                                                      "Plan Width": 36,
                                                      "Inner Unique": false,
                                                      "Hash Cond": "((store_sales.ss_item_sk = store_returns.sr_item_sk) AND (store_sales.ss_ticket_number = store_returns.sr_ticket_number))",
                                                      "Plans": [
                                                        {
                                                          "Node Type": "Hash Join",
                                                          "Parent Relationship": "Outer",
                                                          "Parallel Aware": true,
                                                          "Async Capable": false,
                                                          "Join Type": "Inner",
                                                          "Startup Cost": 2049.78,
                                                          "Total Cost": 683994.75,
                                                          "Plan Rows": 4703,
                                                          "Plan Width": 28,
                                                          "Inner Unique": false,
                                                          "Hash Cond": "(store_sales.ss_sold_date_sk = date_dim.d_date_sk)",
                                                          "Plans": [
                                                            {
                                                              "Node Type": "Seq Scan",
                                                              "Parent Relationship": "Outer",
                                                              "Parallel Aware": true,
                                                              "Async Capable": false,
                                                              "Relation Name": "store_sales",
                                                              "Alias": "store_sales",
                                                              "Startup Cost": 0.0,
                                                              "Total Cost": 636914.37,
                                                              "Plan Rows": 12000637,
                                                              "Plan Width": 32,
                                                              "parent": 13,
                                                              "ID": 14
                                                            },
                                                            {
                                                              "Node Type": "Hash",
                                                              "Parent Relationship": "Inner",
                                                              "Parallel Aware": true,
                                                              "Async Capable": false,
                                                              "Startup Cost": 2049.55,
                                                              "Total Cost": 2049.55,
                                                              "Plan Rows": 18,
                                                              "Plan Width": 4,
                                                              "Plans": [
                                                                {
                                                                  "Node Type": "Seq Scan",
                                                                  "Parent Relationship": "Outer",
                                                                  "Parallel Aware": true,
                                                                  "Async Capable": false,
                                                                  "Relation Name": "date_dim",
                                                                  "Alias": "date_dim",
                                                                  "Startup Cost": 0.0,
                                                                  "Total Cost": 2049.55,
                                                                  "Plan Rows": 18,
                                                                  "Plan Width": 4,
                                                                  "Filter": "((d_date >= '1998-08-19'::date) AND (d_date <= '1998-09-18 00:00:00'::timestamp without time zone))",
                                                                  "parent": 15,
                                                                  "ID": 16
                                                                }
                                                              ],
                                                              "parent": 13,
                                                              "ID": 15,
                                                              "left": 16
                                                            }
                                                          ],
                                                          "parent": 12,
                                                          "ID": 13,
                                                          "left": 14,
                                                          "right": 15
                                                        },
                                                        {
                                                          "Node Type": "Hash",
                                                          "Parent Relationship": "Inner",
                                                          "Parallel Aware": true,
                                                          "Async Capable": false,
                                                          "Startup Cost": 59887.64,
                                                          "Total Cost": 59887.64,
                                                          "Plan Rows": 1198164,
                                                          "Plan Width": 20,
                                                          "Plans": [
                                                            {
                                                              "Node Type": "Seq Scan",
                                                              "Parent Relationship": "Outer",
                                                              "Parallel Aware": true,
                                                              "Async Capable": false,
                                                              "Relation Name": "store_returns",
                                                              "Alias": "store_returns",
                                                              "Startup Cost": 0.0,
                                                              "Total Cost": 59887.64,
                                                              "Plan Rows": 1198164,
                                                              "Plan Width": 20,
                                                              "parent": 17,
                                                              "ID": 18
                                                            }
                                                          ],
                                                          "parent": 12,
                                                          "ID": 17,
                                                          "left": 18
                                                        }
                                                      ],
                                                      "parent": 11,
                                                      "ID": 12,
                                                      "left": 13,
                                                      "right": 17
                                                    },
                                                    {
                                                      "Node Type": "Hash",
                                                      "Parent Relationship": "Inner",
                                                      "Parallel Aware": true,
                                                      "Async Capable": false,
                                                      "Startup Cost": 7495.25,
                                                      "Total Cost": 7495.25,
                                                      "Plan Rows": 2442,
                                                      "Plan Width": 4,
                                                      "Plans": [
                                                        {
                                                          "Node Type": "Seq Scan",
                                                          "Parent Relationship": "Outer",
                                                          "Parallel Aware": true,
                                                          "Async Capable": false,
                                                          "Relation Name": "item",
                                                          "Alias": "item",
                                                          "Startup Cost": 0.0,
                                                          "Total Cost": 7495.25,
                                                          "Plan Rows": 2442,
                                                          "Plan Width": 4,
                                                          "Filter": "(i_current_price > '50'::numeric)",
                                                          "parent": 19,
                                                          "ID": 20
                                                        }
                                                      ],
                                                      "parent": 11,
                                                      "ID": 19,
                                                      "left": 20
                                                    }
                                                  ],
                                                  "parent": 10,
                                                  "ID": 11,
                                                  "left": 12,
                                                  "right": 19
                                                },
                                                {
                                                  "Node Type": "Hash",
                                                  "Parent Relationship": "Inner",
                                                  "Parallel Aware": false,
                                                  "Async Capable": false,
                                                  "Startup Cost": 19.25,
                                                  "Total Cost": 19.25,
                                                  "Plan Rows": 492,
                                                  "Plan Width": 4,
                                                  "Plans": [
                                                    {
                                                      "Node Type": "Seq Scan",
                                                      "Parent Relationship": "Outer",
                                                      "Parallel Aware": false,
                                                      "Async Capable": false,
                                                      "Relation Name": "promotion",
                                                      "Alias": "promotion",
                                                      "Startup Cost": 0.0,
                                                      "Total Cost": 19.25,
                                                      "Plan Rows": 492,
                                                      "Plan Width": 4,
                                                      "Filter": "(p_channel_tv = 'N'::bpchar)",
                                                      "parent": 21,
                                                      "ID": 22
                                                    }
                                                  ],
                                                  "parent": 10,
                                                  "ID": 21,
                                                  "left": 22
                                                }
                                              ],
                                              "parent": 9,
                                              "ID": 10,
                                              "left": 11,
                                              "right": 21
                                            },
                                            {
                                              "Node Type": "Hash",
                                              "Parent Relationship": "Inner",
                                              "Parallel Aware": false,
                                              "Async Capable": false,
                                              "Startup Cost": 6.02,
                                              "Total Cost": 6.02,
                                              "Plan Rows": 102,
                                              "Plan Width": 21,
                                              "Plans": [
                                                {
                                                  "Node Type": "Seq Scan",
                                                  "Parent Relationship": "Outer",
                                                  "Parallel Aware": false,
                                                  "Async Capable": false,
                                                  "Relation Name": "store",
                                                  "Alias": "store",
                                                  "Startup Cost": 0.0,
                                                  "Total Cost": 6.02,
                                                  "Plan Rows": 102,
                                                  "Plan Width": 21,
                                                  "parent": 23,
                                                  "ID": 24
                                                }
                                              ],
                                              "parent": 9,
                                              "ID": 23,
                                              "left": 24
                                            }
                                          ],
                                          "parent": 8,
                                          "ID": 9,
                                          "left": 10,
                                          "right": 23
                                        }
                                      ],
                                      "parent": 7,
                                      "ID": 8,
                                      "left": 9
                                    }
                                  ],
                                  "parent": 6,
                                  "ID": 7,
                                  "left": 8
                                }
                              ],
                              "parent": 5,
                              "ID": 6,
                              "left": 7
                            }
                          ],
                          "parent": 4,
                          "ID": 5,
                          "left": 6
                        }
                      ],
                      "parent": 3,
                      "ID": 4,
                      "left": 5
                    },
                    {
                      "Node Type": "Subquery Scan",
                      "Parent Relationship": "Member",
                      "Parallel Aware": false,
                      "Async Capable": false,
                      "Alias": "csr",
                      "Startup Cost": 518174.1,
                      "Total Cost": 518225.66,
                      "Plan Rows": 329,
                      "Plan Width": 160,
                      "Plans": [
                        {
                          "Node Type": "Aggregate",
                          "Strategy": "Sorted",
                          "Partial Mode": "Finalize",
                          "Parent Relationship": "Subquery",
                          "Parallel Aware": false,
                          "Async Capable": false,
                          "Startup Cost": 518174.1,
                          "Total Cost": 518220.73,
                          "Plan Rows": 329,
                          "Plan Width": 113,
                          "Group Key": [
                            "catalog_page.cp_catalog_page_id"
                          ],
                          "Plans": [
                            {
                              "Node Type": "Gather Merge",
                              "Parent Relationship": "Outer",
                              "Parallel Aware": false,
                              "Async Capable": false,
                              "Startup Cost": 518174.1,
                              "Total Cost": 518210.18,
                              "Plan Rows": 274,
                              "Plan Width": 113,
                              "Workers Planned": 2,
                              "Plans": [
                                {
                                  "Node Type": "Aggregate",
                                  "Strategy": "Sorted",
                                  "Partial Mode": "Partial",
                                  "Parent Relationship": "Outer",
                                  "Parallel Aware": false,
                                  "Async Capable": false,
                                  "Startup Cost": 517174.07,
                                  "Total Cost": 517178.53,
                                  "Plan Rows": 137,
                                  "Plan Width": 113,
                                  "Group Key": [
                                    "catalog_page.cp_catalog_page_id"
                                  ],
                                  "Plans": [
                                    {
                                      "Node Type": "Sort",
                                      "Parent Relationship": "Outer",
                                      "Parallel Aware": false,
                                      "Async Capable": false,
                                      "Startup Cost": 517174.07,
                                      "Total Cost": 517174.42,
                                      "Plan Rows": 137,
                                      "Plan Width": 41,
                                      "Sort Key": [
                                        "catalog_page.cp_catalog_page_id"
                                      ],
                                      "Plans": [
                                        {
                                          "Node Type": "Hash Join",
                                          "Parent Relationship": "Outer",
                                          "Parallel Aware": false,
                                          "Async Capable": false,
                                          "Join Type": "Inner",
                                          "Startup Cost": 57382.33,
                                          "Total Cost": 517169.21,
                                          "Plan Rows": 137,
                                          "Plan Width": 41,
                                          "Inner Unique": false,
                                          "Hash Cond": "(catalog_sales.cs_catalog_page_sk = catalog_page.cp_catalog_page_sk)",
                                          "Plans": [
                                            {
                                              "Node Type": "Hash Join",
                                              "Parent Relationship": "Outer",
                                              "Parallel Aware": false,
                                              "Async Capable": false,
                                              "Join Type": "Inner",
                                              "Startup Cost": 56864.33,
                                              "Total Cost": 516649.32,
                                              "Plan Rows": 138,
                                              "Plan Width": 28,
                                              "Inner Unique": false,
                                              "Hash Cond": "(catalog_sales.cs_promo_sk = promotion_1.p_promo_sk)",
                                              "Plans": [
                                                {
                                                  "Node Type": "Hash Join",
                                                  "Parent Relationship": "Outer",
                                                  "Parallel Aware": true,
                                                  "Async Capable": false,
                                                  "Join Type": "Inner",
                                                  "Startup Cost": 56838.93,
                                                  "Total Cost": 516622.01,
                                                  "Plan Rows": 141,
                                                  "Plan Width": 32,
                                                  "Inner Unique": false,
                                                  "Hash Cond": "(catalog_sales.cs_item_sk = item_1.i_item_sk)",
                                                  "Plans": [
                                                    {
                                                      "Node Type": "Hash Join",
                                                      "Parent Relationship": "Outer",
                                                      "Parallel Aware": true,
                                                      "Async Capable": false,
                                                      "Join Type": "Left",
                                                      "Startup Cost": 49313.15,
                                                      "Total Cost": 509086.46,
                                                      "Plan Rows": 2450,
                                                      "Plan Width": 36,
                                                      "Inner Unique": false,
                                                      "Hash Cond": "((catalog_sales.cs_item_sk = catalog_returns.cr_item_sk) AND (catalog_sales.cs_order_number = catalog_returns.cr_order_number))",
                                                      "Plans": [
                                                        {
                                                          "Node Type": "Hash Join",
                                                          "Parent Relationship": "Outer",
                                                          "Parallel Aware": true,
                                                          "Async Capable": false,
                                                          "Join Type": "Inner",
                                                          "Startup Cost": 2049.78,
                                                          "Total Cost": 458254.7,
                                                          "Plan Rows": 2450,
                                                          "Plan Width": 28,
                                                          "Inner Unique": false,
                                                          "Hash Cond": "(catalog_sales.cs_sold_date_sk = date_dim_1.d_date_sk)",
                                                          "Plans": [
                                                            {
                                                              "Node Type": "Seq Scan",
                                                              "Parent Relationship": "Outer",
                                                              "Parallel Aware": true,
                                                              "Async Capable": false,
                                                              "Relation Name": "catalog_sales",
                                                              "Alias": "catalog_sales",
                                                              "Startup Cost": 0.0,
                                                              "Total Cost": 433688.25,
                                                              "Plan Rows": 6000525,
                                                              "Plan Width": 32,
                                                              "parent": 34,
                                                              "ID": 35
                                                            },
                                                            {
                                                              "Node Type": "Hash",
                                                              "Parent Relationship": "Inner",
                                                              "Parallel Aware": true,
                                                              "Async Capable": false,
                                                              "Startup Cost": 2049.55,
                                                              "Total Cost": 2049.55,
                                                              "Plan Rows": 18,
                                                              "Plan Width": 4,
                                                              "Plans": [
                                                                {
                                                                  "Node Type": "Seq Scan",
                                                                  "Parent Relationship": "Outer",
                                                                  "Parallel Aware": true,
                                                                  "Async Capable": false,
                                                                  "Relation Name": "date_dim",
                                                                  "Alias": "date_dim_1",
                                                                  "Startup Cost": 0.0,
                                                                  "Total Cost": 2049.55,
                                                                  "Plan Rows": 18,
                                                                  "Plan Width": 4,
                                                                  "Filter": "((d_date >= '1998-08-19'::date) AND (d_date <= '1998-09-18 00:00:00'::timestamp without time zone))",
                                                                  "parent": 36,
                                                                  "ID": 37
                                                                }
                                                              ],
                                                              "parent": 34,
                                                              "ID": 36,
                                                              "left": 37
                                                            }
                                                          ],
                                                          "parent": 33,
                                                          "ID": 34,
                                                          "left": 35,
                                                          "right": 36
                                                        },
                                                        {
                                                          "Node Type": "Hash",
                                                          "Parent Relationship": "Inner",
                                                          "Parallel Aware": true,
                                                          "Async Capable": false,
                                                          "Startup Cost": 34748.95,
                                                          "Total Cost": 34748.95,
                                                          "Plan Rows": 599895,
                                                          "Plan Width": 20,
                                                          "Plans": [
                                                            {
                                                              "Node Type": "Seq Scan",
                                                              "Parent Relationship": "Outer",
                                                              "Parallel Aware": true,
                                                              "Async Capable": false,
                                                              "Relation Name": "catalog_returns",
                                                              "Alias": "catalog_returns",
                                                              "Startup Cost": 0.0,
                                                              "Total Cost": 34748.95,
                                                              "Plan Rows": 599895,
                                                              "Plan Width": 20,
                                                              "parent": 38,
                                                              "ID": 39
                                                            }
                                                          ],
                                                          "parent": 33,
                                                          "ID": 38,
                                                          "left": 39
                                                        }
                                                      ],
                                                      "parent": 32,
                                                      "ID": 33,
                                                      "left": 34,
                                                      "right": 38
                                                    },
                                                    {
                                                      "Node Type": "Hash",
                                                      "Parent Relationship": "Inner",
                                                      "Parallel Aware": true,
                                                      "Async Capable": false,
                                                      "Startup Cost": 7495.25,
                                                      "Total Cost": 7495.25,
                                                      "Plan Rows": 2442,
                                                      "Plan Width": 4,
                                                      "Plans": [
                                                        {
                                                          "Node Type": "Seq Scan",
                                                          "Parent Relationship": "Outer",
                                                          "Parallel Aware": true,
                                                          "Async Capable": false,
                                                          "Relation Name": "item",
                                                          "Alias": "item_1",
                                                          "Startup Cost": 0.0,
                                                          "Total Cost": 7495.25,
                                                          "Plan Rows": 2442,
                                                          "Plan Width": 4,
                                                          "Filter": "(i_current_price > '50'::numeric)",
                                                          "parent": 40,
                                                          "ID": 41
                                                        }
                                                      ],
                                                      "parent": 32,
                                                      "ID": 40,
                                                      "left": 41
                                                    }
                                                  ],
                                                  "parent": 31,
                                                  "ID": 32,
                                                  "left": 33,
                                                  "right": 40
                                                },
                                                {
                                                  "Node Type": "Hash",
                                                  "Parent Relationship": "Inner",
                                                  "Parallel Aware": false,
                                                  "Async Capable": false,
                                                  "Startup Cost": 19.25,
                                                  "Total Cost": 19.25,
                                                  "Plan Rows": 492,
                                                  "Plan Width": 4,
                                                  "Plans": [
                                                    {
                                                      "Node Type": "Seq Scan",
                                                      "Parent Relationship": "Outer",
                                                      "Parallel Aware": false,
                                                      "Async Capable": false,
                                                      "Relation Name": "promotion",
                                                      "Alias": "promotion_1",
                                                      "Startup Cost": 0.0,
                                                      "Total Cost": 19.25,
                                                      "Plan Rows": 492,
                                                      "Plan Width": 4,
                                                      "Filter": "(p_channel_tv = 'N'::bpchar)",
                                                      "parent": 42,
                                                      "ID": 43
                                                    }
                                                  ],
                                                  "parent": 31,
                                                  "ID": 42,
                                                  "left": 43
                                                }
                                              ],
                                              "parent": 30,
                                              "ID": 31,
                                              "left": 32,
                                              "right": 42
                                            },
                                            {
                                              "Node Type": "Hash",
                                              "Parent Relationship": "Inner",
                                              "Parallel Aware": false,
                                              "Async Capable": false,
                                              "Startup Cost": 368.0,
                                              "Total Cost": 368.0,
                                              "Plan Rows": 12000,
                                              "Plan Width": 21,
                                              "Plans": [
                                                {
                                                  "Node Type": "Seq Scan",
                                                  "Parent Relationship": "Outer",
                                                  "Parallel Aware": false,
                                                  "Async Capable": false,
                                                  "Relation Name": "catalog_page",
                                                  "Alias": "catalog_page",
                                                  "Startup Cost": 0.0,
                                                  "Total Cost": 368.0,
                                                  "Plan Rows": 12000,
                                                  "Plan Width": 21,
                                                  "parent": 44,
                                                  "ID": 45
                                                }
                                              ],
                                              "parent": 30,
                                              "ID": 44,
                                              "left": 45
                                            }
                                          ],
                                          "parent": 29,
                                          "ID": 30,
                                          "left": 31,
                                          "right": 44
                                        }
                                      ],
                                      "parent": 28,
                                      "ID": 29,
                                      "left": 30
                                    }
                                  ],
                                  "parent": 27,
                                  "ID": 28,
                                  "left": 29
                                }
                              ],
                              "parent": 26,
                              "ID": 27,
                              "left": 28
                            }
                          ],
                          "parent": 25,
                          "ID": 26,
                          "left": 27
                        }
                      ],
                      "parent": 3,
                      "ID": 25,
                      "left": 26
                    },
                    {
                      "Node Type": "Subquery Scan",
                      "Parent Relationship": "Member",
                      "Parallel Aware": false,
                      "Async Capable": false,
                      "Alias": "wsr",
                      "Startup Cost": 263918.43,
                      "Total Cost": 263926.12,
                      "Plan Rows": 21,
                      "Plan Width": 160,
                      "Plans": [
                        {
                          "Node Type": "Aggregate",
                          "Strategy": "Sorted",
                          "Partial Mode": "Finalize",
                          "Parent Relationship": "Subquery",
                          "Parallel Aware": false,
                          "Async Capable": false,
                          "Startup Cost": 263918.43,
                          "Total Cost": 263925.8,
                          "Plan Rows": 21,
                          "Plan Width": 113,
                          "Group Key": [
                            "web_site.web_site_id"
                          ],
                          "Plans": [
                            {
                              "Node Type": "Gather Merge",
                              "Parent Relationship": "Outer",
                              "Parallel Aware": false,
                              "Async Capable": false,
                              "Startup Cost": 263918.43,
                              "Total Cost": 263924.7,
                              "Plan Rows": 42,
                              "Plan Width": 113,
                              "Workers Planned": 2,
                              "Plans": [
                                {
                                  "Node Type": "Aggregate",
                                  "Strategy": "Sorted",
                                  "Partial Mode": "Partial",
                                  "Parent Relationship": "Outer",
                                  "Parallel Aware": false,
                                  "Async Capable": false,
                                  "Startup Cost": 262918.41,
                                  "Total Cost": 262919.83,
                                  "Plan Rows": 21,
                                  "Plan Width": 113,
                                  "Group Key": [
                                    "web_site.web_site_id"
                                  ],
                                  "Plans": [
                                    {
                                      "Node Type": "Sort",
                                      "Parent Relationship": "Outer",
                                      "Parallel Aware": false,
                                      "Async Capable": false,
                                      "Startup Cost": 262918.41,
                                      "Total Cost": 262918.59,
                                      "Plan Rows": 70,
                                      "Plan Width": 41,
                                      "Sort Key": [
                                        "web_site.web_site_id"
                                      ],
                                      "Plans": [
                                        {
                                          "Node Type": "Hash Join",
                                          "Parent Relationship": "Outer",
                                          "Parallel Aware": false,
                                          "Async Capable": false,
                                          "Join Type": "Inner",
                                          "Startup Cost": 32134.74,
                                          "Total Cost": 262916.27,
                                          "Plan Rows": 70,
                                          "Plan Width": 41,
                                          "Inner Unique": false,
                                          "Hash Cond": "(web_sales.ws_web_site_sk = web_site.web_site_sk)",
                                          "Plans": [
                                            {
                                              "Node Type": "Hash Join",
                                              "Parent Relationship": "Outer",
                                              "Parallel Aware": false,
                                              "Async Capable": false,
                                              "Join Type": "Inner",
                                              "Startup Cost": 32130.8,
                                              "Total Cost": 262911.36,
                                              "Plan Rows": 70,
                                              "Plan Width": 28,
                                              "Inner Unique": false,
                                              "Hash Cond": "(web_sales.ws_promo_sk = promotion_2.p_promo_sk)",
                                              "Plans": [
                                                {
                                                  "Node Type": "Hash Join",
                                                  "Parent Relationship": "Outer",
                                                  "Parallel Aware": true,
                                                  "Async Capable": false,
                                                  "Join Type": "Inner",
                                                  "Startup Cost": 32105.4,
                                                  "Total Cost": 262884.99,
                                                  "Plan Rows": 71,
                                                  "Plan Width": 32,
                                                  "Inner Unique": false,
                                                  "Hash Cond": "(web_sales.ws_item_sk = item_2.i_item_sk)",
                                                  "Plans": [
                                                    {
                                                      "Node Type": "Hash Join",
                                                      "Parent Relationship": "Outer",
                                                      "Parallel Aware": true,
                                                      "Async Capable": false,
                                                      "Join Type": "Left",
                                                      "Startup Cost": 24579.62,
                                                      "Total Cost": 255354.31,
                                                      "Plan Rows": 1231,
                                                      "Plan Width": 36,
                                                      "Inner Unique": false,
                                                      "Hash Cond": "((web_sales.ws_item_sk = web_returns.wr_item_sk) AND (web_sales.ws_order_number = web_returns.wr_order_number))",
                                                      "Plans": [
                                                        {
                                                          "Node Type": "Hash Join",
                                                          "Parent Relationship": "Outer",
                                                          "Parallel Aware": true,
                                                          "Async Capable": false,
                                                          "Join Type": "Inner",
                                                          "Startup Cost": 2049.78,
                                                          "Total Cost": 231041.22,
                                                          "Plan Rows": 1231,
                                                          "Plan Width": 28,
                                                          "Inner Unique": false,
                                                          "Hash Cond": "(web_sales.ws_sold_date_sk = date_dim_2.d_date_sk)",
                                                          "Plans": [
                                                            {
                                                              "Node Type": "Seq Scan",
                                                              "Parent Relationship": "Outer",
                                                              "Parallel Aware": true,
                                                              "Async Capable": false,
                                                              "Relation Name": "web_sales",
                                                              "Alias": "web_sales",
                                                              "Startup Cost": 0.0,
                                                              "Total Cost": 217737.86,
                                                              "Plan Rows": 2998986,
                                                              "Plan Width": 32,
                                                              "parent": 55,
                                                              "ID": 56
                                                            },
                                                            {
                                                              "Node Type": "Hash",
                                                              "Parent Relationship": "Inner",
                                                              "Parallel Aware": true,
                                                              "Async Capable": false,
                                                              "Startup Cost": 2049.55,
                                                              "Total Cost": 2049.55,
                                                              "Plan Rows": 18,
                                                              "Plan Width": 4,
                                                              "Plans": [
                                                                {
                                                                  "Node Type": "Seq Scan",
                                                                  "Parent Relationship": "Outer",
                                                                  "Parallel Aware": true,
                                                                  "Async Capable": false,
                                                                  "Relation Name": "date_dim",
                                                                  "Alias": "date_dim_2",
                                                                  "Startup Cost": 0.0,
                                                                  "Total Cost": 2049.55,
                                                                  "Plan Rows": 18,
                                                                  "Plan Width": 4,
                                                                  "Filter": "((d_date >= '1998-08-19'::date) AND (d_date <= '1998-09-18 00:00:00'::timestamp without time zone))",
                                                                  "parent": 57,
                                                                  "ID": 58
                                                                }
                                                              ],
                                                              "parent": 55,
                                                              "ID": 57,
                                                              "left": 58
                                                            }
                                                          ],
                                                          "parent": 54,
                                                          "ID": 55,
                                                          "left": 56,
                                                          "right": 57
                                                        },
                                                        {
                                                          "Node Type": "Hash",
                                                          "Parent Relationship": "Inner",
                                                          "Parallel Aware": true,
                                                          "Async Capable": false,
                                                          "Startup Cost": 16278.74,
                                                          "Total Cost": 16278.74,
                                                          "Plan Rows": 299674,
                                                          "Plan Width": 20,
                                                          "Plans": [
                                                            {
                                                              "Node Type": "Seq Scan",
                                                              "Parent Relationship": "Outer",
                                                              "Parallel Aware": true,
                                                              "Async Capable": false,
                                                              "Relation Name": "web_returns",
                                                              "Alias": "web_returns",
                                                              "Startup Cost": 0.0,
                                                              "Total Cost": 16278.74,
                                                              "Plan Rows": 299674,
                                                              "Plan Width": 20,
                                                              "parent": 59,
                                                              "ID": 60
                                                            }
                                                          ],
                                                          "parent": 54,
                                                          "ID": 59,
                                                          "left": 60
                                                        }
                                                      ],
                                                      "parent": 53,
                                                      "ID": 54,
                                                      "left": 55,
                                                      "right": 59
                                                    },
                                                    {
                                                      "Node Type": "Hash",
                                                      "Parent Relationship": "Inner",
                                                      "Parallel Aware": true,
                                                      "Async Capable": false,
                                                      "Startup Cost": 7495.25,
                                                      "Total Cost": 7495.25,
                                                      "Plan Rows": 2442,
                                                      "Plan Width": 4,
                                                      "Plans": [
                                                        {
                                                          "Node Type": "Seq Scan",
                                                          "Parent Relationship": "Outer",
                                                          "Parallel Aware": true,
                                                          "Async Capable": false,
                                                          "Relation Name": "item",
                                                          "Alias": "item_2",
                                                          "Startup Cost": 0.0,
                                                          "Total Cost": 7495.25,
                                                          "Plan Rows": 2442,
                                                          "Plan Width": 4,
                                                          "Filter": "(i_current_price > '50'::numeric)",
                                                          "parent": 61,
                                                          "ID": 62
                                                        }
                                                      ],
                                                      "parent": 53,
                                                      "ID": 61,
                                                      "left": 62
                                                    }
                                                  ],
                                                  "parent": 52,
                                                  "ID": 53,
                                                  "left": 54,
                                                  "right": 61
                                                },
                                                {
                                                  "Node Type": "Hash",
                                                  "Parent Relationship": "Inner",
                                                  "Parallel Aware": false,
                                                  "Async Capable": false,
                                                  "Startup Cost": 19.25,
                                                  "Total Cost": 19.25,
                                                  "Plan Rows": 492,
                                                  "Plan Width": 4,
                                                  "Plans": [
                                                    {
                                                      "Node Type": "Seq Scan",
                                                      "Parent Relationship": "Outer",
                                                      "Parallel Aware": false,
                                                      "Async Capable": false,
                                                      "Relation Name": "promotion",
                                                      "Alias": "promotion_2",
                                                      "Startup Cost": 0.0,
                                                      "Total Cost": 19.25,
                                                      "Plan Rows": 492,
                                                      "Plan Width": 4,
                                                      "Filter": "(p_channel_tv = 'N'::bpchar)",
                                                      "parent": 63,
                                                      "ID": 64
                                                    }
                                                  ],
                                                  "parent": 52,
                                                  "ID": 63,
                                                  "left": 64
                                                }
                                              ],
                                              "parent": 51,
                                              "ID": 52,
                                              "left": 53,
                                              "right": 63
                                            },
                                            {
                                              "Node Type": "Hash",
                                              "Parent Relationship": "Inner",
                                              "Parallel Aware": false,
                                              "Async Capable": false,
                                              "Startup Cost": 3.42,
                                              "Total Cost": 3.42,
                                              "Plan Rows": 42,
                                              "Plan Width": 21,
                                              "Plans": [
                                                {
                                                  "Node Type": "Seq Scan",
                                                  "Parent Relationship": "Outer",
                                                  "Parallel Aware": false,
                                                  "Async Capable": false,
                                                  "Relation Name": "web_site",
                                                  "Alias": "web_site",
                                                  "Startup Cost": 0.0,
                                                  "Total Cost": 3.42,
                                                  "Plan Rows": 42,
                                                  "Plan Width": 21,
                                                  "parent": 65,
                                                  "ID": 66
                                                }
                                              ],
                                              "parent": 51,
                                              "ID": 65,
                                              "left": 66
                                            }
                                          ],
                                          "parent": 50,
                                          "ID": 51,
                                          "left": 52,
                                          "right": 65
                                        }
                                      ],
                                      "parent": 49,
                                      "ID": 50,
                                      "left": 51
                                    }
                                  ],
                                  "parent": 48,
                                  "ID": 49,
                                  "left": 50
                                }
                              ],
                              "parent": 47,
                              "ID": 48,
                              "left": 49
                            }
                          ],
                          "parent": 46,
                          "ID": 47,
                          "left": 48
                        }
                      ],
                      "parent": 3,
                      "ID": 46,
                      "left": 47
                    }
                  ],
                  "parent": 2,
                  "ID": 3,
                  "left": 4,
                  "right": 25
                }
              ],
              "parent": 1,
              "ID": 2,
              "left": 3
            }
          ],
          "parent": 0,
          "ID": 1,
          "left": 2
        }
      ],
      "parent": null,
      "ID": 0,
      "left": 1
    },
    "feat": {
      "utility": 0.0,
      "query_shape": [
        [
          "Seq Scan",
          "Hash Join",
          "Sort",
          "Aggregate",
          "Gather Merge",
          "Subquery Scan",
          "Append"
        ],
        [
          "Seq Scan",
          "Hash",
          "Hash Join",
          "Sort",
          "Aggregate",
          "Gather Merge",
          "Subquery Scan",
          "Append"
        ],
        [
          "Seq Scan",
          "Hash",
          "Hash Join",
          "Sort",
          "Aggregate",
          "Gather Merge",
          "Subquery Scan",
          "Append"
        ],
        [
          "Seq Scan",
          "Hash",
          "Hash Join",
          "Sort",
          "Aggregate",
          "Gather Merge",
          "Subquery Scan",
          "Append"
        ],
        [
          "Seq Scan",
          "Hash",
          "Hash Join",
          "Sort",
          "Aggregate",
          "Gather Merge",
          "Subquery Scan",
          "Append"
        ],
        [
          "Seq Scan",
          "Hash",
          "Hash Join",
          "Sort",
          "Aggregate",
          "Gather Merge",
          "Subquery Scan",
          "Append"
        ],
        [
          "Seq Scan",
          "Hash Join",
          "Sort",
          "Aggregate",
          "Gather Merge",
          "Subquery Scan",
          "Append"
        ],
        [
          "Seq Scan",
          "Hash",
          "Hash Join",
          "Sort",
          "Aggregate",
          "Gather Merge",
          "Subquery Scan",
          "Append"
        ],
        [
          "Seq Scan",
          "Hash",
          "Hash Join",
          "Sort",
          "Aggregate",
          "Gather Merge",
          "Subquery Scan",
          "Append"
        ],
        [
          "Seq Scan",
          "Hash",
          "Hash Join",
          "Sort",
          "Aggregate",
          "Gather Merge",
          "Subquery Scan",
          "Append"
        ],
        [
          "Seq Scan",
          "Hash",
          "Hash Join",
          "Sort",
          "Aggregate",
          "Gather Merge",
          "Subquery Scan",
          "Append"
        ],
        [
          "Seq Scan",
          "Hash",
          "Hash Join",
          "Sort",
          "Aggregate",
          "Gather Merge",
          "Subquery Scan",
          "Append"
        ],
        [
          "Seq Scan",
          "Hash Join",
          "Sort",
          "Aggregate",
          "Gather Merge",
          "Subquery Scan",
          "Append"
        ],
        [
          "Seq Scan",
          "Hash",
          "Hash Join",
          "Sort",
          "Aggregate",
          "Gather Merge",
          "Subquery Scan",
          "Append"
        ],
        [
          "Seq Scan",
          "Hash",
          "Hash Join",
          "Sort",
          "Aggregate",
          "Gather Merge",
          "Subquery Scan",
          "Append"
        ],
        [
          "Seq Scan",
          "Hash",
          "Hash Join",
          "Sort",
          "Aggregate",
          "Gather Merge",
          "Subquery Scan",
          "Append"
        ],
        [
          "Seq Scan",
          "Hash",
          "Hash Join",
          "Sort",
          "Aggregate",
          "Gather Merge",
          "Subquery Scan",
          "Append"
        ],
        [
          "Seq Scan",
          "Hash",
          "Hash Join",
          "Sort",
          "Aggregate",
          "Gather Merge",
          "Subquery Scan",
          "Append"
        ]
      ],
      "index_shape": [],
      "physical_operator": {}
    }
  },
  {
    "query": "with ssr as\n (select  s_store_id as store_id,\n          sum(ss_ext_sales_price) as sales,\n          sum(coalesce(sr_return_amt, 0)) as returns,\n          sum(ss_net_profit - coalesce(sr_net_loss, 0)) as profit\n  from store_sales left outer join store_returns on\n         (ss_item_sk = sr_item_sk and ss_ticket_number = sr_ticket_number),\n     date_dim,\n     store,\n     item,\n     promotion\n where ss_sold_date_sk = d_date_sk\n       and d_date between cast('1998-08-19' as date) \n                  and (cast('1998-08-19' as date) +  interval '30 days')\n       and ss_store_sk = s_store_sk\n       and ss_item_sk = i_item_sk\n       and i_current_price > 50\n       and ss_promo_sk = p_promo_sk\n       and p_channel_tv = 'N'\n group by s_store_id)\n ,\n csr as\n (select  cp_catalog_page_id as catalog_page_id,\n          sum(cs_ext_sales_price) as sales,\n          sum(coalesce(cr_return_amount, 0)) as returns,\n          sum(cs_net_profit - coalesce(cr_net_loss, 0)) as profit\n  from catalog_sales left outer join catalog_returns on\n         (cs_item_sk = cr_item_sk and cs_order_number = cr_order_number),\n     date_dim,\n     catalog_page,\n     item,\n     promotion\n where cs_sold_date_sk = d_date_sk\n       and d_date between cast('1998-08-19' as date)\n                  and (cast('1998-08-19' as date) +  interval '30 days')\n        and cs_catalog_page_sk = cp_catalog_page_sk\n       and cs_item_sk = i_item_sk\n       and i_current_price > 50\n       and cs_promo_sk = p_promo_sk\n       and p_channel_tv = 'N'\ngroup by cp_catalog_page_id)\n ,\n wsr as\n (select  web_site_id,\n          sum(ws_ext_sales_price) as sales,\n          sum(coalesce(wr_return_amt, 0)) as returns,\n          sum(ws_net_profit - coalesce(wr_net_loss, 0)) as profit\n  from web_sales left outer join web_returns on\n         (ws_item_sk = wr_item_sk and ws_order_number = wr_order_number),\n     date_dim,\n     web_site,\n     item,\n     promotion\n where ws_sold_date_sk = d_date_sk\n       and d_date between cast('1998-08-19' as date)\n                  and (cast('1998-08-19' as date) +  interval '30 days')\n        and ws_web_site_sk = web_site_sk\n       and ws_item_sk = i_item_sk\n       and i_current_price > 50\n       and ws_promo_sk = p_promo_sk\n       and p_channel_tv = 'N'\ngroup by web_site_id)\n  select  channel\n        , id\n        , sum(sales) as sales\n        , sum(returns) as returns\n        , sum(profit) as profit\n from \n (select 'store channel' as channel\n        , 'store' || store_id as id\n        , sales\n        , returns\n        , profit\n from   ssr\n union all\n select 'catalog channel' as channel\n        , 'catalog_page' || catalog_page_id as id\n        , sales\n        , returns\n        , profit\n from  csr\n union all\n select 'web channel' as channel\n        , 'web_site' || web_site_id as id\n        , sales\n        , returns\n        , profit\n from   wsr\n ) x\n group by rollup (channel, id)\n order by channel\n         ,id\n limit 100;\n\n-- end query 61 in stream 0 using template query80.tpl\n",
    "indexes": "catalog_sales.cs_sold_date_sk",
    "wo plan est": {
      "Node Type": "Limit",
      "Parallel Aware": false,
      "Async Capable": false,
      "Startup Cost": 1566782.76,
      "Total Cost": 1566786.01,
      "Plan Rows": 100,
      "Plan Width": 160,
      "Plans": [
        {
          "Node Type": "Aggregate",
          "Strategy": "Sorted",
          "Partial Mode": "Simple",
          "Parent Relationship": "Outer",
          "Parallel Aware": false,
          "Async Capable": false,
          "Startup Cost": 1566782.76,
          "Total Cost": 1566795.8,
          "Plan Rows": 401,
          "Plan Width": 160,
          "Grouping Sets": [
            {
              "Group Keys": [
                [
                  "('store channel'::text)",
                  "(('store'::text || (ssr.store_id)::text))"
                ],
                [
                  "('store channel'::text)"
                ],
                []
              ]
            }
          ],
          "Plans": [
            {
              "Node Type": "Sort",
              "Parent Relationship": "Outer",
              "Parallel Aware": false,
              "Async Capable": false,
              "Startup Cost": 1566782.76,
              "Total Cost": 1566783.77,
              "Plan Rows": 401,
              "Plan Width": 160,
              "Sort Key": [
                "('store channel'::text)",
                "(('store'::text || (ssr.store_id)::text))"
              ],
              "Plans": [
                {
                  "Node Type": "Append",
                  "Parent Relationship": "Outer",
                  "Parallel Aware": false,
                  "Async Capable": false,
                  "Startup Cost": 784591.9,
                  "Total Cost": 1566765.43,
                  "Plan Rows": 401,
                  "Plan Width": 160,
                  "Subplans Removed": 0,
                  "Plans": [
                    {
                      "Node Type": "Subquery Scan",
                      "Parent Relationship": "Member",
                      "Parallel Aware": false,
                      "Async Capable": false,
                      "Alias": "ssr",
                      "Startup Cost": 784591.9,
                      "Total Cost": 784611.64,
                      "Plan Rows": 51,
                      "Plan Width": 160,
                      "Plans": [
                        {
                          "Node Type": "Aggregate",
                          "Strategy": "Sorted",
                          "Partial Mode": "Finalize",
                          "Parent Relationship": "Subquery",
                          "Parallel Aware": false,
                          "Async Capable": false,
                          "Startup Cost": 784591.9,
                          "Total Cost": 784610.87,
                          "Plan Rows": 51,
                          "Plan Width": 113,
                          "Group Key": [
                            "store.s_store_id"
                          ],
                          "Plans": [
                            {
                              "Node Type": "Gather Merge",
                              "Parent Relationship": "Outer",
                              "Parallel Aware": false,
                              "Async Capable": false,
                              "Startup Cost": 784591.9,
                              "Total Cost": 784608.2,
                              "Plan Rows": 102,
                              "Plan Width": 113,
                              "Workers Planned": 2,
                              "Plans": [
                                {
                                  "Node Type": "Aggregate",
                                  "Strategy": "Sorted",
                                  "Partial Mode": "Partial",
                                  "Parent Relationship": "Outer",
                                  "Parallel Aware": false,
                                  "Async Capable": false,
                                  "Startup Cost": 783591.88,
                                  "Total Cost": 783596.4,
                                  "Plan Rows": 51,
                                  "Plan Width": 113,
                                  "Group Key": [
                                    "store.s_store_id"
                                  ],
                                  "Plans": [
                                    {
                                      "Node Type": "Sort",
                                      "Parent Relationship": "Outer",
                                      "Parallel Aware": false,
                                      "Async Capable": false,
                                      "Startup Cost": 783591.88,
                                      "Total Cost": 783592.48,
                                      "Plan Rows": 242,
                                      "Plan Width": 41,
                                      "Sort Key": [
                                        "store.s_store_id"
                                      ],
                                      "Plans": [
                                        {
                                          "Node Type": "Hash Join",
                                          "Parent Relationship": "Outer",
                                          "Parallel Aware": false,
                                          "Async Capable": false,
                                          "Join Type": "Inner",
                                          "Startup Cost": 94489.35,
                                          "Total Cost": 783582.3,
                                          "Plan Rows": 242,
                                          "Plan Width": 41,
                                          "Inner Unique": false,
                                          "Hash Cond": "(store_sales.ss_store_sk = store.s_store_sk)",
                                          "Plans": [
                                            {
                                              "Node Type": "Hash Join",
                                              "Parent Relationship": "Outer",
                                              "Parallel Aware": false,
                                              "Async Capable": false,
                                              "Join Type": "Inner",
                                              "Startup Cost": 94482.05,
                                              "Total Cost": 783571.63,
                                              "Plan Rows": 254,
                                              "Plan Width": 28,
                                              "Inner Unique": false,
                                              "Hash Cond": "(store_sales.ss_promo_sk = promotion.p_promo_sk)",
                                              "Plans": [
                                                {
                                                  "Node Type": "Hash Join",
                                                  "Parent Relationship": "Outer",
                                                  "Parallel Aware": true,
                                                  "Async Capable": false,
                                                  "Join Type": "Inner",
                                                  "Startup Cost": 94456.65,
                                                  "Total Cost": 783542.68,
                                                  "Plan Rows": 270,
                                                  "Plan Width": 32,
                                                  "Inner Unique": false,
                                                  "Hash Cond": "(store_sales.ss_item_sk = item.i_item_sk)",
                                                  "Plans": [
                                                    {
                                                      "Node Type": "Hash Join",
                                                      "Parent Relationship": "Outer",
                                                      "Parallel Aware": true,
                                                      "Async Capable": false,
                                                      "Join Type": "Left",
                                                      "Startup Cost": 86930.88,
                                                      "Total Cost": 775998.13,
                                                      "Plan Rows": 4703,
                                                      "Plan Width": 36,
                                                      "Inner Unique": false,
                                                      "Hash Cond": "((store_sales.ss_item_sk = store_returns.sr_item_sk) AND (store_sales.ss_ticket_number = store_returns.sr_ticket_number))",
                                                      "Plans": [
                                                        {
                                                          "Node Type": "Hash Join",
                                                          "Parent Relationship": "Outer",
                                                          "Parallel Aware": true,
                                                          "Async Capable": false,
                                                          "Join Type": "Inner",
                                                          "Startup Cost": 2049.78,
                                                          "Total Cost": 683994.75,
                                                          "Plan Rows": 4703,
                                                          "Plan Width": 28,
                                                          "Inner Unique": false,
                                                          "Hash Cond": "(store_sales.ss_sold_date_sk = date_dim.d_date_sk)",
                                                          "Plans": [
                                                            {
                                                              "Node Type": "Seq Scan",
                                                              "Parent Relationship": "Outer",
                                                              "Parallel Aware": true,
                                                              "Async Capable": false,
                                                              "Relation Name": "store_sales",
                                                              "Alias": "store_sales",
                                                              "Startup Cost": 0.0,
                                                              "Total Cost": 636914.37,
                                                              "Plan Rows": 12000637,
                                                              "Plan Width": 32,
                                                              "parent": 13,
                                                              "ID": 14
                                                            },
                                                            {
                                                              "Node Type": "Hash",
                                                              "Parent Relationship": "Inner",
                                                              "Parallel Aware": true,
                                                              "Async Capable": false,
                                                              "Startup Cost": 2049.55,
                                                              "Total Cost": 2049.55,
                                                              "Plan Rows": 18,
                                                              "Plan Width": 4,
                                                              "Plans": [
                                                                {
                                                                  "Node Type": "Seq Scan",
                                                                  "Parent Relationship": "Outer",
                                                                  "Parallel Aware": true,
                                                                  "Async Capable": false,
                                                                  "Relation Name": "date_dim",
                                                                  "Alias": "date_dim",
                                                                  "Startup Cost": 0.0,
                                                                  "Total Cost": 2049.55,
                                                                  "Plan Rows": 18,
                                                                  "Plan Width": 4,
                                                                  "Filter": "((d_date >= '1998-08-19'::date) AND (d_date <= '1998-09-18 00:00:00'::timestamp without time zone))",
                                                                  "parent": 15,
                                                                  "ID": 16
                                                                }
                                                              ],
                                                              "parent": 13,
                                                              "ID": 15,
                                                              "left": 16
                                                            }
                                                          ],
                                                          "parent": 12,
                                                          "ID": 13,
                                                          "left": 14,
                                                          "right": 15
                                                        },
                                                        {
                                                          "Node Type": "Hash",
                                                          "Parent Relationship": "Inner",
                                                          "Parallel Aware": true,
                                                          "Async Capable": false,
                                                          "Startup Cost": 59887.64,
                                                          "Total Cost": 59887.64,
                                                          "Plan Rows": 1198164,
                                                          "Plan Width": 20,
                                                          "Plans": [
                                                            {
                                                              "Node Type": "Seq Scan",
                                                              "Parent Relationship": "Outer",
                                                              "Parallel Aware": true,
                                                              "Async Capable": false,
                                                              "Relation Name": "store_returns",
                                                              "Alias": "store_returns",
                                                              "Startup Cost": 0.0,
                                                              "Total Cost": 59887.64,
                                                              "Plan Rows": 1198164,
                                                              "Plan Width": 20,
                                                              "parent": 17,
                                                              "ID": 18
                                                            }
                                                          ],
                                                          "parent": 12,
                                                          "ID": 17,
                                                          "left": 18
                                                        }
                                                      ],
                                                      "parent": 11,
                                                      "ID": 12,
                                                      "left": 13,
                                                      "right": 17
                                                    },
                                                    {
                                                      "Node Type": "Hash",
                                                      "Parent Relationship": "Inner",
                                                      "Parallel Aware": true,
                                                      "Async Capable": false,
                                                      "Startup Cost": 7495.25,
                                                      "Total Cost": 7495.25,
                                                      "Plan Rows": 2442,
                                                      "Plan Width": 4,
                                                      "Plans": [
                                                        {
                                                          "Node Type": "Seq Scan",
                                                          "Parent Relationship": "Outer",
                                                          "Parallel Aware": true,
                                                          "Async Capable": false,
                                                          "Relation Name": "item",
                                                          "Alias": "item",
                                                          "Startup Cost": 0.0,
                                                          "Total Cost": 7495.25,
                                                          "Plan Rows": 2442,
                                                          "Plan Width": 4,
                                                          "Filter": "(i_current_price > '50'::numeric)",
                                                          "parent": 19,
                                                          "ID": 20
                                                        }
                                                      ],
                                                      "parent": 11,
                                                      "ID": 19,
                                                      "left": 20
                                                    }
                                                  ],
                                                  "parent": 10,
                                                  "ID": 11,
                                                  "left": 12,
                                                  "right": 19
                                                },
                                                {
                                                  "Node Type": "Hash",
                                                  "Parent Relationship": "Inner",
                                                  "Parallel Aware": false,
                                                  "Async Capable": false,
                                                  "Startup Cost": 19.25,
                                                  "Total Cost": 19.25,
                                                  "Plan Rows": 492,
                                                  "Plan Width": 4,
                                                  "Plans": [
                                                    {
                                                      "Node Type": "Seq Scan",
                                                      "Parent Relationship": "Outer",
                                                      "Parallel Aware": false,
                                                      "Async Capable": false,
                                                      "Relation Name": "promotion",
                                                      "Alias": "promotion",
                                                      "Startup Cost": 0.0,
                                                      "Total Cost": 19.25,
                                                      "Plan Rows": 492,
                                                      "Plan Width": 4,
                                                      "Filter": "(p_channel_tv = 'N'::bpchar)",
                                                      "parent": 21,
                                                      "ID": 22
                                                    }
                                                  ],
                                                  "parent": 10,
                                                  "ID": 21,
                                                  "left": 22
                                                }
                                              ],
                                              "parent": 9,
                                              "ID": 10,
                                              "left": 11,
                                              "right": 21
                                            },
                                            {
                                              "Node Type": "Hash",
                                              "Parent Relationship": "Inner",
                                              "Parallel Aware": false,
                                              "Async Capable": false,
                                              "Startup Cost": 6.02,
                                              "Total Cost": 6.02,
                                              "Plan Rows": 102,
                                              "Plan Width": 21,
                                              "Plans": [
                                                {
                                                  "Node Type": "Seq Scan",
                                                  "Parent Relationship": "Outer",
                                                  "Parallel Aware": false,
                                                  "Async Capable": false,
                                                  "Relation Name": "store",
                                                  "Alias": "store",
                                                  "Startup Cost": 0.0,
                                                  "Total Cost": 6.02,
                                                  "Plan Rows": 102,
                                                  "Plan Width": 21,
                                                  "parent": 23,
                                                  "ID": 24
                                                }
                                              ],
                                              "parent": 9,
                                              "ID": 23,
                                              "left": 24
                                            }
                                          ],
                                          "parent": 8,
                                          "ID": 9,
                                          "left": 10,
                                          "right": 23
                                        }
                                      ],
                                      "parent": 7,
                                      "ID": 8,
                                      "left": 9
                                    }
                                  ],
                                  "parent": 6,
                                  "ID": 7,
                                  "left": 8
                                }
                              ],
                              "parent": 5,
                              "ID": 6,
                              "left": 7
                            }
                          ],
                          "parent": 4,
                          "ID": 5,
                          "left": 6
                        }
                      ],
                      "parent": 3,
                      "ID": 4,
                      "left": 5
                    },
                    {
                      "Node Type": "Subquery Scan",
                      "Parent Relationship": "Member",
                      "Parallel Aware": false,
                      "Async Capable": false,
                      "Alias": "csr",
                      "Startup Cost": 518174.1,
                      "Total Cost": 518225.66,
                      "Plan Rows": 329,
                      "Plan Width": 160,
                      "Plans": [
                        {
                          "Node Type": "Aggregate",
                          "Strategy": "Sorted",
                          "Partial Mode": "Finalize",
                          "Parent Relationship": "Subquery",
                          "Parallel Aware": false,
                          "Async Capable": false,
                          "Startup Cost": 518174.1,
                          "Total Cost": 518220.73,
                          "Plan Rows": 329,
                          "Plan Width": 113,
                          "Group Key": [
                            "catalog_page.cp_catalog_page_id"
                          ],
                          "Plans": [
                            {
                              "Node Type": "Gather Merge",
                              "Parent Relationship": "Outer",
                              "Parallel Aware": false,
                              "Async Capable": false,
                              "Startup Cost": 518174.1,
                              "Total Cost": 518210.18,
                              "Plan Rows": 274,
                              "Plan Width": 113,
                              "Workers Planned": 2,
                              "Plans": [
                                {
                                  "Node Type": "Aggregate",
                                  "Strategy": "Sorted",
                                  "Partial Mode": "Partial",
                                  "Parent Relationship": "Outer",
                                  "Parallel Aware": false,
                                  "Async Capable": false,
                                  "Startup Cost": 517174.07,
                                  "Total Cost": 517178.53,
                                  "Plan Rows": 137,
                                  "Plan Width": 113,
                                  "Group Key": [
                                    "catalog_page.cp_catalog_page_id"
                                  ],
                                  "Plans": [
                                    {
                                      "Node Type": "Sort",
                                      "Parent Relationship": "Outer",
                                      "Parallel Aware": false,
                                      "Async Capable": false,
                                      "Startup Cost": 517174.07,
                                      "Total Cost": 517174.42,
                                      "Plan Rows": 137,
                                      "Plan Width": 41,
                                      "Sort Key": [
                                        "catalog_page.cp_catalog_page_id"
                                      ],
                                      "Plans": [
                                        {
                                          "Node Type": "Hash Join",
                                          "Parent Relationship": "Outer",
                                          "Parallel Aware": false,
                                          "Async Capable": false,
                                          "Join Type": "Inner",
                                          "Startup Cost": 57382.33,
                                          "Total Cost": 517169.21,
                                          "Plan Rows": 137,
                                          "Plan Width": 41,
                                          "Inner Unique": false,
                                          "Hash Cond": "(catalog_sales.cs_catalog_page_sk = catalog_page.cp_catalog_page_sk)",
                                          "Plans": [
                                            {
                                              "Node Type": "Hash Join",
                                              "Parent Relationship": "Outer",
                                              "Parallel Aware": false,
                                              "Async Capable": false,
                                              "Join Type": "Inner",
                                              "Startup Cost": 56864.33,
                                              "Total Cost": 516649.32,
                                              "Plan Rows": 138,
                                              "Plan Width": 28,
                                              "Inner Unique": false,
                                              "Hash Cond": "(catalog_sales.cs_promo_sk = promotion_1.p_promo_sk)",
                                              "Plans": [
                                                {
                                                  "Node Type": "Hash Join",
                                                  "Parent Relationship": "Outer",
                                                  "Parallel Aware": true,
                                                  "Async Capable": false,
                                                  "Join Type": "Inner",
                                                  "Startup Cost": 56838.93,
                                                  "Total Cost": 516622.01,
                                                  "Plan Rows": 141,
                                                  "Plan Width": 32,
                                                  "Inner Unique": false,
                                                  "Hash Cond": "(catalog_sales.cs_item_sk = item_1.i_item_sk)",
                                                  "Plans": [
                                                    {
                                                      "Node Type": "Hash Join",
                                                      "Parent Relationship": "Outer",
                                                      "Parallel Aware": true,
                                                      "Async Capable": false,
                                                      "Join Type": "Left",
                                                      "Startup Cost": 49313.15,
                                                      "Total Cost": 509086.46,
                                                      "Plan Rows": 2450,
                                                      "Plan Width": 36,
                                                      "Inner Unique": false,
                                                      "Hash Cond": "((catalog_sales.cs_item_sk = catalog_returns.cr_item_sk) AND (catalog_sales.cs_order_number = catalog_returns.cr_order_number))",
                                                      "Plans": [
                                                        {
                                                          "Node Type": "Hash Join",
                                                          "Parent Relationship": "Outer",
                                                          "Parallel Aware": true,
                                                          "Async Capable": false,
                                                          "Join Type": "Inner",
                                                          "Startup Cost": 2049.78,
                                                          "Total Cost": 458254.7,
                                                          "Plan Rows": 2450,
                                                          "Plan Width": 28,
                                                          "Inner Unique": false,
                                                          "Hash Cond": "(catalog_sales.cs_sold_date_sk = date_dim_1.d_date_sk)",
                                                          "Plans": [
                                                            {
                                                              "Node Type": "Seq Scan",
                                                              "Parent Relationship": "Outer",
                                                              "Parallel Aware": true,
                                                              "Async Capable": false,
                                                              "Relation Name": "catalog_sales",
                                                              "Alias": "catalog_sales",
                                                              "Startup Cost": 0.0,
                                                              "Total Cost": 433688.25,
                                                              "Plan Rows": 6000525,
                                                              "Plan Width": 32,
                                                              "parent": 34,
                                                              "ID": 35
                                                            },
                                                            {
                                                              "Node Type": "Hash",
                                                              "Parent Relationship": "Inner",
                                                              "Parallel Aware": true,
                                                              "Async Capable": false,
                                                              "Startup Cost": 2049.55,
                                                              "Total Cost": 2049.55,
                                                              "Plan Rows": 18,
                                                              "Plan Width": 4,
                                                              "Plans": [
                                                                {
                                                                  "Node Type": "Seq Scan",
                                                                  "Parent Relationship": "Outer",
                                                                  "Parallel Aware": true,
                                                                  "Async Capable": false,
                                                                  "Relation Name": "date_dim",
                                                                  "Alias": "date_dim_1",
                                                                  "Startup Cost": 0.0,
                                                                  "Total Cost": 2049.55,
                                                                  "Plan Rows": 18,
                                                                  "Plan Width": 4,
                                                                  "Filter": "((d_date >= '1998-08-19'::date) AND (d_date <= '1998-09-18 00:00:00'::timestamp without time zone))",
                                                                  "parent": 36,
                                                                  "ID": 37
                                                                }
                                                              ],
                                                              "parent": 34,
                                                              "ID": 36,
                                                              "left": 37
                                                            }
                                                          ],
                                                          "parent": 33,
                                                          "ID": 34,
                                                          "left": 35,
                                                          "right": 36
                                                        },
                                                        {
                                                          "Node Type": "Hash",
                                                          "Parent Relationship": "Inner",
                                                          "Parallel Aware": true,
                                                          "Async Capable": false,
                                                          "Startup Cost": 34748.95,
                                                          "Total Cost": 34748.95,
                                                          "Plan Rows": 599895,
                                                          "Plan Width": 20,
                                                          "Plans": [
                                                            {
                                                              "Node Type": "Seq Scan",
                                                              "Parent Relationship": "Outer",
                                                              "Parallel Aware": true,
                                                              "Async Capable": false,
                                                              "Relation Name": "catalog_returns",
                                                              "Alias": "catalog_returns",
                                                              "Startup Cost": 0.0,
                                                              "Total Cost": 34748.95,
                                                              "Plan Rows": 599895,
                                                              "Plan Width": 20,
                                                              "parent": 38,
                                                              "ID": 39
                                                            }
                                                          ],
                                                          "parent": 33,
                                                          "ID": 38,
                                                          "left": 39
                                                        }
                                                      ],
                                                      "parent": 32,
                                                      "ID": 33,
                                                      "left": 34,
                                                      "right": 38
                                                    },
                                                    {
                                                      "Node Type": "Hash",
                                                      "Parent Relationship": "Inner",
                                                      "Parallel Aware": true,
                                                      "Async Capable": false,
                                                      "Startup Cost": 7495.25,
                                                      "Total Cost": 7495.25,
                                                      "Plan Rows": 2442,
                                                      "Plan Width": 4,
                                                      "Plans": [
                                                        {
                                                          "Node Type": "Seq Scan",
                                                          "Parent Relationship": "Outer",
                                                          "Parallel Aware": true,
                                                          "Async Capable": false,
                                                          "Relation Name": "item",
                                                          "Alias": "item_1",
                                                          "Startup Cost": 0.0,
                                                          "Total Cost": 7495.25,
                                                          "Plan Rows": 2442,
                                                          "Plan Width": 4,
                                                          "Filter": "(i_current_price > '50'::numeric)",
                                                          "parent": 40,
                                                          "ID": 41
                                                        }
                                                      ],
                                                      "parent": 32,
                                                      "ID": 40,
                                                      "left": 41
                                                    }
                                                  ],
                                                  "parent": 31,
                                                  "ID": 32,
                                                  "left": 33,
                                                  "right": 40
                                                },
                                                {
                                                  "Node Type": "Hash",
                                                  "Parent Relationship": "Inner",
                                                  "Parallel Aware": false,
                                                  "Async Capable": false,
                                                  "Startup Cost": 19.25,
                                                  "Total Cost": 19.25,
                                                  "Plan Rows": 492,
                                                  "Plan Width": 4,
                                                  "Plans": [
                                                    {
                                                      "Node Type": "Seq Scan",
                                                      "Parent Relationship": "Outer",
                                                      "Parallel Aware": false,
                                                      "Async Capable": false,
                                                      "Relation Name": "promotion",
                                                      "Alias": "promotion_1",
                                                      "Startup Cost": 0.0,
                                                      "Total Cost": 19.25,
                                                      "Plan Rows": 492,
                                                      "Plan Width": 4,
                                                      "Filter": "(p_channel_tv = 'N'::bpchar)",
                                                      "parent": 42,
                                                      "ID": 43
                                                    }
                                                  ],
                                                  "parent": 31,
                                                  "ID": 42,
                                                  "left": 43
                                                }
                                              ],
                                              "parent": 30,
                                              "ID": 31,
                                              "left": 32,
                                              "right": 42
                                            },
                                            {
                                              "Node Type": "Hash",
                                              "Parent Relationship": "Inner",
                                              "Parallel Aware": false,
                                              "Async Capable": false,
                                              "Startup Cost": 368.0,
                                              "Total Cost": 368.0,
                                              "Plan Rows": 12000,
                                              "Plan Width": 21,
                                              "Plans": [
                                                {
                                                  "Node Type": "Seq Scan",
                                                  "Parent Relationship": "Outer",
                                                  "Parallel Aware": false,
                                                  "Async Capable": false,
                                                  "Relation Name": "catalog_page",
                                                  "Alias": "catalog_page",
                                                  "Startup Cost": 0.0,
                                                  "Total Cost": 368.0,
                                                  "Plan Rows": 12000,
                                                  "Plan Width": 21,
                                                  "parent": 44,
                                                  "ID": 45
                                                }
                                              ],
                                              "parent": 30,
                                              "ID": 44,
                                              "left": 45
                                            }
                                          ],
                                          "parent": 29,
                                          "ID": 30,
                                          "left": 31,
                                          "right": 44
                                        }
                                      ],
                                      "parent": 28,
                                      "ID": 29,
                                      "left": 30
                                    }
                                  ],
                                  "parent": 27,
                                  "ID": 28,
                                  "left": 29
                                }
                              ],
                              "parent": 26,
                              "ID": 27,
                              "left": 28
                            }
                          ],
                          "parent": 25,
                          "ID": 26,
                          "left": 27
                        }
                      ],
                      "parent": 3,
                      "ID": 25,
                      "left": 26
                    },
                    {
                      "Node Type": "Subquery Scan",
                      "Parent Relationship": "Member",
                      "Parallel Aware": false,
                      "Async Capable": false,
                      "Alias": "wsr",
                      "Startup Cost": 263918.43,
                      "Total Cost": 263926.12,
                      "Plan Rows": 21,
                      "Plan Width": 160,
                      "Plans": [
                        {
                          "Node Type": "Aggregate",
                          "Strategy": "Sorted",
                          "Partial Mode": "Finalize",
                          "Parent Relationship": "Subquery",
                          "Parallel Aware": false,
                          "Async Capable": false,
                          "Startup Cost": 263918.43,
                          "Total Cost": 263925.8,
                          "Plan Rows": 21,
                          "Plan Width": 113,
                          "Group Key": [
                            "web_site.web_site_id"
                          ],
                          "Plans": [
                            {
                              "Node Type": "Gather Merge",
                              "Parent Relationship": "Outer",
                              "Parallel Aware": false,
                              "Async Capable": false,
                              "Startup Cost": 263918.43,
                              "Total Cost": 263924.7,
                              "Plan Rows": 42,
                              "Plan Width": 113,
                              "Workers Planned": 2,
                              "Plans": [
                                {
                                  "Node Type": "Aggregate",
                                  "Strategy": "Sorted",
                                  "Partial Mode": "Partial",
                                  "Parent Relationship": "Outer",
                                  "Parallel Aware": false,
                                  "Async Capable": false,
                                  "Startup Cost": 262918.41,
                                  "Total Cost": 262919.83,
                                  "Plan Rows": 21,
                                  "Plan Width": 113,
                                  "Group Key": [
                                    "web_site.web_site_id"
                                  ],
                                  "Plans": [
                                    {
                                      "Node Type": "Sort",
                                      "Parent Relationship": "Outer",
                                      "Parallel Aware": false,
                                      "Async Capable": false,
                                      "Startup Cost": 262918.41,
                                      "Total Cost": 262918.59,
                                      "Plan Rows": 70,
                                      "Plan Width": 41,
                                      "Sort Key": [
                                        "web_site.web_site_id"
                                      ],
                                      "Plans": [
                                        {
                                          "Node Type": "Hash Join",
                                          "Parent Relationship": "Outer",
                                          "Parallel Aware": false,
                                          "Async Capable": false,
                                          "Join Type": "Inner",
                                          "Startup Cost": 32134.74,
                                          "Total Cost": 262916.27,
                                          "Plan Rows": 70,
                                          "Plan Width": 41,
                                          "Inner Unique": false,
                                          "Hash Cond": "(web_sales.ws_web_site_sk = web_site.web_site_sk)",
                                          "Plans": [
                                            {
                                              "Node Type": "Hash Join",
                                              "Parent Relationship": "Outer",
                                              "Parallel Aware": false,
                                              "Async Capable": false,
                                              "Join Type": "Inner",
                                              "Startup Cost": 32130.8,
                                              "Total Cost": 262911.36,
                                              "Plan Rows": 70,
                                              "Plan Width": 28,
                                              "Inner Unique": false,
                                              "Hash Cond": "(web_sales.ws_promo_sk = promotion_2.p_promo_sk)",
                                              "Plans": [
                                                {
                                                  "Node Type": "Hash Join",
                                                  "Parent Relationship": "Outer",
                                                  "Parallel Aware": true,
                                                  "Async Capable": false,
                                                  "Join Type": "Inner",
                                                  "Startup Cost": 32105.4,
                                                  "Total Cost": 262884.99,
                                                  "Plan Rows": 71,
                                                  "Plan Width": 32,
                                                  "Inner Unique": false,
                                                  "Hash Cond": "(web_sales.ws_item_sk = item_2.i_item_sk)",
                                                  "Plans": [
                                                    {
                                                      "Node Type": "Hash Join",
                                                      "Parent Relationship": "Outer",
                                                      "Parallel Aware": true,
                                                      "Async Capable": false,
                                                      "Join Type": "Left",
                                                      "Startup Cost": 24579.62,
                                                      "Total Cost": 255354.31,
                                                      "Plan Rows": 1231,
                                                      "Plan Width": 36,
                                                      "Inner Unique": false,
                                                      "Hash Cond": "((web_sales.ws_item_sk = web_returns.wr_item_sk) AND (web_sales.ws_order_number = web_returns.wr_order_number))",
                                                      "Plans": [
                                                        {
                                                          "Node Type": "Hash Join",
                                                          "Parent Relationship": "Outer",
                                                          "Parallel Aware": true,
                                                          "Async Capable": false,
                                                          "Join Type": "Inner",
                                                          "Startup Cost": 2049.78,
                                                          "Total Cost": 231041.22,
                                                          "Plan Rows": 1231,
                                                          "Plan Width": 28,
                                                          "Inner Unique": false,
                                                          "Hash Cond": "(web_sales.ws_sold_date_sk = date_dim_2.d_date_sk)",
                                                          "Plans": [
                                                            {
                                                              "Node Type": "Seq Scan",
                                                              "Parent Relationship": "Outer",
                                                              "Parallel Aware": true,
                                                              "Async Capable": false,
                                                              "Relation Name": "web_sales",
                                                              "Alias": "web_sales",
                                                              "Startup Cost": 0.0,
                                                              "Total Cost": 217737.86,
                                                              "Plan Rows": 2998986,
                                                              "Plan Width": 32,
                                                              "parent": 55,
                                                              "ID": 56
                                                            },
                                                            {
                                                              "Node Type": "Hash",
                                                              "Parent Relationship": "Inner",
                                                              "Parallel Aware": true,
                                                              "Async Capable": false,
                                                              "Startup Cost": 2049.55,
                                                              "Total Cost": 2049.55,
                                                              "Plan Rows": 18,
                                                              "Plan Width": 4,
                                                              "Plans": [
                                                                {
                                                                  "Node Type": "Seq Scan",
                                                                  "Parent Relationship": "Outer",
                                                                  "Parallel Aware": true,
                                                                  "Async Capable": false,
                                                                  "Relation Name": "date_dim",
                                                                  "Alias": "date_dim_2",
                                                                  "Startup Cost": 0.0,
                                                                  "Total Cost": 2049.55,
                                                                  "Plan Rows": 18,
                                                                  "Plan Width": 4,
                                                                  "Filter": "((d_date >= '1998-08-19'::date) AND (d_date <= '1998-09-18 00:00:00'::timestamp without time zone))",
                                                                  "parent": 57,
                                                                  "ID": 58
                                                                }
                                                              ],
                                                              "parent": 55,
                                                              "ID": 57,
                                                              "left": 58
                                                            }
                                                          ],
                                                          "parent": 54,
                                                          "ID": 55,
                                                          "left": 56,
                                                          "right": 57
                                                        },
                                                        {
                                                          "Node Type": "Hash",
                                                          "Parent Relationship": "Inner",
                                                          "Parallel Aware": true,
                                                          "Async Capable": false,
                                                          "Startup Cost": 16278.74,
                                                          "Total Cost": 16278.74,
                                                          "Plan Rows": 299674,
                                                          "Plan Width": 20,
                                                          "Plans": [
                                                            {
                                                              "Node Type": "Seq Scan",
                                                              "Parent Relationship": "Outer",
                                                              "Parallel Aware": true,
                                                              "Async Capable": false,
                                                              "Relation Name": "web_returns",
                                                              "Alias": "web_returns",
                                                              "Startup Cost": 0.0,
                                                              "Total Cost": 16278.74,
                                                              "Plan Rows": 299674,
                                                              "Plan Width": 20,
                                                              "parent": 59,
                                                              "ID": 60
                                                            }
                                                          ],
                                                          "parent": 54,
                                                          "ID": 59,
                                                          "left": 60
                                                        }
                                                      ],
                                                      "parent": 53,
                                                      "ID": 54,
                                                      "left": 55,
                                                      "right": 59
                                                    },
                                                    {
                                                      "Node Type": "Hash",
                                                      "Parent Relationship": "Inner",
                                                      "Parallel Aware": true,
                                                      "Async Capable": false,
                                                      "Startup Cost": 7495.25,
                                                      "Total Cost": 7495.25,
                                                      "Plan Rows": 2442,
                                                      "Plan Width": 4,
                                                      "Plans": [
                                                        {
                                                          "Node Type": "Seq Scan",
                                                          "Parent Relationship": "Outer",
                                                          "Parallel Aware": true,
                                                          "Async Capable": false,
                                                          "Relation Name": "item",
                                                          "Alias": "item_2",
                                                          "Startup Cost": 0.0,
                                                          "Total Cost": 7495.25,
                                                          "Plan Rows": 2442,
                                                          "Plan Width": 4,
                                                          "Filter": "(i_current_price > '50'::numeric)",
                                                          "parent": 61,
                                                          "ID": 62
                                                        }
                                                      ],
                                                      "parent": 53,
                                                      "ID": 61,
                                                      "left": 62
                                                    }
                                                  ],
                                                  "parent": 52,
                                                  "ID": 53,
                                                  "left": 54,
                                                  "right": 61
                                                },
                                                {
                                                  "Node Type": "Hash",
                                                  "Parent Relationship": "Inner",
                                                  "Parallel Aware": false,
                                                  "Async Capable": false,
                                                  "Startup Cost": 19.25,
                                                  "Total Cost": 19.25,
                                                  "Plan Rows": 492,
                                                  "Plan Width": 4,
                                                  "Plans": [
                                                    {
                                                      "Node Type": "Seq Scan",
                                                      "Parent Relationship": "Outer",
                                                      "Parallel Aware": false,
                                                      "Async Capable": false,
                                                      "Relation Name": "promotion",
                                                      "Alias": "promotion_2",
                                                      "Startup Cost": 0.0,
                                                      "Total Cost": 19.25,
                                                      "Plan Rows": 492,
                                                      "Plan Width": 4,
                                                      "Filter": "(p_channel_tv = 'N'::bpchar)",
                                                      "parent": 63,
                                                      "ID": 64
                                                    }
                                                  ],
                                                  "parent": 52,
                                                  "ID": 63,
                                                  "left": 64
                                                }
                                              ],
                                              "parent": 51,
                                              "ID": 52,
                                              "left": 53,
                                              "right": 63
                                            },
                                            {
                                              "Node Type": "Hash",
                                              "Parent Relationship": "Inner",
                                              "Parallel Aware": false,
                                              "Async Capable": false,
                                              "Startup Cost": 3.42,
                                              "Total Cost": 3.42,
                                              "Plan Rows": 42,
                                              "Plan Width": 21,
                                              "Plans": [
                                                {
                                                  "Node Type": "Seq Scan",
                                                  "Parent Relationship": "Outer",
                                                  "Parallel Aware": false,
                                                  "Async Capable": false,
                                                  "Relation Name": "web_site",
                                                  "Alias": "web_site",
                                                  "Startup Cost": 0.0,
                                                  "Total Cost": 3.42,
                                                  "Plan Rows": 42,
                                                  "Plan Width": 21,
                                                  "parent": 65,
                                                  "ID": 66
                                                }
                                              ],
                                              "parent": 51,
                                              "ID": 65,
                                              "left": 66
                                            }
                                          ],
                                          "parent": 50,
                                          "ID": 51,
                                          "left": 52,
                                          "right": 65
                                        }
                                      ],
                                      "parent": 49,
                                      "ID": 50,
                                      "left": 51
                                    }
                                  ],
                                  "parent": 48,
                                  "ID": 49,
                                  "left": 50
                                }
                              ],
                              "parent": 47,
                              "ID": 48,
                              "left": 49
                            }
                          ],
                          "parent": 46,
                          "ID": 47,
                          "left": 48
                        }
                      ],
                      "parent": 3,
                      "ID": 46,
                      "left": 47
                    }
                  ],
                  "parent": 2,
                  "ID": 3,
                  "left": 4,
                  "right": 25
                }
              ],
              "parent": 1,
              "ID": 2,
              "left": 3
            }
          ],
          "parent": 0,
          "ID": 1,
          "left": 2
        }
      ],
      "parent": null,
      "ID": 0,
      "left": 1
    },
    "feat": {
      "utility": 2.172416388765272e-06,
      "query_shape": [
        [
          "Seq Scan",
          "Hash Join",
          "Sort",
          "Aggregate",
          "Gather Merge",
          "Subquery Scan",
          "Append"
        ],
        [
          "Seq Scan",
          "Hash",
          "Hash Join",
          "Sort",
          "Aggregate",
          "Gather Merge",
          "Subquery Scan",
          "Append"
        ],
        [
          "Seq Scan",
          "Hash",
          "Hash Join",
          "Sort",
          "Aggregate",
          "Gather Merge",
          "Subquery Scan",
          "Append"
        ],
        [
          "Seq Scan",
          "Hash",
          "Hash Join",
          "Sort",
          "Aggregate",
          "Gather Merge",
          "Subquery Scan",
          "Append"
        ],
        [
          "Seq Scan",
          "Hash",
          "Hash Join",
          "Sort",
          "Aggregate",
          "Gather Merge",
          "Subquery Scan",
          "Append"
        ],
        [
          "Seq Scan",
          "Hash",
          "Hash Join",
          "Sort",
          "Aggregate",
          "Gather Merge",
          "Subquery Scan",
          "Append"
        ],
        [
          "Seq Scan",
          "Hash Join",
          "Sort",
          "Aggregate",
          "Gather Merge",
          "Subquery Scan",
          "Append"
        ],
        [
          "Seq Scan",
          "Hash",
          "Hash Join",
          "Sort",
          "Aggregate",
          "Gather Merge",
          "Subquery Scan",
          "Append"
        ],
        [
          "Seq Scan",
          "Hash",
          "Hash Join",
          "Sort",
          "Aggregate",
          "Gather Merge",
          "Subquery Scan",
          "Append"
        ],
        [
          "Seq Scan",
          "Hash",
          "Hash Join",
          "Sort",
          "Aggregate",
          "Gather Merge",
          "Subquery Scan",
          "Append"
        ],
        [
          "Seq Scan",
          "Hash",
          "Hash Join",
          "Sort",
          "Aggregate",
          "Gather Merge",
          "Subquery Scan",
          "Append"
        ],
        [
          "Seq Scan",
          "Hash",
          "Hash Join",
          "Sort",
          "Aggregate",
          "Gather Merge",
          "Subquery Scan",
          "Append"
        ],
        [
          "Seq Scan",
          "Hash Join",
          "Sort",
          "Aggregate",
          "Gather Merge",
          "Subquery Scan",
          "Append"
        ],
        [
          "Seq Scan",
          "Hash",
          "Hash Join",
          "Sort",
          "Aggregate",
          "Gather Merge",
          "Subquery Scan",
          "Append"
        ],
        [
          "Seq Scan",
          "Hash",
          "Hash Join",
          "Sort",
          "Aggregate",
          "Gather Merge",
          "Subquery Scan",
          "Append"
        ],
        [
          "Seq Scan",
          "Hash",
          "Hash Join",
          "Sort",
          "Aggregate",
          "Gather Merge",
          "Subquery Scan",
          "Append"
        ],
        [
          "Seq Scan",
          "Hash",
          "Hash Join",
          "Sort",
          "Aggregate",
          "Gather Merge",
          "Subquery Scan",
          "Append"
        ],
        [
          "Seq Scan",
          "Hash",
          "Hash Join",
          "Sort",
          "Aggregate",
          "Gather Merge",
          "Subquery Scan",
          "Append"
        ]
      ],
      "index_shape": [
        "join"
      ],
      "physical_operator": {
        "Hash Join": [
          0.0047626883590205366
        ]
      }
    }
  },
  {
    "query": "with ssr as\n (select  s_store_id as store_id,\n          sum(ss_ext_sales_price) as sales,\n          sum(coalesce(sr_return_amt, 0)) as returns,\n          sum(ss_net_profit - coalesce(sr_net_loss, 0)) as profit\n  from store_sales left outer join store_returns on\n         (ss_item_sk = sr_item_sk and ss_ticket_number = sr_ticket_number),\n     date_dim,\n     store,\n     item,\n     promotion\n where ss_sold_date_sk = d_date_sk\n       and d_date between cast('1998-08-19' as date) \n                  and (cast('1998-08-19' as date) +  interval '30 days')\n       and ss_store_sk = s_store_sk\n       and ss_item_sk = i_item_sk\n       and i_current_price > 50\n       and ss_promo_sk = p_promo_sk\n       and p_channel_tv = 'N'\n group by s_store_id)\n ,\n csr as\n (select  cp_catalog_page_id as catalog_page_id,\n          sum(cs_ext_sales_price) as sales,\n          sum(coalesce(cr_return_amount, 0)) as returns,\n          sum(cs_net_profit - coalesce(cr_net_loss, 0)) as profit\n  from catalog_sales left outer join catalog_returns on\n         (cs_item_sk = cr_item_sk and cs_order_number = cr_order_number),\n     date_dim,\n     catalog_page,\n     item,\n     promotion\n where cs_sold_date_sk = d_date_sk\n       and d_date between cast('1998-08-19' as date)\n                  and (cast('1998-08-19' as date) +  interval '30 days')\n        and cs_catalog_page_sk = cp_catalog_page_sk\n       and cs_item_sk = i_item_sk\n       and i_current_price > 50\n       and cs_promo_sk = p_promo_sk\n       and p_channel_tv = 'N'\ngroup by cp_catalog_page_id)\n ,\n wsr as\n (select  web_site_id,\n          sum(ws_ext_sales_price) as sales,\n          sum(coalesce(wr_return_amt, 0)) as returns,\n          sum(ws_net_profit - coalesce(wr_net_loss, 0)) as profit\n  from web_sales left outer join web_returns on\n         (ws_item_sk = wr_item_sk and ws_order_number = wr_order_number),\n     date_dim,\n     web_site,\n     item,\n     promotion\n where ws_sold_date_sk = d_date_sk\n       and d_date between cast('1998-08-19' as date)\n                  and (cast('1998-08-19' as date) +  interval '30 days')\n        and ws_web_site_sk = web_site_sk\n       and ws_item_sk = i_item_sk\n       and i_current_price > 50\n       and ws_promo_sk = p_promo_sk\n       and p_channel_tv = 'N'\ngroup by web_site_id)\n  select  channel\n        , id\n        , sum(sales) as sales\n        , sum(returns) as returns\n        , sum(profit) as profit\n from \n (select 'store channel' as channel\n        , 'store' || store_id as id\n        , sales\n        , returns\n        , profit\n from   ssr\n union all\n select 'catalog channel' as channel\n        , 'catalog_page' || catalog_page_id as id\n        , sales\n        , returns\n        , profit\n from  csr\n union all\n select 'web channel' as channel\n        , 'web_site' || web_site_id as id\n        , sales\n        , returns\n        , profit\n from   wsr\n ) x\n group by rollup (channel, id)\n order by channel\n         ,id\n limit 100;\n\n-- end query 61 in stream 0 using template query80.tpl\n",
    "indexes": "catalog_sales.cs_catalog_page_sk",
    "wo plan est": {
      "Node Type": "Limit",
      "Parallel Aware": false,
      "Async Capable": false,
      "Startup Cost": 1566782.76,
      "Total Cost": 1566786.01,
      "Plan Rows": 100,
      "Plan Width": 160,
      "Plans": [
        {
          "Node Type": "Aggregate",
          "Strategy": "Sorted",
          "Partial Mode": "Simple",
          "Parent Relationship": "Outer",
          "Parallel Aware": false,
          "Async Capable": false,
          "Startup Cost": 1566782.76,
          "Total Cost": 1566795.8,
          "Plan Rows": 401,
          "Plan Width": 160,
          "Grouping Sets": [
            {
              "Group Keys": [
                [
                  "('store channel'::text)",
                  "(('store'::text || (ssr.store_id)::text))"
                ],
                [
                  "('store channel'::text)"
                ],
                []
              ]
            }
          ],
          "Plans": [
            {
              "Node Type": "Sort",
              "Parent Relationship": "Outer",
              "Parallel Aware": false,
              "Async Capable": false,
              "Startup Cost": 1566782.76,
              "Total Cost": 1566783.77,
              "Plan Rows": 401,
              "Plan Width": 160,
              "Sort Key": [
                "('store channel'::text)",
                "(('store'::text || (ssr.store_id)::text))"
              ],
              "Plans": [
                {
                  "Node Type": "Append",
                  "Parent Relationship": "Outer",
                  "Parallel Aware": false,
                  "Async Capable": false,
                  "Startup Cost": 784591.9,
                  "Total Cost": 1566765.43,
                  "Plan Rows": 401,
                  "Plan Width": 160,
                  "Subplans Removed": 0,
                  "Plans": [
                    {
                      "Node Type": "Subquery Scan",
                      "Parent Relationship": "Member",
                      "Parallel Aware": false,
                      "Async Capable": false,
                      "Alias": "ssr",
                      "Startup Cost": 784591.9,
                      "Total Cost": 784611.64,
                      "Plan Rows": 51,
                      "Plan Width": 160,
                      "Plans": [
                        {
                          "Node Type": "Aggregate",
                          "Strategy": "Sorted",
                          "Partial Mode": "Finalize",
                          "Parent Relationship": "Subquery",
                          "Parallel Aware": false,
                          "Async Capable": false,
                          "Startup Cost": 784591.9,
                          "Total Cost": 784610.87,
                          "Plan Rows": 51,
                          "Plan Width": 113,
                          "Group Key": [
                            "store.s_store_id"
                          ],
                          "Plans": [
                            {
                              "Node Type": "Gather Merge",
                              "Parent Relationship": "Outer",
                              "Parallel Aware": false,
                              "Async Capable": false,
                              "Startup Cost": 784591.9,
                              "Total Cost": 784608.2,
                              "Plan Rows": 102,
                              "Plan Width": 113,
                              "Workers Planned": 2,
                              "Plans": [
                                {
                                  "Node Type": "Aggregate",
                                  "Strategy": "Sorted",
                                  "Partial Mode": "Partial",
                                  "Parent Relationship": "Outer",
                                  "Parallel Aware": false,
                                  "Async Capable": false,
                                  "Startup Cost": 783591.88,
                                  "Total Cost": 783596.4,
                                  "Plan Rows": 51,
                                  "Plan Width": 113,
                                  "Group Key": [
                                    "store.s_store_id"
                                  ],
                                  "Plans": [
                                    {
                                      "Node Type": "Sort",
                                      "Parent Relationship": "Outer",
                                      "Parallel Aware": false,
                                      "Async Capable": false,
                                      "Startup Cost": 783591.88,
                                      "Total Cost": 783592.48,
                                      "Plan Rows": 242,
                                      "Plan Width": 41,
                                      "Sort Key": [
                                        "store.s_store_id"
                                      ],
                                      "Plans": [
                                        {
                                          "Node Type": "Hash Join",
                                          "Parent Relationship": "Outer",
                                          "Parallel Aware": false,
                                          "Async Capable": false,
                                          "Join Type": "Inner",
                                          "Startup Cost": 94489.35,
                                          "Total Cost": 783582.3,
                                          "Plan Rows": 242,
                                          "Plan Width": 41,
                                          "Inner Unique": false,
                                          "Hash Cond": "(store_sales.ss_store_sk = store.s_store_sk)",
                                          "Plans": [
                                            {
                                              "Node Type": "Hash Join",
                                              "Parent Relationship": "Outer",
                                              "Parallel Aware": false,
                                              "Async Capable": false,
                                              "Join Type": "Inner",
                                              "Startup Cost": 94482.05,
                                              "Total Cost": 783571.63,
                                              "Plan Rows": 254,
                                              "Plan Width": 28,
                                              "Inner Unique": false,
                                              "Hash Cond": "(store_sales.ss_promo_sk = promotion.p_promo_sk)",
                                              "Plans": [
                                                {
                                                  "Node Type": "Hash Join",
                                                  "Parent Relationship": "Outer",
                                                  "Parallel Aware": true,
                                                  "Async Capable": false,
                                                  "Join Type": "Inner",
                                                  "Startup Cost": 94456.65,
                                                  "Total Cost": 783542.68,
                                                  "Plan Rows": 270,
                                                  "Plan Width": 32,
                                                  "Inner Unique": false,
                                                  "Hash Cond": "(store_sales.ss_item_sk = item.i_item_sk)",
                                                  "Plans": [
                                                    {
                                                      "Node Type": "Hash Join",
                                                      "Parent Relationship": "Outer",
                                                      "Parallel Aware": true,
                                                      "Async Capable": false,
                                                      "Join Type": "Left",
                                                      "Startup Cost": 86930.88,
                                                      "Total Cost": 775998.13,
                                                      "Plan Rows": 4703,
                                                      "Plan Width": 36,
                                                      "Inner Unique": false,
                                                      "Hash Cond": "((store_sales.ss_item_sk = store_returns.sr_item_sk) AND (store_sales.ss_ticket_number = store_returns.sr_ticket_number))",
                                                      "Plans": [
                                                        {
                                                          "Node Type": "Hash Join",
                                                          "Parent Relationship": "Outer",
                                                          "Parallel Aware": true,
                                                          "Async Capable": false,
                                                          "Join Type": "Inner",
                                                          "Startup Cost": 2049.78,
                                                          "Total Cost": 683994.75,
                                                          "Plan Rows": 4703,
                                                          "Plan Width": 28,
                                                          "Inner Unique": false,
                                                          "Hash Cond": "(store_sales.ss_sold_date_sk = date_dim.d_date_sk)",
                                                          "Plans": [
                                                            {
                                                              "Node Type": "Seq Scan",
                                                              "Parent Relationship": "Outer",
                                                              "Parallel Aware": true,
                                                              "Async Capable": false,
                                                              "Relation Name": "store_sales",
                                                              "Alias": "store_sales",
                                                              "Startup Cost": 0.0,
                                                              "Total Cost": 636914.37,
                                                              "Plan Rows": 12000637,
                                                              "Plan Width": 32,
                                                              "parent": 13,
                                                              "ID": 14
                                                            },
                                                            {
                                                              "Node Type": "Hash",
                                                              "Parent Relationship": "Inner",
                                                              "Parallel Aware": true,
                                                              "Async Capable": false,
                                                              "Startup Cost": 2049.55,
                                                              "Total Cost": 2049.55,
                                                              "Plan Rows": 18,
                                                              "Plan Width": 4,
                                                              "Plans": [
                                                                {
                                                                  "Node Type": "Seq Scan",
                                                                  "Parent Relationship": "Outer",
                                                                  "Parallel Aware": true,
                                                                  "Async Capable": false,
                                                                  "Relation Name": "date_dim",
                                                                  "Alias": "date_dim",
                                                                  "Startup Cost": 0.0,
                                                                  "Total Cost": 2049.55,
                                                                  "Plan Rows": 18,
                                                                  "Plan Width": 4,
                                                                  "Filter": "((d_date >= '1998-08-19'::date) AND (d_date <= '1998-09-18 00:00:00'::timestamp without time zone))",
                                                                  "parent": 15,
                                                                  "ID": 16
                                                                }
                                                              ],
                                                              "parent": 13,
                                                              "ID": 15,
                                                              "left": 16
                                                            }
                                                          ],
                                                          "parent": 12,
                                                          "ID": 13,
                                                          "left": 14,
                                                          "right": 15
                                                        },
                                                        {
                                                          "Node Type": "Hash",
                                                          "Parent Relationship": "Inner",
                                                          "Parallel Aware": true,
                                                          "Async Capable": false,
                                                          "Startup Cost": 59887.64,
                                                          "Total Cost": 59887.64,
                                                          "Plan Rows": 1198164,
                                                          "Plan Width": 20,
                                                          "Plans": [
                                                            {
                                                              "Node Type": "Seq Scan",
                                                              "Parent Relationship": "Outer",
                                                              "Parallel Aware": true,
                                                              "Async Capable": false,
                                                              "Relation Name": "store_returns",
                                                              "Alias": "store_returns",
                                                              "Startup Cost": 0.0,
                                                              "Total Cost": 59887.64,
                                                              "Plan Rows": 1198164,
                                                              "Plan Width": 20,
                                                              "parent": 17,
                                                              "ID": 18
                                                            }
                                                          ],
                                                          "parent": 12,
                                                          "ID": 17,
                                                          "left": 18
                                                        }
                                                      ],
                                                      "parent": 11,
                                                      "ID": 12,
                                                      "left": 13,
                                                      "right": 17
                                                    },
                                                    {
                                                      "Node Type": "Hash",
                                                      "Parent Relationship": "Inner",
                                                      "Parallel Aware": true,
                                                      "Async Capable": false,
                                                      "Startup Cost": 7495.25,
                                                      "Total Cost": 7495.25,
                                                      "Plan Rows": 2442,
                                                      "Plan Width": 4,
                                                      "Plans": [
                                                        {
                                                          "Node Type": "Seq Scan",
                                                          "Parent Relationship": "Outer",
                                                          "Parallel Aware": true,
                                                          "Async Capable": false,
                                                          "Relation Name": "item",
                                                          "Alias": "item",
                                                          "Startup Cost": 0.0,
                                                          "Total Cost": 7495.25,
                                                          "Plan Rows": 2442,
                                                          "Plan Width": 4,
                                                          "Filter": "(i_current_price > '50'::numeric)",
                                                          "parent": 19,
                                                          "ID": 20
                                                        }
                                                      ],
                                                      "parent": 11,
                                                      "ID": 19,
                                                      "left": 20
                                                    }
                                                  ],
                                                  "parent": 10,
                                                  "ID": 11,
                                                  "left": 12,
                                                  "right": 19
                                                },
                                                {
                                                  "Node Type": "Hash",
                                                  "Parent Relationship": "Inner",
                                                  "Parallel Aware": false,
                                                  "Async Capable": false,
                                                  "Startup Cost": 19.25,
                                                  "Total Cost": 19.25,
                                                  "Plan Rows": 492,
                                                  "Plan Width": 4,
                                                  "Plans": [
                                                    {
                                                      "Node Type": "Seq Scan",
                                                      "Parent Relationship": "Outer",
                                                      "Parallel Aware": false,
                                                      "Async Capable": false,
                                                      "Relation Name": "promotion",
                                                      "Alias": "promotion",
                                                      "Startup Cost": 0.0,
                                                      "Total Cost": 19.25,
                                                      "Plan Rows": 492,
                                                      "Plan Width": 4,
                                                      "Filter": "(p_channel_tv = 'N'::bpchar)",
                                                      "parent": 21,
                                                      "ID": 22
                                                    }
                                                  ],
                                                  "parent": 10,
                                                  "ID": 21,
                                                  "left": 22
                                                }
                                              ],
                                              "parent": 9,
                                              "ID": 10,
                                              "left": 11,
                                              "right": 21
                                            },
                                            {
                                              "Node Type": "Hash",
                                              "Parent Relationship": "Inner",
                                              "Parallel Aware": false,
                                              "Async Capable": false,
                                              "Startup Cost": 6.02,
                                              "Total Cost": 6.02,
                                              "Plan Rows": 102,
                                              "Plan Width": 21,
                                              "Plans": [
                                                {
                                                  "Node Type": "Seq Scan",
                                                  "Parent Relationship": "Outer",
                                                  "Parallel Aware": false,
                                                  "Async Capable": false,
                                                  "Relation Name": "store",
                                                  "Alias": "store",
                                                  "Startup Cost": 0.0,
                                                  "Total Cost": 6.02,
                                                  "Plan Rows": 102,
                                                  "Plan Width": 21,
                                                  "parent": 23,
                                                  "ID": 24
                                                }
                                              ],
                                              "parent": 9,
                                              "ID": 23,
                                              "left": 24
                                            }
                                          ],
                                          "parent": 8,
                                          "ID": 9,
                                          "left": 10,
                                          "right": 23
                                        }
                                      ],
                                      "parent": 7,
                                      "ID": 8,
                                      "left": 9
                                    }
                                  ],
                                  "parent": 6,
                                  "ID": 7,
                                  "left": 8
                                }
                              ],
                              "parent": 5,
                              "ID": 6,
                              "left": 7
                            }
                          ],
                          "parent": 4,
                          "ID": 5,
                          "left": 6
                        }
                      ],
                      "parent": 3,
                      "ID": 4,
                      "left": 5
                    },
                    {
                      "Node Type": "Subquery Scan",
                      "Parent Relationship": "Member",
                      "Parallel Aware": false,
                      "Async Capable": false,
                      "Alias": "csr",
                      "Startup Cost": 518174.1,
                      "Total Cost": 518225.66,
                      "Plan Rows": 329,
                      "Plan Width": 160,
                      "Plans": [
                        {
                          "Node Type": "Aggregate",
                          "Strategy": "Sorted",
                          "Partial Mode": "Finalize",
                          "Parent Relationship": "Subquery",
                          "Parallel Aware": false,
                          "Async Capable": false,
                          "Startup Cost": 518174.1,
                          "Total Cost": 518220.73,
                          "Plan Rows": 329,
                          "Plan Width": 113,
                          "Group Key": [
                            "catalog_page.cp_catalog_page_id"
                          ],
                          "Plans": [
                            {
                              "Node Type": "Gather Merge",
                              "Parent Relationship": "Outer",
                              "Parallel Aware": false,
                              "Async Capable": false,
                              "Startup Cost": 518174.1,
                              "Total Cost": 518210.18,
                              "Plan Rows": 274,
                              "Plan Width": 113,
                              "Workers Planned": 2,
                              "Plans": [
                                {
                                  "Node Type": "Aggregate",
                                  "Strategy": "Sorted",
                                  "Partial Mode": "Partial",
                                  "Parent Relationship": "Outer",
                                  "Parallel Aware": false,
                                  "Async Capable": false,
                                  "Startup Cost": 517174.07,
                                  "Total Cost": 517178.53,
                                  "Plan Rows": 137,
                                  "Plan Width": 113,
                                  "Group Key": [
                                    "catalog_page.cp_catalog_page_id"
                                  ],
                                  "Plans": [
                                    {
                                      "Node Type": "Sort",
                                      "Parent Relationship": "Outer",
                                      "Parallel Aware": false,
                                      "Async Capable": false,
                                      "Startup Cost": 517174.07,
                                      "Total Cost": 517174.42,
                                      "Plan Rows": 137,
                                      "Plan Width": 41,
                                      "Sort Key": [
                                        "catalog_page.cp_catalog_page_id"
                                      ],
                                      "Plans": [
                                        {
                                          "Node Type": "Hash Join",
                                          "Parent Relationship": "Outer",
                                          "Parallel Aware": false,
                                          "Async Capable": false,
                                          "Join Type": "Inner",
                                          "Startup Cost": 57382.33,
                                          "Total Cost": 517169.21,
                                          "Plan Rows": 137,
                                          "Plan Width": 41,
                                          "Inner Unique": false,
                                          "Hash Cond": "(catalog_sales.cs_catalog_page_sk = catalog_page.cp_catalog_page_sk)",
                                          "Plans": [
                                            {
                                              "Node Type": "Hash Join",
                                              "Parent Relationship": "Outer",
                                              "Parallel Aware": false,
                                              "Async Capable": false,
                                              "Join Type": "Inner",
                                              "Startup Cost": 56864.33,
                                              "Total Cost": 516649.32,
                                              "Plan Rows": 138,
                                              "Plan Width": 28,
                                              "Inner Unique": false,
                                              "Hash Cond": "(catalog_sales.cs_promo_sk = promotion_1.p_promo_sk)",
                                              "Plans": [
                                                {
                                                  "Node Type": "Hash Join",
                                                  "Parent Relationship": "Outer",
                                                  "Parallel Aware": true,
                                                  "Async Capable": false,
                                                  "Join Type": "Inner",
                                                  "Startup Cost": 56838.93,
                                                  "Total Cost": 516622.01,
                                                  "Plan Rows": 141,
                                                  "Plan Width": 32,
                                                  "Inner Unique": false,
                                                  "Hash Cond": "(catalog_sales.cs_item_sk = item_1.i_item_sk)",
                                                  "Plans": [
                                                    {
                                                      "Node Type": "Hash Join",
                                                      "Parent Relationship": "Outer",
                                                      "Parallel Aware": true,
                                                      "Async Capable": false,
                                                      "Join Type": "Left",
                                                      "Startup Cost": 49313.15,
                                                      "Total Cost": 509086.46,
                                                      "Plan Rows": 2450,
                                                      "Plan Width": 36,
                                                      "Inner Unique": false,
                                                      "Hash Cond": "((catalog_sales.cs_item_sk = catalog_returns.cr_item_sk) AND (catalog_sales.cs_order_number = catalog_returns.cr_order_number))",
                                                      "Plans": [
                                                        {
                                                          "Node Type": "Hash Join",
                                                          "Parent Relationship": "Outer",
                                                          "Parallel Aware": true,
                                                          "Async Capable": false,
                                                          "Join Type": "Inner",
                                                          "Startup Cost": 2049.78,
                                                          "Total Cost": 458254.7,
                                                          "Plan Rows": 2450,
                                                          "Plan Width": 28,
                                                          "Inner Unique": false,
                                                          "Hash Cond": "(catalog_sales.cs_sold_date_sk = date_dim_1.d_date_sk)",
                                                          "Plans": [
                                                            {
                                                              "Node Type": "Seq Scan",
                                                              "Parent Relationship": "Outer",
                                                              "Parallel Aware": true,
                                                              "Async Capable": false,
                                                              "Relation Name": "catalog_sales",
                                                              "Alias": "catalog_sales",
                                                              "Startup Cost": 0.0,
                                                              "Total Cost": 433688.25,
                                                              "Plan Rows": 6000525,
                                                              "Plan Width": 32,
                                                              "parent": 34,
                                                              "ID": 35
                                                            },
                                                            {
                                                              "Node Type": "Hash",
                                                              "Parent Relationship": "Inner",
                                                              "Parallel Aware": true,
                                                              "Async Capable": false,
                                                              "Startup Cost": 2049.55,
                                                              "Total Cost": 2049.55,
                                                              "Plan Rows": 18,
                                                              "Plan Width": 4,
                                                              "Plans": [
                                                                {
                                                                  "Node Type": "Seq Scan",
                                                                  "Parent Relationship": "Outer",
                                                                  "Parallel Aware": true,
                                                                  "Async Capable": false,
                                                                  "Relation Name": "date_dim",
                                                                  "Alias": "date_dim_1",
                                                                  "Startup Cost": 0.0,
                                                                  "Total Cost": 2049.55,
                                                                  "Plan Rows": 18,
                                                                  "Plan Width": 4,
                                                                  "Filter": "((d_date >= '1998-08-19'::date) AND (d_date <= '1998-09-18 00:00:00'::timestamp without time zone))",
                                                                  "parent": 36,
                                                                  "ID": 37
                                                                }
                                                              ],
                                                              "parent": 34,
                                                              "ID": 36,
                                                              "left": 37
                                                            }
                                                          ],
                                                          "parent": 33,
                                                          "ID": 34,
                                                          "left": 35,
                                                          "right": 36
                                                        },
                                                        {
                                                          "Node Type": "Hash",
                                                          "Parent Relationship": "Inner",
                                                          "Parallel Aware": true,
                                                          "Async Capable": false,
                                                          "Startup Cost": 34748.95,
                                                          "Total Cost": 34748.95,
                                                          "Plan Rows": 599895,
                                                          "Plan Width": 20,
                                                          "Plans": [
                                                            {
                                                              "Node Type": "Seq Scan",
                                                              "Parent Relationship": "Outer",
                                                              "Parallel Aware": true,
                                                              "Async Capable": false,
                                                              "Relation Name": "catalog_returns",
                                                              "Alias": "catalog_returns",
                                                              "Startup Cost": 0.0,
                                                              "Total Cost": 34748.95,
                                                              "Plan Rows": 599895,
                                                              "Plan Width": 20,
                                                              "parent": 38,
                                                              "ID": 39
                                                            }
                                                          ],
                                                          "parent": 33,
                                                          "ID": 38,
                                                          "left": 39
                                                        }
                                                      ],
                                                      "parent": 32,
                                                      "ID": 33,
                                                      "left": 34,
                                                      "right": 38
                                                    },
                                                    {
                                                      "Node Type": "Hash",
                                                      "Parent Relationship": "Inner",
                                                      "Parallel Aware": true,
                                                      "Async Capable": false,
                                                      "Startup Cost": 7495.25,
                                                      "Total Cost": 7495.25,
                                                      "Plan Rows": 2442,
                                                      "Plan Width": 4,
                                                      "Plans": [
                                                        {
                                                          "Node Type": "Seq Scan",
                                                          "Parent Relationship": "Outer",
                                                          "Parallel Aware": true,
                                                          "Async Capable": false,
                                                          "Relation Name": "item",
                                                          "Alias": "item_1",
                                                          "Startup Cost": 0.0,
                                                          "Total Cost": 7495.25,
                                                          "Plan Rows": 2442,
                                                          "Plan Width": 4,
                                                          "Filter": "(i_current_price > '50'::numeric)",
                                                          "parent": 40,
                                                          "ID": 41
                                                        }
                                                      ],
                                                      "parent": 32,
                                                      "ID": 40,
                                                      "left": 41
                                                    }
                                                  ],
                                                  "parent": 31,
                                                  "ID": 32,
                                                  "left": 33,
                                                  "right": 40
                                                },
                                                {
                                                  "Node Type": "Hash",
                                                  "Parent Relationship": "Inner",
                                                  "Parallel Aware": false,
                                                  "Async Capable": false,
                                                  "Startup Cost": 19.25,
                                                  "Total Cost": 19.25,
                                                  "Plan Rows": 492,
                                                  "Plan Width": 4,
                                                  "Plans": [
                                                    {
                                                      "Node Type": "Seq Scan",
                                                      "Parent Relationship": "Outer",
                                                      "Parallel Aware": false,
                                                      "Async Capable": false,
                                                      "Relation Name": "promotion",
                                                      "Alias": "promotion_1",
                                                      "Startup Cost": 0.0,
                                                      "Total Cost": 19.25,
                                                      "Plan Rows": 492,
                                                      "Plan Width": 4,
                                                      "Filter": "(p_channel_tv = 'N'::bpchar)",
                                                      "parent": 42,
                                                      "ID": 43
                                                    }
                                                  ],
                                                  "parent": 31,
                                                  "ID": 42,
                                                  "left": 43
                                                }
                                              ],
                                              "parent": 30,
                                              "ID": 31,
                                              "left": 32,
                                              "right": 42
                                            },
                                            {
                                              "Node Type": "Hash",
                                              "Parent Relationship": "Inner",
                                              "Parallel Aware": false,
                                              "Async Capable": false,
                                              "Startup Cost": 368.0,
                                              "Total Cost": 368.0,
                                              "Plan Rows": 12000,
                                              "Plan Width": 21,
                                              "Plans": [
                                                {
                                                  "Node Type": "Seq Scan",
                                                  "Parent Relationship": "Outer",
                                                  "Parallel Aware": false,
                                                  "Async Capable": false,
                                                  "Relation Name": "catalog_page",
                                                  "Alias": "catalog_page",
                                                  "Startup Cost": 0.0,
                                                  "Total Cost": 368.0,
                                                  "Plan Rows": 12000,
                                                  "Plan Width": 21,
                                                  "parent": 44,
                                                  "ID": 45
                                                }
                                              ],
                                              "parent": 30,
                                              "ID": 44,
                                              "left": 45
                                            }
                                          ],
                                          "parent": 29,
                                          "ID": 30,
                                          "left": 31,
                                          "right": 44
                                        }
                                      ],
                                      "parent": 28,
                                      "ID": 29,
                                      "left": 30
                                    }
                                  ],
                                  "parent": 27,
                                  "ID": 28,
                                  "left": 29
                                }
                              ],
                              "parent": 26,
                              "ID": 27,
                              "left": 28
                            }
                          ],
                          "parent": 25,
                          "ID": 26,
                          "left": 27
                        }
                      ],
                      "parent": 3,
                      "ID": 25,
                      "left": 26
                    },
                    {
                      "Node Type": "Subquery Scan",
                      "Parent Relationship": "Member",
                      "Parallel Aware": false,
                      "Async Capable": false,
                      "Alias": "wsr",
                      "Startup Cost": 263918.43,
                      "Total Cost": 263926.12,
                      "Plan Rows": 21,
                      "Plan Width": 160,
                      "Plans": [
                        {
                          "Node Type": "Aggregate",
                          "Strategy": "Sorted",
                          "Partial Mode": "Finalize",
                          "Parent Relationship": "Subquery",
                          "Parallel Aware": false,
                          "Async Capable": false,
                          "Startup Cost": 263918.43,
                          "Total Cost": 263925.8,
                          "Plan Rows": 21,
                          "Plan Width": 113,
                          "Group Key": [
                            "web_site.web_site_id"
                          ],
                          "Plans": [
                            {
                              "Node Type": "Gather Merge",
                              "Parent Relationship": "Outer",
                              "Parallel Aware": false,
                              "Async Capable": false,
                              "Startup Cost": 263918.43,
                              "Total Cost": 263924.7,
                              "Plan Rows": 42,
                              "Plan Width": 113,
                              "Workers Planned": 2,
                              "Plans": [
                                {
                                  "Node Type": "Aggregate",
                                  "Strategy": "Sorted",
                                  "Partial Mode": "Partial",
                                  "Parent Relationship": "Outer",
                                  "Parallel Aware": false,
                                  "Async Capable": false,
                                  "Startup Cost": 262918.41,
                                  "Total Cost": 262919.83,
                                  "Plan Rows": 21,
                                  "Plan Width": 113,
                                  "Group Key": [
                                    "web_site.web_site_id"
                                  ],
                                  "Plans": [
                                    {
                                      "Node Type": "Sort",
                                      "Parent Relationship": "Outer",
                                      "Parallel Aware": false,
                                      "Async Capable": false,
                                      "Startup Cost": 262918.41,
                                      "Total Cost": 262918.59,
                                      "Plan Rows": 70,
                                      "Plan Width": 41,
                                      "Sort Key": [
                                        "web_site.web_site_id"
                                      ],
                                      "Plans": [
                                        {
                                          "Node Type": "Hash Join",
                                          "Parent Relationship": "Outer",
                                          "Parallel Aware": false,
                                          "Async Capable": false,
                                          "Join Type": "Inner",
                                          "Startup Cost": 32134.74,
                                          "Total Cost": 262916.27,
                                          "Plan Rows": 70,
                                          "Plan Width": 41,
                                          "Inner Unique": false,
                                          "Hash Cond": "(web_sales.ws_web_site_sk = web_site.web_site_sk)",
                                          "Plans": [
                                            {
                                              "Node Type": "Hash Join",
                                              "Parent Relationship": "Outer",
                                              "Parallel Aware": false,
                                              "Async Capable": false,
                                              "Join Type": "Inner",
                                              "Startup Cost": 32130.8,
                                              "Total Cost": 262911.36,
                                              "Plan Rows": 70,
                                              "Plan Width": 28,
                                              "Inner Unique": false,
                                              "Hash Cond": "(web_sales.ws_promo_sk = promotion_2.p_promo_sk)",
                                              "Plans": [
                                                {
                                                  "Node Type": "Hash Join",
                                                  "Parent Relationship": "Outer",
                                                  "Parallel Aware": true,
                                                  "Async Capable": false,
                                                  "Join Type": "Inner",
                                                  "Startup Cost": 32105.4,
                                                  "Total Cost": 262884.99,
                                                  "Plan Rows": 71,
                                                  "Plan Width": 32,
                                                  "Inner Unique": false,
                                                  "Hash Cond": "(web_sales.ws_item_sk = item_2.i_item_sk)",
                                                  "Plans": [
                                                    {
                                                      "Node Type": "Hash Join",
                                                      "Parent Relationship": "Outer",
                                                      "Parallel Aware": true,
                                                      "Async Capable": false,
                                                      "Join Type": "Left",
                                                      "Startup Cost": 24579.62,
                                                      "Total Cost": 255354.31,
                                                      "Plan Rows": 1231,
                                                      "Plan Width": 36,
                                                      "Inner Unique": false,
                                                      "Hash Cond": "((web_sales.ws_item_sk = web_returns.wr_item_sk) AND (web_sales.ws_order_number = web_returns.wr_order_number))",
                                                      "Plans": [
                                                        {
                                                          "Node Type": "Hash Join",
                                                          "Parent Relationship": "Outer",
                                                          "Parallel Aware": true,
                                                          "Async Capable": false,
                                                          "Join Type": "Inner",
                                                          "Startup Cost": 2049.78,
                                                          "Total Cost": 231041.22,
                                                          "Plan Rows": 1231,
                                                          "Plan Width": 28,
                                                          "Inner Unique": false,
                                                          "Hash Cond": "(web_sales.ws_sold_date_sk = date_dim_2.d_date_sk)",
                                                          "Plans": [
                                                            {
                                                              "Node Type": "Seq Scan",
                                                              "Parent Relationship": "Outer",
                                                              "Parallel Aware": true,
                                                              "Async Capable": false,
                                                              "Relation Name": "web_sales",
                                                              "Alias": "web_sales",
                                                              "Startup Cost": 0.0,
                                                              "Total Cost": 217737.86,
                                                              "Plan Rows": 2998986,
                                                              "Plan Width": 32,
                                                              "parent": 55,
                                                              "ID": 56
                                                            },
                                                            {
                                                              "Node Type": "Hash",
                                                              "Parent Relationship": "Inner",
                                                              "Parallel Aware": true,
                                                              "Async Capable": false,
                                                              "Startup Cost": 2049.55,
                                                              "Total Cost": 2049.55,
                                                              "Plan Rows": 18,
                                                              "Plan Width": 4,
                                                              "Plans": [
                                                                {
                                                                  "Node Type": "Seq Scan",
                                                                  "Parent Relationship": "Outer",
                                                                  "Parallel Aware": true,
                                                                  "Async Capable": false,
                                                                  "Relation Name": "date_dim",
                                                                  "Alias": "date_dim_2",
                                                                  "Startup Cost": 0.0,
                                                                  "Total Cost": 2049.55,
                                                                  "Plan Rows": 18,
                                                                  "Plan Width": 4,
                                                                  "Filter": "((d_date >= '1998-08-19'::date) AND (d_date <= '1998-09-18 00:00:00'::timestamp without time zone))",
                                                                  "parent": 57,
                                                                  "ID": 58
                                                                }
                                                              ],
                                                              "parent": 55,
                                                              "ID": 57,
                                                              "left": 58
                                                            }
                                                          ],
                                                          "parent": 54,
                                                          "ID": 55,
                                                          "left": 56,
                                                          "right": 57
                                                        },
                                                        {
                                                          "Node Type": "Hash",
                                                          "Parent Relationship": "Inner",
                                                          "Parallel Aware": true,
                                                          "Async Capable": false,
                                                          "Startup Cost": 16278.74,
                                                          "Total Cost": 16278.74,
                                                          "Plan Rows": 299674,
                                                          "Plan Width": 20,
                                                          "Plans": [
                                                            {
                                                              "Node Type": "Seq Scan",
                                                              "Parent Relationship": "Outer",
                                                              "Parallel Aware": true,
                                                              "Async Capable": false,
                                                              "Relation Name": "web_returns",
                                                              "Alias": "web_returns",
                                                              "Startup Cost": 0.0,
                                                              "Total Cost": 16278.74,
                                                              "Plan Rows": 299674,
                                                              "Plan Width": 20,
                                                              "parent": 59,
                                                              "ID": 60
                                                            }
                                                          ],
                                                          "parent": 54,
                                                          "ID": 59,
                                                          "left": 60
                                                        }
                                                      ],
                                                      "parent": 53,
                                                      "ID": 54,
                                                      "left": 55,
                                                      "right": 59
                                                    },
                                                    {
                                                      "Node Type": "Hash",
                                                      "Parent Relationship": "Inner",
                                                      "Parallel Aware": true,
                                                      "Async Capable": false,
                                                      "Startup Cost": 7495.25,
                                                      "Total Cost": 7495.25,
                                                      "Plan Rows": 2442,
                                                      "Plan Width": 4,
                                                      "Plans": [
                                                        {
                                                          "Node Type": "Seq Scan",
                                                          "Parent Relationship": "Outer",
                                                          "Parallel Aware": true,
                                                          "Async Capable": false,
                                                          "Relation Name": "item",
                                                          "Alias": "item_2",
                                                          "Startup Cost": 0.0,
                                                          "Total Cost": 7495.25,
                                                          "Plan Rows": 2442,
                                                          "Plan Width": 4,
                                                          "Filter": "(i_current_price > '50'::numeric)",
                                                          "parent": 61,
                                                          "ID": 62
                                                        }
                                                      ],
                                                      "parent": 53,
                                                      "ID": 61,
                                                      "left": 62
                                                    }
                                                  ],
                                                  "parent": 52,
                                                  "ID": 53,
                                                  "left": 54,
                                                  "right": 61
                                                },
                                                {
                                                  "Node Type": "Hash",
                                                  "Parent Relationship": "Inner",
                                                  "Parallel Aware": false,
                                                  "Async Capable": false,
                                                  "Startup Cost": 19.25,
                                                  "Total Cost": 19.25,
                                                  "Plan Rows": 492,
                                                  "Plan Width": 4,
                                                  "Plans": [
                                                    {
                                                      "Node Type": "Seq Scan",
                                                      "Parent Relationship": "Outer",
                                                      "Parallel Aware": false,
                                                      "Async Capable": false,
                                                      "Relation Name": "promotion",
                                                      "Alias": "promotion_2",
                                                      "Startup Cost": 0.0,
                                                      "Total Cost": 19.25,
                                                      "Plan Rows": 492,
                                                      "Plan Width": 4,
                                                      "Filter": "(p_channel_tv = 'N'::bpchar)",
                                                      "parent": 63,
                                                      "ID": 64
                                                    }
                                                  ],
                                                  "parent": 52,
                                                  "ID": 63,
                                                  "left": 64
                                                }
                                              ],
                                              "parent": 51,
                                              "ID": 52,
                                              "left": 53,
                                              "right": 63
                                            },
                                            {
                                              "Node Type": "Hash",
                                              "Parent Relationship": "Inner",
                                              "Parallel Aware": false,
                                              "Async Capable": false,
                                              "Startup Cost": 3.42,
                                              "Total Cost": 3.42,
                                              "Plan Rows": 42,
                                              "Plan Width": 21,
                                              "Plans": [
                                                {
                                                  "Node Type": "Seq Scan",
                                                  "Parent Relationship": "Outer",
                                                  "Parallel Aware": false,
                                                  "Async Capable": false,
                                                  "Relation Name": "web_site",
                                                  "Alias": "web_site",
                                                  "Startup Cost": 0.0,
                                                  "Total Cost": 3.42,
                                                  "Plan Rows": 42,
                                                  "Plan Width": 21,
                                                  "parent": 65,
                                                  "ID": 66
                                                }
                                              ],
                                              "parent": 51,
                                              "ID": 65,
                                              "left": 66
                                            }
                                          ],
                                          "parent": 50,
                                          "ID": 51,
                                          "left": 52,
                                          "right": 65
                                        }
                                      ],
                                      "parent": 49,
                                      "ID": 50,
                                      "left": 51
                                    }
                                  ],
                                  "parent": 48,
                                  "ID": 49,
                                  "left": 50
                                }
                              ],
                              "parent": 47,
                              "ID": 48,
                              "left": 49
                            }
                          ],
                          "parent": 46,
                          "ID": 47,
                          "left": 48
                        }
                      ],
                      "parent": 3,
                      "ID": 46,
                      "left": 47
                    }
                  ],
                  "parent": 2,
                  "ID": 3,
                  "left": 4,
                  "right": 25
                }
              ],
              "parent": 1,
              "ID": 2,
              "left": 3
            }
          ],
          "parent": 0,
          "ID": 1,
          "left": 2
        }
      ],
      "parent": null,
      "ID": 0,
      "left": 1
    },
    "feat": {
      "utility": 2.162958511803788e-06,
      "query_shape": [
        [
          "Seq Scan",
          "Hash Join",
          "Sort",
          "Aggregate",
          "Gather Merge",
          "Subquery Scan",
          "Append"
        ],
        [
          "Seq Scan",
          "Hash",
          "Hash Join",
          "Sort",
          "Aggregate",
          "Gather Merge",
          "Subquery Scan",
          "Append"
        ],
        [
          "Seq Scan",
          "Hash",
          "Hash Join",
          "Sort",
          "Aggregate",
          "Gather Merge",
          "Subquery Scan",
          "Append"
        ],
        [
          "Seq Scan",
          "Hash",
          "Hash Join",
          "Sort",
          "Aggregate",
          "Gather Merge",
          "Subquery Scan",
          "Append"
        ],
        [
          "Seq Scan",
          "Hash",
          "Hash Join",
          "Sort",
          "Aggregate",
          "Gather Merge",
          "Subquery Scan",
          "Append"
        ],
        [
          "Seq Scan",
          "Hash",
          "Hash Join",
          "Sort",
          "Aggregate",
          "Gather Merge",
          "Subquery Scan",
          "Append"
        ],
        [
          "Seq Scan",
          "Hash Join",
          "Sort",
          "Aggregate",
          "Gather Merge",
          "Subquery Scan",
          "Append"
        ],
        [
          "Seq Scan",
          "Hash",
          "Hash Join",
          "Sort",
          "Aggregate",
          "Gather Merge",
          "Subquery Scan",
          "Append"
        ],
        [
          "Seq Scan",
          "Hash",
          "Hash Join",
          "Sort",
          "Aggregate",
          "Gather Merge",
          "Subquery Scan",
          "Append"
        ],
        [
          "Seq Scan",
          "Hash",
          "Hash Join",
          "Sort",
          "Aggregate",
          "Gather Merge",
          "Subquery Scan",
          "Append"
        ],
        [
          "Seq Scan",
          "Hash",
          "Hash Join",
          "Sort",
          "Aggregate",
          "Gather Merge",
          "Subquery Scan",
          "Append"
        ],
        [
          "Seq Scan",
          "Hash",
          "Hash Join",
          "Sort",
          "Aggregate",
          "Gather Merge",
          "Subquery Scan",
          "Append"
        ],
        [
          "Seq Scan",
          "Hash Join",
          "Sort",
          "Aggregate",
          "Gather Merge",
          "Subquery Scan",
          "Append"
        ],
        [
          "Seq Scan",
          "Hash",
          "Hash Join",
          "Sort",
          "Aggregate",
          "Gather Merge",
          "Subquery Scan",
          "Append"
        ],
        [
          "Seq Scan",
          "Hash",
          "Hash Join",
          "Sort",
          "Aggregate",
          "Gather Merge",
          "Subquery Scan",
          "Append"
        ],
        [
          "Seq Scan",
          "Hash",
          "Hash Join",
          "Sort",
          "Aggregate",
          "Gather Merge",
          "Subquery Scan",
          "Append"
        ],
        [
          "Seq Scan",
          "Hash",
          "Hash Join",
          "Sort",
          "Aggregate",
          "Gather Merge",
          "Subquery Scan",
          "Append"
        ],
        [
          "Seq Scan",
          "Hash",
          "Hash Join",
          "Sort",
          "Aggregate",
          "Gather Merge",
          "Subquery Scan",
          "Append"
        ]
      ],
      "index_shape": [
        "join"
      ],
      "physical_operator": {
        "Hash Join": [
          0.009095574121463352
        ]
      }
    }
  },
  {
    "query": "with ssr as\n (select  s_store_id as store_id,\n          sum(ss_ext_sales_price) as sales,\n          sum(coalesce(sr_return_amt, 0)) as returns,\n          sum(ss_net_profit - coalesce(sr_net_loss, 0)) as profit\n  from store_sales left outer join store_returns on\n         (ss_item_sk = sr_item_sk and ss_ticket_number = sr_ticket_number),\n     date_dim,\n     store,\n     item,\n     promotion\n where ss_sold_date_sk = d_date_sk\n       and d_date between cast('1998-08-19' as date) \n                  and (cast('1998-08-19' as date) +  interval '30 days')\n       and ss_store_sk = s_store_sk\n       and ss_item_sk = i_item_sk\n       and i_current_price > 50\n       and ss_promo_sk = p_promo_sk\n       and p_channel_tv = 'N'\n group by s_store_id)\n ,\n csr as\n (select  cp_catalog_page_id as catalog_page_id,\n          sum(cs_ext_sales_price) as sales,\n          sum(coalesce(cr_return_amount, 0)) as returns,\n          sum(cs_net_profit - coalesce(cr_net_loss, 0)) as profit\n  from catalog_sales left outer join catalog_returns on\n         (cs_item_sk = cr_item_sk and cs_order_number = cr_order_number),\n     date_dim,\n     catalog_page,\n     item,\n     promotion\n where cs_sold_date_sk = d_date_sk\n       and d_date between cast('1998-08-19' as date)\n                  and (cast('1998-08-19' as date) +  interval '30 days')\n        and cs_catalog_page_sk = cp_catalog_page_sk\n       and cs_item_sk = i_item_sk\n       and i_current_price > 50\n       and cs_promo_sk = p_promo_sk\n       and p_channel_tv = 'N'\ngroup by cp_catalog_page_id)\n ,\n wsr as\n (select  web_site_id,\n          sum(ws_ext_sales_price) as sales,\n          sum(coalesce(wr_return_amt, 0)) as returns,\n          sum(ws_net_profit - coalesce(wr_net_loss, 0)) as profit\n  from web_sales left outer join web_returns on\n         (ws_item_sk = wr_item_sk and ws_order_number = wr_order_number),\n     date_dim,\n     web_site,\n     item,\n     promotion\n where ws_sold_date_sk = d_date_sk\n       and d_date between cast('1998-08-19' as date)\n                  and (cast('1998-08-19' as date) +  interval '30 days')\n        and ws_web_site_sk = web_site_sk\n       and ws_item_sk = i_item_sk\n       and i_current_price > 50\n       and ws_promo_sk = p_promo_sk\n       and p_channel_tv = 'N'\ngroup by web_site_id)\n  select  channel\n        , id\n        , sum(sales) as sales\n        , sum(returns) as returns\n        , sum(profit) as profit\n from \n (select 'store channel' as channel\n        , 'store' || store_id as id\n        , sales\n        , returns\n        , profit\n from   ssr\n union all\n select 'catalog channel' as channel\n        , 'catalog_page' || catalog_page_id as id\n        , sales\n        , returns\n        , profit\n from  csr\n union all\n select 'web channel' as channel\n        , 'web_site' || web_site_id as id\n        , sales\n        , returns\n        , profit\n from   wsr\n ) x\n group by rollup (channel, id)\n order by channel\n         ,id\n limit 100;\n\n-- end query 61 in stream 0 using template query80.tpl\n",
    "indexes": "catalog_sales.cs_item_sk",
    "wo plan est": {
      "Node Type": "Limit",
      "Parallel Aware": false,
      "Async Capable": false,
      "Startup Cost": 1566782.76,
      "Total Cost": 1566786.01,
      "Plan Rows": 100,
      "Plan Width": 160,
      "Plans": [
        {
          "Node Type": "Aggregate",
          "Strategy": "Sorted",
          "Partial Mode": "Simple",
          "Parent Relationship": "Outer",
          "Parallel Aware": false,
          "Async Capable": false,
          "Startup Cost": 1566782.76,
          "Total Cost": 1566795.8,
          "Plan Rows": 401,
          "Plan Width": 160,
          "Grouping Sets": [
            {
              "Group Keys": [
                [
                  "('store channel'::text)",
                  "(('store'::text || (ssr.store_id)::text))"
                ],
                [
                  "('store channel'::text)"
                ],
                []
              ]
            }
          ],
          "Plans": [
            {
              "Node Type": "Sort",
              "Parent Relationship": "Outer",
              "Parallel Aware": false,
              "Async Capable": false,
              "Startup Cost": 1566782.76,
              "Total Cost": 1566783.77,
              "Plan Rows": 401,
              "Plan Width": 160,
              "Sort Key": [
                "('store channel'::text)",
                "(('store'::text || (ssr.store_id)::text))"
              ],
              "Plans": [
                {
                  "Node Type": "Append",
                  "Parent Relationship": "Outer",
                  "Parallel Aware": false,
                  "Async Capable": false,
                  "Startup Cost": 784591.9,
                  "Total Cost": 1566765.43,
                  "Plan Rows": 401,
                  "Plan Width": 160,
                  "Subplans Removed": 0,
                  "Plans": [
                    {
                      "Node Type": "Subquery Scan",
                      "Parent Relationship": "Member",
                      "Parallel Aware": false,
                      "Async Capable": false,
                      "Alias": "ssr",
                      "Startup Cost": 784591.9,
                      "Total Cost": 784611.64,
                      "Plan Rows": 51,
                      "Plan Width": 160,
                      "Plans": [
                        {
                          "Node Type": "Aggregate",
                          "Strategy": "Sorted",
                          "Partial Mode": "Finalize",
                          "Parent Relationship": "Subquery",
                          "Parallel Aware": false,
                          "Async Capable": false,
                          "Startup Cost": 784591.9,
                          "Total Cost": 784610.87,
                          "Plan Rows": 51,
                          "Plan Width": 113,
                          "Group Key": [
                            "store.s_store_id"
                          ],
                          "Plans": [
                            {
                              "Node Type": "Gather Merge",
                              "Parent Relationship": "Outer",
                              "Parallel Aware": false,
                              "Async Capable": false,
                              "Startup Cost": 784591.9,
                              "Total Cost": 784608.2,
                              "Plan Rows": 102,
                              "Plan Width": 113,
                              "Workers Planned": 2,
                              "Plans": [
                                {
                                  "Node Type": "Aggregate",
                                  "Strategy": "Sorted",
                                  "Partial Mode": "Partial",
                                  "Parent Relationship": "Outer",
                                  "Parallel Aware": false,
                                  "Async Capable": false,
                                  "Startup Cost": 783591.88,
                                  "Total Cost": 783596.4,
                                  "Plan Rows": 51,
                                  "Plan Width": 113,
                                  "Group Key": [
                                    "store.s_store_id"
                                  ],
                                  "Plans": [
                                    {
                                      "Node Type": "Sort",
                                      "Parent Relationship": "Outer",
                                      "Parallel Aware": false,
                                      "Async Capable": false,
                                      "Startup Cost": 783591.88,
                                      "Total Cost": 783592.48,
                                      "Plan Rows": 242,
                                      "Plan Width": 41,
                                      "Sort Key": [
                                        "store.s_store_id"
                                      ],
                                      "Plans": [
                                        {
                                          "Node Type": "Hash Join",
                                          "Parent Relationship": "Outer",
                                          "Parallel Aware": false,
                                          "Async Capable": false,
                                          "Join Type": "Inner",
                                          "Startup Cost": 94489.35,
                                          "Total Cost": 783582.3,
                                          "Plan Rows": 242,
                                          "Plan Width": 41,
                                          "Inner Unique": false,
                                          "Hash Cond": "(store_sales.ss_store_sk = store.s_store_sk)",
                                          "Plans": [
                                            {
                                              "Node Type": "Hash Join",
                                              "Parent Relationship": "Outer",
                                              "Parallel Aware": false,
                                              "Async Capable": false,
                                              "Join Type": "Inner",
                                              "Startup Cost": 94482.05,
                                              "Total Cost": 783571.63,
                                              "Plan Rows": 254,
                                              "Plan Width": 28,
                                              "Inner Unique": false,
                                              "Hash Cond": "(store_sales.ss_promo_sk = promotion.p_promo_sk)",
                                              "Plans": [
                                                {
                                                  "Node Type": "Hash Join",
                                                  "Parent Relationship": "Outer",
                                                  "Parallel Aware": true,
                                                  "Async Capable": false,
                                                  "Join Type": "Inner",
                                                  "Startup Cost": 94456.65,
                                                  "Total Cost": 783542.68,
                                                  "Plan Rows": 270,
                                                  "Plan Width": 32,
                                                  "Inner Unique": false,
                                                  "Hash Cond": "(store_sales.ss_item_sk = item.i_item_sk)",
                                                  "Plans": [
                                                    {
                                                      "Node Type": "Hash Join",
                                                      "Parent Relationship": "Outer",
                                                      "Parallel Aware": true,
                                                      "Async Capable": false,
                                                      "Join Type": "Left",
                                                      "Startup Cost": 86930.88,
                                                      "Total Cost": 775998.13,
                                                      "Plan Rows": 4703,
                                                      "Plan Width": 36,
                                                      "Inner Unique": false,
                                                      "Hash Cond": "((store_sales.ss_item_sk = store_returns.sr_item_sk) AND (store_sales.ss_ticket_number = store_returns.sr_ticket_number))",
                                                      "Plans": [
                                                        {
                                                          "Node Type": "Hash Join",
                                                          "Parent Relationship": "Outer",
                                                          "Parallel Aware": true,
                                                          "Async Capable": false,
                                                          "Join Type": "Inner",
                                                          "Startup Cost": 2049.78,
                                                          "Total Cost": 683994.75,
                                                          "Plan Rows": 4703,
                                                          "Plan Width": 28,
                                                          "Inner Unique": false,
                                                          "Hash Cond": "(store_sales.ss_sold_date_sk = date_dim.d_date_sk)",
                                                          "Plans": [
                                                            {
                                                              "Node Type": "Seq Scan",
                                                              "Parent Relationship": "Outer",
                                                              "Parallel Aware": true,
                                                              "Async Capable": false,
                                                              "Relation Name": "store_sales",
                                                              "Alias": "store_sales",
                                                              "Startup Cost": 0.0,
                                                              "Total Cost": 636914.37,
                                                              "Plan Rows": 12000637,
                                                              "Plan Width": 32,
                                                              "parent": 13,
                                                              "ID": 14
                                                            },
                                                            {
                                                              "Node Type": "Hash",
                                                              "Parent Relationship": "Inner",
                                                              "Parallel Aware": true,
                                                              "Async Capable": false,
                                                              "Startup Cost": 2049.55,
                                                              "Total Cost": 2049.55,
                                                              "Plan Rows": 18,
                                                              "Plan Width": 4,
                                                              "Plans": [
                                                                {
                                                                  "Node Type": "Seq Scan",
                                                                  "Parent Relationship": "Outer",
                                                                  "Parallel Aware": true,
                                                                  "Async Capable": false,
                                                                  "Relation Name": "date_dim",
                                                                  "Alias": "date_dim",
                                                                  "Startup Cost": 0.0,
                                                                  "Total Cost": 2049.55,
                                                                  "Plan Rows": 18,
                                                                  "Plan Width": 4,
                                                                  "Filter": "((d_date >= '1998-08-19'::date) AND (d_date <= '1998-09-18 00:00:00'::timestamp without time zone))",
                                                                  "parent": 15,
                                                                  "ID": 16
                                                                }
                                                              ],
                                                              "parent": 13,
                                                              "ID": 15,
                                                              "left": 16
                                                            }
                                                          ],
                                                          "parent": 12,
                                                          "ID": 13,
                                                          "left": 14,
                                                          "right": 15
                                                        },
                                                        {
                                                          "Node Type": "Hash",
                                                          "Parent Relationship": "Inner",
                                                          "Parallel Aware": true,
                                                          "Async Capable": false,
                                                          "Startup Cost": 59887.64,
                                                          "Total Cost": 59887.64,
                                                          "Plan Rows": 1198164,
                                                          "Plan Width": 20,
                                                          "Plans": [
                                                            {
                                                              "Node Type": "Seq Scan",
                                                              "Parent Relationship": "Outer",
                                                              "Parallel Aware": true,
                                                              "Async Capable": false,
                                                              "Relation Name": "store_returns",
                                                              "Alias": "store_returns",
                                                              "Startup Cost": 0.0,
                                                              "Total Cost": 59887.64,
                                                              "Plan Rows": 1198164,
                                                              "Plan Width": 20,
                                                              "parent": 17,
                                                              "ID": 18
                                                            }
                                                          ],
                                                          "parent": 12,
                                                          "ID": 17,
                                                          "left": 18
                                                        }
                                                      ],
                                                      "parent": 11,
                                                      "ID": 12,
                                                      "left": 13,
                                                      "right": 17
                                                    },
                                                    {
                                                      "Node Type": "Hash",
                                                      "Parent Relationship": "Inner",
                                                      "Parallel Aware": true,
                                                      "Async Capable": false,
                                                      "Startup Cost": 7495.25,
                                                      "Total Cost": 7495.25,
                                                      "Plan Rows": 2442,
                                                      "Plan Width": 4,
                                                      "Plans": [
                                                        {
                                                          "Node Type": "Seq Scan",
                                                          "Parent Relationship": "Outer",
                                                          "Parallel Aware": true,
                                                          "Async Capable": false,
                                                          "Relation Name": "item",
                                                          "Alias": "item",
                                                          "Startup Cost": 0.0,
                                                          "Total Cost": 7495.25,
                                                          "Plan Rows": 2442,
                                                          "Plan Width": 4,
                                                          "Filter": "(i_current_price > '50'::numeric)",
                                                          "parent": 19,
                                                          "ID": 20
                                                        }
                                                      ],
                                                      "parent": 11,
                                                      "ID": 19,
                                                      "left": 20
                                                    }
                                                  ],
                                                  "parent": 10,
                                                  "ID": 11,
                                                  "left": 12,
                                                  "right": 19
                                                },
                                                {
                                                  "Node Type": "Hash",
                                                  "Parent Relationship": "Inner",
                                                  "Parallel Aware": false,
                                                  "Async Capable": false,
                                                  "Startup Cost": 19.25,
                                                  "Total Cost": 19.25,
                                                  "Plan Rows": 492,
                                                  "Plan Width": 4,
                                                  "Plans": [
                                                    {
                                                      "Node Type": "Seq Scan",
                                                      "Parent Relationship": "Outer",
                                                      "Parallel Aware": false,
                                                      "Async Capable": false,
                                                      "Relation Name": "promotion",
                                                      "Alias": "promotion",
                                                      "Startup Cost": 0.0,
                                                      "Total Cost": 19.25,
                                                      "Plan Rows": 492,
                                                      "Plan Width": 4,
                                                      "Filter": "(p_channel_tv = 'N'::bpchar)",
                                                      "parent": 21,
                                                      "ID": 22
                                                    }
                                                  ],
                                                  "parent": 10,
                                                  "ID": 21,
                                                  "left": 22
                                                }
                                              ],
                                              "parent": 9,
                                              "ID": 10,
                                              "left": 11,
                                              "right": 21
                                            },
                                            {
                                              "Node Type": "Hash",
                                              "Parent Relationship": "Inner",
                                              "Parallel Aware": false,
                                              "Async Capable": false,
                                              "Startup Cost": 6.02,
                                              "Total Cost": 6.02,
                                              "Plan Rows": 102,
                                              "Plan Width": 21,
                                              "Plans": [
                                                {
                                                  "Node Type": "Seq Scan",
                                                  "Parent Relationship": "Outer",
                                                  "Parallel Aware": false,
                                                  "Async Capable": false,
                                                  "Relation Name": "store",
                                                  "Alias": "store",
                                                  "Startup Cost": 0.0,
                                                  "Total Cost": 6.02,
                                                  "Plan Rows": 102,
                                                  "Plan Width": 21,
                                                  "parent": 23,
                                                  "ID": 24
                                                }
                                              ],
                                              "parent": 9,
                                              "ID": 23,
                                              "left": 24
                                            }
                                          ],
                                          "parent": 8,
                                          "ID": 9,
                                          "left": 10,
                                          "right": 23
                                        }
                                      ],
                                      "parent": 7,
                                      "ID": 8,
                                      "left": 9
                                    }
                                  ],
                                  "parent": 6,
                                  "ID": 7,
                                  "left": 8
                                }
                              ],
                              "parent": 5,
                              "ID": 6,
                              "left": 7
                            }
                          ],
                          "parent": 4,
                          "ID": 5,
                          "left": 6
                        }
                      ],
                      "parent": 3,
                      "ID": 4,
                      "left": 5
                    },
                    {
                      "Node Type": "Subquery Scan",
                      "Parent Relationship": "Member",
                      "Parallel Aware": false,
                      "Async Capable": false,
                      "Alias": "csr",
                      "Startup Cost": 518174.1,
                      "Total Cost": 518225.66,
                      "Plan Rows": 329,
                      "Plan Width": 160,
                      "Plans": [
                        {
                          "Node Type": "Aggregate",
                          "Strategy": "Sorted",
                          "Partial Mode": "Finalize",
                          "Parent Relationship": "Subquery",
                          "Parallel Aware": false,
                          "Async Capable": false,
                          "Startup Cost": 518174.1,
                          "Total Cost": 518220.73,
                          "Plan Rows": 329,
                          "Plan Width": 113,
                          "Group Key": [
                            "catalog_page.cp_catalog_page_id"
                          ],
                          "Plans": [
                            {
                              "Node Type": "Gather Merge",
                              "Parent Relationship": "Outer",
                              "Parallel Aware": false,
                              "Async Capable": false,
                              "Startup Cost": 518174.1,
                              "Total Cost": 518210.18,
                              "Plan Rows": 274,
                              "Plan Width": 113,
                              "Workers Planned": 2,
                              "Plans": [
                                {
                                  "Node Type": "Aggregate",
                                  "Strategy": "Sorted",
                                  "Partial Mode": "Partial",
                                  "Parent Relationship": "Outer",
                                  "Parallel Aware": false,
                                  "Async Capable": false,
                                  "Startup Cost": 517174.07,
                                  "Total Cost": 517178.53,
                                  "Plan Rows": 137,
                                  "Plan Width": 113,
                                  "Group Key": [
                                    "catalog_page.cp_catalog_page_id"
                                  ],
                                  "Plans": [
                                    {
                                      "Node Type": "Sort",
                                      "Parent Relationship": "Outer",
                                      "Parallel Aware": false,
                                      "Async Capable": false,
                                      "Startup Cost": 517174.07,
                                      "Total Cost": 517174.42,
                                      "Plan Rows": 137,
                                      "Plan Width": 41,
                                      "Sort Key": [
                                        "catalog_page.cp_catalog_page_id"
                                      ],
                                      "Plans": [
                                        {
                                          "Node Type": "Hash Join",
                                          "Parent Relationship": "Outer",
                                          "Parallel Aware": false,
                                          "Async Capable": false,
                                          "Join Type": "Inner",
                                          "Startup Cost": 57382.33,
                                          "Total Cost": 517169.21,
                                          "Plan Rows": 137,
                                          "Plan Width": 41,
                                          "Inner Unique": false,
                                          "Hash Cond": "(catalog_sales.cs_catalog_page_sk = catalog_page.cp_catalog_page_sk)",
                                          "Plans": [
                                            {
                                              "Node Type": "Hash Join",
                                              "Parent Relationship": "Outer",
                                              "Parallel Aware": false,
                                              "Async Capable": false,
                                              "Join Type": "Inner",
                                              "Startup Cost": 56864.33,
                                              "Total Cost": 516649.32,
                                              "Plan Rows": 138,
                                              "Plan Width": 28,
                                              "Inner Unique": false,
                                              "Hash Cond": "(catalog_sales.cs_promo_sk = promotion_1.p_promo_sk)",
                                              "Plans": [
                                                {
                                                  "Node Type": "Hash Join",
                                                  "Parent Relationship": "Outer",
                                                  "Parallel Aware": true,
                                                  "Async Capable": false,
                                                  "Join Type": "Inner",
                                                  "Startup Cost": 56838.93,
                                                  "Total Cost": 516622.01,
                                                  "Plan Rows": 141,
                                                  "Plan Width": 32,
                                                  "Inner Unique": false,
                                                  "Hash Cond": "(catalog_sales.cs_item_sk = item_1.i_item_sk)",
                                                  "Plans": [
                                                    {
                                                      "Node Type": "Hash Join",
                                                      "Parent Relationship": "Outer",
                                                      "Parallel Aware": true,
                                                      "Async Capable": false,
                                                      "Join Type": "Left",
                                                      "Startup Cost": 49313.15,
                                                      "Total Cost": 509086.46,
                                                      "Plan Rows": 2450,
                                                      "Plan Width": 36,
                                                      "Inner Unique": false,
                                                      "Hash Cond": "((catalog_sales.cs_item_sk = catalog_returns.cr_item_sk) AND (catalog_sales.cs_order_number = catalog_returns.cr_order_number))",
                                                      "Plans": [
                                                        {
                                                          "Node Type": "Hash Join",
                                                          "Parent Relationship": "Outer",
                                                          "Parallel Aware": true,
                                                          "Async Capable": false,
                                                          "Join Type": "Inner",
                                                          "Startup Cost": 2049.78,
                                                          "Total Cost": 458254.7,
                                                          "Plan Rows": 2450,
                                                          "Plan Width": 28,
                                                          "Inner Unique": false,
                                                          "Hash Cond": "(catalog_sales.cs_sold_date_sk = date_dim_1.d_date_sk)",
                                                          "Plans": [
                                                            {
                                                              "Node Type": "Seq Scan",
                                                              "Parent Relationship": "Outer",
                                                              "Parallel Aware": true,
                                                              "Async Capable": false,
                                                              "Relation Name": "catalog_sales",
                                                              "Alias": "catalog_sales",
                                                              "Startup Cost": 0.0,
                                                              "Total Cost": 433688.25,
                                                              "Plan Rows": 6000525,
                                                              "Plan Width": 32,
                                                              "parent": 34,
                                                              "ID": 35
                                                            },
                                                            {
                                                              "Node Type": "Hash",
                                                              "Parent Relationship": "Inner",
                                                              "Parallel Aware": true,
                                                              "Async Capable": false,
                                                              "Startup Cost": 2049.55,
                                                              "Total Cost": 2049.55,
                                                              "Plan Rows": 18,
                                                              "Plan Width": 4,
                                                              "Plans": [
                                                                {
                                                                  "Node Type": "Seq Scan",
                                                                  "Parent Relationship": "Outer",
                                                                  "Parallel Aware": true,
                                                                  "Async Capable": false,
                                                                  "Relation Name": "date_dim",
                                                                  "Alias": "date_dim_1",
                                                                  "Startup Cost": 0.0,
                                                                  "Total Cost": 2049.55,
                                                                  "Plan Rows": 18,
                                                                  "Plan Width": 4,
                                                                  "Filter": "((d_date >= '1998-08-19'::date) AND (d_date <= '1998-09-18 00:00:00'::timestamp without time zone))",
                                                                  "parent": 36,
                                                                  "ID": 37
                                                                }
                                                              ],
                                                              "parent": 34,
                                                              "ID": 36,
                                                              "left": 37
                                                            }
                                                          ],
                                                          "parent": 33,
                                                          "ID": 34,
                                                          "left": 35,
                                                          "right": 36
                                                        },
                                                        {
                                                          "Node Type": "Hash",
                                                          "Parent Relationship": "Inner",
                                                          "Parallel Aware": true,
                                                          "Async Capable": false,
                                                          "Startup Cost": 34748.95,
                                                          "Total Cost": 34748.95,
                                                          "Plan Rows": 599895,
                                                          "Plan Width": 20,
                                                          "Plans": [
                                                            {
                                                              "Node Type": "Seq Scan",
                                                              "Parent Relationship": "Outer",
                                                              "Parallel Aware": true,
                                                              "Async Capable": false,
                                                              "Relation Name": "catalog_returns",
                                                              "Alias": "catalog_returns",
                                                              "Startup Cost": 0.0,
                                                              "Total Cost": 34748.95,
                                                              "Plan Rows": 599895,
                                                              "Plan Width": 20,
                                                              "parent": 38,
                                                              "ID": 39
                                                            }
                                                          ],
                                                          "parent": 33,
                                                          "ID": 38,
                                                          "left": 39
                                                        }
                                                      ],
                                                      "parent": 32,
                                                      "ID": 33,
                                                      "left": 34,
                                                      "right": 38
                                                    },
                                                    {
                                                      "Node Type": "Hash",
                                                      "Parent Relationship": "Inner",
                                                      "Parallel Aware": true,
                                                      "Async Capable": false,
                                                      "Startup Cost": 7495.25,
                                                      "Total Cost": 7495.25,
                                                      "Plan Rows": 2442,
                                                      "Plan Width": 4,
                                                      "Plans": [
                                                        {
                                                          "Node Type": "Seq Scan",
                                                          "Parent Relationship": "Outer",
                                                          "Parallel Aware": true,
                                                          "Async Capable": false,
                                                          "Relation Name": "item",
                                                          "Alias": "item_1",
                                                          "Startup Cost": 0.0,
                                                          "Total Cost": 7495.25,
                                                          "Plan Rows": 2442,
                                                          "Plan Width": 4,
                                                          "Filter": "(i_current_price > '50'::numeric)",
                                                          "parent": 40,
                                                          "ID": 41
                                                        }
                                                      ],
                                                      "parent": 32,
                                                      "ID": 40,
                                                      "left": 41
                                                    }
                                                  ],
                                                  "parent": 31,
                                                  "ID": 32,
                                                  "left": 33,
                                                  "right": 40
                                                },
                                                {
                                                  "Node Type": "Hash",
                                                  "Parent Relationship": "Inner",
                                                  "Parallel Aware": false,
                                                  "Async Capable": false,
                                                  "Startup Cost": 19.25,
                                                  "Total Cost": 19.25,
                                                  "Plan Rows": 492,
                                                  "Plan Width": 4,
                                                  "Plans": [
                                                    {
                                                      "Node Type": "Seq Scan",
                                                      "Parent Relationship": "Outer",
                                                      "Parallel Aware": false,
                                                      "Async Capable": false,
                                                      "Relation Name": "promotion",
                                                      "Alias": "promotion_1",
                                                      "Startup Cost": 0.0,
                                                      "Total Cost": 19.25,
                                                      "Plan Rows": 492,
                                                      "Plan Width": 4,
                                                      "Filter": "(p_channel_tv = 'N'::bpchar)",
                                                      "parent": 42,
                                                      "ID": 43
                                                    }
                                                  ],
                                                  "parent": 31,
                                                  "ID": 42,
                                                  "left": 43
                                                }
                                              ],
                                              "parent": 30,
                                              "ID": 31,
                                              "left": 32,
                                              "right": 42
                                            },
                                            {
                                              "Node Type": "Hash",
                                              "Parent Relationship": "Inner",
                                              "Parallel Aware": false,
                                              "Async Capable": false,
                                              "Startup Cost": 368.0,
                                              "Total Cost": 368.0,
                                              "Plan Rows": 12000,
                                              "Plan Width": 21,
                                              "Plans": [
                                                {
                                                  "Node Type": "Seq Scan",
                                                  "Parent Relationship": "Outer",
                                                  "Parallel Aware": false,
                                                  "Async Capable": false,
                                                  "Relation Name": "catalog_page",
                                                  "Alias": "catalog_page",
                                                  "Startup Cost": 0.0,
                                                  "Total Cost": 368.0,
                                                  "Plan Rows": 12000,
                                                  "Plan Width": 21,
                                                  "parent": 44,
                                                  "ID": 45
                                                }
                                              ],
                                              "parent": 30,
                                              "ID": 44,
                                              "left": 45
                                            }
                                          ],
                                          "parent": 29,
                                          "ID": 30,
                                          "left": 31,
                                          "right": 44
                                        }
                                      ],
                                      "parent": 28,
                                      "ID": 29,
                                      "left": 30
                                    }
                                  ],
                                  "parent": 27,
                                  "ID": 28,
                                  "left": 29
                                }
                              ],
                              "parent": 26,
                              "ID": 27,
                              "left": 28
                            }
                          ],
                          "parent": 25,
                          "ID": 26,
                          "left": 27
                        }
                      ],
                      "parent": 3,
                      "ID": 25,
                      "left": 26
                    },
                    {
                      "Node Type": "Subquery Scan",
                      "Parent Relationship": "Member",
                      "Parallel Aware": false,
                      "Async Capable": false,
                      "Alias": "wsr",
                      "Startup Cost": 263918.43,
                      "Total Cost": 263926.12,
                      "Plan Rows": 21,
                      "Plan Width": 160,
                      "Plans": [
                        {
                          "Node Type": "Aggregate",
                          "Strategy": "Sorted",
                          "Partial Mode": "Finalize",
                          "Parent Relationship": "Subquery",
                          "Parallel Aware": false,
                          "Async Capable": false,
                          "Startup Cost": 263918.43,
                          "Total Cost": 263925.8,
                          "Plan Rows": 21,
                          "Plan Width": 113,
                          "Group Key": [
                            "web_site.web_site_id"
                          ],
                          "Plans": [
                            {
                              "Node Type": "Gather Merge",
                              "Parent Relationship": "Outer",
                              "Parallel Aware": false,
                              "Async Capable": false,
                              "Startup Cost": 263918.43,
                              "Total Cost": 263924.7,
                              "Plan Rows": 42,
                              "Plan Width": 113,
                              "Workers Planned": 2,
                              "Plans": [
                                {
                                  "Node Type": "Aggregate",
                                  "Strategy": "Sorted",
                                  "Partial Mode": "Partial",
                                  "Parent Relationship": "Outer",
                                  "Parallel Aware": false,
                                  "Async Capable": false,
                                  "Startup Cost": 262918.41,
                                  "Total Cost": 262919.83,
                                  "Plan Rows": 21,
                                  "Plan Width": 113,
                                  "Group Key": [
                                    "web_site.web_site_id"
                                  ],
                                  "Plans": [
                                    {
                                      "Node Type": "Sort",
                                      "Parent Relationship": "Outer",
                                      "Parallel Aware": false,
                                      "Async Capable": false,
                                      "Startup Cost": 262918.41,
                                      "Total Cost": 262918.59,
                                      "Plan Rows": 70,
                                      "Plan Width": 41,
                                      "Sort Key": [
                                        "web_site.web_site_id"
                                      ],
                                      "Plans": [
                                        {
                                          "Node Type": "Hash Join",
                                          "Parent Relationship": "Outer",
                                          "Parallel Aware": false,
                                          "Async Capable": false,
                                          "Join Type": "Inner",
                                          "Startup Cost": 32134.74,
                                          "Total Cost": 262916.27,
                                          "Plan Rows": 70,
                                          "Plan Width": 41,
                                          "Inner Unique": false,
                                          "Hash Cond": "(web_sales.ws_web_site_sk = web_site.web_site_sk)",
                                          "Plans": [
                                            {
                                              "Node Type": "Hash Join",
                                              "Parent Relationship": "Outer",
                                              "Parallel Aware": false,
                                              "Async Capable": false,
                                              "Join Type": "Inner",
                                              "Startup Cost": 32130.8,
                                              "Total Cost": 262911.36,
                                              "Plan Rows": 70,
                                              "Plan Width": 28,
                                              "Inner Unique": false,
                                              "Hash Cond": "(web_sales.ws_promo_sk = promotion_2.p_promo_sk)",
                                              "Plans": [
                                                {
                                                  "Node Type": "Hash Join",
                                                  "Parent Relationship": "Outer",
                                                  "Parallel Aware": true,
                                                  "Async Capable": false,
                                                  "Join Type": "Inner",
                                                  "Startup Cost": 32105.4,
                                                  "Total Cost": 262884.99,
                                                  "Plan Rows": 71,
                                                  "Plan Width": 32,
                                                  "Inner Unique": false,
                                                  "Hash Cond": "(web_sales.ws_item_sk = item_2.i_item_sk)",
                                                  "Plans": [
                                                    {
                                                      "Node Type": "Hash Join",
                                                      "Parent Relationship": "Outer",
                                                      "Parallel Aware": true,
                                                      "Async Capable": false,
                                                      "Join Type": "Left",
                                                      "Startup Cost": 24579.62,
                                                      "Total Cost": 255354.31,
                                                      "Plan Rows": 1231,
                                                      "Plan Width": 36,
                                                      "Inner Unique": false,
                                                      "Hash Cond": "((web_sales.ws_item_sk = web_returns.wr_item_sk) AND (web_sales.ws_order_number = web_returns.wr_order_number))",
                                                      "Plans": [
                                                        {
                                                          "Node Type": "Hash Join",
                                                          "Parent Relationship": "Outer",
                                                          "Parallel Aware": true,
                                                          "Async Capable": false,
                                                          "Join Type": "Inner",
                                                          "Startup Cost": 2049.78,
                                                          "Total Cost": 231041.22,
                                                          "Plan Rows": 1231,
                                                          "Plan Width": 28,
                                                          "Inner Unique": false,
                                                          "Hash Cond": "(web_sales.ws_sold_date_sk = date_dim_2.d_date_sk)",
                                                          "Plans": [
                                                            {
                                                              "Node Type": "Seq Scan",
                                                              "Parent Relationship": "Outer",
                                                              "Parallel Aware": true,
                                                              "Async Capable": false,
                                                              "Relation Name": "web_sales",
                                                              "Alias": "web_sales",
                                                              "Startup Cost": 0.0,
                                                              "Total Cost": 217737.86,
                                                              "Plan Rows": 2998986,
                                                              "Plan Width": 32,
                                                              "parent": 55,
                                                              "ID": 56
                                                            },
                                                            {
                                                              "Node Type": "Hash",
                                                              "Parent Relationship": "Inner",
                                                              "Parallel Aware": true,
                                                              "Async Capable": false,
                                                              "Startup Cost": 2049.55,
                                                              "Total Cost": 2049.55,
                                                              "Plan Rows": 18,
                                                              "Plan Width": 4,
                                                              "Plans": [
                                                                {
                                                                  "Node Type": "Seq Scan",
                                                                  "Parent Relationship": "Outer",
                                                                  "Parallel Aware": true,
                                                                  "Async Capable": false,
                                                                  "Relation Name": "date_dim",
                                                                  "Alias": "date_dim_2",
                                                                  "Startup Cost": 0.0,
                                                                  "Total Cost": 2049.55,
                                                                  "Plan Rows": 18,
                                                                  "Plan Width": 4,
                                                                  "Filter": "((d_date >= '1998-08-19'::date) AND (d_date <= '1998-09-18 00:00:00'::timestamp without time zone))",
                                                                  "parent": 57,
                                                                  "ID": 58
                                                                }
                                                              ],
                                                              "parent": 55,
                                                              "ID": 57,
                                                              "left": 58
                                                            }
                                                          ],
                                                          "parent": 54,
                                                          "ID": 55,
                                                          "left": 56,
                                                          "right": 57
                                                        },
                                                        {
                                                          "Node Type": "Hash",
                                                          "Parent Relationship": "Inner",
                                                          "Parallel Aware": true,
                                                          "Async Capable": false,
                                                          "Startup Cost": 16278.74,
                                                          "Total Cost": 16278.74,
                                                          "Plan Rows": 299674,
                                                          "Plan Width": 20,
                                                          "Plans": [
                                                            {
                                                              "Node Type": "Seq Scan",
                                                              "Parent Relationship": "Outer",
                                                              "Parallel Aware": true,
                                                              "Async Capable": false,
                                                              "Relation Name": "web_returns",
                                                              "Alias": "web_returns",
                                                              "Startup Cost": 0.0,
                                                              "Total Cost": 16278.74,
                                                              "Plan Rows": 299674,
                                                              "Plan Width": 20,
                                                              "parent": 59,
                                                              "ID": 60
                                                            }
                                                          ],
                                                          "parent": 54,
                                                          "ID": 59,
                                                          "left": 60
                                                        }
                                                      ],
                                                      "parent": 53,
                                                      "ID": 54,
                                                      "left": 55,
                                                      "right": 59
                                                    },
                                                    {
                                                      "Node Type": "Hash",
                                                      "Parent Relationship": "Inner",
                                                      "Parallel Aware": true,
                                                      "Async Capable": false,
                                                      "Startup Cost": 7495.25,
                                                      "Total Cost": 7495.25,
                                                      "Plan Rows": 2442,
                                                      "Plan Width": 4,
                                                      "Plans": [
                                                        {
                                                          "Node Type": "Seq Scan",
                                                          "Parent Relationship": "Outer",
                                                          "Parallel Aware": true,
                                                          "Async Capable": false,
                                                          "Relation Name": "item",
                                                          "Alias": "item_2",
                                                          "Startup Cost": 0.0,
                                                          "Total Cost": 7495.25,
                                                          "Plan Rows": 2442,
                                                          "Plan Width": 4,
                                                          "Filter": "(i_current_price > '50'::numeric)",
                                                          "parent": 61,
                                                          "ID": 62
                                                        }
                                                      ],
                                                      "parent": 53,
                                                      "ID": 61,
                                                      "left": 62
                                                    }
                                                  ],
                                                  "parent": 52,
                                                  "ID": 53,
                                                  "left": 54,
                                                  "right": 61
                                                },
                                                {
                                                  "Node Type": "Hash",
                                                  "Parent Relationship": "Inner",
                                                  "Parallel Aware": false,
                                                  "Async Capable": false,
                                                  "Startup Cost": 19.25,
                                                  "Total Cost": 19.25,
                                                  "Plan Rows": 492,
                                                  "Plan Width": 4,
                                                  "Plans": [
                                                    {
                                                      "Node Type": "Seq Scan",
                                                      "Parent Relationship": "Outer",
                                                      "Parallel Aware": false,
                                                      "Async Capable": false,
                                                      "Relation Name": "promotion",
                                                      "Alias": "promotion_2",
                                                      "Startup Cost": 0.0,
                                                      "Total Cost": 19.25,
                                                      "Plan Rows": 492,
                                                      "Plan Width": 4,
                                                      "Filter": "(p_channel_tv = 'N'::bpchar)",
                                                      "parent": 63,
                                                      "ID": 64
                                                    }
                                                  ],
                                                  "parent": 52,
                                                  "ID": 63,
                                                  "left": 64
                                                }
                                              ],
                                              "parent": 51,
                                              "ID": 52,
                                              "left": 53,
                                              "right": 63
                                            },
                                            {
                                              "Node Type": "Hash",
                                              "Parent Relationship": "Inner",
                                              "Parallel Aware": false,
                                              "Async Capable": false,
                                              "Startup Cost": 3.42,
                                              "Total Cost": 3.42,
                                              "Plan Rows": 42,
                                              "Plan Width": 21,
                                              "Plans": [
                                                {
                                                  "Node Type": "Seq Scan",
                                                  "Parent Relationship": "Outer",
                                                  "Parallel Aware": false,
                                                  "Async Capable": false,
                                                  "Relation Name": "web_site",
                                                  "Alias": "web_site",
                                                  "Startup Cost": 0.0,
                                                  "Total Cost": 3.42,
                                                  "Plan Rows": 42,
                                                  "Plan Width": 21,
                                                  "parent": 65,
                                                  "ID": 66
                                                }
                                              ],
                                              "parent": 51,
                                              "ID": 65,
                                              "left": 66
                                            }
                                          ],
                                          "parent": 50,
                                          "ID": 51,
                                          "left": 52,
                                          "right": 65
                                        }
                                      ],
                                      "parent": 49,
                                      "ID": 50,
                                      "left": 51
                                    }
                                  ],
                                  "parent": 48,
                                  "ID": 49,
                                  "left": 50
                                }
                              ],
                              "parent": 47,
                              "ID": 48,
                              "left": 49
                            }
                          ],
                          "parent": 46,
                          "ID": 47,
                          "left": 48
                        }
                      ],
                      "parent": 3,
                      "ID": 46,
                      "left": 47
                    }
                  ],
                  "parent": 2,
                  "ID": 3,
                  "left": 4,
                  "right": 25
                }
              ],
              "parent": 1,
              "ID": 2,
              "left": 3
            }
          ],
          "parent": 0,
          "ID": 1,
          "left": 2
        }
      ],
      "parent": null,
      "ID": 0,
      "left": 1
    },
    "feat": {
      "utility": 4.3522099560394604e-06,
      "query_shape": [
        [
          "Seq Scan",
          "Hash Join",
          "Sort",
          "Aggregate",
          "Gather Merge",
          "Subquery Scan",
          "Append"
        ],
        [
          "Seq Scan",
          "Hash",
          "Hash Join",
          "Sort",
          "Aggregate",
          "Gather Merge",
          "Subquery Scan",
          "Append"
        ],
        [
          "Seq Scan",
          "Hash",
          "Hash Join",
          "Sort",
          "Aggregate",
          "Gather Merge",
          "Subquery Scan",
          "Append"
        ],
        [
          "Seq Scan",
          "Hash",
          "Hash Join",
          "Sort",
          "Aggregate",
          "Gather Merge",
          "Subquery Scan",
          "Append"
        ],
        [
          "Seq Scan",
          "Hash",
          "Hash Join",
          "Sort",
          "Aggregate",
          "Gather Merge",
          "Subquery Scan",
          "Append"
        ],
        [
          "Seq Scan",
          "Hash",
          "Hash Join",
          "Sort",
          "Aggregate",
          "Gather Merge",
          "Subquery Scan",
          "Append"
        ],
        [
          "Seq Scan",
          "Hash Join",
          "Sort",
          "Aggregate",
          "Gather Merge",
          "Subquery Scan",
          "Append"
        ],
        [
          "Seq Scan",
          "Hash",
          "Hash Join",
          "Sort",
          "Aggregate",
          "Gather Merge",
          "Subquery Scan",
          "Append"
        ],
        [
          "Seq Scan",
          "Hash",
          "Hash Join",
          "Sort",
          "Aggregate",
          "Gather Merge",
          "Subquery Scan",
          "Append"
        ],
        [
          "Seq Scan",
          "Hash",
          "Hash Join",
          "Sort",
          "Aggregate",
          "Gather Merge",
          "Subquery Scan",
          "Append"
        ],
        [
          "Seq Scan",
          "Hash",
          "Hash Join",
          "Sort",
          "Aggregate",
          "Gather Merge",
          "Subquery Scan",
          "Append"
        ],
        [
          "Seq Scan",
          "Hash",
          "Hash Join",
          "Sort",
          "Aggregate",
          "Gather Merge",
          "Subquery Scan",
          "Append"
        ],
        [
          "Seq Scan",
          "Hash Join",
          "Sort",
          "Aggregate",
          "Gather Merge",
          "Subquery Scan",
          "Append"
        ],
        [
          "Seq Scan",
          "Hash",
          "Hash Join",
          "Sort",
          "Aggregate",
          "Gather Merge",
          "Subquery Scan",
          "Append"
        ],
        [
          "Seq Scan",
          "Hash",
          "Hash Join",
          "Sort",
          "Aggregate",
          "Gather Merge",
          "Subquery Scan",
          "Append"
        ],
        [
          "Seq Scan",
          "Hash",
          "Hash Join",
          "Sort",
          "Aggregate",
          "Gather Merge",
          "Subquery Scan",
          "Append"
        ],
        [
          "Seq Scan",
          "Hash",
          "Hash Join",
          "Sort",
          "Aggregate",
          "Gather Merge",
          "Subquery Scan",
          "Append"
        ],
        [
          "Seq Scan",
          "Hash",
          "Hash Join",
          "Sort",
          "Aggregate",
          "Gather Merge",
          "Subquery Scan",
          "Append"
        ]
      ],
      "index_shape": [
        "join"
      ],
      "physical_operator": {
        "Hash Join": [
          0.004854602602099299,
          0.0012911074255784968
        ]
      }
    }
  },
  {
    "query": "with ssr as\n (select  s_store_id as store_id,\n          sum(ss_ext_sales_price) as sales,\n          sum(coalesce(sr_return_amt, 0)) as returns,\n          sum(ss_net_profit - coalesce(sr_net_loss, 0)) as profit\n  from store_sales left outer join store_returns on\n         (ss_item_sk = sr_item_sk and ss_ticket_number = sr_ticket_number),\n     date_dim,\n     store,\n     item,\n     promotion\n where ss_sold_date_sk = d_date_sk\n       and d_date between cast('1998-08-19' as date) \n                  and (cast('1998-08-19' as date) +  interval '30 days')\n       and ss_store_sk = s_store_sk\n       and ss_item_sk = i_item_sk\n       and i_current_price > 50\n       and ss_promo_sk = p_promo_sk\n       and p_channel_tv = 'N'\n group by s_store_id)\n ,\n csr as\n (select  cp_catalog_page_id as catalog_page_id,\n          sum(cs_ext_sales_price) as sales,\n          sum(coalesce(cr_return_amount, 0)) as returns,\n          sum(cs_net_profit - coalesce(cr_net_loss, 0)) as profit\n  from catalog_sales left outer join catalog_returns on\n         (cs_item_sk = cr_item_sk and cs_order_number = cr_order_number),\n     date_dim,\n     catalog_page,\n     item,\n     promotion\n where cs_sold_date_sk = d_date_sk\n       and d_date between cast('1998-08-19' as date)\n                  and (cast('1998-08-19' as date) +  interval '30 days')\n        and cs_catalog_page_sk = cp_catalog_page_sk\n       and cs_item_sk = i_item_sk\n       and i_current_price > 50\n       and cs_promo_sk = p_promo_sk\n       and p_channel_tv = 'N'\ngroup by cp_catalog_page_id)\n ,\n wsr as\n (select  web_site_id,\n          sum(ws_ext_sales_price) as sales,\n          sum(coalesce(wr_return_amt, 0)) as returns,\n          sum(ws_net_profit - coalesce(wr_net_loss, 0)) as profit\n  from web_sales left outer join web_returns on\n         (ws_item_sk = wr_item_sk and ws_order_number = wr_order_number),\n     date_dim,\n     web_site,\n     item,\n     promotion\n where ws_sold_date_sk = d_date_sk\n       and d_date between cast('1998-08-19' as date)\n                  and (cast('1998-08-19' as date) +  interval '30 days')\n        and ws_web_site_sk = web_site_sk\n       and ws_item_sk = i_item_sk\n       and i_current_price > 50\n       and ws_promo_sk = p_promo_sk\n       and p_channel_tv = 'N'\ngroup by web_site_id)\n  select  channel\n        , id\n        , sum(sales) as sales\n        , sum(returns) as returns\n        , sum(profit) as profit\n from \n (select 'store channel' as channel\n        , 'store' || store_id as id\n        , sales\n        , returns\n        , profit\n from   ssr\n union all\n select 'catalog channel' as channel\n        , 'catalog_page' || catalog_page_id as id\n        , sales\n        , returns\n        , profit\n from  csr\n union all\n select 'web channel' as channel\n        , 'web_site' || web_site_id as id\n        , sales\n        , returns\n        , profit\n from   wsr\n ) x\n group by rollup (channel, id)\n order by channel\n         ,id\n limit 100;\n\n-- end query 61 in stream 0 using template query80.tpl\n",
    "indexes": "catalog_sales.cs_promo_sk",
    "wo plan est": {
      "Node Type": "Limit",
      "Parallel Aware": false,
      "Async Capable": false,
      "Startup Cost": 1566782.76,
      "Total Cost": 1566786.01,
      "Plan Rows": 100,
      "Plan Width": 160,
      "Plans": [
        {
          "Node Type": "Aggregate",
          "Strategy": "Sorted",
          "Partial Mode": "Simple",
          "Parent Relationship": "Outer",
          "Parallel Aware": false,
          "Async Capable": false,
          "Startup Cost": 1566782.76,
          "Total Cost": 1566795.8,
          "Plan Rows": 401,
          "Plan Width": 160,
          "Grouping Sets": [
            {
              "Group Keys": [
                [
                  "('store channel'::text)",
                  "(('store'::text || (ssr.store_id)::text))"
                ],
                [
                  "('store channel'::text)"
                ],
                []
              ]
            }
          ],
          "Plans": [
            {
              "Node Type": "Sort",
              "Parent Relationship": "Outer",
              "Parallel Aware": false,
              "Async Capable": false,
              "Startup Cost": 1566782.76,
              "Total Cost": 1566783.77,
              "Plan Rows": 401,
              "Plan Width": 160,
              "Sort Key": [
                "('store channel'::text)",
                "(('store'::text || (ssr.store_id)::text))"
              ],
              "Plans": [
                {
                  "Node Type": "Append",
                  "Parent Relationship": "Outer",
                  "Parallel Aware": false,
                  "Async Capable": false,
                  "Startup Cost": 784591.9,
                  "Total Cost": 1566765.43,
                  "Plan Rows": 401,
                  "Plan Width": 160,
                  "Subplans Removed": 0,
                  "Plans": [
                    {
                      "Node Type": "Subquery Scan",
                      "Parent Relationship": "Member",
                      "Parallel Aware": false,
                      "Async Capable": false,
                      "Alias": "ssr",
                      "Startup Cost": 784591.9,
                      "Total Cost": 784611.64,
                      "Plan Rows": 51,
                      "Plan Width": 160,
                      "Plans": [
                        {
                          "Node Type": "Aggregate",
                          "Strategy": "Sorted",
                          "Partial Mode": "Finalize",
                          "Parent Relationship": "Subquery",
                          "Parallel Aware": false,
                          "Async Capable": false,
                          "Startup Cost": 784591.9,
                          "Total Cost": 784610.87,
                          "Plan Rows": 51,
                          "Plan Width": 113,
                          "Group Key": [
                            "store.s_store_id"
                          ],
                          "Plans": [
                            {
                              "Node Type": "Gather Merge",
                              "Parent Relationship": "Outer",
                              "Parallel Aware": false,
                              "Async Capable": false,
                              "Startup Cost": 784591.9,
                              "Total Cost": 784608.2,
                              "Plan Rows": 102,
                              "Plan Width": 113,
                              "Workers Planned": 2,
                              "Plans": [
                                {
                                  "Node Type": "Aggregate",
                                  "Strategy": "Sorted",
                                  "Partial Mode": "Partial",
                                  "Parent Relationship": "Outer",
                                  "Parallel Aware": false,
                                  "Async Capable": false,
                                  "Startup Cost": 783591.88,
                                  "Total Cost": 783596.4,
                                  "Plan Rows": 51,
                                  "Plan Width": 113,
                                  "Group Key": [
                                    "store.s_store_id"
                                  ],
                                  "Plans": [
                                    {
                                      "Node Type": "Sort",
                                      "Parent Relationship": "Outer",
                                      "Parallel Aware": false,
                                      "Async Capable": false,
                                      "Startup Cost": 783591.88,
                                      "Total Cost": 783592.48,
                                      "Plan Rows": 242,
                                      "Plan Width": 41,
                                      "Sort Key": [
                                        "store.s_store_id"
                                      ],
                                      "Plans": [
                                        {
                                          "Node Type": "Hash Join",
                                          "Parent Relationship": "Outer",
                                          "Parallel Aware": false,
                                          "Async Capable": false,
                                          "Join Type": "Inner",
                                          "Startup Cost": 94489.35,
                                          "Total Cost": 783582.3,
                                          "Plan Rows": 242,
                                          "Plan Width": 41,
                                          "Inner Unique": false,
                                          "Hash Cond": "(store_sales.ss_store_sk = store.s_store_sk)",
                                          "Plans": [
                                            {
                                              "Node Type": "Hash Join",
                                              "Parent Relationship": "Outer",
                                              "Parallel Aware": false,
                                              "Async Capable": false,
                                              "Join Type": "Inner",
                                              "Startup Cost": 94482.05,
                                              "Total Cost": 783571.63,
                                              "Plan Rows": 254,
                                              "Plan Width": 28,
                                              "Inner Unique": false,
                                              "Hash Cond": "(store_sales.ss_promo_sk = promotion.p_promo_sk)",
                                              "Plans": [
                                                {
                                                  "Node Type": "Hash Join",
                                                  "Parent Relationship": "Outer",
                                                  "Parallel Aware": true,
                                                  "Async Capable": false,
                                                  "Join Type": "Inner",
                                                  "Startup Cost": 94456.65,
                                                  "Total Cost": 783542.68,
                                                  "Plan Rows": 270,
                                                  "Plan Width": 32,
                                                  "Inner Unique": false,
                                                  "Hash Cond": "(store_sales.ss_item_sk = item.i_item_sk)",
                                                  "Plans": [
                                                    {
                                                      "Node Type": "Hash Join",
                                                      "Parent Relationship": "Outer",
                                                      "Parallel Aware": true,
                                                      "Async Capable": false,
                                                      "Join Type": "Left",
                                                      "Startup Cost": 86930.88,
                                                      "Total Cost": 775998.13,
                                                      "Plan Rows": 4703,
                                                      "Plan Width": 36,
                                                      "Inner Unique": false,
                                                      "Hash Cond": "((store_sales.ss_item_sk = store_returns.sr_item_sk) AND (store_sales.ss_ticket_number = store_returns.sr_ticket_number))",
                                                      "Plans": [
                                                        {
                                                          "Node Type": "Hash Join",
                                                          "Parent Relationship": "Outer",
                                                          "Parallel Aware": true,
                                                          "Async Capable": false,
                                                          "Join Type": "Inner",
                                                          "Startup Cost": 2049.78,
                                                          "Total Cost": 683994.75,
                                                          "Plan Rows": 4703,
                                                          "Plan Width": 28,
                                                          "Inner Unique": false,
                                                          "Hash Cond": "(store_sales.ss_sold_date_sk = date_dim.d_date_sk)",
                                                          "Plans": [
                                                            {
                                                              "Node Type": "Seq Scan",
                                                              "Parent Relationship": "Outer",
                                                              "Parallel Aware": true,
                                                              "Async Capable": false,
                                                              "Relation Name": "store_sales",
                                                              "Alias": "store_sales",
                                                              "Startup Cost": 0.0,
                                                              "Total Cost": 636914.37,
                                                              "Plan Rows": 12000637,
                                                              "Plan Width": 32,
                                                              "parent": 13,
                                                              "ID": 14
                                                            },
                                                            {
                                                              "Node Type": "Hash",
                                                              "Parent Relationship": "Inner",
                                                              "Parallel Aware": true,
                                                              "Async Capable": false,
                                                              "Startup Cost": 2049.55,
                                                              "Total Cost": 2049.55,
                                                              "Plan Rows": 18,
                                                              "Plan Width": 4,
                                                              "Plans": [
                                                                {
                                                                  "Node Type": "Seq Scan",
                                                                  "Parent Relationship": "Outer",
                                                                  "Parallel Aware": true,
                                                                  "Async Capable": false,
                                                                  "Relation Name": "date_dim",
                                                                  "Alias": "date_dim",
                                                                  "Startup Cost": 0.0,
                                                                  "Total Cost": 2049.55,
                                                                  "Plan Rows": 18,
                                                                  "Plan Width": 4,
                                                                  "Filter": "((d_date >= '1998-08-19'::date) AND (d_date <= '1998-09-18 00:00:00'::timestamp without time zone))",
                                                                  "parent": 15,
                                                                  "ID": 16
                                                                }
                                                              ],
                                                              "parent": 13,
                                                              "ID": 15,
                                                              "left": 16
                                                            }
                                                          ],
                                                          "parent": 12,
                                                          "ID": 13,
                                                          "left": 14,
                                                          "right": 15
                                                        },
                                                        {
                                                          "Node Type": "Hash",
                                                          "Parent Relationship": "Inner",
                                                          "Parallel Aware": true,
                                                          "Async Capable": false,
                                                          "Startup Cost": 59887.64,
                                                          "Total Cost": 59887.64,
                                                          "Plan Rows": 1198164,
                                                          "Plan Width": 20,
                                                          "Plans": [
                                                            {
                                                              "Node Type": "Seq Scan",
                                                              "Parent Relationship": "Outer",
                                                              "Parallel Aware": true,
                                                              "Async Capable": false,
                                                              "Relation Name": "store_returns",
                                                              "Alias": "store_returns",
                                                              "Startup Cost": 0.0,
                                                              "Total Cost": 59887.64,
                                                              "Plan Rows": 1198164,
                                                              "Plan Width": 20,
                                                              "parent": 17,
                                                              "ID": 18
                                                            }
                                                          ],
                                                          "parent": 12,
                                                          "ID": 17,
                                                          "left": 18
                                                        }
                                                      ],
                                                      "parent": 11,
                                                      "ID": 12,
                                                      "left": 13,
                                                      "right": 17
                                                    },
                                                    {
                                                      "Node Type": "Hash",
                                                      "Parent Relationship": "Inner",
                                                      "Parallel Aware": true,
                                                      "Async Capable": false,
                                                      "Startup Cost": 7495.25,
                                                      "Total Cost": 7495.25,
                                                      "Plan Rows": 2442,
                                                      "Plan Width": 4,
                                                      "Plans": [
                                                        {
                                                          "Node Type": "Seq Scan",
                                                          "Parent Relationship": "Outer",
                                                          "Parallel Aware": true,
                                                          "Async Capable": false,
                                                          "Relation Name": "item",
                                                          "Alias": "item",
                                                          "Startup Cost": 0.0,
                                                          "Total Cost": 7495.25,
                                                          "Plan Rows": 2442,
                                                          "Plan Width": 4,
                                                          "Filter": "(i_current_price > '50'::numeric)",
                                                          "parent": 19,
                                                          "ID": 20
                                                        }
                                                      ],
                                                      "parent": 11,
                                                      "ID": 19,
                                                      "left": 20
                                                    }
                                                  ],
                                                  "parent": 10,
                                                  "ID": 11,
                                                  "left": 12,
                                                  "right": 19
                                                },
                                                {
                                                  "Node Type": "Hash",
                                                  "Parent Relationship": "Inner",
                                                  "Parallel Aware": false,
                                                  "Async Capable": false,
                                                  "Startup Cost": 19.25,
                                                  "Total Cost": 19.25,
                                                  "Plan Rows": 492,
                                                  "Plan Width": 4,
                                                  "Plans": [
                                                    {
                                                      "Node Type": "Seq Scan",
                                                      "Parent Relationship": "Outer",
                                                      "Parallel Aware": false,
                                                      "Async Capable": false,
                                                      "Relation Name": "promotion",
                                                      "Alias": "promotion",
                                                      "Startup Cost": 0.0,
                                                      "Total Cost": 19.25,
                                                      "Plan Rows": 492,
                                                      "Plan Width": 4,
                                                      "Filter": "(p_channel_tv = 'N'::bpchar)",
                                                      "parent": 21,
                                                      "ID": 22
                                                    }
                                                  ],
                                                  "parent": 10,
                                                  "ID": 21,
                                                  "left": 22
                                                }
                                              ],
                                              "parent": 9,
                                              "ID": 10,
                                              "left": 11,
                                              "right": 21
                                            },
                                            {
                                              "Node Type": "Hash",
                                              "Parent Relationship": "Inner",
                                              "Parallel Aware": false,
                                              "Async Capable": false,
                                              "Startup Cost": 6.02,
                                              "Total Cost": 6.02,
                                              "Plan Rows": 102,
                                              "Plan Width": 21,
                                              "Plans": [
                                                {
                                                  "Node Type": "Seq Scan",
                                                  "Parent Relationship": "Outer",
                                                  "Parallel Aware": false,
                                                  "Async Capable": false,
                                                  "Relation Name": "store",
                                                  "Alias": "store",
                                                  "Startup Cost": 0.0,
                                                  "Total Cost": 6.02,
                                                  "Plan Rows": 102,
                                                  "Plan Width": 21,
                                                  "parent": 23,
                                                  "ID": 24
                                                }
                                              ],
                                              "parent": 9,
                                              "ID": 23,
                                              "left": 24
                                            }
                                          ],
                                          "parent": 8,
                                          "ID": 9,
                                          "left": 10,
                                          "right": 23
                                        }
                                      ],
                                      "parent": 7,
                                      "ID": 8,
                                      "left": 9
                                    }
                                  ],
                                  "parent": 6,
                                  "ID": 7,
                                  "left": 8
                                }
                              ],
                              "parent": 5,
                              "ID": 6,
                              "left": 7
                            }
                          ],
                          "parent": 4,
                          "ID": 5,
                          "left": 6
                        }
                      ],
                      "parent": 3,
                      "ID": 4,
                      "left": 5
                    },
                    {
                      "Node Type": "Subquery Scan",
                      "Parent Relationship": "Member",
                      "Parallel Aware": false,
                      "Async Capable": false,
                      "Alias": "csr",
                      "Startup Cost": 518174.1,
                      "Total Cost": 518225.66,
                      "Plan Rows": 329,
                      "Plan Width": 160,
                      "Plans": [
                        {
                          "Node Type": "Aggregate",
                          "Strategy": "Sorted",
                          "Partial Mode": "Finalize",
                          "Parent Relationship": "Subquery",
                          "Parallel Aware": false,
                          "Async Capable": false,
                          "Startup Cost": 518174.1,
                          "Total Cost": 518220.73,
                          "Plan Rows": 329,
                          "Plan Width": 113,
                          "Group Key": [
                            "catalog_page.cp_catalog_page_id"
                          ],
                          "Plans": [
                            {
                              "Node Type": "Gather Merge",
                              "Parent Relationship": "Outer",
                              "Parallel Aware": false,
                              "Async Capable": false,
                              "Startup Cost": 518174.1,
                              "Total Cost": 518210.18,
                              "Plan Rows": 274,
                              "Plan Width": 113,
                              "Workers Planned": 2,
                              "Plans": [
                                {
                                  "Node Type": "Aggregate",
                                  "Strategy": "Sorted",
                                  "Partial Mode": "Partial",
                                  "Parent Relationship": "Outer",
                                  "Parallel Aware": false,
                                  "Async Capable": false,
                                  "Startup Cost": 517174.07,
                                  "Total Cost": 517178.53,
                                  "Plan Rows": 137,
                                  "Plan Width": 113,
                                  "Group Key": [
                                    "catalog_page.cp_catalog_page_id"
                                  ],
                                  "Plans": [
                                    {
                                      "Node Type": "Sort",
                                      "Parent Relationship": "Outer",
                                      "Parallel Aware": false,
                                      "Async Capable": false,
                                      "Startup Cost": 517174.07,
                                      "Total Cost": 517174.42,
                                      "Plan Rows": 137,
                                      "Plan Width": 41,
                                      "Sort Key": [
                                        "catalog_page.cp_catalog_page_id"
                                      ],
                                      "Plans": [
                                        {
                                          "Node Type": "Hash Join",
                                          "Parent Relationship": "Outer",
                                          "Parallel Aware": false,
                                          "Async Capable": false,
                                          "Join Type": "Inner",
                                          "Startup Cost": 57382.33,
                                          "Total Cost": 517169.21,
                                          "Plan Rows": 137,
                                          "Plan Width": 41,
                                          "Inner Unique": false,
                                          "Hash Cond": "(catalog_sales.cs_catalog_page_sk = catalog_page.cp_catalog_page_sk)",
                                          "Plans": [
                                            {
                                              "Node Type": "Hash Join",
                                              "Parent Relationship": "Outer",
                                              "Parallel Aware": false,
                                              "Async Capable": false,
                                              "Join Type": "Inner",
                                              "Startup Cost": 56864.33,
                                              "Total Cost": 516649.32,
                                              "Plan Rows": 138,
                                              "Plan Width": 28,
                                              "Inner Unique": false,
                                              "Hash Cond": "(catalog_sales.cs_promo_sk = promotion_1.p_promo_sk)",
                                              "Plans": [
                                                {
                                                  "Node Type": "Hash Join",
                                                  "Parent Relationship": "Outer",
                                                  "Parallel Aware": true,
                                                  "Async Capable": false,
                                                  "Join Type": "Inner",
                                                  "Startup Cost": 56838.93,
                                                  "Total Cost": 516622.01,
                                                  "Plan Rows": 141,
                                                  "Plan Width": 32,
                                                  "Inner Unique": false,
                                                  "Hash Cond": "(catalog_sales.cs_item_sk = item_1.i_item_sk)",
                                                  "Plans": [
                                                    {
                                                      "Node Type": "Hash Join",
                                                      "Parent Relationship": "Outer",
                                                      "Parallel Aware": true,
                                                      "Async Capable": false,
                                                      "Join Type": "Left",
                                                      "Startup Cost": 49313.15,
                                                      "Total Cost": 509086.46,
                                                      "Plan Rows": 2450,
                                                      "Plan Width": 36,
                                                      "Inner Unique": false,
                                                      "Hash Cond": "((catalog_sales.cs_item_sk = catalog_returns.cr_item_sk) AND (catalog_sales.cs_order_number = catalog_returns.cr_order_number))",
                                                      "Plans": [
                                                        {
                                                          "Node Type": "Hash Join",
                                                          "Parent Relationship": "Outer",
                                                          "Parallel Aware": true,
                                                          "Async Capable": false,
                                                          "Join Type": "Inner",
                                                          "Startup Cost": 2049.78,
                                                          "Total Cost": 458254.7,
                                                          "Plan Rows": 2450,
                                                          "Plan Width": 28,
                                                          "Inner Unique": false,
                                                          "Hash Cond": "(catalog_sales.cs_sold_date_sk = date_dim_1.d_date_sk)",
                                                          "Plans": [
                                                            {
                                                              "Node Type": "Seq Scan",
                                                              "Parent Relationship": "Outer",
                                                              "Parallel Aware": true,
                                                              "Async Capable": false,
                                                              "Relation Name": "catalog_sales",
                                                              "Alias": "catalog_sales",
                                                              "Startup Cost": 0.0,
                                                              "Total Cost": 433688.25,
                                                              "Plan Rows": 6000525,
                                                              "Plan Width": 32,
                                                              "parent": 34,
                                                              "ID": 35
                                                            },
                                                            {
                                                              "Node Type": "Hash",
                                                              "Parent Relationship": "Inner",
                                                              "Parallel Aware": true,
                                                              "Async Capable": false,
                                                              "Startup Cost": 2049.55,
                                                              "Total Cost": 2049.55,
                                                              "Plan Rows": 18,
                                                              "Plan Width": 4,
                                                              "Plans": [
                                                                {
                                                                  "Node Type": "Seq Scan",
                                                                  "Parent Relationship": "Outer",
                                                                  "Parallel Aware": true,
                                                                  "Async Capable": false,
                                                                  "Relation Name": "date_dim",
                                                                  "Alias": "date_dim_1",
                                                                  "Startup Cost": 0.0,
                                                                  "Total Cost": 2049.55,
                                                                  "Plan Rows": 18,
                                                                  "Plan Width": 4,
                                                                  "Filter": "((d_date >= '1998-08-19'::date) AND (d_date <= '1998-09-18 00:00:00'::timestamp without time zone))",
                                                                  "parent": 36,
                                                                  "ID": 37
                                                                }
                                                              ],
                                                              "parent": 34,
                                                              "ID": 36,
                                                              "left": 37
                                                            }
                                                          ],
                                                          "parent": 33,
                                                          "ID": 34,
                                                          "left": 35,
                                                          "right": 36
                                                        },
                                                        {
                                                          "Node Type": "Hash",
                                                          "Parent Relationship": "Inner",
                                                          "Parallel Aware": true,
                                                          "Async Capable": false,
                                                          "Startup Cost": 34748.95,
                                                          "Total Cost": 34748.95,
                                                          "Plan Rows": 599895,
                                                          "Plan Width": 20,
                                                          "Plans": [
                                                            {
                                                              "Node Type": "Seq Scan",
                                                              "Parent Relationship": "Outer",
                                                              "Parallel Aware": true,
                                                              "Async Capable": false,
                                                              "Relation Name": "catalog_returns",
                                                              "Alias": "catalog_returns",
                                                              "Startup Cost": 0.0,
                                                              "Total Cost": 34748.95,
                                                              "Plan Rows": 599895,
                                                              "Plan Width": 20,
                                                              "parent": 38,
                                                              "ID": 39
                                                            }
                                                          ],
                                                          "parent": 33,
                                                          "ID": 38,
                                                          "left": 39
                                                        }
                                                      ],
                                                      "parent": 32,
                                                      "ID": 33,
                                                      "left": 34,
                                                      "right": 38
                                                    },
                                                    {
                                                      "Node Type": "Hash",
                                                      "Parent Relationship": "Inner",
                                                      "Parallel Aware": true,
                                                      "Async Capable": false,
                                                      "Startup Cost": 7495.25,
                                                      "Total Cost": 7495.25,
                                                      "Plan Rows": 2442,
                                                      "Plan Width": 4,
                                                      "Plans": [
                                                        {
                                                          "Node Type": "Seq Scan",
                                                          "Parent Relationship": "Outer",
                                                          "Parallel Aware": true,
                                                          "Async Capable": false,
                                                          "Relation Name": "item",
                                                          "Alias": "item_1",
                                                          "Startup Cost": 0.0,
                                                          "Total Cost": 7495.25,
                                                          "Plan Rows": 2442,
                                                          "Plan Width": 4,
                                                          "Filter": "(i_current_price > '50'::numeric)",
                                                          "parent": 40,
                                                          "ID": 41
                                                        }
                                                      ],
                                                      "parent": 32,
                                                      "ID": 40,
                                                      "left": 41
                                                    }
                                                  ],
                                                  "parent": 31,
                                                  "ID": 32,
                                                  "left": 33,
                                                  "right": 40
                                                },
                                                {
                                                  "Node Type": "Hash",
                                                  "Parent Relationship": "Inner",
                                                  "Parallel Aware": false,
                                                  "Async Capable": false,
                                                  "Startup Cost": 19.25,
                                                  "Total Cost": 19.25,
                                                  "Plan Rows": 492,
                                                  "Plan Width": 4,
                                                  "Plans": [
                                                    {
                                                      "Node Type": "Seq Scan",
                                                      "Parent Relationship": "Outer",
                                                      "Parallel Aware": false,
                                                      "Async Capable": false,
                                                      "Relation Name": "promotion",
                                                      "Alias": "promotion_1",
                                                      "Startup Cost": 0.0,
                                                      "Total Cost": 19.25,
                                                      "Plan Rows": 492,
                                                      "Plan Width": 4,
                                                      "Filter": "(p_channel_tv = 'N'::bpchar)",
                                                      "parent": 42,
                                                      "ID": 43
                                                    }
                                                  ],
                                                  "parent": 31,
                                                  "ID": 42,
                                                  "left": 43
                                                }
                                              ],
                                              "parent": 30,
                                              "ID": 31,
                                              "left": 32,
                                              "right": 42
                                            },
                                            {
                                              "Node Type": "Hash",
                                              "Parent Relationship": "Inner",
                                              "Parallel Aware": false,
                                              "Async Capable": false,
                                              "Startup Cost": 368.0,
                                              "Total Cost": 368.0,
                                              "Plan Rows": 12000,
                                              "Plan Width": 21,
                                              "Plans": [
                                                {
                                                  "Node Type": "Seq Scan",
                                                  "Parent Relationship": "Outer",
                                                  "Parallel Aware": false,
                                                  "Async Capable": false,
                                                  "Relation Name": "catalog_page",
                                                  "Alias": "catalog_page",
                                                  "Startup Cost": 0.0,
                                                  "Total Cost": 368.0,
                                                  "Plan Rows": 12000,
                                                  "Plan Width": 21,
                                                  "parent": 44,
                                                  "ID": 45
                                                }
                                              ],
                                              "parent": 30,
                                              "ID": 44,
                                              "left": 45
                                            }
                                          ],
                                          "parent": 29,
                                          "ID": 30,
                                          "left": 31,
                                          "right": 44
                                        }
                                      ],
                                      "parent": 28,
                                      "ID": 29,
                                      "left": 30
                                    }
                                  ],
                                  "parent": 27,
                                  "ID": 28,
                                  "left": 29
                                }
                              ],
                              "parent": 26,
                              "ID": 27,
                              "left": 28
                            }
                          ],
                          "parent": 25,
                          "ID": 26,
                          "left": 27
                        }
                      ],
                      "parent": 3,
                      "ID": 25,
                      "left": 26
                    },
                    {
                      "Node Type": "Subquery Scan",
                      "Parent Relationship": "Member",
                      "Parallel Aware": false,
                      "Async Capable": false,
                      "Alias": "wsr",
                      "Startup Cost": 263918.43,
                      "Total Cost": 263926.12,
                      "Plan Rows": 21,
                      "Plan Width": 160,
                      "Plans": [
                        {
                          "Node Type": "Aggregate",
                          "Strategy": "Sorted",
                          "Partial Mode": "Finalize",
                          "Parent Relationship": "Subquery",
                          "Parallel Aware": false,
                          "Async Capable": false,
                          "Startup Cost": 263918.43,
                          "Total Cost": 263925.8,
                          "Plan Rows": 21,
                          "Plan Width": 113,
                          "Group Key": [
                            "web_site.web_site_id"
                          ],
                          "Plans": [
                            {
                              "Node Type": "Gather Merge",
                              "Parent Relationship": "Outer",
                              "Parallel Aware": false,
                              "Async Capable": false,
                              "Startup Cost": 263918.43,
                              "Total Cost": 263924.7,
                              "Plan Rows": 42,
                              "Plan Width": 113,
                              "Workers Planned": 2,
                              "Plans": [
                                {
                                  "Node Type": "Aggregate",
                                  "Strategy": "Sorted",
                                  "Partial Mode": "Partial",
                                  "Parent Relationship": "Outer",
                                  "Parallel Aware": false,
                                  "Async Capable": false,
                                  "Startup Cost": 262918.41,
                                  "Total Cost": 262919.83,
                                  "Plan Rows": 21,
                                  "Plan Width": 113,
                                  "Group Key": [
                                    "web_site.web_site_id"
                                  ],
                                  "Plans": [
                                    {
                                      "Node Type": "Sort",
                                      "Parent Relationship": "Outer",
                                      "Parallel Aware": false,
                                      "Async Capable": false,
                                      "Startup Cost": 262918.41,
                                      "Total Cost": 262918.59,
                                      "Plan Rows": 70,
                                      "Plan Width": 41,
                                      "Sort Key": [
                                        "web_site.web_site_id"
                                      ],
                                      "Plans": [
                                        {
                                          "Node Type": "Hash Join",
                                          "Parent Relationship": "Outer",
                                          "Parallel Aware": false,
                                          "Async Capable": false,
                                          "Join Type": "Inner",
                                          "Startup Cost": 32134.74,
                                          "Total Cost": 262916.27,
                                          "Plan Rows": 70,
                                          "Plan Width": 41,
                                          "Inner Unique": false,
                                          "Hash Cond": "(web_sales.ws_web_site_sk = web_site.web_site_sk)",
                                          "Plans": [
                                            {
                                              "Node Type": "Hash Join",
                                              "Parent Relationship": "Outer",
                                              "Parallel Aware": false,
                                              "Async Capable": false,
                                              "Join Type": "Inner",
                                              "Startup Cost": 32130.8,
                                              "Total Cost": 262911.36,
                                              "Plan Rows": 70,
                                              "Plan Width": 28,
                                              "Inner Unique": false,
                                              "Hash Cond": "(web_sales.ws_promo_sk = promotion_2.p_promo_sk)",
                                              "Plans": [
                                                {
                                                  "Node Type": "Hash Join",
                                                  "Parent Relationship": "Outer",
                                                  "Parallel Aware": true,
                                                  "Async Capable": false,
                                                  "Join Type": "Inner",
                                                  "Startup Cost": 32105.4,
                                                  "Total Cost": 262884.99,
                                                  "Plan Rows": 71,
                                                  "Plan Width": 32,
                                                  "Inner Unique": false,
                                                  "Hash Cond": "(web_sales.ws_item_sk = item_2.i_item_sk)",
                                                  "Plans": [
                                                    {
                                                      "Node Type": "Hash Join",
                                                      "Parent Relationship": "Outer",
                                                      "Parallel Aware": true,
                                                      "Async Capable": false,
                                                      "Join Type": "Left",
                                                      "Startup Cost": 24579.62,
                                                      "Total Cost": 255354.31,
                                                      "Plan Rows": 1231,
                                                      "Plan Width": 36,
                                                      "Inner Unique": false,
                                                      "Hash Cond": "((web_sales.ws_item_sk = web_returns.wr_item_sk) AND (web_sales.ws_order_number = web_returns.wr_order_number))",
                                                      "Plans": [
                                                        {
                                                          "Node Type": "Hash Join",
                                                          "Parent Relationship": "Outer",
                                                          "Parallel Aware": true,
                                                          "Async Capable": false,
                                                          "Join Type": "Inner",
                                                          "Startup Cost": 2049.78,
                                                          "Total Cost": 231041.22,
                                                          "Plan Rows": 1231,
                                                          "Plan Width": 28,
                                                          "Inner Unique": false,
                                                          "Hash Cond": "(web_sales.ws_sold_date_sk = date_dim_2.d_date_sk)",
                                                          "Plans": [
                                                            {
                                                              "Node Type": "Seq Scan",
                                                              "Parent Relationship": "Outer",
                                                              "Parallel Aware": true,
                                                              "Async Capable": false,
                                                              "Relation Name": "web_sales",
                                                              "Alias": "web_sales",
                                                              "Startup Cost": 0.0,
                                                              "Total Cost": 217737.86,
                                                              "Plan Rows": 2998986,
                                                              "Plan Width": 32,
                                                              "parent": 55,
                                                              "ID": 56
                                                            },
                                                            {
                                                              "Node Type": "Hash",
                                                              "Parent Relationship": "Inner",
                                                              "Parallel Aware": true,
                                                              "Async Capable": false,
                                                              "Startup Cost": 2049.55,
                                                              "Total Cost": 2049.55,
                                                              "Plan Rows": 18,
                                                              "Plan Width": 4,
                                                              "Plans": [
                                                                {
                                                                  "Node Type": "Seq Scan",
                                                                  "Parent Relationship": "Outer",
                                                                  "Parallel Aware": true,
                                                                  "Async Capable": false,
                                                                  "Relation Name": "date_dim",
                                                                  "Alias": "date_dim_2",
                                                                  "Startup Cost": 0.0,
                                                                  "Total Cost": 2049.55,
                                                                  "Plan Rows": 18,
                                                                  "Plan Width": 4,
                                                                  "Filter": "((d_date >= '1998-08-19'::date) AND (d_date <= '1998-09-18 00:00:00'::timestamp without time zone))",
                                                                  "parent": 57,
                                                                  "ID": 58
                                                                }
                                                              ],
                                                              "parent": 55,
                                                              "ID": 57,
                                                              "left": 58
                                                            }
                                                          ],
                                                          "parent": 54,
                                                          "ID": 55,
                                                          "left": 56,
                                                          "right": 57
                                                        },
                                                        {
                                                          "Node Type": "Hash",
                                                          "Parent Relationship": "Inner",
                                                          "Parallel Aware": true,
                                                          "Async Capable": false,
                                                          "Startup Cost": 16278.74,
                                                          "Total Cost": 16278.74,
                                                          "Plan Rows": 299674,
                                                          "Plan Width": 20,
                                                          "Plans": [
                                                            {
                                                              "Node Type": "Seq Scan",
                                                              "Parent Relationship": "Outer",
                                                              "Parallel Aware": true,
                                                              "Async Capable": false,
                                                              "Relation Name": "web_returns",
                                                              "Alias": "web_returns",
                                                              "Startup Cost": 0.0,
                                                              "Total Cost": 16278.74,
                                                              "Plan Rows": 299674,
                                                              "Plan Width": 20,
                                                              "parent": 59,
                                                              "ID": 60
                                                            }
                                                          ],
                                                          "parent": 54,
                                                          "ID": 59,
                                                          "left": 60
                                                        }
                                                      ],
                                                      "parent": 53,
                                                      "ID": 54,
                                                      "left": 55,
                                                      "right": 59
                                                    },
                                                    {
                                                      "Node Type": "Hash",
                                                      "Parent Relationship": "Inner",
                                                      "Parallel Aware": true,
                                                      "Async Capable": false,
                                                      "Startup Cost": 7495.25,
                                                      "Total Cost": 7495.25,
                                                      "Plan Rows": 2442,
                                                      "Plan Width": 4,
                                                      "Plans": [
                                                        {
                                                          "Node Type": "Seq Scan",
                                                          "Parent Relationship": "Outer",
                                                          "Parallel Aware": true,
                                                          "Async Capable": false,
                                                          "Relation Name": "item",
                                                          "Alias": "item_2",
                                                          "Startup Cost": 0.0,
                                                          "Total Cost": 7495.25,
                                                          "Plan Rows": 2442,
                                                          "Plan Width": 4,
                                                          "Filter": "(i_current_price > '50'::numeric)",
                                                          "parent": 61,
                                                          "ID": 62
                                                        }
                                                      ],
                                                      "parent": 53,
                                                      "ID": 61,
                                                      "left": 62
                                                    }
                                                  ],
                                                  "parent": 52,
                                                  "ID": 53,
                                                  "left": 54,
                                                  "right": 61
                                                },
                                                {
                                                  "Node Type": "Hash",
                                                  "Parent Relationship": "Inner",
                                                  "Parallel Aware": false,
                                                  "Async Capable": false,
                                                  "Startup Cost": 19.25,
                                                  "Total Cost": 19.25,
                                                  "Plan Rows": 492,
                                                  "Plan Width": 4,
                                                  "Plans": [
                                                    {
                                                      "Node Type": "Seq Scan",
                                                      "Parent Relationship": "Outer",
                                                      "Parallel Aware": false,
                                                      "Async Capable": false,
                                                      "Relation Name": "promotion",
                                                      "Alias": "promotion_2",
                                                      "Startup Cost": 0.0,
                                                      "Total Cost": 19.25,
                                                      "Plan Rows": 492,
                                                      "Plan Width": 4,
                                                      "Filter": "(p_channel_tv = 'N'::bpchar)",
                                                      "parent": 63,
                                                      "ID": 64
                                                    }
                                                  ],
                                                  "parent": 52,
                                                  "ID": 63,
                                                  "left": 64
                                                }
                                              ],
                                              "parent": 51,
                                              "ID": 52,
                                              "left": 53,
                                              "right": 63
                                            },
                                            {
                                              "Node Type": "Hash",
                                              "Parent Relationship": "Inner",
                                              "Parallel Aware": false,
                                              "Async Capable": false,
                                              "Startup Cost": 3.42,
                                              "Total Cost": 3.42,
                                              "Plan Rows": 42,
                                              "Plan Width": 21,
                                              "Plans": [
                                                {
                                                  "Node Type": "Seq Scan",
                                                  "Parent Relationship": "Outer",
                                                  "Parallel Aware": false,
                                                  "Async Capable": false,
                                                  "Relation Name": "web_site",
                                                  "Alias": "web_site",
                                                  "Startup Cost": 0.0,
                                                  "Total Cost": 3.42,
                                                  "Plan Rows": 42,
                                                  "Plan Width": 21,
                                                  "parent": 65,
                                                  "ID": 66
                                                }
                                              ],
                                              "parent": 51,
                                              "ID": 65,
                                              "left": 66
                                            }
                                          ],
                                          "parent": 50,
                                          "ID": 51,
                                          "left": 52,
                                          "right": 65
                                        }
                                      ],
                                      "parent": 49,
                                      "ID": 50,
                                      "left": 51
                                    }
                                  ],
                                  "parent": 48,
                                  "ID": 49,
                                  "left": 50
                                }
                              ],
                              "parent": 47,
                              "ID": 48,
                              "left": 49
                            }
                          ],
                          "parent": 46,
                          "ID": 47,
                          "left": 48
                        }
                      ],
                      "parent": 3,
                      "ID": 46,
                      "left": 47
                    }
                  ],
                  "parent": 2,
                  "ID": 3,
                  "left": 4,
                  "right": 25
                }
              ],
              "parent": 1,
              "ID": 2,
              "left": 3
            }
          ],
          "parent": 0,
          "ID": 1,
          "left": 2
        }
      ],
      "parent": null,
      "ID": 0,
      "left": 1
    },
    "feat": {
      "utility": 2.08545618986391e-06,
      "query_shape": [
        [
          "Seq Scan",
          "Hash Join",
          "Sort",
          "Aggregate",
          "Gather Merge",
          "Subquery Scan",
          "Append"
        ],
        [
          "Seq Scan",
          "Hash",
          "Hash Join",
          "Sort",
          "Aggregate",
          "Gather Merge",
          "Subquery Scan",
          "Append"
        ],
        [
          "Seq Scan",
          "Hash",
          "Hash Join",
          "Sort",
          "Aggregate",
          "Gather Merge",
          "Subquery Scan",
          "Append"
        ],
        [
          "Seq Scan",
          "Hash",
          "Hash Join",
          "Sort",
          "Aggregate",
          "Gather Merge",
          "Subquery Scan",
          "Append"
        ],
        [
          "Seq Scan",
          "Hash",
          "Hash Join",
          "Sort",
          "Aggregate",
          "Gather Merge",
          "Subquery Scan",
          "Append"
        ],
        [
          "Seq Scan",
          "Hash",
          "Hash Join",
          "Sort",
          "Aggregate",
          "Gather Merge",
          "Subquery Scan",
          "Append"
        ],
        [
          "Seq Scan",
          "Hash Join",
          "Sort",
          "Aggregate",
          "Gather Merge",
          "Subquery Scan",
          "Append"
        ],
        [
          "Seq Scan",
          "Hash",
          "Hash Join",
          "Sort",
          "Aggregate",
          "Gather Merge",
          "Subquery Scan",
          "Append"
        ],
        [
          "Seq Scan",
          "Hash",
          "Hash Join",
          "Sort",
          "Aggregate",
          "Gather Merge",
          "Subquery Scan",
          "Append"
        ],
        [
          "Seq Scan",
          "Hash",
          "Hash Join",
          "Sort",
          "Aggregate",
          "Gather Merge",
          "Subquery Scan",
          "Append"
        ],
        [
          "Seq Scan",
          "Hash",
          "Hash Join",
          "Sort",
          "Aggregate",
          "Gather Merge",
          "Subquery Scan",
          "Append"
        ],
        [
          "Seq Scan",
          "Hash",
          "Hash Join",
          "Sort",
          "Aggregate",
          "Gather Merge",
          "Subquery Scan",
          "Append"
        ],
        [
          "Seq Scan",
          "Hash Join",
          "Sort",
          "Aggregate",
          "Gather Merge",
          "Subquery Scan",
          "Append"
        ],
        [
          "Seq Scan",
          "Hash",
          "Hash Join",
          "Sort",
          "Aggregate",
          "Gather Merge",
          "Subquery Scan",
          "Append"
        ],
        [
          "Seq Scan",
          "Hash",
          "Hash Join",
          "Sort",
          "Aggregate",
          "Gather Merge",
          "Subquery Scan",
          "Append"
        ],
        [
          "Seq Scan",
          "Hash",
          "Hash Join",
          "Sort",
          "Aggregate",
          "Gather Merge",
          "Subquery Scan",
          "Append"
        ],
        [
          "Seq Scan",
          "Hash",
          "Hash Join",
          "Sort",
          "Aggregate",
          "Gather Merge",
          "Subquery Scan",
          "Append"
        ],
        [
          "Seq Scan",
          "Hash",
          "Hash Join",
          "Sort",
          "Aggregate",
          "Gather Merge",
          "Subquery Scan",
          "Append"
        ]
      ],
      "index_shape": [
        "join"
      ],
      "physical_operator": {
        "Hash Join": [
          0.04460129159453855
        ]
      }
    }
  },
  {
    "query": "with ssr as\n (select  s_store_id as store_id,\n          sum(ss_ext_sales_price) as sales,\n          sum(coalesce(sr_return_amt, 0)) as returns,\n          sum(ss_net_profit - coalesce(sr_net_loss, 0)) as profit\n  from store_sales left outer join store_returns on\n         (ss_item_sk = sr_item_sk and ss_ticket_number = sr_ticket_number),\n     date_dim,\n     store,\n     item,\n     promotion\n where ss_sold_date_sk = d_date_sk\n       and d_date between cast('1998-08-19' as date) \n                  and (cast('1998-08-19' as date) +  interval '30 days')\n       and ss_store_sk = s_store_sk\n       and ss_item_sk = i_item_sk\n       and i_current_price > 50\n       and ss_promo_sk = p_promo_sk\n       and p_channel_tv = 'N'\n group by s_store_id)\n ,\n csr as\n (select  cp_catalog_page_id as catalog_page_id,\n          sum(cs_ext_sales_price) as sales,\n          sum(coalesce(cr_return_amount, 0)) as returns,\n          sum(cs_net_profit - coalesce(cr_net_loss, 0)) as profit\n  from catalog_sales left outer join catalog_returns on\n         (cs_item_sk = cr_item_sk and cs_order_number = cr_order_number),\n     date_dim,\n     catalog_page,\n     item,\n     promotion\n where cs_sold_date_sk = d_date_sk\n       and d_date between cast('1998-08-19' as date)\n                  and (cast('1998-08-19' as date) +  interval '30 days')\n        and cs_catalog_page_sk = cp_catalog_page_sk\n       and cs_item_sk = i_item_sk\n       and i_current_price > 50\n       and cs_promo_sk = p_promo_sk\n       and p_channel_tv = 'N'\ngroup by cp_catalog_page_id)\n ,\n wsr as\n (select  web_site_id,\n          sum(ws_ext_sales_price) as sales,\n          sum(coalesce(wr_return_amt, 0)) as returns,\n          sum(ws_net_profit - coalesce(wr_net_loss, 0)) as profit\n  from web_sales left outer join web_returns on\n         (ws_item_sk = wr_item_sk and ws_order_number = wr_order_number),\n     date_dim,\n     web_site,\n     item,\n     promotion\n where ws_sold_date_sk = d_date_sk\n       and d_date between cast('1998-08-19' as date)\n                  and (cast('1998-08-19' as date) +  interval '30 days')\n        and ws_web_site_sk = web_site_sk\n       and ws_item_sk = i_item_sk\n       and i_current_price > 50\n       and ws_promo_sk = p_promo_sk\n       and p_channel_tv = 'N'\ngroup by web_site_id)\n  select  channel\n        , id\n        , sum(sales) as sales\n        , sum(returns) as returns\n        , sum(profit) as profit\n from \n (select 'store channel' as channel\n        , 'store' || store_id as id\n        , sales\n        , returns\n        , profit\n from   ssr\n union all\n select 'catalog channel' as channel\n        , 'catalog_page' || catalog_page_id as id\n        , sales\n        , returns\n        , profit\n from  csr\n union all\n select 'web channel' as channel\n        , 'web_site' || web_site_id as id\n        , sales\n        , returns\n        , profit\n from   wsr\n ) x\n group by rollup (channel, id)\n order by channel\n         ,id\n limit 100;\n\n-- end query 61 in stream 0 using template query80.tpl\n",
    "indexes": "catalog_sales.cs_order_number",
    "wo plan est": {
      "Node Type": "Limit",
      "Parallel Aware": false,
      "Async Capable": false,
      "Startup Cost": 1566782.76,
      "Total Cost": 1566786.01,
      "Plan Rows": 100,
      "Plan Width": 160,
      "Plans": [
        {
          "Node Type": "Aggregate",
          "Strategy": "Sorted",
          "Partial Mode": "Simple",
          "Parent Relationship": "Outer",
          "Parallel Aware": false,
          "Async Capable": false,
          "Startup Cost": 1566782.76,
          "Total Cost": 1566795.8,
          "Plan Rows": 401,
          "Plan Width": 160,
          "Grouping Sets": [
            {
              "Group Keys": [
                [
                  "('store channel'::text)",
                  "(('store'::text || (ssr.store_id)::text))"
                ],
                [
                  "('store channel'::text)"
                ],
                []
              ]
            }
          ],
          "Plans": [
            {
              "Node Type": "Sort",
              "Parent Relationship": "Outer",
              "Parallel Aware": false,
              "Async Capable": false,
              "Startup Cost": 1566782.76,
              "Total Cost": 1566783.77,
              "Plan Rows": 401,
              "Plan Width": 160,
              "Sort Key": [
                "('store channel'::text)",
                "(('store'::text || (ssr.store_id)::text))"
              ],
              "Plans": [
                {
                  "Node Type": "Append",
                  "Parent Relationship": "Outer",
                  "Parallel Aware": false,
                  "Async Capable": false,
                  "Startup Cost": 784591.9,
                  "Total Cost": 1566765.43,
                  "Plan Rows": 401,
                  "Plan Width": 160,
                  "Subplans Removed": 0,
                  "Plans": [
                    {
                      "Node Type": "Subquery Scan",
                      "Parent Relationship": "Member",
                      "Parallel Aware": false,
                      "Async Capable": false,
                      "Alias": "ssr",
                      "Startup Cost": 784591.9,
                      "Total Cost": 784611.64,
                      "Plan Rows": 51,
                      "Plan Width": 160,
                      "Plans": [
                        {
                          "Node Type": "Aggregate",
                          "Strategy": "Sorted",
                          "Partial Mode": "Finalize",
                          "Parent Relationship": "Subquery",
                          "Parallel Aware": false,
                          "Async Capable": false,
                          "Startup Cost": 784591.9,
                          "Total Cost": 784610.87,
                          "Plan Rows": 51,
                          "Plan Width": 113,
                          "Group Key": [
                            "store.s_store_id"
                          ],
                          "Plans": [
                            {
                              "Node Type": "Gather Merge",
                              "Parent Relationship": "Outer",
                              "Parallel Aware": false,
                              "Async Capable": false,
                              "Startup Cost": 784591.9,
                              "Total Cost": 784608.2,
                              "Plan Rows": 102,
                              "Plan Width": 113,
                              "Workers Planned": 2,
                              "Plans": [
                                {
                                  "Node Type": "Aggregate",
                                  "Strategy": "Sorted",
                                  "Partial Mode": "Partial",
                                  "Parent Relationship": "Outer",
                                  "Parallel Aware": false,
                                  "Async Capable": false,
                                  "Startup Cost": 783591.88,
                                  "Total Cost": 783596.4,
                                  "Plan Rows": 51,
                                  "Plan Width": 113,
                                  "Group Key": [
                                    "store.s_store_id"
                                  ],
                                  "Plans": [
                                    {
                                      "Node Type": "Sort",
                                      "Parent Relationship": "Outer",
                                      "Parallel Aware": false,
                                      "Async Capable": false,
                                      "Startup Cost": 783591.88,
                                      "Total Cost": 783592.48,
                                      "Plan Rows": 242,
                                      "Plan Width": 41,
                                      "Sort Key": [
                                        "store.s_store_id"
                                      ],
                                      "Plans": [
                                        {
                                          "Node Type": "Hash Join",
                                          "Parent Relationship": "Outer",
                                          "Parallel Aware": false,
                                          "Async Capable": false,
                                          "Join Type": "Inner",
                                          "Startup Cost": 94489.35,
                                          "Total Cost": 783582.3,
                                          "Plan Rows": 242,
                                          "Plan Width": 41,
                                          "Inner Unique": false,
                                          "Hash Cond": "(store_sales.ss_store_sk = store.s_store_sk)",
                                          "Plans": [
                                            {
                                              "Node Type": "Hash Join",
                                              "Parent Relationship": "Outer",
                                              "Parallel Aware": false,
                                              "Async Capable": false,
                                              "Join Type": "Inner",
                                              "Startup Cost": 94482.05,
                                              "Total Cost": 783571.63,
                                              "Plan Rows": 254,
                                              "Plan Width": 28,
                                              "Inner Unique": false,
                                              "Hash Cond": "(store_sales.ss_promo_sk = promotion.p_promo_sk)",
                                              "Plans": [
                                                {
                                                  "Node Type": "Hash Join",
                                                  "Parent Relationship": "Outer",
                                                  "Parallel Aware": true,
                                                  "Async Capable": false,
                                                  "Join Type": "Inner",
                                                  "Startup Cost": 94456.65,
                                                  "Total Cost": 783542.68,
                                                  "Plan Rows": 270,
                                                  "Plan Width": 32,
                                                  "Inner Unique": false,
                                                  "Hash Cond": "(store_sales.ss_item_sk = item.i_item_sk)",
                                                  "Plans": [
                                                    {
                                                      "Node Type": "Hash Join",
                                                      "Parent Relationship": "Outer",
                                                      "Parallel Aware": true,
                                                      "Async Capable": false,
                                                      "Join Type": "Left",
                                                      "Startup Cost": 86930.88,
                                                      "Total Cost": 775998.13,
                                                      "Plan Rows": 4703,
                                                      "Plan Width": 36,
                                                      "Inner Unique": false,
                                                      "Hash Cond": "((store_sales.ss_item_sk = store_returns.sr_item_sk) AND (store_sales.ss_ticket_number = store_returns.sr_ticket_number))",
                                                      "Plans": [
                                                        {
                                                          "Node Type": "Hash Join",
                                                          "Parent Relationship": "Outer",
                                                          "Parallel Aware": true,
                                                          "Async Capable": false,
                                                          "Join Type": "Inner",
                                                          "Startup Cost": 2049.78,
                                                          "Total Cost": 683994.75,
                                                          "Plan Rows": 4703,
                                                          "Plan Width": 28,
                                                          "Inner Unique": false,
                                                          "Hash Cond": "(store_sales.ss_sold_date_sk = date_dim.d_date_sk)",
                                                          "Plans": [
                                                            {
                                                              "Node Type": "Seq Scan",
                                                              "Parent Relationship": "Outer",
                                                              "Parallel Aware": true,
                                                              "Async Capable": false,
                                                              "Relation Name": "store_sales",
                                                              "Alias": "store_sales",
                                                              "Startup Cost": 0.0,
                                                              "Total Cost": 636914.37,
                                                              "Plan Rows": 12000637,
                                                              "Plan Width": 32,
                                                              "parent": 13,
                                                              "ID": 14
                                                            },
                                                            {
                                                              "Node Type": "Hash",
                                                              "Parent Relationship": "Inner",
                                                              "Parallel Aware": true,
                                                              "Async Capable": false,
                                                              "Startup Cost": 2049.55,
                                                              "Total Cost": 2049.55,
                                                              "Plan Rows": 18,
                                                              "Plan Width": 4,
                                                              "Plans": [
                                                                {
                                                                  "Node Type": "Seq Scan",
                                                                  "Parent Relationship": "Outer",
                                                                  "Parallel Aware": true,
                                                                  "Async Capable": false,
                                                                  "Relation Name": "date_dim",
                                                                  "Alias": "date_dim",
                                                                  "Startup Cost": 0.0,
                                                                  "Total Cost": 2049.55,
                                                                  "Plan Rows": 18,
                                                                  "Plan Width": 4,
                                                                  "Filter": "((d_date >= '1998-08-19'::date) AND (d_date <= '1998-09-18 00:00:00'::timestamp without time zone))",
                                                                  "parent": 15,
                                                                  "ID": 16
                                                                }
                                                              ],
                                                              "parent": 13,
                                                              "ID": 15,
                                                              "left": 16
                                                            }
                                                          ],
                                                          "parent": 12,
                                                          "ID": 13,
                                                          "left": 14,
                                                          "right": 15
                                                        },
                                                        {
                                                          "Node Type": "Hash",
                                                          "Parent Relationship": "Inner",
                                                          "Parallel Aware": true,
                                                          "Async Capable": false,
                                                          "Startup Cost": 59887.64,
                                                          "Total Cost": 59887.64,
                                                          "Plan Rows": 1198164,
                                                          "Plan Width": 20,
                                                          "Plans": [
                                                            {
                                                              "Node Type": "Seq Scan",
                                                              "Parent Relationship": "Outer",
                                                              "Parallel Aware": true,
                                                              "Async Capable": false,
                                                              "Relation Name": "store_returns",
                                                              "Alias": "store_returns",
                                                              "Startup Cost": 0.0,
                                                              "Total Cost": 59887.64,
                                                              "Plan Rows": 1198164,
                                                              "Plan Width": 20,
                                                              "parent": 17,
                                                              "ID": 18
                                                            }
                                                          ],
                                                          "parent": 12,
                                                          "ID": 17,
                                                          "left": 18
                                                        }
                                                      ],
                                                      "parent": 11,
                                                      "ID": 12,
                                                      "left": 13,
                                                      "right": 17
                                                    },
                                                    {
                                                      "Node Type": "Hash",
                                                      "Parent Relationship": "Inner",
                                                      "Parallel Aware": true,
                                                      "Async Capable": false,
                                                      "Startup Cost": 7495.25,
                                                      "Total Cost": 7495.25,
                                                      "Plan Rows": 2442,
                                                      "Plan Width": 4,
                                                      "Plans": [
                                                        {
                                                          "Node Type": "Seq Scan",
                                                          "Parent Relationship": "Outer",
                                                          "Parallel Aware": true,
                                                          "Async Capable": false,
                                                          "Relation Name": "item",
                                                          "Alias": "item",
                                                          "Startup Cost": 0.0,
                                                          "Total Cost": 7495.25,
                                                          "Plan Rows": 2442,
                                                          "Plan Width": 4,
                                                          "Filter": "(i_current_price > '50'::numeric)",
                                                          "parent": 19,
                                                          "ID": 20
                                                        }
                                                      ],
                                                      "parent": 11,
                                                      "ID": 19,
                                                      "left": 20
                                                    }
                                                  ],
                                                  "parent": 10,
                                                  "ID": 11,
                                                  "left": 12,
                                                  "right": 19
                                                },
                                                {
                                                  "Node Type": "Hash",
                                                  "Parent Relationship": "Inner",
                                                  "Parallel Aware": false,
                                                  "Async Capable": false,
                                                  "Startup Cost": 19.25,
                                                  "Total Cost": 19.25,
                                                  "Plan Rows": 492,
                                                  "Plan Width": 4,
                                                  "Plans": [
                                                    {
                                                      "Node Type": "Seq Scan",
                                                      "Parent Relationship": "Outer",
                                                      "Parallel Aware": false,
                                                      "Async Capable": false,
                                                      "Relation Name": "promotion",
                                                      "Alias": "promotion",
                                                      "Startup Cost": 0.0,
                                                      "Total Cost": 19.25,
                                                      "Plan Rows": 492,
                                                      "Plan Width": 4,
                                                      "Filter": "(p_channel_tv = 'N'::bpchar)",
                                                      "parent": 21,
                                                      "ID": 22
                                                    }
                                                  ],
                                                  "parent": 10,
                                                  "ID": 21,
                                                  "left": 22
                                                }
                                              ],
                                              "parent": 9,
                                              "ID": 10,
                                              "left": 11,
                                              "right": 21
                                            },
                                            {
                                              "Node Type": "Hash",
                                              "Parent Relationship": "Inner",
                                              "Parallel Aware": false,
                                              "Async Capable": false,
                                              "Startup Cost": 6.02,
                                              "Total Cost": 6.02,
                                              "Plan Rows": 102,
                                              "Plan Width": 21,
                                              "Plans": [
                                                {
                                                  "Node Type": "Seq Scan",
                                                  "Parent Relationship": "Outer",
                                                  "Parallel Aware": false,
                                                  "Async Capable": false,
                                                  "Relation Name": "store",
                                                  "Alias": "store",
                                                  "Startup Cost": 0.0,
                                                  "Total Cost": 6.02,
                                                  "Plan Rows": 102,
                                                  "Plan Width": 21,
                                                  "parent": 23,
                                                  "ID": 24
                                                }
                                              ],
                                              "parent": 9,
                                              "ID": 23,
                                              "left": 24
                                            }
                                          ],
                                          "parent": 8,
                                          "ID": 9,
                                          "left": 10,
                                          "right": 23
                                        }
                                      ],
                                      "parent": 7,
                                      "ID": 8,
                                      "left": 9
                                    }
                                  ],
                                  "parent": 6,
                                  "ID": 7,
                                  "left": 8
                                }
                              ],
                              "parent": 5,
                              "ID": 6,
                              "left": 7
                            }
                          ],
                          "parent": 4,
                          "ID": 5,
                          "left": 6
                        }
                      ],
                      "parent": 3,
                      "ID": 4,
                      "left": 5
                    },
                    {
                      "Node Type": "Subquery Scan",
                      "Parent Relationship": "Member",
                      "Parallel Aware": false,
                      "Async Capable": false,
                      "Alias": "csr",
                      "Startup Cost": 518174.1,
                      "Total Cost": 518225.66,
                      "Plan Rows": 329,
                      "Plan Width": 160,
                      "Plans": [
                        {
                          "Node Type": "Aggregate",
                          "Strategy": "Sorted",
                          "Partial Mode": "Finalize",
                          "Parent Relationship": "Subquery",
                          "Parallel Aware": false,
                          "Async Capable": false,
                          "Startup Cost": 518174.1,
                          "Total Cost": 518220.73,
                          "Plan Rows": 329,
                          "Plan Width": 113,
                          "Group Key": [
                            "catalog_page.cp_catalog_page_id"
                          ],
                          "Plans": [
                            {
                              "Node Type": "Gather Merge",
                              "Parent Relationship": "Outer",
                              "Parallel Aware": false,
                              "Async Capable": false,
                              "Startup Cost": 518174.1,
                              "Total Cost": 518210.18,
                              "Plan Rows": 274,
                              "Plan Width": 113,
                              "Workers Planned": 2,
                              "Plans": [
                                {
                                  "Node Type": "Aggregate",
                                  "Strategy": "Sorted",
                                  "Partial Mode": "Partial",
                                  "Parent Relationship": "Outer",
                                  "Parallel Aware": false,
                                  "Async Capable": false,
                                  "Startup Cost": 517174.07,
                                  "Total Cost": 517178.53,
                                  "Plan Rows": 137,
                                  "Plan Width": 113,
                                  "Group Key": [
                                    "catalog_page.cp_catalog_page_id"
                                  ],
                                  "Plans": [
                                    {
                                      "Node Type": "Sort",
                                      "Parent Relationship": "Outer",
                                      "Parallel Aware": false,
                                      "Async Capable": false,
                                      "Startup Cost": 517174.07,
                                      "Total Cost": 517174.42,
                                      "Plan Rows": 137,
                                      "Plan Width": 41,
                                      "Sort Key": [
                                        "catalog_page.cp_catalog_page_id"
                                      ],
                                      "Plans": [
                                        {
                                          "Node Type": "Hash Join",
                                          "Parent Relationship": "Outer",
                                          "Parallel Aware": false,
                                          "Async Capable": false,
                                          "Join Type": "Inner",
                                          "Startup Cost": 57382.33,
                                          "Total Cost": 517169.21,
                                          "Plan Rows": 137,
                                          "Plan Width": 41,
                                          "Inner Unique": false,
                                          "Hash Cond": "(catalog_sales.cs_catalog_page_sk = catalog_page.cp_catalog_page_sk)",
                                          "Plans": [
                                            {
                                              "Node Type": "Hash Join",
                                              "Parent Relationship": "Outer",
                                              "Parallel Aware": false,
                                              "Async Capable": false,
                                              "Join Type": "Inner",
                                              "Startup Cost": 56864.33,
                                              "Total Cost": 516649.32,
                                              "Plan Rows": 138,
                                              "Plan Width": 28,
                                              "Inner Unique": false,
                                              "Hash Cond": "(catalog_sales.cs_promo_sk = promotion_1.p_promo_sk)",
                                              "Plans": [
                                                {
                                                  "Node Type": "Hash Join",
                                                  "Parent Relationship": "Outer",
                                                  "Parallel Aware": true,
                                                  "Async Capable": false,
                                                  "Join Type": "Inner",
                                                  "Startup Cost": 56838.93,
                                                  "Total Cost": 516622.01,
                                                  "Plan Rows": 141,
                                                  "Plan Width": 32,
                                                  "Inner Unique": false,
                                                  "Hash Cond": "(catalog_sales.cs_item_sk = item_1.i_item_sk)",
                                                  "Plans": [
                                                    {
                                                      "Node Type": "Hash Join",
                                                      "Parent Relationship": "Outer",
                                                      "Parallel Aware": true,
                                                      "Async Capable": false,
                                                      "Join Type": "Left",
                                                      "Startup Cost": 49313.15,
                                                      "Total Cost": 509086.46,
                                                      "Plan Rows": 2450,
                                                      "Plan Width": 36,
                                                      "Inner Unique": false,
                                                      "Hash Cond": "((catalog_sales.cs_item_sk = catalog_returns.cr_item_sk) AND (catalog_sales.cs_order_number = catalog_returns.cr_order_number))",
                                                      "Plans": [
                                                        {
                                                          "Node Type": "Hash Join",
                                                          "Parent Relationship": "Outer",
                                                          "Parallel Aware": true,
                                                          "Async Capable": false,
                                                          "Join Type": "Inner",
                                                          "Startup Cost": 2049.78,
                                                          "Total Cost": 458254.7,
                                                          "Plan Rows": 2450,
                                                          "Plan Width": 28,
                                                          "Inner Unique": false,
                                                          "Hash Cond": "(catalog_sales.cs_sold_date_sk = date_dim_1.d_date_sk)",
                                                          "Plans": [
                                                            {
                                                              "Node Type": "Seq Scan",
                                                              "Parent Relationship": "Outer",
                                                              "Parallel Aware": true,
                                                              "Async Capable": false,
                                                              "Relation Name": "catalog_sales",
                                                              "Alias": "catalog_sales",
                                                              "Startup Cost": 0.0,
                                                              "Total Cost": 433688.25,
                                                              "Plan Rows": 6000525,
                                                              "Plan Width": 32,
                                                              "parent": 34,
                                                              "ID": 35
                                                            },
                                                            {
                                                              "Node Type": "Hash",
                                                              "Parent Relationship": "Inner",
                                                              "Parallel Aware": true,
                                                              "Async Capable": false,
                                                              "Startup Cost": 2049.55,
                                                              "Total Cost": 2049.55,
                                                              "Plan Rows": 18,
                                                              "Plan Width": 4,
                                                              "Plans": [
                                                                {
                                                                  "Node Type": "Seq Scan",
                                                                  "Parent Relationship": "Outer",
                                                                  "Parallel Aware": true,
                                                                  "Async Capable": false,
                                                                  "Relation Name": "date_dim",
                                                                  "Alias": "date_dim_1",
                                                                  "Startup Cost": 0.0,
                                                                  "Total Cost": 2049.55,
                                                                  "Plan Rows": 18,
                                                                  "Plan Width": 4,
                                                                  "Filter": "((d_date >= '1998-08-19'::date) AND (d_date <= '1998-09-18 00:00:00'::timestamp without time zone))",
                                                                  "parent": 36,
                                                                  "ID": 37
                                                                }
                                                              ],
                                                              "parent": 34,
                                                              "ID": 36,
                                                              "left": 37
                                                            }
                                                          ],
                                                          "parent": 33,
                                                          "ID": 34,
                                                          "left": 35,
                                                          "right": 36
                                                        },
                                                        {
                                                          "Node Type": "Hash",
                                                          "Parent Relationship": "Inner",
                                                          "Parallel Aware": true,
                                                          "Async Capable": false,
                                                          "Startup Cost": 34748.95,
                                                          "Total Cost": 34748.95,
                                                          "Plan Rows": 599895,
                                                          "Plan Width": 20,
                                                          "Plans": [
                                                            {
                                                              "Node Type": "Seq Scan",
                                                              "Parent Relationship": "Outer",
                                                              "Parallel Aware": true,
                                                              "Async Capable": false,
                                                              "Relation Name": "catalog_returns",
                                                              "Alias": "catalog_returns",
                                                              "Startup Cost": 0.0,
                                                              "Total Cost": 34748.95,
                                                              "Plan Rows": 599895,
                                                              "Plan Width": 20,
                                                              "parent": 38,
                                                              "ID": 39
                                                            }
                                                          ],
                                                          "parent": 33,
                                                          "ID": 38,
                                                          "left": 39
                                                        }
                                                      ],
                                                      "parent": 32,
                                                      "ID": 33,
                                                      "left": 34,
                                                      "right": 38
                                                    },
                                                    {
                                                      "Node Type": "Hash",
                                                      "Parent Relationship": "Inner",
                                                      "Parallel Aware": true,
                                                      "Async Capable": false,
                                                      "Startup Cost": 7495.25,
                                                      "Total Cost": 7495.25,
                                                      "Plan Rows": 2442,
                                                      "Plan Width": 4,
                                                      "Plans": [
                                                        {
                                                          "Node Type": "Seq Scan",
                                                          "Parent Relationship": "Outer",
                                                          "Parallel Aware": true,
                                                          "Async Capable": false,
                                                          "Relation Name": "item",
                                                          "Alias": "item_1",
                                                          "Startup Cost": 0.0,
                                                          "Total Cost": 7495.25,
                                                          "Plan Rows": 2442,
                                                          "Plan Width": 4,
                                                          "Filter": "(i_current_price > '50'::numeric)",
                                                          "parent": 40,
                                                          "ID": 41
                                                        }
                                                      ],
                                                      "parent": 32,
                                                      "ID": 40,
                                                      "left": 41
                                                    }
                                                  ],
                                                  "parent": 31,
                                                  "ID": 32,
                                                  "left": 33,
                                                  "right": 40
                                                },
                                                {
                                                  "Node Type": "Hash",
                                                  "Parent Relationship": "Inner",
                                                  "Parallel Aware": false,
                                                  "Async Capable": false,
                                                  "Startup Cost": 19.25,
                                                  "Total Cost": 19.25,
                                                  "Plan Rows": 492,
                                                  "Plan Width": 4,
                                                  "Plans": [
                                                    {
                                                      "Node Type": "Seq Scan",
                                                      "Parent Relationship": "Outer",
                                                      "Parallel Aware": false,
                                                      "Async Capable": false,
                                                      "Relation Name": "promotion",
                                                      "Alias": "promotion_1",
                                                      "Startup Cost": 0.0,
                                                      "Total Cost": 19.25,
                                                      "Plan Rows": 492,
                                                      "Plan Width": 4,
                                                      "Filter": "(p_channel_tv = 'N'::bpchar)",
                                                      "parent": 42,
                                                      "ID": 43
                                                    }
                                                  ],
                                                  "parent": 31,
                                                  "ID": 42,
                                                  "left": 43
                                                }
                                              ],
                                              "parent": 30,
                                              "ID": 31,
                                              "left": 32,
                                              "right": 42
                                            },
                                            {
                                              "Node Type": "Hash",
                                              "Parent Relationship": "Inner",
                                              "Parallel Aware": false,
                                              "Async Capable": false,
                                              "Startup Cost": 368.0,
                                              "Total Cost": 368.0,
                                              "Plan Rows": 12000,
                                              "Plan Width": 21,
                                              "Plans": [
                                                {
                                                  "Node Type": "Seq Scan",
                                                  "Parent Relationship": "Outer",
                                                  "Parallel Aware": false,
                                                  "Async Capable": false,
                                                  "Relation Name": "catalog_page",
                                                  "Alias": "catalog_page",
                                                  "Startup Cost": 0.0,
                                                  "Total Cost": 368.0,
                                                  "Plan Rows": 12000,
                                                  "Plan Width": 21,
                                                  "parent": 44,
                                                  "ID": 45
                                                }
                                              ],
                                              "parent": 30,
                                              "ID": 44,
                                              "left": 45
                                            }
                                          ],
                                          "parent": 29,
                                          "ID": 30,
                                          "left": 31,
                                          "right": 44
                                        }
                                      ],
                                      "parent": 28,
                                      "ID": 29,
                                      "left": 30
                                    }
                                  ],
                                  "parent": 27,
                                  "ID": 28,
                                  "left": 29
                                }
                              ],
                              "parent": 26,
                              "ID": 27,
                              "left": 28
                            }
                          ],
                          "parent": 25,
                          "ID": 26,
                          "left": 27
                        }
                      ],
                      "parent": 3,
                      "ID": 25,
                      "left": 26
                    },
                    {
                      "Node Type": "Subquery Scan",
                      "Parent Relationship": "Member",
                      "Parallel Aware": false,
                      "Async Capable": false,
                      "Alias": "wsr",
                      "Startup Cost": 263918.43,
                      "Total Cost": 263926.12,
                      "Plan Rows": 21,
                      "Plan Width": 160,
                      "Plans": [
                        {
                          "Node Type": "Aggregate",
                          "Strategy": "Sorted",
                          "Partial Mode": "Finalize",
                          "Parent Relationship": "Subquery",
                          "Parallel Aware": false,
                          "Async Capable": false,
                          "Startup Cost": 263918.43,
                          "Total Cost": 263925.8,
                          "Plan Rows": 21,
                          "Plan Width": 113,
                          "Group Key": [
                            "web_site.web_site_id"
                          ],
                          "Plans": [
                            {
                              "Node Type": "Gather Merge",
                              "Parent Relationship": "Outer",
                              "Parallel Aware": false,
                              "Async Capable": false,
                              "Startup Cost": 263918.43,
                              "Total Cost": 263924.7,
                              "Plan Rows": 42,
                              "Plan Width": 113,
                              "Workers Planned": 2,
                              "Plans": [
                                {
                                  "Node Type": "Aggregate",
                                  "Strategy": "Sorted",
                                  "Partial Mode": "Partial",
                                  "Parent Relationship": "Outer",
                                  "Parallel Aware": false,
                                  "Async Capable": false,
                                  "Startup Cost": 262918.41,
                                  "Total Cost": 262919.83,
                                  "Plan Rows": 21,
                                  "Plan Width": 113,
                                  "Group Key": [
                                    "web_site.web_site_id"
                                  ],
                                  "Plans": [
                                    {
                                      "Node Type": "Sort",
                                      "Parent Relationship": "Outer",
                                      "Parallel Aware": false,
                                      "Async Capable": false,
                                      "Startup Cost": 262918.41,
                                      "Total Cost": 262918.59,
                                      "Plan Rows": 70,
                                      "Plan Width": 41,
                                      "Sort Key": [
                                        "web_site.web_site_id"
                                      ],
                                      "Plans": [
                                        {
                                          "Node Type": "Hash Join",
                                          "Parent Relationship": "Outer",
                                          "Parallel Aware": false,
                                          "Async Capable": false,
                                          "Join Type": "Inner",
                                          "Startup Cost": 32134.74,
                                          "Total Cost": 262916.27,
                                          "Plan Rows": 70,
                                          "Plan Width": 41,
                                          "Inner Unique": false,
                                          "Hash Cond": "(web_sales.ws_web_site_sk = web_site.web_site_sk)",
                                          "Plans": [
                                            {
                                              "Node Type": "Hash Join",
                                              "Parent Relationship": "Outer",
                                              "Parallel Aware": false,
                                              "Async Capable": false,
                                              "Join Type": "Inner",
                                              "Startup Cost": 32130.8,
                                              "Total Cost": 262911.36,
                                              "Plan Rows": 70,
                                              "Plan Width": 28,
                                              "Inner Unique": false,
                                              "Hash Cond": "(web_sales.ws_promo_sk = promotion_2.p_promo_sk)",
                                              "Plans": [
                                                {
                                                  "Node Type": "Hash Join",
                                                  "Parent Relationship": "Outer",
                                                  "Parallel Aware": true,
                                                  "Async Capable": false,
                                                  "Join Type": "Inner",
                                                  "Startup Cost": 32105.4,
                                                  "Total Cost": 262884.99,
                                                  "Plan Rows": 71,
                                                  "Plan Width": 32,
                                                  "Inner Unique": false,
                                                  "Hash Cond": "(web_sales.ws_item_sk = item_2.i_item_sk)",
                                                  "Plans": [
                                                    {
                                                      "Node Type": "Hash Join",
                                                      "Parent Relationship": "Outer",
                                                      "Parallel Aware": true,
                                                      "Async Capable": false,
                                                      "Join Type": "Left",
                                                      "Startup Cost": 24579.62,
                                                      "Total Cost": 255354.31,
                                                      "Plan Rows": 1231,
                                                      "Plan Width": 36,
                                                      "Inner Unique": false,
                                                      "Hash Cond": "((web_sales.ws_item_sk = web_returns.wr_item_sk) AND (web_sales.ws_order_number = web_returns.wr_order_number))",
                                                      "Plans": [
                                                        {
                                                          "Node Type": "Hash Join",
                                                          "Parent Relationship": "Outer",
                                                          "Parallel Aware": true,
                                                          "Async Capable": false,
                                                          "Join Type": "Inner",
                                                          "Startup Cost": 2049.78,
                                                          "Total Cost": 231041.22,
                                                          "Plan Rows": 1231,
                                                          "Plan Width": 28,
                                                          "Inner Unique": false,
                                                          "Hash Cond": "(web_sales.ws_sold_date_sk = date_dim_2.d_date_sk)",
                                                          "Plans": [
                                                            {
                                                              "Node Type": "Seq Scan",
                                                              "Parent Relationship": "Outer",
                                                              "Parallel Aware": true,
                                                              "Async Capable": false,
                                                              "Relation Name": "web_sales",
                                                              "Alias": "web_sales",
                                                              "Startup Cost": 0.0,
                                                              "Total Cost": 217737.86,
                                                              "Plan Rows": 2998986,
                                                              "Plan Width": 32,
                                                              "parent": 55,
                                                              "ID": 56
                                                            },
                                                            {
                                                              "Node Type": "Hash",
                                                              "Parent Relationship": "Inner",
                                                              "Parallel Aware": true,
                                                              "Async Capable": false,
                                                              "Startup Cost": 2049.55,
                                                              "Total Cost": 2049.55,
                                                              "Plan Rows": 18,
                                                              "Plan Width": 4,
                                                              "Plans": [
                                                                {
                                                                  "Node Type": "Seq Scan",
                                                                  "Parent Relationship": "Outer",
                                                                  "Parallel Aware": true,
                                                                  "Async Capable": false,
                                                                  "Relation Name": "date_dim",
                                                                  "Alias": "date_dim_2",
                                                                  "Startup Cost": 0.0,
                                                                  "Total Cost": 2049.55,
                                                                  "Plan Rows": 18,
                                                                  "Plan Width": 4,
                                                                  "Filter": "((d_date >= '1998-08-19'::date) AND (d_date <= '1998-09-18 00:00:00'::timestamp without time zone))",
                                                                  "parent": 57,
                                                                  "ID": 58
                                                                }
                                                              ],
                                                              "parent": 55,
                                                              "ID": 57,
                                                              "left": 58
                                                            }
                                                          ],
                                                          "parent": 54,
                                                          "ID": 55,
                                                          "left": 56,
                                                          "right": 57
                                                        },
                                                        {
                                                          "Node Type": "Hash",
                                                          "Parent Relationship": "Inner",
                                                          "Parallel Aware": true,
                                                          "Async Capable": false,
                                                          "Startup Cost": 16278.74,
                                                          "Total Cost": 16278.74,
                                                          "Plan Rows": 299674,
                                                          "Plan Width": 20,
                                                          "Plans": [
                                                            {
                                                              "Node Type": "Seq Scan",
                                                              "Parent Relationship": "Outer",
                                                              "Parallel Aware": true,
                                                              "Async Capable": false,
                                                              "Relation Name": "web_returns",
                                                              "Alias": "web_returns",
                                                              "Startup Cost": 0.0,
                                                              "Total Cost": 16278.74,
                                                              "Plan Rows": 299674,
                                                              "Plan Width": 20,
                                                              "parent": 59,
                                                              "ID": 60
                                                            }
                                                          ],
                                                          "parent": 54,
                                                          "ID": 59,
                                                          "left": 60
                                                        }
                                                      ],
                                                      "parent": 53,
                                                      "ID": 54,
                                                      "left": 55,
                                                      "right": 59
                                                    },
                                                    {
                                                      "Node Type": "Hash",
                                                      "Parent Relationship": "Inner",
                                                      "Parallel Aware": true,
                                                      "Async Capable": false,
                                                      "Startup Cost": 7495.25,
                                                      "Total Cost": 7495.25,
                                                      "Plan Rows": 2442,
                                                      "Plan Width": 4,
                                                      "Plans": [
                                                        {
                                                          "Node Type": "Seq Scan",
                                                          "Parent Relationship": "Outer",
                                                          "Parallel Aware": true,
                                                          "Async Capable": false,
                                                          "Relation Name": "item",
                                                          "Alias": "item_2",
                                                          "Startup Cost": 0.0,
                                                          "Total Cost": 7495.25,
                                                          "Plan Rows": 2442,
                                                          "Plan Width": 4,
                                                          "Filter": "(i_current_price > '50'::numeric)",
                                                          "parent": 61,
                                                          "ID": 62
                                                        }
                                                      ],
                                                      "parent": 53,
                                                      "ID": 61,
                                                      "left": 62
                                                    }
                                                  ],
                                                  "parent": 52,
                                                  "ID": 53,
                                                  "left": 54,
                                                  "right": 61
                                                },
                                                {
                                                  "Node Type": "Hash",
                                                  "Parent Relationship": "Inner",
                                                  "Parallel Aware": false,
                                                  "Async Capable": false,
                                                  "Startup Cost": 19.25,
                                                  "Total Cost": 19.25,
                                                  "Plan Rows": 492,
                                                  "Plan Width": 4,
                                                  "Plans": [
                                                    {
                                                      "Node Type": "Seq Scan",
                                                      "Parent Relationship": "Outer",
                                                      "Parallel Aware": false,
                                                      "Async Capable": false,
                                                      "Relation Name": "promotion",
                                                      "Alias": "promotion_2",
                                                      "Startup Cost": 0.0,
                                                      "Total Cost": 19.25,
                                                      "Plan Rows": 492,
                                                      "Plan Width": 4,
                                                      "Filter": "(p_channel_tv = 'N'::bpchar)",
                                                      "parent": 63,
                                                      "ID": 64
                                                    }
                                                  ],
                                                  "parent": 52,
                                                  "ID": 63,
                                                  "left": 64
                                                }
                                              ],
                                              "parent": 51,
                                              "ID": 52,
                                              "left": 53,
                                              "right": 63
                                            },
                                            {
                                              "Node Type": "Hash",
                                              "Parent Relationship": "Inner",
                                              "Parallel Aware": false,
                                              "Async Capable": false,
                                              "Startup Cost": 3.42,
                                              "Total Cost": 3.42,
                                              "Plan Rows": 42,
                                              "Plan Width": 21,
                                              "Plans": [
                                                {
                                                  "Node Type": "Seq Scan",
                                                  "Parent Relationship": "Outer",
                                                  "Parallel Aware": false,
                                                  "Async Capable": false,
                                                  "Relation Name": "web_site",
                                                  "Alias": "web_site",
                                                  "Startup Cost": 0.0,
                                                  "Total Cost": 3.42,
                                                  "Plan Rows": 42,
                                                  "Plan Width": 21,
                                                  "parent": 65,
                                                  "ID": 66
                                                }
                                              ],
                                              "parent": 51,
                                              "ID": 65,
                                              "left": 66
                                            }
                                          ],
                                          "parent": 50,
                                          "ID": 51,
                                          "left": 52,
                                          "right": 65
                                        }
                                      ],
                                      "parent": 49,
                                      "ID": 50,
                                      "left": 51
                                    }
                                  ],
                                  "parent": 48,
                                  "ID": 49,
                                  "left": 50
                                }
                              ],
                              "parent": 47,
                              "ID": 48,
                              "left": 49
                            }
                          ],
                          "parent": 46,
                          "ID": 47,
                          "left": 48
                        }
                      ],
                      "parent": 3,
                      "ID": 46,
                      "left": 47
                    }
                  ],
                  "parent": 2,
                  "ID": 3,
                  "left": 4,
                  "right": 25
                }
              ],
              "parent": 1,
              "ID": 2,
              "left": 3
            }
          ],
          "parent": 0,
          "ID": 1,
          "left": 2
        }
      ],
      "parent": null,
      "ID": 0,
      "left": 1
    },
    "feat": {
      "utility": 2.1799941988277784e-06,
      "query_shape": [
        [
          "Seq Scan",
          "Hash Join",
          "Sort",
          "Aggregate",
          "Gather Merge",
          "Subquery Scan",
          "Append"
        ],
        [
          "Seq Scan",
          "Hash",
          "Hash Join",
          "Sort",
          "Aggregate",
          "Gather Merge",
          "Subquery Scan",
          "Append"
        ],
        [
          "Seq Scan",
          "Hash",
          "Hash Join",
          "Sort",
          "Aggregate",
          "Gather Merge",
          "Subquery Scan",
          "Append"
        ],
        [
          "Seq Scan",
          "Hash",
          "Hash Join",
          "Sort",
          "Aggregate",
          "Gather Merge",
          "Subquery Scan",
          "Append"
        ],
        [
          "Seq Scan",
          "Hash",
          "Hash Join",
          "Sort",
          "Aggregate",
          "Gather Merge",
          "Subquery Scan",
          "Append"
        ],
        [
          "Seq Scan",
          "Hash",
          "Hash Join",
          "Sort",
          "Aggregate",
          "Gather Merge",
          "Subquery Scan",
          "Append"
        ],
        [
          "Seq Scan",
          "Hash Join",
          "Sort",
          "Aggregate",
          "Gather Merge",
          "Subquery Scan",
          "Append"
        ],
        [
          "Seq Scan",
          "Hash",
          "Hash Join",
          "Sort",
          "Aggregate",
          "Gather Merge",
          "Subquery Scan",
          "Append"
        ],
        [
          "Seq Scan",
          "Hash",
          "Hash Join",
          "Sort",
          "Aggregate",
          "Gather Merge",
          "Subquery Scan",
          "Append"
        ],
        [
          "Seq Scan",
          "Hash",
          "Hash Join",
          "Sort",
          "Aggregate",
          "Gather Merge",
          "Subquery Scan",
          "Append"
        ],
        [
          "Seq Scan",
          "Hash",
          "Hash Join",
          "Sort",
          "Aggregate",
          "Gather Merge",
          "Subquery Scan",
          "Append"
        ],
        [
          "Seq Scan",
          "Hash",
          "Hash Join",
          "Sort",
          "Aggregate",
          "Gather Merge",
          "Subquery Scan",
          "Append"
        ],
        [
          "Seq Scan",
          "Hash Join",
          "Sort",
          "Aggregate",
          "Gather Merge",
          "Subquery Scan",
          "Append"
        ],
        [
          "Seq Scan",
          "Hash",
          "Hash Join",
          "Sort",
          "Aggregate",
          "Gather Merge",
          "Subquery Scan",
          "Append"
        ],
        [
          "Seq Scan",
          "Hash",
          "Hash Join",
          "Sort",
          "Aggregate",
          "Gather Merge",
          "Subquery Scan",
          "Append"
        ],
        [
          "Seq Scan",
          "Hash",
          "Hash Join",
          "Sort",
          "Aggregate",
          "Gather Merge",
          "Subquery Scan",
          "Append"
        ],
        [
          "Seq Scan",
          "Hash",
          "Hash Join",
          "Sort",
          "Aggregate",
          "Gather Merge",
          "Subquery Scan",
          "Append"
        ],
        [
          "Seq Scan",
          "Hash",
          "Hash Join",
          "Sort",
          "Aggregate",
          "Gather Merge",
          "Subquery Scan",
          "Append"
        ]
      ],
      "index_shape": [
        "join"
      ],
      "physical_operator": {
        "Hash Join": [
          0.0012911074255784968
        ]
      }
    }
  },
  {
    "query": "with ssr as\n (select  s_store_id as store_id,\n          sum(ss_ext_sales_price) as sales,\n          sum(coalesce(sr_return_amt, 0)) as returns,\n          sum(ss_net_profit - coalesce(sr_net_loss, 0)) as profit\n  from store_sales left outer join store_returns on\n         (ss_item_sk = sr_item_sk and ss_ticket_number = sr_ticket_number),\n     date_dim,\n     store,\n     item,\n     promotion\n where ss_sold_date_sk = d_date_sk\n       and d_date between cast('1998-08-19' as date) \n                  and (cast('1998-08-19' as date) +  interval '30 days')\n       and ss_store_sk = s_store_sk\n       and ss_item_sk = i_item_sk\n       and i_current_price > 50\n       and ss_promo_sk = p_promo_sk\n       and p_channel_tv = 'N'\n group by s_store_id)\n ,\n csr as\n (select  cp_catalog_page_id as catalog_page_id,\n          sum(cs_ext_sales_price) as sales,\n          sum(coalesce(cr_return_amount, 0)) as returns,\n          sum(cs_net_profit - coalesce(cr_net_loss, 0)) as profit\n  from catalog_sales left outer join catalog_returns on\n         (cs_item_sk = cr_item_sk and cs_order_number = cr_order_number),\n     date_dim,\n     catalog_page,\n     item,\n     promotion\n where cs_sold_date_sk = d_date_sk\n       and d_date between cast('1998-08-19' as date)\n                  and (cast('1998-08-19' as date) +  interval '30 days')\n        and cs_catalog_page_sk = cp_catalog_page_sk\n       and cs_item_sk = i_item_sk\n       and i_current_price > 50\n       and cs_promo_sk = p_promo_sk\n       and p_channel_tv = 'N'\ngroup by cp_catalog_page_id)\n ,\n wsr as\n (select  web_site_id,\n          sum(ws_ext_sales_price) as sales,\n          sum(coalesce(wr_return_amt, 0)) as returns,\n          sum(ws_net_profit - coalesce(wr_net_loss, 0)) as profit\n  from web_sales left outer join web_returns on\n         (ws_item_sk = wr_item_sk and ws_order_number = wr_order_number),\n     date_dim,\n     web_site,\n     item,\n     promotion\n where ws_sold_date_sk = d_date_sk\n       and d_date between cast('1998-08-19' as date)\n                  and (cast('1998-08-19' as date) +  interval '30 days')\n        and ws_web_site_sk = web_site_sk\n       and ws_item_sk = i_item_sk\n       and i_current_price > 50\n       and ws_promo_sk = p_promo_sk\n       and p_channel_tv = 'N'\ngroup by web_site_id)\n  select  channel\n        , id\n        , sum(sales) as sales\n        , sum(returns) as returns\n        , sum(profit) as profit\n from \n (select 'store channel' as channel\n        , 'store' || store_id as id\n        , sales\n        , returns\n        , profit\n from   ssr\n union all\n select 'catalog channel' as channel\n        , 'catalog_page' || catalog_page_id as id\n        , sales\n        , returns\n        , profit\n from  csr\n union all\n select 'web channel' as channel\n        , 'web_site' || web_site_id as id\n        , sales\n        , returns\n        , profit\n from   wsr\n ) x\n group by rollup (channel, id)\n order by channel\n         ,id\n limit 100;\n\n-- end query 61 in stream 0 using template query80.tpl\n",
    "indexes": "catalog_sales.cs_ext_sales_price",
    "wo plan est": {
      "Node Type": "Limit",
      "Parallel Aware": false,
      "Async Capable": false,
      "Startup Cost": 1566782.76,
      "Total Cost": 1566786.01,
      "Plan Rows": 100,
      "Plan Width": 160,
      "Plans": [
        {
          "Node Type": "Aggregate",
          "Strategy": "Sorted",
          "Partial Mode": "Simple",
          "Parent Relationship": "Outer",
          "Parallel Aware": false,
          "Async Capable": false,
          "Startup Cost": 1566782.76,
          "Total Cost": 1566795.8,
          "Plan Rows": 401,
          "Plan Width": 160,
          "Grouping Sets": [
            {
              "Group Keys": [
                [
                  "('store channel'::text)",
                  "(('store'::text || (ssr.store_id)::text))"
                ],
                [
                  "('store channel'::text)"
                ],
                []
              ]
            }
          ],
          "Plans": [
            {
              "Node Type": "Sort",
              "Parent Relationship": "Outer",
              "Parallel Aware": false,
              "Async Capable": false,
              "Startup Cost": 1566782.76,
              "Total Cost": 1566783.77,
              "Plan Rows": 401,
              "Plan Width": 160,
              "Sort Key": [
                "('store channel'::text)",
                "(('store'::text || (ssr.store_id)::text))"
              ],
              "Plans": [
                {
                  "Node Type": "Append",
                  "Parent Relationship": "Outer",
                  "Parallel Aware": false,
                  "Async Capable": false,
                  "Startup Cost": 784591.9,
                  "Total Cost": 1566765.43,
                  "Plan Rows": 401,
                  "Plan Width": 160,
                  "Subplans Removed": 0,
                  "Plans": [
                    {
                      "Node Type": "Subquery Scan",
                      "Parent Relationship": "Member",
                      "Parallel Aware": false,
                      "Async Capable": false,
                      "Alias": "ssr",
                      "Startup Cost": 784591.9,
                      "Total Cost": 784611.64,
                      "Plan Rows": 51,
                      "Plan Width": 160,
                      "Plans": [
                        {
                          "Node Type": "Aggregate",
                          "Strategy": "Sorted",
                          "Partial Mode": "Finalize",
                          "Parent Relationship": "Subquery",
                          "Parallel Aware": false,
                          "Async Capable": false,
                          "Startup Cost": 784591.9,
                          "Total Cost": 784610.87,
                          "Plan Rows": 51,
                          "Plan Width": 113,
                          "Group Key": [
                            "store.s_store_id"
                          ],
                          "Plans": [
                            {
                              "Node Type": "Gather Merge",
                              "Parent Relationship": "Outer",
                              "Parallel Aware": false,
                              "Async Capable": false,
                              "Startup Cost": 784591.9,
                              "Total Cost": 784608.2,
                              "Plan Rows": 102,
                              "Plan Width": 113,
                              "Workers Planned": 2,
                              "Plans": [
                                {
                                  "Node Type": "Aggregate",
                                  "Strategy": "Sorted",
                                  "Partial Mode": "Partial",
                                  "Parent Relationship": "Outer",
                                  "Parallel Aware": false,
                                  "Async Capable": false,
                                  "Startup Cost": 783591.88,
                                  "Total Cost": 783596.4,
                                  "Plan Rows": 51,
                                  "Plan Width": 113,
                                  "Group Key": [
                                    "store.s_store_id"
                                  ],
                                  "Plans": [
                                    {
                                      "Node Type": "Sort",
                                      "Parent Relationship": "Outer",
                                      "Parallel Aware": false,
                                      "Async Capable": false,
                                      "Startup Cost": 783591.88,
                                      "Total Cost": 783592.48,
                                      "Plan Rows": 242,
                                      "Plan Width": 41,
                                      "Sort Key": [
                                        "store.s_store_id"
                                      ],
                                      "Plans": [
                                        {
                                          "Node Type": "Hash Join",
                                          "Parent Relationship": "Outer",
                                          "Parallel Aware": false,
                                          "Async Capable": false,
                                          "Join Type": "Inner",
                                          "Startup Cost": 94489.35,
                                          "Total Cost": 783582.3,
                                          "Plan Rows": 242,
                                          "Plan Width": 41,
                                          "Inner Unique": false,
                                          "Hash Cond": "(store_sales.ss_store_sk = store.s_store_sk)",
                                          "Plans": [
                                            {
                                              "Node Type": "Hash Join",
                                              "Parent Relationship": "Outer",
                                              "Parallel Aware": false,
                                              "Async Capable": false,
                                              "Join Type": "Inner",
                                              "Startup Cost": 94482.05,
                                              "Total Cost": 783571.63,
                                              "Plan Rows": 254,
                                              "Plan Width": 28,
                                              "Inner Unique": false,
                                              "Hash Cond": "(store_sales.ss_promo_sk = promotion.p_promo_sk)",
                                              "Plans": [
                                                {
                                                  "Node Type": "Hash Join",
                                                  "Parent Relationship": "Outer",
                                                  "Parallel Aware": true,
                                                  "Async Capable": false,
                                                  "Join Type": "Inner",
                                                  "Startup Cost": 94456.65,
                                                  "Total Cost": 783542.68,
                                                  "Plan Rows": 270,
                                                  "Plan Width": 32,
                                                  "Inner Unique": false,
                                                  "Hash Cond": "(store_sales.ss_item_sk = item.i_item_sk)",
                                                  "Plans": [
                                                    {
                                                      "Node Type": "Hash Join",
                                                      "Parent Relationship": "Outer",
                                                      "Parallel Aware": true,
                                                      "Async Capable": false,
                                                      "Join Type": "Left",
                                                      "Startup Cost": 86930.88,
                                                      "Total Cost": 775998.13,
                                                      "Plan Rows": 4703,
                                                      "Plan Width": 36,
                                                      "Inner Unique": false,
                                                      "Hash Cond": "((store_sales.ss_item_sk = store_returns.sr_item_sk) AND (store_sales.ss_ticket_number = store_returns.sr_ticket_number))",
                                                      "Plans": [
                                                        {
                                                          "Node Type": "Hash Join",
                                                          "Parent Relationship": "Outer",
                                                          "Parallel Aware": true,
                                                          "Async Capable": false,
                                                          "Join Type": "Inner",
                                                          "Startup Cost": 2049.78,
                                                          "Total Cost": 683994.75,
                                                          "Plan Rows": 4703,
                                                          "Plan Width": 28,
                                                          "Inner Unique": false,
                                                          "Hash Cond": "(store_sales.ss_sold_date_sk = date_dim.d_date_sk)",
                                                          "Plans": [
                                                            {
                                                              "Node Type": "Seq Scan",
                                                              "Parent Relationship": "Outer",
                                                              "Parallel Aware": true,
                                                              "Async Capable": false,
                                                              "Relation Name": "store_sales",
                                                              "Alias": "store_sales",
                                                              "Startup Cost": 0.0,
                                                              "Total Cost": 636914.37,
                                                              "Plan Rows": 12000637,
                                                              "Plan Width": 32,
                                                              "parent": 13,
                                                              "ID": 14
                                                            },
                                                            {
                                                              "Node Type": "Hash",
                                                              "Parent Relationship": "Inner",
                                                              "Parallel Aware": true,
                                                              "Async Capable": false,
                                                              "Startup Cost": 2049.55,
                                                              "Total Cost": 2049.55,
                                                              "Plan Rows": 18,
                                                              "Plan Width": 4,
                                                              "Plans": [
                                                                {
                                                                  "Node Type": "Seq Scan",
                                                                  "Parent Relationship": "Outer",
                                                                  "Parallel Aware": true,
                                                                  "Async Capable": false,
                                                                  "Relation Name": "date_dim",
                                                                  "Alias": "date_dim",
                                                                  "Startup Cost": 0.0,
                                                                  "Total Cost": 2049.55,
                                                                  "Plan Rows": 18,
                                                                  "Plan Width": 4,
                                                                  "Filter": "((d_date >= '1998-08-19'::date) AND (d_date <= '1998-09-18 00:00:00'::timestamp without time zone))",
                                                                  "parent": 15,
                                                                  "ID": 16
                                                                }
                                                              ],
                                                              "parent": 13,
                                                              "ID": 15,
                                                              "left": 16
                                                            }
                                                          ],
                                                          "parent": 12,
                                                          "ID": 13,
                                                          "left": 14,
                                                          "right": 15
                                                        },
                                                        {
                                                          "Node Type": "Hash",
                                                          "Parent Relationship": "Inner",
                                                          "Parallel Aware": true,
                                                          "Async Capable": false,
                                                          "Startup Cost": 59887.64,
                                                          "Total Cost": 59887.64,
                                                          "Plan Rows": 1198164,
                                                          "Plan Width": 20,
                                                          "Plans": [
                                                            {
                                                              "Node Type": "Seq Scan",
                                                              "Parent Relationship": "Outer",
                                                              "Parallel Aware": true,
                                                              "Async Capable": false,
                                                              "Relation Name": "store_returns",
                                                              "Alias": "store_returns",
                                                              "Startup Cost": 0.0,
                                                              "Total Cost": 59887.64,
                                                              "Plan Rows": 1198164,
                                                              "Plan Width": 20,
                                                              "parent": 17,
                                                              "ID": 18
                                                            }
                                                          ],
                                                          "parent": 12,
                                                          "ID": 17,
                                                          "left": 18
                                                        }
                                                      ],
                                                      "parent": 11,
                                                      "ID": 12,
                                                      "left": 13,
                                                      "right": 17
                                                    },
                                                    {
                                                      "Node Type": "Hash",
                                                      "Parent Relationship": "Inner",
                                                      "Parallel Aware": true,
                                                      "Async Capable": false,
                                                      "Startup Cost": 7495.25,
                                                      "Total Cost": 7495.25,
                                                      "Plan Rows": 2442,
                                                      "Plan Width": 4,
                                                      "Plans": [
                                                        {
                                                          "Node Type": "Seq Scan",
                                                          "Parent Relationship": "Outer",
                                                          "Parallel Aware": true,
                                                          "Async Capable": false,
                                                          "Relation Name": "item",
                                                          "Alias": "item",
                                                          "Startup Cost": 0.0,
                                                          "Total Cost": 7495.25,
                                                          "Plan Rows": 2442,
                                                          "Plan Width": 4,
                                                          "Filter": "(i_current_price > '50'::numeric)",
                                                          "parent": 19,
                                                          "ID": 20
                                                        }
                                                      ],
                                                      "parent": 11,
                                                      "ID": 19,
                                                      "left": 20
                                                    }
                                                  ],
                                                  "parent": 10,
                                                  "ID": 11,
                                                  "left": 12,
                                                  "right": 19
                                                },
                                                {
                                                  "Node Type": "Hash",
                                                  "Parent Relationship": "Inner",
                                                  "Parallel Aware": false,
                                                  "Async Capable": false,
                                                  "Startup Cost": 19.25,
                                                  "Total Cost": 19.25,
                                                  "Plan Rows": 492,
                                                  "Plan Width": 4,
                                                  "Plans": [
                                                    {
                                                      "Node Type": "Seq Scan",
                                                      "Parent Relationship": "Outer",
                                                      "Parallel Aware": false,
                                                      "Async Capable": false,
                                                      "Relation Name": "promotion",
                                                      "Alias": "promotion",
                                                      "Startup Cost": 0.0,
                                                      "Total Cost": 19.25,
                                                      "Plan Rows": 492,
                                                      "Plan Width": 4,
                                                      "Filter": "(p_channel_tv = 'N'::bpchar)",
                                                      "parent": 21,
                                                      "ID": 22
                                                    }
                                                  ],
                                                  "parent": 10,
                                                  "ID": 21,
                                                  "left": 22
                                                }
                                              ],
                                              "parent": 9,
                                              "ID": 10,
                                              "left": 11,
                                              "right": 21
                                            },
                                            {
                                              "Node Type": "Hash",
                                              "Parent Relationship": "Inner",
                                              "Parallel Aware": false,
                                              "Async Capable": false,
                                              "Startup Cost": 6.02,
                                              "Total Cost": 6.02,
                                              "Plan Rows": 102,
                                              "Plan Width": 21,
                                              "Plans": [
                                                {
                                                  "Node Type": "Seq Scan",
                                                  "Parent Relationship": "Outer",
                                                  "Parallel Aware": false,
                                                  "Async Capable": false,
                                                  "Relation Name": "store",
                                                  "Alias": "store",
                                                  "Startup Cost": 0.0,
                                                  "Total Cost": 6.02,
                                                  "Plan Rows": 102,
                                                  "Plan Width": 21,
                                                  "parent": 23,
                                                  "ID": 24
                                                }
                                              ],
                                              "parent": 9,
                                              "ID": 23,
                                              "left": 24
                                            }
                                          ],
                                          "parent": 8,
                                          "ID": 9,
                                          "left": 10,
                                          "right": 23
                                        }
                                      ],
                                      "parent": 7,
                                      "ID": 8,
                                      "left": 9
                                    }
                                  ],
                                  "parent": 6,
                                  "ID": 7,
                                  "left": 8
                                }
                              ],
                              "parent": 5,
                              "ID": 6,
                              "left": 7
                            }
                          ],
                          "parent": 4,
                          "ID": 5,
                          "left": 6
                        }
                      ],
                      "parent": 3,
                      "ID": 4,
                      "left": 5
                    },
                    {
                      "Node Type": "Subquery Scan",
                      "Parent Relationship": "Member",
                      "Parallel Aware": false,
                      "Async Capable": false,
                      "Alias": "csr",
                      "Startup Cost": 518174.1,
                      "Total Cost": 518225.66,
                      "Plan Rows": 329,
                      "Plan Width": 160,
                      "Plans": [
                        {
                          "Node Type": "Aggregate",
                          "Strategy": "Sorted",
                          "Partial Mode": "Finalize",
                          "Parent Relationship": "Subquery",
                          "Parallel Aware": false,
                          "Async Capable": false,
                          "Startup Cost": 518174.1,
                          "Total Cost": 518220.73,
                          "Plan Rows": 329,
                          "Plan Width": 113,
                          "Group Key": [
                            "catalog_page.cp_catalog_page_id"
                          ],
                          "Plans": [
                            {
                              "Node Type": "Gather Merge",
                              "Parent Relationship": "Outer",
                              "Parallel Aware": false,
                              "Async Capable": false,
                              "Startup Cost": 518174.1,
                              "Total Cost": 518210.18,
                              "Plan Rows": 274,
                              "Plan Width": 113,
                              "Workers Planned": 2,
                              "Plans": [
                                {
                                  "Node Type": "Aggregate",
                                  "Strategy": "Sorted",
                                  "Partial Mode": "Partial",
                                  "Parent Relationship": "Outer",
                                  "Parallel Aware": false,
                                  "Async Capable": false,
                                  "Startup Cost": 517174.07,
                                  "Total Cost": 517178.53,
                                  "Plan Rows": 137,
                                  "Plan Width": 113,
                                  "Group Key": [
                                    "catalog_page.cp_catalog_page_id"
                                  ],
                                  "Plans": [
                                    {
                                      "Node Type": "Sort",
                                      "Parent Relationship": "Outer",
                                      "Parallel Aware": false,
                                      "Async Capable": false,
                                      "Startup Cost": 517174.07,
                                      "Total Cost": 517174.42,
                                      "Plan Rows": 137,
                                      "Plan Width": 41,
                                      "Sort Key": [
                                        "catalog_page.cp_catalog_page_id"
                                      ],
                                      "Plans": [
                                        {
                                          "Node Type": "Hash Join",
                                          "Parent Relationship": "Outer",
                                          "Parallel Aware": false,
                                          "Async Capable": false,
                                          "Join Type": "Inner",
                                          "Startup Cost": 57382.33,
                                          "Total Cost": 517169.21,
                                          "Plan Rows": 137,
                                          "Plan Width": 41,
                                          "Inner Unique": false,
                                          "Hash Cond": "(catalog_sales.cs_catalog_page_sk = catalog_page.cp_catalog_page_sk)",
                                          "Plans": [
                                            {
                                              "Node Type": "Hash Join",
                                              "Parent Relationship": "Outer",
                                              "Parallel Aware": false,
                                              "Async Capable": false,
                                              "Join Type": "Inner",
                                              "Startup Cost": 56864.33,
                                              "Total Cost": 516649.32,
                                              "Plan Rows": 138,
                                              "Plan Width": 28,
                                              "Inner Unique": false,
                                              "Hash Cond": "(catalog_sales.cs_promo_sk = promotion_1.p_promo_sk)",
                                              "Plans": [
                                                {
                                                  "Node Type": "Hash Join",
                                                  "Parent Relationship": "Outer",
                                                  "Parallel Aware": true,
                                                  "Async Capable": false,
                                                  "Join Type": "Inner",
                                                  "Startup Cost": 56838.93,
                                                  "Total Cost": 516622.01,
                                                  "Plan Rows": 141,
                                                  "Plan Width": 32,
                                                  "Inner Unique": false,
                                                  "Hash Cond": "(catalog_sales.cs_item_sk = item_1.i_item_sk)",
                                                  "Plans": [
                                                    {
                                                      "Node Type": "Hash Join",
                                                      "Parent Relationship": "Outer",
                                                      "Parallel Aware": true,
                                                      "Async Capable": false,
                                                      "Join Type": "Left",
                                                      "Startup Cost": 49313.15,
                                                      "Total Cost": 509086.46,
                                                      "Plan Rows": 2450,
                                                      "Plan Width": 36,
                                                      "Inner Unique": false,
                                                      "Hash Cond": "((catalog_sales.cs_item_sk = catalog_returns.cr_item_sk) AND (catalog_sales.cs_order_number = catalog_returns.cr_order_number))",
                                                      "Plans": [
                                                        {
                                                          "Node Type": "Hash Join",
                                                          "Parent Relationship": "Outer",
                                                          "Parallel Aware": true,
                                                          "Async Capable": false,
                                                          "Join Type": "Inner",
                                                          "Startup Cost": 2049.78,
                                                          "Total Cost": 458254.7,
                                                          "Plan Rows": 2450,
                                                          "Plan Width": 28,
                                                          "Inner Unique": false,
                                                          "Hash Cond": "(catalog_sales.cs_sold_date_sk = date_dim_1.d_date_sk)",
                                                          "Plans": [
                                                            {
                                                              "Node Type": "Seq Scan",
                                                              "Parent Relationship": "Outer",
                                                              "Parallel Aware": true,
                                                              "Async Capable": false,
                                                              "Relation Name": "catalog_sales",
                                                              "Alias": "catalog_sales",
                                                              "Startup Cost": 0.0,
                                                              "Total Cost": 433688.25,
                                                              "Plan Rows": 6000525,
                                                              "Plan Width": 32,
                                                              "parent": 34,
                                                              "ID": 35
                                                            },
                                                            {
                                                              "Node Type": "Hash",
                                                              "Parent Relationship": "Inner",
                                                              "Parallel Aware": true,
                                                              "Async Capable": false,
                                                              "Startup Cost": 2049.55,
                                                              "Total Cost": 2049.55,
                                                              "Plan Rows": 18,
                                                              "Plan Width": 4,
                                                              "Plans": [
                                                                {
                                                                  "Node Type": "Seq Scan",
                                                                  "Parent Relationship": "Outer",
                                                                  "Parallel Aware": true,
                                                                  "Async Capable": false,
                                                                  "Relation Name": "date_dim",
                                                                  "Alias": "date_dim_1",
                                                                  "Startup Cost": 0.0,
                                                                  "Total Cost": 2049.55,
                                                                  "Plan Rows": 18,
                                                                  "Plan Width": 4,
                                                                  "Filter": "((d_date >= '1998-08-19'::date) AND (d_date <= '1998-09-18 00:00:00'::timestamp without time zone))",
                                                                  "parent": 36,
                                                                  "ID": 37
                                                                }
                                                              ],
                                                              "parent": 34,
                                                              "ID": 36,
                                                              "left": 37
                                                            }
                                                          ],
                                                          "parent": 33,
                                                          "ID": 34,
                                                          "left": 35,
                                                          "right": 36
                                                        },
                                                        {
                                                          "Node Type": "Hash",
                                                          "Parent Relationship": "Inner",
                                                          "Parallel Aware": true,
                                                          "Async Capable": false,
                                                          "Startup Cost": 34748.95,
                                                          "Total Cost": 34748.95,
                                                          "Plan Rows": 599895,
                                                          "Plan Width": 20,
                                                          "Plans": [
                                                            {
                                                              "Node Type": "Seq Scan",
                                                              "Parent Relationship": "Outer",
                                                              "Parallel Aware": true,
                                                              "Async Capable": false,
                                                              "Relation Name": "catalog_returns",
                                                              "Alias": "catalog_returns",
                                                              "Startup Cost": 0.0,
                                                              "Total Cost": 34748.95,
                                                              "Plan Rows": 599895,
                                                              "Plan Width": 20,
                                                              "parent": 38,
                                                              "ID": 39
                                                            }
                                                          ],
                                                          "parent": 33,
                                                          "ID": 38,
                                                          "left": 39
                                                        }
                                                      ],
                                                      "parent": 32,
                                                      "ID": 33,
                                                      "left": 34,
                                                      "right": 38
                                                    },
                                                    {
                                                      "Node Type": "Hash",
                                                      "Parent Relationship": "Inner",
                                                      "Parallel Aware": true,
                                                      "Async Capable": false,
                                                      "Startup Cost": 7495.25,
                                                      "Total Cost": 7495.25,
                                                      "Plan Rows": 2442,
                                                      "Plan Width": 4,
                                                      "Plans": [
                                                        {
                                                          "Node Type": "Seq Scan",
                                                          "Parent Relationship": "Outer",
                                                          "Parallel Aware": true,
                                                          "Async Capable": false,
                                                          "Relation Name": "item",
                                                          "Alias": "item_1",
                                                          "Startup Cost": 0.0,
                                                          "Total Cost": 7495.25,
                                                          "Plan Rows": 2442,
                                                          "Plan Width": 4,
                                                          "Filter": "(i_current_price > '50'::numeric)",
                                                          "parent": 40,
                                                          "ID": 41
                                                        }
                                                      ],
                                                      "parent": 32,
                                                      "ID": 40,
                                                      "left": 41
                                                    }
                                                  ],
                                                  "parent": 31,
                                                  "ID": 32,
                                                  "left": 33,
                                                  "right": 40
                                                },
                                                {
                                                  "Node Type": "Hash",
                                                  "Parent Relationship": "Inner",
                                                  "Parallel Aware": false,
                                                  "Async Capable": false,
                                                  "Startup Cost": 19.25,
                                                  "Total Cost": 19.25,
                                                  "Plan Rows": 492,
                                                  "Plan Width": 4,
                                                  "Plans": [
                                                    {
                                                      "Node Type": "Seq Scan",
                                                      "Parent Relationship": "Outer",
                                                      "Parallel Aware": false,
                                                      "Async Capable": false,
                                                      "Relation Name": "promotion",
                                                      "Alias": "promotion_1",
                                                      "Startup Cost": 0.0,
                                                      "Total Cost": 19.25,
                                                      "Plan Rows": 492,
                                                      "Plan Width": 4,
                                                      "Filter": "(p_channel_tv = 'N'::bpchar)",
                                                      "parent": 42,
                                                      "ID": 43
                                                    }
                                                  ],
                                                  "parent": 31,
                                                  "ID": 42,
                                                  "left": 43
                                                }
                                              ],
                                              "parent": 30,
                                              "ID": 31,
                                              "left": 32,
                                              "right": 42
                                            },
                                            {
                                              "Node Type": "Hash",
                                              "Parent Relationship": "Inner",
                                              "Parallel Aware": false,
                                              "Async Capable": false,
                                              "Startup Cost": 368.0,
                                              "Total Cost": 368.0,
                                              "Plan Rows": 12000,
                                              "Plan Width": 21,
                                              "Plans": [
                                                {
                                                  "Node Type": "Seq Scan",
                                                  "Parent Relationship": "Outer",
                                                  "Parallel Aware": false,
                                                  "Async Capable": false,
                                                  "Relation Name": "catalog_page",
                                                  "Alias": "catalog_page",
                                                  "Startup Cost": 0.0,
                                                  "Total Cost": 368.0,
                                                  "Plan Rows": 12000,
                                                  "Plan Width": 21,
                                                  "parent": 44,
                                                  "ID": 45
                                                }
                                              ],
                                              "parent": 30,
                                              "ID": 44,
                                              "left": 45
                                            }
                                          ],
                                          "parent": 29,
                                          "ID": 30,
                                          "left": 31,
                                          "right": 44
                                        }
                                      ],
                                      "parent": 28,
                                      "ID": 29,
                                      "left": 30
                                    }
                                  ],
                                  "parent": 27,
                                  "ID": 28,
                                  "left": 29
                                }
                              ],
                              "parent": 26,
                              "ID": 27,
                              "left": 28
                            }
                          ],
                          "parent": 25,
                          "ID": 26,
                          "left": 27
                        }
                      ],
                      "parent": 3,
                      "ID": 25,
                      "left": 26
                    },
                    {
                      "Node Type": "Subquery Scan",
                      "Parent Relationship": "Member",
                      "Parallel Aware": false,
                      "Async Capable": false,
                      "Alias": "wsr",
                      "Startup Cost": 263918.43,
                      "Total Cost": 263926.12,
                      "Plan Rows": 21,
                      "Plan Width": 160,
                      "Plans": [
                        {
                          "Node Type": "Aggregate",
                          "Strategy": "Sorted",
                          "Partial Mode": "Finalize",
                          "Parent Relationship": "Subquery",
                          "Parallel Aware": false,
                          "Async Capable": false,
                          "Startup Cost": 263918.43,
                          "Total Cost": 263925.8,
                          "Plan Rows": 21,
                          "Plan Width": 113,
                          "Group Key": [
                            "web_site.web_site_id"
                          ],
                          "Plans": [
                            {
                              "Node Type": "Gather Merge",
                              "Parent Relationship": "Outer",
                              "Parallel Aware": false,
                              "Async Capable": false,
                              "Startup Cost": 263918.43,
                              "Total Cost": 263924.7,
                              "Plan Rows": 42,
                              "Plan Width": 113,
                              "Workers Planned": 2,
                              "Plans": [
                                {
                                  "Node Type": "Aggregate",
                                  "Strategy": "Sorted",
                                  "Partial Mode": "Partial",
                                  "Parent Relationship": "Outer",
                                  "Parallel Aware": false,
                                  "Async Capable": false,
                                  "Startup Cost": 262918.41,
                                  "Total Cost": 262919.83,
                                  "Plan Rows": 21,
                                  "Plan Width": 113,
                                  "Group Key": [
                                    "web_site.web_site_id"
                                  ],
                                  "Plans": [
                                    {
                                      "Node Type": "Sort",
                                      "Parent Relationship": "Outer",
                                      "Parallel Aware": false,
                                      "Async Capable": false,
                                      "Startup Cost": 262918.41,
                                      "Total Cost": 262918.59,
                                      "Plan Rows": 70,
                                      "Plan Width": 41,
                                      "Sort Key": [
                                        "web_site.web_site_id"
                                      ],
                                      "Plans": [
                                        {
                                          "Node Type": "Hash Join",
                                          "Parent Relationship": "Outer",
                                          "Parallel Aware": false,
                                          "Async Capable": false,
                                          "Join Type": "Inner",
                                          "Startup Cost": 32134.74,
                                          "Total Cost": 262916.27,
                                          "Plan Rows": 70,
                                          "Plan Width": 41,
                                          "Inner Unique": false,
                                          "Hash Cond": "(web_sales.ws_web_site_sk = web_site.web_site_sk)",
                                          "Plans": [
                                            {
                                              "Node Type": "Hash Join",
                                              "Parent Relationship": "Outer",
                                              "Parallel Aware": false,
                                              "Async Capable": false,
                                              "Join Type": "Inner",
                                              "Startup Cost": 32130.8,
                                              "Total Cost": 262911.36,
                                              "Plan Rows": 70,
                                              "Plan Width": 28,
                                              "Inner Unique": false,
                                              "Hash Cond": "(web_sales.ws_promo_sk = promotion_2.p_promo_sk)",
                                              "Plans": [
                                                {
                                                  "Node Type": "Hash Join",
                                                  "Parent Relationship": "Outer",
                                                  "Parallel Aware": true,
                                                  "Async Capable": false,
                                                  "Join Type": "Inner",
                                                  "Startup Cost": 32105.4,
                                                  "Total Cost": 262884.99,
                                                  "Plan Rows": 71,
                                                  "Plan Width": 32,
                                                  "Inner Unique": false,
                                                  "Hash Cond": "(web_sales.ws_item_sk = item_2.i_item_sk)",
                                                  "Plans": [
                                                    {
                                                      "Node Type": "Hash Join",
                                                      "Parent Relationship": "Outer",
                                                      "Parallel Aware": true,
                                                      "Async Capable": false,
                                                      "Join Type": "Left",
                                                      "Startup Cost": 24579.62,
                                                      "Total Cost": 255354.31,
                                                      "Plan Rows": 1231,
                                                      "Plan Width": 36,
                                                      "Inner Unique": false,
                                                      "Hash Cond": "((web_sales.ws_item_sk = web_returns.wr_item_sk) AND (web_sales.ws_order_number = web_returns.wr_order_number))",
                                                      "Plans": [
                                                        {
                                                          "Node Type": "Hash Join",
                                                          "Parent Relationship": "Outer",
                                                          "Parallel Aware": true,
                                                          "Async Capable": false,
                                                          "Join Type": "Inner",
                                                          "Startup Cost": 2049.78,
                                                          "Total Cost": 231041.22,
                                                          "Plan Rows": 1231,
                                                          "Plan Width": 28,
                                                          "Inner Unique": false,
                                                          "Hash Cond": "(web_sales.ws_sold_date_sk = date_dim_2.d_date_sk)",
                                                          "Plans": [
                                                            {
                                                              "Node Type": "Seq Scan",
                                                              "Parent Relationship": "Outer",
                                                              "Parallel Aware": true,
                                                              "Async Capable": false,
                                                              "Relation Name": "web_sales",
                                                              "Alias": "web_sales",
                                                              "Startup Cost": 0.0,
                                                              "Total Cost": 217737.86,
                                                              "Plan Rows": 2998986,
                                                              "Plan Width": 32,
                                                              "parent": 55,
                                                              "ID": 56
                                                            },
                                                            {
                                                              "Node Type": "Hash",
                                                              "Parent Relationship": "Inner",
                                                              "Parallel Aware": true,
                                                              "Async Capable": false,
                                                              "Startup Cost": 2049.55,
                                                              "Total Cost": 2049.55,
                                                              "Plan Rows": 18,
                                                              "Plan Width": 4,
                                                              "Plans": [
                                                                {
                                                                  "Node Type": "Seq Scan",
                                                                  "Parent Relationship": "Outer",
                                                                  "Parallel Aware": true,
                                                                  "Async Capable": false,
                                                                  "Relation Name": "date_dim",
                                                                  "Alias": "date_dim_2",
                                                                  "Startup Cost": 0.0,
                                                                  "Total Cost": 2049.55,
                                                                  "Plan Rows": 18,
                                                                  "Plan Width": 4,
                                                                  "Filter": "((d_date >= '1998-08-19'::date) AND (d_date <= '1998-09-18 00:00:00'::timestamp without time zone))",
                                                                  "parent": 57,
                                                                  "ID": 58
                                                                }
                                                              ],
                                                              "parent": 55,
                                                              "ID": 57,
                                                              "left": 58
                                                            }
                                                          ],
                                                          "parent": 54,
                                                          "ID": 55,
                                                          "left": 56,
                                                          "right": 57
                                                        },
                                                        {
                                                          "Node Type": "Hash",
                                                          "Parent Relationship": "Inner",
                                                          "Parallel Aware": true,
                                                          "Async Capable": false,
                                                          "Startup Cost": 16278.74,
                                                          "Total Cost": 16278.74,
                                                          "Plan Rows": 299674,
                                                          "Plan Width": 20,
                                                          "Plans": [
                                                            {
                                                              "Node Type": "Seq Scan",
                                                              "Parent Relationship": "Outer",
                                                              "Parallel Aware": true,
                                                              "Async Capable": false,
                                                              "Relation Name": "web_returns",
                                                              "Alias": "web_returns",
                                                              "Startup Cost": 0.0,
                                                              "Total Cost": 16278.74,
                                                              "Plan Rows": 299674,
                                                              "Plan Width": 20,
                                                              "parent": 59,
                                                              "ID": 60
                                                            }
                                                          ],
                                                          "parent": 54,
                                                          "ID": 59,
                                                          "left": 60
                                                        }
                                                      ],
                                                      "parent": 53,
                                                      "ID": 54,
                                                      "left": 55,
                                                      "right": 59
                                                    },
                                                    {
                                                      "Node Type": "Hash",
                                                      "Parent Relationship": "Inner",
                                                      "Parallel Aware": true,
                                                      "Async Capable": false,
                                                      "Startup Cost": 7495.25,
                                                      "Total Cost": 7495.25,
                                                      "Plan Rows": 2442,
                                                      "Plan Width": 4,
                                                      "Plans": [
                                                        {
                                                          "Node Type": "Seq Scan",
                                                          "Parent Relationship": "Outer",
                                                          "Parallel Aware": true,
                                                          "Async Capable": false,
                                                          "Relation Name": "item",
                                                          "Alias": "item_2",
                                                          "Startup Cost": 0.0,
                                                          "Total Cost": 7495.25,
                                                          "Plan Rows": 2442,
                                                          "Plan Width": 4,
                                                          "Filter": "(i_current_price > '50'::numeric)",
                                                          "parent": 61,
                                                          "ID": 62
                                                        }
                                                      ],
                                                      "parent": 53,
                                                      "ID": 61,
                                                      "left": 62
                                                    }
                                                  ],
                                                  "parent": 52,
                                                  "ID": 53,
                                                  "left": 54,
                                                  "right": 61
                                                },
                                                {
                                                  "Node Type": "Hash",
                                                  "Parent Relationship": "Inner",
                                                  "Parallel Aware": false,
                                                  "Async Capable": false,
                                                  "Startup Cost": 19.25,
                                                  "Total Cost": 19.25,
                                                  "Plan Rows": 492,
                                                  "Plan Width": 4,
                                                  "Plans": [
                                                    {
                                                      "Node Type": "Seq Scan",
                                                      "Parent Relationship": "Outer",
                                                      "Parallel Aware": false,
                                                      "Async Capable": false,
                                                      "Relation Name": "promotion",
                                                      "Alias": "promotion_2",
                                                      "Startup Cost": 0.0,
                                                      "Total Cost": 19.25,
                                                      "Plan Rows": 492,
                                                      "Plan Width": 4,
                                                      "Filter": "(p_channel_tv = 'N'::bpchar)",
                                                      "parent": 63,
                                                      "ID": 64
                                                    }
                                                  ],
                                                  "parent": 52,
                                                  "ID": 63,
                                                  "left": 64
                                                }
                                              ],
                                              "parent": 51,
                                              "ID": 52,
                                              "left": 53,
                                              "right": 63
                                            },
                                            {
                                              "Node Type": "Hash",
                                              "Parent Relationship": "Inner",
                                              "Parallel Aware": false,
                                              "Async Capable": false,
                                              "Startup Cost": 3.42,
                                              "Total Cost": 3.42,
                                              "Plan Rows": 42,
                                              "Plan Width": 21,
                                              "Plans": [
                                                {
                                                  "Node Type": "Seq Scan",
                                                  "Parent Relationship": "Outer",
                                                  "Parallel Aware": false,
                                                  "Async Capable": false,
                                                  "Relation Name": "web_site",
                                                  "Alias": "web_site",
                                                  "Startup Cost": 0.0,
                                                  "Total Cost": 3.42,
                                                  "Plan Rows": 42,
                                                  "Plan Width": 21,
                                                  "parent": 65,
                                                  "ID": 66
                                                }
                                              ],
                                              "parent": 51,
                                              "ID": 65,
                                              "left": 66
                                            }
                                          ],
                                          "parent": 50,
                                          "ID": 51,
                                          "left": 52,
                                          "right": 65
                                        }
                                      ],
                                      "parent": 49,
                                      "ID": 50,
                                      "left": 51
                                    }
                                  ],
                                  "parent": 48,
                                  "ID": 49,
                                  "left": 50
                                }
                              ],
                              "parent": 47,
                              "ID": 48,
                              "left": 49
                            }
                          ],
                          "parent": 46,
                          "ID": 47,
                          "left": 48
                        }
                      ],
                      "parent": 3,
                      "ID": 46,
                      "left": 47
                    }
                  ],
                  "parent": 2,
                  "ID": 3,
                  "left": 4,
                  "right": 25
                }
              ],
              "parent": 1,
              "ID": 2,
              "left": 3
            }
          ],
          "parent": 0,
          "ID": 1,
          "left": 2
        }
      ],
      "parent": null,
      "ID": 0,
      "left": 1
    },
    "feat": {
      "utility": 0.0,
      "query_shape": [
        [
          "Seq Scan",
          "Hash Join",
          "Sort",
          "Aggregate",
          "Gather Merge",
          "Subquery Scan",
          "Append"
        ],
        [
          "Seq Scan",
          "Hash",
          "Hash Join",
          "Sort",
          "Aggregate",
          "Gather Merge",
          "Subquery Scan",
          "Append"
        ],
        [
          "Seq Scan",
          "Hash",
          "Hash Join",
          "Sort",
          "Aggregate",
          "Gather Merge",
          "Subquery Scan",
          "Append"
        ],
        [
          "Seq Scan",
          "Hash",
          "Hash Join",
          "Sort",
          "Aggregate",
          "Gather Merge",
          "Subquery Scan",
          "Append"
        ],
        [
          "Seq Scan",
          "Hash",
          "Hash Join",
          "Sort",
          "Aggregate",
          "Gather Merge",
          "Subquery Scan",
          "Append"
        ],
        [
          "Seq Scan",
          "Hash",
          "Hash Join",
          "Sort",
          "Aggregate",
          "Gather Merge",
          "Subquery Scan",
          "Append"
        ],
        [
          "Seq Scan",
          "Hash Join",
          "Sort",
          "Aggregate",
          "Gather Merge",
          "Subquery Scan",
          "Append"
        ],
        [
          "Seq Scan",
          "Hash",
          "Hash Join",
          "Sort",
          "Aggregate",
          "Gather Merge",
          "Subquery Scan",
          "Append"
        ],
        [
          "Seq Scan",
          "Hash",
          "Hash Join",
          "Sort",
          "Aggregate",
          "Gather Merge",
          "Subquery Scan",
          "Append"
        ],
        [
          "Seq Scan",
          "Hash",
          "Hash Join",
          "Sort",
          "Aggregate",
          "Gather Merge",
          "Subquery Scan",
          "Append"
        ],
        [
          "Seq Scan",
          "Hash",
          "Hash Join",
          "Sort",
          "Aggregate",
          "Gather Merge",
          "Subquery Scan",
          "Append"
        ],
        [
          "Seq Scan",
          "Hash",
          "Hash Join",
          "Sort",
          "Aggregate",
          "Gather Merge",
          "Subquery Scan",
          "Append"
        ],
        [
          "Seq Scan",
          "Hash Join",
          "Sort",
          "Aggregate",
          "Gather Merge",
          "Subquery Scan",
          "Append"
        ],
        [
          "Seq Scan",
          "Hash",
          "Hash Join",
          "Sort",
          "Aggregate",
          "Gather Merge",
          "Subquery Scan",
          "Append"
        ],
        [
          "Seq Scan",
          "Hash",
          "Hash Join",
          "Sort",
          "Aggregate",
          "Gather Merge",
          "Subquery Scan",
          "Append"
        ],
        [
          "Seq Scan",
          "Hash",
          "Hash Join",
          "Sort",
          "Aggregate",
          "Gather Merge",
          "Subquery Scan",
          "Append"
        ],
        [
          "Seq Scan",
          "Hash",
          "Hash Join",
          "Sort",
          "Aggregate",
          "Gather Merge",
          "Subquery Scan",
          "Append"
        ],
        [
          "Seq Scan",
          "Hash",
          "Hash Join",
          "Sort",
          "Aggregate",
          "Gather Merge",
          "Subquery Scan",
          "Append"
        ]
      ],
      "index_shape": [],
      "physical_operator": {}
    }
  },
  {
    "query": "with ssr as\n (select  s_store_id as store_id,\n          sum(ss_ext_sales_price) as sales,\n          sum(coalesce(sr_return_amt, 0)) as returns,\n          sum(ss_net_profit - coalesce(sr_net_loss, 0)) as profit\n  from store_sales left outer join store_returns on\n         (ss_item_sk = sr_item_sk and ss_ticket_number = sr_ticket_number),\n     date_dim,\n     store,\n     item,\n     promotion\n where ss_sold_date_sk = d_date_sk\n       and d_date between cast('1998-08-19' as date) \n                  and (cast('1998-08-19' as date) +  interval '30 days')\n       and ss_store_sk = s_store_sk\n       and ss_item_sk = i_item_sk\n       and i_current_price > 50\n       and ss_promo_sk = p_promo_sk\n       and p_channel_tv = 'N'\n group by s_store_id)\n ,\n csr as\n (select  cp_catalog_page_id as catalog_page_id,\n          sum(cs_ext_sales_price) as sales,\n          sum(coalesce(cr_return_amount, 0)) as returns,\n          sum(cs_net_profit - coalesce(cr_net_loss, 0)) as profit\n  from catalog_sales left outer join catalog_returns on\n         (cs_item_sk = cr_item_sk and cs_order_number = cr_order_number),\n     date_dim,\n     catalog_page,\n     item,\n     promotion\n where cs_sold_date_sk = d_date_sk\n       and d_date between cast('1998-08-19' as date)\n                  and (cast('1998-08-19' as date) +  interval '30 days')\n        and cs_catalog_page_sk = cp_catalog_page_sk\n       and cs_item_sk = i_item_sk\n       and i_current_price > 50\n       and cs_promo_sk = p_promo_sk\n       and p_channel_tv = 'N'\ngroup by cp_catalog_page_id)\n ,\n wsr as\n (select  web_site_id,\n          sum(ws_ext_sales_price) as sales,\n          sum(coalesce(wr_return_amt, 0)) as returns,\n          sum(ws_net_profit - coalesce(wr_net_loss, 0)) as profit\n  from web_sales left outer join web_returns on\n         (ws_item_sk = wr_item_sk and ws_order_number = wr_order_number),\n     date_dim,\n     web_site,\n     item,\n     promotion\n where ws_sold_date_sk = d_date_sk\n       and d_date between cast('1998-08-19' as date)\n                  and (cast('1998-08-19' as date) +  interval '30 days')\n        and ws_web_site_sk = web_site_sk\n       and ws_item_sk = i_item_sk\n       and i_current_price > 50\n       and ws_promo_sk = p_promo_sk\n       and p_channel_tv = 'N'\ngroup by web_site_id)\n  select  channel\n        , id\n        , sum(sales) as sales\n        , sum(returns) as returns\n        , sum(profit) as profit\n from \n (select 'store channel' as channel\n        , 'store' || store_id as id\n        , sales\n        , returns\n        , profit\n from   ssr\n union all\n select 'catalog channel' as channel\n        , 'catalog_page' || catalog_page_id as id\n        , sales\n        , returns\n        , profit\n from  csr\n union all\n select 'web channel' as channel\n        , 'web_site' || web_site_id as id\n        , sales\n        , returns\n        , profit\n from   wsr\n ) x\n group by rollup (channel, id)\n order by channel\n         ,id\n limit 100;\n\n-- end query 61 in stream 0 using template query80.tpl\n",
    "indexes": "catalog_sales.cs_net_profit",
    "wo plan est": {
      "Node Type": "Limit",
      "Parallel Aware": false,
      "Async Capable": false,
      "Startup Cost": 1566782.76,
      "Total Cost": 1566786.01,
      "Plan Rows": 100,
      "Plan Width": 160,
      "Plans": [
        {
          "Node Type": "Aggregate",
          "Strategy": "Sorted",
          "Partial Mode": "Simple",
          "Parent Relationship": "Outer",
          "Parallel Aware": false,
          "Async Capable": false,
          "Startup Cost": 1566782.76,
          "Total Cost": 1566795.8,
          "Plan Rows": 401,
          "Plan Width": 160,
          "Grouping Sets": [
            {
              "Group Keys": [
                [
                  "('store channel'::text)",
                  "(('store'::text || (ssr.store_id)::text))"
                ],
                [
                  "('store channel'::text)"
                ],
                []
              ]
            }
          ],
          "Plans": [
            {
              "Node Type": "Sort",
              "Parent Relationship": "Outer",
              "Parallel Aware": false,
              "Async Capable": false,
              "Startup Cost": 1566782.76,
              "Total Cost": 1566783.77,
              "Plan Rows": 401,
              "Plan Width": 160,
              "Sort Key": [
                "('store channel'::text)",
                "(('store'::text || (ssr.store_id)::text))"
              ],
              "Plans": [
                {
                  "Node Type": "Append",
                  "Parent Relationship": "Outer",
                  "Parallel Aware": false,
                  "Async Capable": false,
                  "Startup Cost": 784591.9,
                  "Total Cost": 1566765.43,
                  "Plan Rows": 401,
                  "Plan Width": 160,
                  "Subplans Removed": 0,
                  "Plans": [
                    {
                      "Node Type": "Subquery Scan",
                      "Parent Relationship": "Member",
                      "Parallel Aware": false,
                      "Async Capable": false,
                      "Alias": "ssr",
                      "Startup Cost": 784591.9,
                      "Total Cost": 784611.64,
                      "Plan Rows": 51,
                      "Plan Width": 160,
                      "Plans": [
                        {
                          "Node Type": "Aggregate",
                          "Strategy": "Sorted",
                          "Partial Mode": "Finalize",
                          "Parent Relationship": "Subquery",
                          "Parallel Aware": false,
                          "Async Capable": false,
                          "Startup Cost": 784591.9,
                          "Total Cost": 784610.87,
                          "Plan Rows": 51,
                          "Plan Width": 113,
                          "Group Key": [
                            "store.s_store_id"
                          ],
                          "Plans": [
                            {
                              "Node Type": "Gather Merge",
                              "Parent Relationship": "Outer",
                              "Parallel Aware": false,
                              "Async Capable": false,
                              "Startup Cost": 784591.9,
                              "Total Cost": 784608.2,
                              "Plan Rows": 102,
                              "Plan Width": 113,
                              "Workers Planned": 2,
                              "Plans": [
                                {
                                  "Node Type": "Aggregate",
                                  "Strategy": "Sorted",
                                  "Partial Mode": "Partial",
                                  "Parent Relationship": "Outer",
                                  "Parallel Aware": false,
                                  "Async Capable": false,
                                  "Startup Cost": 783591.88,
                                  "Total Cost": 783596.4,
                                  "Plan Rows": 51,
                                  "Plan Width": 113,
                                  "Group Key": [
                                    "store.s_store_id"
                                  ],
                                  "Plans": [
                                    {
                                      "Node Type": "Sort",
                                      "Parent Relationship": "Outer",
                                      "Parallel Aware": false,
                                      "Async Capable": false,
                                      "Startup Cost": 783591.88,
                                      "Total Cost": 783592.48,
                                      "Plan Rows": 242,
                                      "Plan Width": 41,
                                      "Sort Key": [
                                        "store.s_store_id"
                                      ],
                                      "Plans": [
                                        {
                                          "Node Type": "Hash Join",
                                          "Parent Relationship": "Outer",
                                          "Parallel Aware": false,
                                          "Async Capable": false,
                                          "Join Type": "Inner",
                                          "Startup Cost": 94489.35,
                                          "Total Cost": 783582.3,
                                          "Plan Rows": 242,
                                          "Plan Width": 41,
                                          "Inner Unique": false,
                                          "Hash Cond": "(store_sales.ss_store_sk = store.s_store_sk)",
                                          "Plans": [
                                            {
                                              "Node Type": "Hash Join",
                                              "Parent Relationship": "Outer",
                                              "Parallel Aware": false,
                                              "Async Capable": false,
                                              "Join Type": "Inner",
                                              "Startup Cost": 94482.05,
                                              "Total Cost": 783571.63,
                                              "Plan Rows": 254,
                                              "Plan Width": 28,
                                              "Inner Unique": false,
                                              "Hash Cond": "(store_sales.ss_promo_sk = promotion.p_promo_sk)",
                                              "Plans": [
                                                {
                                                  "Node Type": "Hash Join",
                                                  "Parent Relationship": "Outer",
                                                  "Parallel Aware": true,
                                                  "Async Capable": false,
                                                  "Join Type": "Inner",
                                                  "Startup Cost": 94456.65,
                                                  "Total Cost": 783542.68,
                                                  "Plan Rows": 270,
                                                  "Plan Width": 32,
                                                  "Inner Unique": false,
                                                  "Hash Cond": "(store_sales.ss_item_sk = item.i_item_sk)",
                                                  "Plans": [
                                                    {
                                                      "Node Type": "Hash Join",
                                                      "Parent Relationship": "Outer",
                                                      "Parallel Aware": true,
                                                      "Async Capable": false,
                                                      "Join Type": "Left",
                                                      "Startup Cost": 86930.88,
                                                      "Total Cost": 775998.13,
                                                      "Plan Rows": 4703,
                                                      "Plan Width": 36,
                                                      "Inner Unique": false,
                                                      "Hash Cond": "((store_sales.ss_item_sk = store_returns.sr_item_sk) AND (store_sales.ss_ticket_number = store_returns.sr_ticket_number))",
                                                      "Plans": [
                                                        {
                                                          "Node Type": "Hash Join",
                                                          "Parent Relationship": "Outer",
                                                          "Parallel Aware": true,
                                                          "Async Capable": false,
                                                          "Join Type": "Inner",
                                                          "Startup Cost": 2049.78,
                                                          "Total Cost": 683994.75,
                                                          "Plan Rows": 4703,
                                                          "Plan Width": 28,
                                                          "Inner Unique": false,
                                                          "Hash Cond": "(store_sales.ss_sold_date_sk = date_dim.d_date_sk)",
                                                          "Plans": [
                                                            {
                                                              "Node Type": "Seq Scan",
                                                              "Parent Relationship": "Outer",
                                                              "Parallel Aware": true,
                                                              "Async Capable": false,
                                                              "Relation Name": "store_sales",
                                                              "Alias": "store_sales",
                                                              "Startup Cost": 0.0,
                                                              "Total Cost": 636914.37,
                                                              "Plan Rows": 12000637,
                                                              "Plan Width": 32,
                                                              "parent": 13,
                                                              "ID": 14
                                                            },
                                                            {
                                                              "Node Type": "Hash",
                                                              "Parent Relationship": "Inner",
                                                              "Parallel Aware": true,
                                                              "Async Capable": false,
                                                              "Startup Cost": 2049.55,
                                                              "Total Cost": 2049.55,
                                                              "Plan Rows": 18,
                                                              "Plan Width": 4,
                                                              "Plans": [
                                                                {
                                                                  "Node Type": "Seq Scan",
                                                                  "Parent Relationship": "Outer",
                                                                  "Parallel Aware": true,
                                                                  "Async Capable": false,
                                                                  "Relation Name": "date_dim",
                                                                  "Alias": "date_dim",
                                                                  "Startup Cost": 0.0,
                                                                  "Total Cost": 2049.55,
                                                                  "Plan Rows": 18,
                                                                  "Plan Width": 4,
                                                                  "Filter": "((d_date >= '1998-08-19'::date) AND (d_date <= '1998-09-18 00:00:00'::timestamp without time zone))",
                                                                  "parent": 15,
                                                                  "ID": 16
                                                                }
                                                              ],
                                                              "parent": 13,
                                                              "ID": 15,
                                                              "left": 16
                                                            }
                                                          ],
                                                          "parent": 12,
                                                          "ID": 13,
                                                          "left": 14,
                                                          "right": 15
                                                        },
                                                        {
                                                          "Node Type": "Hash",
                                                          "Parent Relationship": "Inner",
                                                          "Parallel Aware": true,
                                                          "Async Capable": false,
                                                          "Startup Cost": 59887.64,
                                                          "Total Cost": 59887.64,
                                                          "Plan Rows": 1198164,
                                                          "Plan Width": 20,
                                                          "Plans": [
                                                            {
                                                              "Node Type": "Seq Scan",
                                                              "Parent Relationship": "Outer",
                                                              "Parallel Aware": true,
                                                              "Async Capable": false,
                                                              "Relation Name": "store_returns",
                                                              "Alias": "store_returns",
                                                              "Startup Cost": 0.0,
                                                              "Total Cost": 59887.64,
                                                              "Plan Rows": 1198164,
                                                              "Plan Width": 20,
                                                              "parent": 17,
                                                              "ID": 18
                                                            }
                                                          ],
                                                          "parent": 12,
                                                          "ID": 17,
                                                          "left": 18
                                                        }
                                                      ],
                                                      "parent": 11,
                                                      "ID": 12,
                                                      "left": 13,
                                                      "right": 17
                                                    },
                                                    {
                                                      "Node Type": "Hash",
                                                      "Parent Relationship": "Inner",
                                                      "Parallel Aware": true,
                                                      "Async Capable": false,
                                                      "Startup Cost": 7495.25,
                                                      "Total Cost": 7495.25,
                                                      "Plan Rows": 2442,
                                                      "Plan Width": 4,
                                                      "Plans": [
                                                        {
                                                          "Node Type": "Seq Scan",
                                                          "Parent Relationship": "Outer",
                                                          "Parallel Aware": true,
                                                          "Async Capable": false,
                                                          "Relation Name": "item",
                                                          "Alias": "item",
                                                          "Startup Cost": 0.0,
                                                          "Total Cost": 7495.25,
                                                          "Plan Rows": 2442,
                                                          "Plan Width": 4,
                                                          "Filter": "(i_current_price > '50'::numeric)",
                                                          "parent": 19,
                                                          "ID": 20
                                                        }
                                                      ],
                                                      "parent": 11,
                                                      "ID": 19,
                                                      "left": 20
                                                    }
                                                  ],
                                                  "parent": 10,
                                                  "ID": 11,
                                                  "left": 12,
                                                  "right": 19
                                                },
                                                {
                                                  "Node Type": "Hash",
                                                  "Parent Relationship": "Inner",
                                                  "Parallel Aware": false,
                                                  "Async Capable": false,
                                                  "Startup Cost": 19.25,
                                                  "Total Cost": 19.25,
                                                  "Plan Rows": 492,
                                                  "Plan Width": 4,
                                                  "Plans": [
                                                    {
                                                      "Node Type": "Seq Scan",
                                                      "Parent Relationship": "Outer",
                                                      "Parallel Aware": false,
                                                      "Async Capable": false,
                                                      "Relation Name": "promotion",
                                                      "Alias": "promotion",
                                                      "Startup Cost": 0.0,
                                                      "Total Cost": 19.25,
                                                      "Plan Rows": 492,
                                                      "Plan Width": 4,
                                                      "Filter": "(p_channel_tv = 'N'::bpchar)",
                                                      "parent": 21,
                                                      "ID": 22
                                                    }
                                                  ],
                                                  "parent": 10,
                                                  "ID": 21,
                                                  "left": 22
                                                }
                                              ],
                                              "parent": 9,
                                              "ID": 10,
                                              "left": 11,
                                              "right": 21
                                            },
                                            {
                                              "Node Type": "Hash",
                                              "Parent Relationship": "Inner",
                                              "Parallel Aware": false,
                                              "Async Capable": false,
                                              "Startup Cost": 6.02,
                                              "Total Cost": 6.02,
                                              "Plan Rows": 102,
                                              "Plan Width": 21,
                                              "Plans": [
                                                {
                                                  "Node Type": "Seq Scan",
                                                  "Parent Relationship": "Outer",
                                                  "Parallel Aware": false,
                                                  "Async Capable": false,
                                                  "Relation Name": "store",
                                                  "Alias": "store",
                                                  "Startup Cost": 0.0,
                                                  "Total Cost": 6.02,
                                                  "Plan Rows": 102,
                                                  "Plan Width": 21,
                                                  "parent": 23,
                                                  "ID": 24
                                                }
                                              ],
                                              "parent": 9,
                                              "ID": 23,
                                              "left": 24
                                            }
                                          ],
                                          "parent": 8,
                                          "ID": 9,
                                          "left": 10,
                                          "right": 23
                                        }
                                      ],
                                      "parent": 7,
                                      "ID": 8,
                                      "left": 9
                                    }
                                  ],
                                  "parent": 6,
                                  "ID": 7,
                                  "left": 8
                                }
                              ],
                              "parent": 5,
                              "ID": 6,
                              "left": 7
                            }
                          ],
                          "parent": 4,
                          "ID": 5,
                          "left": 6
                        }
                      ],
                      "parent": 3,
                      "ID": 4,
                      "left": 5
                    },
                    {
                      "Node Type": "Subquery Scan",
                      "Parent Relationship": "Member",
                      "Parallel Aware": false,
                      "Async Capable": false,
                      "Alias": "csr",
                      "Startup Cost": 518174.1,
                      "Total Cost": 518225.66,
                      "Plan Rows": 329,
                      "Plan Width": 160,
                      "Plans": [
                        {
                          "Node Type": "Aggregate",
                          "Strategy": "Sorted",
                          "Partial Mode": "Finalize",
                          "Parent Relationship": "Subquery",
                          "Parallel Aware": false,
                          "Async Capable": false,
                          "Startup Cost": 518174.1,
                          "Total Cost": 518220.73,
                          "Plan Rows": 329,
                          "Plan Width": 113,
                          "Group Key": [
                            "catalog_page.cp_catalog_page_id"
                          ],
                          "Plans": [
                            {
                              "Node Type": "Gather Merge",
                              "Parent Relationship": "Outer",
                              "Parallel Aware": false,
                              "Async Capable": false,
                              "Startup Cost": 518174.1,
                              "Total Cost": 518210.18,
                              "Plan Rows": 274,
                              "Plan Width": 113,
                              "Workers Planned": 2,
                              "Plans": [
                                {
                                  "Node Type": "Aggregate",
                                  "Strategy": "Sorted",
                                  "Partial Mode": "Partial",
                                  "Parent Relationship": "Outer",
                                  "Parallel Aware": false,
                                  "Async Capable": false,
                                  "Startup Cost": 517174.07,
                                  "Total Cost": 517178.53,
                                  "Plan Rows": 137,
                                  "Plan Width": 113,
                                  "Group Key": [
                                    "catalog_page.cp_catalog_page_id"
                                  ],
                                  "Plans": [
                                    {
                                      "Node Type": "Sort",
                                      "Parent Relationship": "Outer",
                                      "Parallel Aware": false,
                                      "Async Capable": false,
                                      "Startup Cost": 517174.07,
                                      "Total Cost": 517174.42,
                                      "Plan Rows": 137,
                                      "Plan Width": 41,
                                      "Sort Key": [
                                        "catalog_page.cp_catalog_page_id"
                                      ],
                                      "Plans": [
                                        {
                                          "Node Type": "Hash Join",
                                          "Parent Relationship": "Outer",
                                          "Parallel Aware": false,
                                          "Async Capable": false,
                                          "Join Type": "Inner",
                                          "Startup Cost": 57382.33,
                                          "Total Cost": 517169.21,
                                          "Plan Rows": 137,
                                          "Plan Width": 41,
                                          "Inner Unique": false,
                                          "Hash Cond": "(catalog_sales.cs_catalog_page_sk = catalog_page.cp_catalog_page_sk)",
                                          "Plans": [
                                            {
                                              "Node Type": "Hash Join",
                                              "Parent Relationship": "Outer",
                                              "Parallel Aware": false,
                                              "Async Capable": false,
                                              "Join Type": "Inner",
                                              "Startup Cost": 56864.33,
                                              "Total Cost": 516649.32,
                                              "Plan Rows": 138,
                                              "Plan Width": 28,
                                              "Inner Unique": false,
                                              "Hash Cond": "(catalog_sales.cs_promo_sk = promotion_1.p_promo_sk)",
                                              "Plans": [
                                                {
                                                  "Node Type": "Hash Join",
                                                  "Parent Relationship": "Outer",
                                                  "Parallel Aware": true,
                                                  "Async Capable": false,
                                                  "Join Type": "Inner",
                                                  "Startup Cost": 56838.93,
                                                  "Total Cost": 516622.01,
                                                  "Plan Rows": 141,
                                                  "Plan Width": 32,
                                                  "Inner Unique": false,
                                                  "Hash Cond": "(catalog_sales.cs_item_sk = item_1.i_item_sk)",
                                                  "Plans": [
                                                    {
                                                      "Node Type": "Hash Join",
                                                      "Parent Relationship": "Outer",
                                                      "Parallel Aware": true,
                                                      "Async Capable": false,
                                                      "Join Type": "Left",
                                                      "Startup Cost": 49313.15,
                                                      "Total Cost": 509086.46,
                                                      "Plan Rows": 2450,
                                                      "Plan Width": 36,
                                                      "Inner Unique": false,
                                                      "Hash Cond": "((catalog_sales.cs_item_sk = catalog_returns.cr_item_sk) AND (catalog_sales.cs_order_number = catalog_returns.cr_order_number))",
                                                      "Plans": [
                                                        {
                                                          "Node Type": "Hash Join",
                                                          "Parent Relationship": "Outer",
                                                          "Parallel Aware": true,
                                                          "Async Capable": false,
                                                          "Join Type": "Inner",
                                                          "Startup Cost": 2049.78,
                                                          "Total Cost": 458254.7,
                                                          "Plan Rows": 2450,
                                                          "Plan Width": 28,
                                                          "Inner Unique": false,
                                                          "Hash Cond": "(catalog_sales.cs_sold_date_sk = date_dim_1.d_date_sk)",
                                                          "Plans": [
                                                            {
                                                              "Node Type": "Seq Scan",
                                                              "Parent Relationship": "Outer",
                                                              "Parallel Aware": true,
                                                              "Async Capable": false,
                                                              "Relation Name": "catalog_sales",
                                                              "Alias": "catalog_sales",
                                                              "Startup Cost": 0.0,
                                                              "Total Cost": 433688.25,
                                                              "Plan Rows": 6000525,
                                                              "Plan Width": 32,
                                                              "parent": 34,
                                                              "ID": 35
                                                            },
                                                            {
                                                              "Node Type": "Hash",
                                                              "Parent Relationship": "Inner",
                                                              "Parallel Aware": true,
                                                              "Async Capable": false,
                                                              "Startup Cost": 2049.55,
                                                              "Total Cost": 2049.55,
                                                              "Plan Rows": 18,
                                                              "Plan Width": 4,
                                                              "Plans": [
                                                                {
                                                                  "Node Type": "Seq Scan",
                                                                  "Parent Relationship": "Outer",
                                                                  "Parallel Aware": true,
                                                                  "Async Capable": false,
                                                                  "Relation Name": "date_dim",
                                                                  "Alias": "date_dim_1",
                                                                  "Startup Cost": 0.0,
                                                                  "Total Cost": 2049.55,
                                                                  "Plan Rows": 18,
                                                                  "Plan Width": 4,
                                                                  "Filter": "((d_date >= '1998-08-19'::date) AND (d_date <= '1998-09-18 00:00:00'::timestamp without time zone))",
                                                                  "parent": 36,
                                                                  "ID": 37
                                                                }
                                                              ],
                                                              "parent": 34,
                                                              "ID": 36,
                                                              "left": 37
                                                            }
                                                          ],
                                                          "parent": 33,
                                                          "ID": 34,
                                                          "left": 35,
                                                          "right": 36
                                                        },
                                                        {
                                                          "Node Type": "Hash",
                                                          "Parent Relationship": "Inner",
                                                          "Parallel Aware": true,
                                                          "Async Capable": false,
                                                          "Startup Cost": 34748.95,
                                                          "Total Cost": 34748.95,
                                                          "Plan Rows": 599895,
                                                          "Plan Width": 20,
                                                          "Plans": [
                                                            {
                                                              "Node Type": "Seq Scan",
                                                              "Parent Relationship": "Outer",
                                                              "Parallel Aware": true,
                                                              "Async Capable": false,
                                                              "Relation Name": "catalog_returns",
                                                              "Alias": "catalog_returns",
                                                              "Startup Cost": 0.0,
                                                              "Total Cost": 34748.95,
                                                              "Plan Rows": 599895,
                                                              "Plan Width": 20,
                                                              "parent": 38,
                                                              "ID": 39
                                                            }
                                                          ],
                                                          "parent": 33,
                                                          "ID": 38,
                                                          "left": 39
                                                        }
                                                      ],
                                                      "parent": 32,
                                                      "ID": 33,
                                                      "left": 34,
                                                      "right": 38
                                                    },
                                                    {
                                                      "Node Type": "Hash",
                                                      "Parent Relationship": "Inner",
                                                      "Parallel Aware": true,
                                                      "Async Capable": false,
                                                      "Startup Cost": 7495.25,
                                                      "Total Cost": 7495.25,
                                                      "Plan Rows": 2442,
                                                      "Plan Width": 4,
                                                      "Plans": [
                                                        {
                                                          "Node Type": "Seq Scan",
                                                          "Parent Relationship": "Outer",
                                                          "Parallel Aware": true,
                                                          "Async Capable": false,
                                                          "Relation Name": "item",
                                                          "Alias": "item_1",
                                                          "Startup Cost": 0.0,
                                                          "Total Cost": 7495.25,
                                                          "Plan Rows": 2442,
                                                          "Plan Width": 4,
                                                          "Filter": "(i_current_price > '50'::numeric)",
                                                          "parent": 40,
                                                          "ID": 41
                                                        }
                                                      ],
                                                      "parent": 32,
                                                      "ID": 40,
                                                      "left": 41
                                                    }
                                                  ],
                                                  "parent": 31,
                                                  "ID": 32,
                                                  "left": 33,
                                                  "right": 40
                                                },
                                                {
                                                  "Node Type": "Hash",
                                                  "Parent Relationship": "Inner",
                                                  "Parallel Aware": false,
                                                  "Async Capable": false,
                                                  "Startup Cost": 19.25,
                                                  "Total Cost": 19.25,
                                                  "Plan Rows": 492,
                                                  "Plan Width": 4,
                                                  "Plans": [
                                                    {
                                                      "Node Type": "Seq Scan",
                                                      "Parent Relationship": "Outer",
                                                      "Parallel Aware": false,
                                                      "Async Capable": false,
                                                      "Relation Name": "promotion",
                                                      "Alias": "promotion_1",
                                                      "Startup Cost": 0.0,
                                                      "Total Cost": 19.25,
                                                      "Plan Rows": 492,
                                                      "Plan Width": 4,
                                                      "Filter": "(p_channel_tv = 'N'::bpchar)",
                                                      "parent": 42,
                                                      "ID": 43
                                                    }
                                                  ],
                                                  "parent": 31,
                                                  "ID": 42,
                                                  "left": 43
                                                }
                                              ],
                                              "parent": 30,
                                              "ID": 31,
                                              "left": 32,
                                              "right": 42
                                            },
                                            {
                                              "Node Type": "Hash",
                                              "Parent Relationship": "Inner",
                                              "Parallel Aware": false,
                                              "Async Capable": false,
                                              "Startup Cost": 368.0,
                                              "Total Cost": 368.0,
                                              "Plan Rows": 12000,
                                              "Plan Width": 21,
                                              "Plans": [
                                                {
                                                  "Node Type": "Seq Scan",
                                                  "Parent Relationship": "Outer",
                                                  "Parallel Aware": false,
                                                  "Async Capable": false,
                                                  "Relation Name": "catalog_page",
                                                  "Alias": "catalog_page",
                                                  "Startup Cost": 0.0,
                                                  "Total Cost": 368.0,
                                                  "Plan Rows": 12000,
                                                  "Plan Width": 21,
                                                  "parent": 44,
                                                  "ID": 45
                                                }
                                              ],
                                              "parent": 30,
                                              "ID": 44,
                                              "left": 45
                                            }
                                          ],
                                          "parent": 29,
                                          "ID": 30,
                                          "left": 31,
                                          "right": 44
                                        }
                                      ],
                                      "parent": 28,
                                      "ID": 29,
                                      "left": 30
                                    }
                                  ],
                                  "parent": 27,
                                  "ID": 28,
                                  "left": 29
                                }
                              ],
                              "parent": 26,
                              "ID": 27,
                              "left": 28
                            }
                          ],
                          "parent": 25,
                          "ID": 26,
                          "left": 27
                        }
                      ],
                      "parent": 3,
                      "ID": 25,
                      "left": 26
                    },
                    {
                      "Node Type": "Subquery Scan",
                      "Parent Relationship": "Member",
                      "Parallel Aware": false,
                      "Async Capable": false,
                      "Alias": "wsr",
                      "Startup Cost": 263918.43,
                      "Total Cost": 263926.12,
                      "Plan Rows": 21,
                      "Plan Width": 160,
                      "Plans": [
                        {
                          "Node Type": "Aggregate",
                          "Strategy": "Sorted",
                          "Partial Mode": "Finalize",
                          "Parent Relationship": "Subquery",
                          "Parallel Aware": false,
                          "Async Capable": false,
                          "Startup Cost": 263918.43,
                          "Total Cost": 263925.8,
                          "Plan Rows": 21,
                          "Plan Width": 113,
                          "Group Key": [
                            "web_site.web_site_id"
                          ],
                          "Plans": [
                            {
                              "Node Type": "Gather Merge",
                              "Parent Relationship": "Outer",
                              "Parallel Aware": false,
                              "Async Capable": false,
                              "Startup Cost": 263918.43,
                              "Total Cost": 263924.7,
                              "Plan Rows": 42,
                              "Plan Width": 113,
                              "Workers Planned": 2,
                              "Plans": [
                                {
                                  "Node Type": "Aggregate",
                                  "Strategy": "Sorted",
                                  "Partial Mode": "Partial",
                                  "Parent Relationship": "Outer",
                                  "Parallel Aware": false,
                                  "Async Capable": false,
                                  "Startup Cost": 262918.41,
                                  "Total Cost": 262919.83,
                                  "Plan Rows": 21,
                                  "Plan Width": 113,
                                  "Group Key": [
                                    "web_site.web_site_id"
                                  ],
                                  "Plans": [
                                    {
                                      "Node Type": "Sort",
                                      "Parent Relationship": "Outer",
                                      "Parallel Aware": false,
                                      "Async Capable": false,
                                      "Startup Cost": 262918.41,
                                      "Total Cost": 262918.59,
                                      "Plan Rows": 70,
                                      "Plan Width": 41,
                                      "Sort Key": [
                                        "web_site.web_site_id"
                                      ],
                                      "Plans": [
                                        {
                                          "Node Type": "Hash Join",
                                          "Parent Relationship": "Outer",
                                          "Parallel Aware": false,
                                          "Async Capable": false,
                                          "Join Type": "Inner",
                                          "Startup Cost": 32134.74,
                                          "Total Cost": 262916.27,
                                          "Plan Rows": 70,
                                          "Plan Width": 41,
                                          "Inner Unique": false,
                                          "Hash Cond": "(web_sales.ws_web_site_sk = web_site.web_site_sk)",
                                          "Plans": [
                                            {
                                              "Node Type": "Hash Join",
                                              "Parent Relationship": "Outer",
                                              "Parallel Aware": false,
                                              "Async Capable": false,
                                              "Join Type": "Inner",
                                              "Startup Cost": 32130.8,
                                              "Total Cost": 262911.36,
                                              "Plan Rows": 70,
                                              "Plan Width": 28,
                                              "Inner Unique": false,
                                              "Hash Cond": "(web_sales.ws_promo_sk = promotion_2.p_promo_sk)",
                                              "Plans": [
                                                {
                                                  "Node Type": "Hash Join",
                                                  "Parent Relationship": "Outer",
                                                  "Parallel Aware": true,
                                                  "Async Capable": false,
                                                  "Join Type": "Inner",
                                                  "Startup Cost": 32105.4,
                                                  "Total Cost": 262884.99,
                                                  "Plan Rows": 71,
                                                  "Plan Width": 32,
                                                  "Inner Unique": false,
                                                  "Hash Cond": "(web_sales.ws_item_sk = item_2.i_item_sk)",
                                                  "Plans": [
                                                    {
                                                      "Node Type": "Hash Join",
                                                      "Parent Relationship": "Outer",
                                                      "Parallel Aware": true,
                                                      "Async Capable": false,
                                                      "Join Type": "Left",
                                                      "Startup Cost": 24579.62,
                                                      "Total Cost": 255354.31,
                                                      "Plan Rows": 1231,
                                                      "Plan Width": 36,
                                                      "Inner Unique": false,
                                                      "Hash Cond": "((web_sales.ws_item_sk = web_returns.wr_item_sk) AND (web_sales.ws_order_number = web_returns.wr_order_number))",
                                                      "Plans": [
                                                        {
                                                          "Node Type": "Hash Join",
                                                          "Parent Relationship": "Outer",
                                                          "Parallel Aware": true,
                                                          "Async Capable": false,
                                                          "Join Type": "Inner",
                                                          "Startup Cost": 2049.78,
                                                          "Total Cost": 231041.22,
                                                          "Plan Rows": 1231,
                                                          "Plan Width": 28,
                                                          "Inner Unique": false,
                                                          "Hash Cond": "(web_sales.ws_sold_date_sk = date_dim_2.d_date_sk)",
                                                          "Plans": [
                                                            {
                                                              "Node Type": "Seq Scan",
                                                              "Parent Relationship": "Outer",
                                                              "Parallel Aware": true,
                                                              "Async Capable": false,
                                                              "Relation Name": "web_sales",
                                                              "Alias": "web_sales",
                                                              "Startup Cost": 0.0,
                                                              "Total Cost": 217737.86,
                                                              "Plan Rows": 2998986,
                                                              "Plan Width": 32,
                                                              "parent": 55,
                                                              "ID": 56
                                                            },
                                                            {
                                                              "Node Type": "Hash",
                                                              "Parent Relationship": "Inner",
                                                              "Parallel Aware": true,
                                                              "Async Capable": false,
                                                              "Startup Cost": 2049.55,
                                                              "Total Cost": 2049.55,
                                                              "Plan Rows": 18,
                                                              "Plan Width": 4,
                                                              "Plans": [
                                                                {
                                                                  "Node Type": "Seq Scan",
                                                                  "Parent Relationship": "Outer",
                                                                  "Parallel Aware": true,
                                                                  "Async Capable": false,
                                                                  "Relation Name": "date_dim",
                                                                  "Alias": "date_dim_2",
                                                                  "Startup Cost": 0.0,
                                                                  "Total Cost": 2049.55,
                                                                  "Plan Rows": 18,
                                                                  "Plan Width": 4,
                                                                  "Filter": "((d_date >= '1998-08-19'::date) AND (d_date <= '1998-09-18 00:00:00'::timestamp without time zone))",
                                                                  "parent": 57,
                                                                  "ID": 58
                                                                }
                                                              ],
                                                              "parent": 55,
                                                              "ID": 57,
                                                              "left": 58
                                                            }
                                                          ],
                                                          "parent": 54,
                                                          "ID": 55,
                                                          "left": 56,
                                                          "right": 57
                                                        },
                                                        {
                                                          "Node Type": "Hash",
                                                          "Parent Relationship": "Inner",
                                                          "Parallel Aware": true,
                                                          "Async Capable": false,
                                                          "Startup Cost": 16278.74,
                                                          "Total Cost": 16278.74,
                                                          "Plan Rows": 299674,
                                                          "Plan Width": 20,
                                                          "Plans": [
                                                            {
                                                              "Node Type": "Seq Scan",
                                                              "Parent Relationship": "Outer",
                                                              "Parallel Aware": true,
                                                              "Async Capable": false,
                                                              "Relation Name": "web_returns",
                                                              "Alias": "web_returns",
                                                              "Startup Cost": 0.0,
                                                              "Total Cost": 16278.74,
                                                              "Plan Rows": 299674,
                                                              "Plan Width": 20,
                                                              "parent": 59,
                                                              "ID": 60
                                                            }
                                                          ],
                                                          "parent": 54,
                                                          "ID": 59,
                                                          "left": 60
                                                        }
                                                      ],
                                                      "parent": 53,
                                                      "ID": 54,
                                                      "left": 55,
                                                      "right": 59
                                                    },
                                                    {
                                                      "Node Type": "Hash",
                                                      "Parent Relationship": "Inner",
                                                      "Parallel Aware": true,
                                                      "Async Capable": false,
                                                      "Startup Cost": 7495.25,
                                                      "Total Cost": 7495.25,
                                                      "Plan Rows": 2442,
                                                      "Plan Width": 4,
                                                      "Plans": [
                                                        {
                                                          "Node Type": "Seq Scan",
                                                          "Parent Relationship": "Outer",
                                                          "Parallel Aware": true,
                                                          "Async Capable": false,
                                                          "Relation Name": "item",
                                                          "Alias": "item_2",
                                                          "Startup Cost": 0.0,
                                                          "Total Cost": 7495.25,
                                                          "Plan Rows": 2442,
                                                          "Plan Width": 4,
                                                          "Filter": "(i_current_price > '50'::numeric)",
                                                          "parent": 61,
                                                          "ID": 62
                                                        }
                                                      ],
                                                      "parent": 53,
                                                      "ID": 61,
                                                      "left": 62
                                                    }
                                                  ],
                                                  "parent": 52,
                                                  "ID": 53,
                                                  "left": 54,
                                                  "right": 61
                                                },
                                                {
                                                  "Node Type": "Hash",
                                                  "Parent Relationship": "Inner",
                                                  "Parallel Aware": false,
                                                  "Async Capable": false,
                                                  "Startup Cost": 19.25,
                                                  "Total Cost": 19.25,
                                                  "Plan Rows": 492,
                                                  "Plan Width": 4,
                                                  "Plans": [
                                                    {
                                                      "Node Type": "Seq Scan",
                                                      "Parent Relationship": "Outer",
                                                      "Parallel Aware": false,
                                                      "Async Capable": false,
                                                      "Relation Name": "promotion",
                                                      "Alias": "promotion_2",
                                                      "Startup Cost": 0.0,
                                                      "Total Cost": 19.25,
                                                      "Plan Rows": 492,
                                                      "Plan Width": 4,
                                                      "Filter": "(p_channel_tv = 'N'::bpchar)",
                                                      "parent": 63,
                                                      "ID": 64
                                                    }
                                                  ],
                                                  "parent": 52,
                                                  "ID": 63,
                                                  "left": 64
                                                }
                                              ],
                                              "parent": 51,
                                              "ID": 52,
                                              "left": 53,
                                              "right": 63
                                            },
                                            {
                                              "Node Type": "Hash",
                                              "Parent Relationship": "Inner",
                                              "Parallel Aware": false,
                                              "Async Capable": false,
                                              "Startup Cost": 3.42,
                                              "Total Cost": 3.42,
                                              "Plan Rows": 42,
                                              "Plan Width": 21,
                                              "Plans": [
                                                {
                                                  "Node Type": "Seq Scan",
                                                  "Parent Relationship": "Outer",
                                                  "Parallel Aware": false,
                                                  "Async Capable": false,
                                                  "Relation Name": "web_site",
                                                  "Alias": "web_site",
                                                  "Startup Cost": 0.0,
                                                  "Total Cost": 3.42,
                                                  "Plan Rows": 42,
                                                  "Plan Width": 21,
                                                  "parent": 65,
                                                  "ID": 66
                                                }
                                              ],
                                              "parent": 51,
                                              "ID": 65,
                                              "left": 66
                                            }
                                          ],
                                          "parent": 50,
                                          "ID": 51,
                                          "left": 52,
                                          "right": 65
                                        }
                                      ],
                                      "parent": 49,
                                      "ID": 50,
                                      "left": 51
                                    }
                                  ],
                                  "parent": 48,
                                  "ID": 49,
                                  "left": 50
                                }
                              ],
                              "parent": 47,
                              "ID": 48,
                              "left": 49
                            }
                          ],
                          "parent": 46,
                          "ID": 47,
                          "left": 48
                        }
                      ],
                      "parent": 3,
                      "ID": 46,
                      "left": 47
                    }
                  ],
                  "parent": 2,
                  "ID": 3,
                  "left": 4,
                  "right": 25
                }
              ],
              "parent": 1,
              "ID": 2,
              "left": 3
            }
          ],
          "parent": 0,
          "ID": 1,
          "left": 2
        }
      ],
      "parent": null,
      "ID": 0,
      "left": 1
    },
    "feat": {
      "utility": 0.0,
      "query_shape": [
        [
          "Seq Scan",
          "Hash Join",
          "Sort",
          "Aggregate",
          "Gather Merge",
          "Subquery Scan",
          "Append"
        ],
        [
          "Seq Scan",
          "Hash",
          "Hash Join",
          "Sort",
          "Aggregate",
          "Gather Merge",
          "Subquery Scan",
          "Append"
        ],
        [
          "Seq Scan",
          "Hash",
          "Hash Join",
          "Sort",
          "Aggregate",
          "Gather Merge",
          "Subquery Scan",
          "Append"
        ],
        [
          "Seq Scan",
          "Hash",
          "Hash Join",
          "Sort",
          "Aggregate",
          "Gather Merge",
          "Subquery Scan",
          "Append"
        ],
        [
          "Seq Scan",
          "Hash",
          "Hash Join",
          "Sort",
          "Aggregate",
          "Gather Merge",
          "Subquery Scan",
          "Append"
        ],
        [
          "Seq Scan",
          "Hash",
          "Hash Join",
          "Sort",
          "Aggregate",
          "Gather Merge",
          "Subquery Scan",
          "Append"
        ],
        [
          "Seq Scan",
          "Hash Join",
          "Sort",
          "Aggregate",
          "Gather Merge",
          "Subquery Scan",
          "Append"
        ],
        [
          "Seq Scan",
          "Hash",
          "Hash Join",
          "Sort",
          "Aggregate",
          "Gather Merge",
          "Subquery Scan",
          "Append"
        ],
        [
          "Seq Scan",
          "Hash",
          "Hash Join",
          "Sort",
          "Aggregate",
          "Gather Merge",
          "Subquery Scan",
          "Append"
        ],
        [
          "Seq Scan",
          "Hash",
          "Hash Join",
          "Sort",
          "Aggregate",
          "Gather Merge",
          "Subquery Scan",
          "Append"
        ],
        [
          "Seq Scan",
          "Hash",
          "Hash Join",
          "Sort",
          "Aggregate",
          "Gather Merge",
          "Subquery Scan",
          "Append"
        ],
        [
          "Seq Scan",
          "Hash",
          "Hash Join",
          "Sort",
          "Aggregate",
          "Gather Merge",
          "Subquery Scan",
          "Append"
        ],
        [
          "Seq Scan",
          "Hash Join",
          "Sort",
          "Aggregate",
          "Gather Merge",
          "Subquery Scan",
          "Append"
        ],
        [
          "Seq Scan",
          "Hash",
          "Hash Join",
          "Sort",
          "Aggregate",
          "Gather Merge",
          "Subquery Scan",
          "Append"
        ],
        [
          "Seq Scan",
          "Hash",
          "Hash Join",
          "Sort",
          "Aggregate",
          "Gather Merge",
          "Subquery Scan",
          "Append"
        ],
        [
          "Seq Scan",
          "Hash",
          "Hash Join",
          "Sort",
          "Aggregate",
          "Gather Merge",
          "Subquery Scan",
          "Append"
        ],
        [
          "Seq Scan",
          "Hash",
          "Hash Join",
          "Sort",
          "Aggregate",
          "Gather Merge",
          "Subquery Scan",
          "Append"
        ],
        [
          "Seq Scan",
          "Hash",
          "Hash Join",
          "Sort",
          "Aggregate",
          "Gather Merge",
          "Subquery Scan",
          "Append"
        ]
      ],
      "index_shape": [],
      "physical_operator": {}
    }
  },
  {
    "query": "with ssr as\n (select  s_store_id as store_id,\n          sum(ss_ext_sales_price) as sales,\n          sum(coalesce(sr_return_amt, 0)) as returns,\n          sum(ss_net_profit - coalesce(sr_net_loss, 0)) as profit\n  from store_sales left outer join store_returns on\n         (ss_item_sk = sr_item_sk and ss_ticket_number = sr_ticket_number),\n     date_dim,\n     store,\n     item,\n     promotion\n where ss_sold_date_sk = d_date_sk\n       and d_date between cast('1998-08-19' as date) \n                  and (cast('1998-08-19' as date) +  interval '30 days')\n       and ss_store_sk = s_store_sk\n       and ss_item_sk = i_item_sk\n       and i_current_price > 50\n       and ss_promo_sk = p_promo_sk\n       and p_channel_tv = 'N'\n group by s_store_id)\n ,\n csr as\n (select  cp_catalog_page_id as catalog_page_id,\n          sum(cs_ext_sales_price) as sales,\n          sum(coalesce(cr_return_amount, 0)) as returns,\n          sum(cs_net_profit - coalesce(cr_net_loss, 0)) as profit\n  from catalog_sales left outer join catalog_returns on\n         (cs_item_sk = cr_item_sk and cs_order_number = cr_order_number),\n     date_dim,\n     catalog_page,\n     item,\n     promotion\n where cs_sold_date_sk = d_date_sk\n       and d_date between cast('1998-08-19' as date)\n                  and (cast('1998-08-19' as date) +  interval '30 days')\n        and cs_catalog_page_sk = cp_catalog_page_sk\n       and cs_item_sk = i_item_sk\n       and i_current_price > 50\n       and cs_promo_sk = p_promo_sk\n       and p_channel_tv = 'N'\ngroup by cp_catalog_page_id)\n ,\n wsr as\n (select  web_site_id,\n          sum(ws_ext_sales_price) as sales,\n          sum(coalesce(wr_return_amt, 0)) as returns,\n          sum(ws_net_profit - coalesce(wr_net_loss, 0)) as profit\n  from web_sales left outer join web_returns on\n         (ws_item_sk = wr_item_sk and ws_order_number = wr_order_number),\n     date_dim,\n     web_site,\n     item,\n     promotion\n where ws_sold_date_sk = d_date_sk\n       and d_date between cast('1998-08-19' as date)\n                  and (cast('1998-08-19' as date) +  interval '30 days')\n        and ws_web_site_sk = web_site_sk\n       and ws_item_sk = i_item_sk\n       and i_current_price > 50\n       and ws_promo_sk = p_promo_sk\n       and p_channel_tv = 'N'\ngroup by web_site_id)\n  select  channel\n        , id\n        , sum(sales) as sales\n        , sum(returns) as returns\n        , sum(profit) as profit\n from \n (select 'store channel' as channel\n        , 'store' || store_id as id\n        , sales\n        , returns\n        , profit\n from   ssr\n union all\n select 'catalog channel' as channel\n        , 'catalog_page' || catalog_page_id as id\n        , sales\n        , returns\n        , profit\n from  csr\n union all\n select 'web channel' as channel\n        , 'web_site' || web_site_id as id\n        , sales\n        , returns\n        , profit\n from   wsr\n ) x\n group by rollup (channel, id)\n order by channel\n         ,id\n limit 100;\n\n-- end query 61 in stream 0 using template query80.tpl\n",
    "indexes": "store_sales.ss_sold_date_sk",
    "wo plan est": {
      "Node Type": "Limit",
      "Parallel Aware": false,
      "Async Capable": false,
      "Startup Cost": 1566782.76,
      "Total Cost": 1566786.01,
      "Plan Rows": 100,
      "Plan Width": 160,
      "Plans": [
        {
          "Node Type": "Aggregate",
          "Strategy": "Sorted",
          "Partial Mode": "Simple",
          "Parent Relationship": "Outer",
          "Parallel Aware": false,
          "Async Capable": false,
          "Startup Cost": 1566782.76,
          "Total Cost": 1566795.8,
          "Plan Rows": 401,
          "Plan Width": 160,
          "Grouping Sets": [
            {
              "Group Keys": [
                [
                  "('store channel'::text)",
                  "(('store'::text || (ssr.store_id)::text))"
                ],
                [
                  "('store channel'::text)"
                ],
                []
              ]
            }
          ],
          "Plans": [
            {
              "Node Type": "Sort",
              "Parent Relationship": "Outer",
              "Parallel Aware": false,
              "Async Capable": false,
              "Startup Cost": 1566782.76,
              "Total Cost": 1566783.77,
              "Plan Rows": 401,
              "Plan Width": 160,
              "Sort Key": [
                "('store channel'::text)",
                "(('store'::text || (ssr.store_id)::text))"
              ],
              "Plans": [
                {
                  "Node Type": "Append",
                  "Parent Relationship": "Outer",
                  "Parallel Aware": false,
                  "Async Capable": false,
                  "Startup Cost": 784591.9,
                  "Total Cost": 1566765.43,
                  "Plan Rows": 401,
                  "Plan Width": 160,
                  "Subplans Removed": 0,
                  "Plans": [
                    {
                      "Node Type": "Subquery Scan",
                      "Parent Relationship": "Member",
                      "Parallel Aware": false,
                      "Async Capable": false,
                      "Alias": "ssr",
                      "Startup Cost": 784591.9,
                      "Total Cost": 784611.64,
                      "Plan Rows": 51,
                      "Plan Width": 160,
                      "Plans": [
                        {
                          "Node Type": "Aggregate",
                          "Strategy": "Sorted",
                          "Partial Mode": "Finalize",
                          "Parent Relationship": "Subquery",
                          "Parallel Aware": false,
                          "Async Capable": false,
                          "Startup Cost": 784591.9,
                          "Total Cost": 784610.87,
                          "Plan Rows": 51,
                          "Plan Width": 113,
                          "Group Key": [
                            "store.s_store_id"
                          ],
                          "Plans": [
                            {
                              "Node Type": "Gather Merge",
                              "Parent Relationship": "Outer",
                              "Parallel Aware": false,
                              "Async Capable": false,
                              "Startup Cost": 784591.9,
                              "Total Cost": 784608.2,
                              "Plan Rows": 102,
                              "Plan Width": 113,
                              "Workers Planned": 2,
                              "Plans": [
                                {
                                  "Node Type": "Aggregate",
                                  "Strategy": "Sorted",
                                  "Partial Mode": "Partial",
                                  "Parent Relationship": "Outer",
                                  "Parallel Aware": false,
                                  "Async Capable": false,
                                  "Startup Cost": 783591.88,
                                  "Total Cost": 783596.4,
                                  "Plan Rows": 51,
                                  "Plan Width": 113,
                                  "Group Key": [
                                    "store.s_store_id"
                                  ],
                                  "Plans": [
                                    {
                                      "Node Type": "Sort",
                                      "Parent Relationship": "Outer",
                                      "Parallel Aware": false,
                                      "Async Capable": false,
                                      "Startup Cost": 783591.88,
                                      "Total Cost": 783592.48,
                                      "Plan Rows": 242,
                                      "Plan Width": 41,
                                      "Sort Key": [
                                        "store.s_store_id"
                                      ],
                                      "Plans": [
                                        {
                                          "Node Type": "Hash Join",
                                          "Parent Relationship": "Outer",
                                          "Parallel Aware": false,
                                          "Async Capable": false,
                                          "Join Type": "Inner",
                                          "Startup Cost": 94489.35,
                                          "Total Cost": 783582.3,
                                          "Plan Rows": 242,
                                          "Plan Width": 41,
                                          "Inner Unique": false,
                                          "Hash Cond": "(store_sales.ss_store_sk = store.s_store_sk)",
                                          "Plans": [
                                            {
                                              "Node Type": "Hash Join",
                                              "Parent Relationship": "Outer",
                                              "Parallel Aware": false,
                                              "Async Capable": false,
                                              "Join Type": "Inner",
                                              "Startup Cost": 94482.05,
                                              "Total Cost": 783571.63,
                                              "Plan Rows": 254,
                                              "Plan Width": 28,
                                              "Inner Unique": false,
                                              "Hash Cond": "(store_sales.ss_promo_sk = promotion.p_promo_sk)",
                                              "Plans": [
                                                {
                                                  "Node Type": "Hash Join",
                                                  "Parent Relationship": "Outer",
                                                  "Parallel Aware": true,
                                                  "Async Capable": false,
                                                  "Join Type": "Inner",
                                                  "Startup Cost": 94456.65,
                                                  "Total Cost": 783542.68,
                                                  "Plan Rows": 270,
                                                  "Plan Width": 32,
                                                  "Inner Unique": false,
                                                  "Hash Cond": "(store_sales.ss_item_sk = item.i_item_sk)",
                                                  "Plans": [
                                                    {
                                                      "Node Type": "Hash Join",
                                                      "Parent Relationship": "Outer",
                                                      "Parallel Aware": true,
                                                      "Async Capable": false,
                                                      "Join Type": "Left",
                                                      "Startup Cost": 86930.88,
                                                      "Total Cost": 775998.13,
                                                      "Plan Rows": 4703,
                                                      "Plan Width": 36,
                                                      "Inner Unique": false,
                                                      "Hash Cond": "((store_sales.ss_item_sk = store_returns.sr_item_sk) AND (store_sales.ss_ticket_number = store_returns.sr_ticket_number))",
                                                      "Plans": [
                                                        {
                                                          "Node Type": "Hash Join",
                                                          "Parent Relationship": "Outer",
                                                          "Parallel Aware": true,
                                                          "Async Capable": false,
                                                          "Join Type": "Inner",
                                                          "Startup Cost": 2049.78,
                                                          "Total Cost": 683994.75,
                                                          "Plan Rows": 4703,
                                                          "Plan Width": 28,
                                                          "Inner Unique": false,
                                                          "Hash Cond": "(store_sales.ss_sold_date_sk = date_dim.d_date_sk)",
                                                          "Plans": [
                                                            {
                                                              "Node Type": "Seq Scan",
                                                              "Parent Relationship": "Outer",
                                                              "Parallel Aware": true,
                                                              "Async Capable": false,
                                                              "Relation Name": "store_sales",
                                                              "Alias": "store_sales",
                                                              "Startup Cost": 0.0,
                                                              "Total Cost": 636914.37,
                                                              "Plan Rows": 12000637,
                                                              "Plan Width": 32,
                                                              "parent": 13,
                                                              "ID": 14
                                                            },
                                                            {
                                                              "Node Type": "Hash",
                                                              "Parent Relationship": "Inner",
                                                              "Parallel Aware": true,
                                                              "Async Capable": false,
                                                              "Startup Cost": 2049.55,
                                                              "Total Cost": 2049.55,
                                                              "Plan Rows": 18,
                                                              "Plan Width": 4,
                                                              "Plans": [
                                                                {
                                                                  "Node Type": "Seq Scan",
                                                                  "Parent Relationship": "Outer",
                                                                  "Parallel Aware": true,
                                                                  "Async Capable": false,
                                                                  "Relation Name": "date_dim",
                                                                  "Alias": "date_dim",
                                                                  "Startup Cost": 0.0,
                                                                  "Total Cost": 2049.55,
                                                                  "Plan Rows": 18,
                                                                  "Plan Width": 4,
                                                                  "Filter": "((d_date >= '1998-08-19'::date) AND (d_date <= '1998-09-18 00:00:00'::timestamp without time zone))",
                                                                  "parent": 15,
                                                                  "ID": 16
                                                                }
                                                              ],
                                                              "parent": 13,
                                                              "ID": 15,
                                                              "left": 16
                                                            }
                                                          ],
                                                          "parent": 12,
                                                          "ID": 13,
                                                          "left": 14,
                                                          "right": 15
                                                        },
                                                        {
                                                          "Node Type": "Hash",
                                                          "Parent Relationship": "Inner",
                                                          "Parallel Aware": true,
                                                          "Async Capable": false,
                                                          "Startup Cost": 59887.64,
                                                          "Total Cost": 59887.64,
                                                          "Plan Rows": 1198164,
                                                          "Plan Width": 20,
                                                          "Plans": [
                                                            {
                                                              "Node Type": "Seq Scan",
                                                              "Parent Relationship": "Outer",
                                                              "Parallel Aware": true,
                                                              "Async Capable": false,
                                                              "Relation Name": "store_returns",
                                                              "Alias": "store_returns",
                                                              "Startup Cost": 0.0,
                                                              "Total Cost": 59887.64,
                                                              "Plan Rows": 1198164,
                                                              "Plan Width": 20,
                                                              "parent": 17,
                                                              "ID": 18
                                                            }
                                                          ],
                                                          "parent": 12,
                                                          "ID": 17,
                                                          "left": 18
                                                        }
                                                      ],
                                                      "parent": 11,
                                                      "ID": 12,
                                                      "left": 13,
                                                      "right": 17
                                                    },
                                                    {
                                                      "Node Type": "Hash",
                                                      "Parent Relationship": "Inner",
                                                      "Parallel Aware": true,
                                                      "Async Capable": false,
                                                      "Startup Cost": 7495.25,
                                                      "Total Cost": 7495.25,
                                                      "Plan Rows": 2442,
                                                      "Plan Width": 4,
                                                      "Plans": [
                                                        {
                                                          "Node Type": "Seq Scan",
                                                          "Parent Relationship": "Outer",
                                                          "Parallel Aware": true,
                                                          "Async Capable": false,
                                                          "Relation Name": "item",
                                                          "Alias": "item",
                                                          "Startup Cost": 0.0,
                                                          "Total Cost": 7495.25,
                                                          "Plan Rows": 2442,
                                                          "Plan Width": 4,
                                                          "Filter": "(i_current_price > '50'::numeric)",
                                                          "parent": 19,
                                                          "ID": 20
                                                        }
                                                      ],
                                                      "parent": 11,
                                                      "ID": 19,
                                                      "left": 20
                                                    }
                                                  ],
                                                  "parent": 10,
                                                  "ID": 11,
                                                  "left": 12,
                                                  "right": 19
                                                },
                                                {
                                                  "Node Type": "Hash",
                                                  "Parent Relationship": "Inner",
                                                  "Parallel Aware": false,
                                                  "Async Capable": false,
                                                  "Startup Cost": 19.25,
                                                  "Total Cost": 19.25,
                                                  "Plan Rows": 492,
                                                  "Plan Width": 4,
                                                  "Plans": [
                                                    {
                                                      "Node Type": "Seq Scan",
                                                      "Parent Relationship": "Outer",
                                                      "Parallel Aware": false,
                                                      "Async Capable": false,
                                                      "Relation Name": "promotion",
                                                      "Alias": "promotion",
                                                      "Startup Cost": 0.0,
                                                      "Total Cost": 19.25,
                                                      "Plan Rows": 492,
                                                      "Plan Width": 4,
                                                      "Filter": "(p_channel_tv = 'N'::bpchar)",
                                                      "parent": 21,
                                                      "ID": 22
                                                    }
                                                  ],
                                                  "parent": 10,
                                                  "ID": 21,
                                                  "left": 22
                                                }
                                              ],
                                              "parent": 9,
                                              "ID": 10,
                                              "left": 11,
                                              "right": 21
                                            },
                                            {
                                              "Node Type": "Hash",
                                              "Parent Relationship": "Inner",
                                              "Parallel Aware": false,
                                              "Async Capable": false,
                                              "Startup Cost": 6.02,
                                              "Total Cost": 6.02,
                                              "Plan Rows": 102,
                                              "Plan Width": 21,
                                              "Plans": [
                                                {
                                                  "Node Type": "Seq Scan",
                                                  "Parent Relationship": "Outer",
                                                  "Parallel Aware": false,
                                                  "Async Capable": false,
                                                  "Relation Name": "store",
                                                  "Alias": "store",
                                                  "Startup Cost": 0.0,
                                                  "Total Cost": 6.02,
                                                  "Plan Rows": 102,
                                                  "Plan Width": 21,
                                                  "parent": 23,
                                                  "ID": 24
                                                }
                                              ],
                                              "parent": 9,
                                              "ID": 23,
                                              "left": 24
                                            }
                                          ],
                                          "parent": 8,
                                          "ID": 9,
                                          "left": 10,
                                          "right": 23
                                        }
                                      ],
                                      "parent": 7,
                                      "ID": 8,
                                      "left": 9
                                    }
                                  ],
                                  "parent": 6,
                                  "ID": 7,
                                  "left": 8
                                }
                              ],
                              "parent": 5,
                              "ID": 6,
                              "left": 7
                            }
                          ],
                          "parent": 4,
                          "ID": 5,
                          "left": 6
                        }
                      ],
                      "parent": 3,
                      "ID": 4,
                      "left": 5
                    },
                    {
                      "Node Type": "Subquery Scan",
                      "Parent Relationship": "Member",
                      "Parallel Aware": false,
                      "Async Capable": false,
                      "Alias": "csr",
                      "Startup Cost": 518174.1,
                      "Total Cost": 518225.66,
                      "Plan Rows": 329,
                      "Plan Width": 160,
                      "Plans": [
                        {
                          "Node Type": "Aggregate",
                          "Strategy": "Sorted",
                          "Partial Mode": "Finalize",
                          "Parent Relationship": "Subquery",
                          "Parallel Aware": false,
                          "Async Capable": false,
                          "Startup Cost": 518174.1,
                          "Total Cost": 518220.73,
                          "Plan Rows": 329,
                          "Plan Width": 113,
                          "Group Key": [
                            "catalog_page.cp_catalog_page_id"
                          ],
                          "Plans": [
                            {
                              "Node Type": "Gather Merge",
                              "Parent Relationship": "Outer",
                              "Parallel Aware": false,
                              "Async Capable": false,
                              "Startup Cost": 518174.1,
                              "Total Cost": 518210.18,
                              "Plan Rows": 274,
                              "Plan Width": 113,
                              "Workers Planned": 2,
                              "Plans": [
                                {
                                  "Node Type": "Aggregate",
                                  "Strategy": "Sorted",
                                  "Partial Mode": "Partial",
                                  "Parent Relationship": "Outer",
                                  "Parallel Aware": false,
                                  "Async Capable": false,
                                  "Startup Cost": 517174.07,
                                  "Total Cost": 517178.53,
                                  "Plan Rows": 137,
                                  "Plan Width": 113,
                                  "Group Key": [
                                    "catalog_page.cp_catalog_page_id"
                                  ],
                                  "Plans": [
                                    {
                                      "Node Type": "Sort",
                                      "Parent Relationship": "Outer",
                                      "Parallel Aware": false,
                                      "Async Capable": false,
                                      "Startup Cost": 517174.07,
                                      "Total Cost": 517174.42,
                                      "Plan Rows": 137,
                                      "Plan Width": 41,
                                      "Sort Key": [
                                        "catalog_page.cp_catalog_page_id"
                                      ],
                                      "Plans": [
                                        {
                                          "Node Type": "Hash Join",
                                          "Parent Relationship": "Outer",
                                          "Parallel Aware": false,
                                          "Async Capable": false,
                                          "Join Type": "Inner",
                                          "Startup Cost": 57382.33,
                                          "Total Cost": 517169.21,
                                          "Plan Rows": 137,
                                          "Plan Width": 41,
                                          "Inner Unique": false,
                                          "Hash Cond": "(catalog_sales.cs_catalog_page_sk = catalog_page.cp_catalog_page_sk)",
                                          "Plans": [
                                            {
                                              "Node Type": "Hash Join",
                                              "Parent Relationship": "Outer",
                                              "Parallel Aware": false,
                                              "Async Capable": false,
                                              "Join Type": "Inner",
                                              "Startup Cost": 56864.33,
                                              "Total Cost": 516649.32,
                                              "Plan Rows": 138,
                                              "Plan Width": 28,
                                              "Inner Unique": false,
                                              "Hash Cond": "(catalog_sales.cs_promo_sk = promotion_1.p_promo_sk)",
                                              "Plans": [
                                                {
                                                  "Node Type": "Hash Join",
                                                  "Parent Relationship": "Outer",
                                                  "Parallel Aware": true,
                                                  "Async Capable": false,
                                                  "Join Type": "Inner",
                                                  "Startup Cost": 56838.93,
                                                  "Total Cost": 516622.01,
                                                  "Plan Rows": 141,
                                                  "Plan Width": 32,
                                                  "Inner Unique": false,
                                                  "Hash Cond": "(catalog_sales.cs_item_sk = item_1.i_item_sk)",
                                                  "Plans": [
                                                    {
                                                      "Node Type": "Hash Join",
                                                      "Parent Relationship": "Outer",
                                                      "Parallel Aware": true,
                                                      "Async Capable": false,
                                                      "Join Type": "Left",
                                                      "Startup Cost": 49313.15,
                                                      "Total Cost": 509086.46,
                                                      "Plan Rows": 2450,
                                                      "Plan Width": 36,
                                                      "Inner Unique": false,
                                                      "Hash Cond": "((catalog_sales.cs_item_sk = catalog_returns.cr_item_sk) AND (catalog_sales.cs_order_number = catalog_returns.cr_order_number))",
                                                      "Plans": [
                                                        {
                                                          "Node Type": "Hash Join",
                                                          "Parent Relationship": "Outer",
                                                          "Parallel Aware": true,
                                                          "Async Capable": false,
                                                          "Join Type": "Inner",
                                                          "Startup Cost": 2049.78,
                                                          "Total Cost": 458254.7,
                                                          "Plan Rows": 2450,
                                                          "Plan Width": 28,
                                                          "Inner Unique": false,
                                                          "Hash Cond": "(catalog_sales.cs_sold_date_sk = date_dim_1.d_date_sk)",
                                                          "Plans": [
                                                            {
                                                              "Node Type": "Seq Scan",
                                                              "Parent Relationship": "Outer",
                                                              "Parallel Aware": true,
                                                              "Async Capable": false,
                                                              "Relation Name": "catalog_sales",
                                                              "Alias": "catalog_sales",
                                                              "Startup Cost": 0.0,
                                                              "Total Cost": 433688.25,
                                                              "Plan Rows": 6000525,
                                                              "Plan Width": 32,
                                                              "parent": 34,
                                                              "ID": 35
                                                            },
                                                            {
                                                              "Node Type": "Hash",
                                                              "Parent Relationship": "Inner",
                                                              "Parallel Aware": true,
                                                              "Async Capable": false,
                                                              "Startup Cost": 2049.55,
                                                              "Total Cost": 2049.55,
                                                              "Plan Rows": 18,
                                                              "Plan Width": 4,
                                                              "Plans": [
                                                                {
                                                                  "Node Type": "Seq Scan",
                                                                  "Parent Relationship": "Outer",
                                                                  "Parallel Aware": true,
                                                                  "Async Capable": false,
                                                                  "Relation Name": "date_dim",
                                                                  "Alias": "date_dim_1",
                                                                  "Startup Cost": 0.0,
                                                                  "Total Cost": 2049.55,
                                                                  "Plan Rows": 18,
                                                                  "Plan Width": 4,
                                                                  "Filter": "((d_date >= '1998-08-19'::date) AND (d_date <= '1998-09-18 00:00:00'::timestamp without time zone))",
                                                                  "parent": 36,
                                                                  "ID": 37
                                                                }
                                                              ],
                                                              "parent": 34,
                                                              "ID": 36,
                                                              "left": 37
                                                            }
                                                          ],
                                                          "parent": 33,
                                                          "ID": 34,
                                                          "left": 35,
                                                          "right": 36
                                                        },
                                                        {
                                                          "Node Type": "Hash",
                                                          "Parent Relationship": "Inner",
                                                          "Parallel Aware": true,
                                                          "Async Capable": false,
                                                          "Startup Cost": 34748.95,
                                                          "Total Cost": 34748.95,
                                                          "Plan Rows": 599895,
                                                          "Plan Width": 20,
                                                          "Plans": [
                                                            {
                                                              "Node Type": "Seq Scan",
                                                              "Parent Relationship": "Outer",
                                                              "Parallel Aware": true,
                                                              "Async Capable": false,
                                                              "Relation Name": "catalog_returns",
                                                              "Alias": "catalog_returns",
                                                              "Startup Cost": 0.0,
                                                              "Total Cost": 34748.95,
                                                              "Plan Rows": 599895,
                                                              "Plan Width": 20,
                                                              "parent": 38,
                                                              "ID": 39
                                                            }
                                                          ],
                                                          "parent": 33,
                                                          "ID": 38,
                                                          "left": 39
                                                        }
                                                      ],
                                                      "parent": 32,
                                                      "ID": 33,
                                                      "left": 34,
                                                      "right": 38
                                                    },
                                                    {
                                                      "Node Type": "Hash",
                                                      "Parent Relationship": "Inner",
                                                      "Parallel Aware": true,
                                                      "Async Capable": false,
                                                      "Startup Cost": 7495.25,
                                                      "Total Cost": 7495.25,
                                                      "Plan Rows": 2442,
                                                      "Plan Width": 4,
                                                      "Plans": [
                                                        {
                                                          "Node Type": "Seq Scan",
                                                          "Parent Relationship": "Outer",
                                                          "Parallel Aware": true,
                                                          "Async Capable": false,
                                                          "Relation Name": "item",
                                                          "Alias": "item_1",
                                                          "Startup Cost": 0.0,
                                                          "Total Cost": 7495.25,
                                                          "Plan Rows": 2442,
                                                          "Plan Width": 4,
                                                          "Filter": "(i_current_price > '50'::numeric)",
                                                          "parent": 40,
                                                          "ID": 41
                                                        }
                                                      ],
                                                      "parent": 32,
                                                      "ID": 40,
                                                      "left": 41
                                                    }
                                                  ],
                                                  "parent": 31,
                                                  "ID": 32,
                                                  "left": 33,
                                                  "right": 40
                                                },
                                                {
                                                  "Node Type": "Hash",
                                                  "Parent Relationship": "Inner",
                                                  "Parallel Aware": false,
                                                  "Async Capable": false,
                                                  "Startup Cost": 19.25,
                                                  "Total Cost": 19.25,
                                                  "Plan Rows": 492,
                                                  "Plan Width": 4,
                                                  "Plans": [
                                                    {
                                                      "Node Type": "Seq Scan",
                                                      "Parent Relationship": "Outer",
                                                      "Parallel Aware": false,
                                                      "Async Capable": false,
                                                      "Relation Name": "promotion",
                                                      "Alias": "promotion_1",
                                                      "Startup Cost": 0.0,
                                                      "Total Cost": 19.25,
                                                      "Plan Rows": 492,
                                                      "Plan Width": 4,
                                                      "Filter": "(p_channel_tv = 'N'::bpchar)",
                                                      "parent": 42,
                                                      "ID": 43
                                                    }
                                                  ],
                                                  "parent": 31,
                                                  "ID": 42,
                                                  "left": 43
                                                }
                                              ],
                                              "parent": 30,
                                              "ID": 31,
                                              "left": 32,
                                              "right": 42
                                            },
                                            {
                                              "Node Type": "Hash",
                                              "Parent Relationship": "Inner",
                                              "Parallel Aware": false,
                                              "Async Capable": false,
                                              "Startup Cost": 368.0,
                                              "Total Cost": 368.0,
                                              "Plan Rows": 12000,
                                              "Plan Width": 21,
                                              "Plans": [
                                                {
                                                  "Node Type": "Seq Scan",
                                                  "Parent Relationship": "Outer",
                                                  "Parallel Aware": false,
                                                  "Async Capable": false,
                                                  "Relation Name": "catalog_page",
                                                  "Alias": "catalog_page",
                                                  "Startup Cost": 0.0,
                                                  "Total Cost": 368.0,
                                                  "Plan Rows": 12000,
                                                  "Plan Width": 21,
                                                  "parent": 44,
                                                  "ID": 45
                                                }
                                              ],
                                              "parent": 30,
                                              "ID": 44,
                                              "left": 45
                                            }
                                          ],
                                          "parent": 29,
                                          "ID": 30,
                                          "left": 31,
                                          "right": 44
                                        }
                                      ],
                                      "parent": 28,
                                      "ID": 29,
                                      "left": 30
                                    }
                                  ],
                                  "parent": 27,
                                  "ID": 28,
                                  "left": 29
                                }
                              ],
                              "parent": 26,
                              "ID": 27,
                              "left": 28
                            }
                          ],
                          "parent": 25,
                          "ID": 26,
                          "left": 27
                        }
                      ],
                      "parent": 3,
                      "ID": 25,
                      "left": 26
                    },
                    {
                      "Node Type": "Subquery Scan",
                      "Parent Relationship": "Member",
                      "Parallel Aware": false,
                      "Async Capable": false,
                      "Alias": "wsr",
                      "Startup Cost": 263918.43,
                      "Total Cost": 263926.12,
                      "Plan Rows": 21,
                      "Plan Width": 160,
                      "Plans": [
                        {
                          "Node Type": "Aggregate",
                          "Strategy": "Sorted",
                          "Partial Mode": "Finalize",
                          "Parent Relationship": "Subquery",
                          "Parallel Aware": false,
                          "Async Capable": false,
                          "Startup Cost": 263918.43,
                          "Total Cost": 263925.8,
                          "Plan Rows": 21,
                          "Plan Width": 113,
                          "Group Key": [
                            "web_site.web_site_id"
                          ],
                          "Plans": [
                            {
                              "Node Type": "Gather Merge",
                              "Parent Relationship": "Outer",
                              "Parallel Aware": false,
                              "Async Capable": false,
                              "Startup Cost": 263918.43,
                              "Total Cost": 263924.7,
                              "Plan Rows": 42,
                              "Plan Width": 113,
                              "Workers Planned": 2,
                              "Plans": [
                                {
                                  "Node Type": "Aggregate",
                                  "Strategy": "Sorted",
                                  "Partial Mode": "Partial",
                                  "Parent Relationship": "Outer",
                                  "Parallel Aware": false,
                                  "Async Capable": false,
                                  "Startup Cost": 262918.41,
                                  "Total Cost": 262919.83,
                                  "Plan Rows": 21,
                                  "Plan Width": 113,
                                  "Group Key": [
                                    "web_site.web_site_id"
                                  ],
                                  "Plans": [
                                    {
                                      "Node Type": "Sort",
                                      "Parent Relationship": "Outer",
                                      "Parallel Aware": false,
                                      "Async Capable": false,
                                      "Startup Cost": 262918.41,
                                      "Total Cost": 262918.59,
                                      "Plan Rows": 70,
                                      "Plan Width": 41,
                                      "Sort Key": [
                                        "web_site.web_site_id"
                                      ],
                                      "Plans": [
                                        {
                                          "Node Type": "Hash Join",
                                          "Parent Relationship": "Outer",
                                          "Parallel Aware": false,
                                          "Async Capable": false,
                                          "Join Type": "Inner",
                                          "Startup Cost": 32134.74,
                                          "Total Cost": 262916.27,
                                          "Plan Rows": 70,
                                          "Plan Width": 41,
                                          "Inner Unique": false,
                                          "Hash Cond": "(web_sales.ws_web_site_sk = web_site.web_site_sk)",
                                          "Plans": [
                                            {
                                              "Node Type": "Hash Join",
                                              "Parent Relationship": "Outer",
                                              "Parallel Aware": false,
                                              "Async Capable": false,
                                              "Join Type": "Inner",
                                              "Startup Cost": 32130.8,
                                              "Total Cost": 262911.36,
                                              "Plan Rows": 70,
                                              "Plan Width": 28,
                                              "Inner Unique": false,
                                              "Hash Cond": "(web_sales.ws_promo_sk = promotion_2.p_promo_sk)",
                                              "Plans": [
                                                {
                                                  "Node Type": "Hash Join",
                                                  "Parent Relationship": "Outer",
                                                  "Parallel Aware": true,
                                                  "Async Capable": false,
                                                  "Join Type": "Inner",
                                                  "Startup Cost": 32105.4,
                                                  "Total Cost": 262884.99,
                                                  "Plan Rows": 71,
                                                  "Plan Width": 32,
                                                  "Inner Unique": false,
                                                  "Hash Cond": "(web_sales.ws_item_sk = item_2.i_item_sk)",
                                                  "Plans": [
                                                    {
                                                      "Node Type": "Hash Join",
                                                      "Parent Relationship": "Outer",
                                                      "Parallel Aware": true,
                                                      "Async Capable": false,
                                                      "Join Type": "Left",
                                                      "Startup Cost": 24579.62,
                                                      "Total Cost": 255354.31,
                                                      "Plan Rows": 1231,
                                                      "Plan Width": 36,
                                                      "Inner Unique": false,
                                                      "Hash Cond": "((web_sales.ws_item_sk = web_returns.wr_item_sk) AND (web_sales.ws_order_number = web_returns.wr_order_number))",
                                                      "Plans": [
                                                        {
                                                          "Node Type": "Hash Join",
                                                          "Parent Relationship": "Outer",
                                                          "Parallel Aware": true,
                                                          "Async Capable": false,
                                                          "Join Type": "Inner",
                                                          "Startup Cost": 2049.78,
                                                          "Total Cost": 231041.22,
                                                          "Plan Rows": 1231,
                                                          "Plan Width": 28,
                                                          "Inner Unique": false,
                                                          "Hash Cond": "(web_sales.ws_sold_date_sk = date_dim_2.d_date_sk)",
                                                          "Plans": [
                                                            {
                                                              "Node Type": "Seq Scan",
                                                              "Parent Relationship": "Outer",
                                                              "Parallel Aware": true,
                                                              "Async Capable": false,
                                                              "Relation Name": "web_sales",
                                                              "Alias": "web_sales",
                                                              "Startup Cost": 0.0,
                                                              "Total Cost": 217737.86,
                                                              "Plan Rows": 2998986,
                                                              "Plan Width": 32,
                                                              "parent": 55,
                                                              "ID": 56
                                                            },
                                                            {
                                                              "Node Type": "Hash",
                                                              "Parent Relationship": "Inner",
                                                              "Parallel Aware": true,
                                                              "Async Capable": false,
                                                              "Startup Cost": 2049.55,
                                                              "Total Cost": 2049.55,
                                                              "Plan Rows": 18,
                                                              "Plan Width": 4,
                                                              "Plans": [
                                                                {
                                                                  "Node Type": "Seq Scan",
                                                                  "Parent Relationship": "Outer",
                                                                  "Parallel Aware": true,
                                                                  "Async Capable": false,
                                                                  "Relation Name": "date_dim",
                                                                  "Alias": "date_dim_2",
                                                                  "Startup Cost": 0.0,
                                                                  "Total Cost": 2049.55,
                                                                  "Plan Rows": 18,
                                                                  "Plan Width": 4,
                                                                  "Filter": "((d_date >= '1998-08-19'::date) AND (d_date <= '1998-09-18 00:00:00'::timestamp without time zone))",
                                                                  "parent": 57,
                                                                  "ID": 58
                                                                }
                                                              ],
                                                              "parent": 55,
                                                              "ID": 57,
                                                              "left": 58
                                                            }
                                                          ],
                                                          "parent": 54,
                                                          "ID": 55,
                                                          "left": 56,
                                                          "right": 57
                                                        },
                                                        {
                                                          "Node Type": "Hash",
                                                          "Parent Relationship": "Inner",
                                                          "Parallel Aware": true,
                                                          "Async Capable": false,
                                                          "Startup Cost": 16278.74,
                                                          "Total Cost": 16278.74,
                                                          "Plan Rows": 299674,
                                                          "Plan Width": 20,
                                                          "Plans": [
                                                            {
                                                              "Node Type": "Seq Scan",
                                                              "Parent Relationship": "Outer",
                                                              "Parallel Aware": true,
                                                              "Async Capable": false,
                                                              "Relation Name": "web_returns",
                                                              "Alias": "web_returns",
                                                              "Startup Cost": 0.0,
                                                              "Total Cost": 16278.74,
                                                              "Plan Rows": 299674,
                                                              "Plan Width": 20,
                                                              "parent": 59,
                                                              "ID": 60
                                                            }
                                                          ],
                                                          "parent": 54,
                                                          "ID": 59,
                                                          "left": 60
                                                        }
                                                      ],
                                                      "parent": 53,
                                                      "ID": 54,
                                                      "left": 55,
                                                      "right": 59
                                                    },
                                                    {
                                                      "Node Type": "Hash",
                                                      "Parent Relationship": "Inner",
                                                      "Parallel Aware": true,
                                                      "Async Capable": false,
                                                      "Startup Cost": 7495.25,
                                                      "Total Cost": 7495.25,
                                                      "Plan Rows": 2442,
                                                      "Plan Width": 4,
                                                      "Plans": [
                                                        {
                                                          "Node Type": "Seq Scan",
                                                          "Parent Relationship": "Outer",
                                                          "Parallel Aware": true,
                                                          "Async Capable": false,
                                                          "Relation Name": "item",
                                                          "Alias": "item_2",
                                                          "Startup Cost": 0.0,
                                                          "Total Cost": 7495.25,
                                                          "Plan Rows": 2442,
                                                          "Plan Width": 4,
                                                          "Filter": "(i_current_price > '50'::numeric)",
                                                          "parent": 61,
                                                          "ID": 62
                                                        }
                                                      ],
                                                      "parent": 53,
                                                      "ID": 61,
                                                      "left": 62
                                                    }
                                                  ],
                                                  "parent": 52,
                                                  "ID": 53,
                                                  "left": 54,
                                                  "right": 61
                                                },
                                                {
                                                  "Node Type": "Hash",
                                                  "Parent Relationship": "Inner",
                                                  "Parallel Aware": false,
                                                  "Async Capable": false,
                                                  "Startup Cost": 19.25,
                                                  "Total Cost": 19.25,
                                                  "Plan Rows": 492,
                                                  "Plan Width": 4,
                                                  "Plans": [
                                                    {
                                                      "Node Type": "Seq Scan",
                                                      "Parent Relationship": "Outer",
                                                      "Parallel Aware": false,
                                                      "Async Capable": false,
                                                      "Relation Name": "promotion",
                                                      "Alias": "promotion_2",
                                                      "Startup Cost": 0.0,
                                                      "Total Cost": 19.25,
                                                      "Plan Rows": 492,
                                                      "Plan Width": 4,
                                                      "Filter": "(p_channel_tv = 'N'::bpchar)",
                                                      "parent": 63,
                                                      "ID": 64
                                                    }
                                                  ],
                                                  "parent": 52,
                                                  "ID": 63,
                                                  "left": 64
                                                }
                                              ],
                                              "parent": 51,
                                              "ID": 52,
                                              "left": 53,
                                              "right": 63
                                            },
                                            {
                                              "Node Type": "Hash",
                                              "Parent Relationship": "Inner",
                                              "Parallel Aware": false,
                                              "Async Capable": false,
                                              "Startup Cost": 3.42,
                                              "Total Cost": 3.42,
                                              "Plan Rows": 42,
                                              "Plan Width": 21,
                                              "Plans": [
                                                {
                                                  "Node Type": "Seq Scan",
                                                  "Parent Relationship": "Outer",
                                                  "Parallel Aware": false,
                                                  "Async Capable": false,
                                                  "Relation Name": "web_site",
                                                  "Alias": "web_site",
                                                  "Startup Cost": 0.0,
                                                  "Total Cost": 3.42,
                                                  "Plan Rows": 42,
                                                  "Plan Width": 21,
                                                  "parent": 65,
                                                  "ID": 66
                                                }
                                              ],
                                              "parent": 51,
                                              "ID": 65,
                                              "left": 66
                                            }
                                          ],
                                          "parent": 50,
                                          "ID": 51,
                                          "left": 52,
                                          "right": 65
                                        }
                                      ],
                                      "parent": 49,
                                      "ID": 50,
                                      "left": 51
                                    }
                                  ],
                                  "parent": 48,
                                  "ID": 49,
                                  "left": 50
                                }
                              ],
                              "parent": 47,
                              "ID": 48,
                              "left": 49
                            }
                          ],
                          "parent": 46,
                          "ID": 47,
                          "left": 48
                        }
                      ],
                      "parent": 3,
                      "ID": 46,
                      "left": 47
                    }
                  ],
                  "parent": 2,
                  "ID": 3,
                  "left": 4,
                  "right": 25
                }
              ],
              "parent": 1,
              "ID": 2,
              "left": 3
            }
          ],
          "parent": 0,
          "ID": 1,
          "left": 2
        }
      ],
      "parent": null,
      "ID": 0,
      "left": 1
    },
    "feat": {
      "utility": 2.172627339238145e-06,
      "query_shape": [
        [
          "Seq Scan",
          "Hash Join",
          "Sort",
          "Aggregate",
          "Gather Merge",
          "Subquery Scan",
          "Append"
        ],
        [
          "Seq Scan",
          "Hash",
          "Hash Join",
          "Sort",
          "Aggregate",
          "Gather Merge",
          "Subquery Scan",
          "Append"
        ],
        [
          "Seq Scan",
          "Hash",
          "Hash Join",
          "Sort",
          "Aggregate",
          "Gather Merge",
          "Subquery Scan",
          "Append"
        ],
        [
          "Seq Scan",
          "Hash",
          "Hash Join",
          "Sort",
          "Aggregate",
          "Gather Merge",
          "Subquery Scan",
          "Append"
        ],
        [
          "Seq Scan",
          "Hash",
          "Hash Join",
          "Sort",
          "Aggregate",
          "Gather Merge",
          "Subquery Scan",
          "Append"
        ],
        [
          "Seq Scan",
          "Hash",
          "Hash Join",
          "Sort",
          "Aggregate",
          "Gather Merge",
          "Subquery Scan",
          "Append"
        ],
        [
          "Seq Scan",
          "Hash Join",
          "Sort",
          "Aggregate",
          "Gather Merge",
          "Subquery Scan",
          "Append"
        ],
        [
          "Seq Scan",
          "Hash",
          "Hash Join",
          "Sort",
          "Aggregate",
          "Gather Merge",
          "Subquery Scan",
          "Append"
        ],
        [
          "Seq Scan",
          "Hash",
          "Hash Join",
          "Sort",
          "Aggregate",
          "Gather Merge",
          "Subquery Scan",
          "Append"
        ],
        [
          "Seq Scan",
          "Hash",
          "Hash Join",
          "Sort",
          "Aggregate",
          "Gather Merge",
          "Subquery Scan",
          "Append"
        ],
        [
          "Seq Scan",
          "Hash",
          "Hash Join",
          "Sort",
          "Aggregate",
          "Gather Merge",
          "Subquery Scan",
          "Append"
        ],
        [
          "Seq Scan",
          "Hash",
          "Hash Join",
          "Sort",
          "Aggregate",
          "Gather Merge",
          "Subquery Scan",
          "Append"
        ],
        [
          "Seq Scan",
          "Hash Join",
          "Sort",
          "Aggregate",
          "Gather Merge",
          "Subquery Scan",
          "Append"
        ],
        [
          "Seq Scan",
          "Hash",
          "Hash Join",
          "Sort",
          "Aggregate",
          "Gather Merge",
          "Subquery Scan",
          "Append"
        ],
        [
          "Seq Scan",
          "Hash",
          "Hash Join",
          "Sort",
          "Aggregate",
          "Gather Merge",
          "Subquery Scan",
          "Append"
        ],
        [
          "Seq Scan",
          "Hash",
          "Hash Join",
          "Sort",
          "Aggregate",
          "Gather Merge",
          "Subquery Scan",
          "Append"
        ],
        [
          "Seq Scan",
          "Hash",
          "Hash Join",
          "Sort",
          "Aggregate",
          "Gather Merge",
          "Subquery Scan",
          "Append"
        ],
        [
          "Seq Scan",
          "Hash",
          "Hash Join",
          "Sort",
          "Aggregate",
          "Gather Merge",
          "Subquery Scan",
          "Append"
        ]
      ],
      "index_shape": [
        "join"
      ],
      "physical_operator": {
        "Hash Join": [
          0.004666046765541177
        ]
      }
    }
  },
  {
    "query": "with ssr as\n (select  s_store_id as store_id,\n          sum(ss_ext_sales_price) as sales,\n          sum(coalesce(sr_return_amt, 0)) as returns,\n          sum(ss_net_profit - coalesce(sr_net_loss, 0)) as profit\n  from store_sales left outer join store_returns on\n         (ss_item_sk = sr_item_sk and ss_ticket_number = sr_ticket_number),\n     date_dim,\n     store,\n     item,\n     promotion\n where ss_sold_date_sk = d_date_sk\n       and d_date between cast('1998-08-19' as date) \n                  and (cast('1998-08-19' as date) +  interval '30 days')\n       and ss_store_sk = s_store_sk\n       and ss_item_sk = i_item_sk\n       and i_current_price > 50\n       and ss_promo_sk = p_promo_sk\n       and p_channel_tv = 'N'\n group by s_store_id)\n ,\n csr as\n (select  cp_catalog_page_id as catalog_page_id,\n          sum(cs_ext_sales_price) as sales,\n          sum(coalesce(cr_return_amount, 0)) as returns,\n          sum(cs_net_profit - coalesce(cr_net_loss, 0)) as profit\n  from catalog_sales left outer join catalog_returns on\n         (cs_item_sk = cr_item_sk and cs_order_number = cr_order_number),\n     date_dim,\n     catalog_page,\n     item,\n     promotion\n where cs_sold_date_sk = d_date_sk\n       and d_date between cast('1998-08-19' as date)\n                  and (cast('1998-08-19' as date) +  interval '30 days')\n        and cs_catalog_page_sk = cp_catalog_page_sk\n       and cs_item_sk = i_item_sk\n       and i_current_price > 50\n       and cs_promo_sk = p_promo_sk\n       and p_channel_tv = 'N'\ngroup by cp_catalog_page_id)\n ,\n wsr as\n (select  web_site_id,\n          sum(ws_ext_sales_price) as sales,\n          sum(coalesce(wr_return_amt, 0)) as returns,\n          sum(ws_net_profit - coalesce(wr_net_loss, 0)) as profit\n  from web_sales left outer join web_returns on\n         (ws_item_sk = wr_item_sk and ws_order_number = wr_order_number),\n     date_dim,\n     web_site,\n     item,\n     promotion\n where ws_sold_date_sk = d_date_sk\n       and d_date between cast('1998-08-19' as date)\n                  and (cast('1998-08-19' as date) +  interval '30 days')\n        and ws_web_site_sk = web_site_sk\n       and ws_item_sk = i_item_sk\n       and i_current_price > 50\n       and ws_promo_sk = p_promo_sk\n       and p_channel_tv = 'N'\ngroup by web_site_id)\n  select  channel\n        , id\n        , sum(sales) as sales\n        , sum(returns) as returns\n        , sum(profit) as profit\n from \n (select 'store channel' as channel\n        , 'store' || store_id as id\n        , sales\n        , returns\n        , profit\n from   ssr\n union all\n select 'catalog channel' as channel\n        , 'catalog_page' || catalog_page_id as id\n        , sales\n        , returns\n        , profit\n from  csr\n union all\n select 'web channel' as channel\n        , 'web_site' || web_site_id as id\n        , sales\n        , returns\n        , profit\n from   wsr\n ) x\n group by rollup (channel, id)\n order by channel\n         ,id\n limit 100;\n\n-- end query 61 in stream 0 using template query80.tpl\n",
    "indexes": "store_sales.ss_item_sk",
    "wo plan est": {
      "Node Type": "Limit",
      "Parallel Aware": false,
      "Async Capable": false,
      "Startup Cost": 1566782.76,
      "Total Cost": 1566786.01,
      "Plan Rows": 100,
      "Plan Width": 160,
      "Plans": [
        {
          "Node Type": "Aggregate",
          "Strategy": "Sorted",
          "Partial Mode": "Simple",
          "Parent Relationship": "Outer",
          "Parallel Aware": false,
          "Async Capable": false,
          "Startup Cost": 1566782.76,
          "Total Cost": 1566795.8,
          "Plan Rows": 401,
          "Plan Width": 160,
          "Grouping Sets": [
            {
              "Group Keys": [
                [
                  "('store channel'::text)",
                  "(('store'::text || (ssr.store_id)::text))"
                ],
                [
                  "('store channel'::text)"
                ],
                []
              ]
            }
          ],
          "Plans": [
            {
              "Node Type": "Sort",
              "Parent Relationship": "Outer",
              "Parallel Aware": false,
              "Async Capable": false,
              "Startup Cost": 1566782.76,
              "Total Cost": 1566783.77,
              "Plan Rows": 401,
              "Plan Width": 160,
              "Sort Key": [
                "('store channel'::text)",
                "(('store'::text || (ssr.store_id)::text))"
              ],
              "Plans": [
                {
                  "Node Type": "Append",
                  "Parent Relationship": "Outer",
                  "Parallel Aware": false,
                  "Async Capable": false,
                  "Startup Cost": 784591.9,
                  "Total Cost": 1566765.43,
                  "Plan Rows": 401,
                  "Plan Width": 160,
                  "Subplans Removed": 0,
                  "Plans": [
                    {
                      "Node Type": "Subquery Scan",
                      "Parent Relationship": "Member",
                      "Parallel Aware": false,
                      "Async Capable": false,
                      "Alias": "ssr",
                      "Startup Cost": 784591.9,
                      "Total Cost": 784611.64,
                      "Plan Rows": 51,
                      "Plan Width": 160,
                      "Plans": [
                        {
                          "Node Type": "Aggregate",
                          "Strategy": "Sorted",
                          "Partial Mode": "Finalize",
                          "Parent Relationship": "Subquery",
                          "Parallel Aware": false,
                          "Async Capable": false,
                          "Startup Cost": 784591.9,
                          "Total Cost": 784610.87,
                          "Plan Rows": 51,
                          "Plan Width": 113,
                          "Group Key": [
                            "store.s_store_id"
                          ],
                          "Plans": [
                            {
                              "Node Type": "Gather Merge",
                              "Parent Relationship": "Outer",
                              "Parallel Aware": false,
                              "Async Capable": false,
                              "Startup Cost": 784591.9,
                              "Total Cost": 784608.2,
                              "Plan Rows": 102,
                              "Plan Width": 113,
                              "Workers Planned": 2,
                              "Plans": [
                                {
                                  "Node Type": "Aggregate",
                                  "Strategy": "Sorted",
                                  "Partial Mode": "Partial",
                                  "Parent Relationship": "Outer",
                                  "Parallel Aware": false,
                                  "Async Capable": false,
                                  "Startup Cost": 783591.88,
                                  "Total Cost": 783596.4,
                                  "Plan Rows": 51,
                                  "Plan Width": 113,
                                  "Group Key": [
                                    "store.s_store_id"
                                  ],
                                  "Plans": [
                                    {
                                      "Node Type": "Sort",
                                      "Parent Relationship": "Outer",
                                      "Parallel Aware": false,
                                      "Async Capable": false,
                                      "Startup Cost": 783591.88,
                                      "Total Cost": 783592.48,
                                      "Plan Rows": 242,
                                      "Plan Width": 41,
                                      "Sort Key": [
                                        "store.s_store_id"
                                      ],
                                      "Plans": [
                                        {
                                          "Node Type": "Hash Join",
                                          "Parent Relationship": "Outer",
                                          "Parallel Aware": false,
                                          "Async Capable": false,
                                          "Join Type": "Inner",
                                          "Startup Cost": 94489.35,
                                          "Total Cost": 783582.3,
                                          "Plan Rows": 242,
                                          "Plan Width": 41,
                                          "Inner Unique": false,
                                          "Hash Cond": "(store_sales.ss_store_sk = store.s_store_sk)",
                                          "Plans": [
                                            {
                                              "Node Type": "Hash Join",
                                              "Parent Relationship": "Outer",
                                              "Parallel Aware": false,
                                              "Async Capable": false,
                                              "Join Type": "Inner",
                                              "Startup Cost": 94482.05,
                                              "Total Cost": 783571.63,
                                              "Plan Rows": 254,
                                              "Plan Width": 28,
                                              "Inner Unique": false,
                                              "Hash Cond": "(store_sales.ss_promo_sk = promotion.p_promo_sk)",
                                              "Plans": [
                                                {
                                                  "Node Type": "Hash Join",
                                                  "Parent Relationship": "Outer",
                                                  "Parallel Aware": true,
                                                  "Async Capable": false,
                                                  "Join Type": "Inner",
                                                  "Startup Cost": 94456.65,
                                                  "Total Cost": 783542.68,
                                                  "Plan Rows": 270,
                                                  "Plan Width": 32,
                                                  "Inner Unique": false,
                                                  "Hash Cond": "(store_sales.ss_item_sk = item.i_item_sk)",
                                                  "Plans": [
                                                    {
                                                      "Node Type": "Hash Join",
                                                      "Parent Relationship": "Outer",
                                                      "Parallel Aware": true,
                                                      "Async Capable": false,
                                                      "Join Type": "Left",
                                                      "Startup Cost": 86930.88,
                                                      "Total Cost": 775998.13,
                                                      "Plan Rows": 4703,
                                                      "Plan Width": 36,
                                                      "Inner Unique": false,
                                                      "Hash Cond": "((store_sales.ss_item_sk = store_returns.sr_item_sk) AND (store_sales.ss_ticket_number = store_returns.sr_ticket_number))",
                                                      "Plans": [
                                                        {
                                                          "Node Type": "Hash Join",
                                                          "Parent Relationship": "Outer",
                                                          "Parallel Aware": true,
                                                          "Async Capable": false,
                                                          "Join Type": "Inner",
                                                          "Startup Cost": 2049.78,
                                                          "Total Cost": 683994.75,
                                                          "Plan Rows": 4703,
                                                          "Plan Width": 28,
                                                          "Inner Unique": false,
                                                          "Hash Cond": "(store_sales.ss_sold_date_sk = date_dim.d_date_sk)",
                                                          "Plans": [
                                                            {
                                                              "Node Type": "Seq Scan",
                                                              "Parent Relationship": "Outer",
                                                              "Parallel Aware": true,
                                                              "Async Capable": false,
                                                              "Relation Name": "store_sales",
                                                              "Alias": "store_sales",
                                                              "Startup Cost": 0.0,
                                                              "Total Cost": 636914.37,
                                                              "Plan Rows": 12000637,
                                                              "Plan Width": 32,
                                                              "parent": 13,
                                                              "ID": 14
                                                            },
                                                            {
                                                              "Node Type": "Hash",
                                                              "Parent Relationship": "Inner",
                                                              "Parallel Aware": true,
                                                              "Async Capable": false,
                                                              "Startup Cost": 2049.55,
                                                              "Total Cost": 2049.55,
                                                              "Plan Rows": 18,
                                                              "Plan Width": 4,
                                                              "Plans": [
                                                                {
                                                                  "Node Type": "Seq Scan",
                                                                  "Parent Relationship": "Outer",
                                                                  "Parallel Aware": true,
                                                                  "Async Capable": false,
                                                                  "Relation Name": "date_dim",
                                                                  "Alias": "date_dim",
                                                                  "Startup Cost": 0.0,
                                                                  "Total Cost": 2049.55,
                                                                  "Plan Rows": 18,
                                                                  "Plan Width": 4,
                                                                  "Filter": "((d_date >= '1998-08-19'::date) AND (d_date <= '1998-09-18 00:00:00'::timestamp without time zone))",
                                                                  "parent": 15,
                                                                  "ID": 16
                                                                }
                                                              ],
                                                              "parent": 13,
                                                              "ID": 15,
                                                              "left": 16
                                                            }
                                                          ],
                                                          "parent": 12,
                                                          "ID": 13,
                                                          "left": 14,
                                                          "right": 15
                                                        },
                                                        {
                                                          "Node Type": "Hash",
                                                          "Parent Relationship": "Inner",
                                                          "Parallel Aware": true,
                                                          "Async Capable": false,
                                                          "Startup Cost": 59887.64,
                                                          "Total Cost": 59887.64,
                                                          "Plan Rows": 1198164,
                                                          "Plan Width": 20,
                                                          "Plans": [
                                                            {
                                                              "Node Type": "Seq Scan",
                                                              "Parent Relationship": "Outer",
                                                              "Parallel Aware": true,
                                                              "Async Capable": false,
                                                              "Relation Name": "store_returns",
                                                              "Alias": "store_returns",
                                                              "Startup Cost": 0.0,
                                                              "Total Cost": 59887.64,
                                                              "Plan Rows": 1198164,
                                                              "Plan Width": 20,
                                                              "parent": 17,
                                                              "ID": 18
                                                            }
                                                          ],
                                                          "parent": 12,
                                                          "ID": 17,
                                                          "left": 18
                                                        }
                                                      ],
                                                      "parent": 11,
                                                      "ID": 12,
                                                      "left": 13,
                                                      "right": 17
                                                    },
                                                    {
                                                      "Node Type": "Hash",
                                                      "Parent Relationship": "Inner",
                                                      "Parallel Aware": true,
                                                      "Async Capable": false,
                                                      "Startup Cost": 7495.25,
                                                      "Total Cost": 7495.25,
                                                      "Plan Rows": 2442,
                                                      "Plan Width": 4,
                                                      "Plans": [
                                                        {
                                                          "Node Type": "Seq Scan",
                                                          "Parent Relationship": "Outer",
                                                          "Parallel Aware": true,
                                                          "Async Capable": false,
                                                          "Relation Name": "item",
                                                          "Alias": "item",
                                                          "Startup Cost": 0.0,
                                                          "Total Cost": 7495.25,
                                                          "Plan Rows": 2442,
                                                          "Plan Width": 4,
                                                          "Filter": "(i_current_price > '50'::numeric)",
                                                          "parent": 19,
                                                          "ID": 20
                                                        }
                                                      ],
                                                      "parent": 11,
                                                      "ID": 19,
                                                      "left": 20
                                                    }
                                                  ],
                                                  "parent": 10,
                                                  "ID": 11,
                                                  "left": 12,
                                                  "right": 19
                                                },
                                                {
                                                  "Node Type": "Hash",
                                                  "Parent Relationship": "Inner",
                                                  "Parallel Aware": false,
                                                  "Async Capable": false,
                                                  "Startup Cost": 19.25,
                                                  "Total Cost": 19.25,
                                                  "Plan Rows": 492,
                                                  "Plan Width": 4,
                                                  "Plans": [
                                                    {
                                                      "Node Type": "Seq Scan",
                                                      "Parent Relationship": "Outer",
                                                      "Parallel Aware": false,
                                                      "Async Capable": false,
                                                      "Relation Name": "promotion",
                                                      "Alias": "promotion",
                                                      "Startup Cost": 0.0,
                                                      "Total Cost": 19.25,
                                                      "Plan Rows": 492,
                                                      "Plan Width": 4,
                                                      "Filter": "(p_channel_tv = 'N'::bpchar)",
                                                      "parent": 21,
                                                      "ID": 22
                                                    }
                                                  ],
                                                  "parent": 10,
                                                  "ID": 21,
                                                  "left": 22
                                                }
                                              ],
                                              "parent": 9,
                                              "ID": 10,
                                              "left": 11,
                                              "right": 21
                                            },
                                            {
                                              "Node Type": "Hash",
                                              "Parent Relationship": "Inner",
                                              "Parallel Aware": false,
                                              "Async Capable": false,
                                              "Startup Cost": 6.02,
                                              "Total Cost": 6.02,
                                              "Plan Rows": 102,
                                              "Plan Width": 21,
                                              "Plans": [
                                                {
                                                  "Node Type": "Seq Scan",
                                                  "Parent Relationship": "Outer",
                                                  "Parallel Aware": false,
                                                  "Async Capable": false,
                                                  "Relation Name": "store",
                                                  "Alias": "store",
                                                  "Startup Cost": 0.0,
                                                  "Total Cost": 6.02,
                                                  "Plan Rows": 102,
                                                  "Plan Width": 21,
                                                  "parent": 23,
                                                  "ID": 24
                                                }
                                              ],
                                              "parent": 9,
                                              "ID": 23,
                                              "left": 24
                                            }
                                          ],
                                          "parent": 8,
                                          "ID": 9,
                                          "left": 10,
                                          "right": 23
                                        }
                                      ],
                                      "parent": 7,
                                      "ID": 8,
                                      "left": 9
                                    }
                                  ],
                                  "parent": 6,
                                  "ID": 7,
                                  "left": 8
                                }
                              ],
                              "parent": 5,
                              "ID": 6,
                              "left": 7
                            }
                          ],
                          "parent": 4,
                          "ID": 5,
                          "left": 6
                        }
                      ],
                      "parent": 3,
                      "ID": 4,
                      "left": 5
                    },
                    {
                      "Node Type": "Subquery Scan",
                      "Parent Relationship": "Member",
                      "Parallel Aware": false,
                      "Async Capable": false,
                      "Alias": "csr",
                      "Startup Cost": 518174.1,
                      "Total Cost": 518225.66,
                      "Plan Rows": 329,
                      "Plan Width": 160,
                      "Plans": [
                        {
                          "Node Type": "Aggregate",
                          "Strategy": "Sorted",
                          "Partial Mode": "Finalize",
                          "Parent Relationship": "Subquery",
                          "Parallel Aware": false,
                          "Async Capable": false,
                          "Startup Cost": 518174.1,
                          "Total Cost": 518220.73,
                          "Plan Rows": 329,
                          "Plan Width": 113,
                          "Group Key": [
                            "catalog_page.cp_catalog_page_id"
                          ],
                          "Plans": [
                            {
                              "Node Type": "Gather Merge",
                              "Parent Relationship": "Outer",
                              "Parallel Aware": false,
                              "Async Capable": false,
                              "Startup Cost": 518174.1,
                              "Total Cost": 518210.18,
                              "Plan Rows": 274,
                              "Plan Width": 113,
                              "Workers Planned": 2,
                              "Plans": [
                                {
                                  "Node Type": "Aggregate",
                                  "Strategy": "Sorted",
                                  "Partial Mode": "Partial",
                                  "Parent Relationship": "Outer",
                                  "Parallel Aware": false,
                                  "Async Capable": false,
                                  "Startup Cost": 517174.07,
                                  "Total Cost": 517178.53,
                                  "Plan Rows": 137,
                                  "Plan Width": 113,
                                  "Group Key": [
                                    "catalog_page.cp_catalog_page_id"
                                  ],
                                  "Plans": [
                                    {
                                      "Node Type": "Sort",
                                      "Parent Relationship": "Outer",
                                      "Parallel Aware": false,
                                      "Async Capable": false,
                                      "Startup Cost": 517174.07,
                                      "Total Cost": 517174.42,
                                      "Plan Rows": 137,
                                      "Plan Width": 41,
                                      "Sort Key": [
                                        "catalog_page.cp_catalog_page_id"
                                      ],
                                      "Plans": [
                                        {
                                          "Node Type": "Hash Join",
                                          "Parent Relationship": "Outer",
                                          "Parallel Aware": false,
                                          "Async Capable": false,
                                          "Join Type": "Inner",
                                          "Startup Cost": 57382.33,
                                          "Total Cost": 517169.21,
                                          "Plan Rows": 137,
                                          "Plan Width": 41,
                                          "Inner Unique": false,
                                          "Hash Cond": "(catalog_sales.cs_catalog_page_sk = catalog_page.cp_catalog_page_sk)",
                                          "Plans": [
                                            {
                                              "Node Type": "Hash Join",
                                              "Parent Relationship": "Outer",
                                              "Parallel Aware": false,
                                              "Async Capable": false,
                                              "Join Type": "Inner",
                                              "Startup Cost": 56864.33,
                                              "Total Cost": 516649.32,
                                              "Plan Rows": 138,
                                              "Plan Width": 28,
                                              "Inner Unique": false,
                                              "Hash Cond": "(catalog_sales.cs_promo_sk = promotion_1.p_promo_sk)",
                                              "Plans": [
                                                {
                                                  "Node Type": "Hash Join",
                                                  "Parent Relationship": "Outer",
                                                  "Parallel Aware": true,
                                                  "Async Capable": false,
                                                  "Join Type": "Inner",
                                                  "Startup Cost": 56838.93,
                                                  "Total Cost": 516622.01,
                                                  "Plan Rows": 141,
                                                  "Plan Width": 32,
                                                  "Inner Unique": false,
                                                  "Hash Cond": "(catalog_sales.cs_item_sk = item_1.i_item_sk)",
                                                  "Plans": [
                                                    {
                                                      "Node Type": "Hash Join",
                                                      "Parent Relationship": "Outer",
                                                      "Parallel Aware": true,
                                                      "Async Capable": false,
                                                      "Join Type": "Left",
                                                      "Startup Cost": 49313.15,
                                                      "Total Cost": 509086.46,
                                                      "Plan Rows": 2450,
                                                      "Plan Width": 36,
                                                      "Inner Unique": false,
                                                      "Hash Cond": "((catalog_sales.cs_item_sk = catalog_returns.cr_item_sk) AND (catalog_sales.cs_order_number = catalog_returns.cr_order_number))",
                                                      "Plans": [
                                                        {
                                                          "Node Type": "Hash Join",
                                                          "Parent Relationship": "Outer",
                                                          "Parallel Aware": true,
                                                          "Async Capable": false,
                                                          "Join Type": "Inner",
                                                          "Startup Cost": 2049.78,
                                                          "Total Cost": 458254.7,
                                                          "Plan Rows": 2450,
                                                          "Plan Width": 28,
                                                          "Inner Unique": false,
                                                          "Hash Cond": "(catalog_sales.cs_sold_date_sk = date_dim_1.d_date_sk)",
                                                          "Plans": [
                                                            {
                                                              "Node Type": "Seq Scan",
                                                              "Parent Relationship": "Outer",
                                                              "Parallel Aware": true,
                                                              "Async Capable": false,
                                                              "Relation Name": "catalog_sales",
                                                              "Alias": "catalog_sales",
                                                              "Startup Cost": 0.0,
                                                              "Total Cost": 433688.25,
                                                              "Plan Rows": 6000525,
                                                              "Plan Width": 32,
                                                              "parent": 34,
                                                              "ID": 35
                                                            },
                                                            {
                                                              "Node Type": "Hash",
                                                              "Parent Relationship": "Inner",
                                                              "Parallel Aware": true,
                                                              "Async Capable": false,
                                                              "Startup Cost": 2049.55,
                                                              "Total Cost": 2049.55,
                                                              "Plan Rows": 18,
                                                              "Plan Width": 4,
                                                              "Plans": [
                                                                {
                                                                  "Node Type": "Seq Scan",
                                                                  "Parent Relationship": "Outer",
                                                                  "Parallel Aware": true,
                                                                  "Async Capable": false,
                                                                  "Relation Name": "date_dim",
                                                                  "Alias": "date_dim_1",
                                                                  "Startup Cost": 0.0,
                                                                  "Total Cost": 2049.55,
                                                                  "Plan Rows": 18,
                                                                  "Plan Width": 4,
                                                                  "Filter": "((d_date >= '1998-08-19'::date) AND (d_date <= '1998-09-18 00:00:00'::timestamp without time zone))",
                                                                  "parent": 36,
                                                                  "ID": 37
                                                                }
                                                              ],
                                                              "parent": 34,
                                                              "ID": 36,
                                                              "left": 37
                                                            }
                                                          ],
                                                          "parent": 33,
                                                          "ID": 34,
                                                          "left": 35,
                                                          "right": 36
                                                        },
                                                        {
                                                          "Node Type": "Hash",
                                                          "Parent Relationship": "Inner",
                                                          "Parallel Aware": true,
                                                          "Async Capable": false,
                                                          "Startup Cost": 34748.95,
                                                          "Total Cost": 34748.95,
                                                          "Plan Rows": 599895,
                                                          "Plan Width": 20,
                                                          "Plans": [
                                                            {
                                                              "Node Type": "Seq Scan",
                                                              "Parent Relationship": "Outer",
                                                              "Parallel Aware": true,
                                                              "Async Capable": false,
                                                              "Relation Name": "catalog_returns",
                                                              "Alias": "catalog_returns",
                                                              "Startup Cost": 0.0,
                                                              "Total Cost": 34748.95,
                                                              "Plan Rows": 599895,
                                                              "Plan Width": 20,
                                                              "parent": 38,
                                                              "ID": 39
                                                            }
                                                          ],
                                                          "parent": 33,
                                                          "ID": 38,
                                                          "left": 39
                                                        }
                                                      ],
                                                      "parent": 32,
                                                      "ID": 33,
                                                      "left": 34,
                                                      "right": 38
                                                    },
                                                    {
                                                      "Node Type": "Hash",
                                                      "Parent Relationship": "Inner",
                                                      "Parallel Aware": true,
                                                      "Async Capable": false,
                                                      "Startup Cost": 7495.25,
                                                      "Total Cost": 7495.25,
                                                      "Plan Rows": 2442,
                                                      "Plan Width": 4,
                                                      "Plans": [
                                                        {
                                                          "Node Type": "Seq Scan",
                                                          "Parent Relationship": "Outer",
                                                          "Parallel Aware": true,
                                                          "Async Capable": false,
                                                          "Relation Name": "item",
                                                          "Alias": "item_1",
                                                          "Startup Cost": 0.0,
                                                          "Total Cost": 7495.25,
                                                          "Plan Rows": 2442,
                                                          "Plan Width": 4,
                                                          "Filter": "(i_current_price > '50'::numeric)",
                                                          "parent": 40,
                                                          "ID": 41
                                                        }
                                                      ],
                                                      "parent": 32,
                                                      "ID": 40,
                                                      "left": 41
                                                    }
                                                  ],
                                                  "parent": 31,
                                                  "ID": 32,
                                                  "left": 33,
                                                  "right": 40
                                                },
                                                {
                                                  "Node Type": "Hash",
                                                  "Parent Relationship": "Inner",
                                                  "Parallel Aware": false,
                                                  "Async Capable": false,
                                                  "Startup Cost": 19.25,
                                                  "Total Cost": 19.25,
                                                  "Plan Rows": 492,
                                                  "Plan Width": 4,
                                                  "Plans": [
                                                    {
                                                      "Node Type": "Seq Scan",
                                                      "Parent Relationship": "Outer",
                                                      "Parallel Aware": false,
                                                      "Async Capable": false,
                                                      "Relation Name": "promotion",
                                                      "Alias": "promotion_1",
                                                      "Startup Cost": 0.0,
                                                      "Total Cost": 19.25,
                                                      "Plan Rows": 492,
                                                      "Plan Width": 4,
                                                      "Filter": "(p_channel_tv = 'N'::bpchar)",
                                                      "parent": 42,
                                                      "ID": 43
                                                    }
                                                  ],
                                                  "parent": 31,
                                                  "ID": 42,
                                                  "left": 43
                                                }
                                              ],
                                              "parent": 30,
                                              "ID": 31,
                                              "left": 32,
                                              "right": 42
                                            },
                                            {
                                              "Node Type": "Hash",
                                              "Parent Relationship": "Inner",
                                              "Parallel Aware": false,
                                              "Async Capable": false,
                                              "Startup Cost": 368.0,
                                              "Total Cost": 368.0,
                                              "Plan Rows": 12000,
                                              "Plan Width": 21,
                                              "Plans": [
                                                {
                                                  "Node Type": "Seq Scan",
                                                  "Parent Relationship": "Outer",
                                                  "Parallel Aware": false,
                                                  "Async Capable": false,
                                                  "Relation Name": "catalog_page",
                                                  "Alias": "catalog_page",
                                                  "Startup Cost": 0.0,
                                                  "Total Cost": 368.0,
                                                  "Plan Rows": 12000,
                                                  "Plan Width": 21,
                                                  "parent": 44,
                                                  "ID": 45
                                                }
                                              ],
                                              "parent": 30,
                                              "ID": 44,
                                              "left": 45
                                            }
                                          ],
                                          "parent": 29,
                                          "ID": 30,
                                          "left": 31,
                                          "right": 44
                                        }
                                      ],
                                      "parent": 28,
                                      "ID": 29,
                                      "left": 30
                                    }
                                  ],
                                  "parent": 27,
                                  "ID": 28,
                                  "left": 29
                                }
                              ],
                              "parent": 26,
                              "ID": 27,
                              "left": 28
                            }
                          ],
                          "parent": 25,
                          "ID": 26,
                          "left": 27
                        }
                      ],
                      "parent": 3,
                      "ID": 25,
                      "left": 26
                    },
                    {
                      "Node Type": "Subquery Scan",
                      "Parent Relationship": "Member",
                      "Parallel Aware": false,
                      "Async Capable": false,
                      "Alias": "wsr",
                      "Startup Cost": 263918.43,
                      "Total Cost": 263926.12,
                      "Plan Rows": 21,
                      "Plan Width": 160,
                      "Plans": [
                        {
                          "Node Type": "Aggregate",
                          "Strategy": "Sorted",
                          "Partial Mode": "Finalize",
                          "Parent Relationship": "Subquery",
                          "Parallel Aware": false,
                          "Async Capable": false,
                          "Startup Cost": 263918.43,
                          "Total Cost": 263925.8,
                          "Plan Rows": 21,
                          "Plan Width": 113,
                          "Group Key": [
                            "web_site.web_site_id"
                          ],
                          "Plans": [
                            {
                              "Node Type": "Gather Merge",
                              "Parent Relationship": "Outer",
                              "Parallel Aware": false,
                              "Async Capable": false,
                              "Startup Cost": 263918.43,
                              "Total Cost": 263924.7,
                              "Plan Rows": 42,
                              "Plan Width": 113,
                              "Workers Planned": 2,
                              "Plans": [
                                {
                                  "Node Type": "Aggregate",
                                  "Strategy": "Sorted",
                                  "Partial Mode": "Partial",
                                  "Parent Relationship": "Outer",
                                  "Parallel Aware": false,
                                  "Async Capable": false,
                                  "Startup Cost": 262918.41,
                                  "Total Cost": 262919.83,
                                  "Plan Rows": 21,
                                  "Plan Width": 113,
                                  "Group Key": [
                                    "web_site.web_site_id"
                                  ],
                                  "Plans": [
                                    {
                                      "Node Type": "Sort",
                                      "Parent Relationship": "Outer",
                                      "Parallel Aware": false,
                                      "Async Capable": false,
                                      "Startup Cost": 262918.41,
                                      "Total Cost": 262918.59,
                                      "Plan Rows": 70,
                                      "Plan Width": 41,
                                      "Sort Key": [
                                        "web_site.web_site_id"
                                      ],
                                      "Plans": [
                                        {
                                          "Node Type": "Hash Join",
                                          "Parent Relationship": "Outer",
                                          "Parallel Aware": false,
                                          "Async Capable": false,
                                          "Join Type": "Inner",
                                          "Startup Cost": 32134.74,
                                          "Total Cost": 262916.27,
                                          "Plan Rows": 70,
                                          "Plan Width": 41,
                                          "Inner Unique": false,
                                          "Hash Cond": "(web_sales.ws_web_site_sk = web_site.web_site_sk)",
                                          "Plans": [
                                            {
                                              "Node Type": "Hash Join",
                                              "Parent Relationship": "Outer",
                                              "Parallel Aware": false,
                                              "Async Capable": false,
                                              "Join Type": "Inner",
                                              "Startup Cost": 32130.8,
                                              "Total Cost": 262911.36,
                                              "Plan Rows": 70,
                                              "Plan Width": 28,
                                              "Inner Unique": false,
                                              "Hash Cond": "(web_sales.ws_promo_sk = promotion_2.p_promo_sk)",
                                              "Plans": [
                                                {
                                                  "Node Type": "Hash Join",
                                                  "Parent Relationship": "Outer",
                                                  "Parallel Aware": true,
                                                  "Async Capable": false,
                                                  "Join Type": "Inner",
                                                  "Startup Cost": 32105.4,
                                                  "Total Cost": 262884.99,
                                                  "Plan Rows": 71,
                                                  "Plan Width": 32,
                                                  "Inner Unique": false,
                                                  "Hash Cond": "(web_sales.ws_item_sk = item_2.i_item_sk)",
                                                  "Plans": [
                                                    {
                                                      "Node Type": "Hash Join",
                                                      "Parent Relationship": "Outer",
                                                      "Parallel Aware": true,
                                                      "Async Capable": false,
                                                      "Join Type": "Left",
                                                      "Startup Cost": 24579.62,
                                                      "Total Cost": 255354.31,
                                                      "Plan Rows": 1231,
                                                      "Plan Width": 36,
                                                      "Inner Unique": false,
                                                      "Hash Cond": "((web_sales.ws_item_sk = web_returns.wr_item_sk) AND (web_sales.ws_order_number = web_returns.wr_order_number))",
                                                      "Plans": [
                                                        {
                                                          "Node Type": "Hash Join",
                                                          "Parent Relationship": "Outer",
                                                          "Parallel Aware": true,
                                                          "Async Capable": false,
                                                          "Join Type": "Inner",
                                                          "Startup Cost": 2049.78,
                                                          "Total Cost": 231041.22,
                                                          "Plan Rows": 1231,
                                                          "Plan Width": 28,
                                                          "Inner Unique": false,
                                                          "Hash Cond": "(web_sales.ws_sold_date_sk = date_dim_2.d_date_sk)",
                                                          "Plans": [
                                                            {
                                                              "Node Type": "Seq Scan",
                                                              "Parent Relationship": "Outer",
                                                              "Parallel Aware": true,
                                                              "Async Capable": false,
                                                              "Relation Name": "web_sales",
                                                              "Alias": "web_sales",
                                                              "Startup Cost": 0.0,
                                                              "Total Cost": 217737.86,
                                                              "Plan Rows": 2998986,
                                                              "Plan Width": 32,
                                                              "parent": 55,
                                                              "ID": 56
                                                            },
                                                            {
                                                              "Node Type": "Hash",
                                                              "Parent Relationship": "Inner",
                                                              "Parallel Aware": true,
                                                              "Async Capable": false,
                                                              "Startup Cost": 2049.55,
                                                              "Total Cost": 2049.55,
                                                              "Plan Rows": 18,
                                                              "Plan Width": 4,
                                                              "Plans": [
                                                                {
                                                                  "Node Type": "Seq Scan",
                                                                  "Parent Relationship": "Outer",
                                                                  "Parallel Aware": true,
                                                                  "Async Capable": false,
                                                                  "Relation Name": "date_dim",
                                                                  "Alias": "date_dim_2",
                                                                  "Startup Cost": 0.0,
                                                                  "Total Cost": 2049.55,
                                                                  "Plan Rows": 18,
                                                                  "Plan Width": 4,
                                                                  "Filter": "((d_date >= '1998-08-19'::date) AND (d_date <= '1998-09-18 00:00:00'::timestamp without time zone))",
                                                                  "parent": 57,
                                                                  "ID": 58
                                                                }
                                                              ],
                                                              "parent": 55,
                                                              "ID": 57,
                                                              "left": 58
                                                            }
                                                          ],
                                                          "parent": 54,
                                                          "ID": 55,
                                                          "left": 56,
                                                          "right": 57
                                                        },
                                                        {
                                                          "Node Type": "Hash",
                                                          "Parent Relationship": "Inner",
                                                          "Parallel Aware": true,
                                                          "Async Capable": false,
                                                          "Startup Cost": 16278.74,
                                                          "Total Cost": 16278.74,
                                                          "Plan Rows": 299674,
                                                          "Plan Width": 20,
                                                          "Plans": [
                                                            {
                                                              "Node Type": "Seq Scan",
                                                              "Parent Relationship": "Outer",
                                                              "Parallel Aware": true,
                                                              "Async Capable": false,
                                                              "Relation Name": "web_returns",
                                                              "Alias": "web_returns",
                                                              "Startup Cost": 0.0,
                                                              "Total Cost": 16278.74,
                                                              "Plan Rows": 299674,
                                                              "Plan Width": 20,
                                                              "parent": 59,
                                                              "ID": 60
                                                            }
                                                          ],
                                                          "parent": 54,
                                                          "ID": 59,
                                                          "left": 60
                                                        }
                                                      ],
                                                      "parent": 53,
                                                      "ID": 54,
                                                      "left": 55,
                                                      "right": 59
                                                    },
                                                    {
                                                      "Node Type": "Hash",
                                                      "Parent Relationship": "Inner",
                                                      "Parallel Aware": true,
                                                      "Async Capable": false,
                                                      "Startup Cost": 7495.25,
                                                      "Total Cost": 7495.25,
                                                      "Plan Rows": 2442,
                                                      "Plan Width": 4,
                                                      "Plans": [
                                                        {
                                                          "Node Type": "Seq Scan",
                                                          "Parent Relationship": "Outer",
                                                          "Parallel Aware": true,
                                                          "Async Capable": false,
                                                          "Relation Name": "item",
                                                          "Alias": "item_2",
                                                          "Startup Cost": 0.0,
                                                          "Total Cost": 7495.25,
                                                          "Plan Rows": 2442,
                                                          "Plan Width": 4,
                                                          "Filter": "(i_current_price > '50'::numeric)",
                                                          "parent": 61,
                                                          "ID": 62
                                                        }
                                                      ],
                                                      "parent": 53,
                                                      "ID": 61,
                                                      "left": 62
                                                    }
                                                  ],
                                                  "parent": 52,
                                                  "ID": 53,
                                                  "left": 54,
                                                  "right": 61
                                                },
                                                {
                                                  "Node Type": "Hash",
                                                  "Parent Relationship": "Inner",
                                                  "Parallel Aware": false,
                                                  "Async Capable": false,
                                                  "Startup Cost": 19.25,
                                                  "Total Cost": 19.25,
                                                  "Plan Rows": 492,
                                                  "Plan Width": 4,
                                                  "Plans": [
                                                    {
                                                      "Node Type": "Seq Scan",
                                                      "Parent Relationship": "Outer",
                                                      "Parallel Aware": false,
                                                      "Async Capable": false,
                                                      "Relation Name": "promotion",
                                                      "Alias": "promotion_2",
                                                      "Startup Cost": 0.0,
                                                      "Total Cost": 19.25,
                                                      "Plan Rows": 492,
                                                      "Plan Width": 4,
                                                      "Filter": "(p_channel_tv = 'N'::bpchar)",
                                                      "parent": 63,
                                                      "ID": 64
                                                    }
                                                  ],
                                                  "parent": 52,
                                                  "ID": 63,
                                                  "left": 64
                                                }
                                              ],
                                              "parent": 51,
                                              "ID": 52,
                                              "left": 53,
                                              "right": 63
                                            },
                                            {
                                              "Node Type": "Hash",
                                              "Parent Relationship": "Inner",
                                              "Parallel Aware": false,
                                              "Async Capable": false,
                                              "Startup Cost": 3.42,
                                              "Total Cost": 3.42,
                                              "Plan Rows": 42,
                                              "Plan Width": 21,
                                              "Plans": [
                                                {
                                                  "Node Type": "Seq Scan",
                                                  "Parent Relationship": "Outer",
                                                  "Parallel Aware": false,
                                                  "Async Capable": false,
                                                  "Relation Name": "web_site",
                                                  "Alias": "web_site",
                                                  "Startup Cost": 0.0,
                                                  "Total Cost": 3.42,
                                                  "Plan Rows": 42,
                                                  "Plan Width": 21,
                                                  "parent": 65,
                                                  "ID": 66
                                                }
                                              ],
                                              "parent": 51,
                                              "ID": 65,
                                              "left": 66
                                            }
                                          ],
                                          "parent": 50,
                                          "ID": 51,
                                          "left": 52,
                                          "right": 65
                                        }
                                      ],
                                      "parent": 49,
                                      "ID": 50,
                                      "left": 51
                                    }
                                  ],
                                  "parent": 48,
                                  "ID": 49,
                                  "left": 50
                                }
                              ],
                              "parent": 47,
                              "ID": 48,
                              "left": 49
                            }
                          ],
                          "parent": 46,
                          "ID": 47,
                          "left": 48
                        }
                      ],
                      "parent": 3,
                      "ID": 46,
                      "left": 47
                    }
                  ],
                  "parent": 2,
                  "ID": 3,
                  "left": 4,
                  "right": 25
                }
              ],
              "parent": 1,
              "ID": 2,
              "left": 3
            }
          ],
          "parent": 0,
          "ID": 1,
          "left": 2
        }
      ],
      "parent": null,
      "ID": 0,
      "left": 1
    },
    "feat": {
      "utility": 4.353047024951984e-06,
      "query_shape": [
        [
          "Seq Scan",
          "Hash Join",
          "Sort",
          "Aggregate",
          "Gather Merge",
          "Subquery Scan",
          "Append"
        ],
        [
          "Seq Scan",
          "Hash",
          "Hash Join",
          "Sort",
          "Aggregate",
          "Gather Merge",
          "Subquery Scan",
          "Append"
        ],
        [
          "Seq Scan",
          "Hash",
          "Hash Join",
          "Sort",
          "Aggregate",
          "Gather Merge",
          "Subquery Scan",
          "Append"
        ],
        [
          "Seq Scan",
          "Hash",
          "Hash Join",
          "Sort",
          "Aggregate",
          "Gather Merge",
          "Subquery Scan",
          "Append"
        ],
        [
          "Seq Scan",
          "Hash",
          "Hash Join",
          "Sort",
          "Aggregate",
          "Gather Merge",
          "Subquery Scan",
          "Append"
        ],
        [
          "Seq Scan",
          "Hash",
          "Hash Join",
          "Sort",
          "Aggregate",
          "Gather Merge",
          "Subquery Scan",
          "Append"
        ],
        [
          "Seq Scan",
          "Hash Join",
          "Sort",
          "Aggregate",
          "Gather Merge",
          "Subquery Scan",
          "Append"
        ],
        [
          "Seq Scan",
          "Hash",
          "Hash Join",
          "Sort",
          "Aggregate",
          "Gather Merge",
          "Subquery Scan",
          "Append"
        ],
        [
          "Seq Scan",
          "Hash",
          "Hash Join",
          "Sort",
          "Aggregate",
          "Gather Merge",
          "Subquery Scan",
          "Append"
        ],
        [
          "Seq Scan",
          "Hash",
          "Hash Join",
          "Sort",
          "Aggregate",
          "Gather Merge",
          "Subquery Scan",
          "Append"
        ],
        [
          "Seq Scan",
          "Hash",
          "Hash Join",
          "Sort",
          "Aggregate",
          "Gather Merge",
          "Subquery Scan",
          "Append"
        ],
        [
          "Seq Scan",
          "Hash",
          "Hash Join",
          "Sort",
          "Aggregate",
          "Gather Merge",
          "Subquery Scan",
          "Append"
        ],
        [
          "Seq Scan",
          "Hash Join",
          "Sort",
          "Aggregate",
          "Gather Merge",
          "Subquery Scan",
          "Append"
        ],
        [
          "Seq Scan",
          "Hash",
          "Hash Join",
          "Sort",
          "Aggregate",
          "Gather Merge",
          "Subquery Scan",
          "Append"
        ],
        [
          "Seq Scan",
          "Hash",
          "Hash Join",
          "Sort",
          "Aggregate",
          "Gather Merge",
          "Subquery Scan",
          "Append"
        ],
        [
          "Seq Scan",
          "Hash",
          "Hash Join",
          "Sort",
          "Aggregate",
          "Gather Merge",
          "Subquery Scan",
          "Append"
        ],
        [
          "Seq Scan",
          "Hash",
          "Hash Join",
          "Sort",
          "Aggregate",
          "Gather Merge",
          "Subquery Scan",
          "Append"
        ],
        [
          "Seq Scan",
          "Hash",
          "Hash Join",
          "Sort",
          "Aggregate",
          "Gather Merge",
          "Subquery Scan",
          "Append"
        ]
      ],
      "index_shape": [
        "join"
      ],
      "physical_operator": {
        "Hash Join": [
          0.004848658119004518,
          0.0009135700778115242
        ]
      }
    }
  },
  {
    "query": "with ssr as\n (select  s_store_id as store_id,\n          sum(ss_ext_sales_price) as sales,\n          sum(coalesce(sr_return_amt, 0)) as returns,\n          sum(ss_net_profit - coalesce(sr_net_loss, 0)) as profit\n  from store_sales left outer join store_returns on\n         (ss_item_sk = sr_item_sk and ss_ticket_number = sr_ticket_number),\n     date_dim,\n     store,\n     item,\n     promotion\n where ss_sold_date_sk = d_date_sk\n       and d_date between cast('1998-08-19' as date) \n                  and (cast('1998-08-19' as date) +  interval '30 days')\n       and ss_store_sk = s_store_sk\n       and ss_item_sk = i_item_sk\n       and i_current_price > 50\n       and ss_promo_sk = p_promo_sk\n       and p_channel_tv = 'N'\n group by s_store_id)\n ,\n csr as\n (select  cp_catalog_page_id as catalog_page_id,\n          sum(cs_ext_sales_price) as sales,\n          sum(coalesce(cr_return_amount, 0)) as returns,\n          sum(cs_net_profit - coalesce(cr_net_loss, 0)) as profit\n  from catalog_sales left outer join catalog_returns on\n         (cs_item_sk = cr_item_sk and cs_order_number = cr_order_number),\n     date_dim,\n     catalog_page,\n     item,\n     promotion\n where cs_sold_date_sk = d_date_sk\n       and d_date between cast('1998-08-19' as date)\n                  and (cast('1998-08-19' as date) +  interval '30 days')\n        and cs_catalog_page_sk = cp_catalog_page_sk\n       and cs_item_sk = i_item_sk\n       and i_current_price > 50\n       and cs_promo_sk = p_promo_sk\n       and p_channel_tv = 'N'\ngroup by cp_catalog_page_id)\n ,\n wsr as\n (select  web_site_id,\n          sum(ws_ext_sales_price) as sales,\n          sum(coalesce(wr_return_amt, 0)) as returns,\n          sum(ws_net_profit - coalesce(wr_net_loss, 0)) as profit\n  from web_sales left outer join web_returns on\n         (ws_item_sk = wr_item_sk and ws_order_number = wr_order_number),\n     date_dim,\n     web_site,\n     item,\n     promotion\n where ws_sold_date_sk = d_date_sk\n       and d_date between cast('1998-08-19' as date)\n                  and (cast('1998-08-19' as date) +  interval '30 days')\n        and ws_web_site_sk = web_site_sk\n       and ws_item_sk = i_item_sk\n       and i_current_price > 50\n       and ws_promo_sk = p_promo_sk\n       and p_channel_tv = 'N'\ngroup by web_site_id)\n  select  channel\n        , id\n        , sum(sales) as sales\n        , sum(returns) as returns\n        , sum(profit) as profit\n from \n (select 'store channel' as channel\n        , 'store' || store_id as id\n        , sales\n        , returns\n        , profit\n from   ssr\n union all\n select 'catalog channel' as channel\n        , 'catalog_page' || catalog_page_id as id\n        , sales\n        , returns\n        , profit\n from  csr\n union all\n select 'web channel' as channel\n        , 'web_site' || web_site_id as id\n        , sales\n        , returns\n        , profit\n from   wsr\n ) x\n group by rollup (channel, id)\n order by channel\n         ,id\n limit 100;\n\n-- end query 61 in stream 0 using template query80.tpl\n",
    "indexes": "store_sales.ss_store_sk",
    "wo plan est": {
      "Node Type": "Limit",
      "Parallel Aware": false,
      "Async Capable": false,
      "Startup Cost": 1566782.76,
      "Total Cost": 1566786.01,
      "Plan Rows": 100,
      "Plan Width": 160,
      "Plans": [
        {
          "Node Type": "Aggregate",
          "Strategy": "Sorted",
          "Partial Mode": "Simple",
          "Parent Relationship": "Outer",
          "Parallel Aware": false,
          "Async Capable": false,
          "Startup Cost": 1566782.76,
          "Total Cost": 1566795.8,
          "Plan Rows": 401,
          "Plan Width": 160,
          "Grouping Sets": [
            {
              "Group Keys": [
                [
                  "('store channel'::text)",
                  "(('store'::text || (ssr.store_id)::text))"
                ],
                [
                  "('store channel'::text)"
                ],
                []
              ]
            }
          ],
          "Plans": [
            {
              "Node Type": "Sort",
              "Parent Relationship": "Outer",
              "Parallel Aware": false,
              "Async Capable": false,
              "Startup Cost": 1566782.76,
              "Total Cost": 1566783.77,
              "Plan Rows": 401,
              "Plan Width": 160,
              "Sort Key": [
                "('store channel'::text)",
                "(('store'::text || (ssr.store_id)::text))"
              ],
              "Plans": [
                {
                  "Node Type": "Append",
                  "Parent Relationship": "Outer",
                  "Parallel Aware": false,
                  "Async Capable": false,
                  "Startup Cost": 784591.9,
                  "Total Cost": 1566765.43,
                  "Plan Rows": 401,
                  "Plan Width": 160,
                  "Subplans Removed": 0,
                  "Plans": [
                    {
                      "Node Type": "Subquery Scan",
                      "Parent Relationship": "Member",
                      "Parallel Aware": false,
                      "Async Capable": false,
                      "Alias": "ssr",
                      "Startup Cost": 784591.9,
                      "Total Cost": 784611.64,
                      "Plan Rows": 51,
                      "Plan Width": 160,
                      "Plans": [
                        {
                          "Node Type": "Aggregate",
                          "Strategy": "Sorted",
                          "Partial Mode": "Finalize",
                          "Parent Relationship": "Subquery",
                          "Parallel Aware": false,
                          "Async Capable": false,
                          "Startup Cost": 784591.9,
                          "Total Cost": 784610.87,
                          "Plan Rows": 51,
                          "Plan Width": 113,
                          "Group Key": [
                            "store.s_store_id"
                          ],
                          "Plans": [
                            {
                              "Node Type": "Gather Merge",
                              "Parent Relationship": "Outer",
                              "Parallel Aware": false,
                              "Async Capable": false,
                              "Startup Cost": 784591.9,
                              "Total Cost": 784608.2,
                              "Plan Rows": 102,
                              "Plan Width": 113,
                              "Workers Planned": 2,
                              "Plans": [
                                {
                                  "Node Type": "Aggregate",
                                  "Strategy": "Sorted",
                                  "Partial Mode": "Partial",
                                  "Parent Relationship": "Outer",
                                  "Parallel Aware": false,
                                  "Async Capable": false,
                                  "Startup Cost": 783591.88,
                                  "Total Cost": 783596.4,
                                  "Plan Rows": 51,
                                  "Plan Width": 113,
                                  "Group Key": [
                                    "store.s_store_id"
                                  ],
                                  "Plans": [
                                    {
                                      "Node Type": "Sort",
                                      "Parent Relationship": "Outer",
                                      "Parallel Aware": false,
                                      "Async Capable": false,
                                      "Startup Cost": 783591.88,
                                      "Total Cost": 783592.48,
                                      "Plan Rows": 242,
                                      "Plan Width": 41,
                                      "Sort Key": [
                                        "store.s_store_id"
                                      ],
                                      "Plans": [
                                        {
                                          "Node Type": "Hash Join",
                                          "Parent Relationship": "Outer",
                                          "Parallel Aware": false,
                                          "Async Capable": false,
                                          "Join Type": "Inner",
                                          "Startup Cost": 94489.35,
                                          "Total Cost": 783582.3,
                                          "Plan Rows": 242,
                                          "Plan Width": 41,
                                          "Inner Unique": false,
                                          "Hash Cond": "(store_sales.ss_store_sk = store.s_store_sk)",
                                          "Plans": [
                                            {
                                              "Node Type": "Hash Join",
                                              "Parent Relationship": "Outer",
                                              "Parallel Aware": false,
                                              "Async Capable": false,
                                              "Join Type": "Inner",
                                              "Startup Cost": 94482.05,
                                              "Total Cost": 783571.63,
                                              "Plan Rows": 254,
                                              "Plan Width": 28,
                                              "Inner Unique": false,
                                              "Hash Cond": "(store_sales.ss_promo_sk = promotion.p_promo_sk)",
                                              "Plans": [
                                                {
                                                  "Node Type": "Hash Join",
                                                  "Parent Relationship": "Outer",
                                                  "Parallel Aware": true,
                                                  "Async Capable": false,
                                                  "Join Type": "Inner",
                                                  "Startup Cost": 94456.65,
                                                  "Total Cost": 783542.68,
                                                  "Plan Rows": 270,
                                                  "Plan Width": 32,
                                                  "Inner Unique": false,
                                                  "Hash Cond": "(store_sales.ss_item_sk = item.i_item_sk)",
                                                  "Plans": [
                                                    {
                                                      "Node Type": "Hash Join",
                                                      "Parent Relationship": "Outer",
                                                      "Parallel Aware": true,
                                                      "Async Capable": false,
                                                      "Join Type": "Left",
                                                      "Startup Cost": 86930.88,
                                                      "Total Cost": 775998.13,
                                                      "Plan Rows": 4703,
                                                      "Plan Width": 36,
                                                      "Inner Unique": false,
                                                      "Hash Cond": "((store_sales.ss_item_sk = store_returns.sr_item_sk) AND (store_sales.ss_ticket_number = store_returns.sr_ticket_number))",
                                                      "Plans": [
                                                        {
                                                          "Node Type": "Hash Join",
                                                          "Parent Relationship": "Outer",
                                                          "Parallel Aware": true,
                                                          "Async Capable": false,
                                                          "Join Type": "Inner",
                                                          "Startup Cost": 2049.78,
                                                          "Total Cost": 683994.75,
                                                          "Plan Rows": 4703,
                                                          "Plan Width": 28,
                                                          "Inner Unique": false,
                                                          "Hash Cond": "(store_sales.ss_sold_date_sk = date_dim.d_date_sk)",
                                                          "Plans": [
                                                            {
                                                              "Node Type": "Seq Scan",
                                                              "Parent Relationship": "Outer",
                                                              "Parallel Aware": true,
                                                              "Async Capable": false,
                                                              "Relation Name": "store_sales",
                                                              "Alias": "store_sales",
                                                              "Startup Cost": 0.0,
                                                              "Total Cost": 636914.37,
                                                              "Plan Rows": 12000637,
                                                              "Plan Width": 32,
                                                              "parent": 13,
                                                              "ID": 14
                                                            },
                                                            {
                                                              "Node Type": "Hash",
                                                              "Parent Relationship": "Inner",
                                                              "Parallel Aware": true,
                                                              "Async Capable": false,
                                                              "Startup Cost": 2049.55,
                                                              "Total Cost": 2049.55,
                                                              "Plan Rows": 18,
                                                              "Plan Width": 4,
                                                              "Plans": [
                                                                {
                                                                  "Node Type": "Seq Scan",
                                                                  "Parent Relationship": "Outer",
                                                                  "Parallel Aware": true,
                                                                  "Async Capable": false,
                                                                  "Relation Name": "date_dim",
                                                                  "Alias": "date_dim",
                                                                  "Startup Cost": 0.0,
                                                                  "Total Cost": 2049.55,
                                                                  "Plan Rows": 18,
                                                                  "Plan Width": 4,
                                                                  "Filter": "((d_date >= '1998-08-19'::date) AND (d_date <= '1998-09-18 00:00:00'::timestamp without time zone))",
                                                                  "parent": 15,
                                                                  "ID": 16
                                                                }
                                                              ],
                                                              "parent": 13,
                                                              "ID": 15,
                                                              "left": 16
                                                            }
                                                          ],
                                                          "parent": 12,
                                                          "ID": 13,
                                                          "left": 14,
                                                          "right": 15
                                                        },
                                                        {
                                                          "Node Type": "Hash",
                                                          "Parent Relationship": "Inner",
                                                          "Parallel Aware": true,
                                                          "Async Capable": false,
                                                          "Startup Cost": 59887.64,
                                                          "Total Cost": 59887.64,
                                                          "Plan Rows": 1198164,
                                                          "Plan Width": 20,
                                                          "Plans": [
                                                            {
                                                              "Node Type": "Seq Scan",
                                                              "Parent Relationship": "Outer",
                                                              "Parallel Aware": true,
                                                              "Async Capable": false,
                                                              "Relation Name": "store_returns",
                                                              "Alias": "store_returns",
                                                              "Startup Cost": 0.0,
                                                              "Total Cost": 59887.64,
                                                              "Plan Rows": 1198164,
                                                              "Plan Width": 20,
                                                              "parent": 17,
                                                              "ID": 18
                                                            }
                                                          ],
                                                          "parent": 12,
                                                          "ID": 17,
                                                          "left": 18
                                                        }
                                                      ],
                                                      "parent": 11,
                                                      "ID": 12,
                                                      "left": 13,
                                                      "right": 17
                                                    },
                                                    {
                                                      "Node Type": "Hash",
                                                      "Parent Relationship": "Inner",
                                                      "Parallel Aware": true,
                                                      "Async Capable": false,
                                                      "Startup Cost": 7495.25,
                                                      "Total Cost": 7495.25,
                                                      "Plan Rows": 2442,
                                                      "Plan Width": 4,
                                                      "Plans": [
                                                        {
                                                          "Node Type": "Seq Scan",
                                                          "Parent Relationship": "Outer",
                                                          "Parallel Aware": true,
                                                          "Async Capable": false,
                                                          "Relation Name": "item",
                                                          "Alias": "item",
                                                          "Startup Cost": 0.0,
                                                          "Total Cost": 7495.25,
                                                          "Plan Rows": 2442,
                                                          "Plan Width": 4,
                                                          "Filter": "(i_current_price > '50'::numeric)",
                                                          "parent": 19,
                                                          "ID": 20
                                                        }
                                                      ],
                                                      "parent": 11,
                                                      "ID": 19,
                                                      "left": 20
                                                    }
                                                  ],
                                                  "parent": 10,
                                                  "ID": 11,
                                                  "left": 12,
                                                  "right": 19
                                                },
                                                {
                                                  "Node Type": "Hash",
                                                  "Parent Relationship": "Inner",
                                                  "Parallel Aware": false,
                                                  "Async Capable": false,
                                                  "Startup Cost": 19.25,
                                                  "Total Cost": 19.25,
                                                  "Plan Rows": 492,
                                                  "Plan Width": 4,
                                                  "Plans": [
                                                    {
                                                      "Node Type": "Seq Scan",
                                                      "Parent Relationship": "Outer",
                                                      "Parallel Aware": false,
                                                      "Async Capable": false,
                                                      "Relation Name": "promotion",
                                                      "Alias": "promotion",
                                                      "Startup Cost": 0.0,
                                                      "Total Cost": 19.25,
                                                      "Plan Rows": 492,
                                                      "Plan Width": 4,
                                                      "Filter": "(p_channel_tv = 'N'::bpchar)",
                                                      "parent": 21,
                                                      "ID": 22
                                                    }
                                                  ],
                                                  "parent": 10,
                                                  "ID": 21,
                                                  "left": 22
                                                }
                                              ],
                                              "parent": 9,
                                              "ID": 10,
                                              "left": 11,
                                              "right": 21
                                            },
                                            {
                                              "Node Type": "Hash",
                                              "Parent Relationship": "Inner",
                                              "Parallel Aware": false,
                                              "Async Capable": false,
                                              "Startup Cost": 6.02,
                                              "Total Cost": 6.02,
                                              "Plan Rows": 102,
                                              "Plan Width": 21,
                                              "Plans": [
                                                {
                                                  "Node Type": "Seq Scan",
                                                  "Parent Relationship": "Outer",
                                                  "Parallel Aware": false,
                                                  "Async Capable": false,
                                                  "Relation Name": "store",
                                                  "Alias": "store",
                                                  "Startup Cost": 0.0,
                                                  "Total Cost": 6.02,
                                                  "Plan Rows": 102,
                                                  "Plan Width": 21,
                                                  "parent": 23,
                                                  "ID": 24
                                                }
                                              ],
                                              "parent": 9,
                                              "ID": 23,
                                              "left": 24
                                            }
                                          ],
                                          "parent": 8,
                                          "ID": 9,
                                          "left": 10,
                                          "right": 23
                                        }
                                      ],
                                      "parent": 7,
                                      "ID": 8,
                                      "left": 9
                                    }
                                  ],
                                  "parent": 6,
                                  "ID": 7,
                                  "left": 8
                                }
                              ],
                              "parent": 5,
                              "ID": 6,
                              "left": 7
                            }
                          ],
                          "parent": 4,
                          "ID": 5,
                          "left": 6
                        }
                      ],
                      "parent": 3,
                      "ID": 4,
                      "left": 5
                    },
                    {
                      "Node Type": "Subquery Scan",
                      "Parent Relationship": "Member",
                      "Parallel Aware": false,
                      "Async Capable": false,
                      "Alias": "csr",
                      "Startup Cost": 518174.1,
                      "Total Cost": 518225.66,
                      "Plan Rows": 329,
                      "Plan Width": 160,
                      "Plans": [
                        {
                          "Node Type": "Aggregate",
                          "Strategy": "Sorted",
                          "Partial Mode": "Finalize",
                          "Parent Relationship": "Subquery",
                          "Parallel Aware": false,
                          "Async Capable": false,
                          "Startup Cost": 518174.1,
                          "Total Cost": 518220.73,
                          "Plan Rows": 329,
                          "Plan Width": 113,
                          "Group Key": [
                            "catalog_page.cp_catalog_page_id"
                          ],
                          "Plans": [
                            {
                              "Node Type": "Gather Merge",
                              "Parent Relationship": "Outer",
                              "Parallel Aware": false,
                              "Async Capable": false,
                              "Startup Cost": 518174.1,
                              "Total Cost": 518210.18,
                              "Plan Rows": 274,
                              "Plan Width": 113,
                              "Workers Planned": 2,
                              "Plans": [
                                {
                                  "Node Type": "Aggregate",
                                  "Strategy": "Sorted",
                                  "Partial Mode": "Partial",
                                  "Parent Relationship": "Outer",
                                  "Parallel Aware": false,
                                  "Async Capable": false,
                                  "Startup Cost": 517174.07,
                                  "Total Cost": 517178.53,
                                  "Plan Rows": 137,
                                  "Plan Width": 113,
                                  "Group Key": [
                                    "catalog_page.cp_catalog_page_id"
                                  ],
                                  "Plans": [
                                    {
                                      "Node Type": "Sort",
                                      "Parent Relationship": "Outer",
                                      "Parallel Aware": false,
                                      "Async Capable": false,
                                      "Startup Cost": 517174.07,
                                      "Total Cost": 517174.42,
                                      "Plan Rows": 137,
                                      "Plan Width": 41,
                                      "Sort Key": [
                                        "catalog_page.cp_catalog_page_id"
                                      ],
                                      "Plans": [
                                        {
                                          "Node Type": "Hash Join",
                                          "Parent Relationship": "Outer",
                                          "Parallel Aware": false,
                                          "Async Capable": false,
                                          "Join Type": "Inner",
                                          "Startup Cost": 57382.33,
                                          "Total Cost": 517169.21,
                                          "Plan Rows": 137,
                                          "Plan Width": 41,
                                          "Inner Unique": false,
                                          "Hash Cond": "(catalog_sales.cs_catalog_page_sk = catalog_page.cp_catalog_page_sk)",
                                          "Plans": [
                                            {
                                              "Node Type": "Hash Join",
                                              "Parent Relationship": "Outer",
                                              "Parallel Aware": false,
                                              "Async Capable": false,
                                              "Join Type": "Inner",
                                              "Startup Cost": 56864.33,
                                              "Total Cost": 516649.32,
                                              "Plan Rows": 138,
                                              "Plan Width": 28,
                                              "Inner Unique": false,
                                              "Hash Cond": "(catalog_sales.cs_promo_sk = promotion_1.p_promo_sk)",
                                              "Plans": [
                                                {
                                                  "Node Type": "Hash Join",
                                                  "Parent Relationship": "Outer",
                                                  "Parallel Aware": true,
                                                  "Async Capable": false,
                                                  "Join Type": "Inner",
                                                  "Startup Cost": 56838.93,
                                                  "Total Cost": 516622.01,
                                                  "Plan Rows": 141,
                                                  "Plan Width": 32,
                                                  "Inner Unique": false,
                                                  "Hash Cond": "(catalog_sales.cs_item_sk = item_1.i_item_sk)",
                                                  "Plans": [
                                                    {
                                                      "Node Type": "Hash Join",
                                                      "Parent Relationship": "Outer",
                                                      "Parallel Aware": true,
                                                      "Async Capable": false,
                                                      "Join Type": "Left",
                                                      "Startup Cost": 49313.15,
                                                      "Total Cost": 509086.46,
                                                      "Plan Rows": 2450,
                                                      "Plan Width": 36,
                                                      "Inner Unique": false,
                                                      "Hash Cond": "((catalog_sales.cs_item_sk = catalog_returns.cr_item_sk) AND (catalog_sales.cs_order_number = catalog_returns.cr_order_number))",
                                                      "Plans": [
                                                        {
                                                          "Node Type": "Hash Join",
                                                          "Parent Relationship": "Outer",
                                                          "Parallel Aware": true,
                                                          "Async Capable": false,
                                                          "Join Type": "Inner",
                                                          "Startup Cost": 2049.78,
                                                          "Total Cost": 458254.7,
                                                          "Plan Rows": 2450,
                                                          "Plan Width": 28,
                                                          "Inner Unique": false,
                                                          "Hash Cond": "(catalog_sales.cs_sold_date_sk = date_dim_1.d_date_sk)",
                                                          "Plans": [
                                                            {
                                                              "Node Type": "Seq Scan",
                                                              "Parent Relationship": "Outer",
                                                              "Parallel Aware": true,
                                                              "Async Capable": false,
                                                              "Relation Name": "catalog_sales",
                                                              "Alias": "catalog_sales",
                                                              "Startup Cost": 0.0,
                                                              "Total Cost": 433688.25,
                                                              "Plan Rows": 6000525,
                                                              "Plan Width": 32,
                                                              "parent": 34,
                                                              "ID": 35
                                                            },
                                                            {
                                                              "Node Type": "Hash",
                                                              "Parent Relationship": "Inner",
                                                              "Parallel Aware": true,
                                                              "Async Capable": false,
                                                              "Startup Cost": 2049.55,
                                                              "Total Cost": 2049.55,
                                                              "Plan Rows": 18,
                                                              "Plan Width": 4,
                                                              "Plans": [
                                                                {
                                                                  "Node Type": "Seq Scan",
                                                                  "Parent Relationship": "Outer",
                                                                  "Parallel Aware": true,
                                                                  "Async Capable": false,
                                                                  "Relation Name": "date_dim",
                                                                  "Alias": "date_dim_1",
                                                                  "Startup Cost": 0.0,
                                                                  "Total Cost": 2049.55,
                                                                  "Plan Rows": 18,
                                                                  "Plan Width": 4,
                                                                  "Filter": "((d_date >= '1998-08-19'::date) AND (d_date <= '1998-09-18 00:00:00'::timestamp without time zone))",
                                                                  "parent": 36,
                                                                  "ID": 37
                                                                }
                                                              ],
                                                              "parent": 34,
                                                              "ID": 36,
                                                              "left": 37
                                                            }
                                                          ],
                                                          "parent": 33,
                                                          "ID": 34,
                                                          "left": 35,
                                                          "right": 36
                                                        },
                                                        {
                                                          "Node Type": "Hash",
                                                          "Parent Relationship": "Inner",
                                                          "Parallel Aware": true,
                                                          "Async Capable": false,
                                                          "Startup Cost": 34748.95,
                                                          "Total Cost": 34748.95,
                                                          "Plan Rows": 599895,
                                                          "Plan Width": 20,
                                                          "Plans": [
                                                            {
                                                              "Node Type": "Seq Scan",
                                                              "Parent Relationship": "Outer",
                                                              "Parallel Aware": true,
                                                              "Async Capable": false,
                                                              "Relation Name": "catalog_returns",
                                                              "Alias": "catalog_returns",
                                                              "Startup Cost": 0.0,
                                                              "Total Cost": 34748.95,
                                                              "Plan Rows": 599895,
                                                              "Plan Width": 20,
                                                              "parent": 38,
                                                              "ID": 39
                                                            }
                                                          ],
                                                          "parent": 33,
                                                          "ID": 38,
                                                          "left": 39
                                                        }
                                                      ],
                                                      "parent": 32,
                                                      "ID": 33,
                                                      "left": 34,
                                                      "right": 38
                                                    },
                                                    {
                                                      "Node Type": "Hash",
                                                      "Parent Relationship": "Inner",
                                                      "Parallel Aware": true,
                                                      "Async Capable": false,
                                                      "Startup Cost": 7495.25,
                                                      "Total Cost": 7495.25,
                                                      "Plan Rows": 2442,
                                                      "Plan Width": 4,
                                                      "Plans": [
                                                        {
                                                          "Node Type": "Seq Scan",
                                                          "Parent Relationship": "Outer",
                                                          "Parallel Aware": true,
                                                          "Async Capable": false,
                                                          "Relation Name": "item",
                                                          "Alias": "item_1",
                                                          "Startup Cost": 0.0,
                                                          "Total Cost": 7495.25,
                                                          "Plan Rows": 2442,
                                                          "Plan Width": 4,
                                                          "Filter": "(i_current_price > '50'::numeric)",
                                                          "parent": 40,
                                                          "ID": 41
                                                        }
                                                      ],
                                                      "parent": 32,
                                                      "ID": 40,
                                                      "left": 41
                                                    }
                                                  ],
                                                  "parent": 31,
                                                  "ID": 32,
                                                  "left": 33,
                                                  "right": 40
                                                },
                                                {
                                                  "Node Type": "Hash",
                                                  "Parent Relationship": "Inner",
                                                  "Parallel Aware": false,
                                                  "Async Capable": false,
                                                  "Startup Cost": 19.25,
                                                  "Total Cost": 19.25,
                                                  "Plan Rows": 492,
                                                  "Plan Width": 4,
                                                  "Plans": [
                                                    {
                                                      "Node Type": "Seq Scan",
                                                      "Parent Relationship": "Outer",
                                                      "Parallel Aware": false,
                                                      "Async Capable": false,
                                                      "Relation Name": "promotion",
                                                      "Alias": "promotion_1",
                                                      "Startup Cost": 0.0,
                                                      "Total Cost": 19.25,
                                                      "Plan Rows": 492,
                                                      "Plan Width": 4,
                                                      "Filter": "(p_channel_tv = 'N'::bpchar)",
                                                      "parent": 42,
                                                      "ID": 43
                                                    }
                                                  ],
                                                  "parent": 31,
                                                  "ID": 42,
                                                  "left": 43
                                                }
                                              ],
                                              "parent": 30,
                                              "ID": 31,
                                              "left": 32,
                                              "right": 42
                                            },
                                            {
                                              "Node Type": "Hash",
                                              "Parent Relationship": "Inner",
                                              "Parallel Aware": false,
                                              "Async Capable": false,
                                              "Startup Cost": 368.0,
                                              "Total Cost": 368.0,
                                              "Plan Rows": 12000,
                                              "Plan Width": 21,
                                              "Plans": [
                                                {
                                                  "Node Type": "Seq Scan",
                                                  "Parent Relationship": "Outer",
                                                  "Parallel Aware": false,
                                                  "Async Capable": false,
                                                  "Relation Name": "catalog_page",
                                                  "Alias": "catalog_page",
                                                  "Startup Cost": 0.0,
                                                  "Total Cost": 368.0,
                                                  "Plan Rows": 12000,
                                                  "Plan Width": 21,
                                                  "parent": 44,
                                                  "ID": 45
                                                }
                                              ],
                                              "parent": 30,
                                              "ID": 44,
                                              "left": 45
                                            }
                                          ],
                                          "parent": 29,
                                          "ID": 30,
                                          "left": 31,
                                          "right": 44
                                        }
                                      ],
                                      "parent": 28,
                                      "ID": 29,
                                      "left": 30
                                    }
                                  ],
                                  "parent": 27,
                                  "ID": 28,
                                  "left": 29
                                }
                              ],
                              "parent": 26,
                              "ID": 27,
                              "left": 28
                            }
                          ],
                          "parent": 25,
                          "ID": 26,
                          "left": 27
                        }
                      ],
                      "parent": 3,
                      "ID": 25,
                      "left": 26
                    },
                    {
                      "Node Type": "Subquery Scan",
                      "Parent Relationship": "Member",
                      "Parallel Aware": false,
                      "Async Capable": false,
                      "Alias": "wsr",
                      "Startup Cost": 263918.43,
                      "Total Cost": 263926.12,
                      "Plan Rows": 21,
                      "Plan Width": 160,
                      "Plans": [
                        {
                          "Node Type": "Aggregate",
                          "Strategy": "Sorted",
                          "Partial Mode": "Finalize",
                          "Parent Relationship": "Subquery",
                          "Parallel Aware": false,
                          "Async Capable": false,
                          "Startup Cost": 263918.43,
                          "Total Cost": 263925.8,
                          "Plan Rows": 21,
                          "Plan Width": 113,
                          "Group Key": [
                            "web_site.web_site_id"
                          ],
                          "Plans": [
                            {
                              "Node Type": "Gather Merge",
                              "Parent Relationship": "Outer",
                              "Parallel Aware": false,
                              "Async Capable": false,
                              "Startup Cost": 263918.43,
                              "Total Cost": 263924.7,
                              "Plan Rows": 42,
                              "Plan Width": 113,
                              "Workers Planned": 2,
                              "Plans": [
                                {
                                  "Node Type": "Aggregate",
                                  "Strategy": "Sorted",
                                  "Partial Mode": "Partial",
                                  "Parent Relationship": "Outer",
                                  "Parallel Aware": false,
                                  "Async Capable": false,
                                  "Startup Cost": 262918.41,
                                  "Total Cost": 262919.83,
                                  "Plan Rows": 21,
                                  "Plan Width": 113,
                                  "Group Key": [
                                    "web_site.web_site_id"
                                  ],
                                  "Plans": [
                                    {
                                      "Node Type": "Sort",
                                      "Parent Relationship": "Outer",
                                      "Parallel Aware": false,
                                      "Async Capable": false,
                                      "Startup Cost": 262918.41,
                                      "Total Cost": 262918.59,
                                      "Plan Rows": 70,
                                      "Plan Width": 41,
                                      "Sort Key": [
                                        "web_site.web_site_id"
                                      ],
                                      "Plans": [
                                        {
                                          "Node Type": "Hash Join",
                                          "Parent Relationship": "Outer",
                                          "Parallel Aware": false,
                                          "Async Capable": false,
                                          "Join Type": "Inner",
                                          "Startup Cost": 32134.74,
                                          "Total Cost": 262916.27,
                                          "Plan Rows": 70,
                                          "Plan Width": 41,
                                          "Inner Unique": false,
                                          "Hash Cond": "(web_sales.ws_web_site_sk = web_site.web_site_sk)",
                                          "Plans": [
                                            {
                                              "Node Type": "Hash Join",
                                              "Parent Relationship": "Outer",
                                              "Parallel Aware": false,
                                              "Async Capable": false,
                                              "Join Type": "Inner",
                                              "Startup Cost": 32130.8,
                                              "Total Cost": 262911.36,
                                              "Plan Rows": 70,
                                              "Plan Width": 28,
                                              "Inner Unique": false,
                                              "Hash Cond": "(web_sales.ws_promo_sk = promotion_2.p_promo_sk)",
                                              "Plans": [
                                                {
                                                  "Node Type": "Hash Join",
                                                  "Parent Relationship": "Outer",
                                                  "Parallel Aware": true,
                                                  "Async Capable": false,
                                                  "Join Type": "Inner",
                                                  "Startup Cost": 32105.4,
                                                  "Total Cost": 262884.99,
                                                  "Plan Rows": 71,
                                                  "Plan Width": 32,
                                                  "Inner Unique": false,
                                                  "Hash Cond": "(web_sales.ws_item_sk = item_2.i_item_sk)",
                                                  "Plans": [
                                                    {
                                                      "Node Type": "Hash Join",
                                                      "Parent Relationship": "Outer",
                                                      "Parallel Aware": true,
                                                      "Async Capable": false,
                                                      "Join Type": "Left",
                                                      "Startup Cost": 24579.62,
                                                      "Total Cost": 255354.31,
                                                      "Plan Rows": 1231,
                                                      "Plan Width": 36,
                                                      "Inner Unique": false,
                                                      "Hash Cond": "((web_sales.ws_item_sk = web_returns.wr_item_sk) AND (web_sales.ws_order_number = web_returns.wr_order_number))",
                                                      "Plans": [
                                                        {
                                                          "Node Type": "Hash Join",
                                                          "Parent Relationship": "Outer",
                                                          "Parallel Aware": true,
                                                          "Async Capable": false,
                                                          "Join Type": "Inner",
                                                          "Startup Cost": 2049.78,
                                                          "Total Cost": 231041.22,
                                                          "Plan Rows": 1231,
                                                          "Plan Width": 28,
                                                          "Inner Unique": false,
                                                          "Hash Cond": "(web_sales.ws_sold_date_sk = date_dim_2.d_date_sk)",
                                                          "Plans": [
                                                            {
                                                              "Node Type": "Seq Scan",
                                                              "Parent Relationship": "Outer",
                                                              "Parallel Aware": true,
                                                              "Async Capable": false,
                                                              "Relation Name": "web_sales",
                                                              "Alias": "web_sales",
                                                              "Startup Cost": 0.0,
                                                              "Total Cost": 217737.86,
                                                              "Plan Rows": 2998986,
                                                              "Plan Width": 32,
                                                              "parent": 55,
                                                              "ID": 56
                                                            },
                                                            {
                                                              "Node Type": "Hash",
                                                              "Parent Relationship": "Inner",
                                                              "Parallel Aware": true,
                                                              "Async Capable": false,
                                                              "Startup Cost": 2049.55,
                                                              "Total Cost": 2049.55,
                                                              "Plan Rows": 18,
                                                              "Plan Width": 4,
                                                              "Plans": [
                                                                {
                                                                  "Node Type": "Seq Scan",
                                                                  "Parent Relationship": "Outer",
                                                                  "Parallel Aware": true,
                                                                  "Async Capable": false,
                                                                  "Relation Name": "date_dim",
                                                                  "Alias": "date_dim_2",
                                                                  "Startup Cost": 0.0,
                                                                  "Total Cost": 2049.55,
                                                                  "Plan Rows": 18,
                                                                  "Plan Width": 4,
                                                                  "Filter": "((d_date >= '1998-08-19'::date) AND (d_date <= '1998-09-18 00:00:00'::timestamp without time zone))",
                                                                  "parent": 57,
                                                                  "ID": 58
                                                                }
                                                              ],
                                                              "parent": 55,
                                                              "ID": 57,
                                                              "left": 58
                                                            }
                                                          ],
                                                          "parent": 54,
                                                          "ID": 55,
                                                          "left": 56,
                                                          "right": 57
                                                        },
                                                        {
                                                          "Node Type": "Hash",
                                                          "Parent Relationship": "Inner",
                                                          "Parallel Aware": true,
                                                          "Async Capable": false,
                                                          "Startup Cost": 16278.74,
                                                          "Total Cost": 16278.74,
                                                          "Plan Rows": 299674,
                                                          "Plan Width": 20,
                                                          "Plans": [
                                                            {
                                                              "Node Type": "Seq Scan",
                                                              "Parent Relationship": "Outer",
                                                              "Parallel Aware": true,
                                                              "Async Capable": false,
                                                              "Relation Name": "web_returns",
                                                              "Alias": "web_returns",
                                                              "Startup Cost": 0.0,
                                                              "Total Cost": 16278.74,
                                                              "Plan Rows": 299674,
                                                              "Plan Width": 20,
                                                              "parent": 59,
                                                              "ID": 60
                                                            }
                                                          ],
                                                          "parent": 54,
                                                          "ID": 59,
                                                          "left": 60
                                                        }
                                                      ],
                                                      "parent": 53,
                                                      "ID": 54,
                                                      "left": 55,
                                                      "right": 59
                                                    },
                                                    {
                                                      "Node Type": "Hash",
                                                      "Parent Relationship": "Inner",
                                                      "Parallel Aware": true,
                                                      "Async Capable": false,
                                                      "Startup Cost": 7495.25,
                                                      "Total Cost": 7495.25,
                                                      "Plan Rows": 2442,
                                                      "Plan Width": 4,
                                                      "Plans": [
                                                        {
                                                          "Node Type": "Seq Scan",
                                                          "Parent Relationship": "Outer",
                                                          "Parallel Aware": true,
                                                          "Async Capable": false,
                                                          "Relation Name": "item",
                                                          "Alias": "item_2",
                                                          "Startup Cost": 0.0,
                                                          "Total Cost": 7495.25,
                                                          "Plan Rows": 2442,
                                                          "Plan Width": 4,
                                                          "Filter": "(i_current_price > '50'::numeric)",
                                                          "parent": 61,
                                                          "ID": 62
                                                        }
                                                      ],
                                                      "parent": 53,
                                                      "ID": 61,
                                                      "left": 62
                                                    }
                                                  ],
                                                  "parent": 52,
                                                  "ID": 53,
                                                  "left": 54,
                                                  "right": 61
                                                },
                                                {
                                                  "Node Type": "Hash",
                                                  "Parent Relationship": "Inner",
                                                  "Parallel Aware": false,
                                                  "Async Capable": false,
                                                  "Startup Cost": 19.25,
                                                  "Total Cost": 19.25,
                                                  "Plan Rows": 492,
                                                  "Plan Width": 4,
                                                  "Plans": [
                                                    {
                                                      "Node Type": "Seq Scan",
                                                      "Parent Relationship": "Outer",
                                                      "Parallel Aware": false,
                                                      "Async Capable": false,
                                                      "Relation Name": "promotion",
                                                      "Alias": "promotion_2",
                                                      "Startup Cost": 0.0,
                                                      "Total Cost": 19.25,
                                                      "Plan Rows": 492,
                                                      "Plan Width": 4,
                                                      "Filter": "(p_channel_tv = 'N'::bpchar)",
                                                      "parent": 63,
                                                      "ID": 64
                                                    }
                                                  ],
                                                  "parent": 52,
                                                  "ID": 63,
                                                  "left": 64
                                                }
                                              ],
                                              "parent": 51,
                                              "ID": 52,
                                              "left": 53,
                                              "right": 63
                                            },
                                            {
                                              "Node Type": "Hash",
                                              "Parent Relationship": "Inner",
                                              "Parallel Aware": false,
                                              "Async Capable": false,
                                              "Startup Cost": 3.42,
                                              "Total Cost": 3.42,
                                              "Plan Rows": 42,
                                              "Plan Width": 21,
                                              "Plans": [
                                                {
                                                  "Node Type": "Seq Scan",
                                                  "Parent Relationship": "Outer",
                                                  "Parallel Aware": false,
                                                  "Async Capable": false,
                                                  "Relation Name": "web_site",
                                                  "Alias": "web_site",
                                                  "Startup Cost": 0.0,
                                                  "Total Cost": 3.42,
                                                  "Plan Rows": 42,
                                                  "Plan Width": 21,
                                                  "parent": 65,
                                                  "ID": 66
                                                }
                                              ],
                                              "parent": 51,
                                              "ID": 65,
                                              "left": 66
                                            }
                                          ],
                                          "parent": 50,
                                          "ID": 51,
                                          "left": 52,
                                          "right": 65
                                        }
                                      ],
                                      "parent": 49,
                                      "ID": 50,
                                      "left": 51
                                    }
                                  ],
                                  "parent": 48,
                                  "ID": 49,
                                  "left": 50
                                }
                              ],
                              "parent": 47,
                              "ID": 48,
                              "left": 49
                            }
                          ],
                          "parent": 46,
                          "ID": 47,
                          "left": 48
                        }
                      ],
                      "parent": 3,
                      "ID": 46,
                      "left": 47
                    }
                  ],
                  "parent": 2,
                  "ID": 3,
                  "left": 4,
                  "right": 25
                }
              ],
              "parent": 1,
              "ID": 2,
              "left": 3
            }
          ],
          "parent": 0,
          "ID": 1,
          "left": 2
        }
      ],
      "parent": null,
      "ID": 0,
      "left": 1
    },
    "feat": {
      "utility": 1.9718490229756567e-06,
      "query_shape": [
        [
          "Seq Scan",
          "Hash Join",
          "Sort",
          "Aggregate",
          "Gather Merge",
          "Subquery Scan",
          "Append"
        ],
        [
          "Seq Scan",
          "Hash",
          "Hash Join",
          "Sort",
          "Aggregate",
          "Gather Merge",
          "Subquery Scan",
          "Append"
        ],
        [
          "Seq Scan",
          "Hash",
          "Hash Join",
          "Sort",
          "Aggregate",
          "Gather Merge",
          "Subquery Scan",
          "Append"
        ],
        [
          "Seq Scan",
          "Hash",
          "Hash Join",
          "Sort",
          "Aggregate",
          "Gather Merge",
          "Subquery Scan",
          "Append"
        ],
        [
          "Seq Scan",
          "Hash",
          "Hash Join",
          "Sort",
          "Aggregate",
          "Gather Merge",
          "Subquery Scan",
          "Append"
        ],
        [
          "Seq Scan",
          "Hash",
          "Hash Join",
          "Sort",
          "Aggregate",
          "Gather Merge",
          "Subquery Scan",
          "Append"
        ],
        [
          "Seq Scan",
          "Hash Join",
          "Sort",
          "Aggregate",
          "Gather Merge",
          "Subquery Scan",
          "Append"
        ],
        [
          "Seq Scan",
          "Hash",
          "Hash Join",
          "Sort",
          "Aggregate",
          "Gather Merge",
          "Subquery Scan",
          "Append"
        ],
        [
          "Seq Scan",
          "Hash",
          "Hash Join",
          "Sort",
          "Aggregate",
          "Gather Merge",
          "Subquery Scan",
          "Append"
        ],
        [
          "Seq Scan",
          "Hash",
          "Hash Join",
          "Sort",
          "Aggregate",
          "Gather Merge",
          "Subquery Scan",
          "Append"
        ],
        [
          "Seq Scan",
          "Hash",
          "Hash Join",
          "Sort",
          "Aggregate",
          "Gather Merge",
          "Subquery Scan",
          "Append"
        ],
        [
          "Seq Scan",
          "Hash",
          "Hash Join",
          "Sort",
          "Aggregate",
          "Gather Merge",
          "Subquery Scan",
          "Append"
        ],
        [
          "Seq Scan",
          "Hash Join",
          "Sort",
          "Aggregate",
          "Gather Merge",
          "Subquery Scan",
          "Append"
        ],
        [
          "Seq Scan",
          "Hash",
          "Hash Join",
          "Sort",
          "Aggregate",
          "Gather Merge",
          "Subquery Scan",
          "Append"
        ],
        [
          "Seq Scan",
          "Hash",
          "Hash Join",
          "Sort",
          "Aggregate",
          "Gather Merge",
          "Subquery Scan",
          "Append"
        ],
        [
          "Seq Scan",
          "Hash",
          "Hash Join",
          "Sort",
          "Aggregate",
          "Gather Merge",
          "Subquery Scan",
          "Append"
        ],
        [
          "Seq Scan",
          "Hash",
          "Hash Join",
          "Sort",
          "Aggregate",
          "Gather Merge",
          "Subquery Scan",
          "Append"
        ],
        [
          "Seq Scan",
          "Hash",
          "Hash Join",
          "Sort",
          "Aggregate",
          "Gather Merge",
          "Subquery Scan",
          "Append"
        ]
      ],
      "index_shape": [
        "join"
      ],
      "physical_operator": {
        "Hash Join": [
          0.09664752542969955
        ]
      }
    }
  },
  {
    "query": "with ssr as\n (select  s_store_id as store_id,\n          sum(ss_ext_sales_price) as sales,\n          sum(coalesce(sr_return_amt, 0)) as returns,\n          sum(ss_net_profit - coalesce(sr_net_loss, 0)) as profit\n  from store_sales left outer join store_returns on\n         (ss_item_sk = sr_item_sk and ss_ticket_number = sr_ticket_number),\n     date_dim,\n     store,\n     item,\n     promotion\n where ss_sold_date_sk = d_date_sk\n       and d_date between cast('1998-08-19' as date) \n                  and (cast('1998-08-19' as date) +  interval '30 days')\n       and ss_store_sk = s_store_sk\n       and ss_item_sk = i_item_sk\n       and i_current_price > 50\n       and ss_promo_sk = p_promo_sk\n       and p_channel_tv = 'N'\n group by s_store_id)\n ,\n csr as\n (select  cp_catalog_page_id as catalog_page_id,\n          sum(cs_ext_sales_price) as sales,\n          sum(coalesce(cr_return_amount, 0)) as returns,\n          sum(cs_net_profit - coalesce(cr_net_loss, 0)) as profit\n  from catalog_sales left outer join catalog_returns on\n         (cs_item_sk = cr_item_sk and cs_order_number = cr_order_number),\n     date_dim,\n     catalog_page,\n     item,\n     promotion\n where cs_sold_date_sk = d_date_sk\n       and d_date between cast('1998-08-19' as date)\n                  and (cast('1998-08-19' as date) +  interval '30 days')\n        and cs_catalog_page_sk = cp_catalog_page_sk\n       and cs_item_sk = i_item_sk\n       and i_current_price > 50\n       and cs_promo_sk = p_promo_sk\n       and p_channel_tv = 'N'\ngroup by cp_catalog_page_id)\n ,\n wsr as\n (select  web_site_id,\n          sum(ws_ext_sales_price) as sales,\n          sum(coalesce(wr_return_amt, 0)) as returns,\n          sum(ws_net_profit - coalesce(wr_net_loss, 0)) as profit\n  from web_sales left outer join web_returns on\n         (ws_item_sk = wr_item_sk and ws_order_number = wr_order_number),\n     date_dim,\n     web_site,\n     item,\n     promotion\n where ws_sold_date_sk = d_date_sk\n       and d_date between cast('1998-08-19' as date)\n                  and (cast('1998-08-19' as date) +  interval '30 days')\n        and ws_web_site_sk = web_site_sk\n       and ws_item_sk = i_item_sk\n       and i_current_price > 50\n       and ws_promo_sk = p_promo_sk\n       and p_channel_tv = 'N'\ngroup by web_site_id)\n  select  channel\n        , id\n        , sum(sales) as sales\n        , sum(returns) as returns\n        , sum(profit) as profit\n from \n (select 'store channel' as channel\n        , 'store' || store_id as id\n        , sales\n        , returns\n        , profit\n from   ssr\n union all\n select 'catalog channel' as channel\n        , 'catalog_page' || catalog_page_id as id\n        , sales\n        , returns\n        , profit\n from  csr\n union all\n select 'web channel' as channel\n        , 'web_site' || web_site_id as id\n        , sales\n        , returns\n        , profit\n from   wsr\n ) x\n group by rollup (channel, id)\n order by channel\n         ,id\n limit 100;\n\n-- end query 61 in stream 0 using template query80.tpl\n",
    "indexes": "store_sales.ss_promo_sk",
    "wo plan est": {
      "Node Type": "Limit",
      "Parallel Aware": false,
      "Async Capable": false,
      "Startup Cost": 1566782.76,
      "Total Cost": 1566786.01,
      "Plan Rows": 100,
      "Plan Width": 160,
      "Plans": [
        {
          "Node Type": "Aggregate",
          "Strategy": "Sorted",
          "Partial Mode": "Simple",
          "Parent Relationship": "Outer",
          "Parallel Aware": false,
          "Async Capable": false,
          "Startup Cost": 1566782.76,
          "Total Cost": 1566795.8,
          "Plan Rows": 401,
          "Plan Width": 160,
          "Grouping Sets": [
            {
              "Group Keys": [
                [
                  "('store channel'::text)",
                  "(('store'::text || (ssr.store_id)::text))"
                ],
                [
                  "('store channel'::text)"
                ],
                []
              ]
            }
          ],
          "Plans": [
            {
              "Node Type": "Sort",
              "Parent Relationship": "Outer",
              "Parallel Aware": false,
              "Async Capable": false,
              "Startup Cost": 1566782.76,
              "Total Cost": 1566783.77,
              "Plan Rows": 401,
              "Plan Width": 160,
              "Sort Key": [
                "('store channel'::text)",
                "(('store'::text || (ssr.store_id)::text))"
              ],
              "Plans": [
                {
                  "Node Type": "Append",
                  "Parent Relationship": "Outer",
                  "Parallel Aware": false,
                  "Async Capable": false,
                  "Startup Cost": 784591.9,
                  "Total Cost": 1566765.43,
                  "Plan Rows": 401,
                  "Plan Width": 160,
                  "Subplans Removed": 0,
                  "Plans": [
                    {
                      "Node Type": "Subquery Scan",
                      "Parent Relationship": "Member",
                      "Parallel Aware": false,
                      "Async Capable": false,
                      "Alias": "ssr",
                      "Startup Cost": 784591.9,
                      "Total Cost": 784611.64,
                      "Plan Rows": 51,
                      "Plan Width": 160,
                      "Plans": [
                        {
                          "Node Type": "Aggregate",
                          "Strategy": "Sorted",
                          "Partial Mode": "Finalize",
                          "Parent Relationship": "Subquery",
                          "Parallel Aware": false,
                          "Async Capable": false,
                          "Startup Cost": 784591.9,
                          "Total Cost": 784610.87,
                          "Plan Rows": 51,
                          "Plan Width": 113,
                          "Group Key": [
                            "store.s_store_id"
                          ],
                          "Plans": [
                            {
                              "Node Type": "Gather Merge",
                              "Parent Relationship": "Outer",
                              "Parallel Aware": false,
                              "Async Capable": false,
                              "Startup Cost": 784591.9,
                              "Total Cost": 784608.2,
                              "Plan Rows": 102,
                              "Plan Width": 113,
                              "Workers Planned": 2,
                              "Plans": [
                                {
                                  "Node Type": "Aggregate",
                                  "Strategy": "Sorted",
                                  "Partial Mode": "Partial",
                                  "Parent Relationship": "Outer",
                                  "Parallel Aware": false,
                                  "Async Capable": false,
                                  "Startup Cost": 783591.88,
                                  "Total Cost": 783596.4,
                                  "Plan Rows": 51,
                                  "Plan Width": 113,
                                  "Group Key": [
                                    "store.s_store_id"
                                  ],
                                  "Plans": [
                                    {
                                      "Node Type": "Sort",
                                      "Parent Relationship": "Outer",
                                      "Parallel Aware": false,
                                      "Async Capable": false,
                                      "Startup Cost": 783591.88,
                                      "Total Cost": 783592.48,
                                      "Plan Rows": 242,
                                      "Plan Width": 41,
                                      "Sort Key": [
                                        "store.s_store_id"
                                      ],
                                      "Plans": [
                                        {
                                          "Node Type": "Hash Join",
                                          "Parent Relationship": "Outer",
                                          "Parallel Aware": false,
                                          "Async Capable": false,
                                          "Join Type": "Inner",
                                          "Startup Cost": 94489.35,
                                          "Total Cost": 783582.3,
                                          "Plan Rows": 242,
                                          "Plan Width": 41,
                                          "Inner Unique": false,
                                          "Hash Cond": "(store_sales.ss_store_sk = store.s_store_sk)",
                                          "Plans": [
                                            {
                                              "Node Type": "Hash Join",
                                              "Parent Relationship": "Outer",
                                              "Parallel Aware": false,
                                              "Async Capable": false,
                                              "Join Type": "Inner",
                                              "Startup Cost": 94482.05,
                                              "Total Cost": 783571.63,
                                              "Plan Rows": 254,
                                              "Plan Width": 28,
                                              "Inner Unique": false,
                                              "Hash Cond": "(store_sales.ss_promo_sk = promotion.p_promo_sk)",
                                              "Plans": [
                                                {
                                                  "Node Type": "Hash Join",
                                                  "Parent Relationship": "Outer",
                                                  "Parallel Aware": true,
                                                  "Async Capable": false,
                                                  "Join Type": "Inner",
                                                  "Startup Cost": 94456.65,
                                                  "Total Cost": 783542.68,
                                                  "Plan Rows": 270,
                                                  "Plan Width": 32,
                                                  "Inner Unique": false,
                                                  "Hash Cond": "(store_sales.ss_item_sk = item.i_item_sk)",
                                                  "Plans": [
                                                    {
                                                      "Node Type": "Hash Join",
                                                      "Parent Relationship": "Outer",
                                                      "Parallel Aware": true,
                                                      "Async Capable": false,
                                                      "Join Type": "Left",
                                                      "Startup Cost": 86930.88,
                                                      "Total Cost": 775998.13,
                                                      "Plan Rows": 4703,
                                                      "Plan Width": 36,
                                                      "Inner Unique": false,
                                                      "Hash Cond": "((store_sales.ss_item_sk = store_returns.sr_item_sk) AND (store_sales.ss_ticket_number = store_returns.sr_ticket_number))",
                                                      "Plans": [
                                                        {
                                                          "Node Type": "Hash Join",
                                                          "Parent Relationship": "Outer",
                                                          "Parallel Aware": true,
                                                          "Async Capable": false,
                                                          "Join Type": "Inner",
                                                          "Startup Cost": 2049.78,
                                                          "Total Cost": 683994.75,
                                                          "Plan Rows": 4703,
                                                          "Plan Width": 28,
                                                          "Inner Unique": false,
                                                          "Hash Cond": "(store_sales.ss_sold_date_sk = date_dim.d_date_sk)",
                                                          "Plans": [
                                                            {
                                                              "Node Type": "Seq Scan",
                                                              "Parent Relationship": "Outer",
                                                              "Parallel Aware": true,
                                                              "Async Capable": false,
                                                              "Relation Name": "store_sales",
                                                              "Alias": "store_sales",
                                                              "Startup Cost": 0.0,
                                                              "Total Cost": 636914.37,
                                                              "Plan Rows": 12000637,
                                                              "Plan Width": 32,
                                                              "parent": 13,
                                                              "ID": 14
                                                            },
                                                            {
                                                              "Node Type": "Hash",
                                                              "Parent Relationship": "Inner",
                                                              "Parallel Aware": true,
                                                              "Async Capable": false,
                                                              "Startup Cost": 2049.55,
                                                              "Total Cost": 2049.55,
                                                              "Plan Rows": 18,
                                                              "Plan Width": 4,
                                                              "Plans": [
                                                                {
                                                                  "Node Type": "Seq Scan",
                                                                  "Parent Relationship": "Outer",
                                                                  "Parallel Aware": true,
                                                                  "Async Capable": false,
                                                                  "Relation Name": "date_dim",
                                                                  "Alias": "date_dim",
                                                                  "Startup Cost": 0.0,
                                                                  "Total Cost": 2049.55,
                                                                  "Plan Rows": 18,
                                                                  "Plan Width": 4,
                                                                  "Filter": "((d_date >= '1998-08-19'::date) AND (d_date <= '1998-09-18 00:00:00'::timestamp without time zone))",
                                                                  "parent": 15,
                                                                  "ID": 16
                                                                }
                                                              ],
                                                              "parent": 13,
                                                              "ID": 15,
                                                              "left": 16
                                                            }
                                                          ],
                                                          "parent": 12,
                                                          "ID": 13,
                                                          "left": 14,
                                                          "right": 15
                                                        },
                                                        {
                                                          "Node Type": "Hash",
                                                          "Parent Relationship": "Inner",
                                                          "Parallel Aware": true,
                                                          "Async Capable": false,
                                                          "Startup Cost": 59887.64,
                                                          "Total Cost": 59887.64,
                                                          "Plan Rows": 1198164,
                                                          "Plan Width": 20,
                                                          "Plans": [
                                                            {
                                                              "Node Type": "Seq Scan",
                                                              "Parent Relationship": "Outer",
                                                              "Parallel Aware": true,
                                                              "Async Capable": false,
                                                              "Relation Name": "store_returns",
                                                              "Alias": "store_returns",
                                                              "Startup Cost": 0.0,
                                                              "Total Cost": 59887.64,
                                                              "Plan Rows": 1198164,
                                                              "Plan Width": 20,
                                                              "parent": 17,
                                                              "ID": 18
                                                            }
                                                          ],
                                                          "parent": 12,
                                                          "ID": 17,
                                                          "left": 18
                                                        }
                                                      ],
                                                      "parent": 11,
                                                      "ID": 12,
                                                      "left": 13,
                                                      "right": 17
                                                    },
                                                    {
                                                      "Node Type": "Hash",
                                                      "Parent Relationship": "Inner",
                                                      "Parallel Aware": true,
                                                      "Async Capable": false,
                                                      "Startup Cost": 7495.25,
                                                      "Total Cost": 7495.25,
                                                      "Plan Rows": 2442,
                                                      "Plan Width": 4,
                                                      "Plans": [
                                                        {
                                                          "Node Type": "Seq Scan",
                                                          "Parent Relationship": "Outer",
                                                          "Parallel Aware": true,
                                                          "Async Capable": false,
                                                          "Relation Name": "item",
                                                          "Alias": "item",
                                                          "Startup Cost": 0.0,
                                                          "Total Cost": 7495.25,
                                                          "Plan Rows": 2442,
                                                          "Plan Width": 4,
                                                          "Filter": "(i_current_price > '50'::numeric)",
                                                          "parent": 19,
                                                          "ID": 20
                                                        }
                                                      ],
                                                      "parent": 11,
                                                      "ID": 19,
                                                      "left": 20
                                                    }
                                                  ],
                                                  "parent": 10,
                                                  "ID": 11,
                                                  "left": 12,
                                                  "right": 19
                                                },
                                                {
                                                  "Node Type": "Hash",
                                                  "Parent Relationship": "Inner",
                                                  "Parallel Aware": false,
                                                  "Async Capable": false,
                                                  "Startup Cost": 19.25,
                                                  "Total Cost": 19.25,
                                                  "Plan Rows": 492,
                                                  "Plan Width": 4,
                                                  "Plans": [
                                                    {
                                                      "Node Type": "Seq Scan",
                                                      "Parent Relationship": "Outer",
                                                      "Parallel Aware": false,
                                                      "Async Capable": false,
                                                      "Relation Name": "promotion",
                                                      "Alias": "promotion",
                                                      "Startup Cost": 0.0,
                                                      "Total Cost": 19.25,
                                                      "Plan Rows": 492,
                                                      "Plan Width": 4,
                                                      "Filter": "(p_channel_tv = 'N'::bpchar)",
                                                      "parent": 21,
                                                      "ID": 22
                                                    }
                                                  ],
                                                  "parent": 10,
                                                  "ID": 21,
                                                  "left": 22
                                                }
                                              ],
                                              "parent": 9,
                                              "ID": 10,
                                              "left": 11,
                                              "right": 21
                                            },
                                            {
                                              "Node Type": "Hash",
                                              "Parent Relationship": "Inner",
                                              "Parallel Aware": false,
                                              "Async Capable": false,
                                              "Startup Cost": 6.02,
                                              "Total Cost": 6.02,
                                              "Plan Rows": 102,
                                              "Plan Width": 21,
                                              "Plans": [
                                                {
                                                  "Node Type": "Seq Scan",
                                                  "Parent Relationship": "Outer",
                                                  "Parallel Aware": false,
                                                  "Async Capable": false,
                                                  "Relation Name": "store",
                                                  "Alias": "store",
                                                  "Startup Cost": 0.0,
                                                  "Total Cost": 6.02,
                                                  "Plan Rows": 102,
                                                  "Plan Width": 21,
                                                  "parent": 23,
                                                  "ID": 24
                                                }
                                              ],
                                              "parent": 9,
                                              "ID": 23,
                                              "left": 24
                                            }
                                          ],
                                          "parent": 8,
                                          "ID": 9,
                                          "left": 10,
                                          "right": 23
                                        }
                                      ],
                                      "parent": 7,
                                      "ID": 8,
                                      "left": 9
                                    }
                                  ],
                                  "parent": 6,
                                  "ID": 7,
                                  "left": 8
                                }
                              ],
                              "parent": 5,
                              "ID": 6,
                              "left": 7
                            }
                          ],
                          "parent": 4,
                          "ID": 5,
                          "left": 6
                        }
                      ],
                      "parent": 3,
                      "ID": 4,
                      "left": 5
                    },
                    {
                      "Node Type": "Subquery Scan",
                      "Parent Relationship": "Member",
                      "Parallel Aware": false,
                      "Async Capable": false,
                      "Alias": "csr",
                      "Startup Cost": 518174.1,
                      "Total Cost": 518225.66,
                      "Plan Rows": 329,
                      "Plan Width": 160,
                      "Plans": [
                        {
                          "Node Type": "Aggregate",
                          "Strategy": "Sorted",
                          "Partial Mode": "Finalize",
                          "Parent Relationship": "Subquery",
                          "Parallel Aware": false,
                          "Async Capable": false,
                          "Startup Cost": 518174.1,
                          "Total Cost": 518220.73,
                          "Plan Rows": 329,
                          "Plan Width": 113,
                          "Group Key": [
                            "catalog_page.cp_catalog_page_id"
                          ],
                          "Plans": [
                            {
                              "Node Type": "Gather Merge",
                              "Parent Relationship": "Outer",
                              "Parallel Aware": false,
                              "Async Capable": false,
                              "Startup Cost": 518174.1,
                              "Total Cost": 518210.18,
                              "Plan Rows": 274,
                              "Plan Width": 113,
                              "Workers Planned": 2,
                              "Plans": [
                                {
                                  "Node Type": "Aggregate",
                                  "Strategy": "Sorted",
                                  "Partial Mode": "Partial",
                                  "Parent Relationship": "Outer",
                                  "Parallel Aware": false,
                                  "Async Capable": false,
                                  "Startup Cost": 517174.07,
                                  "Total Cost": 517178.53,
                                  "Plan Rows": 137,
                                  "Plan Width": 113,
                                  "Group Key": [
                                    "catalog_page.cp_catalog_page_id"
                                  ],
                                  "Plans": [
                                    {
                                      "Node Type": "Sort",
                                      "Parent Relationship": "Outer",
                                      "Parallel Aware": false,
                                      "Async Capable": false,
                                      "Startup Cost": 517174.07,
                                      "Total Cost": 517174.42,
                                      "Plan Rows": 137,
                                      "Plan Width": 41,
                                      "Sort Key": [
                                        "catalog_page.cp_catalog_page_id"
                                      ],
                                      "Plans": [
                                        {
                                          "Node Type": "Hash Join",
                                          "Parent Relationship": "Outer",
                                          "Parallel Aware": false,
                                          "Async Capable": false,
                                          "Join Type": "Inner",
                                          "Startup Cost": 57382.33,
                                          "Total Cost": 517169.21,
                                          "Plan Rows": 137,
                                          "Plan Width": 41,
                                          "Inner Unique": false,
                                          "Hash Cond": "(catalog_sales.cs_catalog_page_sk = catalog_page.cp_catalog_page_sk)",
                                          "Plans": [
                                            {
                                              "Node Type": "Hash Join",
                                              "Parent Relationship": "Outer",
                                              "Parallel Aware": false,
                                              "Async Capable": false,
                                              "Join Type": "Inner",
                                              "Startup Cost": 56864.33,
                                              "Total Cost": 516649.32,
                                              "Plan Rows": 138,
                                              "Plan Width": 28,
                                              "Inner Unique": false,
                                              "Hash Cond": "(catalog_sales.cs_promo_sk = promotion_1.p_promo_sk)",
                                              "Plans": [
                                                {
                                                  "Node Type": "Hash Join",
                                                  "Parent Relationship": "Outer",
                                                  "Parallel Aware": true,
                                                  "Async Capable": false,
                                                  "Join Type": "Inner",
                                                  "Startup Cost": 56838.93,
                                                  "Total Cost": 516622.01,
                                                  "Plan Rows": 141,
                                                  "Plan Width": 32,
                                                  "Inner Unique": false,
                                                  "Hash Cond": "(catalog_sales.cs_item_sk = item_1.i_item_sk)",
                                                  "Plans": [
                                                    {
                                                      "Node Type": "Hash Join",
                                                      "Parent Relationship": "Outer",
                                                      "Parallel Aware": true,
                                                      "Async Capable": false,
                                                      "Join Type": "Left",
                                                      "Startup Cost": 49313.15,
                                                      "Total Cost": 509086.46,
                                                      "Plan Rows": 2450,
                                                      "Plan Width": 36,
                                                      "Inner Unique": false,
                                                      "Hash Cond": "((catalog_sales.cs_item_sk = catalog_returns.cr_item_sk) AND (catalog_sales.cs_order_number = catalog_returns.cr_order_number))",
                                                      "Plans": [
                                                        {
                                                          "Node Type": "Hash Join",
                                                          "Parent Relationship": "Outer",
                                                          "Parallel Aware": true,
                                                          "Async Capable": false,
                                                          "Join Type": "Inner",
                                                          "Startup Cost": 2049.78,
                                                          "Total Cost": 458254.7,
                                                          "Plan Rows": 2450,
                                                          "Plan Width": 28,
                                                          "Inner Unique": false,
                                                          "Hash Cond": "(catalog_sales.cs_sold_date_sk = date_dim_1.d_date_sk)",
                                                          "Plans": [
                                                            {
                                                              "Node Type": "Seq Scan",
                                                              "Parent Relationship": "Outer",
                                                              "Parallel Aware": true,
                                                              "Async Capable": false,
                                                              "Relation Name": "catalog_sales",
                                                              "Alias": "catalog_sales",
                                                              "Startup Cost": 0.0,
                                                              "Total Cost": 433688.25,
                                                              "Plan Rows": 6000525,
                                                              "Plan Width": 32,
                                                              "parent": 34,
                                                              "ID": 35
                                                            },
                                                            {
                                                              "Node Type": "Hash",
                                                              "Parent Relationship": "Inner",
                                                              "Parallel Aware": true,
                                                              "Async Capable": false,
                                                              "Startup Cost": 2049.55,
                                                              "Total Cost": 2049.55,
                                                              "Plan Rows": 18,
                                                              "Plan Width": 4,
                                                              "Plans": [
                                                                {
                                                                  "Node Type": "Seq Scan",
                                                                  "Parent Relationship": "Outer",
                                                                  "Parallel Aware": true,
                                                                  "Async Capable": false,
                                                                  "Relation Name": "date_dim",
                                                                  "Alias": "date_dim_1",
                                                                  "Startup Cost": 0.0,
                                                                  "Total Cost": 2049.55,
                                                                  "Plan Rows": 18,
                                                                  "Plan Width": 4,
                                                                  "Filter": "((d_date >= '1998-08-19'::date) AND (d_date <= '1998-09-18 00:00:00'::timestamp without time zone))",
                                                                  "parent": 36,
                                                                  "ID": 37
                                                                }
                                                              ],
                                                              "parent": 34,
                                                              "ID": 36,
                                                              "left": 37
                                                            }
                                                          ],
                                                          "parent": 33,
                                                          "ID": 34,
                                                          "left": 35,
                                                          "right": 36
                                                        },
                                                        {
                                                          "Node Type": "Hash",
                                                          "Parent Relationship": "Inner",
                                                          "Parallel Aware": true,
                                                          "Async Capable": false,
                                                          "Startup Cost": 34748.95,
                                                          "Total Cost": 34748.95,
                                                          "Plan Rows": 599895,
                                                          "Plan Width": 20,
                                                          "Plans": [
                                                            {
                                                              "Node Type": "Seq Scan",
                                                              "Parent Relationship": "Outer",
                                                              "Parallel Aware": true,
                                                              "Async Capable": false,
                                                              "Relation Name": "catalog_returns",
                                                              "Alias": "catalog_returns",
                                                              "Startup Cost": 0.0,
                                                              "Total Cost": 34748.95,
                                                              "Plan Rows": 599895,
                                                              "Plan Width": 20,
                                                              "parent": 38,
                                                              "ID": 39
                                                            }
                                                          ],
                                                          "parent": 33,
                                                          "ID": 38,
                                                          "left": 39
                                                        }
                                                      ],
                                                      "parent": 32,
                                                      "ID": 33,
                                                      "left": 34,
                                                      "right": 38
                                                    },
                                                    {
                                                      "Node Type": "Hash",
                                                      "Parent Relationship": "Inner",
                                                      "Parallel Aware": true,
                                                      "Async Capable": false,
                                                      "Startup Cost": 7495.25,
                                                      "Total Cost": 7495.25,
                                                      "Plan Rows": 2442,
                                                      "Plan Width": 4,
                                                      "Plans": [
                                                        {
                                                          "Node Type": "Seq Scan",
                                                          "Parent Relationship": "Outer",
                                                          "Parallel Aware": true,
                                                          "Async Capable": false,
                                                          "Relation Name": "item",
                                                          "Alias": "item_1",
                                                          "Startup Cost": 0.0,
                                                          "Total Cost": 7495.25,
                                                          "Plan Rows": 2442,
                                                          "Plan Width": 4,
                                                          "Filter": "(i_current_price > '50'::numeric)",
                                                          "parent": 40,
                                                          "ID": 41
                                                        }
                                                      ],
                                                      "parent": 32,
                                                      "ID": 40,
                                                      "left": 41
                                                    }
                                                  ],
                                                  "parent": 31,
                                                  "ID": 32,
                                                  "left": 33,
                                                  "right": 40
                                                },
                                                {
                                                  "Node Type": "Hash",
                                                  "Parent Relationship": "Inner",
                                                  "Parallel Aware": false,
                                                  "Async Capable": false,
                                                  "Startup Cost": 19.25,
                                                  "Total Cost": 19.25,
                                                  "Plan Rows": 492,
                                                  "Plan Width": 4,
                                                  "Plans": [
                                                    {
                                                      "Node Type": "Seq Scan",
                                                      "Parent Relationship": "Outer",
                                                      "Parallel Aware": false,
                                                      "Async Capable": false,
                                                      "Relation Name": "promotion",
                                                      "Alias": "promotion_1",
                                                      "Startup Cost": 0.0,
                                                      "Total Cost": 19.25,
                                                      "Plan Rows": 492,
                                                      "Plan Width": 4,
                                                      "Filter": "(p_channel_tv = 'N'::bpchar)",
                                                      "parent": 42,
                                                      "ID": 43
                                                    }
                                                  ],
                                                  "parent": 31,
                                                  "ID": 42,
                                                  "left": 43
                                                }
                                              ],
                                              "parent": 30,
                                              "ID": 31,
                                              "left": 32,
                                              "right": 42
                                            },
                                            {
                                              "Node Type": "Hash",
                                              "Parent Relationship": "Inner",
                                              "Parallel Aware": false,
                                              "Async Capable": false,
                                              "Startup Cost": 368.0,
                                              "Total Cost": 368.0,
                                              "Plan Rows": 12000,
                                              "Plan Width": 21,
                                              "Plans": [
                                                {
                                                  "Node Type": "Seq Scan",
                                                  "Parent Relationship": "Outer",
                                                  "Parallel Aware": false,
                                                  "Async Capable": false,
                                                  "Relation Name": "catalog_page",
                                                  "Alias": "catalog_page",
                                                  "Startup Cost": 0.0,
                                                  "Total Cost": 368.0,
                                                  "Plan Rows": 12000,
                                                  "Plan Width": 21,
                                                  "parent": 44,
                                                  "ID": 45
                                                }
                                              ],
                                              "parent": 30,
                                              "ID": 44,
                                              "left": 45
                                            }
                                          ],
                                          "parent": 29,
                                          "ID": 30,
                                          "left": 31,
                                          "right": 44
                                        }
                                      ],
                                      "parent": 28,
                                      "ID": 29,
                                      "left": 30
                                    }
                                  ],
                                  "parent": 27,
                                  "ID": 28,
                                  "left": 29
                                }
                              ],
                              "parent": 26,
                              "ID": 27,
                              "left": 28
                            }
                          ],
                          "parent": 25,
                          "ID": 26,
                          "left": 27
                        }
                      ],
                      "parent": 3,
                      "ID": 25,
                      "left": 26
                    },
                    {
                      "Node Type": "Subquery Scan",
                      "Parent Relationship": "Member",
                      "Parallel Aware": false,
                      "Async Capable": false,
                      "Alias": "wsr",
                      "Startup Cost": 263918.43,
                      "Total Cost": 263926.12,
                      "Plan Rows": 21,
                      "Plan Width": 160,
                      "Plans": [
                        {
                          "Node Type": "Aggregate",
                          "Strategy": "Sorted",
                          "Partial Mode": "Finalize",
                          "Parent Relationship": "Subquery",
                          "Parallel Aware": false,
                          "Async Capable": false,
                          "Startup Cost": 263918.43,
                          "Total Cost": 263925.8,
                          "Plan Rows": 21,
                          "Plan Width": 113,
                          "Group Key": [
                            "web_site.web_site_id"
                          ],
                          "Plans": [
                            {
                              "Node Type": "Gather Merge",
                              "Parent Relationship": "Outer",
                              "Parallel Aware": false,
                              "Async Capable": false,
                              "Startup Cost": 263918.43,
                              "Total Cost": 263924.7,
                              "Plan Rows": 42,
                              "Plan Width": 113,
                              "Workers Planned": 2,
                              "Plans": [
                                {
                                  "Node Type": "Aggregate",
                                  "Strategy": "Sorted",
                                  "Partial Mode": "Partial",
                                  "Parent Relationship": "Outer",
                                  "Parallel Aware": false,
                                  "Async Capable": false,
                                  "Startup Cost": 262918.41,
                                  "Total Cost": 262919.83,
                                  "Plan Rows": 21,
                                  "Plan Width": 113,
                                  "Group Key": [
                                    "web_site.web_site_id"
                                  ],
                                  "Plans": [
                                    {
                                      "Node Type": "Sort",
                                      "Parent Relationship": "Outer",
                                      "Parallel Aware": false,
                                      "Async Capable": false,
                                      "Startup Cost": 262918.41,
                                      "Total Cost": 262918.59,
                                      "Plan Rows": 70,
                                      "Plan Width": 41,
                                      "Sort Key": [
                                        "web_site.web_site_id"
                                      ],
                                      "Plans": [
                                        {
                                          "Node Type": "Hash Join",
                                          "Parent Relationship": "Outer",
                                          "Parallel Aware": false,
                                          "Async Capable": false,
                                          "Join Type": "Inner",
                                          "Startup Cost": 32134.74,
                                          "Total Cost": 262916.27,
                                          "Plan Rows": 70,
                                          "Plan Width": 41,
                                          "Inner Unique": false,
                                          "Hash Cond": "(web_sales.ws_web_site_sk = web_site.web_site_sk)",
                                          "Plans": [
                                            {
                                              "Node Type": "Hash Join",
                                              "Parent Relationship": "Outer",
                                              "Parallel Aware": false,
                                              "Async Capable": false,
                                              "Join Type": "Inner",
                                              "Startup Cost": 32130.8,
                                              "Total Cost": 262911.36,
                                              "Plan Rows": 70,
                                              "Plan Width": 28,
                                              "Inner Unique": false,
                                              "Hash Cond": "(web_sales.ws_promo_sk = promotion_2.p_promo_sk)",
                                              "Plans": [
                                                {
                                                  "Node Type": "Hash Join",
                                                  "Parent Relationship": "Outer",
                                                  "Parallel Aware": true,
                                                  "Async Capable": false,
                                                  "Join Type": "Inner",
                                                  "Startup Cost": 32105.4,
                                                  "Total Cost": 262884.99,
                                                  "Plan Rows": 71,
                                                  "Plan Width": 32,
                                                  "Inner Unique": false,
                                                  "Hash Cond": "(web_sales.ws_item_sk = item_2.i_item_sk)",
                                                  "Plans": [
                                                    {
                                                      "Node Type": "Hash Join",
                                                      "Parent Relationship": "Outer",
                                                      "Parallel Aware": true,
                                                      "Async Capable": false,
                                                      "Join Type": "Left",
                                                      "Startup Cost": 24579.62,
                                                      "Total Cost": 255354.31,
                                                      "Plan Rows": 1231,
                                                      "Plan Width": 36,
                                                      "Inner Unique": false,
                                                      "Hash Cond": "((web_sales.ws_item_sk = web_returns.wr_item_sk) AND (web_sales.ws_order_number = web_returns.wr_order_number))",
                                                      "Plans": [
                                                        {
                                                          "Node Type": "Hash Join",
                                                          "Parent Relationship": "Outer",
                                                          "Parallel Aware": true,
                                                          "Async Capable": false,
                                                          "Join Type": "Inner",
                                                          "Startup Cost": 2049.78,
                                                          "Total Cost": 231041.22,
                                                          "Plan Rows": 1231,
                                                          "Plan Width": 28,
                                                          "Inner Unique": false,
                                                          "Hash Cond": "(web_sales.ws_sold_date_sk = date_dim_2.d_date_sk)",
                                                          "Plans": [
                                                            {
                                                              "Node Type": "Seq Scan",
                                                              "Parent Relationship": "Outer",
                                                              "Parallel Aware": true,
                                                              "Async Capable": false,
                                                              "Relation Name": "web_sales",
                                                              "Alias": "web_sales",
                                                              "Startup Cost": 0.0,
                                                              "Total Cost": 217737.86,
                                                              "Plan Rows": 2998986,
                                                              "Plan Width": 32,
                                                              "parent": 55,
                                                              "ID": 56
                                                            },
                                                            {
                                                              "Node Type": "Hash",
                                                              "Parent Relationship": "Inner",
                                                              "Parallel Aware": true,
                                                              "Async Capable": false,
                                                              "Startup Cost": 2049.55,
                                                              "Total Cost": 2049.55,
                                                              "Plan Rows": 18,
                                                              "Plan Width": 4,
                                                              "Plans": [
                                                                {
                                                                  "Node Type": "Seq Scan",
                                                                  "Parent Relationship": "Outer",
                                                                  "Parallel Aware": true,
                                                                  "Async Capable": false,
                                                                  "Relation Name": "date_dim",
                                                                  "Alias": "date_dim_2",
                                                                  "Startup Cost": 0.0,
                                                                  "Total Cost": 2049.55,
                                                                  "Plan Rows": 18,
                                                                  "Plan Width": 4,
                                                                  "Filter": "((d_date >= '1998-08-19'::date) AND (d_date <= '1998-09-18 00:00:00'::timestamp without time zone))",
                                                                  "parent": 57,
                                                                  "ID": 58
                                                                }
                                                              ],
                                                              "parent": 55,
                                                              "ID": 57,
                                                              "left": 58
                                                            }
                                                          ],
                                                          "parent": 54,
                                                          "ID": 55,
                                                          "left": 56,
                                                          "right": 57
                                                        },
                                                        {
                                                          "Node Type": "Hash",
                                                          "Parent Relationship": "Inner",
                                                          "Parallel Aware": true,
                                                          "Async Capable": false,
                                                          "Startup Cost": 16278.74,
                                                          "Total Cost": 16278.74,
                                                          "Plan Rows": 299674,
                                                          "Plan Width": 20,
                                                          "Plans": [
                                                            {
                                                              "Node Type": "Seq Scan",
                                                              "Parent Relationship": "Outer",
                                                              "Parallel Aware": true,
                                                              "Async Capable": false,
                                                              "Relation Name": "web_returns",
                                                              "Alias": "web_returns",
                                                              "Startup Cost": 0.0,
                                                              "Total Cost": 16278.74,
                                                              "Plan Rows": 299674,
                                                              "Plan Width": 20,
                                                              "parent": 59,
                                                              "ID": 60
                                                            }
                                                          ],
                                                          "parent": 54,
                                                          "ID": 59,
                                                          "left": 60
                                                        }
                                                      ],
                                                      "parent": 53,
                                                      "ID": 54,
                                                      "left": 55,
                                                      "right": 59
                                                    },
                                                    {
                                                      "Node Type": "Hash",
                                                      "Parent Relationship": "Inner",
                                                      "Parallel Aware": true,
                                                      "Async Capable": false,
                                                      "Startup Cost": 7495.25,
                                                      "Total Cost": 7495.25,
                                                      "Plan Rows": 2442,
                                                      "Plan Width": 4,
                                                      "Plans": [
                                                        {
                                                          "Node Type": "Seq Scan",
                                                          "Parent Relationship": "Outer",
                                                          "Parallel Aware": true,
                                                          "Async Capable": false,
                                                          "Relation Name": "item",
                                                          "Alias": "item_2",
                                                          "Startup Cost": 0.0,
                                                          "Total Cost": 7495.25,
                                                          "Plan Rows": 2442,
                                                          "Plan Width": 4,
                                                          "Filter": "(i_current_price > '50'::numeric)",
                                                          "parent": 61,
                                                          "ID": 62
                                                        }
                                                      ],
                                                      "parent": 53,
                                                      "ID": 61,
                                                      "left": 62
                                                    }
                                                  ],
                                                  "parent": 52,
                                                  "ID": 53,
                                                  "left": 54,
                                                  "right": 61
                                                },
                                                {
                                                  "Node Type": "Hash",
                                                  "Parent Relationship": "Inner",
                                                  "Parallel Aware": false,
                                                  "Async Capable": false,
                                                  "Startup Cost": 19.25,
                                                  "Total Cost": 19.25,
                                                  "Plan Rows": 492,
                                                  "Plan Width": 4,
                                                  "Plans": [
                                                    {
                                                      "Node Type": "Seq Scan",
                                                      "Parent Relationship": "Outer",
                                                      "Parallel Aware": false,
                                                      "Async Capable": false,
                                                      "Relation Name": "promotion",
                                                      "Alias": "promotion_2",
                                                      "Startup Cost": 0.0,
                                                      "Total Cost": 19.25,
                                                      "Plan Rows": 492,
                                                      "Plan Width": 4,
                                                      "Filter": "(p_channel_tv = 'N'::bpchar)",
                                                      "parent": 63,
                                                      "ID": 64
                                                    }
                                                  ],
                                                  "parent": 52,
                                                  "ID": 63,
                                                  "left": 64
                                                }
                                              ],
                                              "parent": 51,
                                              "ID": 52,
                                              "left": 53,
                                              "right": 63
                                            },
                                            {
                                              "Node Type": "Hash",
                                              "Parent Relationship": "Inner",
                                              "Parallel Aware": false,
                                              "Async Capable": false,
                                              "Startup Cost": 3.42,
                                              "Total Cost": 3.42,
                                              "Plan Rows": 42,
                                              "Plan Width": 21,
                                              "Plans": [
                                                {
                                                  "Node Type": "Seq Scan",
                                                  "Parent Relationship": "Outer",
                                                  "Parallel Aware": false,
                                                  "Async Capable": false,
                                                  "Relation Name": "web_site",
                                                  "Alias": "web_site",
                                                  "Startup Cost": 0.0,
                                                  "Total Cost": 3.42,
                                                  "Plan Rows": 42,
                                                  "Plan Width": 21,
                                                  "parent": 65,
                                                  "ID": 66
                                                }
                                              ],
                                              "parent": 51,
                                              "ID": 65,
                                              "left": 66
                                            }
                                          ],
                                          "parent": 50,
                                          "ID": 51,
                                          "left": 52,
                                          "right": 65
                                        }
                                      ],
                                      "parent": 49,
                                      "ID": 50,
                                      "left": 51
                                    }
                                  ],
                                  "parent": 48,
                                  "ID": 49,
                                  "left": 50
                                }
                              ],
                              "parent": 47,
                              "ID": 48,
                              "left": 49
                            }
                          ],
                          "parent": 46,
                          "ID": 47,
                          "left": 48
                        }
                      ],
                      "parent": 3,
                      "ID": 46,
                      "left": 47
                    }
                  ],
                  "parent": 2,
                  "ID": 3,
                  "left": 4,
                  "right": 25
                }
              ],
              "parent": 1,
              "ID": 2,
              "left": 3
            }
          ],
          "parent": 0,
          "ID": 1,
          "left": 2
        }
      ],
      "parent": null,
      "ID": 0,
      "left": 1
    },
    "feat": {
      "utility": 2.0873640017324284e-06,
      "query_shape": [
        [
          "Seq Scan",
          "Hash Join",
          "Sort",
          "Aggregate",
          "Gather Merge",
          "Subquery Scan",
          "Append"
        ],
        [
          "Seq Scan",
          "Hash",
          "Hash Join",
          "Sort",
          "Aggregate",
          "Gather Merge",
          "Subquery Scan",
          "Append"
        ],
        [
          "Seq Scan",
          "Hash",
          "Hash Join",
          "Sort",
          "Aggregate",
          "Gather Merge",
          "Subquery Scan",
          "Append"
        ],
        [
          "Seq Scan",
          "Hash",
          "Hash Join",
          "Sort",
          "Aggregate",
          "Gather Merge",
          "Subquery Scan",
          "Append"
        ],
        [
          "Seq Scan",
          "Hash",
          "Hash Join",
          "Sort",
          "Aggregate",
          "Gather Merge",
          "Subquery Scan",
          "Append"
        ],
        [
          "Seq Scan",
          "Hash",
          "Hash Join",
          "Sort",
          "Aggregate",
          "Gather Merge",
          "Subquery Scan",
          "Append"
        ],
        [
          "Seq Scan",
          "Hash Join",
          "Sort",
          "Aggregate",
          "Gather Merge",
          "Subquery Scan",
          "Append"
        ],
        [
          "Seq Scan",
          "Hash",
          "Hash Join",
          "Sort",
          "Aggregate",
          "Gather Merge",
          "Subquery Scan",
          "Append"
        ],
        [
          "Seq Scan",
          "Hash",
          "Hash Join",
          "Sort",
          "Aggregate",
          "Gather Merge",
          "Subquery Scan",
          "Append"
        ],
        [
          "Seq Scan",
          "Hash",
          "Hash Join",
          "Sort",
          "Aggregate",
          "Gather Merge",
          "Subquery Scan",
          "Append"
        ],
        [
          "Seq Scan",
          "Hash",
          "Hash Join",
          "Sort",
          "Aggregate",
          "Gather Merge",
          "Subquery Scan",
          "Append"
        ],
        [
          "Seq Scan",
          "Hash",
          "Hash Join",
          "Sort",
          "Aggregate",
          "Gather Merge",
          "Subquery Scan",
          "Append"
        ],
        [
          "Seq Scan",
          "Hash Join",
          "Sort",
          "Aggregate",
          "Gather Merge",
          "Subquery Scan",
          "Append"
        ],
        [
          "Seq Scan",
          "Hash",
          "Hash Join",
          "Sort",
          "Aggregate",
          "Gather Merge",
          "Subquery Scan",
          "Append"
        ],
        [
          "Seq Scan",
          "Hash",
          "Hash Join",
          "Sort",
          "Aggregate",
          "Gather Merge",
          "Subquery Scan",
          "Append"
        ],
        [
          "Seq Scan",
          "Hash",
          "Hash Join",
          "Sort",
          "Aggregate",
          "Gather Merge",
          "Subquery Scan",
          "Append"
        ],
        [
          "Seq Scan",
          "Hash",
          "Hash Join",
          "Sort",
          "Aggregate",
          "Gather Merge",
          "Subquery Scan",
          "Append"
        ],
        [
          "Seq Scan",
          "Hash",
          "Hash Join",
          "Sort",
          "Aggregate",
          "Gather Merge",
          "Subquery Scan",
          "Append"
        ]
      ],
      "index_shape": [
        "join"
      ],
      "physical_operator": {
        "Hash Join": [
          0.043727276113454845
        ]
      }
    }
  },
  {
    "query": "with ssr as\n (select  s_store_id as store_id,\n          sum(ss_ext_sales_price) as sales,\n          sum(coalesce(sr_return_amt, 0)) as returns,\n          sum(ss_net_profit - coalesce(sr_net_loss, 0)) as profit\n  from store_sales left outer join store_returns on\n         (ss_item_sk = sr_item_sk and ss_ticket_number = sr_ticket_number),\n     date_dim,\n     store,\n     item,\n     promotion\n where ss_sold_date_sk = d_date_sk\n       and d_date between cast('1998-08-19' as date) \n                  and (cast('1998-08-19' as date) +  interval '30 days')\n       and ss_store_sk = s_store_sk\n       and ss_item_sk = i_item_sk\n       and i_current_price > 50\n       and ss_promo_sk = p_promo_sk\n       and p_channel_tv = 'N'\n group by s_store_id)\n ,\n csr as\n (select  cp_catalog_page_id as catalog_page_id,\n          sum(cs_ext_sales_price) as sales,\n          sum(coalesce(cr_return_amount, 0)) as returns,\n          sum(cs_net_profit - coalesce(cr_net_loss, 0)) as profit\n  from catalog_sales left outer join catalog_returns on\n         (cs_item_sk = cr_item_sk and cs_order_number = cr_order_number),\n     date_dim,\n     catalog_page,\n     item,\n     promotion\n where cs_sold_date_sk = d_date_sk\n       and d_date between cast('1998-08-19' as date)\n                  and (cast('1998-08-19' as date) +  interval '30 days')\n        and cs_catalog_page_sk = cp_catalog_page_sk\n       and cs_item_sk = i_item_sk\n       and i_current_price > 50\n       and cs_promo_sk = p_promo_sk\n       and p_channel_tv = 'N'\ngroup by cp_catalog_page_id)\n ,\n wsr as\n (select  web_site_id,\n          sum(ws_ext_sales_price) as sales,\n          sum(coalesce(wr_return_amt, 0)) as returns,\n          sum(ws_net_profit - coalesce(wr_net_loss, 0)) as profit\n  from web_sales left outer join web_returns on\n         (ws_item_sk = wr_item_sk and ws_order_number = wr_order_number),\n     date_dim,\n     web_site,\n     item,\n     promotion\n where ws_sold_date_sk = d_date_sk\n       and d_date between cast('1998-08-19' as date)\n                  and (cast('1998-08-19' as date) +  interval '30 days')\n        and ws_web_site_sk = web_site_sk\n       and ws_item_sk = i_item_sk\n       and i_current_price > 50\n       and ws_promo_sk = p_promo_sk\n       and p_channel_tv = 'N'\ngroup by web_site_id)\n  select  channel\n        , id\n        , sum(sales) as sales\n        , sum(returns) as returns\n        , sum(profit) as profit\n from \n (select 'store channel' as channel\n        , 'store' || store_id as id\n        , sales\n        , returns\n        , profit\n from   ssr\n union all\n select 'catalog channel' as channel\n        , 'catalog_page' || catalog_page_id as id\n        , sales\n        , returns\n        , profit\n from  csr\n union all\n select 'web channel' as channel\n        , 'web_site' || web_site_id as id\n        , sales\n        , returns\n        , profit\n from   wsr\n ) x\n group by rollup (channel, id)\n order by channel\n         ,id\n limit 100;\n\n-- end query 61 in stream 0 using template query80.tpl\n",
    "indexes": "store_sales.ss_ticket_number",
    "wo plan est": {
      "Node Type": "Limit",
      "Parallel Aware": false,
      "Async Capable": false,
      "Startup Cost": 1566782.76,
      "Total Cost": 1566786.01,
      "Plan Rows": 100,
      "Plan Width": 160,
      "Plans": [
        {
          "Node Type": "Aggregate",
          "Strategy": "Sorted",
          "Partial Mode": "Simple",
          "Parent Relationship": "Outer",
          "Parallel Aware": false,
          "Async Capable": false,
          "Startup Cost": 1566782.76,
          "Total Cost": 1566795.8,
          "Plan Rows": 401,
          "Plan Width": 160,
          "Grouping Sets": [
            {
              "Group Keys": [
                [
                  "('store channel'::text)",
                  "(('store'::text || (ssr.store_id)::text))"
                ],
                [
                  "('store channel'::text)"
                ],
                []
              ]
            }
          ],
          "Plans": [
            {
              "Node Type": "Sort",
              "Parent Relationship": "Outer",
              "Parallel Aware": false,
              "Async Capable": false,
              "Startup Cost": 1566782.76,
              "Total Cost": 1566783.77,
              "Plan Rows": 401,
              "Plan Width": 160,
              "Sort Key": [
                "('store channel'::text)",
                "(('store'::text || (ssr.store_id)::text))"
              ],
              "Plans": [
                {
                  "Node Type": "Append",
                  "Parent Relationship": "Outer",
                  "Parallel Aware": false,
                  "Async Capable": false,
                  "Startup Cost": 784591.9,
                  "Total Cost": 1566765.43,
                  "Plan Rows": 401,
                  "Plan Width": 160,
                  "Subplans Removed": 0,
                  "Plans": [
                    {
                      "Node Type": "Subquery Scan",
                      "Parent Relationship": "Member",
                      "Parallel Aware": false,
                      "Async Capable": false,
                      "Alias": "ssr",
                      "Startup Cost": 784591.9,
                      "Total Cost": 784611.64,
                      "Plan Rows": 51,
                      "Plan Width": 160,
                      "Plans": [
                        {
                          "Node Type": "Aggregate",
                          "Strategy": "Sorted",
                          "Partial Mode": "Finalize",
                          "Parent Relationship": "Subquery",
                          "Parallel Aware": false,
                          "Async Capable": false,
                          "Startup Cost": 784591.9,
                          "Total Cost": 784610.87,
                          "Plan Rows": 51,
                          "Plan Width": 113,
                          "Group Key": [
                            "store.s_store_id"
                          ],
                          "Plans": [
                            {
                              "Node Type": "Gather Merge",
                              "Parent Relationship": "Outer",
                              "Parallel Aware": false,
                              "Async Capable": false,
                              "Startup Cost": 784591.9,
                              "Total Cost": 784608.2,
                              "Plan Rows": 102,
                              "Plan Width": 113,
                              "Workers Planned": 2,
                              "Plans": [
                                {
                                  "Node Type": "Aggregate",
                                  "Strategy": "Sorted",
                                  "Partial Mode": "Partial",
                                  "Parent Relationship": "Outer",
                                  "Parallel Aware": false,
                                  "Async Capable": false,
                                  "Startup Cost": 783591.88,
                                  "Total Cost": 783596.4,
                                  "Plan Rows": 51,
                                  "Plan Width": 113,
                                  "Group Key": [
                                    "store.s_store_id"
                                  ],
                                  "Plans": [
                                    {
                                      "Node Type": "Sort",
                                      "Parent Relationship": "Outer",
                                      "Parallel Aware": false,
                                      "Async Capable": false,
                                      "Startup Cost": 783591.88,
                                      "Total Cost": 783592.48,
                                      "Plan Rows": 242,
                                      "Plan Width": 41,
                                      "Sort Key": [
                                        "store.s_store_id"
                                      ],
                                      "Plans": [
                                        {
                                          "Node Type": "Hash Join",
                                          "Parent Relationship": "Outer",
                                          "Parallel Aware": false,
                                          "Async Capable": false,
                                          "Join Type": "Inner",
                                          "Startup Cost": 94489.35,
                                          "Total Cost": 783582.3,
                                          "Plan Rows": 242,
                                          "Plan Width": 41,
                                          "Inner Unique": false,
                                          "Hash Cond": "(store_sales.ss_store_sk = store.s_store_sk)",
                                          "Plans": [
                                            {
                                              "Node Type": "Hash Join",
                                              "Parent Relationship": "Outer",
                                              "Parallel Aware": false,
                                              "Async Capable": false,
                                              "Join Type": "Inner",
                                              "Startup Cost": 94482.05,
                                              "Total Cost": 783571.63,
                                              "Plan Rows": 254,
                                              "Plan Width": 28,
                                              "Inner Unique": false,
                                              "Hash Cond": "(store_sales.ss_promo_sk = promotion.p_promo_sk)",
                                              "Plans": [
                                                {
                                                  "Node Type": "Hash Join",
                                                  "Parent Relationship": "Outer",
                                                  "Parallel Aware": true,
                                                  "Async Capable": false,
                                                  "Join Type": "Inner",
                                                  "Startup Cost": 94456.65,
                                                  "Total Cost": 783542.68,
                                                  "Plan Rows": 270,
                                                  "Plan Width": 32,
                                                  "Inner Unique": false,
                                                  "Hash Cond": "(store_sales.ss_item_sk = item.i_item_sk)",
                                                  "Plans": [
                                                    {
                                                      "Node Type": "Hash Join",
                                                      "Parent Relationship": "Outer",
                                                      "Parallel Aware": true,
                                                      "Async Capable": false,
                                                      "Join Type": "Left",
                                                      "Startup Cost": 86930.88,
                                                      "Total Cost": 775998.13,
                                                      "Plan Rows": 4703,
                                                      "Plan Width": 36,
                                                      "Inner Unique": false,
                                                      "Hash Cond": "((store_sales.ss_item_sk = store_returns.sr_item_sk) AND (store_sales.ss_ticket_number = store_returns.sr_ticket_number))",
                                                      "Plans": [
                                                        {
                                                          "Node Type": "Hash Join",
                                                          "Parent Relationship": "Outer",
                                                          "Parallel Aware": true,
                                                          "Async Capable": false,
                                                          "Join Type": "Inner",
                                                          "Startup Cost": 2049.78,
                                                          "Total Cost": 683994.75,
                                                          "Plan Rows": 4703,
                                                          "Plan Width": 28,
                                                          "Inner Unique": false,
                                                          "Hash Cond": "(store_sales.ss_sold_date_sk = date_dim.d_date_sk)",
                                                          "Plans": [
                                                            {
                                                              "Node Type": "Seq Scan",
                                                              "Parent Relationship": "Outer",
                                                              "Parallel Aware": true,
                                                              "Async Capable": false,
                                                              "Relation Name": "store_sales",
                                                              "Alias": "store_sales",
                                                              "Startup Cost": 0.0,
                                                              "Total Cost": 636914.37,
                                                              "Plan Rows": 12000637,
                                                              "Plan Width": 32,
                                                              "parent": 13,
                                                              "ID": 14
                                                            },
                                                            {
                                                              "Node Type": "Hash",
                                                              "Parent Relationship": "Inner",
                                                              "Parallel Aware": true,
                                                              "Async Capable": false,
                                                              "Startup Cost": 2049.55,
                                                              "Total Cost": 2049.55,
                                                              "Plan Rows": 18,
                                                              "Plan Width": 4,
                                                              "Plans": [
                                                                {
                                                                  "Node Type": "Seq Scan",
                                                                  "Parent Relationship": "Outer",
                                                                  "Parallel Aware": true,
                                                                  "Async Capable": false,
                                                                  "Relation Name": "date_dim",
                                                                  "Alias": "date_dim",
                                                                  "Startup Cost": 0.0,
                                                                  "Total Cost": 2049.55,
                                                                  "Plan Rows": 18,
                                                                  "Plan Width": 4,
                                                                  "Filter": "((d_date >= '1998-08-19'::date) AND (d_date <= '1998-09-18 00:00:00'::timestamp without time zone))",
                                                                  "parent": 15,
                                                                  "ID": 16
                                                                }
                                                              ],
                                                              "parent": 13,
                                                              "ID": 15,
                                                              "left": 16
                                                            }
                                                          ],
                                                          "parent": 12,
                                                          "ID": 13,
                                                          "left": 14,
                                                          "right": 15
                                                        },
                                                        {
                                                          "Node Type": "Hash",
                                                          "Parent Relationship": "Inner",
                                                          "Parallel Aware": true,
                                                          "Async Capable": false,
                                                          "Startup Cost": 59887.64,
                                                          "Total Cost": 59887.64,
                                                          "Plan Rows": 1198164,
                                                          "Plan Width": 20,
                                                          "Plans": [
                                                            {
                                                              "Node Type": "Seq Scan",
                                                              "Parent Relationship": "Outer",
                                                              "Parallel Aware": true,
                                                              "Async Capable": false,
                                                              "Relation Name": "store_returns",
                                                              "Alias": "store_returns",
                                                              "Startup Cost": 0.0,
                                                              "Total Cost": 59887.64,
                                                              "Plan Rows": 1198164,
                                                              "Plan Width": 20,
                                                              "parent": 17,
                                                              "ID": 18
                                                            }
                                                          ],
                                                          "parent": 12,
                                                          "ID": 17,
                                                          "left": 18
                                                        }
                                                      ],
                                                      "parent": 11,
                                                      "ID": 12,
                                                      "left": 13,
                                                      "right": 17
                                                    },
                                                    {
                                                      "Node Type": "Hash",
                                                      "Parent Relationship": "Inner",
                                                      "Parallel Aware": true,
                                                      "Async Capable": false,
                                                      "Startup Cost": 7495.25,
                                                      "Total Cost": 7495.25,
                                                      "Plan Rows": 2442,
                                                      "Plan Width": 4,
                                                      "Plans": [
                                                        {
                                                          "Node Type": "Seq Scan",
                                                          "Parent Relationship": "Outer",
                                                          "Parallel Aware": true,
                                                          "Async Capable": false,
                                                          "Relation Name": "item",
                                                          "Alias": "item",
                                                          "Startup Cost": 0.0,
                                                          "Total Cost": 7495.25,
                                                          "Plan Rows": 2442,
                                                          "Plan Width": 4,
                                                          "Filter": "(i_current_price > '50'::numeric)",
                                                          "parent": 19,
                                                          "ID": 20
                                                        }
                                                      ],
                                                      "parent": 11,
                                                      "ID": 19,
                                                      "left": 20
                                                    }
                                                  ],
                                                  "parent": 10,
                                                  "ID": 11,
                                                  "left": 12,
                                                  "right": 19
                                                },
                                                {
                                                  "Node Type": "Hash",
                                                  "Parent Relationship": "Inner",
                                                  "Parallel Aware": false,
                                                  "Async Capable": false,
                                                  "Startup Cost": 19.25,
                                                  "Total Cost": 19.25,
                                                  "Plan Rows": 492,
                                                  "Plan Width": 4,
                                                  "Plans": [
                                                    {
                                                      "Node Type": "Seq Scan",
                                                      "Parent Relationship": "Outer",
                                                      "Parallel Aware": false,
                                                      "Async Capable": false,
                                                      "Relation Name": "promotion",
                                                      "Alias": "promotion",
                                                      "Startup Cost": 0.0,
                                                      "Total Cost": 19.25,
                                                      "Plan Rows": 492,
                                                      "Plan Width": 4,
                                                      "Filter": "(p_channel_tv = 'N'::bpchar)",
                                                      "parent": 21,
                                                      "ID": 22
                                                    }
                                                  ],
                                                  "parent": 10,
                                                  "ID": 21,
                                                  "left": 22
                                                }
                                              ],
                                              "parent": 9,
                                              "ID": 10,
                                              "left": 11,
                                              "right": 21
                                            },
                                            {
                                              "Node Type": "Hash",
                                              "Parent Relationship": "Inner",
                                              "Parallel Aware": false,
                                              "Async Capable": false,
                                              "Startup Cost": 6.02,
                                              "Total Cost": 6.02,
                                              "Plan Rows": 102,
                                              "Plan Width": 21,
                                              "Plans": [
                                                {
                                                  "Node Type": "Seq Scan",
                                                  "Parent Relationship": "Outer",
                                                  "Parallel Aware": false,
                                                  "Async Capable": false,
                                                  "Relation Name": "store",
                                                  "Alias": "store",
                                                  "Startup Cost": 0.0,
                                                  "Total Cost": 6.02,
                                                  "Plan Rows": 102,
                                                  "Plan Width": 21,
                                                  "parent": 23,
                                                  "ID": 24
                                                }
                                              ],
                                              "parent": 9,
                                              "ID": 23,
                                              "left": 24
                                            }
                                          ],
                                          "parent": 8,
                                          "ID": 9,
                                          "left": 10,
                                          "right": 23
                                        }
                                      ],
                                      "parent": 7,
                                      "ID": 8,
                                      "left": 9
                                    }
                                  ],
                                  "parent": 6,
                                  "ID": 7,
                                  "left": 8
                                }
                              ],
                              "parent": 5,
                              "ID": 6,
                              "left": 7
                            }
                          ],
                          "parent": 4,
                          "ID": 5,
                          "left": 6
                        }
                      ],
                      "parent": 3,
                      "ID": 4,
                      "left": 5
                    },
                    {
                      "Node Type": "Subquery Scan",
                      "Parent Relationship": "Member",
                      "Parallel Aware": false,
                      "Async Capable": false,
                      "Alias": "csr",
                      "Startup Cost": 518174.1,
                      "Total Cost": 518225.66,
                      "Plan Rows": 329,
                      "Plan Width": 160,
                      "Plans": [
                        {
                          "Node Type": "Aggregate",
                          "Strategy": "Sorted",
                          "Partial Mode": "Finalize",
                          "Parent Relationship": "Subquery",
                          "Parallel Aware": false,
                          "Async Capable": false,
                          "Startup Cost": 518174.1,
                          "Total Cost": 518220.73,
                          "Plan Rows": 329,
                          "Plan Width": 113,
                          "Group Key": [
                            "catalog_page.cp_catalog_page_id"
                          ],
                          "Plans": [
                            {
                              "Node Type": "Gather Merge",
                              "Parent Relationship": "Outer",
                              "Parallel Aware": false,
                              "Async Capable": false,
                              "Startup Cost": 518174.1,
                              "Total Cost": 518210.18,
                              "Plan Rows": 274,
                              "Plan Width": 113,
                              "Workers Planned": 2,
                              "Plans": [
                                {
                                  "Node Type": "Aggregate",
                                  "Strategy": "Sorted",
                                  "Partial Mode": "Partial",
                                  "Parent Relationship": "Outer",
                                  "Parallel Aware": false,
                                  "Async Capable": false,
                                  "Startup Cost": 517174.07,
                                  "Total Cost": 517178.53,
                                  "Plan Rows": 137,
                                  "Plan Width": 113,
                                  "Group Key": [
                                    "catalog_page.cp_catalog_page_id"
                                  ],
                                  "Plans": [
                                    {
                                      "Node Type": "Sort",
                                      "Parent Relationship": "Outer",
                                      "Parallel Aware": false,
                                      "Async Capable": false,
                                      "Startup Cost": 517174.07,
                                      "Total Cost": 517174.42,
                                      "Plan Rows": 137,
                                      "Plan Width": 41,
                                      "Sort Key": [
                                        "catalog_page.cp_catalog_page_id"
                                      ],
                                      "Plans": [
                                        {
                                          "Node Type": "Hash Join",
                                          "Parent Relationship": "Outer",
                                          "Parallel Aware": false,
                                          "Async Capable": false,
                                          "Join Type": "Inner",
                                          "Startup Cost": 57382.33,
                                          "Total Cost": 517169.21,
                                          "Plan Rows": 137,
                                          "Plan Width": 41,
                                          "Inner Unique": false,
                                          "Hash Cond": "(catalog_sales.cs_catalog_page_sk = catalog_page.cp_catalog_page_sk)",
                                          "Plans": [
                                            {
                                              "Node Type": "Hash Join",
                                              "Parent Relationship": "Outer",
                                              "Parallel Aware": false,
                                              "Async Capable": false,
                                              "Join Type": "Inner",
                                              "Startup Cost": 56864.33,
                                              "Total Cost": 516649.32,
                                              "Plan Rows": 138,
                                              "Plan Width": 28,
                                              "Inner Unique": false,
                                              "Hash Cond": "(catalog_sales.cs_promo_sk = promotion_1.p_promo_sk)",
                                              "Plans": [
                                                {
                                                  "Node Type": "Hash Join",
                                                  "Parent Relationship": "Outer",
                                                  "Parallel Aware": true,
                                                  "Async Capable": false,
                                                  "Join Type": "Inner",
                                                  "Startup Cost": 56838.93,
                                                  "Total Cost": 516622.01,
                                                  "Plan Rows": 141,
                                                  "Plan Width": 32,
                                                  "Inner Unique": false,
                                                  "Hash Cond": "(catalog_sales.cs_item_sk = item_1.i_item_sk)",
                                                  "Plans": [
                                                    {
                                                      "Node Type": "Hash Join",
                                                      "Parent Relationship": "Outer",
                                                      "Parallel Aware": true,
                                                      "Async Capable": false,
                                                      "Join Type": "Left",
                                                      "Startup Cost": 49313.15,
                                                      "Total Cost": 509086.46,
                                                      "Plan Rows": 2450,
                                                      "Plan Width": 36,
                                                      "Inner Unique": false,
                                                      "Hash Cond": "((catalog_sales.cs_item_sk = catalog_returns.cr_item_sk) AND (catalog_sales.cs_order_number = catalog_returns.cr_order_number))",
                                                      "Plans": [
                                                        {
                                                          "Node Type": "Hash Join",
                                                          "Parent Relationship": "Outer",
                                                          "Parallel Aware": true,
                                                          "Async Capable": false,
                                                          "Join Type": "Inner",
                                                          "Startup Cost": 2049.78,
                                                          "Total Cost": 458254.7,
                                                          "Plan Rows": 2450,
                                                          "Plan Width": 28,
                                                          "Inner Unique": false,
                                                          "Hash Cond": "(catalog_sales.cs_sold_date_sk = date_dim_1.d_date_sk)",
                                                          "Plans": [
                                                            {
                                                              "Node Type": "Seq Scan",
                                                              "Parent Relationship": "Outer",
                                                              "Parallel Aware": true,
                                                              "Async Capable": false,
                                                              "Relation Name": "catalog_sales",
                                                              "Alias": "catalog_sales",
                                                              "Startup Cost": 0.0,
                                                              "Total Cost": 433688.25,
                                                              "Plan Rows": 6000525,
                                                              "Plan Width": 32,
                                                              "parent": 34,
                                                              "ID": 35
                                                            },
                                                            {
                                                              "Node Type": "Hash",
                                                              "Parent Relationship": "Inner",
                                                              "Parallel Aware": true,
                                                              "Async Capable": false,
                                                              "Startup Cost": 2049.55,
                                                              "Total Cost": 2049.55,
                                                              "Plan Rows": 18,
                                                              "Plan Width": 4,
                                                              "Plans": [
                                                                {
                                                                  "Node Type": "Seq Scan",
                                                                  "Parent Relationship": "Outer",
                                                                  "Parallel Aware": true,
                                                                  "Async Capable": false,
                                                                  "Relation Name": "date_dim",
                                                                  "Alias": "date_dim_1",
                                                                  "Startup Cost": 0.0,
                                                                  "Total Cost": 2049.55,
                                                                  "Plan Rows": 18,
                                                                  "Plan Width": 4,
                                                                  "Filter": "((d_date >= '1998-08-19'::date) AND (d_date <= '1998-09-18 00:00:00'::timestamp without time zone))",
                                                                  "parent": 36,
                                                                  "ID": 37
                                                                }
                                                              ],
                                                              "parent": 34,
                                                              "ID": 36,
                                                              "left": 37
                                                            }
                                                          ],
                                                          "parent": 33,
                                                          "ID": 34,
                                                          "left": 35,
                                                          "right": 36
                                                        },
                                                        {
                                                          "Node Type": "Hash",
                                                          "Parent Relationship": "Inner",
                                                          "Parallel Aware": true,
                                                          "Async Capable": false,
                                                          "Startup Cost": 34748.95,
                                                          "Total Cost": 34748.95,
                                                          "Plan Rows": 599895,
                                                          "Plan Width": 20,
                                                          "Plans": [
                                                            {
                                                              "Node Type": "Seq Scan",
                                                              "Parent Relationship": "Outer",
                                                              "Parallel Aware": true,
                                                              "Async Capable": false,
                                                              "Relation Name": "catalog_returns",
                                                              "Alias": "catalog_returns",
                                                              "Startup Cost": 0.0,
                                                              "Total Cost": 34748.95,
                                                              "Plan Rows": 599895,
                                                              "Plan Width": 20,
                                                              "parent": 38,
                                                              "ID": 39
                                                            }
                                                          ],
                                                          "parent": 33,
                                                          "ID": 38,
                                                          "left": 39
                                                        }
                                                      ],
                                                      "parent": 32,
                                                      "ID": 33,
                                                      "left": 34,
                                                      "right": 38
                                                    },
                                                    {
                                                      "Node Type": "Hash",
                                                      "Parent Relationship": "Inner",
                                                      "Parallel Aware": true,
                                                      "Async Capable": false,
                                                      "Startup Cost": 7495.25,
                                                      "Total Cost": 7495.25,
                                                      "Plan Rows": 2442,
                                                      "Plan Width": 4,
                                                      "Plans": [
                                                        {
                                                          "Node Type": "Seq Scan",
                                                          "Parent Relationship": "Outer",
                                                          "Parallel Aware": true,
                                                          "Async Capable": false,
                                                          "Relation Name": "item",
                                                          "Alias": "item_1",
                                                          "Startup Cost": 0.0,
                                                          "Total Cost": 7495.25,
                                                          "Plan Rows": 2442,
                                                          "Plan Width": 4,
                                                          "Filter": "(i_current_price > '50'::numeric)",
                                                          "parent": 40,
                                                          "ID": 41
                                                        }
                                                      ],
                                                      "parent": 32,
                                                      "ID": 40,
                                                      "left": 41
                                                    }
                                                  ],
                                                  "parent": 31,
                                                  "ID": 32,
                                                  "left": 33,
                                                  "right": 40
                                                },
                                                {
                                                  "Node Type": "Hash",
                                                  "Parent Relationship": "Inner",
                                                  "Parallel Aware": false,
                                                  "Async Capable": false,
                                                  "Startup Cost": 19.25,
                                                  "Total Cost": 19.25,
                                                  "Plan Rows": 492,
                                                  "Plan Width": 4,
                                                  "Plans": [
                                                    {
                                                      "Node Type": "Seq Scan",
                                                      "Parent Relationship": "Outer",
                                                      "Parallel Aware": false,
                                                      "Async Capable": false,
                                                      "Relation Name": "promotion",
                                                      "Alias": "promotion_1",
                                                      "Startup Cost": 0.0,
                                                      "Total Cost": 19.25,
                                                      "Plan Rows": 492,
                                                      "Plan Width": 4,
                                                      "Filter": "(p_channel_tv = 'N'::bpchar)",
                                                      "parent": 42,
                                                      "ID": 43
                                                    }
                                                  ],
                                                  "parent": 31,
                                                  "ID": 42,
                                                  "left": 43
                                                }
                                              ],
                                              "parent": 30,
                                              "ID": 31,
                                              "left": 32,
                                              "right": 42
                                            },
                                            {
                                              "Node Type": "Hash",
                                              "Parent Relationship": "Inner",
                                              "Parallel Aware": false,
                                              "Async Capable": false,
                                              "Startup Cost": 368.0,
                                              "Total Cost": 368.0,
                                              "Plan Rows": 12000,
                                              "Plan Width": 21,
                                              "Plans": [
                                                {
                                                  "Node Type": "Seq Scan",
                                                  "Parent Relationship": "Outer",
                                                  "Parallel Aware": false,
                                                  "Async Capable": false,
                                                  "Relation Name": "catalog_page",
                                                  "Alias": "catalog_page",
                                                  "Startup Cost": 0.0,
                                                  "Total Cost": 368.0,
                                                  "Plan Rows": 12000,
                                                  "Plan Width": 21,
                                                  "parent": 44,
                                                  "ID": 45
                                                }
                                              ],
                                              "parent": 30,
                                              "ID": 44,
                                              "left": 45
                                            }
                                          ],
                                          "parent": 29,
                                          "ID": 30,
                                          "left": 31,
                                          "right": 44
                                        }
                                      ],
                                      "parent": 28,
                                      "ID": 29,
                                      "left": 30
                                    }
                                  ],
                                  "parent": 27,
                                  "ID": 28,
                                  "left": 29
                                }
                              ],
                              "parent": 26,
                              "ID": 27,
                              "left": 28
                            }
                          ],
                          "parent": 25,
                          "ID": 26,
                          "left": 27
                        }
                      ],
                      "parent": 3,
                      "ID": 25,
                      "left": 26
                    },
                    {
                      "Node Type": "Subquery Scan",
                      "Parent Relationship": "Member",
                      "Parallel Aware": false,
                      "Async Capable": false,
                      "Alias": "wsr",
                      "Startup Cost": 263918.43,
                      "Total Cost": 263926.12,
                      "Plan Rows": 21,
                      "Plan Width": 160,
                      "Plans": [
                        {
                          "Node Type": "Aggregate",
                          "Strategy": "Sorted",
                          "Partial Mode": "Finalize",
                          "Parent Relationship": "Subquery",
                          "Parallel Aware": false,
                          "Async Capable": false,
                          "Startup Cost": 263918.43,
                          "Total Cost": 263925.8,
                          "Plan Rows": 21,
                          "Plan Width": 113,
                          "Group Key": [
                            "web_site.web_site_id"
                          ],
                          "Plans": [
                            {
                              "Node Type": "Gather Merge",
                              "Parent Relationship": "Outer",
                              "Parallel Aware": false,
                              "Async Capable": false,
                              "Startup Cost": 263918.43,
                              "Total Cost": 263924.7,
                              "Plan Rows": 42,
                              "Plan Width": 113,
                              "Workers Planned": 2,
                              "Plans": [
                                {
                                  "Node Type": "Aggregate",
                                  "Strategy": "Sorted",
                                  "Partial Mode": "Partial",
                                  "Parent Relationship": "Outer",
                                  "Parallel Aware": false,
                                  "Async Capable": false,
                                  "Startup Cost": 262918.41,
                                  "Total Cost": 262919.83,
                                  "Plan Rows": 21,
                                  "Plan Width": 113,
                                  "Group Key": [
                                    "web_site.web_site_id"
                                  ],
                                  "Plans": [
                                    {
                                      "Node Type": "Sort",
                                      "Parent Relationship": "Outer",
                                      "Parallel Aware": false,
                                      "Async Capable": false,
                                      "Startup Cost": 262918.41,
                                      "Total Cost": 262918.59,
                                      "Plan Rows": 70,
                                      "Plan Width": 41,
                                      "Sort Key": [
                                        "web_site.web_site_id"
                                      ],
                                      "Plans": [
                                        {
                                          "Node Type": "Hash Join",
                                          "Parent Relationship": "Outer",
                                          "Parallel Aware": false,
                                          "Async Capable": false,
                                          "Join Type": "Inner",
                                          "Startup Cost": 32134.74,
                                          "Total Cost": 262916.27,
                                          "Plan Rows": 70,
                                          "Plan Width": 41,
                                          "Inner Unique": false,
                                          "Hash Cond": "(web_sales.ws_web_site_sk = web_site.web_site_sk)",
                                          "Plans": [
                                            {
                                              "Node Type": "Hash Join",
                                              "Parent Relationship": "Outer",
                                              "Parallel Aware": false,
                                              "Async Capable": false,
                                              "Join Type": "Inner",
                                              "Startup Cost": 32130.8,
                                              "Total Cost": 262911.36,
                                              "Plan Rows": 70,
                                              "Plan Width": 28,
                                              "Inner Unique": false,
                                              "Hash Cond": "(web_sales.ws_promo_sk = promotion_2.p_promo_sk)",
                                              "Plans": [
                                                {
                                                  "Node Type": "Hash Join",
                                                  "Parent Relationship": "Outer",
                                                  "Parallel Aware": true,
                                                  "Async Capable": false,
                                                  "Join Type": "Inner",
                                                  "Startup Cost": 32105.4,
                                                  "Total Cost": 262884.99,
                                                  "Plan Rows": 71,
                                                  "Plan Width": 32,
                                                  "Inner Unique": false,
                                                  "Hash Cond": "(web_sales.ws_item_sk = item_2.i_item_sk)",
                                                  "Plans": [
                                                    {
                                                      "Node Type": "Hash Join",
                                                      "Parent Relationship": "Outer",
                                                      "Parallel Aware": true,
                                                      "Async Capable": false,
                                                      "Join Type": "Left",
                                                      "Startup Cost": 24579.62,
                                                      "Total Cost": 255354.31,
                                                      "Plan Rows": 1231,
                                                      "Plan Width": 36,
                                                      "Inner Unique": false,
                                                      "Hash Cond": "((web_sales.ws_item_sk = web_returns.wr_item_sk) AND (web_sales.ws_order_number = web_returns.wr_order_number))",
                                                      "Plans": [
                                                        {
                                                          "Node Type": "Hash Join",
                                                          "Parent Relationship": "Outer",
                                                          "Parallel Aware": true,
                                                          "Async Capable": false,
                                                          "Join Type": "Inner",
                                                          "Startup Cost": 2049.78,
                                                          "Total Cost": 231041.22,
                                                          "Plan Rows": 1231,
                                                          "Plan Width": 28,
                                                          "Inner Unique": false,
                                                          "Hash Cond": "(web_sales.ws_sold_date_sk = date_dim_2.d_date_sk)",
                                                          "Plans": [
                                                            {
                                                              "Node Type": "Seq Scan",
                                                              "Parent Relationship": "Outer",
                                                              "Parallel Aware": true,
                                                              "Async Capable": false,
                                                              "Relation Name": "web_sales",
                                                              "Alias": "web_sales",
                                                              "Startup Cost": 0.0,
                                                              "Total Cost": 217737.86,
                                                              "Plan Rows": 2998986,
                                                              "Plan Width": 32,
                                                              "parent": 55,
                                                              "ID": 56
                                                            },
                                                            {
                                                              "Node Type": "Hash",
                                                              "Parent Relationship": "Inner",
                                                              "Parallel Aware": true,
                                                              "Async Capable": false,
                                                              "Startup Cost": 2049.55,
                                                              "Total Cost": 2049.55,
                                                              "Plan Rows": 18,
                                                              "Plan Width": 4,
                                                              "Plans": [
                                                                {
                                                                  "Node Type": "Seq Scan",
                                                                  "Parent Relationship": "Outer",
                                                                  "Parallel Aware": true,
                                                                  "Async Capable": false,
                                                                  "Relation Name": "date_dim",
                                                                  "Alias": "date_dim_2",
                                                                  "Startup Cost": 0.0,
                                                                  "Total Cost": 2049.55,
                                                                  "Plan Rows": 18,
                                                                  "Plan Width": 4,
                                                                  "Filter": "((d_date >= '1998-08-19'::date) AND (d_date <= '1998-09-18 00:00:00'::timestamp without time zone))",
                                                                  "parent": 57,
                                                                  "ID": 58
                                                                }
                                                              ],
                                                              "parent": 55,
                                                              "ID": 57,
                                                              "left": 58
                                                            }
                                                          ],
                                                          "parent": 54,
                                                          "ID": 55,
                                                          "left": 56,
                                                          "right": 57
                                                        },
                                                        {
                                                          "Node Type": "Hash",
                                                          "Parent Relationship": "Inner",
                                                          "Parallel Aware": true,
                                                          "Async Capable": false,
                                                          "Startup Cost": 16278.74,
                                                          "Total Cost": 16278.74,
                                                          "Plan Rows": 299674,
                                                          "Plan Width": 20,
                                                          "Plans": [
                                                            {
                                                              "Node Type": "Seq Scan",
                                                              "Parent Relationship": "Outer",
                                                              "Parallel Aware": true,
                                                              "Async Capable": false,
                                                              "Relation Name": "web_returns",
                                                              "Alias": "web_returns",
                                                              "Startup Cost": 0.0,
                                                              "Total Cost": 16278.74,
                                                              "Plan Rows": 299674,
                                                              "Plan Width": 20,
                                                              "parent": 59,
                                                              "ID": 60
                                                            }
                                                          ],
                                                          "parent": 54,
                                                          "ID": 59,
                                                          "left": 60
                                                        }
                                                      ],
                                                      "parent": 53,
                                                      "ID": 54,
                                                      "left": 55,
                                                      "right": 59
                                                    },
                                                    {
                                                      "Node Type": "Hash",
                                                      "Parent Relationship": "Inner",
                                                      "Parallel Aware": true,
                                                      "Async Capable": false,
                                                      "Startup Cost": 7495.25,
                                                      "Total Cost": 7495.25,
                                                      "Plan Rows": 2442,
                                                      "Plan Width": 4,
                                                      "Plans": [
                                                        {
                                                          "Node Type": "Seq Scan",
                                                          "Parent Relationship": "Outer",
                                                          "Parallel Aware": true,
                                                          "Async Capable": false,
                                                          "Relation Name": "item",
                                                          "Alias": "item_2",
                                                          "Startup Cost": 0.0,
                                                          "Total Cost": 7495.25,
                                                          "Plan Rows": 2442,
                                                          "Plan Width": 4,
                                                          "Filter": "(i_current_price > '50'::numeric)",
                                                          "parent": 61,
                                                          "ID": 62
                                                        }
                                                      ],
                                                      "parent": 53,
                                                      "ID": 61,
                                                      "left": 62
                                                    }
                                                  ],
                                                  "parent": 52,
                                                  "ID": 53,
                                                  "left": 54,
                                                  "right": 61
                                                },
                                                {
                                                  "Node Type": "Hash",
                                                  "Parent Relationship": "Inner",
                                                  "Parallel Aware": false,
                                                  "Async Capable": false,
                                                  "Startup Cost": 19.25,
                                                  "Total Cost": 19.25,
                                                  "Plan Rows": 492,
                                                  "Plan Width": 4,
                                                  "Plans": [
                                                    {
                                                      "Node Type": "Seq Scan",
                                                      "Parent Relationship": "Outer",
                                                      "Parallel Aware": false,
                                                      "Async Capable": false,
                                                      "Relation Name": "promotion",
                                                      "Alias": "promotion_2",
                                                      "Startup Cost": 0.0,
                                                      "Total Cost": 19.25,
                                                      "Plan Rows": 492,
                                                      "Plan Width": 4,
                                                      "Filter": "(p_channel_tv = 'N'::bpchar)",
                                                      "parent": 63,
                                                      "ID": 64
                                                    }
                                                  ],
                                                  "parent": 52,
                                                  "ID": 63,
                                                  "left": 64
                                                }
                                              ],
                                              "parent": 51,
                                              "ID": 52,
                                              "left": 53,
                                              "right": 63
                                            },
                                            {
                                              "Node Type": "Hash",
                                              "Parent Relationship": "Inner",
                                              "Parallel Aware": false,
                                              "Async Capable": false,
                                              "Startup Cost": 3.42,
                                              "Total Cost": 3.42,
                                              "Plan Rows": 42,
                                              "Plan Width": 21,
                                              "Plans": [
                                                {
                                                  "Node Type": "Seq Scan",
                                                  "Parent Relationship": "Outer",
                                                  "Parallel Aware": false,
                                                  "Async Capable": false,
                                                  "Relation Name": "web_site",
                                                  "Alias": "web_site",
                                                  "Startup Cost": 0.0,
                                                  "Total Cost": 3.42,
                                                  "Plan Rows": 42,
                                                  "Plan Width": 21,
                                                  "parent": 65,
                                                  "ID": 66
                                                }
                                              ],
                                              "parent": 51,
                                              "ID": 65,
                                              "left": 66
                                            }
                                          ],
                                          "parent": 50,
                                          "ID": 51,
                                          "left": 52,
                                          "right": 65
                                        }
                                      ],
                                      "parent": 49,
                                      "ID": 50,
                                      "left": 51
                                    }
                                  ],
                                  "parent": 48,
                                  "ID": 49,
                                  "left": 50
                                }
                              ],
                              "parent": 47,
                              "ID": 48,
                              "left": 49
                            }
                          ],
                          "parent": 46,
                          "ID": 47,
                          "left": 48
                        }
                      ],
                      "parent": 3,
                      "ID": 46,
                      "left": 47
                    }
                  ],
                  "parent": 2,
                  "ID": 3,
                  "left": 4,
                  "right": 25
                }
              ],
              "parent": 1,
              "ID": 2,
              "left": 3
            }
          ],
          "parent": 0,
          "ID": 1,
          "left": 2
        }
      ],
      "parent": null,
      "ID": 0,
      "left": 1
    },
    "feat": {
      "utility": 2.180818292048628e-06,
      "query_shape": [
        [
          "Seq Scan",
          "Hash Join",
          "Sort",
          "Aggregate",
          "Gather Merge",
          "Subquery Scan",
          "Append"
        ],
        [
          "Seq Scan",
          "Hash",
          "Hash Join",
          "Sort",
          "Aggregate",
          "Gather Merge",
          "Subquery Scan",
          "Append"
        ],
        [
          "Seq Scan",
          "Hash",
          "Hash Join",
          "Sort",
          "Aggregate",
          "Gather Merge",
          "Subquery Scan",
          "Append"
        ],
        [
          "Seq Scan",
          "Hash",
          "Hash Join",
          "Sort",
          "Aggregate",
          "Gather Merge",
          "Subquery Scan",
          "Append"
        ],
        [
          "Seq Scan",
          "Hash",
          "Hash Join",
          "Sort",
          "Aggregate",
          "Gather Merge",
          "Subquery Scan",
          "Append"
        ],
        [
          "Seq Scan",
          "Hash",
          "Hash Join",
          "Sort",
          "Aggregate",
          "Gather Merge",
          "Subquery Scan",
          "Append"
        ],
        [
          "Seq Scan",
          "Hash Join",
          "Sort",
          "Aggregate",
          "Gather Merge",
          "Subquery Scan",
          "Append"
        ],
        [
          "Seq Scan",
          "Hash",
          "Hash Join",
          "Sort",
          "Aggregate",
          "Gather Merge",
          "Subquery Scan",
          "Append"
        ],
        [
          "Seq Scan",
          "Hash",
          "Hash Join",
          "Sort",
          "Aggregate",
          "Gather Merge",
          "Subquery Scan",
          "Append"
        ],
        [
          "Seq Scan",
          "Hash",
          "Hash Join",
          "Sort",
          "Aggregate",
          "Gather Merge",
          "Subquery Scan",
          "Append"
        ],
        [
          "Seq Scan",
          "Hash",
          "Hash Join",
          "Sort",
          "Aggregate",
          "Gather Merge",
          "Subquery Scan",
          "Append"
        ],
        [
          "Seq Scan",
          "Hash",
          "Hash Join",
          "Sort",
          "Aggregate",
          "Gather Merge",
          "Subquery Scan",
          "Append"
        ],
        [
          "Seq Scan",
          "Hash Join",
          "Sort",
          "Aggregate",
          "Gather Merge",
          "Subquery Scan",
          "Append"
        ],
        [
          "Seq Scan",
          "Hash",
          "Hash Join",
          "Sort",
          "Aggregate",
          "Gather Merge",
          "Subquery Scan",
          "Append"
        ],
        [
          "Seq Scan",
          "Hash",
          "Hash Join",
          "Sort",
          "Aggregate",
          "Gather Merge",
          "Subquery Scan",
          "Append"
        ],
        [
          "Seq Scan",
          "Hash",
          "Hash Join",
          "Sort",
          "Aggregate",
          "Gather Merge",
          "Subquery Scan",
          "Append"
        ],
        [
          "Seq Scan",
          "Hash",
          "Hash Join",
          "Sort",
          "Aggregate",
          "Gather Merge",
          "Subquery Scan",
          "Append"
        ],
        [
          "Seq Scan",
          "Hash",
          "Hash Join",
          "Sort",
          "Aggregate",
          "Gather Merge",
          "Subquery Scan",
          "Append"
        ]
      ],
      "index_shape": [
        "join"
      ],
      "physical_operator": {
        "Hash Join": [
          0.0009135700778115242
        ]
      }
    }
  },
  {
    "query": "with ssr as\n (select  s_store_id as store_id,\n          sum(ss_ext_sales_price) as sales,\n          sum(coalesce(sr_return_amt, 0)) as returns,\n          sum(ss_net_profit - coalesce(sr_net_loss, 0)) as profit\n  from store_sales left outer join store_returns on\n         (ss_item_sk = sr_item_sk and ss_ticket_number = sr_ticket_number),\n     date_dim,\n     store,\n     item,\n     promotion\n where ss_sold_date_sk = d_date_sk\n       and d_date between cast('1998-08-19' as date) \n                  and (cast('1998-08-19' as date) +  interval '30 days')\n       and ss_store_sk = s_store_sk\n       and ss_item_sk = i_item_sk\n       and i_current_price > 50\n       and ss_promo_sk = p_promo_sk\n       and p_channel_tv = 'N'\n group by s_store_id)\n ,\n csr as\n (select  cp_catalog_page_id as catalog_page_id,\n          sum(cs_ext_sales_price) as sales,\n          sum(coalesce(cr_return_amount, 0)) as returns,\n          sum(cs_net_profit - coalesce(cr_net_loss, 0)) as profit\n  from catalog_sales left outer join catalog_returns on\n         (cs_item_sk = cr_item_sk and cs_order_number = cr_order_number),\n     date_dim,\n     catalog_page,\n     item,\n     promotion\n where cs_sold_date_sk = d_date_sk\n       and d_date between cast('1998-08-19' as date)\n                  and (cast('1998-08-19' as date) +  interval '30 days')\n        and cs_catalog_page_sk = cp_catalog_page_sk\n       and cs_item_sk = i_item_sk\n       and i_current_price > 50\n       and cs_promo_sk = p_promo_sk\n       and p_channel_tv = 'N'\ngroup by cp_catalog_page_id)\n ,\n wsr as\n (select  web_site_id,\n          sum(ws_ext_sales_price) as sales,\n          sum(coalesce(wr_return_amt, 0)) as returns,\n          sum(ws_net_profit - coalesce(wr_net_loss, 0)) as profit\n  from web_sales left outer join web_returns on\n         (ws_item_sk = wr_item_sk and ws_order_number = wr_order_number),\n     date_dim,\n     web_site,\n     item,\n     promotion\n where ws_sold_date_sk = d_date_sk\n       and d_date between cast('1998-08-19' as date)\n                  and (cast('1998-08-19' as date) +  interval '30 days')\n        and ws_web_site_sk = web_site_sk\n       and ws_item_sk = i_item_sk\n       and i_current_price > 50\n       and ws_promo_sk = p_promo_sk\n       and p_channel_tv = 'N'\ngroup by web_site_id)\n  select  channel\n        , id\n        , sum(sales) as sales\n        , sum(returns) as returns\n        , sum(profit) as profit\n from \n (select 'store channel' as channel\n        , 'store' || store_id as id\n        , sales\n        , returns\n        , profit\n from   ssr\n union all\n select 'catalog channel' as channel\n        , 'catalog_page' || catalog_page_id as id\n        , sales\n        , returns\n        , profit\n from  csr\n union all\n select 'web channel' as channel\n        , 'web_site' || web_site_id as id\n        , sales\n        , returns\n        , profit\n from   wsr\n ) x\n group by rollup (channel, id)\n order by channel\n         ,id\n limit 100;\n\n-- end query 61 in stream 0 using template query80.tpl\n",
    "indexes": "store_sales.ss_ext_sales_price",
    "wo plan est": {
      "Node Type": "Limit",
      "Parallel Aware": false,
      "Async Capable": false,
      "Startup Cost": 1566782.76,
      "Total Cost": 1566786.01,
      "Plan Rows": 100,
      "Plan Width": 160,
      "Plans": [
        {
          "Node Type": "Aggregate",
          "Strategy": "Sorted",
          "Partial Mode": "Simple",
          "Parent Relationship": "Outer",
          "Parallel Aware": false,
          "Async Capable": false,
          "Startup Cost": 1566782.76,
          "Total Cost": 1566795.8,
          "Plan Rows": 401,
          "Plan Width": 160,
          "Grouping Sets": [
            {
              "Group Keys": [
                [
                  "('store channel'::text)",
                  "(('store'::text || (ssr.store_id)::text))"
                ],
                [
                  "('store channel'::text)"
                ],
                []
              ]
            }
          ],
          "Plans": [
            {
              "Node Type": "Sort",
              "Parent Relationship": "Outer",
              "Parallel Aware": false,
              "Async Capable": false,
              "Startup Cost": 1566782.76,
              "Total Cost": 1566783.77,
              "Plan Rows": 401,
              "Plan Width": 160,
              "Sort Key": [
                "('store channel'::text)",
                "(('store'::text || (ssr.store_id)::text))"
              ],
              "Plans": [
                {
                  "Node Type": "Append",
                  "Parent Relationship": "Outer",
                  "Parallel Aware": false,
                  "Async Capable": false,
                  "Startup Cost": 784591.9,
                  "Total Cost": 1566765.43,
                  "Plan Rows": 401,
                  "Plan Width": 160,
                  "Subplans Removed": 0,
                  "Plans": [
                    {
                      "Node Type": "Subquery Scan",
                      "Parent Relationship": "Member",
                      "Parallel Aware": false,
                      "Async Capable": false,
                      "Alias": "ssr",
                      "Startup Cost": 784591.9,
                      "Total Cost": 784611.64,
                      "Plan Rows": 51,
                      "Plan Width": 160,
                      "Plans": [
                        {
                          "Node Type": "Aggregate",
                          "Strategy": "Sorted",
                          "Partial Mode": "Finalize",
                          "Parent Relationship": "Subquery",
                          "Parallel Aware": false,
                          "Async Capable": false,
                          "Startup Cost": 784591.9,
                          "Total Cost": 784610.87,
                          "Plan Rows": 51,
                          "Plan Width": 113,
                          "Group Key": [
                            "store.s_store_id"
                          ],
                          "Plans": [
                            {
                              "Node Type": "Gather Merge",
                              "Parent Relationship": "Outer",
                              "Parallel Aware": false,
                              "Async Capable": false,
                              "Startup Cost": 784591.9,
                              "Total Cost": 784608.2,
                              "Plan Rows": 102,
                              "Plan Width": 113,
                              "Workers Planned": 2,
                              "Plans": [
                                {
                                  "Node Type": "Aggregate",
                                  "Strategy": "Sorted",
                                  "Partial Mode": "Partial",
                                  "Parent Relationship": "Outer",
                                  "Parallel Aware": false,
                                  "Async Capable": false,
                                  "Startup Cost": 783591.88,
                                  "Total Cost": 783596.4,
                                  "Plan Rows": 51,
                                  "Plan Width": 113,
                                  "Group Key": [
                                    "store.s_store_id"
                                  ],
                                  "Plans": [
                                    {
                                      "Node Type": "Sort",
                                      "Parent Relationship": "Outer",
                                      "Parallel Aware": false,
                                      "Async Capable": false,
                                      "Startup Cost": 783591.88,
                                      "Total Cost": 783592.48,
                                      "Plan Rows": 242,
                                      "Plan Width": 41,
                                      "Sort Key": [
                                        "store.s_store_id"
                                      ],
                                      "Plans": [
                                        {
                                          "Node Type": "Hash Join",
                                          "Parent Relationship": "Outer",
                                          "Parallel Aware": false,
                                          "Async Capable": false,
                                          "Join Type": "Inner",
                                          "Startup Cost": 94489.35,
                                          "Total Cost": 783582.3,
                                          "Plan Rows": 242,
                                          "Plan Width": 41,
                                          "Inner Unique": false,
                                          "Hash Cond": "(store_sales.ss_store_sk = store.s_store_sk)",
                                          "Plans": [
                                            {
                                              "Node Type": "Hash Join",
                                              "Parent Relationship": "Outer",
                                              "Parallel Aware": false,
                                              "Async Capable": false,
                                              "Join Type": "Inner",
                                              "Startup Cost": 94482.05,
                                              "Total Cost": 783571.63,
                                              "Plan Rows": 254,
                                              "Plan Width": 28,
                                              "Inner Unique": false,
                                              "Hash Cond": "(store_sales.ss_promo_sk = promotion.p_promo_sk)",
                                              "Plans": [
                                                {
                                                  "Node Type": "Hash Join",
                                                  "Parent Relationship": "Outer",
                                                  "Parallel Aware": true,
                                                  "Async Capable": false,
                                                  "Join Type": "Inner",
                                                  "Startup Cost": 94456.65,
                                                  "Total Cost": 783542.68,
                                                  "Plan Rows": 270,
                                                  "Plan Width": 32,
                                                  "Inner Unique": false,
                                                  "Hash Cond": "(store_sales.ss_item_sk = item.i_item_sk)",
                                                  "Plans": [
                                                    {
                                                      "Node Type": "Hash Join",
                                                      "Parent Relationship": "Outer",
                                                      "Parallel Aware": true,
                                                      "Async Capable": false,
                                                      "Join Type": "Left",
                                                      "Startup Cost": 86930.88,
                                                      "Total Cost": 775998.13,
                                                      "Plan Rows": 4703,
                                                      "Plan Width": 36,
                                                      "Inner Unique": false,
                                                      "Hash Cond": "((store_sales.ss_item_sk = store_returns.sr_item_sk) AND (store_sales.ss_ticket_number = store_returns.sr_ticket_number))",
                                                      "Plans": [
                                                        {
                                                          "Node Type": "Hash Join",
                                                          "Parent Relationship": "Outer",
                                                          "Parallel Aware": true,
                                                          "Async Capable": false,
                                                          "Join Type": "Inner",
                                                          "Startup Cost": 2049.78,
                                                          "Total Cost": 683994.75,
                                                          "Plan Rows": 4703,
                                                          "Plan Width": 28,
                                                          "Inner Unique": false,
                                                          "Hash Cond": "(store_sales.ss_sold_date_sk = date_dim.d_date_sk)",
                                                          "Plans": [
                                                            {
                                                              "Node Type": "Seq Scan",
                                                              "Parent Relationship": "Outer",
                                                              "Parallel Aware": true,
                                                              "Async Capable": false,
                                                              "Relation Name": "store_sales",
                                                              "Alias": "store_sales",
                                                              "Startup Cost": 0.0,
                                                              "Total Cost": 636914.37,
                                                              "Plan Rows": 12000637,
                                                              "Plan Width": 32,
                                                              "parent": 13,
                                                              "ID": 14
                                                            },
                                                            {
                                                              "Node Type": "Hash",
                                                              "Parent Relationship": "Inner",
                                                              "Parallel Aware": true,
                                                              "Async Capable": false,
                                                              "Startup Cost": 2049.55,
                                                              "Total Cost": 2049.55,
                                                              "Plan Rows": 18,
                                                              "Plan Width": 4,
                                                              "Plans": [
                                                                {
                                                                  "Node Type": "Seq Scan",
                                                                  "Parent Relationship": "Outer",
                                                                  "Parallel Aware": true,
                                                                  "Async Capable": false,
                                                                  "Relation Name": "date_dim",
                                                                  "Alias": "date_dim",
                                                                  "Startup Cost": 0.0,
                                                                  "Total Cost": 2049.55,
                                                                  "Plan Rows": 18,
                                                                  "Plan Width": 4,
                                                                  "Filter": "((d_date >= '1998-08-19'::date) AND (d_date <= '1998-09-18 00:00:00'::timestamp without time zone))",
                                                                  "parent": 15,
                                                                  "ID": 16
                                                                }
                                                              ],
                                                              "parent": 13,
                                                              "ID": 15,
                                                              "left": 16
                                                            }
                                                          ],
                                                          "parent": 12,
                                                          "ID": 13,
                                                          "left": 14,
                                                          "right": 15
                                                        },
                                                        {
                                                          "Node Type": "Hash",
                                                          "Parent Relationship": "Inner",
                                                          "Parallel Aware": true,
                                                          "Async Capable": false,
                                                          "Startup Cost": 59887.64,
                                                          "Total Cost": 59887.64,
                                                          "Plan Rows": 1198164,
                                                          "Plan Width": 20,
                                                          "Plans": [
                                                            {
                                                              "Node Type": "Seq Scan",
                                                              "Parent Relationship": "Outer",
                                                              "Parallel Aware": true,
                                                              "Async Capable": false,
                                                              "Relation Name": "store_returns",
                                                              "Alias": "store_returns",
                                                              "Startup Cost": 0.0,
                                                              "Total Cost": 59887.64,
                                                              "Plan Rows": 1198164,
                                                              "Plan Width": 20,
                                                              "parent": 17,
                                                              "ID": 18
                                                            }
                                                          ],
                                                          "parent": 12,
                                                          "ID": 17,
                                                          "left": 18
                                                        }
                                                      ],
                                                      "parent": 11,
                                                      "ID": 12,
                                                      "left": 13,
                                                      "right": 17
                                                    },
                                                    {
                                                      "Node Type": "Hash",
                                                      "Parent Relationship": "Inner",
                                                      "Parallel Aware": true,
                                                      "Async Capable": false,
                                                      "Startup Cost": 7495.25,
                                                      "Total Cost": 7495.25,
                                                      "Plan Rows": 2442,
                                                      "Plan Width": 4,
                                                      "Plans": [
                                                        {
                                                          "Node Type": "Seq Scan",
                                                          "Parent Relationship": "Outer",
                                                          "Parallel Aware": true,
                                                          "Async Capable": false,
                                                          "Relation Name": "item",
                                                          "Alias": "item",
                                                          "Startup Cost": 0.0,
                                                          "Total Cost": 7495.25,
                                                          "Plan Rows": 2442,
                                                          "Plan Width": 4,
                                                          "Filter": "(i_current_price > '50'::numeric)",
                                                          "parent": 19,
                                                          "ID": 20
                                                        }
                                                      ],
                                                      "parent": 11,
                                                      "ID": 19,
                                                      "left": 20
                                                    }
                                                  ],
                                                  "parent": 10,
                                                  "ID": 11,
                                                  "left": 12,
                                                  "right": 19
                                                },
                                                {
                                                  "Node Type": "Hash",
                                                  "Parent Relationship": "Inner",
                                                  "Parallel Aware": false,
                                                  "Async Capable": false,
                                                  "Startup Cost": 19.25,
                                                  "Total Cost": 19.25,
                                                  "Plan Rows": 492,
                                                  "Plan Width": 4,
                                                  "Plans": [
                                                    {
                                                      "Node Type": "Seq Scan",
                                                      "Parent Relationship": "Outer",
                                                      "Parallel Aware": false,
                                                      "Async Capable": false,
                                                      "Relation Name": "promotion",
                                                      "Alias": "promotion",
                                                      "Startup Cost": 0.0,
                                                      "Total Cost": 19.25,
                                                      "Plan Rows": 492,
                                                      "Plan Width": 4,
                                                      "Filter": "(p_channel_tv = 'N'::bpchar)",
                                                      "parent": 21,
                                                      "ID": 22
                                                    }
                                                  ],
                                                  "parent": 10,
                                                  "ID": 21,
                                                  "left": 22
                                                }
                                              ],
                                              "parent": 9,
                                              "ID": 10,
                                              "left": 11,
                                              "right": 21
                                            },
                                            {
                                              "Node Type": "Hash",
                                              "Parent Relationship": "Inner",
                                              "Parallel Aware": false,
                                              "Async Capable": false,
                                              "Startup Cost": 6.02,
                                              "Total Cost": 6.02,
                                              "Plan Rows": 102,
                                              "Plan Width": 21,
                                              "Plans": [
                                                {
                                                  "Node Type": "Seq Scan",
                                                  "Parent Relationship": "Outer",
                                                  "Parallel Aware": false,
                                                  "Async Capable": false,
                                                  "Relation Name": "store",
                                                  "Alias": "store",
                                                  "Startup Cost": 0.0,
                                                  "Total Cost": 6.02,
                                                  "Plan Rows": 102,
                                                  "Plan Width": 21,
                                                  "parent": 23,
                                                  "ID": 24
                                                }
                                              ],
                                              "parent": 9,
                                              "ID": 23,
                                              "left": 24
                                            }
                                          ],
                                          "parent": 8,
                                          "ID": 9,
                                          "left": 10,
                                          "right": 23
                                        }
                                      ],
                                      "parent": 7,
                                      "ID": 8,
                                      "left": 9
                                    }
                                  ],
                                  "parent": 6,
                                  "ID": 7,
                                  "left": 8
                                }
                              ],
                              "parent": 5,
                              "ID": 6,
                              "left": 7
                            }
                          ],
                          "parent": 4,
                          "ID": 5,
                          "left": 6
                        }
                      ],
                      "parent": 3,
                      "ID": 4,
                      "left": 5
                    },
                    {
                      "Node Type": "Subquery Scan",
                      "Parent Relationship": "Member",
                      "Parallel Aware": false,
                      "Async Capable": false,
                      "Alias": "csr",
                      "Startup Cost": 518174.1,
                      "Total Cost": 518225.66,
                      "Plan Rows": 329,
                      "Plan Width": 160,
                      "Plans": [
                        {
                          "Node Type": "Aggregate",
                          "Strategy": "Sorted",
                          "Partial Mode": "Finalize",
                          "Parent Relationship": "Subquery",
                          "Parallel Aware": false,
                          "Async Capable": false,
                          "Startup Cost": 518174.1,
                          "Total Cost": 518220.73,
                          "Plan Rows": 329,
                          "Plan Width": 113,
                          "Group Key": [
                            "catalog_page.cp_catalog_page_id"
                          ],
                          "Plans": [
                            {
                              "Node Type": "Gather Merge",
                              "Parent Relationship": "Outer",
                              "Parallel Aware": false,
                              "Async Capable": false,
                              "Startup Cost": 518174.1,
                              "Total Cost": 518210.18,
                              "Plan Rows": 274,
                              "Plan Width": 113,
                              "Workers Planned": 2,
                              "Plans": [
                                {
                                  "Node Type": "Aggregate",
                                  "Strategy": "Sorted",
                                  "Partial Mode": "Partial",
                                  "Parent Relationship": "Outer",
                                  "Parallel Aware": false,
                                  "Async Capable": false,
                                  "Startup Cost": 517174.07,
                                  "Total Cost": 517178.53,
                                  "Plan Rows": 137,
                                  "Plan Width": 113,
                                  "Group Key": [
                                    "catalog_page.cp_catalog_page_id"
                                  ],
                                  "Plans": [
                                    {
                                      "Node Type": "Sort",
                                      "Parent Relationship": "Outer",
                                      "Parallel Aware": false,
                                      "Async Capable": false,
                                      "Startup Cost": 517174.07,
                                      "Total Cost": 517174.42,
                                      "Plan Rows": 137,
                                      "Plan Width": 41,
                                      "Sort Key": [
                                        "catalog_page.cp_catalog_page_id"
                                      ],
                                      "Plans": [
                                        {
                                          "Node Type": "Hash Join",
                                          "Parent Relationship": "Outer",
                                          "Parallel Aware": false,
                                          "Async Capable": false,
                                          "Join Type": "Inner",
                                          "Startup Cost": 57382.33,
                                          "Total Cost": 517169.21,
                                          "Plan Rows": 137,
                                          "Plan Width": 41,
                                          "Inner Unique": false,
                                          "Hash Cond": "(catalog_sales.cs_catalog_page_sk = catalog_page.cp_catalog_page_sk)",
                                          "Plans": [
                                            {
                                              "Node Type": "Hash Join",
                                              "Parent Relationship": "Outer",
                                              "Parallel Aware": false,
                                              "Async Capable": false,
                                              "Join Type": "Inner",
                                              "Startup Cost": 56864.33,
                                              "Total Cost": 516649.32,
                                              "Plan Rows": 138,
                                              "Plan Width": 28,
                                              "Inner Unique": false,
                                              "Hash Cond": "(catalog_sales.cs_promo_sk = promotion_1.p_promo_sk)",
                                              "Plans": [
                                                {
                                                  "Node Type": "Hash Join",
                                                  "Parent Relationship": "Outer",
                                                  "Parallel Aware": true,
                                                  "Async Capable": false,
                                                  "Join Type": "Inner",
                                                  "Startup Cost": 56838.93,
                                                  "Total Cost": 516622.01,
                                                  "Plan Rows": 141,
                                                  "Plan Width": 32,
                                                  "Inner Unique": false,
                                                  "Hash Cond": "(catalog_sales.cs_item_sk = item_1.i_item_sk)",
                                                  "Plans": [
                                                    {
                                                      "Node Type": "Hash Join",
                                                      "Parent Relationship": "Outer",
                                                      "Parallel Aware": true,
                                                      "Async Capable": false,
                                                      "Join Type": "Left",
                                                      "Startup Cost": 49313.15,
                                                      "Total Cost": 509086.46,
                                                      "Plan Rows": 2450,
                                                      "Plan Width": 36,
                                                      "Inner Unique": false,
                                                      "Hash Cond": "((catalog_sales.cs_item_sk = catalog_returns.cr_item_sk) AND (catalog_sales.cs_order_number = catalog_returns.cr_order_number))",
                                                      "Plans": [
                                                        {
                                                          "Node Type": "Hash Join",
                                                          "Parent Relationship": "Outer",
                                                          "Parallel Aware": true,
                                                          "Async Capable": false,
                                                          "Join Type": "Inner",
                                                          "Startup Cost": 2049.78,
                                                          "Total Cost": 458254.7,
                                                          "Plan Rows": 2450,
                                                          "Plan Width": 28,
                                                          "Inner Unique": false,
                                                          "Hash Cond": "(catalog_sales.cs_sold_date_sk = date_dim_1.d_date_sk)",
                                                          "Plans": [
                                                            {
                                                              "Node Type": "Seq Scan",
                                                              "Parent Relationship": "Outer",
                                                              "Parallel Aware": true,
                                                              "Async Capable": false,
                                                              "Relation Name": "catalog_sales",
                                                              "Alias": "catalog_sales",
                                                              "Startup Cost": 0.0,
                                                              "Total Cost": 433688.25,
                                                              "Plan Rows": 6000525,
                                                              "Plan Width": 32,
                                                              "parent": 34,
                                                              "ID": 35
                                                            },
                                                            {
                                                              "Node Type": "Hash",
                                                              "Parent Relationship": "Inner",
                                                              "Parallel Aware": true,
                                                              "Async Capable": false,
                                                              "Startup Cost": 2049.55,
                                                              "Total Cost": 2049.55,
                                                              "Plan Rows": 18,
                                                              "Plan Width": 4,
                                                              "Plans": [
                                                                {
                                                                  "Node Type": "Seq Scan",
                                                                  "Parent Relationship": "Outer",
                                                                  "Parallel Aware": true,
                                                                  "Async Capable": false,
                                                                  "Relation Name": "date_dim",
                                                                  "Alias": "date_dim_1",
                                                                  "Startup Cost": 0.0,
                                                                  "Total Cost": 2049.55,
                                                                  "Plan Rows": 18,
                                                                  "Plan Width": 4,
                                                                  "Filter": "((d_date >= '1998-08-19'::date) AND (d_date <= '1998-09-18 00:00:00'::timestamp without time zone))",
                                                                  "parent": 36,
                                                                  "ID": 37
                                                                }
                                                              ],
                                                              "parent": 34,
                                                              "ID": 36,
                                                              "left": 37
                                                            }
                                                          ],
                                                          "parent": 33,
                                                          "ID": 34,
                                                          "left": 35,
                                                          "right": 36
                                                        },
                                                        {
                                                          "Node Type": "Hash",
                                                          "Parent Relationship": "Inner",
                                                          "Parallel Aware": true,
                                                          "Async Capable": false,
                                                          "Startup Cost": 34748.95,
                                                          "Total Cost": 34748.95,
                                                          "Plan Rows": 599895,
                                                          "Plan Width": 20,
                                                          "Plans": [
                                                            {
                                                              "Node Type": "Seq Scan",
                                                              "Parent Relationship": "Outer",
                                                              "Parallel Aware": true,
                                                              "Async Capable": false,
                                                              "Relation Name": "catalog_returns",
                                                              "Alias": "catalog_returns",
                                                              "Startup Cost": 0.0,
                                                              "Total Cost": 34748.95,
                                                              "Plan Rows": 599895,
                                                              "Plan Width": 20,
                                                              "parent": 38,
                                                              "ID": 39
                                                            }
                                                          ],
                                                          "parent": 33,
                                                          "ID": 38,
                                                          "left": 39
                                                        }
                                                      ],
                                                      "parent": 32,
                                                      "ID": 33,
                                                      "left": 34,
                                                      "right": 38
                                                    },
                                                    {
                                                      "Node Type": "Hash",
                                                      "Parent Relationship": "Inner",
                                                      "Parallel Aware": true,
                                                      "Async Capable": false,
                                                      "Startup Cost": 7495.25,
                                                      "Total Cost": 7495.25,
                                                      "Plan Rows": 2442,
                                                      "Plan Width": 4,
                                                      "Plans": [
                                                        {
                                                          "Node Type": "Seq Scan",
                                                          "Parent Relationship": "Outer",
                                                          "Parallel Aware": true,
                                                          "Async Capable": false,
                                                          "Relation Name": "item",
                                                          "Alias": "item_1",
                                                          "Startup Cost": 0.0,
                                                          "Total Cost": 7495.25,
                                                          "Plan Rows": 2442,
                                                          "Plan Width": 4,
                                                          "Filter": "(i_current_price > '50'::numeric)",
                                                          "parent": 40,
                                                          "ID": 41
                                                        }
                                                      ],
                                                      "parent": 32,
                                                      "ID": 40,
                                                      "left": 41
                                                    }
                                                  ],
                                                  "parent": 31,
                                                  "ID": 32,
                                                  "left": 33,
                                                  "right": 40
                                                },
                                                {
                                                  "Node Type": "Hash",
                                                  "Parent Relationship": "Inner",
                                                  "Parallel Aware": false,
                                                  "Async Capable": false,
                                                  "Startup Cost": 19.25,
                                                  "Total Cost": 19.25,
                                                  "Plan Rows": 492,
                                                  "Plan Width": 4,
                                                  "Plans": [
                                                    {
                                                      "Node Type": "Seq Scan",
                                                      "Parent Relationship": "Outer",
                                                      "Parallel Aware": false,
                                                      "Async Capable": false,
                                                      "Relation Name": "promotion",
                                                      "Alias": "promotion_1",
                                                      "Startup Cost": 0.0,
                                                      "Total Cost": 19.25,
                                                      "Plan Rows": 492,
                                                      "Plan Width": 4,
                                                      "Filter": "(p_channel_tv = 'N'::bpchar)",
                                                      "parent": 42,
                                                      "ID": 43
                                                    }
                                                  ],
                                                  "parent": 31,
                                                  "ID": 42,
                                                  "left": 43
                                                }
                                              ],
                                              "parent": 30,
                                              "ID": 31,
                                              "left": 32,
                                              "right": 42
                                            },
                                            {
                                              "Node Type": "Hash",
                                              "Parent Relationship": "Inner",
                                              "Parallel Aware": false,
                                              "Async Capable": false,
                                              "Startup Cost": 368.0,
                                              "Total Cost": 368.0,
                                              "Plan Rows": 12000,
                                              "Plan Width": 21,
                                              "Plans": [
                                                {
                                                  "Node Type": "Seq Scan",
                                                  "Parent Relationship": "Outer",
                                                  "Parallel Aware": false,
                                                  "Async Capable": false,
                                                  "Relation Name": "catalog_page",
                                                  "Alias": "catalog_page",
                                                  "Startup Cost": 0.0,
                                                  "Total Cost": 368.0,
                                                  "Plan Rows": 12000,
                                                  "Plan Width": 21,
                                                  "parent": 44,
                                                  "ID": 45
                                                }
                                              ],
                                              "parent": 30,
                                              "ID": 44,
                                              "left": 45
                                            }
                                          ],
                                          "parent": 29,
                                          "ID": 30,
                                          "left": 31,
                                          "right": 44
                                        }
                                      ],
                                      "parent": 28,
                                      "ID": 29,
                                      "left": 30
                                    }
                                  ],
                                  "parent": 27,
                                  "ID": 28,
                                  "left": 29
                                }
                              ],
                              "parent": 26,
                              "ID": 27,
                              "left": 28
                            }
                          ],
                          "parent": 25,
                          "ID": 26,
                          "left": 27
                        }
                      ],
                      "parent": 3,
                      "ID": 25,
                      "left": 26
                    },
                    {
                      "Node Type": "Subquery Scan",
                      "Parent Relationship": "Member",
                      "Parallel Aware": false,
                      "Async Capable": false,
                      "Alias": "wsr",
                      "Startup Cost": 263918.43,
                      "Total Cost": 263926.12,
                      "Plan Rows": 21,
                      "Plan Width": 160,
                      "Plans": [
                        {
                          "Node Type": "Aggregate",
                          "Strategy": "Sorted",
                          "Partial Mode": "Finalize",
                          "Parent Relationship": "Subquery",
                          "Parallel Aware": false,
                          "Async Capable": false,
                          "Startup Cost": 263918.43,
                          "Total Cost": 263925.8,
                          "Plan Rows": 21,
                          "Plan Width": 113,
                          "Group Key": [
                            "web_site.web_site_id"
                          ],
                          "Plans": [
                            {
                              "Node Type": "Gather Merge",
                              "Parent Relationship": "Outer",
                              "Parallel Aware": false,
                              "Async Capable": false,
                              "Startup Cost": 263918.43,
                              "Total Cost": 263924.7,
                              "Plan Rows": 42,
                              "Plan Width": 113,
                              "Workers Planned": 2,
                              "Plans": [
                                {
                                  "Node Type": "Aggregate",
                                  "Strategy": "Sorted",
                                  "Partial Mode": "Partial",
                                  "Parent Relationship": "Outer",
                                  "Parallel Aware": false,
                                  "Async Capable": false,
                                  "Startup Cost": 262918.41,
                                  "Total Cost": 262919.83,
                                  "Plan Rows": 21,
                                  "Plan Width": 113,
                                  "Group Key": [
                                    "web_site.web_site_id"
                                  ],
                                  "Plans": [
                                    {
                                      "Node Type": "Sort",
                                      "Parent Relationship": "Outer",
                                      "Parallel Aware": false,
                                      "Async Capable": false,
                                      "Startup Cost": 262918.41,
                                      "Total Cost": 262918.59,
                                      "Plan Rows": 70,
                                      "Plan Width": 41,
                                      "Sort Key": [
                                        "web_site.web_site_id"
                                      ],
                                      "Plans": [
                                        {
                                          "Node Type": "Hash Join",
                                          "Parent Relationship": "Outer",
                                          "Parallel Aware": false,
                                          "Async Capable": false,
                                          "Join Type": "Inner",
                                          "Startup Cost": 32134.74,
                                          "Total Cost": 262916.27,
                                          "Plan Rows": 70,
                                          "Plan Width": 41,
                                          "Inner Unique": false,
                                          "Hash Cond": "(web_sales.ws_web_site_sk = web_site.web_site_sk)",
                                          "Plans": [
                                            {
                                              "Node Type": "Hash Join",
                                              "Parent Relationship": "Outer",
                                              "Parallel Aware": false,
                                              "Async Capable": false,
                                              "Join Type": "Inner",
                                              "Startup Cost": 32130.8,
                                              "Total Cost": 262911.36,
                                              "Plan Rows": 70,
                                              "Plan Width": 28,
                                              "Inner Unique": false,
                                              "Hash Cond": "(web_sales.ws_promo_sk = promotion_2.p_promo_sk)",
                                              "Plans": [
                                                {
                                                  "Node Type": "Hash Join",
                                                  "Parent Relationship": "Outer",
                                                  "Parallel Aware": true,
                                                  "Async Capable": false,
                                                  "Join Type": "Inner",
                                                  "Startup Cost": 32105.4,
                                                  "Total Cost": 262884.99,
                                                  "Plan Rows": 71,
                                                  "Plan Width": 32,
                                                  "Inner Unique": false,
                                                  "Hash Cond": "(web_sales.ws_item_sk = item_2.i_item_sk)",
                                                  "Plans": [
                                                    {
                                                      "Node Type": "Hash Join",
                                                      "Parent Relationship": "Outer",
                                                      "Parallel Aware": true,
                                                      "Async Capable": false,
                                                      "Join Type": "Left",
                                                      "Startup Cost": 24579.62,
                                                      "Total Cost": 255354.31,
                                                      "Plan Rows": 1231,
                                                      "Plan Width": 36,
                                                      "Inner Unique": false,
                                                      "Hash Cond": "((web_sales.ws_item_sk = web_returns.wr_item_sk) AND (web_sales.ws_order_number = web_returns.wr_order_number))",
                                                      "Plans": [
                                                        {
                                                          "Node Type": "Hash Join",
                                                          "Parent Relationship": "Outer",
                                                          "Parallel Aware": true,
                                                          "Async Capable": false,
                                                          "Join Type": "Inner",
                                                          "Startup Cost": 2049.78,
                                                          "Total Cost": 231041.22,
                                                          "Plan Rows": 1231,
                                                          "Plan Width": 28,
                                                          "Inner Unique": false,
                                                          "Hash Cond": "(web_sales.ws_sold_date_sk = date_dim_2.d_date_sk)",
                                                          "Plans": [
                                                            {
                                                              "Node Type": "Seq Scan",
                                                              "Parent Relationship": "Outer",
                                                              "Parallel Aware": true,
                                                              "Async Capable": false,
                                                              "Relation Name": "web_sales",
                                                              "Alias": "web_sales",
                                                              "Startup Cost": 0.0,
                                                              "Total Cost": 217737.86,
                                                              "Plan Rows": 2998986,
                                                              "Plan Width": 32,
                                                              "parent": 55,
                                                              "ID": 56
                                                            },
                                                            {
                                                              "Node Type": "Hash",
                                                              "Parent Relationship": "Inner",
                                                              "Parallel Aware": true,
                                                              "Async Capable": false,
                                                              "Startup Cost": 2049.55,
                                                              "Total Cost": 2049.55,
                                                              "Plan Rows": 18,
                                                              "Plan Width": 4,
                                                              "Plans": [
                                                                {
                                                                  "Node Type": "Seq Scan",
                                                                  "Parent Relationship": "Outer",
                                                                  "Parallel Aware": true,
                                                                  "Async Capable": false,
                                                                  "Relation Name": "date_dim",
                                                                  "Alias": "date_dim_2",
                                                                  "Startup Cost": 0.0,
                                                                  "Total Cost": 2049.55,
                                                                  "Plan Rows": 18,
                                                                  "Plan Width": 4,
                                                                  "Filter": "((d_date >= '1998-08-19'::date) AND (d_date <= '1998-09-18 00:00:00'::timestamp without time zone))",
                                                                  "parent": 57,
                                                                  "ID": 58
                                                                }
                                                              ],
                                                              "parent": 55,
                                                              "ID": 57,
                                                              "left": 58
                                                            }
                                                          ],
                                                          "parent": 54,
                                                          "ID": 55,
                                                          "left": 56,
                                                          "right": 57
                                                        },
                                                        {
                                                          "Node Type": "Hash",
                                                          "Parent Relationship": "Inner",
                                                          "Parallel Aware": true,
                                                          "Async Capable": false,
                                                          "Startup Cost": 16278.74,
                                                          "Total Cost": 16278.74,
                                                          "Plan Rows": 299674,
                                                          "Plan Width": 20,
                                                          "Plans": [
                                                            {
                                                              "Node Type": "Seq Scan",
                                                              "Parent Relationship": "Outer",
                                                              "Parallel Aware": true,
                                                              "Async Capable": false,
                                                              "Relation Name": "web_returns",
                                                              "Alias": "web_returns",
                                                              "Startup Cost": 0.0,
                                                              "Total Cost": 16278.74,
                                                              "Plan Rows": 299674,
                                                              "Plan Width": 20,
                                                              "parent": 59,
                                                              "ID": 60
                                                            }
                                                          ],
                                                          "parent": 54,
                                                          "ID": 59,
                                                          "left": 60
                                                        }
                                                      ],
                                                      "parent": 53,
                                                      "ID": 54,
                                                      "left": 55,
                                                      "right": 59
                                                    },
                                                    {
                                                      "Node Type": "Hash",
                                                      "Parent Relationship": "Inner",
                                                      "Parallel Aware": true,
                                                      "Async Capable": false,
                                                      "Startup Cost": 7495.25,
                                                      "Total Cost": 7495.25,
                                                      "Plan Rows": 2442,
                                                      "Plan Width": 4,
                                                      "Plans": [
                                                        {
                                                          "Node Type": "Seq Scan",
                                                          "Parent Relationship": "Outer",
                                                          "Parallel Aware": true,
                                                          "Async Capable": false,
                                                          "Relation Name": "item",
                                                          "Alias": "item_2",
                                                          "Startup Cost": 0.0,
                                                          "Total Cost": 7495.25,
                                                          "Plan Rows": 2442,
                                                          "Plan Width": 4,
                                                          "Filter": "(i_current_price > '50'::numeric)",
                                                          "parent": 61,
                                                          "ID": 62
                                                        }
                                                      ],
                                                      "parent": 53,
                                                      "ID": 61,
                                                      "left": 62
                                                    }
                                                  ],
                                                  "parent": 52,
                                                  "ID": 53,
                                                  "left": 54,
                                                  "right": 61
                                                },
                                                {
                                                  "Node Type": "Hash",
                                                  "Parent Relationship": "Inner",
                                                  "Parallel Aware": false,
                                                  "Async Capable": false,
                                                  "Startup Cost": 19.25,
                                                  "Total Cost": 19.25,
                                                  "Plan Rows": 492,
                                                  "Plan Width": 4,
                                                  "Plans": [
                                                    {
                                                      "Node Type": "Seq Scan",
                                                      "Parent Relationship": "Outer",
                                                      "Parallel Aware": false,
                                                      "Async Capable": false,
                                                      "Relation Name": "promotion",
                                                      "Alias": "promotion_2",
                                                      "Startup Cost": 0.0,
                                                      "Total Cost": 19.25,
                                                      "Plan Rows": 492,
                                                      "Plan Width": 4,
                                                      "Filter": "(p_channel_tv = 'N'::bpchar)",
                                                      "parent": 63,
                                                      "ID": 64
                                                    }
                                                  ],
                                                  "parent": 52,
                                                  "ID": 63,
                                                  "left": 64
                                                }
                                              ],
                                              "parent": 51,
                                              "ID": 52,
                                              "left": 53,
                                              "right": 63
                                            },
                                            {
                                              "Node Type": "Hash",
                                              "Parent Relationship": "Inner",
                                              "Parallel Aware": false,
                                              "Async Capable": false,
                                              "Startup Cost": 3.42,
                                              "Total Cost": 3.42,
                                              "Plan Rows": 42,
                                              "Plan Width": 21,
                                              "Plans": [
                                                {
                                                  "Node Type": "Seq Scan",
                                                  "Parent Relationship": "Outer",
                                                  "Parallel Aware": false,
                                                  "Async Capable": false,
                                                  "Relation Name": "web_site",
                                                  "Alias": "web_site",
                                                  "Startup Cost": 0.0,
                                                  "Total Cost": 3.42,
                                                  "Plan Rows": 42,
                                                  "Plan Width": 21,
                                                  "parent": 65,
                                                  "ID": 66
                                                }
                                              ],
                                              "parent": 51,
                                              "ID": 65,
                                              "left": 66
                                            }
                                          ],
                                          "parent": 50,
                                          "ID": 51,
                                          "left": 52,
                                          "right": 65
                                        }
                                      ],
                                      "parent": 49,
                                      "ID": 50,
                                      "left": 51
                                    }
                                  ],
                                  "parent": 48,
                                  "ID": 49,
                                  "left": 50
                                }
                              ],
                              "parent": 47,
                              "ID": 48,
                              "left": 49
                            }
                          ],
                          "parent": 46,
                          "ID": 47,
                          "left": 48
                        }
                      ],
                      "parent": 3,
                      "ID": 46,
                      "left": 47
                    }
                  ],
                  "parent": 2,
                  "ID": 3,
                  "left": 4,
                  "right": 25
                }
              ],
              "parent": 1,
              "ID": 2,
              "left": 3
            }
          ],
          "parent": 0,
          "ID": 1,
          "left": 2
        }
      ],
      "parent": null,
      "ID": 0,
      "left": 1
    },
    "feat": {
      "utility": 0.0,
      "query_shape": [
        [
          "Seq Scan",
          "Hash Join",
          "Sort",
          "Aggregate",
          "Gather Merge",
          "Subquery Scan",
          "Append"
        ],
        [
          "Seq Scan",
          "Hash",
          "Hash Join",
          "Sort",
          "Aggregate",
          "Gather Merge",
          "Subquery Scan",
          "Append"
        ],
        [
          "Seq Scan",
          "Hash",
          "Hash Join",
          "Sort",
          "Aggregate",
          "Gather Merge",
          "Subquery Scan",
          "Append"
        ],
        [
          "Seq Scan",
          "Hash",
          "Hash Join",
          "Sort",
          "Aggregate",
          "Gather Merge",
          "Subquery Scan",
          "Append"
        ],
        [
          "Seq Scan",
          "Hash",
          "Hash Join",
          "Sort",
          "Aggregate",
          "Gather Merge",
          "Subquery Scan",
          "Append"
        ],
        [
          "Seq Scan",
          "Hash",
          "Hash Join",
          "Sort",
          "Aggregate",
          "Gather Merge",
          "Subquery Scan",
          "Append"
        ],
        [
          "Seq Scan",
          "Hash Join",
          "Sort",
          "Aggregate",
          "Gather Merge",
          "Subquery Scan",
          "Append"
        ],
        [
          "Seq Scan",
          "Hash",
          "Hash Join",
          "Sort",
          "Aggregate",
          "Gather Merge",
          "Subquery Scan",
          "Append"
        ],
        [
          "Seq Scan",
          "Hash",
          "Hash Join",
          "Sort",
          "Aggregate",
          "Gather Merge",
          "Subquery Scan",
          "Append"
        ],
        [
          "Seq Scan",
          "Hash",
          "Hash Join",
          "Sort",
          "Aggregate",
          "Gather Merge",
          "Subquery Scan",
          "Append"
        ],
        [
          "Seq Scan",
          "Hash",
          "Hash Join",
          "Sort",
          "Aggregate",
          "Gather Merge",
          "Subquery Scan",
          "Append"
        ],
        [
          "Seq Scan",
          "Hash",
          "Hash Join",
          "Sort",
          "Aggregate",
          "Gather Merge",
          "Subquery Scan",
          "Append"
        ],
        [
          "Seq Scan",
          "Hash Join",
          "Sort",
          "Aggregate",
          "Gather Merge",
          "Subquery Scan",
          "Append"
        ],
        [
          "Seq Scan",
          "Hash",
          "Hash Join",
          "Sort",
          "Aggregate",
          "Gather Merge",
          "Subquery Scan",
          "Append"
        ],
        [
          "Seq Scan",
          "Hash",
          "Hash Join",
          "Sort",
          "Aggregate",
          "Gather Merge",
          "Subquery Scan",
          "Append"
        ],
        [
          "Seq Scan",
          "Hash",
          "Hash Join",
          "Sort",
          "Aggregate",
          "Gather Merge",
          "Subquery Scan",
          "Append"
        ],
        [
          "Seq Scan",
          "Hash",
          "Hash Join",
          "Sort",
          "Aggregate",
          "Gather Merge",
          "Subquery Scan",
          "Append"
        ],
        [
          "Seq Scan",
          "Hash",
          "Hash Join",
          "Sort",
          "Aggregate",
          "Gather Merge",
          "Subquery Scan",
          "Append"
        ]
      ],
      "index_shape": [],
      "physical_operator": {}
    }
  },
  {
    "query": "with ssr as\n (select  s_store_id as store_id,\n          sum(ss_ext_sales_price) as sales,\n          sum(coalesce(sr_return_amt, 0)) as returns,\n          sum(ss_net_profit - coalesce(sr_net_loss, 0)) as profit\n  from store_sales left outer join store_returns on\n         (ss_item_sk = sr_item_sk and ss_ticket_number = sr_ticket_number),\n     date_dim,\n     store,\n     item,\n     promotion\n where ss_sold_date_sk = d_date_sk\n       and d_date between cast('1998-08-19' as date) \n                  and (cast('1998-08-19' as date) +  interval '30 days')\n       and ss_store_sk = s_store_sk\n       and ss_item_sk = i_item_sk\n       and i_current_price > 50\n       and ss_promo_sk = p_promo_sk\n       and p_channel_tv = 'N'\n group by s_store_id)\n ,\n csr as\n (select  cp_catalog_page_id as catalog_page_id,\n          sum(cs_ext_sales_price) as sales,\n          sum(coalesce(cr_return_amount, 0)) as returns,\n          sum(cs_net_profit - coalesce(cr_net_loss, 0)) as profit\n  from catalog_sales left outer join catalog_returns on\n         (cs_item_sk = cr_item_sk and cs_order_number = cr_order_number),\n     date_dim,\n     catalog_page,\n     item,\n     promotion\n where cs_sold_date_sk = d_date_sk\n       and d_date between cast('1998-08-19' as date)\n                  and (cast('1998-08-19' as date) +  interval '30 days')\n        and cs_catalog_page_sk = cp_catalog_page_sk\n       and cs_item_sk = i_item_sk\n       and i_current_price > 50\n       and cs_promo_sk = p_promo_sk\n       and p_channel_tv = 'N'\ngroup by cp_catalog_page_id)\n ,\n wsr as\n (select  web_site_id,\n          sum(ws_ext_sales_price) as sales,\n          sum(coalesce(wr_return_amt, 0)) as returns,\n          sum(ws_net_profit - coalesce(wr_net_loss, 0)) as profit\n  from web_sales left outer join web_returns on\n         (ws_item_sk = wr_item_sk and ws_order_number = wr_order_number),\n     date_dim,\n     web_site,\n     item,\n     promotion\n where ws_sold_date_sk = d_date_sk\n       and d_date between cast('1998-08-19' as date)\n                  and (cast('1998-08-19' as date) +  interval '30 days')\n        and ws_web_site_sk = web_site_sk\n       and ws_item_sk = i_item_sk\n       and i_current_price > 50\n       and ws_promo_sk = p_promo_sk\n       and p_channel_tv = 'N'\ngroup by web_site_id)\n  select  channel\n        , id\n        , sum(sales) as sales\n        , sum(returns) as returns\n        , sum(profit) as profit\n from \n (select 'store channel' as channel\n        , 'store' || store_id as id\n        , sales\n        , returns\n        , profit\n from   ssr\n union all\n select 'catalog channel' as channel\n        , 'catalog_page' || catalog_page_id as id\n        , sales\n        , returns\n        , profit\n from  csr\n union all\n select 'web channel' as channel\n        , 'web_site' || web_site_id as id\n        , sales\n        , returns\n        , profit\n from   wsr\n ) x\n group by rollup (channel, id)\n order by channel\n         ,id\n limit 100;\n\n-- end query 61 in stream 0 using template query80.tpl\n",
    "indexes": "store_sales.ss_net_profit",
    "wo plan est": {
      "Node Type": "Limit",
      "Parallel Aware": false,
      "Async Capable": false,
      "Startup Cost": 1566782.76,
      "Total Cost": 1566786.01,
      "Plan Rows": 100,
      "Plan Width": 160,
      "Plans": [
        {
          "Node Type": "Aggregate",
          "Strategy": "Sorted",
          "Partial Mode": "Simple",
          "Parent Relationship": "Outer",
          "Parallel Aware": false,
          "Async Capable": false,
          "Startup Cost": 1566782.76,
          "Total Cost": 1566795.8,
          "Plan Rows": 401,
          "Plan Width": 160,
          "Grouping Sets": [
            {
              "Group Keys": [
                [
                  "('store channel'::text)",
                  "(('store'::text || (ssr.store_id)::text))"
                ],
                [
                  "('store channel'::text)"
                ],
                []
              ]
            }
          ],
          "Plans": [
            {
              "Node Type": "Sort",
              "Parent Relationship": "Outer",
              "Parallel Aware": false,
              "Async Capable": false,
              "Startup Cost": 1566782.76,
              "Total Cost": 1566783.77,
              "Plan Rows": 401,
              "Plan Width": 160,
              "Sort Key": [
                "('store channel'::text)",
                "(('store'::text || (ssr.store_id)::text))"
              ],
              "Plans": [
                {
                  "Node Type": "Append",
                  "Parent Relationship": "Outer",
                  "Parallel Aware": false,
                  "Async Capable": false,
                  "Startup Cost": 784591.9,
                  "Total Cost": 1566765.43,
                  "Plan Rows": 401,
                  "Plan Width": 160,
                  "Subplans Removed": 0,
                  "Plans": [
                    {
                      "Node Type": "Subquery Scan",
                      "Parent Relationship": "Member",
                      "Parallel Aware": false,
                      "Async Capable": false,
                      "Alias": "ssr",
                      "Startup Cost": 784591.9,
                      "Total Cost": 784611.64,
                      "Plan Rows": 51,
                      "Plan Width": 160,
                      "Plans": [
                        {
                          "Node Type": "Aggregate",
                          "Strategy": "Sorted",
                          "Partial Mode": "Finalize",
                          "Parent Relationship": "Subquery",
                          "Parallel Aware": false,
                          "Async Capable": false,
                          "Startup Cost": 784591.9,
                          "Total Cost": 784610.87,
                          "Plan Rows": 51,
                          "Plan Width": 113,
                          "Group Key": [
                            "store.s_store_id"
                          ],
                          "Plans": [
                            {
                              "Node Type": "Gather Merge",
                              "Parent Relationship": "Outer",
                              "Parallel Aware": false,
                              "Async Capable": false,
                              "Startup Cost": 784591.9,
                              "Total Cost": 784608.2,
                              "Plan Rows": 102,
                              "Plan Width": 113,
                              "Workers Planned": 2,
                              "Plans": [
                                {
                                  "Node Type": "Aggregate",
                                  "Strategy": "Sorted",
                                  "Partial Mode": "Partial",
                                  "Parent Relationship": "Outer",
                                  "Parallel Aware": false,
                                  "Async Capable": false,
                                  "Startup Cost": 783591.88,
                                  "Total Cost": 783596.4,
                                  "Plan Rows": 51,
                                  "Plan Width": 113,
                                  "Group Key": [
                                    "store.s_store_id"
                                  ],
                                  "Plans": [
                                    {
                                      "Node Type": "Sort",
                                      "Parent Relationship": "Outer",
                                      "Parallel Aware": false,
                                      "Async Capable": false,
                                      "Startup Cost": 783591.88,
                                      "Total Cost": 783592.48,
                                      "Plan Rows": 242,
                                      "Plan Width": 41,
                                      "Sort Key": [
                                        "store.s_store_id"
                                      ],
                                      "Plans": [
                                        {
                                          "Node Type": "Hash Join",
                                          "Parent Relationship": "Outer",
                                          "Parallel Aware": false,
                                          "Async Capable": false,
                                          "Join Type": "Inner",
                                          "Startup Cost": 94489.35,
                                          "Total Cost": 783582.3,
                                          "Plan Rows": 242,
                                          "Plan Width": 41,
                                          "Inner Unique": false,
                                          "Hash Cond": "(store_sales.ss_store_sk = store.s_store_sk)",
                                          "Plans": [
                                            {
                                              "Node Type": "Hash Join",
                                              "Parent Relationship": "Outer",
                                              "Parallel Aware": false,
                                              "Async Capable": false,
                                              "Join Type": "Inner",
                                              "Startup Cost": 94482.05,
                                              "Total Cost": 783571.63,
                                              "Plan Rows": 254,
                                              "Plan Width": 28,
                                              "Inner Unique": false,
                                              "Hash Cond": "(store_sales.ss_promo_sk = promotion.p_promo_sk)",
                                              "Plans": [
                                                {
                                                  "Node Type": "Hash Join",
                                                  "Parent Relationship": "Outer",
                                                  "Parallel Aware": true,
                                                  "Async Capable": false,
                                                  "Join Type": "Inner",
                                                  "Startup Cost": 94456.65,
                                                  "Total Cost": 783542.68,
                                                  "Plan Rows": 270,
                                                  "Plan Width": 32,
                                                  "Inner Unique": false,
                                                  "Hash Cond": "(store_sales.ss_item_sk = item.i_item_sk)",
                                                  "Plans": [
                                                    {
                                                      "Node Type": "Hash Join",
                                                      "Parent Relationship": "Outer",
                                                      "Parallel Aware": true,
                                                      "Async Capable": false,
                                                      "Join Type": "Left",
                                                      "Startup Cost": 86930.88,
                                                      "Total Cost": 775998.13,
                                                      "Plan Rows": 4703,
                                                      "Plan Width": 36,
                                                      "Inner Unique": false,
                                                      "Hash Cond": "((store_sales.ss_item_sk = store_returns.sr_item_sk) AND (store_sales.ss_ticket_number = store_returns.sr_ticket_number))",
                                                      "Plans": [
                                                        {
                                                          "Node Type": "Hash Join",
                                                          "Parent Relationship": "Outer",
                                                          "Parallel Aware": true,
                                                          "Async Capable": false,
                                                          "Join Type": "Inner",
                                                          "Startup Cost": 2049.78,
                                                          "Total Cost": 683994.75,
                                                          "Plan Rows": 4703,
                                                          "Plan Width": 28,
                                                          "Inner Unique": false,
                                                          "Hash Cond": "(store_sales.ss_sold_date_sk = date_dim.d_date_sk)",
                                                          "Plans": [
                                                            {
                                                              "Node Type": "Seq Scan",
                                                              "Parent Relationship": "Outer",
                                                              "Parallel Aware": true,
                                                              "Async Capable": false,
                                                              "Relation Name": "store_sales",
                                                              "Alias": "store_sales",
                                                              "Startup Cost": 0.0,
                                                              "Total Cost": 636914.37,
                                                              "Plan Rows": 12000637,
                                                              "Plan Width": 32,
                                                              "parent": 13,
                                                              "ID": 14
                                                            },
                                                            {
                                                              "Node Type": "Hash",
                                                              "Parent Relationship": "Inner",
                                                              "Parallel Aware": true,
                                                              "Async Capable": false,
                                                              "Startup Cost": 2049.55,
                                                              "Total Cost": 2049.55,
                                                              "Plan Rows": 18,
                                                              "Plan Width": 4,
                                                              "Plans": [
                                                                {
                                                                  "Node Type": "Seq Scan",
                                                                  "Parent Relationship": "Outer",
                                                                  "Parallel Aware": true,
                                                                  "Async Capable": false,
                                                                  "Relation Name": "date_dim",
                                                                  "Alias": "date_dim",
                                                                  "Startup Cost": 0.0,
                                                                  "Total Cost": 2049.55,
                                                                  "Plan Rows": 18,
                                                                  "Plan Width": 4,
                                                                  "Filter": "((d_date >= '1998-08-19'::date) AND (d_date <= '1998-09-18 00:00:00'::timestamp without time zone))",
                                                                  "parent": 15,
                                                                  "ID": 16
                                                                }
                                                              ],
                                                              "parent": 13,
                                                              "ID": 15,
                                                              "left": 16
                                                            }
                                                          ],
                                                          "parent": 12,
                                                          "ID": 13,
                                                          "left": 14,
                                                          "right": 15
                                                        },
                                                        {
                                                          "Node Type": "Hash",
                                                          "Parent Relationship": "Inner",
                                                          "Parallel Aware": true,
                                                          "Async Capable": false,
                                                          "Startup Cost": 59887.64,
                                                          "Total Cost": 59887.64,
                                                          "Plan Rows": 1198164,
                                                          "Plan Width": 20,
                                                          "Plans": [
                                                            {
                                                              "Node Type": "Seq Scan",
                                                              "Parent Relationship": "Outer",
                                                              "Parallel Aware": true,
                                                              "Async Capable": false,
                                                              "Relation Name": "store_returns",
                                                              "Alias": "store_returns",
                                                              "Startup Cost": 0.0,
                                                              "Total Cost": 59887.64,
                                                              "Plan Rows": 1198164,
                                                              "Plan Width": 20,
                                                              "parent": 17,
                                                              "ID": 18
                                                            }
                                                          ],
                                                          "parent": 12,
                                                          "ID": 17,
                                                          "left": 18
                                                        }
                                                      ],
                                                      "parent": 11,
                                                      "ID": 12,
                                                      "left": 13,
                                                      "right": 17
                                                    },
                                                    {
                                                      "Node Type": "Hash",
                                                      "Parent Relationship": "Inner",
                                                      "Parallel Aware": true,
                                                      "Async Capable": false,
                                                      "Startup Cost": 7495.25,
                                                      "Total Cost": 7495.25,
                                                      "Plan Rows": 2442,
                                                      "Plan Width": 4,
                                                      "Plans": [
                                                        {
                                                          "Node Type": "Seq Scan",
                                                          "Parent Relationship": "Outer",
                                                          "Parallel Aware": true,
                                                          "Async Capable": false,
                                                          "Relation Name": "item",
                                                          "Alias": "item",
                                                          "Startup Cost": 0.0,
                                                          "Total Cost": 7495.25,
                                                          "Plan Rows": 2442,
                                                          "Plan Width": 4,
                                                          "Filter": "(i_current_price > '50'::numeric)",
                                                          "parent": 19,
                                                          "ID": 20
                                                        }
                                                      ],
                                                      "parent": 11,
                                                      "ID": 19,
                                                      "left": 20
                                                    }
                                                  ],
                                                  "parent": 10,
                                                  "ID": 11,
                                                  "left": 12,
                                                  "right": 19
                                                },
                                                {
                                                  "Node Type": "Hash",
                                                  "Parent Relationship": "Inner",
                                                  "Parallel Aware": false,
                                                  "Async Capable": false,
                                                  "Startup Cost": 19.25,
                                                  "Total Cost": 19.25,
                                                  "Plan Rows": 492,
                                                  "Plan Width": 4,
                                                  "Plans": [
                                                    {
                                                      "Node Type": "Seq Scan",
                                                      "Parent Relationship": "Outer",
                                                      "Parallel Aware": false,
                                                      "Async Capable": false,
                                                      "Relation Name": "promotion",
                                                      "Alias": "promotion",
                                                      "Startup Cost": 0.0,
                                                      "Total Cost": 19.25,
                                                      "Plan Rows": 492,
                                                      "Plan Width": 4,
                                                      "Filter": "(p_channel_tv = 'N'::bpchar)",
                                                      "parent": 21,
                                                      "ID": 22
                                                    }
                                                  ],
                                                  "parent": 10,
                                                  "ID": 21,
                                                  "left": 22
                                                }
                                              ],
                                              "parent": 9,
                                              "ID": 10,
                                              "left": 11,
                                              "right": 21
                                            },
                                            {
                                              "Node Type": "Hash",
                                              "Parent Relationship": "Inner",
                                              "Parallel Aware": false,
                                              "Async Capable": false,
                                              "Startup Cost": 6.02,
                                              "Total Cost": 6.02,
                                              "Plan Rows": 102,
                                              "Plan Width": 21,
                                              "Plans": [
                                                {
                                                  "Node Type": "Seq Scan",
                                                  "Parent Relationship": "Outer",
                                                  "Parallel Aware": false,
                                                  "Async Capable": false,
                                                  "Relation Name": "store",
                                                  "Alias": "store",
                                                  "Startup Cost": 0.0,
                                                  "Total Cost": 6.02,
                                                  "Plan Rows": 102,
                                                  "Plan Width": 21,
                                                  "parent": 23,
                                                  "ID": 24
                                                }
                                              ],
                                              "parent": 9,
                                              "ID": 23,
                                              "left": 24
                                            }
                                          ],
                                          "parent": 8,
                                          "ID": 9,
                                          "left": 10,
                                          "right": 23
                                        }
                                      ],
                                      "parent": 7,
                                      "ID": 8,
                                      "left": 9
                                    }
                                  ],
                                  "parent": 6,
                                  "ID": 7,
                                  "left": 8
                                }
                              ],
                              "parent": 5,
                              "ID": 6,
                              "left": 7
                            }
                          ],
                          "parent": 4,
                          "ID": 5,
                          "left": 6
                        }
                      ],
                      "parent": 3,
                      "ID": 4,
                      "left": 5
                    },
                    {
                      "Node Type": "Subquery Scan",
                      "Parent Relationship": "Member",
                      "Parallel Aware": false,
                      "Async Capable": false,
                      "Alias": "csr",
                      "Startup Cost": 518174.1,
                      "Total Cost": 518225.66,
                      "Plan Rows": 329,
                      "Plan Width": 160,
                      "Plans": [
                        {
                          "Node Type": "Aggregate",
                          "Strategy": "Sorted",
                          "Partial Mode": "Finalize",
                          "Parent Relationship": "Subquery",
                          "Parallel Aware": false,
                          "Async Capable": false,
                          "Startup Cost": 518174.1,
                          "Total Cost": 518220.73,
                          "Plan Rows": 329,
                          "Plan Width": 113,
                          "Group Key": [
                            "catalog_page.cp_catalog_page_id"
                          ],
                          "Plans": [
                            {
                              "Node Type": "Gather Merge",
                              "Parent Relationship": "Outer",
                              "Parallel Aware": false,
                              "Async Capable": false,
                              "Startup Cost": 518174.1,
                              "Total Cost": 518210.18,
                              "Plan Rows": 274,
                              "Plan Width": 113,
                              "Workers Planned": 2,
                              "Plans": [
                                {
                                  "Node Type": "Aggregate",
                                  "Strategy": "Sorted",
                                  "Partial Mode": "Partial",
                                  "Parent Relationship": "Outer",
                                  "Parallel Aware": false,
                                  "Async Capable": false,
                                  "Startup Cost": 517174.07,
                                  "Total Cost": 517178.53,
                                  "Plan Rows": 137,
                                  "Plan Width": 113,
                                  "Group Key": [
                                    "catalog_page.cp_catalog_page_id"
                                  ],
                                  "Plans": [
                                    {
                                      "Node Type": "Sort",
                                      "Parent Relationship": "Outer",
                                      "Parallel Aware": false,
                                      "Async Capable": false,
                                      "Startup Cost": 517174.07,
                                      "Total Cost": 517174.42,
                                      "Plan Rows": 137,
                                      "Plan Width": 41,
                                      "Sort Key": [
                                        "catalog_page.cp_catalog_page_id"
                                      ],
                                      "Plans": [
                                        {
                                          "Node Type": "Hash Join",
                                          "Parent Relationship": "Outer",
                                          "Parallel Aware": false,
                                          "Async Capable": false,
                                          "Join Type": "Inner",
                                          "Startup Cost": 57382.33,
                                          "Total Cost": 517169.21,
                                          "Plan Rows": 137,
                                          "Plan Width": 41,
                                          "Inner Unique": false,
                                          "Hash Cond": "(catalog_sales.cs_catalog_page_sk = catalog_page.cp_catalog_page_sk)",
                                          "Plans": [
                                            {
                                              "Node Type": "Hash Join",
                                              "Parent Relationship": "Outer",
                                              "Parallel Aware": false,
                                              "Async Capable": false,
                                              "Join Type": "Inner",
                                              "Startup Cost": 56864.33,
                                              "Total Cost": 516649.32,
                                              "Plan Rows": 138,
                                              "Plan Width": 28,
                                              "Inner Unique": false,
                                              "Hash Cond": "(catalog_sales.cs_promo_sk = promotion_1.p_promo_sk)",
                                              "Plans": [
                                                {
                                                  "Node Type": "Hash Join",
                                                  "Parent Relationship": "Outer",
                                                  "Parallel Aware": true,
                                                  "Async Capable": false,
                                                  "Join Type": "Inner",
                                                  "Startup Cost": 56838.93,
                                                  "Total Cost": 516622.01,
                                                  "Plan Rows": 141,
                                                  "Plan Width": 32,
                                                  "Inner Unique": false,
                                                  "Hash Cond": "(catalog_sales.cs_item_sk = item_1.i_item_sk)",
                                                  "Plans": [
                                                    {
                                                      "Node Type": "Hash Join",
                                                      "Parent Relationship": "Outer",
                                                      "Parallel Aware": true,
                                                      "Async Capable": false,
                                                      "Join Type": "Left",
                                                      "Startup Cost": 49313.15,
                                                      "Total Cost": 509086.46,
                                                      "Plan Rows": 2450,
                                                      "Plan Width": 36,
                                                      "Inner Unique": false,
                                                      "Hash Cond": "((catalog_sales.cs_item_sk = catalog_returns.cr_item_sk) AND (catalog_sales.cs_order_number = catalog_returns.cr_order_number))",
                                                      "Plans": [
                                                        {
                                                          "Node Type": "Hash Join",
                                                          "Parent Relationship": "Outer",
                                                          "Parallel Aware": true,
                                                          "Async Capable": false,
                                                          "Join Type": "Inner",
                                                          "Startup Cost": 2049.78,
                                                          "Total Cost": 458254.7,
                                                          "Plan Rows": 2450,
                                                          "Plan Width": 28,
                                                          "Inner Unique": false,
                                                          "Hash Cond": "(catalog_sales.cs_sold_date_sk = date_dim_1.d_date_sk)",
                                                          "Plans": [
                                                            {
                                                              "Node Type": "Seq Scan",
                                                              "Parent Relationship": "Outer",
                                                              "Parallel Aware": true,
                                                              "Async Capable": false,
                                                              "Relation Name": "catalog_sales",
                                                              "Alias": "catalog_sales",
                                                              "Startup Cost": 0.0,
                                                              "Total Cost": 433688.25,
                                                              "Plan Rows": 6000525,
                                                              "Plan Width": 32,
                                                              "parent": 34,
                                                              "ID": 35
                                                            },
                                                            {
                                                              "Node Type": "Hash",
                                                              "Parent Relationship": "Inner",
                                                              "Parallel Aware": true,
                                                              "Async Capable": false,
                                                              "Startup Cost": 2049.55,
                                                              "Total Cost": 2049.55,
                                                              "Plan Rows": 18,
                                                              "Plan Width": 4,
                                                              "Plans": [
                                                                {
                                                                  "Node Type": "Seq Scan",
                                                                  "Parent Relationship": "Outer",
                                                                  "Parallel Aware": true,
                                                                  "Async Capable": false,
                                                                  "Relation Name": "date_dim",
                                                                  "Alias": "date_dim_1",
                                                                  "Startup Cost": 0.0,
                                                                  "Total Cost": 2049.55,
                                                                  "Plan Rows": 18,
                                                                  "Plan Width": 4,
                                                                  "Filter": "((d_date >= '1998-08-19'::date) AND (d_date <= '1998-09-18 00:00:00'::timestamp without time zone))",
                                                                  "parent": 36,
                                                                  "ID": 37
                                                                }
                                                              ],
                                                              "parent": 34,
                                                              "ID": 36,
                                                              "left": 37
                                                            }
                                                          ],
                                                          "parent": 33,
                                                          "ID": 34,
                                                          "left": 35,
                                                          "right": 36
                                                        },
                                                        {
                                                          "Node Type": "Hash",
                                                          "Parent Relationship": "Inner",
                                                          "Parallel Aware": true,
                                                          "Async Capable": false,
                                                          "Startup Cost": 34748.95,
                                                          "Total Cost": 34748.95,
                                                          "Plan Rows": 599895,
                                                          "Plan Width": 20,
                                                          "Plans": [
                                                            {
                                                              "Node Type": "Seq Scan",
                                                              "Parent Relationship": "Outer",
                                                              "Parallel Aware": true,
                                                              "Async Capable": false,
                                                              "Relation Name": "catalog_returns",
                                                              "Alias": "catalog_returns",
                                                              "Startup Cost": 0.0,
                                                              "Total Cost": 34748.95,
                                                              "Plan Rows": 599895,
                                                              "Plan Width": 20,
                                                              "parent": 38,
                                                              "ID": 39
                                                            }
                                                          ],
                                                          "parent": 33,
                                                          "ID": 38,
                                                          "left": 39
                                                        }
                                                      ],
                                                      "parent": 32,
                                                      "ID": 33,
                                                      "left": 34,
                                                      "right": 38
                                                    },
                                                    {
                                                      "Node Type": "Hash",
                                                      "Parent Relationship": "Inner",
                                                      "Parallel Aware": true,
                                                      "Async Capable": false,
                                                      "Startup Cost": 7495.25,
                                                      "Total Cost": 7495.25,
                                                      "Plan Rows": 2442,
                                                      "Plan Width": 4,
                                                      "Plans": [
                                                        {
                                                          "Node Type": "Seq Scan",
                                                          "Parent Relationship": "Outer",
                                                          "Parallel Aware": true,
                                                          "Async Capable": false,
                                                          "Relation Name": "item",
                                                          "Alias": "item_1",
                                                          "Startup Cost": 0.0,
                                                          "Total Cost": 7495.25,
                                                          "Plan Rows": 2442,
                                                          "Plan Width": 4,
                                                          "Filter": "(i_current_price > '50'::numeric)",
                                                          "parent": 40,
                                                          "ID": 41
                                                        }
                                                      ],
                                                      "parent": 32,
                                                      "ID": 40,
                                                      "left": 41
                                                    }
                                                  ],
                                                  "parent": 31,
                                                  "ID": 32,
                                                  "left": 33,
                                                  "right": 40
                                                },
                                                {
                                                  "Node Type": "Hash",
                                                  "Parent Relationship": "Inner",
                                                  "Parallel Aware": false,
                                                  "Async Capable": false,
                                                  "Startup Cost": 19.25,
                                                  "Total Cost": 19.25,
                                                  "Plan Rows": 492,
                                                  "Plan Width": 4,
                                                  "Plans": [
                                                    {
                                                      "Node Type": "Seq Scan",
                                                      "Parent Relationship": "Outer",
                                                      "Parallel Aware": false,
                                                      "Async Capable": false,
                                                      "Relation Name": "promotion",
                                                      "Alias": "promotion_1",
                                                      "Startup Cost": 0.0,
                                                      "Total Cost": 19.25,
                                                      "Plan Rows": 492,
                                                      "Plan Width": 4,
                                                      "Filter": "(p_channel_tv = 'N'::bpchar)",
                                                      "parent": 42,
                                                      "ID": 43
                                                    }
                                                  ],
                                                  "parent": 31,
                                                  "ID": 42,
                                                  "left": 43
                                                }
                                              ],
                                              "parent": 30,
                                              "ID": 31,
                                              "left": 32,
                                              "right": 42
                                            },
                                            {
                                              "Node Type": "Hash",
                                              "Parent Relationship": "Inner",
                                              "Parallel Aware": false,
                                              "Async Capable": false,
                                              "Startup Cost": 368.0,
                                              "Total Cost": 368.0,
                                              "Plan Rows": 12000,
                                              "Plan Width": 21,
                                              "Plans": [
                                                {
                                                  "Node Type": "Seq Scan",
                                                  "Parent Relationship": "Outer",
                                                  "Parallel Aware": false,
                                                  "Async Capable": false,
                                                  "Relation Name": "catalog_page",
                                                  "Alias": "catalog_page",
                                                  "Startup Cost": 0.0,
                                                  "Total Cost": 368.0,
                                                  "Plan Rows": 12000,
                                                  "Plan Width": 21,
                                                  "parent": 44,
                                                  "ID": 45
                                                }
                                              ],
                                              "parent": 30,
                                              "ID": 44,
                                              "left": 45
                                            }
                                          ],
                                          "parent": 29,
                                          "ID": 30,
                                          "left": 31,
                                          "right": 44
                                        }
                                      ],
                                      "parent": 28,
                                      "ID": 29,
                                      "left": 30
                                    }
                                  ],
                                  "parent": 27,
                                  "ID": 28,
                                  "left": 29
                                }
                              ],
                              "parent": 26,
                              "ID": 27,
                              "left": 28
                            }
                          ],
                          "parent": 25,
                          "ID": 26,
                          "left": 27
                        }
                      ],
                      "parent": 3,
                      "ID": 25,
                      "left": 26
                    },
                    {
                      "Node Type": "Subquery Scan",
                      "Parent Relationship": "Member",
                      "Parallel Aware": false,
                      "Async Capable": false,
                      "Alias": "wsr",
                      "Startup Cost": 263918.43,
                      "Total Cost": 263926.12,
                      "Plan Rows": 21,
                      "Plan Width": 160,
                      "Plans": [
                        {
                          "Node Type": "Aggregate",
                          "Strategy": "Sorted",
                          "Partial Mode": "Finalize",
                          "Parent Relationship": "Subquery",
                          "Parallel Aware": false,
                          "Async Capable": false,
                          "Startup Cost": 263918.43,
                          "Total Cost": 263925.8,
                          "Plan Rows": 21,
                          "Plan Width": 113,
                          "Group Key": [
                            "web_site.web_site_id"
                          ],
                          "Plans": [
                            {
                              "Node Type": "Gather Merge",
                              "Parent Relationship": "Outer",
                              "Parallel Aware": false,
                              "Async Capable": false,
                              "Startup Cost": 263918.43,
                              "Total Cost": 263924.7,
                              "Plan Rows": 42,
                              "Plan Width": 113,
                              "Workers Planned": 2,
                              "Plans": [
                                {
                                  "Node Type": "Aggregate",
                                  "Strategy": "Sorted",
                                  "Partial Mode": "Partial",
                                  "Parent Relationship": "Outer",
                                  "Parallel Aware": false,
                                  "Async Capable": false,
                                  "Startup Cost": 262918.41,
                                  "Total Cost": 262919.83,
                                  "Plan Rows": 21,
                                  "Plan Width": 113,
                                  "Group Key": [
                                    "web_site.web_site_id"
                                  ],
                                  "Plans": [
                                    {
                                      "Node Type": "Sort",
                                      "Parent Relationship": "Outer",
                                      "Parallel Aware": false,
                                      "Async Capable": false,
                                      "Startup Cost": 262918.41,
                                      "Total Cost": 262918.59,
                                      "Plan Rows": 70,
                                      "Plan Width": 41,
                                      "Sort Key": [
                                        "web_site.web_site_id"
                                      ],
                                      "Plans": [
                                        {
                                          "Node Type": "Hash Join",
                                          "Parent Relationship": "Outer",
                                          "Parallel Aware": false,
                                          "Async Capable": false,
                                          "Join Type": "Inner",
                                          "Startup Cost": 32134.74,
                                          "Total Cost": 262916.27,
                                          "Plan Rows": 70,
                                          "Plan Width": 41,
                                          "Inner Unique": false,
                                          "Hash Cond": "(web_sales.ws_web_site_sk = web_site.web_site_sk)",
                                          "Plans": [
                                            {
                                              "Node Type": "Hash Join",
                                              "Parent Relationship": "Outer",
                                              "Parallel Aware": false,
                                              "Async Capable": false,
                                              "Join Type": "Inner",
                                              "Startup Cost": 32130.8,
                                              "Total Cost": 262911.36,
                                              "Plan Rows": 70,
                                              "Plan Width": 28,
                                              "Inner Unique": false,
                                              "Hash Cond": "(web_sales.ws_promo_sk = promotion_2.p_promo_sk)",
                                              "Plans": [
                                                {
                                                  "Node Type": "Hash Join",
                                                  "Parent Relationship": "Outer",
                                                  "Parallel Aware": true,
                                                  "Async Capable": false,
                                                  "Join Type": "Inner",
                                                  "Startup Cost": 32105.4,
                                                  "Total Cost": 262884.99,
                                                  "Plan Rows": 71,
                                                  "Plan Width": 32,
                                                  "Inner Unique": false,
                                                  "Hash Cond": "(web_sales.ws_item_sk = item_2.i_item_sk)",
                                                  "Plans": [
                                                    {
                                                      "Node Type": "Hash Join",
                                                      "Parent Relationship": "Outer",
                                                      "Parallel Aware": true,
                                                      "Async Capable": false,
                                                      "Join Type": "Left",
                                                      "Startup Cost": 24579.62,
                                                      "Total Cost": 255354.31,
                                                      "Plan Rows": 1231,
                                                      "Plan Width": 36,
                                                      "Inner Unique": false,
                                                      "Hash Cond": "((web_sales.ws_item_sk = web_returns.wr_item_sk) AND (web_sales.ws_order_number = web_returns.wr_order_number))",
                                                      "Plans": [
                                                        {
                                                          "Node Type": "Hash Join",
                                                          "Parent Relationship": "Outer",
                                                          "Parallel Aware": true,
                                                          "Async Capable": false,
                                                          "Join Type": "Inner",
                                                          "Startup Cost": 2049.78,
                                                          "Total Cost": 231041.22,
                                                          "Plan Rows": 1231,
                                                          "Plan Width": 28,
                                                          "Inner Unique": false,
                                                          "Hash Cond": "(web_sales.ws_sold_date_sk = date_dim_2.d_date_sk)",
                                                          "Plans": [
                                                            {
                                                              "Node Type": "Seq Scan",
                                                              "Parent Relationship": "Outer",
                                                              "Parallel Aware": true,
                                                              "Async Capable": false,
                                                              "Relation Name": "web_sales",
                                                              "Alias": "web_sales",
                                                              "Startup Cost": 0.0,
                                                              "Total Cost": 217737.86,
                                                              "Plan Rows": 2998986,
                                                              "Plan Width": 32,
                                                              "parent": 55,
                                                              "ID": 56
                                                            },
                                                            {
                                                              "Node Type": "Hash",
                                                              "Parent Relationship": "Inner",
                                                              "Parallel Aware": true,
                                                              "Async Capable": false,
                                                              "Startup Cost": 2049.55,
                                                              "Total Cost": 2049.55,
                                                              "Plan Rows": 18,
                                                              "Plan Width": 4,
                                                              "Plans": [
                                                                {
                                                                  "Node Type": "Seq Scan",
                                                                  "Parent Relationship": "Outer",
                                                                  "Parallel Aware": true,
                                                                  "Async Capable": false,
                                                                  "Relation Name": "date_dim",
                                                                  "Alias": "date_dim_2",
                                                                  "Startup Cost": 0.0,
                                                                  "Total Cost": 2049.55,
                                                                  "Plan Rows": 18,
                                                                  "Plan Width": 4,
                                                                  "Filter": "((d_date >= '1998-08-19'::date) AND (d_date <= '1998-09-18 00:00:00'::timestamp without time zone))",
                                                                  "parent": 57,
                                                                  "ID": 58
                                                                }
                                                              ],
                                                              "parent": 55,
                                                              "ID": 57,
                                                              "left": 58
                                                            }
                                                          ],
                                                          "parent": 54,
                                                          "ID": 55,
                                                          "left": 56,
                                                          "right": 57
                                                        },
                                                        {
                                                          "Node Type": "Hash",
                                                          "Parent Relationship": "Inner",
                                                          "Parallel Aware": true,
                                                          "Async Capable": false,
                                                          "Startup Cost": 16278.74,
                                                          "Total Cost": 16278.74,
                                                          "Plan Rows": 299674,
                                                          "Plan Width": 20,
                                                          "Plans": [
                                                            {
                                                              "Node Type": "Seq Scan",
                                                              "Parent Relationship": "Outer",
                                                              "Parallel Aware": true,
                                                              "Async Capable": false,
                                                              "Relation Name": "web_returns",
                                                              "Alias": "web_returns",
                                                              "Startup Cost": 0.0,
                                                              "Total Cost": 16278.74,
                                                              "Plan Rows": 299674,
                                                              "Plan Width": 20,
                                                              "parent": 59,
                                                              "ID": 60
                                                            }
                                                          ],
                                                          "parent": 54,
                                                          "ID": 59,
                                                          "left": 60
                                                        }
                                                      ],
                                                      "parent": 53,
                                                      "ID": 54,
                                                      "left": 55,
                                                      "right": 59
                                                    },
                                                    {
                                                      "Node Type": "Hash",
                                                      "Parent Relationship": "Inner",
                                                      "Parallel Aware": true,
                                                      "Async Capable": false,
                                                      "Startup Cost": 7495.25,
                                                      "Total Cost": 7495.25,
                                                      "Plan Rows": 2442,
                                                      "Plan Width": 4,
                                                      "Plans": [
                                                        {
                                                          "Node Type": "Seq Scan",
                                                          "Parent Relationship": "Outer",
                                                          "Parallel Aware": true,
                                                          "Async Capable": false,
                                                          "Relation Name": "item",
                                                          "Alias": "item_2",
                                                          "Startup Cost": 0.0,
                                                          "Total Cost": 7495.25,
                                                          "Plan Rows": 2442,
                                                          "Plan Width": 4,
                                                          "Filter": "(i_current_price > '50'::numeric)",
                                                          "parent": 61,
                                                          "ID": 62
                                                        }
                                                      ],
                                                      "parent": 53,
                                                      "ID": 61,
                                                      "left": 62
                                                    }
                                                  ],
                                                  "parent": 52,
                                                  "ID": 53,
                                                  "left": 54,
                                                  "right": 61
                                                },
                                                {
                                                  "Node Type": "Hash",
                                                  "Parent Relationship": "Inner",
                                                  "Parallel Aware": false,
                                                  "Async Capable": false,
                                                  "Startup Cost": 19.25,
                                                  "Total Cost": 19.25,
                                                  "Plan Rows": 492,
                                                  "Plan Width": 4,
                                                  "Plans": [
                                                    {
                                                      "Node Type": "Seq Scan",
                                                      "Parent Relationship": "Outer",
                                                      "Parallel Aware": false,
                                                      "Async Capable": false,
                                                      "Relation Name": "promotion",
                                                      "Alias": "promotion_2",
                                                      "Startup Cost": 0.0,
                                                      "Total Cost": 19.25,
                                                      "Plan Rows": 492,
                                                      "Plan Width": 4,
                                                      "Filter": "(p_channel_tv = 'N'::bpchar)",
                                                      "parent": 63,
                                                      "ID": 64
                                                    }
                                                  ],
                                                  "parent": 52,
                                                  "ID": 63,
                                                  "left": 64
                                                }
                                              ],
                                              "parent": 51,
                                              "ID": 52,
                                              "left": 53,
                                              "right": 63
                                            },
                                            {
                                              "Node Type": "Hash",
                                              "Parent Relationship": "Inner",
                                              "Parallel Aware": false,
                                              "Async Capable": false,
                                              "Startup Cost": 3.42,
                                              "Total Cost": 3.42,
                                              "Plan Rows": 42,
                                              "Plan Width": 21,
                                              "Plans": [
                                                {
                                                  "Node Type": "Seq Scan",
                                                  "Parent Relationship": "Outer",
                                                  "Parallel Aware": false,
                                                  "Async Capable": false,
                                                  "Relation Name": "web_site",
                                                  "Alias": "web_site",
                                                  "Startup Cost": 0.0,
                                                  "Total Cost": 3.42,
                                                  "Plan Rows": 42,
                                                  "Plan Width": 21,
                                                  "parent": 65,
                                                  "ID": 66
                                                }
                                              ],
                                              "parent": 51,
                                              "ID": 65,
                                              "left": 66
                                            }
                                          ],
                                          "parent": 50,
                                          "ID": 51,
                                          "left": 52,
                                          "right": 65
                                        }
                                      ],
                                      "parent": 49,
                                      "ID": 50,
                                      "left": 51
                                    }
                                  ],
                                  "parent": 48,
                                  "ID": 49,
                                  "left": 50
                                }
                              ],
                              "parent": 47,
                              "ID": 48,
                              "left": 49
                            }
                          ],
                          "parent": 46,
                          "ID": 47,
                          "left": 48
                        }
                      ],
                      "parent": 3,
                      "ID": 46,
                      "left": 47
                    }
                  ],
                  "parent": 2,
                  "ID": 3,
                  "left": 4,
                  "right": 25
                }
              ],
              "parent": 1,
              "ID": 2,
              "left": 3
            }
          ],
          "parent": 0,
          "ID": 1,
          "left": 2
        }
      ],
      "parent": null,
      "ID": 0,
      "left": 1
    },
    "feat": {
      "utility": 0.0,
      "query_shape": [
        [
          "Seq Scan",
          "Hash Join",
          "Sort",
          "Aggregate",
          "Gather Merge",
          "Subquery Scan",
          "Append"
        ],
        [
          "Seq Scan",
          "Hash",
          "Hash Join",
          "Sort",
          "Aggregate",
          "Gather Merge",
          "Subquery Scan",
          "Append"
        ],
        [
          "Seq Scan",
          "Hash",
          "Hash Join",
          "Sort",
          "Aggregate",
          "Gather Merge",
          "Subquery Scan",
          "Append"
        ],
        [
          "Seq Scan",
          "Hash",
          "Hash Join",
          "Sort",
          "Aggregate",
          "Gather Merge",
          "Subquery Scan",
          "Append"
        ],
        [
          "Seq Scan",
          "Hash",
          "Hash Join",
          "Sort",
          "Aggregate",
          "Gather Merge",
          "Subquery Scan",
          "Append"
        ],
        [
          "Seq Scan",
          "Hash",
          "Hash Join",
          "Sort",
          "Aggregate",
          "Gather Merge",
          "Subquery Scan",
          "Append"
        ],
        [
          "Seq Scan",
          "Hash Join",
          "Sort",
          "Aggregate",
          "Gather Merge",
          "Subquery Scan",
          "Append"
        ],
        [
          "Seq Scan",
          "Hash",
          "Hash Join",
          "Sort",
          "Aggregate",
          "Gather Merge",
          "Subquery Scan",
          "Append"
        ],
        [
          "Seq Scan",
          "Hash",
          "Hash Join",
          "Sort",
          "Aggregate",
          "Gather Merge",
          "Subquery Scan",
          "Append"
        ],
        [
          "Seq Scan",
          "Hash",
          "Hash Join",
          "Sort",
          "Aggregate",
          "Gather Merge",
          "Subquery Scan",
          "Append"
        ],
        [
          "Seq Scan",
          "Hash",
          "Hash Join",
          "Sort",
          "Aggregate",
          "Gather Merge",
          "Subquery Scan",
          "Append"
        ],
        [
          "Seq Scan",
          "Hash",
          "Hash Join",
          "Sort",
          "Aggregate",
          "Gather Merge",
          "Subquery Scan",
          "Append"
        ],
        [
          "Seq Scan",
          "Hash Join",
          "Sort",
          "Aggregate",
          "Gather Merge",
          "Subquery Scan",
          "Append"
        ],
        [
          "Seq Scan",
          "Hash",
          "Hash Join",
          "Sort",
          "Aggregate",
          "Gather Merge",
          "Subquery Scan",
          "Append"
        ],
        [
          "Seq Scan",
          "Hash",
          "Hash Join",
          "Sort",
          "Aggregate",
          "Gather Merge",
          "Subquery Scan",
          "Append"
        ],
        [
          "Seq Scan",
          "Hash",
          "Hash Join",
          "Sort",
          "Aggregate",
          "Gather Merge",
          "Subquery Scan",
          "Append"
        ],
        [
          "Seq Scan",
          "Hash",
          "Hash Join",
          "Sort",
          "Aggregate",
          "Gather Merge",
          "Subquery Scan",
          "Append"
        ],
        [
          "Seq Scan",
          "Hash",
          "Hash Join",
          "Sort",
          "Aggregate",
          "Gather Merge",
          "Subquery Scan",
          "Append"
        ]
      ],
      "index_shape": [],
      "physical_operator": {}
    }
  },
  {
    "query": "with ssr as\n (select  s_store_id as store_id,\n          sum(ss_ext_sales_price) as sales,\n          sum(coalesce(sr_return_amt, 0)) as returns,\n          sum(ss_net_profit - coalesce(sr_net_loss, 0)) as profit\n  from store_sales left outer join store_returns on\n         (ss_item_sk = sr_item_sk and ss_ticket_number = sr_ticket_number),\n     date_dim,\n     store,\n     item,\n     promotion\n where ss_sold_date_sk = d_date_sk\n       and d_date between cast('1998-08-19' as date) \n                  and (cast('1998-08-19' as date) +  interval '30 days')\n       and ss_store_sk = s_store_sk\n       and ss_item_sk = i_item_sk\n       and i_current_price > 50\n       and ss_promo_sk = p_promo_sk\n       and p_channel_tv = 'N'\n group by s_store_id)\n ,\n csr as\n (select  cp_catalog_page_id as catalog_page_id,\n          sum(cs_ext_sales_price) as sales,\n          sum(coalesce(cr_return_amount, 0)) as returns,\n          sum(cs_net_profit - coalesce(cr_net_loss, 0)) as profit\n  from catalog_sales left outer join catalog_returns on\n         (cs_item_sk = cr_item_sk and cs_order_number = cr_order_number),\n     date_dim,\n     catalog_page,\n     item,\n     promotion\n where cs_sold_date_sk = d_date_sk\n       and d_date between cast('1998-08-19' as date)\n                  and (cast('1998-08-19' as date) +  interval '30 days')\n        and cs_catalog_page_sk = cp_catalog_page_sk\n       and cs_item_sk = i_item_sk\n       and i_current_price > 50\n       and cs_promo_sk = p_promo_sk\n       and p_channel_tv = 'N'\ngroup by cp_catalog_page_id)\n ,\n wsr as\n (select  web_site_id,\n          sum(ws_ext_sales_price) as sales,\n          sum(coalesce(wr_return_amt, 0)) as returns,\n          sum(ws_net_profit - coalesce(wr_net_loss, 0)) as profit\n  from web_sales left outer join web_returns on\n         (ws_item_sk = wr_item_sk and ws_order_number = wr_order_number),\n     date_dim,\n     web_site,\n     item,\n     promotion\n where ws_sold_date_sk = d_date_sk\n       and d_date between cast('1998-08-19' as date)\n                  and (cast('1998-08-19' as date) +  interval '30 days')\n        and ws_web_site_sk = web_site_sk\n       and ws_item_sk = i_item_sk\n       and i_current_price > 50\n       and ws_promo_sk = p_promo_sk\n       and p_channel_tv = 'N'\ngroup by web_site_id)\n  select  channel\n        , id\n        , sum(sales) as sales\n        , sum(returns) as returns\n        , sum(profit) as profit\n from \n (select 'store channel' as channel\n        , 'store' || store_id as id\n        , sales\n        , returns\n        , profit\n from   ssr\n union all\n select 'catalog channel' as channel\n        , 'catalog_page' || catalog_page_id as id\n        , sales\n        , returns\n        , profit\n from  csr\n union all\n select 'web channel' as channel\n        , 'web_site' || web_site_id as id\n        , sales\n        , returns\n        , profit\n from   wsr\n ) x\n group by rollup (channel, id)\n order by channel\n         ,id\n limit 100;\n\n-- end query 61 in stream 0 using template query80.tpl\n",
    "indexes": "web_returns.wr_item_sk",
    "wo plan est": {
      "Node Type": "Limit",
      "Parallel Aware": false,
      "Async Capable": false,
      "Startup Cost": 1566782.76,
      "Total Cost": 1566786.01,
      "Plan Rows": 100,
      "Plan Width": 160,
      "Plans": [
        {
          "Node Type": "Aggregate",
          "Strategy": "Sorted",
          "Partial Mode": "Simple",
          "Parent Relationship": "Outer",
          "Parallel Aware": false,
          "Async Capable": false,
          "Startup Cost": 1566782.76,
          "Total Cost": 1566795.8,
          "Plan Rows": 401,
          "Plan Width": 160,
          "Grouping Sets": [
            {
              "Group Keys": [
                [
                  "('store channel'::text)",
                  "(('store'::text || (ssr.store_id)::text))"
                ],
                [
                  "('store channel'::text)"
                ],
                []
              ]
            }
          ],
          "Plans": [
            {
              "Node Type": "Sort",
              "Parent Relationship": "Outer",
              "Parallel Aware": false,
              "Async Capable": false,
              "Startup Cost": 1566782.76,
              "Total Cost": 1566783.77,
              "Plan Rows": 401,
              "Plan Width": 160,
              "Sort Key": [
                "('store channel'::text)",
                "(('store'::text || (ssr.store_id)::text))"
              ],
              "Plans": [
                {
                  "Node Type": "Append",
                  "Parent Relationship": "Outer",
                  "Parallel Aware": false,
                  "Async Capable": false,
                  "Startup Cost": 784591.9,
                  "Total Cost": 1566765.43,
                  "Plan Rows": 401,
                  "Plan Width": 160,
                  "Subplans Removed": 0,
                  "Plans": [
                    {
                      "Node Type": "Subquery Scan",
                      "Parent Relationship": "Member",
                      "Parallel Aware": false,
                      "Async Capable": false,
                      "Alias": "ssr",
                      "Startup Cost": 784591.9,
                      "Total Cost": 784611.64,
                      "Plan Rows": 51,
                      "Plan Width": 160,
                      "Plans": [
                        {
                          "Node Type": "Aggregate",
                          "Strategy": "Sorted",
                          "Partial Mode": "Finalize",
                          "Parent Relationship": "Subquery",
                          "Parallel Aware": false,
                          "Async Capable": false,
                          "Startup Cost": 784591.9,
                          "Total Cost": 784610.87,
                          "Plan Rows": 51,
                          "Plan Width": 113,
                          "Group Key": [
                            "store.s_store_id"
                          ],
                          "Plans": [
                            {
                              "Node Type": "Gather Merge",
                              "Parent Relationship": "Outer",
                              "Parallel Aware": false,
                              "Async Capable": false,
                              "Startup Cost": 784591.9,
                              "Total Cost": 784608.2,
                              "Plan Rows": 102,
                              "Plan Width": 113,
                              "Workers Planned": 2,
                              "Plans": [
                                {
                                  "Node Type": "Aggregate",
                                  "Strategy": "Sorted",
                                  "Partial Mode": "Partial",
                                  "Parent Relationship": "Outer",
                                  "Parallel Aware": false,
                                  "Async Capable": false,
                                  "Startup Cost": 783591.88,
                                  "Total Cost": 783596.4,
                                  "Plan Rows": 51,
                                  "Plan Width": 113,
                                  "Group Key": [
                                    "store.s_store_id"
                                  ],
                                  "Plans": [
                                    {
                                      "Node Type": "Sort",
                                      "Parent Relationship": "Outer",
                                      "Parallel Aware": false,
                                      "Async Capable": false,
                                      "Startup Cost": 783591.88,
                                      "Total Cost": 783592.48,
                                      "Plan Rows": 242,
                                      "Plan Width": 41,
                                      "Sort Key": [
                                        "store.s_store_id"
                                      ],
                                      "Plans": [
                                        {
                                          "Node Type": "Hash Join",
                                          "Parent Relationship": "Outer",
                                          "Parallel Aware": false,
                                          "Async Capable": false,
                                          "Join Type": "Inner",
                                          "Startup Cost": 94489.35,
                                          "Total Cost": 783582.3,
                                          "Plan Rows": 242,
                                          "Plan Width": 41,
                                          "Inner Unique": false,
                                          "Hash Cond": "(store_sales.ss_store_sk = store.s_store_sk)",
                                          "Plans": [
                                            {
                                              "Node Type": "Hash Join",
                                              "Parent Relationship": "Outer",
                                              "Parallel Aware": false,
                                              "Async Capable": false,
                                              "Join Type": "Inner",
                                              "Startup Cost": 94482.05,
                                              "Total Cost": 783571.63,
                                              "Plan Rows": 254,
                                              "Plan Width": 28,
                                              "Inner Unique": false,
                                              "Hash Cond": "(store_sales.ss_promo_sk = promotion.p_promo_sk)",
                                              "Plans": [
                                                {
                                                  "Node Type": "Hash Join",
                                                  "Parent Relationship": "Outer",
                                                  "Parallel Aware": true,
                                                  "Async Capable": false,
                                                  "Join Type": "Inner",
                                                  "Startup Cost": 94456.65,
                                                  "Total Cost": 783542.68,
                                                  "Plan Rows": 270,
                                                  "Plan Width": 32,
                                                  "Inner Unique": false,
                                                  "Hash Cond": "(store_sales.ss_item_sk = item.i_item_sk)",
                                                  "Plans": [
                                                    {
                                                      "Node Type": "Hash Join",
                                                      "Parent Relationship": "Outer",
                                                      "Parallel Aware": true,
                                                      "Async Capable": false,
                                                      "Join Type": "Left",
                                                      "Startup Cost": 86930.88,
                                                      "Total Cost": 775998.13,
                                                      "Plan Rows": 4703,
                                                      "Plan Width": 36,
                                                      "Inner Unique": false,
                                                      "Hash Cond": "((store_sales.ss_item_sk = store_returns.sr_item_sk) AND (store_sales.ss_ticket_number = store_returns.sr_ticket_number))",
                                                      "Plans": [
                                                        {
                                                          "Node Type": "Hash Join",
                                                          "Parent Relationship": "Outer",
                                                          "Parallel Aware": true,
                                                          "Async Capable": false,
                                                          "Join Type": "Inner",
                                                          "Startup Cost": 2049.78,
                                                          "Total Cost": 683994.75,
                                                          "Plan Rows": 4703,
                                                          "Plan Width": 28,
                                                          "Inner Unique": false,
                                                          "Hash Cond": "(store_sales.ss_sold_date_sk = date_dim.d_date_sk)",
                                                          "Plans": [
                                                            {
                                                              "Node Type": "Seq Scan",
                                                              "Parent Relationship": "Outer",
                                                              "Parallel Aware": true,
                                                              "Async Capable": false,
                                                              "Relation Name": "store_sales",
                                                              "Alias": "store_sales",
                                                              "Startup Cost": 0.0,
                                                              "Total Cost": 636914.37,
                                                              "Plan Rows": 12000637,
                                                              "Plan Width": 32,
                                                              "parent": 13,
                                                              "ID": 14
                                                            },
                                                            {
                                                              "Node Type": "Hash",
                                                              "Parent Relationship": "Inner",
                                                              "Parallel Aware": true,
                                                              "Async Capable": false,
                                                              "Startup Cost": 2049.55,
                                                              "Total Cost": 2049.55,
                                                              "Plan Rows": 18,
                                                              "Plan Width": 4,
                                                              "Plans": [
                                                                {
                                                                  "Node Type": "Seq Scan",
                                                                  "Parent Relationship": "Outer",
                                                                  "Parallel Aware": true,
                                                                  "Async Capable": false,
                                                                  "Relation Name": "date_dim",
                                                                  "Alias": "date_dim",
                                                                  "Startup Cost": 0.0,
                                                                  "Total Cost": 2049.55,
                                                                  "Plan Rows": 18,
                                                                  "Plan Width": 4,
                                                                  "Filter": "((d_date >= '1998-08-19'::date) AND (d_date <= '1998-09-18 00:00:00'::timestamp without time zone))",
                                                                  "parent": 15,
                                                                  "ID": 16
                                                                }
                                                              ],
                                                              "parent": 13,
                                                              "ID": 15,
                                                              "left": 16
                                                            }
                                                          ],
                                                          "parent": 12,
                                                          "ID": 13,
                                                          "left": 14,
                                                          "right": 15
                                                        },
                                                        {
                                                          "Node Type": "Hash",
                                                          "Parent Relationship": "Inner",
                                                          "Parallel Aware": true,
                                                          "Async Capable": false,
                                                          "Startup Cost": 59887.64,
                                                          "Total Cost": 59887.64,
                                                          "Plan Rows": 1198164,
                                                          "Plan Width": 20,
                                                          "Plans": [
                                                            {
                                                              "Node Type": "Seq Scan",
                                                              "Parent Relationship": "Outer",
                                                              "Parallel Aware": true,
                                                              "Async Capable": false,
                                                              "Relation Name": "store_returns",
                                                              "Alias": "store_returns",
                                                              "Startup Cost": 0.0,
                                                              "Total Cost": 59887.64,
                                                              "Plan Rows": 1198164,
                                                              "Plan Width": 20,
                                                              "parent": 17,
                                                              "ID": 18
                                                            }
                                                          ],
                                                          "parent": 12,
                                                          "ID": 17,
                                                          "left": 18
                                                        }
                                                      ],
                                                      "parent": 11,
                                                      "ID": 12,
                                                      "left": 13,
                                                      "right": 17
                                                    },
                                                    {
                                                      "Node Type": "Hash",
                                                      "Parent Relationship": "Inner",
                                                      "Parallel Aware": true,
                                                      "Async Capable": false,
                                                      "Startup Cost": 7495.25,
                                                      "Total Cost": 7495.25,
                                                      "Plan Rows": 2442,
                                                      "Plan Width": 4,
                                                      "Plans": [
                                                        {
                                                          "Node Type": "Seq Scan",
                                                          "Parent Relationship": "Outer",
                                                          "Parallel Aware": true,
                                                          "Async Capable": false,
                                                          "Relation Name": "item",
                                                          "Alias": "item",
                                                          "Startup Cost": 0.0,
                                                          "Total Cost": 7495.25,
                                                          "Plan Rows": 2442,
                                                          "Plan Width": 4,
                                                          "Filter": "(i_current_price > '50'::numeric)",
                                                          "parent": 19,
                                                          "ID": 20
                                                        }
                                                      ],
                                                      "parent": 11,
                                                      "ID": 19,
                                                      "left": 20
                                                    }
                                                  ],
                                                  "parent": 10,
                                                  "ID": 11,
                                                  "left": 12,
                                                  "right": 19
                                                },
                                                {
                                                  "Node Type": "Hash",
                                                  "Parent Relationship": "Inner",
                                                  "Parallel Aware": false,
                                                  "Async Capable": false,
                                                  "Startup Cost": 19.25,
                                                  "Total Cost": 19.25,
                                                  "Plan Rows": 492,
                                                  "Plan Width": 4,
                                                  "Plans": [
                                                    {
                                                      "Node Type": "Seq Scan",
                                                      "Parent Relationship": "Outer",
                                                      "Parallel Aware": false,
                                                      "Async Capable": false,
                                                      "Relation Name": "promotion",
                                                      "Alias": "promotion",
                                                      "Startup Cost": 0.0,
                                                      "Total Cost": 19.25,
                                                      "Plan Rows": 492,
                                                      "Plan Width": 4,
                                                      "Filter": "(p_channel_tv = 'N'::bpchar)",
                                                      "parent": 21,
                                                      "ID": 22
                                                    }
                                                  ],
                                                  "parent": 10,
                                                  "ID": 21,
                                                  "left": 22
                                                }
                                              ],
                                              "parent": 9,
                                              "ID": 10,
                                              "left": 11,
                                              "right": 21
                                            },
                                            {
                                              "Node Type": "Hash",
                                              "Parent Relationship": "Inner",
                                              "Parallel Aware": false,
                                              "Async Capable": false,
                                              "Startup Cost": 6.02,
                                              "Total Cost": 6.02,
                                              "Plan Rows": 102,
                                              "Plan Width": 21,
                                              "Plans": [
                                                {
                                                  "Node Type": "Seq Scan",
                                                  "Parent Relationship": "Outer",
                                                  "Parallel Aware": false,
                                                  "Async Capable": false,
                                                  "Relation Name": "store",
                                                  "Alias": "store",
                                                  "Startup Cost": 0.0,
                                                  "Total Cost": 6.02,
                                                  "Plan Rows": 102,
                                                  "Plan Width": 21,
                                                  "parent": 23,
                                                  "ID": 24
                                                }
                                              ],
                                              "parent": 9,
                                              "ID": 23,
                                              "left": 24
                                            }
                                          ],
                                          "parent": 8,
                                          "ID": 9,
                                          "left": 10,
                                          "right": 23
                                        }
                                      ],
                                      "parent": 7,
                                      "ID": 8,
                                      "left": 9
                                    }
                                  ],
                                  "parent": 6,
                                  "ID": 7,
                                  "left": 8
                                }
                              ],
                              "parent": 5,
                              "ID": 6,
                              "left": 7
                            }
                          ],
                          "parent": 4,
                          "ID": 5,
                          "left": 6
                        }
                      ],
                      "parent": 3,
                      "ID": 4,
                      "left": 5
                    },
                    {
                      "Node Type": "Subquery Scan",
                      "Parent Relationship": "Member",
                      "Parallel Aware": false,
                      "Async Capable": false,
                      "Alias": "csr",
                      "Startup Cost": 518174.1,
                      "Total Cost": 518225.66,
                      "Plan Rows": 329,
                      "Plan Width": 160,
                      "Plans": [
                        {
                          "Node Type": "Aggregate",
                          "Strategy": "Sorted",
                          "Partial Mode": "Finalize",
                          "Parent Relationship": "Subquery",
                          "Parallel Aware": false,
                          "Async Capable": false,
                          "Startup Cost": 518174.1,
                          "Total Cost": 518220.73,
                          "Plan Rows": 329,
                          "Plan Width": 113,
                          "Group Key": [
                            "catalog_page.cp_catalog_page_id"
                          ],
                          "Plans": [
                            {
                              "Node Type": "Gather Merge",
                              "Parent Relationship": "Outer",
                              "Parallel Aware": false,
                              "Async Capable": false,
                              "Startup Cost": 518174.1,
                              "Total Cost": 518210.18,
                              "Plan Rows": 274,
                              "Plan Width": 113,
                              "Workers Planned": 2,
                              "Plans": [
                                {
                                  "Node Type": "Aggregate",
                                  "Strategy": "Sorted",
                                  "Partial Mode": "Partial",
                                  "Parent Relationship": "Outer",
                                  "Parallel Aware": false,
                                  "Async Capable": false,
                                  "Startup Cost": 517174.07,
                                  "Total Cost": 517178.53,
                                  "Plan Rows": 137,
                                  "Plan Width": 113,
                                  "Group Key": [
                                    "catalog_page.cp_catalog_page_id"
                                  ],
                                  "Plans": [
                                    {
                                      "Node Type": "Sort",
                                      "Parent Relationship": "Outer",
                                      "Parallel Aware": false,
                                      "Async Capable": false,
                                      "Startup Cost": 517174.07,
                                      "Total Cost": 517174.42,
                                      "Plan Rows": 137,
                                      "Plan Width": 41,
                                      "Sort Key": [
                                        "catalog_page.cp_catalog_page_id"
                                      ],
                                      "Plans": [
                                        {
                                          "Node Type": "Hash Join",
                                          "Parent Relationship": "Outer",
                                          "Parallel Aware": false,
                                          "Async Capable": false,
                                          "Join Type": "Inner",
                                          "Startup Cost": 57382.33,
                                          "Total Cost": 517169.21,
                                          "Plan Rows": 137,
                                          "Plan Width": 41,
                                          "Inner Unique": false,
                                          "Hash Cond": "(catalog_sales.cs_catalog_page_sk = catalog_page.cp_catalog_page_sk)",
                                          "Plans": [
                                            {
                                              "Node Type": "Hash Join",
                                              "Parent Relationship": "Outer",
                                              "Parallel Aware": false,
                                              "Async Capable": false,
                                              "Join Type": "Inner",
                                              "Startup Cost": 56864.33,
                                              "Total Cost": 516649.32,
                                              "Plan Rows": 138,
                                              "Plan Width": 28,
                                              "Inner Unique": false,
                                              "Hash Cond": "(catalog_sales.cs_promo_sk = promotion_1.p_promo_sk)",
                                              "Plans": [
                                                {
                                                  "Node Type": "Hash Join",
                                                  "Parent Relationship": "Outer",
                                                  "Parallel Aware": true,
                                                  "Async Capable": false,
                                                  "Join Type": "Inner",
                                                  "Startup Cost": 56838.93,
                                                  "Total Cost": 516622.01,
                                                  "Plan Rows": 141,
                                                  "Plan Width": 32,
                                                  "Inner Unique": false,
                                                  "Hash Cond": "(catalog_sales.cs_item_sk = item_1.i_item_sk)",
                                                  "Plans": [
                                                    {
                                                      "Node Type": "Hash Join",
                                                      "Parent Relationship": "Outer",
                                                      "Parallel Aware": true,
                                                      "Async Capable": false,
                                                      "Join Type": "Left",
                                                      "Startup Cost": 49313.15,
                                                      "Total Cost": 509086.46,
                                                      "Plan Rows": 2450,
                                                      "Plan Width": 36,
                                                      "Inner Unique": false,
                                                      "Hash Cond": "((catalog_sales.cs_item_sk = catalog_returns.cr_item_sk) AND (catalog_sales.cs_order_number = catalog_returns.cr_order_number))",
                                                      "Plans": [
                                                        {
                                                          "Node Type": "Hash Join",
                                                          "Parent Relationship": "Outer",
                                                          "Parallel Aware": true,
                                                          "Async Capable": false,
                                                          "Join Type": "Inner",
                                                          "Startup Cost": 2049.78,
                                                          "Total Cost": 458254.7,
                                                          "Plan Rows": 2450,
                                                          "Plan Width": 28,
                                                          "Inner Unique": false,
                                                          "Hash Cond": "(catalog_sales.cs_sold_date_sk = date_dim_1.d_date_sk)",
                                                          "Plans": [
                                                            {
                                                              "Node Type": "Seq Scan",
                                                              "Parent Relationship": "Outer",
                                                              "Parallel Aware": true,
                                                              "Async Capable": false,
                                                              "Relation Name": "catalog_sales",
                                                              "Alias": "catalog_sales",
                                                              "Startup Cost": 0.0,
                                                              "Total Cost": 433688.25,
                                                              "Plan Rows": 6000525,
                                                              "Plan Width": 32,
                                                              "parent": 34,
                                                              "ID": 35
                                                            },
                                                            {
                                                              "Node Type": "Hash",
                                                              "Parent Relationship": "Inner",
                                                              "Parallel Aware": true,
                                                              "Async Capable": false,
                                                              "Startup Cost": 2049.55,
                                                              "Total Cost": 2049.55,
                                                              "Plan Rows": 18,
                                                              "Plan Width": 4,
                                                              "Plans": [
                                                                {
                                                                  "Node Type": "Seq Scan",
                                                                  "Parent Relationship": "Outer",
                                                                  "Parallel Aware": true,
                                                                  "Async Capable": false,
                                                                  "Relation Name": "date_dim",
                                                                  "Alias": "date_dim_1",
                                                                  "Startup Cost": 0.0,
                                                                  "Total Cost": 2049.55,
                                                                  "Plan Rows": 18,
                                                                  "Plan Width": 4,
                                                                  "Filter": "((d_date >= '1998-08-19'::date) AND (d_date <= '1998-09-18 00:00:00'::timestamp without time zone))",
                                                                  "parent": 36,
                                                                  "ID": 37
                                                                }
                                                              ],
                                                              "parent": 34,
                                                              "ID": 36,
                                                              "left": 37
                                                            }
                                                          ],
                                                          "parent": 33,
                                                          "ID": 34,
                                                          "left": 35,
                                                          "right": 36
                                                        },
                                                        {
                                                          "Node Type": "Hash",
                                                          "Parent Relationship": "Inner",
                                                          "Parallel Aware": true,
                                                          "Async Capable": false,
                                                          "Startup Cost": 34748.95,
                                                          "Total Cost": 34748.95,
                                                          "Plan Rows": 599895,
                                                          "Plan Width": 20,
                                                          "Plans": [
                                                            {
                                                              "Node Type": "Seq Scan",
                                                              "Parent Relationship": "Outer",
                                                              "Parallel Aware": true,
                                                              "Async Capable": false,
                                                              "Relation Name": "catalog_returns",
                                                              "Alias": "catalog_returns",
                                                              "Startup Cost": 0.0,
                                                              "Total Cost": 34748.95,
                                                              "Plan Rows": 599895,
                                                              "Plan Width": 20,
                                                              "parent": 38,
                                                              "ID": 39
                                                            }
                                                          ],
                                                          "parent": 33,
                                                          "ID": 38,
                                                          "left": 39
                                                        }
                                                      ],
                                                      "parent": 32,
                                                      "ID": 33,
                                                      "left": 34,
                                                      "right": 38
                                                    },
                                                    {
                                                      "Node Type": "Hash",
                                                      "Parent Relationship": "Inner",
                                                      "Parallel Aware": true,
                                                      "Async Capable": false,
                                                      "Startup Cost": 7495.25,
                                                      "Total Cost": 7495.25,
                                                      "Plan Rows": 2442,
                                                      "Plan Width": 4,
                                                      "Plans": [
                                                        {
                                                          "Node Type": "Seq Scan",
                                                          "Parent Relationship": "Outer",
                                                          "Parallel Aware": true,
                                                          "Async Capable": false,
                                                          "Relation Name": "item",
                                                          "Alias": "item_1",
                                                          "Startup Cost": 0.0,
                                                          "Total Cost": 7495.25,
                                                          "Plan Rows": 2442,
                                                          "Plan Width": 4,
                                                          "Filter": "(i_current_price > '50'::numeric)",
                                                          "parent": 40,
                                                          "ID": 41
                                                        }
                                                      ],
                                                      "parent": 32,
                                                      "ID": 40,
                                                      "left": 41
                                                    }
                                                  ],
                                                  "parent": 31,
                                                  "ID": 32,
                                                  "left": 33,
                                                  "right": 40
                                                },
                                                {
                                                  "Node Type": "Hash",
                                                  "Parent Relationship": "Inner",
                                                  "Parallel Aware": false,
                                                  "Async Capable": false,
                                                  "Startup Cost": 19.25,
                                                  "Total Cost": 19.25,
                                                  "Plan Rows": 492,
                                                  "Plan Width": 4,
                                                  "Plans": [
                                                    {
                                                      "Node Type": "Seq Scan",
                                                      "Parent Relationship": "Outer",
                                                      "Parallel Aware": false,
                                                      "Async Capable": false,
                                                      "Relation Name": "promotion",
                                                      "Alias": "promotion_1",
                                                      "Startup Cost": 0.0,
                                                      "Total Cost": 19.25,
                                                      "Plan Rows": 492,
                                                      "Plan Width": 4,
                                                      "Filter": "(p_channel_tv = 'N'::bpchar)",
                                                      "parent": 42,
                                                      "ID": 43
                                                    }
                                                  ],
                                                  "parent": 31,
                                                  "ID": 42,
                                                  "left": 43
                                                }
                                              ],
                                              "parent": 30,
                                              "ID": 31,
                                              "left": 32,
                                              "right": 42
                                            },
                                            {
                                              "Node Type": "Hash",
                                              "Parent Relationship": "Inner",
                                              "Parallel Aware": false,
                                              "Async Capable": false,
                                              "Startup Cost": 368.0,
                                              "Total Cost": 368.0,
                                              "Plan Rows": 12000,
                                              "Plan Width": 21,
                                              "Plans": [
                                                {
                                                  "Node Type": "Seq Scan",
                                                  "Parent Relationship": "Outer",
                                                  "Parallel Aware": false,
                                                  "Async Capable": false,
                                                  "Relation Name": "catalog_page",
                                                  "Alias": "catalog_page",
                                                  "Startup Cost": 0.0,
                                                  "Total Cost": 368.0,
                                                  "Plan Rows": 12000,
                                                  "Plan Width": 21,
                                                  "parent": 44,
                                                  "ID": 45
                                                }
                                              ],
                                              "parent": 30,
                                              "ID": 44,
                                              "left": 45
                                            }
                                          ],
                                          "parent": 29,
                                          "ID": 30,
                                          "left": 31,
                                          "right": 44
                                        }
                                      ],
                                      "parent": 28,
                                      "ID": 29,
                                      "left": 30
                                    }
                                  ],
                                  "parent": 27,
                                  "ID": 28,
                                  "left": 29
                                }
                              ],
                              "parent": 26,
                              "ID": 27,
                              "left": 28
                            }
                          ],
                          "parent": 25,
                          "ID": 26,
                          "left": 27
                        }
                      ],
                      "parent": 3,
                      "ID": 25,
                      "left": 26
                    },
                    {
                      "Node Type": "Subquery Scan",
                      "Parent Relationship": "Member",
                      "Parallel Aware": false,
                      "Async Capable": false,
                      "Alias": "wsr",
                      "Startup Cost": 263918.43,
                      "Total Cost": 263926.12,
                      "Plan Rows": 21,
                      "Plan Width": 160,
                      "Plans": [
                        {
                          "Node Type": "Aggregate",
                          "Strategy": "Sorted",
                          "Partial Mode": "Finalize",
                          "Parent Relationship": "Subquery",
                          "Parallel Aware": false,
                          "Async Capable": false,
                          "Startup Cost": 263918.43,
                          "Total Cost": 263925.8,
                          "Plan Rows": 21,
                          "Plan Width": 113,
                          "Group Key": [
                            "web_site.web_site_id"
                          ],
                          "Plans": [
                            {
                              "Node Type": "Gather Merge",
                              "Parent Relationship": "Outer",
                              "Parallel Aware": false,
                              "Async Capable": false,
                              "Startup Cost": 263918.43,
                              "Total Cost": 263924.7,
                              "Plan Rows": 42,
                              "Plan Width": 113,
                              "Workers Planned": 2,
                              "Plans": [
                                {
                                  "Node Type": "Aggregate",
                                  "Strategy": "Sorted",
                                  "Partial Mode": "Partial",
                                  "Parent Relationship": "Outer",
                                  "Parallel Aware": false,
                                  "Async Capable": false,
                                  "Startup Cost": 262918.41,
                                  "Total Cost": 262919.83,
                                  "Plan Rows": 21,
                                  "Plan Width": 113,
                                  "Group Key": [
                                    "web_site.web_site_id"
                                  ],
                                  "Plans": [
                                    {
                                      "Node Type": "Sort",
                                      "Parent Relationship": "Outer",
                                      "Parallel Aware": false,
                                      "Async Capable": false,
                                      "Startup Cost": 262918.41,
                                      "Total Cost": 262918.59,
                                      "Plan Rows": 70,
                                      "Plan Width": 41,
                                      "Sort Key": [
                                        "web_site.web_site_id"
                                      ],
                                      "Plans": [
                                        {
                                          "Node Type": "Hash Join",
                                          "Parent Relationship": "Outer",
                                          "Parallel Aware": false,
                                          "Async Capable": false,
                                          "Join Type": "Inner",
                                          "Startup Cost": 32134.74,
                                          "Total Cost": 262916.27,
                                          "Plan Rows": 70,
                                          "Plan Width": 41,
                                          "Inner Unique": false,
                                          "Hash Cond": "(web_sales.ws_web_site_sk = web_site.web_site_sk)",
                                          "Plans": [
                                            {
                                              "Node Type": "Hash Join",
                                              "Parent Relationship": "Outer",
                                              "Parallel Aware": false,
                                              "Async Capable": false,
                                              "Join Type": "Inner",
                                              "Startup Cost": 32130.8,
                                              "Total Cost": 262911.36,
                                              "Plan Rows": 70,
                                              "Plan Width": 28,
                                              "Inner Unique": false,
                                              "Hash Cond": "(web_sales.ws_promo_sk = promotion_2.p_promo_sk)",
                                              "Plans": [
                                                {
                                                  "Node Type": "Hash Join",
                                                  "Parent Relationship": "Outer",
                                                  "Parallel Aware": true,
                                                  "Async Capable": false,
                                                  "Join Type": "Inner",
                                                  "Startup Cost": 32105.4,
                                                  "Total Cost": 262884.99,
                                                  "Plan Rows": 71,
                                                  "Plan Width": 32,
                                                  "Inner Unique": false,
                                                  "Hash Cond": "(web_sales.ws_item_sk = item_2.i_item_sk)",
                                                  "Plans": [
                                                    {
                                                      "Node Type": "Hash Join",
                                                      "Parent Relationship": "Outer",
                                                      "Parallel Aware": true,
                                                      "Async Capable": false,
                                                      "Join Type": "Left",
                                                      "Startup Cost": 24579.62,
                                                      "Total Cost": 255354.31,
                                                      "Plan Rows": 1231,
                                                      "Plan Width": 36,
                                                      "Inner Unique": false,
                                                      "Hash Cond": "((web_sales.ws_item_sk = web_returns.wr_item_sk) AND (web_sales.ws_order_number = web_returns.wr_order_number))",
                                                      "Plans": [
                                                        {
                                                          "Node Type": "Hash Join",
                                                          "Parent Relationship": "Outer",
                                                          "Parallel Aware": true,
                                                          "Async Capable": false,
                                                          "Join Type": "Inner",
                                                          "Startup Cost": 2049.78,
                                                          "Total Cost": 231041.22,
                                                          "Plan Rows": 1231,
                                                          "Plan Width": 28,
                                                          "Inner Unique": false,
                                                          "Hash Cond": "(web_sales.ws_sold_date_sk = date_dim_2.d_date_sk)",
                                                          "Plans": [
                                                            {
                                                              "Node Type": "Seq Scan",
                                                              "Parent Relationship": "Outer",
                                                              "Parallel Aware": true,
                                                              "Async Capable": false,
                                                              "Relation Name": "web_sales",
                                                              "Alias": "web_sales",
                                                              "Startup Cost": 0.0,
                                                              "Total Cost": 217737.86,
                                                              "Plan Rows": 2998986,
                                                              "Plan Width": 32,
                                                              "parent": 55,
                                                              "ID": 56
                                                            },
                                                            {
                                                              "Node Type": "Hash",
                                                              "Parent Relationship": "Inner",
                                                              "Parallel Aware": true,
                                                              "Async Capable": false,
                                                              "Startup Cost": 2049.55,
                                                              "Total Cost": 2049.55,
                                                              "Plan Rows": 18,
                                                              "Plan Width": 4,
                                                              "Plans": [
                                                                {
                                                                  "Node Type": "Seq Scan",
                                                                  "Parent Relationship": "Outer",
                                                                  "Parallel Aware": true,
                                                                  "Async Capable": false,
                                                                  "Relation Name": "date_dim",
                                                                  "Alias": "date_dim_2",
                                                                  "Startup Cost": 0.0,
                                                                  "Total Cost": 2049.55,
                                                                  "Plan Rows": 18,
                                                                  "Plan Width": 4,
                                                                  "Filter": "((d_date >= '1998-08-19'::date) AND (d_date <= '1998-09-18 00:00:00'::timestamp without time zone))",
                                                                  "parent": 57,
                                                                  "ID": 58
                                                                }
                                                              ],
                                                              "parent": 55,
                                                              "ID": 57,
                                                              "left": 58
                                                            }
                                                          ],
                                                          "parent": 54,
                                                          "ID": 55,
                                                          "left": 56,
                                                          "right": 57
                                                        },
                                                        {
                                                          "Node Type": "Hash",
                                                          "Parent Relationship": "Inner",
                                                          "Parallel Aware": true,
                                                          "Async Capable": false,
                                                          "Startup Cost": 16278.74,
                                                          "Total Cost": 16278.74,
                                                          "Plan Rows": 299674,
                                                          "Plan Width": 20,
                                                          "Plans": [
                                                            {
                                                              "Node Type": "Seq Scan",
                                                              "Parent Relationship": "Outer",
                                                              "Parallel Aware": true,
                                                              "Async Capable": false,
                                                              "Relation Name": "web_returns",
                                                              "Alias": "web_returns",
                                                              "Startup Cost": 0.0,
                                                              "Total Cost": 16278.74,
                                                              "Plan Rows": 299674,
                                                              "Plan Width": 20,
                                                              "parent": 59,
                                                              "ID": 60
                                                            }
                                                          ],
                                                          "parent": 54,
                                                          "ID": 59,
                                                          "left": 60
                                                        }
                                                      ],
                                                      "parent": 53,
                                                      "ID": 54,
                                                      "left": 55,
                                                      "right": 59
                                                    },
                                                    {
                                                      "Node Type": "Hash",
                                                      "Parent Relationship": "Inner",
                                                      "Parallel Aware": true,
                                                      "Async Capable": false,
                                                      "Startup Cost": 7495.25,
                                                      "Total Cost": 7495.25,
                                                      "Plan Rows": 2442,
                                                      "Plan Width": 4,
                                                      "Plans": [
                                                        {
                                                          "Node Type": "Seq Scan",
                                                          "Parent Relationship": "Outer",
                                                          "Parallel Aware": true,
                                                          "Async Capable": false,
                                                          "Relation Name": "item",
                                                          "Alias": "item_2",
                                                          "Startup Cost": 0.0,
                                                          "Total Cost": 7495.25,
                                                          "Plan Rows": 2442,
                                                          "Plan Width": 4,
                                                          "Filter": "(i_current_price > '50'::numeric)",
                                                          "parent": 61,
                                                          "ID": 62
                                                        }
                                                      ],
                                                      "parent": 53,
                                                      "ID": 61,
                                                      "left": 62
                                                    }
                                                  ],
                                                  "parent": 52,
                                                  "ID": 53,
                                                  "left": 54,
                                                  "right": 61
                                                },
                                                {
                                                  "Node Type": "Hash",
                                                  "Parent Relationship": "Inner",
                                                  "Parallel Aware": false,
                                                  "Async Capable": false,
                                                  "Startup Cost": 19.25,
                                                  "Total Cost": 19.25,
                                                  "Plan Rows": 492,
                                                  "Plan Width": 4,
                                                  "Plans": [
                                                    {
                                                      "Node Type": "Seq Scan",
                                                      "Parent Relationship": "Outer",
                                                      "Parallel Aware": false,
                                                      "Async Capable": false,
                                                      "Relation Name": "promotion",
                                                      "Alias": "promotion_2",
                                                      "Startup Cost": 0.0,
                                                      "Total Cost": 19.25,
                                                      "Plan Rows": 492,
                                                      "Plan Width": 4,
                                                      "Filter": "(p_channel_tv = 'N'::bpchar)",
                                                      "parent": 63,
                                                      "ID": 64
                                                    }
                                                  ],
                                                  "parent": 52,
                                                  "ID": 63,
                                                  "left": 64
                                                }
                                              ],
                                              "parent": 51,
                                              "ID": 52,
                                              "left": 53,
                                              "right": 63
                                            },
                                            {
                                              "Node Type": "Hash",
                                              "Parent Relationship": "Inner",
                                              "Parallel Aware": false,
                                              "Async Capable": false,
                                              "Startup Cost": 3.42,
                                              "Total Cost": 3.42,
                                              "Plan Rows": 42,
                                              "Plan Width": 21,
                                              "Plans": [
                                                {
                                                  "Node Type": "Seq Scan",
                                                  "Parent Relationship": "Outer",
                                                  "Parallel Aware": false,
                                                  "Async Capable": false,
                                                  "Relation Name": "web_site",
                                                  "Alias": "web_site",
                                                  "Startup Cost": 0.0,
                                                  "Total Cost": 3.42,
                                                  "Plan Rows": 42,
                                                  "Plan Width": 21,
                                                  "parent": 65,
                                                  "ID": 66
                                                }
                                              ],
                                              "parent": 51,
                                              "ID": 65,
                                              "left": 66
                                            }
                                          ],
                                          "parent": 50,
                                          "ID": 51,
                                          "left": 52,
                                          "right": 65
                                        }
                                      ],
                                      "parent": 49,
                                      "ID": 50,
                                      "left": 51
                                    }
                                  ],
                                  "parent": 48,
                                  "ID": 49,
                                  "left": 50
                                }
                              ],
                              "parent": 47,
                              "ID": 48,
                              "left": 49
                            }
                          ],
                          "parent": 46,
                          "ID": 47,
                          "left": 48
                        }
                      ],
                      "parent": 3,
                      "ID": 46,
                      "left": 47
                    }
                  ],
                  "parent": 2,
                  "ID": 3,
                  "left": 4,
                  "right": 25
                }
              ],
              "parent": 1,
              "ID": 2,
              "left": 3
            }
          ],
          "parent": 0,
          "ID": 1,
          "left": 2
        }
      ],
      "parent": null,
      "ID": 0,
      "left": 1
    },
    "feat": {
      "utility": 2.1788250250482197e-06,
      "query_shape": [
        [
          "Seq Scan",
          "Hash Join",
          "Sort",
          "Aggregate",
          "Gather Merge",
          "Subquery Scan",
          "Append"
        ],
        [
          "Seq Scan",
          "Hash",
          "Hash Join",
          "Sort",
          "Aggregate",
          "Gather Merge",
          "Subquery Scan",
          "Append"
        ],
        [
          "Seq Scan",
          "Hash",
          "Hash Join",
          "Sort",
          "Aggregate",
          "Gather Merge",
          "Subquery Scan",
          "Append"
        ],
        [
          "Seq Scan",
          "Hash",
          "Hash Join",
          "Sort",
          "Aggregate",
          "Gather Merge",
          "Subquery Scan",
          "Append"
        ],
        [
          "Seq Scan",
          "Hash",
          "Hash Join",
          "Sort",
          "Aggregate",
          "Gather Merge",
          "Subquery Scan",
          "Append"
        ],
        [
          "Seq Scan",
          "Hash",
          "Hash Join",
          "Sort",
          "Aggregate",
          "Gather Merge",
          "Subquery Scan",
          "Append"
        ],
        [
          "Seq Scan",
          "Hash Join",
          "Sort",
          "Aggregate",
          "Gather Merge",
          "Subquery Scan",
          "Append"
        ],
        [
          "Seq Scan",
          "Hash",
          "Hash Join",
          "Sort",
          "Aggregate",
          "Gather Merge",
          "Subquery Scan",
          "Append"
        ],
        [
          "Seq Scan",
          "Hash",
          "Hash Join",
          "Sort",
          "Aggregate",
          "Gather Merge",
          "Subquery Scan",
          "Append"
        ],
        [
          "Seq Scan",
          "Hash",
          "Hash Join",
          "Sort",
          "Aggregate",
          "Gather Merge",
          "Subquery Scan",
          "Append"
        ],
        [
          "Seq Scan",
          "Hash",
          "Hash Join",
          "Sort",
          "Aggregate",
          "Gather Merge",
          "Subquery Scan",
          "Append"
        ],
        [
          "Seq Scan",
          "Hash",
          "Hash Join",
          "Sort",
          "Aggregate",
          "Gather Merge",
          "Subquery Scan",
          "Append"
        ],
        [
          "Seq Scan",
          "Hash Join",
          "Sort",
          "Aggregate",
          "Gather Merge",
          "Subquery Scan",
          "Append"
        ],
        [
          "Seq Scan",
          "Hash",
          "Hash Join",
          "Sort",
          "Aggregate",
          "Gather Merge",
          "Subquery Scan",
          "Append"
        ],
        [
          "Seq Scan",
          "Hash",
          "Hash Join",
          "Sort",
          "Aggregate",
          "Gather Merge",
          "Subquery Scan",
          "Append"
        ],
        [
          "Seq Scan",
          "Hash",
          "Hash Join",
          "Sort",
          "Aggregate",
          "Gather Merge",
          "Subquery Scan",
          "Append"
        ],
        [
          "Seq Scan",
          "Hash",
          "Hash Join",
          "Sort",
          "Aggregate",
          "Gather Merge",
          "Subquery Scan",
          "Append"
        ],
        [
          "Seq Scan",
          "Hash",
          "Hash Join",
          "Sort",
          "Aggregate",
          "Gather Merge",
          "Subquery Scan",
          "Append"
        ]
      ],
      "index_shape": [
        "join"
      ],
      "physical_operator": {
        "Hash Join": [
          0.0018267346539619918
        ]
      }
    }
  },
  {
    "query": "with ssr as\n (select  s_store_id as store_id,\n          sum(ss_ext_sales_price) as sales,\n          sum(coalesce(sr_return_amt, 0)) as returns,\n          sum(ss_net_profit - coalesce(sr_net_loss, 0)) as profit\n  from store_sales left outer join store_returns on\n         (ss_item_sk = sr_item_sk and ss_ticket_number = sr_ticket_number),\n     date_dim,\n     store,\n     item,\n     promotion\n where ss_sold_date_sk = d_date_sk\n       and d_date between cast('1998-08-19' as date) \n                  and (cast('1998-08-19' as date) +  interval '30 days')\n       and ss_store_sk = s_store_sk\n       and ss_item_sk = i_item_sk\n       and i_current_price > 50\n       and ss_promo_sk = p_promo_sk\n       and p_channel_tv = 'N'\n group by s_store_id)\n ,\n csr as\n (select  cp_catalog_page_id as catalog_page_id,\n          sum(cs_ext_sales_price) as sales,\n          sum(coalesce(cr_return_amount, 0)) as returns,\n          sum(cs_net_profit - coalesce(cr_net_loss, 0)) as profit\n  from catalog_sales left outer join catalog_returns on\n         (cs_item_sk = cr_item_sk and cs_order_number = cr_order_number),\n     date_dim,\n     catalog_page,\n     item,\n     promotion\n where cs_sold_date_sk = d_date_sk\n       and d_date between cast('1998-08-19' as date)\n                  and (cast('1998-08-19' as date) +  interval '30 days')\n        and cs_catalog_page_sk = cp_catalog_page_sk\n       and cs_item_sk = i_item_sk\n       and i_current_price > 50\n       and cs_promo_sk = p_promo_sk\n       and p_channel_tv = 'N'\ngroup by cp_catalog_page_id)\n ,\n wsr as\n (select  web_site_id,\n          sum(ws_ext_sales_price) as sales,\n          sum(coalesce(wr_return_amt, 0)) as returns,\n          sum(ws_net_profit - coalesce(wr_net_loss, 0)) as profit\n  from web_sales left outer join web_returns on\n         (ws_item_sk = wr_item_sk and ws_order_number = wr_order_number),\n     date_dim,\n     web_site,\n     item,\n     promotion\n where ws_sold_date_sk = d_date_sk\n       and d_date between cast('1998-08-19' as date)\n                  and (cast('1998-08-19' as date) +  interval '30 days')\n        and ws_web_site_sk = web_site_sk\n       and ws_item_sk = i_item_sk\n       and i_current_price > 50\n       and ws_promo_sk = p_promo_sk\n       and p_channel_tv = 'N'\ngroup by web_site_id)\n  select  channel\n        , id\n        , sum(sales) as sales\n        , sum(returns) as returns\n        , sum(profit) as profit\n from \n (select 'store channel' as channel\n        , 'store' || store_id as id\n        , sales\n        , returns\n        , profit\n from   ssr\n union all\n select 'catalog channel' as channel\n        , 'catalog_page' || catalog_page_id as id\n        , sales\n        , returns\n        , profit\n from  csr\n union all\n select 'web channel' as channel\n        , 'web_site' || web_site_id as id\n        , sales\n        , returns\n        , profit\n from   wsr\n ) x\n group by rollup (channel, id)\n order by channel\n         ,id\n limit 100;\n\n-- end query 61 in stream 0 using template query80.tpl\n",
    "indexes": "web_returns.wr_order_number",
    "wo plan est": {
      "Node Type": "Limit",
      "Parallel Aware": false,
      "Async Capable": false,
      "Startup Cost": 1566782.76,
      "Total Cost": 1566786.01,
      "Plan Rows": 100,
      "Plan Width": 160,
      "Plans": [
        {
          "Node Type": "Aggregate",
          "Strategy": "Sorted",
          "Partial Mode": "Simple",
          "Parent Relationship": "Outer",
          "Parallel Aware": false,
          "Async Capable": false,
          "Startup Cost": 1566782.76,
          "Total Cost": 1566795.8,
          "Plan Rows": 401,
          "Plan Width": 160,
          "Grouping Sets": [
            {
              "Group Keys": [
                [
                  "('store channel'::text)",
                  "(('store'::text || (ssr.store_id)::text))"
                ],
                [
                  "('store channel'::text)"
                ],
                []
              ]
            }
          ],
          "Plans": [
            {
              "Node Type": "Sort",
              "Parent Relationship": "Outer",
              "Parallel Aware": false,
              "Async Capable": false,
              "Startup Cost": 1566782.76,
              "Total Cost": 1566783.77,
              "Plan Rows": 401,
              "Plan Width": 160,
              "Sort Key": [
                "('store channel'::text)",
                "(('store'::text || (ssr.store_id)::text))"
              ],
              "Plans": [
                {
                  "Node Type": "Append",
                  "Parent Relationship": "Outer",
                  "Parallel Aware": false,
                  "Async Capable": false,
                  "Startup Cost": 784591.9,
                  "Total Cost": 1566765.43,
                  "Plan Rows": 401,
                  "Plan Width": 160,
                  "Subplans Removed": 0,
                  "Plans": [
                    {
                      "Node Type": "Subquery Scan",
                      "Parent Relationship": "Member",
                      "Parallel Aware": false,
                      "Async Capable": false,
                      "Alias": "ssr",
                      "Startup Cost": 784591.9,
                      "Total Cost": 784611.64,
                      "Plan Rows": 51,
                      "Plan Width": 160,
                      "Plans": [
                        {
                          "Node Type": "Aggregate",
                          "Strategy": "Sorted",
                          "Partial Mode": "Finalize",
                          "Parent Relationship": "Subquery",
                          "Parallel Aware": false,
                          "Async Capable": false,
                          "Startup Cost": 784591.9,
                          "Total Cost": 784610.87,
                          "Plan Rows": 51,
                          "Plan Width": 113,
                          "Group Key": [
                            "store.s_store_id"
                          ],
                          "Plans": [
                            {
                              "Node Type": "Gather Merge",
                              "Parent Relationship": "Outer",
                              "Parallel Aware": false,
                              "Async Capable": false,
                              "Startup Cost": 784591.9,
                              "Total Cost": 784608.2,
                              "Plan Rows": 102,
                              "Plan Width": 113,
                              "Workers Planned": 2,
                              "Plans": [
                                {
                                  "Node Type": "Aggregate",
                                  "Strategy": "Sorted",
                                  "Partial Mode": "Partial",
                                  "Parent Relationship": "Outer",
                                  "Parallel Aware": false,
                                  "Async Capable": false,
                                  "Startup Cost": 783591.88,
                                  "Total Cost": 783596.4,
                                  "Plan Rows": 51,
                                  "Plan Width": 113,
                                  "Group Key": [
                                    "store.s_store_id"
                                  ],
                                  "Plans": [
                                    {
                                      "Node Type": "Sort",
                                      "Parent Relationship": "Outer",
                                      "Parallel Aware": false,
                                      "Async Capable": false,
                                      "Startup Cost": 783591.88,
                                      "Total Cost": 783592.48,
                                      "Plan Rows": 242,
                                      "Plan Width": 41,
                                      "Sort Key": [
                                        "store.s_store_id"
                                      ],
                                      "Plans": [
                                        {
                                          "Node Type": "Hash Join",
                                          "Parent Relationship": "Outer",
                                          "Parallel Aware": false,
                                          "Async Capable": false,
                                          "Join Type": "Inner",
                                          "Startup Cost": 94489.35,
                                          "Total Cost": 783582.3,
                                          "Plan Rows": 242,
                                          "Plan Width": 41,
                                          "Inner Unique": false,
                                          "Hash Cond": "(store_sales.ss_store_sk = store.s_store_sk)",
                                          "Plans": [
                                            {
                                              "Node Type": "Hash Join",
                                              "Parent Relationship": "Outer",
                                              "Parallel Aware": false,
                                              "Async Capable": false,
                                              "Join Type": "Inner",
                                              "Startup Cost": 94482.05,
                                              "Total Cost": 783571.63,
                                              "Plan Rows": 254,
                                              "Plan Width": 28,
                                              "Inner Unique": false,
                                              "Hash Cond": "(store_sales.ss_promo_sk = promotion.p_promo_sk)",
                                              "Plans": [
                                                {
                                                  "Node Type": "Hash Join",
                                                  "Parent Relationship": "Outer",
                                                  "Parallel Aware": true,
                                                  "Async Capable": false,
                                                  "Join Type": "Inner",
                                                  "Startup Cost": 94456.65,
                                                  "Total Cost": 783542.68,
                                                  "Plan Rows": 270,
                                                  "Plan Width": 32,
                                                  "Inner Unique": false,
                                                  "Hash Cond": "(store_sales.ss_item_sk = item.i_item_sk)",
                                                  "Plans": [
                                                    {
                                                      "Node Type": "Hash Join",
                                                      "Parent Relationship": "Outer",
                                                      "Parallel Aware": true,
                                                      "Async Capable": false,
                                                      "Join Type": "Left",
                                                      "Startup Cost": 86930.88,
                                                      "Total Cost": 775998.13,
                                                      "Plan Rows": 4703,
                                                      "Plan Width": 36,
                                                      "Inner Unique": false,
                                                      "Hash Cond": "((store_sales.ss_item_sk = store_returns.sr_item_sk) AND (store_sales.ss_ticket_number = store_returns.sr_ticket_number))",
                                                      "Plans": [
                                                        {
                                                          "Node Type": "Hash Join",
                                                          "Parent Relationship": "Outer",
                                                          "Parallel Aware": true,
                                                          "Async Capable": false,
                                                          "Join Type": "Inner",
                                                          "Startup Cost": 2049.78,
                                                          "Total Cost": 683994.75,
                                                          "Plan Rows": 4703,
                                                          "Plan Width": 28,
                                                          "Inner Unique": false,
                                                          "Hash Cond": "(store_sales.ss_sold_date_sk = date_dim.d_date_sk)",
                                                          "Plans": [
                                                            {
                                                              "Node Type": "Seq Scan",
                                                              "Parent Relationship": "Outer",
                                                              "Parallel Aware": true,
                                                              "Async Capable": false,
                                                              "Relation Name": "store_sales",
                                                              "Alias": "store_sales",
                                                              "Startup Cost": 0.0,
                                                              "Total Cost": 636914.37,
                                                              "Plan Rows": 12000637,
                                                              "Plan Width": 32,
                                                              "parent": 13,
                                                              "ID": 14
                                                            },
                                                            {
                                                              "Node Type": "Hash",
                                                              "Parent Relationship": "Inner",
                                                              "Parallel Aware": true,
                                                              "Async Capable": false,
                                                              "Startup Cost": 2049.55,
                                                              "Total Cost": 2049.55,
                                                              "Plan Rows": 18,
                                                              "Plan Width": 4,
                                                              "Plans": [
                                                                {
                                                                  "Node Type": "Seq Scan",
                                                                  "Parent Relationship": "Outer",
                                                                  "Parallel Aware": true,
                                                                  "Async Capable": false,
                                                                  "Relation Name": "date_dim",
                                                                  "Alias": "date_dim",
                                                                  "Startup Cost": 0.0,
                                                                  "Total Cost": 2049.55,
                                                                  "Plan Rows": 18,
                                                                  "Plan Width": 4,
                                                                  "Filter": "((d_date >= '1998-08-19'::date) AND (d_date <= '1998-09-18 00:00:00'::timestamp without time zone))",
                                                                  "parent": 15,
                                                                  "ID": 16
                                                                }
                                                              ],
                                                              "parent": 13,
                                                              "ID": 15,
                                                              "left": 16
                                                            }
                                                          ],
                                                          "parent": 12,
                                                          "ID": 13,
                                                          "left": 14,
                                                          "right": 15
                                                        },
                                                        {
                                                          "Node Type": "Hash",
                                                          "Parent Relationship": "Inner",
                                                          "Parallel Aware": true,
                                                          "Async Capable": false,
                                                          "Startup Cost": 59887.64,
                                                          "Total Cost": 59887.64,
                                                          "Plan Rows": 1198164,
                                                          "Plan Width": 20,
                                                          "Plans": [
                                                            {
                                                              "Node Type": "Seq Scan",
                                                              "Parent Relationship": "Outer",
                                                              "Parallel Aware": true,
                                                              "Async Capable": false,
                                                              "Relation Name": "store_returns",
                                                              "Alias": "store_returns",
                                                              "Startup Cost": 0.0,
                                                              "Total Cost": 59887.64,
                                                              "Plan Rows": 1198164,
                                                              "Plan Width": 20,
                                                              "parent": 17,
                                                              "ID": 18
                                                            }
                                                          ],
                                                          "parent": 12,
                                                          "ID": 17,
                                                          "left": 18
                                                        }
                                                      ],
                                                      "parent": 11,
                                                      "ID": 12,
                                                      "left": 13,
                                                      "right": 17
                                                    },
                                                    {
                                                      "Node Type": "Hash",
                                                      "Parent Relationship": "Inner",
                                                      "Parallel Aware": true,
                                                      "Async Capable": false,
                                                      "Startup Cost": 7495.25,
                                                      "Total Cost": 7495.25,
                                                      "Plan Rows": 2442,
                                                      "Plan Width": 4,
                                                      "Plans": [
                                                        {
                                                          "Node Type": "Seq Scan",
                                                          "Parent Relationship": "Outer",
                                                          "Parallel Aware": true,
                                                          "Async Capable": false,
                                                          "Relation Name": "item",
                                                          "Alias": "item",
                                                          "Startup Cost": 0.0,
                                                          "Total Cost": 7495.25,
                                                          "Plan Rows": 2442,
                                                          "Plan Width": 4,
                                                          "Filter": "(i_current_price > '50'::numeric)",
                                                          "parent": 19,
                                                          "ID": 20
                                                        }
                                                      ],
                                                      "parent": 11,
                                                      "ID": 19,
                                                      "left": 20
                                                    }
                                                  ],
                                                  "parent": 10,
                                                  "ID": 11,
                                                  "left": 12,
                                                  "right": 19
                                                },
                                                {
                                                  "Node Type": "Hash",
                                                  "Parent Relationship": "Inner",
                                                  "Parallel Aware": false,
                                                  "Async Capable": false,
                                                  "Startup Cost": 19.25,
                                                  "Total Cost": 19.25,
                                                  "Plan Rows": 492,
                                                  "Plan Width": 4,
                                                  "Plans": [
                                                    {
                                                      "Node Type": "Seq Scan",
                                                      "Parent Relationship": "Outer",
                                                      "Parallel Aware": false,
                                                      "Async Capable": false,
                                                      "Relation Name": "promotion",
                                                      "Alias": "promotion",
                                                      "Startup Cost": 0.0,
                                                      "Total Cost": 19.25,
                                                      "Plan Rows": 492,
                                                      "Plan Width": 4,
                                                      "Filter": "(p_channel_tv = 'N'::bpchar)",
                                                      "parent": 21,
                                                      "ID": 22
                                                    }
                                                  ],
                                                  "parent": 10,
                                                  "ID": 21,
                                                  "left": 22
                                                }
                                              ],
                                              "parent": 9,
                                              "ID": 10,
                                              "left": 11,
                                              "right": 21
                                            },
                                            {
                                              "Node Type": "Hash",
                                              "Parent Relationship": "Inner",
                                              "Parallel Aware": false,
                                              "Async Capable": false,
                                              "Startup Cost": 6.02,
                                              "Total Cost": 6.02,
                                              "Plan Rows": 102,
                                              "Plan Width": 21,
                                              "Plans": [
                                                {
                                                  "Node Type": "Seq Scan",
                                                  "Parent Relationship": "Outer",
                                                  "Parallel Aware": false,
                                                  "Async Capable": false,
                                                  "Relation Name": "store",
                                                  "Alias": "store",
                                                  "Startup Cost": 0.0,
                                                  "Total Cost": 6.02,
                                                  "Plan Rows": 102,
                                                  "Plan Width": 21,
                                                  "parent": 23,
                                                  "ID": 24
                                                }
                                              ],
                                              "parent": 9,
                                              "ID": 23,
                                              "left": 24
                                            }
                                          ],
                                          "parent": 8,
                                          "ID": 9,
                                          "left": 10,
                                          "right": 23
                                        }
                                      ],
                                      "parent": 7,
                                      "ID": 8,
                                      "left": 9
                                    }
                                  ],
                                  "parent": 6,
                                  "ID": 7,
                                  "left": 8
                                }
                              ],
                              "parent": 5,
                              "ID": 6,
                              "left": 7
                            }
                          ],
                          "parent": 4,
                          "ID": 5,
                          "left": 6
                        }
                      ],
                      "parent": 3,
                      "ID": 4,
                      "left": 5
                    },
                    {
                      "Node Type": "Subquery Scan",
                      "Parent Relationship": "Member",
                      "Parallel Aware": false,
                      "Async Capable": false,
                      "Alias": "csr",
                      "Startup Cost": 518174.1,
                      "Total Cost": 518225.66,
                      "Plan Rows": 329,
                      "Plan Width": 160,
                      "Plans": [
                        {
                          "Node Type": "Aggregate",
                          "Strategy": "Sorted",
                          "Partial Mode": "Finalize",
                          "Parent Relationship": "Subquery",
                          "Parallel Aware": false,
                          "Async Capable": false,
                          "Startup Cost": 518174.1,
                          "Total Cost": 518220.73,
                          "Plan Rows": 329,
                          "Plan Width": 113,
                          "Group Key": [
                            "catalog_page.cp_catalog_page_id"
                          ],
                          "Plans": [
                            {
                              "Node Type": "Gather Merge",
                              "Parent Relationship": "Outer",
                              "Parallel Aware": false,
                              "Async Capable": false,
                              "Startup Cost": 518174.1,
                              "Total Cost": 518210.18,
                              "Plan Rows": 274,
                              "Plan Width": 113,
                              "Workers Planned": 2,
                              "Plans": [
                                {
                                  "Node Type": "Aggregate",
                                  "Strategy": "Sorted",
                                  "Partial Mode": "Partial",
                                  "Parent Relationship": "Outer",
                                  "Parallel Aware": false,
                                  "Async Capable": false,
                                  "Startup Cost": 517174.07,
                                  "Total Cost": 517178.53,
                                  "Plan Rows": 137,
                                  "Plan Width": 113,
                                  "Group Key": [
                                    "catalog_page.cp_catalog_page_id"
                                  ],
                                  "Plans": [
                                    {
                                      "Node Type": "Sort",
                                      "Parent Relationship": "Outer",
                                      "Parallel Aware": false,
                                      "Async Capable": false,
                                      "Startup Cost": 517174.07,
                                      "Total Cost": 517174.42,
                                      "Plan Rows": 137,
                                      "Plan Width": 41,
                                      "Sort Key": [
                                        "catalog_page.cp_catalog_page_id"
                                      ],
                                      "Plans": [
                                        {
                                          "Node Type": "Hash Join",
                                          "Parent Relationship": "Outer",
                                          "Parallel Aware": false,
                                          "Async Capable": false,
                                          "Join Type": "Inner",
                                          "Startup Cost": 57382.33,
                                          "Total Cost": 517169.21,
                                          "Plan Rows": 137,
                                          "Plan Width": 41,
                                          "Inner Unique": false,
                                          "Hash Cond": "(catalog_sales.cs_catalog_page_sk = catalog_page.cp_catalog_page_sk)",
                                          "Plans": [
                                            {
                                              "Node Type": "Hash Join",
                                              "Parent Relationship": "Outer",
                                              "Parallel Aware": false,
                                              "Async Capable": false,
                                              "Join Type": "Inner",
                                              "Startup Cost": 56864.33,
                                              "Total Cost": 516649.32,
                                              "Plan Rows": 138,
                                              "Plan Width": 28,
                                              "Inner Unique": false,
                                              "Hash Cond": "(catalog_sales.cs_promo_sk = promotion_1.p_promo_sk)",
                                              "Plans": [
                                                {
                                                  "Node Type": "Hash Join",
                                                  "Parent Relationship": "Outer",
                                                  "Parallel Aware": true,
                                                  "Async Capable": false,
                                                  "Join Type": "Inner",
                                                  "Startup Cost": 56838.93,
                                                  "Total Cost": 516622.01,
                                                  "Plan Rows": 141,
                                                  "Plan Width": 32,
                                                  "Inner Unique": false,
                                                  "Hash Cond": "(catalog_sales.cs_item_sk = item_1.i_item_sk)",
                                                  "Plans": [
                                                    {
                                                      "Node Type": "Hash Join",
                                                      "Parent Relationship": "Outer",
                                                      "Parallel Aware": true,
                                                      "Async Capable": false,
                                                      "Join Type": "Left",
                                                      "Startup Cost": 49313.15,
                                                      "Total Cost": 509086.46,
                                                      "Plan Rows": 2450,
                                                      "Plan Width": 36,
                                                      "Inner Unique": false,
                                                      "Hash Cond": "((catalog_sales.cs_item_sk = catalog_returns.cr_item_sk) AND (catalog_sales.cs_order_number = catalog_returns.cr_order_number))",
                                                      "Plans": [
                                                        {
                                                          "Node Type": "Hash Join",
                                                          "Parent Relationship": "Outer",
                                                          "Parallel Aware": true,
                                                          "Async Capable": false,
                                                          "Join Type": "Inner",
                                                          "Startup Cost": 2049.78,
                                                          "Total Cost": 458254.7,
                                                          "Plan Rows": 2450,
                                                          "Plan Width": 28,
                                                          "Inner Unique": false,
                                                          "Hash Cond": "(catalog_sales.cs_sold_date_sk = date_dim_1.d_date_sk)",
                                                          "Plans": [
                                                            {
                                                              "Node Type": "Seq Scan",
                                                              "Parent Relationship": "Outer",
                                                              "Parallel Aware": true,
                                                              "Async Capable": false,
                                                              "Relation Name": "catalog_sales",
                                                              "Alias": "catalog_sales",
                                                              "Startup Cost": 0.0,
                                                              "Total Cost": 433688.25,
                                                              "Plan Rows": 6000525,
                                                              "Plan Width": 32,
                                                              "parent": 34,
                                                              "ID": 35
                                                            },
                                                            {
                                                              "Node Type": "Hash",
                                                              "Parent Relationship": "Inner",
                                                              "Parallel Aware": true,
                                                              "Async Capable": false,
                                                              "Startup Cost": 2049.55,
                                                              "Total Cost": 2049.55,
                                                              "Plan Rows": 18,
                                                              "Plan Width": 4,
                                                              "Plans": [
                                                                {
                                                                  "Node Type": "Seq Scan",
                                                                  "Parent Relationship": "Outer",
                                                                  "Parallel Aware": true,
                                                                  "Async Capable": false,
                                                                  "Relation Name": "date_dim",
                                                                  "Alias": "date_dim_1",
                                                                  "Startup Cost": 0.0,
                                                                  "Total Cost": 2049.55,
                                                                  "Plan Rows": 18,
                                                                  "Plan Width": 4,
                                                                  "Filter": "((d_date >= '1998-08-19'::date) AND (d_date <= '1998-09-18 00:00:00'::timestamp without time zone))",
                                                                  "parent": 36,
                                                                  "ID": 37
                                                                }
                                                              ],
                                                              "parent": 34,
                                                              "ID": 36,
                                                              "left": 37
                                                            }
                                                          ],
                                                          "parent": 33,
                                                          "ID": 34,
                                                          "left": 35,
                                                          "right": 36
                                                        },
                                                        {
                                                          "Node Type": "Hash",
                                                          "Parent Relationship": "Inner",
                                                          "Parallel Aware": true,
                                                          "Async Capable": false,
                                                          "Startup Cost": 34748.95,
                                                          "Total Cost": 34748.95,
                                                          "Plan Rows": 599895,
                                                          "Plan Width": 20,
                                                          "Plans": [
                                                            {
                                                              "Node Type": "Seq Scan",
                                                              "Parent Relationship": "Outer",
                                                              "Parallel Aware": true,
                                                              "Async Capable": false,
                                                              "Relation Name": "catalog_returns",
                                                              "Alias": "catalog_returns",
                                                              "Startup Cost": 0.0,
                                                              "Total Cost": 34748.95,
                                                              "Plan Rows": 599895,
                                                              "Plan Width": 20,
                                                              "parent": 38,
                                                              "ID": 39
                                                            }
                                                          ],
                                                          "parent": 33,
                                                          "ID": 38,
                                                          "left": 39
                                                        }
                                                      ],
                                                      "parent": 32,
                                                      "ID": 33,
                                                      "left": 34,
                                                      "right": 38
                                                    },
                                                    {
                                                      "Node Type": "Hash",
                                                      "Parent Relationship": "Inner",
                                                      "Parallel Aware": true,
                                                      "Async Capable": false,
                                                      "Startup Cost": 7495.25,
                                                      "Total Cost": 7495.25,
                                                      "Plan Rows": 2442,
                                                      "Plan Width": 4,
                                                      "Plans": [
                                                        {
                                                          "Node Type": "Seq Scan",
                                                          "Parent Relationship": "Outer",
                                                          "Parallel Aware": true,
                                                          "Async Capable": false,
                                                          "Relation Name": "item",
                                                          "Alias": "item_1",
                                                          "Startup Cost": 0.0,
                                                          "Total Cost": 7495.25,
                                                          "Plan Rows": 2442,
                                                          "Plan Width": 4,
                                                          "Filter": "(i_current_price > '50'::numeric)",
                                                          "parent": 40,
                                                          "ID": 41
                                                        }
                                                      ],
                                                      "parent": 32,
                                                      "ID": 40,
                                                      "left": 41
                                                    }
                                                  ],
                                                  "parent": 31,
                                                  "ID": 32,
                                                  "left": 33,
                                                  "right": 40
                                                },
                                                {
                                                  "Node Type": "Hash",
                                                  "Parent Relationship": "Inner",
                                                  "Parallel Aware": false,
                                                  "Async Capable": false,
                                                  "Startup Cost": 19.25,
                                                  "Total Cost": 19.25,
                                                  "Plan Rows": 492,
                                                  "Plan Width": 4,
                                                  "Plans": [
                                                    {
                                                      "Node Type": "Seq Scan",
                                                      "Parent Relationship": "Outer",
                                                      "Parallel Aware": false,
                                                      "Async Capable": false,
                                                      "Relation Name": "promotion",
                                                      "Alias": "promotion_1",
                                                      "Startup Cost": 0.0,
                                                      "Total Cost": 19.25,
                                                      "Plan Rows": 492,
                                                      "Plan Width": 4,
                                                      "Filter": "(p_channel_tv = 'N'::bpchar)",
                                                      "parent": 42,
                                                      "ID": 43
                                                    }
                                                  ],
                                                  "parent": 31,
                                                  "ID": 42,
                                                  "left": 43
                                                }
                                              ],
                                              "parent": 30,
                                              "ID": 31,
                                              "left": 32,
                                              "right": 42
                                            },
                                            {
                                              "Node Type": "Hash",
                                              "Parent Relationship": "Inner",
                                              "Parallel Aware": false,
                                              "Async Capable": false,
                                              "Startup Cost": 368.0,
                                              "Total Cost": 368.0,
                                              "Plan Rows": 12000,
                                              "Plan Width": 21,
                                              "Plans": [
                                                {
                                                  "Node Type": "Seq Scan",
                                                  "Parent Relationship": "Outer",
                                                  "Parallel Aware": false,
                                                  "Async Capable": false,
                                                  "Relation Name": "catalog_page",
                                                  "Alias": "catalog_page",
                                                  "Startup Cost": 0.0,
                                                  "Total Cost": 368.0,
                                                  "Plan Rows": 12000,
                                                  "Plan Width": 21,
                                                  "parent": 44,
                                                  "ID": 45
                                                }
                                              ],
                                              "parent": 30,
                                              "ID": 44,
                                              "left": 45
                                            }
                                          ],
                                          "parent": 29,
                                          "ID": 30,
                                          "left": 31,
                                          "right": 44
                                        }
                                      ],
                                      "parent": 28,
                                      "ID": 29,
                                      "left": 30
                                    }
                                  ],
                                  "parent": 27,
                                  "ID": 28,
                                  "left": 29
                                }
                              ],
                              "parent": 26,
                              "ID": 27,
                              "left": 28
                            }
                          ],
                          "parent": 25,
                          "ID": 26,
                          "left": 27
                        }
                      ],
                      "parent": 3,
                      "ID": 25,
                      "left": 26
                    },
                    {
                      "Node Type": "Subquery Scan",
                      "Parent Relationship": "Member",
                      "Parallel Aware": false,
                      "Async Capable": false,
                      "Alias": "wsr",
                      "Startup Cost": 263918.43,
                      "Total Cost": 263926.12,
                      "Plan Rows": 21,
                      "Plan Width": 160,
                      "Plans": [
                        {
                          "Node Type": "Aggregate",
                          "Strategy": "Sorted",
                          "Partial Mode": "Finalize",
                          "Parent Relationship": "Subquery",
                          "Parallel Aware": false,
                          "Async Capable": false,
                          "Startup Cost": 263918.43,
                          "Total Cost": 263925.8,
                          "Plan Rows": 21,
                          "Plan Width": 113,
                          "Group Key": [
                            "web_site.web_site_id"
                          ],
                          "Plans": [
                            {
                              "Node Type": "Gather Merge",
                              "Parent Relationship": "Outer",
                              "Parallel Aware": false,
                              "Async Capable": false,
                              "Startup Cost": 263918.43,
                              "Total Cost": 263924.7,
                              "Plan Rows": 42,
                              "Plan Width": 113,
                              "Workers Planned": 2,
                              "Plans": [
                                {
                                  "Node Type": "Aggregate",
                                  "Strategy": "Sorted",
                                  "Partial Mode": "Partial",
                                  "Parent Relationship": "Outer",
                                  "Parallel Aware": false,
                                  "Async Capable": false,
                                  "Startup Cost": 262918.41,
                                  "Total Cost": 262919.83,
                                  "Plan Rows": 21,
                                  "Plan Width": 113,
                                  "Group Key": [
                                    "web_site.web_site_id"
                                  ],
                                  "Plans": [
                                    {
                                      "Node Type": "Sort",
                                      "Parent Relationship": "Outer",
                                      "Parallel Aware": false,
                                      "Async Capable": false,
                                      "Startup Cost": 262918.41,
                                      "Total Cost": 262918.59,
                                      "Plan Rows": 70,
                                      "Plan Width": 41,
                                      "Sort Key": [
                                        "web_site.web_site_id"
                                      ],
                                      "Plans": [
                                        {
                                          "Node Type": "Hash Join",
                                          "Parent Relationship": "Outer",
                                          "Parallel Aware": false,
                                          "Async Capable": false,
                                          "Join Type": "Inner",
                                          "Startup Cost": 32134.74,
                                          "Total Cost": 262916.27,
                                          "Plan Rows": 70,
                                          "Plan Width": 41,
                                          "Inner Unique": false,
                                          "Hash Cond": "(web_sales.ws_web_site_sk = web_site.web_site_sk)",
                                          "Plans": [
                                            {
                                              "Node Type": "Hash Join",
                                              "Parent Relationship": "Outer",
                                              "Parallel Aware": false,
                                              "Async Capable": false,
                                              "Join Type": "Inner",
                                              "Startup Cost": 32130.8,
                                              "Total Cost": 262911.36,
                                              "Plan Rows": 70,
                                              "Plan Width": 28,
                                              "Inner Unique": false,
                                              "Hash Cond": "(web_sales.ws_promo_sk = promotion_2.p_promo_sk)",
                                              "Plans": [
                                                {
                                                  "Node Type": "Hash Join",
                                                  "Parent Relationship": "Outer",
                                                  "Parallel Aware": true,
                                                  "Async Capable": false,
                                                  "Join Type": "Inner",
                                                  "Startup Cost": 32105.4,
                                                  "Total Cost": 262884.99,
                                                  "Plan Rows": 71,
                                                  "Plan Width": 32,
                                                  "Inner Unique": false,
                                                  "Hash Cond": "(web_sales.ws_item_sk = item_2.i_item_sk)",
                                                  "Plans": [
                                                    {
                                                      "Node Type": "Hash Join",
                                                      "Parent Relationship": "Outer",
                                                      "Parallel Aware": true,
                                                      "Async Capable": false,
                                                      "Join Type": "Left",
                                                      "Startup Cost": 24579.62,
                                                      "Total Cost": 255354.31,
                                                      "Plan Rows": 1231,
                                                      "Plan Width": 36,
                                                      "Inner Unique": false,
                                                      "Hash Cond": "((web_sales.ws_item_sk = web_returns.wr_item_sk) AND (web_sales.ws_order_number = web_returns.wr_order_number))",
                                                      "Plans": [
                                                        {
                                                          "Node Type": "Hash Join",
                                                          "Parent Relationship": "Outer",
                                                          "Parallel Aware": true,
                                                          "Async Capable": false,
                                                          "Join Type": "Inner",
                                                          "Startup Cost": 2049.78,
                                                          "Total Cost": 231041.22,
                                                          "Plan Rows": 1231,
                                                          "Plan Width": 28,
                                                          "Inner Unique": false,
                                                          "Hash Cond": "(web_sales.ws_sold_date_sk = date_dim_2.d_date_sk)",
                                                          "Plans": [
                                                            {
                                                              "Node Type": "Seq Scan",
                                                              "Parent Relationship": "Outer",
                                                              "Parallel Aware": true,
                                                              "Async Capable": false,
                                                              "Relation Name": "web_sales",
                                                              "Alias": "web_sales",
                                                              "Startup Cost": 0.0,
                                                              "Total Cost": 217737.86,
                                                              "Plan Rows": 2998986,
                                                              "Plan Width": 32,
                                                              "parent": 55,
                                                              "ID": 56
                                                            },
                                                            {
                                                              "Node Type": "Hash",
                                                              "Parent Relationship": "Inner",
                                                              "Parallel Aware": true,
                                                              "Async Capable": false,
                                                              "Startup Cost": 2049.55,
                                                              "Total Cost": 2049.55,
                                                              "Plan Rows": 18,
                                                              "Plan Width": 4,
                                                              "Plans": [
                                                                {
                                                                  "Node Type": "Seq Scan",
                                                                  "Parent Relationship": "Outer",
                                                                  "Parallel Aware": true,
                                                                  "Async Capable": false,
                                                                  "Relation Name": "date_dim",
                                                                  "Alias": "date_dim_2",
                                                                  "Startup Cost": 0.0,
                                                                  "Total Cost": 2049.55,
                                                                  "Plan Rows": 18,
                                                                  "Plan Width": 4,
                                                                  "Filter": "((d_date >= '1998-08-19'::date) AND (d_date <= '1998-09-18 00:00:00'::timestamp without time zone))",
                                                                  "parent": 57,
                                                                  "ID": 58
                                                                }
                                                              ],
                                                              "parent": 55,
                                                              "ID": 57,
                                                              "left": 58
                                                            }
                                                          ],
                                                          "parent": 54,
                                                          "ID": 55,
                                                          "left": 56,
                                                          "right": 57
                                                        },
                                                        {
                                                          "Node Type": "Hash",
                                                          "Parent Relationship": "Inner",
                                                          "Parallel Aware": true,
                                                          "Async Capable": false,
                                                          "Startup Cost": 16278.74,
                                                          "Total Cost": 16278.74,
                                                          "Plan Rows": 299674,
                                                          "Plan Width": 20,
                                                          "Plans": [
                                                            {
                                                              "Node Type": "Seq Scan",
                                                              "Parent Relationship": "Outer",
                                                              "Parallel Aware": true,
                                                              "Async Capable": false,
                                                              "Relation Name": "web_returns",
                                                              "Alias": "web_returns",
                                                              "Startup Cost": 0.0,
                                                              "Total Cost": 16278.74,
                                                              "Plan Rows": 299674,
                                                              "Plan Width": 20,
                                                              "parent": 59,
                                                              "ID": 60
                                                            }
                                                          ],
                                                          "parent": 54,
                                                          "ID": 59,
                                                          "left": 60
                                                        }
                                                      ],
                                                      "parent": 53,
                                                      "ID": 54,
                                                      "left": 55,
                                                      "right": 59
                                                    },
                                                    {
                                                      "Node Type": "Hash",
                                                      "Parent Relationship": "Inner",
                                                      "Parallel Aware": true,
                                                      "Async Capable": false,
                                                      "Startup Cost": 7495.25,
                                                      "Total Cost": 7495.25,
                                                      "Plan Rows": 2442,
                                                      "Plan Width": 4,
                                                      "Plans": [
                                                        {
                                                          "Node Type": "Seq Scan",
                                                          "Parent Relationship": "Outer",
                                                          "Parallel Aware": true,
                                                          "Async Capable": false,
                                                          "Relation Name": "item",
                                                          "Alias": "item_2",
                                                          "Startup Cost": 0.0,
                                                          "Total Cost": 7495.25,
                                                          "Plan Rows": 2442,
                                                          "Plan Width": 4,
                                                          "Filter": "(i_current_price > '50'::numeric)",
                                                          "parent": 61,
                                                          "ID": 62
                                                        }
                                                      ],
                                                      "parent": 53,
                                                      "ID": 61,
                                                      "left": 62
                                                    }
                                                  ],
                                                  "parent": 52,
                                                  "ID": 53,
                                                  "left": 54,
                                                  "right": 61
                                                },
                                                {
                                                  "Node Type": "Hash",
                                                  "Parent Relationship": "Inner",
                                                  "Parallel Aware": false,
                                                  "Async Capable": false,
                                                  "Startup Cost": 19.25,
                                                  "Total Cost": 19.25,
                                                  "Plan Rows": 492,
                                                  "Plan Width": 4,
                                                  "Plans": [
                                                    {
                                                      "Node Type": "Seq Scan",
                                                      "Parent Relationship": "Outer",
                                                      "Parallel Aware": false,
                                                      "Async Capable": false,
                                                      "Relation Name": "promotion",
                                                      "Alias": "promotion_2",
                                                      "Startup Cost": 0.0,
                                                      "Total Cost": 19.25,
                                                      "Plan Rows": 492,
                                                      "Plan Width": 4,
                                                      "Filter": "(p_channel_tv = 'N'::bpchar)",
                                                      "parent": 63,
                                                      "ID": 64
                                                    }
                                                  ],
                                                  "parent": 52,
                                                  "ID": 63,
                                                  "left": 64
                                                }
                                              ],
                                              "parent": 51,
                                              "ID": 52,
                                              "left": 53,
                                              "right": 63
                                            },
                                            {
                                              "Node Type": "Hash",
                                              "Parent Relationship": "Inner",
                                              "Parallel Aware": false,
                                              "Async Capable": false,
                                              "Startup Cost": 3.42,
                                              "Total Cost": 3.42,
                                              "Plan Rows": 42,
                                              "Plan Width": 21,
                                              "Plans": [
                                                {
                                                  "Node Type": "Seq Scan",
                                                  "Parent Relationship": "Outer",
                                                  "Parallel Aware": false,
                                                  "Async Capable": false,
                                                  "Relation Name": "web_site",
                                                  "Alias": "web_site",
                                                  "Startup Cost": 0.0,
                                                  "Total Cost": 3.42,
                                                  "Plan Rows": 42,
                                                  "Plan Width": 21,
                                                  "parent": 65,
                                                  "ID": 66
                                                }
                                              ],
                                              "parent": 51,
                                              "ID": 65,
                                              "left": 66
                                            }
                                          ],
                                          "parent": 50,
                                          "ID": 51,
                                          "left": 52,
                                          "right": 65
                                        }
                                      ],
                                      "parent": 49,
                                      "ID": 50,
                                      "left": 51
                                    }
                                  ],
                                  "parent": 48,
                                  "ID": 49,
                                  "left": 50
                                }
                              ],
                              "parent": 47,
                              "ID": 48,
                              "left": 49
                            }
                          ],
                          "parent": 46,
                          "ID": 47,
                          "left": 48
                        }
                      ],
                      "parent": 3,
                      "ID": 46,
                      "left": 47
                    }
                  ],
                  "parent": 2,
                  "ID": 3,
                  "left": 4,
                  "right": 25
                }
              ],
              "parent": 1,
              "ID": 2,
              "left": 3
            }
          ],
          "parent": 0,
          "ID": 1,
          "left": 2
        }
      ],
      "parent": null,
      "ID": 0,
      "left": 1
    },
    "feat": {
      "utility": 2.1788250250482197e-06,
      "query_shape": [
        [
          "Seq Scan",
          "Hash Join",
          "Sort",
          "Aggregate",
          "Gather Merge",
          "Subquery Scan",
          "Append"
        ],
        [
          "Seq Scan",
          "Hash",
          "Hash Join",
          "Sort",
          "Aggregate",
          "Gather Merge",
          "Subquery Scan",
          "Append"
        ],
        [
          "Seq Scan",
          "Hash",
          "Hash Join",
          "Sort",
          "Aggregate",
          "Gather Merge",
          "Subquery Scan",
          "Append"
        ],
        [
          "Seq Scan",
          "Hash",
          "Hash Join",
          "Sort",
          "Aggregate",
          "Gather Merge",
          "Subquery Scan",
          "Append"
        ],
        [
          "Seq Scan",
          "Hash",
          "Hash Join",
          "Sort",
          "Aggregate",
          "Gather Merge",
          "Subquery Scan",
          "Append"
        ],
        [
          "Seq Scan",
          "Hash",
          "Hash Join",
          "Sort",
          "Aggregate",
          "Gather Merge",
          "Subquery Scan",
          "Append"
        ],
        [
          "Seq Scan",
          "Hash Join",
          "Sort",
          "Aggregate",
          "Gather Merge",
          "Subquery Scan",
          "Append"
        ],
        [
          "Seq Scan",
          "Hash",
          "Hash Join",
          "Sort",
          "Aggregate",
          "Gather Merge",
          "Subquery Scan",
          "Append"
        ],
        [
          "Seq Scan",
          "Hash",
          "Hash Join",
          "Sort",
          "Aggregate",
          "Gather Merge",
          "Subquery Scan",
          "Append"
        ],
        [
          "Seq Scan",
          "Hash",
          "Hash Join",
          "Sort",
          "Aggregate",
          "Gather Merge",
          "Subquery Scan",
          "Append"
        ],
        [
          "Seq Scan",
          "Hash",
          "Hash Join",
          "Sort",
          "Aggregate",
          "Gather Merge",
          "Subquery Scan",
          "Append"
        ],
        [
          "Seq Scan",
          "Hash",
          "Hash Join",
          "Sort",
          "Aggregate",
          "Gather Merge",
          "Subquery Scan",
          "Append"
        ],
        [
          "Seq Scan",
          "Hash Join",
          "Sort",
          "Aggregate",
          "Gather Merge",
          "Subquery Scan",
          "Append"
        ],
        [
          "Seq Scan",
          "Hash",
          "Hash Join",
          "Sort",
          "Aggregate",
          "Gather Merge",
          "Subquery Scan",
          "Append"
        ],
        [
          "Seq Scan",
          "Hash",
          "Hash Join",
          "Sort",
          "Aggregate",
          "Gather Merge",
          "Subquery Scan",
          "Append"
        ],
        [
          "Seq Scan",
          "Hash",
          "Hash Join",
          "Sort",
          "Aggregate",
          "Gather Merge",
          "Subquery Scan",
          "Append"
        ],
        [
          "Seq Scan",
          "Hash",
          "Hash Join",
          "Sort",
          "Aggregate",
          "Gather Merge",
          "Subquery Scan",
          "Append"
        ],
        [
          "Seq Scan",
          "Hash",
          "Hash Join",
          "Sort",
          "Aggregate",
          "Gather Merge",
          "Subquery Scan",
          "Append"
        ]
      ],
      "index_shape": [
        "join"
      ],
      "physical_operator": {
        "Hash Join": [
          0.0018267346539619918
        ]
      }
    }
  },
  {
    "query": "with ssr as\n (select  s_store_id as store_id,\n          sum(ss_ext_sales_price) as sales,\n          sum(coalesce(sr_return_amt, 0)) as returns,\n          sum(ss_net_profit - coalesce(sr_net_loss, 0)) as profit\n  from store_sales left outer join store_returns on\n         (ss_item_sk = sr_item_sk and ss_ticket_number = sr_ticket_number),\n     date_dim,\n     store,\n     item,\n     promotion\n where ss_sold_date_sk = d_date_sk\n       and d_date between cast('1998-08-19' as date) \n                  and (cast('1998-08-19' as date) +  interval '30 days')\n       and ss_store_sk = s_store_sk\n       and ss_item_sk = i_item_sk\n       and i_current_price > 50\n       and ss_promo_sk = p_promo_sk\n       and p_channel_tv = 'N'\n group by s_store_id)\n ,\n csr as\n (select  cp_catalog_page_id as catalog_page_id,\n          sum(cs_ext_sales_price) as sales,\n          sum(coalesce(cr_return_amount, 0)) as returns,\n          sum(cs_net_profit - coalesce(cr_net_loss, 0)) as profit\n  from catalog_sales left outer join catalog_returns on\n         (cs_item_sk = cr_item_sk and cs_order_number = cr_order_number),\n     date_dim,\n     catalog_page,\n     item,\n     promotion\n where cs_sold_date_sk = d_date_sk\n       and d_date between cast('1998-08-19' as date)\n                  and (cast('1998-08-19' as date) +  interval '30 days')\n        and cs_catalog_page_sk = cp_catalog_page_sk\n       and cs_item_sk = i_item_sk\n       and i_current_price > 50\n       and cs_promo_sk = p_promo_sk\n       and p_channel_tv = 'N'\ngroup by cp_catalog_page_id)\n ,\n wsr as\n (select  web_site_id,\n          sum(ws_ext_sales_price) as sales,\n          sum(coalesce(wr_return_amt, 0)) as returns,\n          sum(ws_net_profit - coalesce(wr_net_loss, 0)) as profit\n  from web_sales left outer join web_returns on\n         (ws_item_sk = wr_item_sk and ws_order_number = wr_order_number),\n     date_dim,\n     web_site,\n     item,\n     promotion\n where ws_sold_date_sk = d_date_sk\n       and d_date between cast('1998-08-19' as date)\n                  and (cast('1998-08-19' as date) +  interval '30 days')\n        and ws_web_site_sk = web_site_sk\n       and ws_item_sk = i_item_sk\n       and i_current_price > 50\n       and ws_promo_sk = p_promo_sk\n       and p_channel_tv = 'N'\ngroup by web_site_id)\n  select  channel\n        , id\n        , sum(sales) as sales\n        , sum(returns) as returns\n        , sum(profit) as profit\n from \n (select 'store channel' as channel\n        , 'store' || store_id as id\n        , sales\n        , returns\n        , profit\n from   ssr\n union all\n select 'catalog channel' as channel\n        , 'catalog_page' || catalog_page_id as id\n        , sales\n        , returns\n        , profit\n from  csr\n union all\n select 'web channel' as channel\n        , 'web_site' || web_site_id as id\n        , sales\n        , returns\n        , profit\n from   wsr\n ) x\n group by rollup (channel, id)\n order by channel\n         ,id\n limit 100;\n\n-- end query 61 in stream 0 using template query80.tpl\n",
    "indexes": "web_returns.wr_return_amt",
    "wo plan est": {
      "Node Type": "Limit",
      "Parallel Aware": false,
      "Async Capable": false,
      "Startup Cost": 1566782.76,
      "Total Cost": 1566786.01,
      "Plan Rows": 100,
      "Plan Width": 160,
      "Plans": [
        {
          "Node Type": "Aggregate",
          "Strategy": "Sorted",
          "Partial Mode": "Simple",
          "Parent Relationship": "Outer",
          "Parallel Aware": false,
          "Async Capable": false,
          "Startup Cost": 1566782.76,
          "Total Cost": 1566795.8,
          "Plan Rows": 401,
          "Plan Width": 160,
          "Grouping Sets": [
            {
              "Group Keys": [
                [
                  "('store channel'::text)",
                  "(('store'::text || (ssr.store_id)::text))"
                ],
                [
                  "('store channel'::text)"
                ],
                []
              ]
            }
          ],
          "Plans": [
            {
              "Node Type": "Sort",
              "Parent Relationship": "Outer",
              "Parallel Aware": false,
              "Async Capable": false,
              "Startup Cost": 1566782.76,
              "Total Cost": 1566783.77,
              "Plan Rows": 401,
              "Plan Width": 160,
              "Sort Key": [
                "('store channel'::text)",
                "(('store'::text || (ssr.store_id)::text))"
              ],
              "Plans": [
                {
                  "Node Type": "Append",
                  "Parent Relationship": "Outer",
                  "Parallel Aware": false,
                  "Async Capable": false,
                  "Startup Cost": 784591.9,
                  "Total Cost": 1566765.43,
                  "Plan Rows": 401,
                  "Plan Width": 160,
                  "Subplans Removed": 0,
                  "Plans": [
                    {
                      "Node Type": "Subquery Scan",
                      "Parent Relationship": "Member",
                      "Parallel Aware": false,
                      "Async Capable": false,
                      "Alias": "ssr",
                      "Startup Cost": 784591.9,
                      "Total Cost": 784611.64,
                      "Plan Rows": 51,
                      "Plan Width": 160,
                      "Plans": [
                        {
                          "Node Type": "Aggregate",
                          "Strategy": "Sorted",
                          "Partial Mode": "Finalize",
                          "Parent Relationship": "Subquery",
                          "Parallel Aware": false,
                          "Async Capable": false,
                          "Startup Cost": 784591.9,
                          "Total Cost": 784610.87,
                          "Plan Rows": 51,
                          "Plan Width": 113,
                          "Group Key": [
                            "store.s_store_id"
                          ],
                          "Plans": [
                            {
                              "Node Type": "Gather Merge",
                              "Parent Relationship": "Outer",
                              "Parallel Aware": false,
                              "Async Capable": false,
                              "Startup Cost": 784591.9,
                              "Total Cost": 784608.2,
                              "Plan Rows": 102,
                              "Plan Width": 113,
                              "Workers Planned": 2,
                              "Plans": [
                                {
                                  "Node Type": "Aggregate",
                                  "Strategy": "Sorted",
                                  "Partial Mode": "Partial",
                                  "Parent Relationship": "Outer",
                                  "Parallel Aware": false,
                                  "Async Capable": false,
                                  "Startup Cost": 783591.88,
                                  "Total Cost": 783596.4,
                                  "Plan Rows": 51,
                                  "Plan Width": 113,
                                  "Group Key": [
                                    "store.s_store_id"
                                  ],
                                  "Plans": [
                                    {
                                      "Node Type": "Sort",
                                      "Parent Relationship": "Outer",
                                      "Parallel Aware": false,
                                      "Async Capable": false,
                                      "Startup Cost": 783591.88,
                                      "Total Cost": 783592.48,
                                      "Plan Rows": 242,
                                      "Plan Width": 41,
                                      "Sort Key": [
                                        "store.s_store_id"
                                      ],
                                      "Plans": [
                                        {
                                          "Node Type": "Hash Join",
                                          "Parent Relationship": "Outer",
                                          "Parallel Aware": false,
                                          "Async Capable": false,
                                          "Join Type": "Inner",
                                          "Startup Cost": 94489.35,
                                          "Total Cost": 783582.3,
                                          "Plan Rows": 242,
                                          "Plan Width": 41,
                                          "Inner Unique": false,
                                          "Hash Cond": "(store_sales.ss_store_sk = store.s_store_sk)",
                                          "Plans": [
                                            {
                                              "Node Type": "Hash Join",
                                              "Parent Relationship": "Outer",
                                              "Parallel Aware": false,
                                              "Async Capable": false,
                                              "Join Type": "Inner",
                                              "Startup Cost": 94482.05,
                                              "Total Cost": 783571.63,
                                              "Plan Rows": 254,
                                              "Plan Width": 28,
                                              "Inner Unique": false,
                                              "Hash Cond": "(store_sales.ss_promo_sk = promotion.p_promo_sk)",
                                              "Plans": [
                                                {
                                                  "Node Type": "Hash Join",
                                                  "Parent Relationship": "Outer",
                                                  "Parallel Aware": true,
                                                  "Async Capable": false,
                                                  "Join Type": "Inner",
                                                  "Startup Cost": 94456.65,
                                                  "Total Cost": 783542.68,
                                                  "Plan Rows": 270,
                                                  "Plan Width": 32,
                                                  "Inner Unique": false,
                                                  "Hash Cond": "(store_sales.ss_item_sk = item.i_item_sk)",
                                                  "Plans": [
                                                    {
                                                      "Node Type": "Hash Join",
                                                      "Parent Relationship": "Outer",
                                                      "Parallel Aware": true,
                                                      "Async Capable": false,
                                                      "Join Type": "Left",
                                                      "Startup Cost": 86930.88,
                                                      "Total Cost": 775998.13,
                                                      "Plan Rows": 4703,
                                                      "Plan Width": 36,
                                                      "Inner Unique": false,
                                                      "Hash Cond": "((store_sales.ss_item_sk = store_returns.sr_item_sk) AND (store_sales.ss_ticket_number = store_returns.sr_ticket_number))",
                                                      "Plans": [
                                                        {
                                                          "Node Type": "Hash Join",
                                                          "Parent Relationship": "Outer",
                                                          "Parallel Aware": true,
                                                          "Async Capable": false,
                                                          "Join Type": "Inner",
                                                          "Startup Cost": 2049.78,
                                                          "Total Cost": 683994.75,
                                                          "Plan Rows": 4703,
                                                          "Plan Width": 28,
                                                          "Inner Unique": false,
                                                          "Hash Cond": "(store_sales.ss_sold_date_sk = date_dim.d_date_sk)",
                                                          "Plans": [
                                                            {
                                                              "Node Type": "Seq Scan",
                                                              "Parent Relationship": "Outer",
                                                              "Parallel Aware": true,
                                                              "Async Capable": false,
                                                              "Relation Name": "store_sales",
                                                              "Alias": "store_sales",
                                                              "Startup Cost": 0.0,
                                                              "Total Cost": 636914.37,
                                                              "Plan Rows": 12000637,
                                                              "Plan Width": 32,
                                                              "parent": 13,
                                                              "ID": 14
                                                            },
                                                            {
                                                              "Node Type": "Hash",
                                                              "Parent Relationship": "Inner",
                                                              "Parallel Aware": true,
                                                              "Async Capable": false,
                                                              "Startup Cost": 2049.55,
                                                              "Total Cost": 2049.55,
                                                              "Plan Rows": 18,
                                                              "Plan Width": 4,
                                                              "Plans": [
                                                                {
                                                                  "Node Type": "Seq Scan",
                                                                  "Parent Relationship": "Outer",
                                                                  "Parallel Aware": true,
                                                                  "Async Capable": false,
                                                                  "Relation Name": "date_dim",
                                                                  "Alias": "date_dim",
                                                                  "Startup Cost": 0.0,
                                                                  "Total Cost": 2049.55,
                                                                  "Plan Rows": 18,
                                                                  "Plan Width": 4,
                                                                  "Filter": "((d_date >= '1998-08-19'::date) AND (d_date <= '1998-09-18 00:00:00'::timestamp without time zone))",
                                                                  "parent": 15,
                                                                  "ID": 16
                                                                }
                                                              ],
                                                              "parent": 13,
                                                              "ID": 15,
                                                              "left": 16
                                                            }
                                                          ],
                                                          "parent": 12,
                                                          "ID": 13,
                                                          "left": 14,
                                                          "right": 15
                                                        },
                                                        {
                                                          "Node Type": "Hash",
                                                          "Parent Relationship": "Inner",
                                                          "Parallel Aware": true,
                                                          "Async Capable": false,
                                                          "Startup Cost": 59887.64,
                                                          "Total Cost": 59887.64,
                                                          "Plan Rows": 1198164,
                                                          "Plan Width": 20,
                                                          "Plans": [
                                                            {
                                                              "Node Type": "Seq Scan",
                                                              "Parent Relationship": "Outer",
                                                              "Parallel Aware": true,
                                                              "Async Capable": false,
                                                              "Relation Name": "store_returns",
                                                              "Alias": "store_returns",
                                                              "Startup Cost": 0.0,
                                                              "Total Cost": 59887.64,
                                                              "Plan Rows": 1198164,
                                                              "Plan Width": 20,
                                                              "parent": 17,
                                                              "ID": 18
                                                            }
                                                          ],
                                                          "parent": 12,
                                                          "ID": 17,
                                                          "left": 18
                                                        }
                                                      ],
                                                      "parent": 11,
                                                      "ID": 12,
                                                      "left": 13,
                                                      "right": 17
                                                    },
                                                    {
                                                      "Node Type": "Hash",
                                                      "Parent Relationship": "Inner",
                                                      "Parallel Aware": true,
                                                      "Async Capable": false,
                                                      "Startup Cost": 7495.25,
                                                      "Total Cost": 7495.25,
                                                      "Plan Rows": 2442,
                                                      "Plan Width": 4,
                                                      "Plans": [
                                                        {
                                                          "Node Type": "Seq Scan",
                                                          "Parent Relationship": "Outer",
                                                          "Parallel Aware": true,
                                                          "Async Capable": false,
                                                          "Relation Name": "item",
                                                          "Alias": "item",
                                                          "Startup Cost": 0.0,
                                                          "Total Cost": 7495.25,
                                                          "Plan Rows": 2442,
                                                          "Plan Width": 4,
                                                          "Filter": "(i_current_price > '50'::numeric)",
                                                          "parent": 19,
                                                          "ID": 20
                                                        }
                                                      ],
                                                      "parent": 11,
                                                      "ID": 19,
                                                      "left": 20
                                                    }
                                                  ],
                                                  "parent": 10,
                                                  "ID": 11,
                                                  "left": 12,
                                                  "right": 19
                                                },
                                                {
                                                  "Node Type": "Hash",
                                                  "Parent Relationship": "Inner",
                                                  "Parallel Aware": false,
                                                  "Async Capable": false,
                                                  "Startup Cost": 19.25,
                                                  "Total Cost": 19.25,
                                                  "Plan Rows": 492,
                                                  "Plan Width": 4,
                                                  "Plans": [
                                                    {
                                                      "Node Type": "Seq Scan",
                                                      "Parent Relationship": "Outer",
                                                      "Parallel Aware": false,
                                                      "Async Capable": false,
                                                      "Relation Name": "promotion",
                                                      "Alias": "promotion",
                                                      "Startup Cost": 0.0,
                                                      "Total Cost": 19.25,
                                                      "Plan Rows": 492,
                                                      "Plan Width": 4,
                                                      "Filter": "(p_channel_tv = 'N'::bpchar)",
                                                      "parent": 21,
                                                      "ID": 22
                                                    }
                                                  ],
                                                  "parent": 10,
                                                  "ID": 21,
                                                  "left": 22
                                                }
                                              ],
                                              "parent": 9,
                                              "ID": 10,
                                              "left": 11,
                                              "right": 21
                                            },
                                            {
                                              "Node Type": "Hash",
                                              "Parent Relationship": "Inner",
                                              "Parallel Aware": false,
                                              "Async Capable": false,
                                              "Startup Cost": 6.02,
                                              "Total Cost": 6.02,
                                              "Plan Rows": 102,
                                              "Plan Width": 21,
                                              "Plans": [
                                                {
                                                  "Node Type": "Seq Scan",
                                                  "Parent Relationship": "Outer",
                                                  "Parallel Aware": false,
                                                  "Async Capable": false,
                                                  "Relation Name": "store",
                                                  "Alias": "store",
                                                  "Startup Cost": 0.0,
                                                  "Total Cost": 6.02,
                                                  "Plan Rows": 102,
                                                  "Plan Width": 21,
                                                  "parent": 23,
                                                  "ID": 24
                                                }
                                              ],
                                              "parent": 9,
                                              "ID": 23,
                                              "left": 24
                                            }
                                          ],
                                          "parent": 8,
                                          "ID": 9,
                                          "left": 10,
                                          "right": 23
                                        }
                                      ],
                                      "parent": 7,
                                      "ID": 8,
                                      "left": 9
                                    }
                                  ],
                                  "parent": 6,
                                  "ID": 7,
                                  "left": 8
                                }
                              ],
                              "parent": 5,
                              "ID": 6,
                              "left": 7
                            }
                          ],
                          "parent": 4,
                          "ID": 5,
                          "left": 6
                        }
                      ],
                      "parent": 3,
                      "ID": 4,
                      "left": 5
                    },
                    {
                      "Node Type": "Subquery Scan",
                      "Parent Relationship": "Member",
                      "Parallel Aware": false,
                      "Async Capable": false,
                      "Alias": "csr",
                      "Startup Cost": 518174.1,
                      "Total Cost": 518225.66,
                      "Plan Rows": 329,
                      "Plan Width": 160,
                      "Plans": [
                        {
                          "Node Type": "Aggregate",
                          "Strategy": "Sorted",
                          "Partial Mode": "Finalize",
                          "Parent Relationship": "Subquery",
                          "Parallel Aware": false,
                          "Async Capable": false,
                          "Startup Cost": 518174.1,
                          "Total Cost": 518220.73,
                          "Plan Rows": 329,
                          "Plan Width": 113,
                          "Group Key": [
                            "catalog_page.cp_catalog_page_id"
                          ],
                          "Plans": [
                            {
                              "Node Type": "Gather Merge",
                              "Parent Relationship": "Outer",
                              "Parallel Aware": false,
                              "Async Capable": false,
                              "Startup Cost": 518174.1,
                              "Total Cost": 518210.18,
                              "Plan Rows": 274,
                              "Plan Width": 113,
                              "Workers Planned": 2,
                              "Plans": [
                                {
                                  "Node Type": "Aggregate",
                                  "Strategy": "Sorted",
                                  "Partial Mode": "Partial",
                                  "Parent Relationship": "Outer",
                                  "Parallel Aware": false,
                                  "Async Capable": false,
                                  "Startup Cost": 517174.07,
                                  "Total Cost": 517178.53,
                                  "Plan Rows": 137,
                                  "Plan Width": 113,
                                  "Group Key": [
                                    "catalog_page.cp_catalog_page_id"
                                  ],
                                  "Plans": [
                                    {
                                      "Node Type": "Sort",
                                      "Parent Relationship": "Outer",
                                      "Parallel Aware": false,
                                      "Async Capable": false,
                                      "Startup Cost": 517174.07,
                                      "Total Cost": 517174.42,
                                      "Plan Rows": 137,
                                      "Plan Width": 41,
                                      "Sort Key": [
                                        "catalog_page.cp_catalog_page_id"
                                      ],
                                      "Plans": [
                                        {
                                          "Node Type": "Hash Join",
                                          "Parent Relationship": "Outer",
                                          "Parallel Aware": false,
                                          "Async Capable": false,
                                          "Join Type": "Inner",
                                          "Startup Cost": 57382.33,
                                          "Total Cost": 517169.21,
                                          "Plan Rows": 137,
                                          "Plan Width": 41,
                                          "Inner Unique": false,
                                          "Hash Cond": "(catalog_sales.cs_catalog_page_sk = catalog_page.cp_catalog_page_sk)",
                                          "Plans": [
                                            {
                                              "Node Type": "Hash Join",
                                              "Parent Relationship": "Outer",
                                              "Parallel Aware": false,
                                              "Async Capable": false,
                                              "Join Type": "Inner",
                                              "Startup Cost": 56864.33,
                                              "Total Cost": 516649.32,
                                              "Plan Rows": 138,
                                              "Plan Width": 28,
                                              "Inner Unique": false,
                                              "Hash Cond": "(catalog_sales.cs_promo_sk = promotion_1.p_promo_sk)",
                                              "Plans": [
                                                {
                                                  "Node Type": "Hash Join",
                                                  "Parent Relationship": "Outer",
                                                  "Parallel Aware": true,
                                                  "Async Capable": false,
                                                  "Join Type": "Inner",
                                                  "Startup Cost": 56838.93,
                                                  "Total Cost": 516622.01,
                                                  "Plan Rows": 141,
                                                  "Plan Width": 32,
                                                  "Inner Unique": false,
                                                  "Hash Cond": "(catalog_sales.cs_item_sk = item_1.i_item_sk)",
                                                  "Plans": [
                                                    {
                                                      "Node Type": "Hash Join",
                                                      "Parent Relationship": "Outer",
                                                      "Parallel Aware": true,
                                                      "Async Capable": false,
                                                      "Join Type": "Left",
                                                      "Startup Cost": 49313.15,
                                                      "Total Cost": 509086.46,
                                                      "Plan Rows": 2450,
                                                      "Plan Width": 36,
                                                      "Inner Unique": false,
                                                      "Hash Cond": "((catalog_sales.cs_item_sk = catalog_returns.cr_item_sk) AND (catalog_sales.cs_order_number = catalog_returns.cr_order_number))",
                                                      "Plans": [
                                                        {
                                                          "Node Type": "Hash Join",
                                                          "Parent Relationship": "Outer",
                                                          "Parallel Aware": true,
                                                          "Async Capable": false,
                                                          "Join Type": "Inner",
                                                          "Startup Cost": 2049.78,
                                                          "Total Cost": 458254.7,
                                                          "Plan Rows": 2450,
                                                          "Plan Width": 28,
                                                          "Inner Unique": false,
                                                          "Hash Cond": "(catalog_sales.cs_sold_date_sk = date_dim_1.d_date_sk)",
                                                          "Plans": [
                                                            {
                                                              "Node Type": "Seq Scan",
                                                              "Parent Relationship": "Outer",
                                                              "Parallel Aware": true,
                                                              "Async Capable": false,
                                                              "Relation Name": "catalog_sales",
                                                              "Alias": "catalog_sales",
                                                              "Startup Cost": 0.0,
                                                              "Total Cost": 433688.25,
                                                              "Plan Rows": 6000525,
                                                              "Plan Width": 32,
                                                              "parent": 34,
                                                              "ID": 35
                                                            },
                                                            {
                                                              "Node Type": "Hash",
                                                              "Parent Relationship": "Inner",
                                                              "Parallel Aware": true,
                                                              "Async Capable": false,
                                                              "Startup Cost": 2049.55,
                                                              "Total Cost": 2049.55,
                                                              "Plan Rows": 18,
                                                              "Plan Width": 4,
                                                              "Plans": [
                                                                {
                                                                  "Node Type": "Seq Scan",
                                                                  "Parent Relationship": "Outer",
                                                                  "Parallel Aware": true,
                                                                  "Async Capable": false,
                                                                  "Relation Name": "date_dim",
                                                                  "Alias": "date_dim_1",
                                                                  "Startup Cost": 0.0,
                                                                  "Total Cost": 2049.55,
                                                                  "Plan Rows": 18,
                                                                  "Plan Width": 4,
                                                                  "Filter": "((d_date >= '1998-08-19'::date) AND (d_date <= '1998-09-18 00:00:00'::timestamp without time zone))",
                                                                  "parent": 36,
                                                                  "ID": 37
                                                                }
                                                              ],
                                                              "parent": 34,
                                                              "ID": 36,
                                                              "left": 37
                                                            }
                                                          ],
                                                          "parent": 33,
                                                          "ID": 34,
                                                          "left": 35,
                                                          "right": 36
                                                        },
                                                        {
                                                          "Node Type": "Hash",
                                                          "Parent Relationship": "Inner",
                                                          "Parallel Aware": true,
                                                          "Async Capable": false,
                                                          "Startup Cost": 34748.95,
                                                          "Total Cost": 34748.95,
                                                          "Plan Rows": 599895,
                                                          "Plan Width": 20,
                                                          "Plans": [
                                                            {
                                                              "Node Type": "Seq Scan",
                                                              "Parent Relationship": "Outer",
                                                              "Parallel Aware": true,
                                                              "Async Capable": false,
                                                              "Relation Name": "catalog_returns",
                                                              "Alias": "catalog_returns",
                                                              "Startup Cost": 0.0,
                                                              "Total Cost": 34748.95,
                                                              "Plan Rows": 599895,
                                                              "Plan Width": 20,
                                                              "parent": 38,
                                                              "ID": 39
                                                            }
                                                          ],
                                                          "parent": 33,
                                                          "ID": 38,
                                                          "left": 39
                                                        }
                                                      ],
                                                      "parent": 32,
                                                      "ID": 33,
                                                      "left": 34,
                                                      "right": 38
                                                    },
                                                    {
                                                      "Node Type": "Hash",
                                                      "Parent Relationship": "Inner",
                                                      "Parallel Aware": true,
                                                      "Async Capable": false,
                                                      "Startup Cost": 7495.25,
                                                      "Total Cost": 7495.25,
                                                      "Plan Rows": 2442,
                                                      "Plan Width": 4,
                                                      "Plans": [
                                                        {
                                                          "Node Type": "Seq Scan",
                                                          "Parent Relationship": "Outer",
                                                          "Parallel Aware": true,
                                                          "Async Capable": false,
                                                          "Relation Name": "item",
                                                          "Alias": "item_1",
                                                          "Startup Cost": 0.0,
                                                          "Total Cost": 7495.25,
                                                          "Plan Rows": 2442,
                                                          "Plan Width": 4,
                                                          "Filter": "(i_current_price > '50'::numeric)",
                                                          "parent": 40,
                                                          "ID": 41
                                                        }
                                                      ],
                                                      "parent": 32,
                                                      "ID": 40,
                                                      "left": 41
                                                    }
                                                  ],
                                                  "parent": 31,
                                                  "ID": 32,
                                                  "left": 33,
                                                  "right": 40
                                                },
                                                {
                                                  "Node Type": "Hash",
                                                  "Parent Relationship": "Inner",
                                                  "Parallel Aware": false,
                                                  "Async Capable": false,
                                                  "Startup Cost": 19.25,
                                                  "Total Cost": 19.25,
                                                  "Plan Rows": 492,
                                                  "Plan Width": 4,
                                                  "Plans": [
                                                    {
                                                      "Node Type": "Seq Scan",
                                                      "Parent Relationship": "Outer",
                                                      "Parallel Aware": false,
                                                      "Async Capable": false,
                                                      "Relation Name": "promotion",
                                                      "Alias": "promotion_1",
                                                      "Startup Cost": 0.0,
                                                      "Total Cost": 19.25,
                                                      "Plan Rows": 492,
                                                      "Plan Width": 4,
                                                      "Filter": "(p_channel_tv = 'N'::bpchar)",
                                                      "parent": 42,
                                                      "ID": 43
                                                    }
                                                  ],
                                                  "parent": 31,
                                                  "ID": 42,
                                                  "left": 43
                                                }
                                              ],
                                              "parent": 30,
                                              "ID": 31,
                                              "left": 32,
                                              "right": 42
                                            },
                                            {
                                              "Node Type": "Hash",
                                              "Parent Relationship": "Inner",
                                              "Parallel Aware": false,
                                              "Async Capable": false,
                                              "Startup Cost": 368.0,
                                              "Total Cost": 368.0,
                                              "Plan Rows": 12000,
                                              "Plan Width": 21,
                                              "Plans": [
                                                {
                                                  "Node Type": "Seq Scan",
                                                  "Parent Relationship": "Outer",
                                                  "Parallel Aware": false,
                                                  "Async Capable": false,
                                                  "Relation Name": "catalog_page",
                                                  "Alias": "catalog_page",
                                                  "Startup Cost": 0.0,
                                                  "Total Cost": 368.0,
                                                  "Plan Rows": 12000,
                                                  "Plan Width": 21,
                                                  "parent": 44,
                                                  "ID": 45
                                                }
                                              ],
                                              "parent": 30,
                                              "ID": 44,
                                              "left": 45
                                            }
                                          ],
                                          "parent": 29,
                                          "ID": 30,
                                          "left": 31,
                                          "right": 44
                                        }
                                      ],
                                      "parent": 28,
                                      "ID": 29,
                                      "left": 30
                                    }
                                  ],
                                  "parent": 27,
                                  "ID": 28,
                                  "left": 29
                                }
                              ],
                              "parent": 26,
                              "ID": 27,
                              "left": 28
                            }
                          ],
                          "parent": 25,
                          "ID": 26,
                          "left": 27
                        }
                      ],
                      "parent": 3,
                      "ID": 25,
                      "left": 26
                    },
                    {
                      "Node Type": "Subquery Scan",
                      "Parent Relationship": "Member",
                      "Parallel Aware": false,
                      "Async Capable": false,
                      "Alias": "wsr",
                      "Startup Cost": 263918.43,
                      "Total Cost": 263926.12,
                      "Plan Rows": 21,
                      "Plan Width": 160,
                      "Plans": [
                        {
                          "Node Type": "Aggregate",
                          "Strategy": "Sorted",
                          "Partial Mode": "Finalize",
                          "Parent Relationship": "Subquery",
                          "Parallel Aware": false,
                          "Async Capable": false,
                          "Startup Cost": 263918.43,
                          "Total Cost": 263925.8,
                          "Plan Rows": 21,
                          "Plan Width": 113,
                          "Group Key": [
                            "web_site.web_site_id"
                          ],
                          "Plans": [
                            {
                              "Node Type": "Gather Merge",
                              "Parent Relationship": "Outer",
                              "Parallel Aware": false,
                              "Async Capable": false,
                              "Startup Cost": 263918.43,
                              "Total Cost": 263924.7,
                              "Plan Rows": 42,
                              "Plan Width": 113,
                              "Workers Planned": 2,
                              "Plans": [
                                {
                                  "Node Type": "Aggregate",
                                  "Strategy": "Sorted",
                                  "Partial Mode": "Partial",
                                  "Parent Relationship": "Outer",
                                  "Parallel Aware": false,
                                  "Async Capable": false,
                                  "Startup Cost": 262918.41,
                                  "Total Cost": 262919.83,
                                  "Plan Rows": 21,
                                  "Plan Width": 113,
                                  "Group Key": [
                                    "web_site.web_site_id"
                                  ],
                                  "Plans": [
                                    {
                                      "Node Type": "Sort",
                                      "Parent Relationship": "Outer",
                                      "Parallel Aware": false,
                                      "Async Capable": false,
                                      "Startup Cost": 262918.41,
                                      "Total Cost": 262918.59,
                                      "Plan Rows": 70,
                                      "Plan Width": 41,
                                      "Sort Key": [
                                        "web_site.web_site_id"
                                      ],
                                      "Plans": [
                                        {
                                          "Node Type": "Hash Join",
                                          "Parent Relationship": "Outer",
                                          "Parallel Aware": false,
                                          "Async Capable": false,
                                          "Join Type": "Inner",
                                          "Startup Cost": 32134.74,
                                          "Total Cost": 262916.27,
                                          "Plan Rows": 70,
                                          "Plan Width": 41,
                                          "Inner Unique": false,
                                          "Hash Cond": "(web_sales.ws_web_site_sk = web_site.web_site_sk)",
                                          "Plans": [
                                            {
                                              "Node Type": "Hash Join",
                                              "Parent Relationship": "Outer",
                                              "Parallel Aware": false,
                                              "Async Capable": false,
                                              "Join Type": "Inner",
                                              "Startup Cost": 32130.8,
                                              "Total Cost": 262911.36,
                                              "Plan Rows": 70,
                                              "Plan Width": 28,
                                              "Inner Unique": false,
                                              "Hash Cond": "(web_sales.ws_promo_sk = promotion_2.p_promo_sk)",
                                              "Plans": [
                                                {
                                                  "Node Type": "Hash Join",
                                                  "Parent Relationship": "Outer",
                                                  "Parallel Aware": true,
                                                  "Async Capable": false,
                                                  "Join Type": "Inner",
                                                  "Startup Cost": 32105.4,
                                                  "Total Cost": 262884.99,
                                                  "Plan Rows": 71,
                                                  "Plan Width": 32,
                                                  "Inner Unique": false,
                                                  "Hash Cond": "(web_sales.ws_item_sk = item_2.i_item_sk)",
                                                  "Plans": [
                                                    {
                                                      "Node Type": "Hash Join",
                                                      "Parent Relationship": "Outer",
                                                      "Parallel Aware": true,
                                                      "Async Capable": false,
                                                      "Join Type": "Left",
                                                      "Startup Cost": 24579.62,
                                                      "Total Cost": 255354.31,
                                                      "Plan Rows": 1231,
                                                      "Plan Width": 36,
                                                      "Inner Unique": false,
                                                      "Hash Cond": "((web_sales.ws_item_sk = web_returns.wr_item_sk) AND (web_sales.ws_order_number = web_returns.wr_order_number))",
                                                      "Plans": [
                                                        {
                                                          "Node Type": "Hash Join",
                                                          "Parent Relationship": "Outer",
                                                          "Parallel Aware": true,
                                                          "Async Capable": false,
                                                          "Join Type": "Inner",
                                                          "Startup Cost": 2049.78,
                                                          "Total Cost": 231041.22,
                                                          "Plan Rows": 1231,
                                                          "Plan Width": 28,
                                                          "Inner Unique": false,
                                                          "Hash Cond": "(web_sales.ws_sold_date_sk = date_dim_2.d_date_sk)",
                                                          "Plans": [
                                                            {
                                                              "Node Type": "Seq Scan",
                                                              "Parent Relationship": "Outer",
                                                              "Parallel Aware": true,
                                                              "Async Capable": false,
                                                              "Relation Name": "web_sales",
                                                              "Alias": "web_sales",
                                                              "Startup Cost": 0.0,
                                                              "Total Cost": 217737.86,
                                                              "Plan Rows": 2998986,
                                                              "Plan Width": 32,
                                                              "parent": 55,
                                                              "ID": 56
                                                            },
                                                            {
                                                              "Node Type": "Hash",
                                                              "Parent Relationship": "Inner",
                                                              "Parallel Aware": true,
                                                              "Async Capable": false,
                                                              "Startup Cost": 2049.55,
                                                              "Total Cost": 2049.55,
                                                              "Plan Rows": 18,
                                                              "Plan Width": 4,
                                                              "Plans": [
                                                                {
                                                                  "Node Type": "Seq Scan",
                                                                  "Parent Relationship": "Outer",
                                                                  "Parallel Aware": true,
                                                                  "Async Capable": false,
                                                                  "Relation Name": "date_dim",
                                                                  "Alias": "date_dim_2",
                                                                  "Startup Cost": 0.0,
                                                                  "Total Cost": 2049.55,
                                                                  "Plan Rows": 18,
                                                                  "Plan Width": 4,
                                                                  "Filter": "((d_date >= '1998-08-19'::date) AND (d_date <= '1998-09-18 00:00:00'::timestamp without time zone))",
                                                                  "parent": 57,
                                                                  "ID": 58
                                                                }
                                                              ],
                                                              "parent": 55,
                                                              "ID": 57,
                                                              "left": 58
                                                            }
                                                          ],
                                                          "parent": 54,
                                                          "ID": 55,
                                                          "left": 56,
                                                          "right": 57
                                                        },
                                                        {
                                                          "Node Type": "Hash",
                                                          "Parent Relationship": "Inner",
                                                          "Parallel Aware": true,
                                                          "Async Capable": false,
                                                          "Startup Cost": 16278.74,
                                                          "Total Cost": 16278.74,
                                                          "Plan Rows": 299674,
                                                          "Plan Width": 20,
                                                          "Plans": [
                                                            {
                                                              "Node Type": "Seq Scan",
                                                              "Parent Relationship": "Outer",
                                                              "Parallel Aware": true,
                                                              "Async Capable": false,
                                                              "Relation Name": "web_returns",
                                                              "Alias": "web_returns",
                                                              "Startup Cost": 0.0,
                                                              "Total Cost": 16278.74,
                                                              "Plan Rows": 299674,
                                                              "Plan Width": 20,
                                                              "parent": 59,
                                                              "ID": 60
                                                            }
                                                          ],
                                                          "parent": 54,
                                                          "ID": 59,
                                                          "left": 60
                                                        }
                                                      ],
                                                      "parent": 53,
                                                      "ID": 54,
                                                      "left": 55,
                                                      "right": 59
                                                    },
                                                    {
                                                      "Node Type": "Hash",
                                                      "Parent Relationship": "Inner",
                                                      "Parallel Aware": true,
                                                      "Async Capable": false,
                                                      "Startup Cost": 7495.25,
                                                      "Total Cost": 7495.25,
                                                      "Plan Rows": 2442,
                                                      "Plan Width": 4,
                                                      "Plans": [
                                                        {
                                                          "Node Type": "Seq Scan",
                                                          "Parent Relationship": "Outer",
                                                          "Parallel Aware": true,
                                                          "Async Capable": false,
                                                          "Relation Name": "item",
                                                          "Alias": "item_2",
                                                          "Startup Cost": 0.0,
                                                          "Total Cost": 7495.25,
                                                          "Plan Rows": 2442,
                                                          "Plan Width": 4,
                                                          "Filter": "(i_current_price > '50'::numeric)",
                                                          "parent": 61,
                                                          "ID": 62
                                                        }
                                                      ],
                                                      "parent": 53,
                                                      "ID": 61,
                                                      "left": 62
                                                    }
                                                  ],
                                                  "parent": 52,
                                                  "ID": 53,
                                                  "left": 54,
                                                  "right": 61
                                                },
                                                {
                                                  "Node Type": "Hash",
                                                  "Parent Relationship": "Inner",
                                                  "Parallel Aware": false,
                                                  "Async Capable": false,
                                                  "Startup Cost": 19.25,
                                                  "Total Cost": 19.25,
                                                  "Plan Rows": 492,
                                                  "Plan Width": 4,
                                                  "Plans": [
                                                    {
                                                      "Node Type": "Seq Scan",
                                                      "Parent Relationship": "Outer",
                                                      "Parallel Aware": false,
                                                      "Async Capable": false,
                                                      "Relation Name": "promotion",
                                                      "Alias": "promotion_2",
                                                      "Startup Cost": 0.0,
                                                      "Total Cost": 19.25,
                                                      "Plan Rows": 492,
                                                      "Plan Width": 4,
                                                      "Filter": "(p_channel_tv = 'N'::bpchar)",
                                                      "parent": 63,
                                                      "ID": 64
                                                    }
                                                  ],
                                                  "parent": 52,
                                                  "ID": 63,
                                                  "left": 64
                                                }
                                              ],
                                              "parent": 51,
                                              "ID": 52,
                                              "left": 53,
                                              "right": 63
                                            },
                                            {
                                              "Node Type": "Hash",
                                              "Parent Relationship": "Inner",
                                              "Parallel Aware": false,
                                              "Async Capable": false,
                                              "Startup Cost": 3.42,
                                              "Total Cost": 3.42,
                                              "Plan Rows": 42,
                                              "Plan Width": 21,
                                              "Plans": [
                                                {
                                                  "Node Type": "Seq Scan",
                                                  "Parent Relationship": "Outer",
                                                  "Parallel Aware": false,
                                                  "Async Capable": false,
                                                  "Relation Name": "web_site",
                                                  "Alias": "web_site",
                                                  "Startup Cost": 0.0,
                                                  "Total Cost": 3.42,
                                                  "Plan Rows": 42,
                                                  "Plan Width": 21,
                                                  "parent": 65,
                                                  "ID": 66
                                                }
                                              ],
                                              "parent": 51,
                                              "ID": 65,
                                              "left": 66
                                            }
                                          ],
                                          "parent": 50,
                                          "ID": 51,
                                          "left": 52,
                                          "right": 65
                                        }
                                      ],
                                      "parent": 49,
                                      "ID": 50,
                                      "left": 51
                                    }
                                  ],
                                  "parent": 48,
                                  "ID": 49,
                                  "left": 50
                                }
                              ],
                              "parent": 47,
                              "ID": 48,
                              "left": 49
                            }
                          ],
                          "parent": 46,
                          "ID": 47,
                          "left": 48
                        }
                      ],
                      "parent": 3,
                      "ID": 46,
                      "left": 47
                    }
                  ],
                  "parent": 2,
                  "ID": 3,
                  "left": 4,
                  "right": 25
                }
              ],
              "parent": 1,
              "ID": 2,
              "left": 3
            }
          ],
          "parent": 0,
          "ID": 1,
          "left": 2
        }
      ],
      "parent": null,
      "ID": 0,
      "left": 1
    },
    "feat": {
      "utility": 0.0,
      "query_shape": [
        [
          "Seq Scan",
          "Hash Join",
          "Sort",
          "Aggregate",
          "Gather Merge",
          "Subquery Scan",
          "Append"
        ],
        [
          "Seq Scan",
          "Hash",
          "Hash Join",
          "Sort",
          "Aggregate",
          "Gather Merge",
          "Subquery Scan",
          "Append"
        ],
        [
          "Seq Scan",
          "Hash",
          "Hash Join",
          "Sort",
          "Aggregate",
          "Gather Merge",
          "Subquery Scan",
          "Append"
        ],
        [
          "Seq Scan",
          "Hash",
          "Hash Join",
          "Sort",
          "Aggregate",
          "Gather Merge",
          "Subquery Scan",
          "Append"
        ],
        [
          "Seq Scan",
          "Hash",
          "Hash Join",
          "Sort",
          "Aggregate",
          "Gather Merge",
          "Subquery Scan",
          "Append"
        ],
        [
          "Seq Scan",
          "Hash",
          "Hash Join",
          "Sort",
          "Aggregate",
          "Gather Merge",
          "Subquery Scan",
          "Append"
        ],
        [
          "Seq Scan",
          "Hash Join",
          "Sort",
          "Aggregate",
          "Gather Merge",
          "Subquery Scan",
          "Append"
        ],
        [
          "Seq Scan",
          "Hash",
          "Hash Join",
          "Sort",
          "Aggregate",
          "Gather Merge",
          "Subquery Scan",
          "Append"
        ],
        [
          "Seq Scan",
          "Hash",
          "Hash Join",
          "Sort",
          "Aggregate",
          "Gather Merge",
          "Subquery Scan",
          "Append"
        ],
        [
          "Seq Scan",
          "Hash",
          "Hash Join",
          "Sort",
          "Aggregate",
          "Gather Merge",
          "Subquery Scan",
          "Append"
        ],
        [
          "Seq Scan",
          "Hash",
          "Hash Join",
          "Sort",
          "Aggregate",
          "Gather Merge",
          "Subquery Scan",
          "Append"
        ],
        [
          "Seq Scan",
          "Hash",
          "Hash Join",
          "Sort",
          "Aggregate",
          "Gather Merge",
          "Subquery Scan",
          "Append"
        ],
        [
          "Seq Scan",
          "Hash Join",
          "Sort",
          "Aggregate",
          "Gather Merge",
          "Subquery Scan",
          "Append"
        ],
        [
          "Seq Scan",
          "Hash",
          "Hash Join",
          "Sort",
          "Aggregate",
          "Gather Merge",
          "Subquery Scan",
          "Append"
        ],
        [
          "Seq Scan",
          "Hash",
          "Hash Join",
          "Sort",
          "Aggregate",
          "Gather Merge",
          "Subquery Scan",
          "Append"
        ],
        [
          "Seq Scan",
          "Hash",
          "Hash Join",
          "Sort",
          "Aggregate",
          "Gather Merge",
          "Subquery Scan",
          "Append"
        ],
        [
          "Seq Scan",
          "Hash",
          "Hash Join",
          "Sort",
          "Aggregate",
          "Gather Merge",
          "Subquery Scan",
          "Append"
        ],
        [
          "Seq Scan",
          "Hash",
          "Hash Join",
          "Sort",
          "Aggregate",
          "Gather Merge",
          "Subquery Scan",
          "Append"
        ]
      ],
      "index_shape": [],
      "physical_operator": {}
    }
  },
  {
    "query": "with ssr as\n (select  s_store_id as store_id,\n          sum(ss_ext_sales_price) as sales,\n          sum(coalesce(sr_return_amt, 0)) as returns,\n          sum(ss_net_profit - coalesce(sr_net_loss, 0)) as profit\n  from store_sales left outer join store_returns on\n         (ss_item_sk = sr_item_sk and ss_ticket_number = sr_ticket_number),\n     date_dim,\n     store,\n     item,\n     promotion\n where ss_sold_date_sk = d_date_sk\n       and d_date between cast('1998-08-19' as date) \n                  and (cast('1998-08-19' as date) +  interval '30 days')\n       and ss_store_sk = s_store_sk\n       and ss_item_sk = i_item_sk\n       and i_current_price > 50\n       and ss_promo_sk = p_promo_sk\n       and p_channel_tv = 'N'\n group by s_store_id)\n ,\n csr as\n (select  cp_catalog_page_id as catalog_page_id,\n          sum(cs_ext_sales_price) as sales,\n          sum(coalesce(cr_return_amount, 0)) as returns,\n          sum(cs_net_profit - coalesce(cr_net_loss, 0)) as profit\n  from catalog_sales left outer join catalog_returns on\n         (cs_item_sk = cr_item_sk and cs_order_number = cr_order_number),\n     date_dim,\n     catalog_page,\n     item,\n     promotion\n where cs_sold_date_sk = d_date_sk\n       and d_date between cast('1998-08-19' as date)\n                  and (cast('1998-08-19' as date) +  interval '30 days')\n        and cs_catalog_page_sk = cp_catalog_page_sk\n       and cs_item_sk = i_item_sk\n       and i_current_price > 50\n       and cs_promo_sk = p_promo_sk\n       and p_channel_tv = 'N'\ngroup by cp_catalog_page_id)\n ,\n wsr as\n (select  web_site_id,\n          sum(ws_ext_sales_price) as sales,\n          sum(coalesce(wr_return_amt, 0)) as returns,\n          sum(ws_net_profit - coalesce(wr_net_loss, 0)) as profit\n  from web_sales left outer join web_returns on\n         (ws_item_sk = wr_item_sk and ws_order_number = wr_order_number),\n     date_dim,\n     web_site,\n     item,\n     promotion\n where ws_sold_date_sk = d_date_sk\n       and d_date between cast('1998-08-19' as date)\n                  and (cast('1998-08-19' as date) +  interval '30 days')\n        and ws_web_site_sk = web_site_sk\n       and ws_item_sk = i_item_sk\n       and i_current_price > 50\n       and ws_promo_sk = p_promo_sk\n       and p_channel_tv = 'N'\ngroup by web_site_id)\n  select  channel\n        , id\n        , sum(sales) as sales\n        , sum(returns) as returns\n        , sum(profit) as profit\n from \n (select 'store channel' as channel\n        , 'store' || store_id as id\n        , sales\n        , returns\n        , profit\n from   ssr\n union all\n select 'catalog channel' as channel\n        , 'catalog_page' || catalog_page_id as id\n        , sales\n        , returns\n        , profit\n from  csr\n union all\n select 'web channel' as channel\n        , 'web_site' || web_site_id as id\n        , sales\n        , returns\n        , profit\n from   wsr\n ) x\n group by rollup (channel, id)\n order by channel\n         ,id\n limit 100;\n\n-- end query 61 in stream 0 using template query80.tpl\n",
    "indexes": "web_returns.wr_net_loss",
    "wo plan est": {
      "Node Type": "Limit",
      "Parallel Aware": false,
      "Async Capable": false,
      "Startup Cost": 1566782.76,
      "Total Cost": 1566786.01,
      "Plan Rows": 100,
      "Plan Width": 160,
      "Plans": [
        {
          "Node Type": "Aggregate",
          "Strategy": "Sorted",
          "Partial Mode": "Simple",
          "Parent Relationship": "Outer",
          "Parallel Aware": false,
          "Async Capable": false,
          "Startup Cost": 1566782.76,
          "Total Cost": 1566795.8,
          "Plan Rows": 401,
          "Plan Width": 160,
          "Grouping Sets": [
            {
              "Group Keys": [
                [
                  "('store channel'::text)",
                  "(('store'::text || (ssr.store_id)::text))"
                ],
                [
                  "('store channel'::text)"
                ],
                []
              ]
            }
          ],
          "Plans": [
            {
              "Node Type": "Sort",
              "Parent Relationship": "Outer",
              "Parallel Aware": false,
              "Async Capable": false,
              "Startup Cost": 1566782.76,
              "Total Cost": 1566783.77,
              "Plan Rows": 401,
              "Plan Width": 160,
              "Sort Key": [
                "('store channel'::text)",
                "(('store'::text || (ssr.store_id)::text))"
              ],
              "Plans": [
                {
                  "Node Type": "Append",
                  "Parent Relationship": "Outer",
                  "Parallel Aware": false,
                  "Async Capable": false,
                  "Startup Cost": 784591.9,
                  "Total Cost": 1566765.43,
                  "Plan Rows": 401,
                  "Plan Width": 160,
                  "Subplans Removed": 0,
                  "Plans": [
                    {
                      "Node Type": "Subquery Scan",
                      "Parent Relationship": "Member",
                      "Parallel Aware": false,
                      "Async Capable": false,
                      "Alias": "ssr",
                      "Startup Cost": 784591.9,
                      "Total Cost": 784611.64,
                      "Plan Rows": 51,
                      "Plan Width": 160,
                      "Plans": [
                        {
                          "Node Type": "Aggregate",
                          "Strategy": "Sorted",
                          "Partial Mode": "Finalize",
                          "Parent Relationship": "Subquery",
                          "Parallel Aware": false,
                          "Async Capable": false,
                          "Startup Cost": 784591.9,
                          "Total Cost": 784610.87,
                          "Plan Rows": 51,
                          "Plan Width": 113,
                          "Group Key": [
                            "store.s_store_id"
                          ],
                          "Plans": [
                            {
                              "Node Type": "Gather Merge",
                              "Parent Relationship": "Outer",
                              "Parallel Aware": false,
                              "Async Capable": false,
                              "Startup Cost": 784591.9,
                              "Total Cost": 784608.2,
                              "Plan Rows": 102,
                              "Plan Width": 113,
                              "Workers Planned": 2,
                              "Plans": [
                                {
                                  "Node Type": "Aggregate",
                                  "Strategy": "Sorted",
                                  "Partial Mode": "Partial",
                                  "Parent Relationship": "Outer",
                                  "Parallel Aware": false,
                                  "Async Capable": false,
                                  "Startup Cost": 783591.88,
                                  "Total Cost": 783596.4,
                                  "Plan Rows": 51,
                                  "Plan Width": 113,
                                  "Group Key": [
                                    "store.s_store_id"
                                  ],
                                  "Plans": [
                                    {
                                      "Node Type": "Sort",
                                      "Parent Relationship": "Outer",
                                      "Parallel Aware": false,
                                      "Async Capable": false,
                                      "Startup Cost": 783591.88,
                                      "Total Cost": 783592.48,
                                      "Plan Rows": 242,
                                      "Plan Width": 41,
                                      "Sort Key": [
                                        "store.s_store_id"
                                      ],
                                      "Plans": [
                                        {
                                          "Node Type": "Hash Join",
                                          "Parent Relationship": "Outer",
                                          "Parallel Aware": false,
                                          "Async Capable": false,
                                          "Join Type": "Inner",
                                          "Startup Cost": 94489.35,
                                          "Total Cost": 783582.3,
                                          "Plan Rows": 242,
                                          "Plan Width": 41,
                                          "Inner Unique": false,
                                          "Hash Cond": "(store_sales.ss_store_sk = store.s_store_sk)",
                                          "Plans": [
                                            {
                                              "Node Type": "Hash Join",
                                              "Parent Relationship": "Outer",
                                              "Parallel Aware": false,
                                              "Async Capable": false,
                                              "Join Type": "Inner",
                                              "Startup Cost": 94482.05,
                                              "Total Cost": 783571.63,
                                              "Plan Rows": 254,
                                              "Plan Width": 28,
                                              "Inner Unique": false,
                                              "Hash Cond": "(store_sales.ss_promo_sk = promotion.p_promo_sk)",
                                              "Plans": [
                                                {
                                                  "Node Type": "Hash Join",
                                                  "Parent Relationship": "Outer",
                                                  "Parallel Aware": true,
                                                  "Async Capable": false,
                                                  "Join Type": "Inner",
                                                  "Startup Cost": 94456.65,
                                                  "Total Cost": 783542.68,
                                                  "Plan Rows": 270,
                                                  "Plan Width": 32,
                                                  "Inner Unique": false,
                                                  "Hash Cond": "(store_sales.ss_item_sk = item.i_item_sk)",
                                                  "Plans": [
                                                    {
                                                      "Node Type": "Hash Join",
                                                      "Parent Relationship": "Outer",
                                                      "Parallel Aware": true,
                                                      "Async Capable": false,
                                                      "Join Type": "Left",
                                                      "Startup Cost": 86930.88,
                                                      "Total Cost": 775998.13,
                                                      "Plan Rows": 4703,
                                                      "Plan Width": 36,
                                                      "Inner Unique": false,
                                                      "Hash Cond": "((store_sales.ss_item_sk = store_returns.sr_item_sk) AND (store_sales.ss_ticket_number = store_returns.sr_ticket_number))",
                                                      "Plans": [
                                                        {
                                                          "Node Type": "Hash Join",
                                                          "Parent Relationship": "Outer",
                                                          "Parallel Aware": true,
                                                          "Async Capable": false,
                                                          "Join Type": "Inner",
                                                          "Startup Cost": 2049.78,
                                                          "Total Cost": 683994.75,
                                                          "Plan Rows": 4703,
                                                          "Plan Width": 28,
                                                          "Inner Unique": false,
                                                          "Hash Cond": "(store_sales.ss_sold_date_sk = date_dim.d_date_sk)",
                                                          "Plans": [
                                                            {
                                                              "Node Type": "Seq Scan",
                                                              "Parent Relationship": "Outer",
                                                              "Parallel Aware": true,
                                                              "Async Capable": false,
                                                              "Relation Name": "store_sales",
                                                              "Alias": "store_sales",
                                                              "Startup Cost": 0.0,
                                                              "Total Cost": 636914.37,
                                                              "Plan Rows": 12000637,
                                                              "Plan Width": 32,
                                                              "parent": 13,
                                                              "ID": 14
                                                            },
                                                            {
                                                              "Node Type": "Hash",
                                                              "Parent Relationship": "Inner",
                                                              "Parallel Aware": true,
                                                              "Async Capable": false,
                                                              "Startup Cost": 2049.55,
                                                              "Total Cost": 2049.55,
                                                              "Plan Rows": 18,
                                                              "Plan Width": 4,
                                                              "Plans": [
                                                                {
                                                                  "Node Type": "Seq Scan",
                                                                  "Parent Relationship": "Outer",
                                                                  "Parallel Aware": true,
                                                                  "Async Capable": false,
                                                                  "Relation Name": "date_dim",
                                                                  "Alias": "date_dim",
                                                                  "Startup Cost": 0.0,
                                                                  "Total Cost": 2049.55,
                                                                  "Plan Rows": 18,
                                                                  "Plan Width": 4,
                                                                  "Filter": "((d_date >= '1998-08-19'::date) AND (d_date <= '1998-09-18 00:00:00'::timestamp without time zone))",
                                                                  "parent": 15,
                                                                  "ID": 16
                                                                }
                                                              ],
                                                              "parent": 13,
                                                              "ID": 15,
                                                              "left": 16
                                                            }
                                                          ],
                                                          "parent": 12,
                                                          "ID": 13,
                                                          "left": 14,
                                                          "right": 15
                                                        },
                                                        {
                                                          "Node Type": "Hash",
                                                          "Parent Relationship": "Inner",
                                                          "Parallel Aware": true,
                                                          "Async Capable": false,
                                                          "Startup Cost": 59887.64,
                                                          "Total Cost": 59887.64,
                                                          "Plan Rows": 1198164,
                                                          "Plan Width": 20,
                                                          "Plans": [
                                                            {
                                                              "Node Type": "Seq Scan",
                                                              "Parent Relationship": "Outer",
                                                              "Parallel Aware": true,
                                                              "Async Capable": false,
                                                              "Relation Name": "store_returns",
                                                              "Alias": "store_returns",
                                                              "Startup Cost": 0.0,
                                                              "Total Cost": 59887.64,
                                                              "Plan Rows": 1198164,
                                                              "Plan Width": 20,
                                                              "parent": 17,
                                                              "ID": 18
                                                            }
                                                          ],
                                                          "parent": 12,
                                                          "ID": 17,
                                                          "left": 18
                                                        }
                                                      ],
                                                      "parent": 11,
                                                      "ID": 12,
                                                      "left": 13,
                                                      "right": 17
                                                    },
                                                    {
                                                      "Node Type": "Hash",
                                                      "Parent Relationship": "Inner",
                                                      "Parallel Aware": true,
                                                      "Async Capable": false,
                                                      "Startup Cost": 7495.25,
                                                      "Total Cost": 7495.25,
                                                      "Plan Rows": 2442,
                                                      "Plan Width": 4,
                                                      "Plans": [
                                                        {
                                                          "Node Type": "Seq Scan",
                                                          "Parent Relationship": "Outer",
                                                          "Parallel Aware": true,
                                                          "Async Capable": false,
                                                          "Relation Name": "item",
                                                          "Alias": "item",
                                                          "Startup Cost": 0.0,
                                                          "Total Cost": 7495.25,
                                                          "Plan Rows": 2442,
                                                          "Plan Width": 4,
                                                          "Filter": "(i_current_price > '50'::numeric)",
                                                          "parent": 19,
                                                          "ID": 20
                                                        }
                                                      ],
                                                      "parent": 11,
                                                      "ID": 19,
                                                      "left": 20
                                                    }
                                                  ],
                                                  "parent": 10,
                                                  "ID": 11,
                                                  "left": 12,
                                                  "right": 19
                                                },
                                                {
                                                  "Node Type": "Hash",
                                                  "Parent Relationship": "Inner",
                                                  "Parallel Aware": false,
                                                  "Async Capable": false,
                                                  "Startup Cost": 19.25,
                                                  "Total Cost": 19.25,
                                                  "Plan Rows": 492,
                                                  "Plan Width": 4,
                                                  "Plans": [
                                                    {
                                                      "Node Type": "Seq Scan",
                                                      "Parent Relationship": "Outer",
                                                      "Parallel Aware": false,
                                                      "Async Capable": false,
                                                      "Relation Name": "promotion",
                                                      "Alias": "promotion",
                                                      "Startup Cost": 0.0,
                                                      "Total Cost": 19.25,
                                                      "Plan Rows": 492,
                                                      "Plan Width": 4,
                                                      "Filter": "(p_channel_tv = 'N'::bpchar)",
                                                      "parent": 21,
                                                      "ID": 22
                                                    }
                                                  ],
                                                  "parent": 10,
                                                  "ID": 21,
                                                  "left": 22
                                                }
                                              ],
                                              "parent": 9,
                                              "ID": 10,
                                              "left": 11,
                                              "right": 21
                                            },
                                            {
                                              "Node Type": "Hash",
                                              "Parent Relationship": "Inner",
                                              "Parallel Aware": false,
                                              "Async Capable": false,
                                              "Startup Cost": 6.02,
                                              "Total Cost": 6.02,
                                              "Plan Rows": 102,
                                              "Plan Width": 21,
                                              "Plans": [
                                                {
                                                  "Node Type": "Seq Scan",
                                                  "Parent Relationship": "Outer",
                                                  "Parallel Aware": false,
                                                  "Async Capable": false,
                                                  "Relation Name": "store",
                                                  "Alias": "store",
                                                  "Startup Cost": 0.0,
                                                  "Total Cost": 6.02,
                                                  "Plan Rows": 102,
                                                  "Plan Width": 21,
                                                  "parent": 23,
                                                  "ID": 24
                                                }
                                              ],
                                              "parent": 9,
                                              "ID": 23,
                                              "left": 24
                                            }
                                          ],
                                          "parent": 8,
                                          "ID": 9,
                                          "left": 10,
                                          "right": 23
                                        }
                                      ],
                                      "parent": 7,
                                      "ID": 8,
                                      "left": 9
                                    }
                                  ],
                                  "parent": 6,
                                  "ID": 7,
                                  "left": 8
                                }
                              ],
                              "parent": 5,
                              "ID": 6,
                              "left": 7
                            }
                          ],
                          "parent": 4,
                          "ID": 5,
                          "left": 6
                        }
                      ],
                      "parent": 3,
                      "ID": 4,
                      "left": 5
                    },
                    {
                      "Node Type": "Subquery Scan",
                      "Parent Relationship": "Member",
                      "Parallel Aware": false,
                      "Async Capable": false,
                      "Alias": "csr",
                      "Startup Cost": 518174.1,
                      "Total Cost": 518225.66,
                      "Plan Rows": 329,
                      "Plan Width": 160,
                      "Plans": [
                        {
                          "Node Type": "Aggregate",
                          "Strategy": "Sorted",
                          "Partial Mode": "Finalize",
                          "Parent Relationship": "Subquery",
                          "Parallel Aware": false,
                          "Async Capable": false,
                          "Startup Cost": 518174.1,
                          "Total Cost": 518220.73,
                          "Plan Rows": 329,
                          "Plan Width": 113,
                          "Group Key": [
                            "catalog_page.cp_catalog_page_id"
                          ],
                          "Plans": [
                            {
                              "Node Type": "Gather Merge",
                              "Parent Relationship": "Outer",
                              "Parallel Aware": false,
                              "Async Capable": false,
                              "Startup Cost": 518174.1,
                              "Total Cost": 518210.18,
                              "Plan Rows": 274,
                              "Plan Width": 113,
                              "Workers Planned": 2,
                              "Plans": [
                                {
                                  "Node Type": "Aggregate",
                                  "Strategy": "Sorted",
                                  "Partial Mode": "Partial",
                                  "Parent Relationship": "Outer",
                                  "Parallel Aware": false,
                                  "Async Capable": false,
                                  "Startup Cost": 517174.07,
                                  "Total Cost": 517178.53,
                                  "Plan Rows": 137,
                                  "Plan Width": 113,
                                  "Group Key": [
                                    "catalog_page.cp_catalog_page_id"
                                  ],
                                  "Plans": [
                                    {
                                      "Node Type": "Sort",
                                      "Parent Relationship": "Outer",
                                      "Parallel Aware": false,
                                      "Async Capable": false,
                                      "Startup Cost": 517174.07,
                                      "Total Cost": 517174.42,
                                      "Plan Rows": 137,
                                      "Plan Width": 41,
                                      "Sort Key": [
                                        "catalog_page.cp_catalog_page_id"
                                      ],
                                      "Plans": [
                                        {
                                          "Node Type": "Hash Join",
                                          "Parent Relationship": "Outer",
                                          "Parallel Aware": false,
                                          "Async Capable": false,
                                          "Join Type": "Inner",
                                          "Startup Cost": 57382.33,
                                          "Total Cost": 517169.21,
                                          "Plan Rows": 137,
                                          "Plan Width": 41,
                                          "Inner Unique": false,
                                          "Hash Cond": "(catalog_sales.cs_catalog_page_sk = catalog_page.cp_catalog_page_sk)",
                                          "Plans": [
                                            {
                                              "Node Type": "Hash Join",
                                              "Parent Relationship": "Outer",
                                              "Parallel Aware": false,
                                              "Async Capable": false,
                                              "Join Type": "Inner",
                                              "Startup Cost": 56864.33,
                                              "Total Cost": 516649.32,
                                              "Plan Rows": 138,
                                              "Plan Width": 28,
                                              "Inner Unique": false,
                                              "Hash Cond": "(catalog_sales.cs_promo_sk = promotion_1.p_promo_sk)",
                                              "Plans": [
                                                {
                                                  "Node Type": "Hash Join",
                                                  "Parent Relationship": "Outer",
                                                  "Parallel Aware": true,
                                                  "Async Capable": false,
                                                  "Join Type": "Inner",
                                                  "Startup Cost": 56838.93,
                                                  "Total Cost": 516622.01,
                                                  "Plan Rows": 141,
                                                  "Plan Width": 32,
                                                  "Inner Unique": false,
                                                  "Hash Cond": "(catalog_sales.cs_item_sk = item_1.i_item_sk)",
                                                  "Plans": [
                                                    {
                                                      "Node Type": "Hash Join",
                                                      "Parent Relationship": "Outer",
                                                      "Parallel Aware": true,
                                                      "Async Capable": false,
                                                      "Join Type": "Left",
                                                      "Startup Cost": 49313.15,
                                                      "Total Cost": 509086.46,
                                                      "Plan Rows": 2450,
                                                      "Plan Width": 36,
                                                      "Inner Unique": false,
                                                      "Hash Cond": "((catalog_sales.cs_item_sk = catalog_returns.cr_item_sk) AND (catalog_sales.cs_order_number = catalog_returns.cr_order_number))",
                                                      "Plans": [
                                                        {
                                                          "Node Type": "Hash Join",
                                                          "Parent Relationship": "Outer",
                                                          "Parallel Aware": true,
                                                          "Async Capable": false,
                                                          "Join Type": "Inner",
                                                          "Startup Cost": 2049.78,
                                                          "Total Cost": 458254.7,
                                                          "Plan Rows": 2450,
                                                          "Plan Width": 28,
                                                          "Inner Unique": false,
                                                          "Hash Cond": "(catalog_sales.cs_sold_date_sk = date_dim_1.d_date_sk)",
                                                          "Plans": [
                                                            {
                                                              "Node Type": "Seq Scan",
                                                              "Parent Relationship": "Outer",
                                                              "Parallel Aware": true,
                                                              "Async Capable": false,
                                                              "Relation Name": "catalog_sales",
                                                              "Alias": "catalog_sales",
                                                              "Startup Cost": 0.0,
                                                              "Total Cost": 433688.25,
                                                              "Plan Rows": 6000525,
                                                              "Plan Width": 32,
                                                              "parent": 34,
                                                              "ID": 35
                                                            },
                                                            {
                                                              "Node Type": "Hash",
                                                              "Parent Relationship": "Inner",
                                                              "Parallel Aware": true,
                                                              "Async Capable": false,
                                                              "Startup Cost": 2049.55,
                                                              "Total Cost": 2049.55,
                                                              "Plan Rows": 18,
                                                              "Plan Width": 4,
                                                              "Plans": [
                                                                {
                                                                  "Node Type": "Seq Scan",
                                                                  "Parent Relationship": "Outer",
                                                                  "Parallel Aware": true,
                                                                  "Async Capable": false,
                                                                  "Relation Name": "date_dim",
                                                                  "Alias": "date_dim_1",
                                                                  "Startup Cost": 0.0,
                                                                  "Total Cost": 2049.55,
                                                                  "Plan Rows": 18,
                                                                  "Plan Width": 4,
                                                                  "Filter": "((d_date >= '1998-08-19'::date) AND (d_date <= '1998-09-18 00:00:00'::timestamp without time zone))",
                                                                  "parent": 36,
                                                                  "ID": 37
                                                                }
                                                              ],
                                                              "parent": 34,
                                                              "ID": 36,
                                                              "left": 37
                                                            }
                                                          ],
                                                          "parent": 33,
                                                          "ID": 34,
                                                          "left": 35,
                                                          "right": 36
                                                        },
                                                        {
                                                          "Node Type": "Hash",
                                                          "Parent Relationship": "Inner",
                                                          "Parallel Aware": true,
                                                          "Async Capable": false,
                                                          "Startup Cost": 34748.95,
                                                          "Total Cost": 34748.95,
                                                          "Plan Rows": 599895,
                                                          "Plan Width": 20,
                                                          "Plans": [
                                                            {
                                                              "Node Type": "Seq Scan",
                                                              "Parent Relationship": "Outer",
                                                              "Parallel Aware": true,
                                                              "Async Capable": false,
                                                              "Relation Name": "catalog_returns",
                                                              "Alias": "catalog_returns",
                                                              "Startup Cost": 0.0,
                                                              "Total Cost": 34748.95,
                                                              "Plan Rows": 599895,
                                                              "Plan Width": 20,
                                                              "parent": 38,
                                                              "ID": 39
                                                            }
                                                          ],
                                                          "parent": 33,
                                                          "ID": 38,
                                                          "left": 39
                                                        }
                                                      ],
                                                      "parent": 32,
                                                      "ID": 33,
                                                      "left": 34,
                                                      "right": 38
                                                    },
                                                    {
                                                      "Node Type": "Hash",
                                                      "Parent Relationship": "Inner",
                                                      "Parallel Aware": true,
                                                      "Async Capable": false,
                                                      "Startup Cost": 7495.25,
                                                      "Total Cost": 7495.25,
                                                      "Plan Rows": 2442,
                                                      "Plan Width": 4,
                                                      "Plans": [
                                                        {
                                                          "Node Type": "Seq Scan",
                                                          "Parent Relationship": "Outer",
                                                          "Parallel Aware": true,
                                                          "Async Capable": false,
                                                          "Relation Name": "item",
                                                          "Alias": "item_1",
                                                          "Startup Cost": 0.0,
                                                          "Total Cost": 7495.25,
                                                          "Plan Rows": 2442,
                                                          "Plan Width": 4,
                                                          "Filter": "(i_current_price > '50'::numeric)",
                                                          "parent": 40,
                                                          "ID": 41
                                                        }
                                                      ],
                                                      "parent": 32,
                                                      "ID": 40,
                                                      "left": 41
                                                    }
                                                  ],
                                                  "parent": 31,
                                                  "ID": 32,
                                                  "left": 33,
                                                  "right": 40
                                                },
                                                {
                                                  "Node Type": "Hash",
                                                  "Parent Relationship": "Inner",
                                                  "Parallel Aware": false,
                                                  "Async Capable": false,
                                                  "Startup Cost": 19.25,
                                                  "Total Cost": 19.25,
                                                  "Plan Rows": 492,
                                                  "Plan Width": 4,
                                                  "Plans": [
                                                    {
                                                      "Node Type": "Seq Scan",
                                                      "Parent Relationship": "Outer",
                                                      "Parallel Aware": false,
                                                      "Async Capable": false,
                                                      "Relation Name": "promotion",
                                                      "Alias": "promotion_1",
                                                      "Startup Cost": 0.0,
                                                      "Total Cost": 19.25,
                                                      "Plan Rows": 492,
                                                      "Plan Width": 4,
                                                      "Filter": "(p_channel_tv = 'N'::bpchar)",
                                                      "parent": 42,
                                                      "ID": 43
                                                    }
                                                  ],
                                                  "parent": 31,
                                                  "ID": 42,
                                                  "left": 43
                                                }
                                              ],
                                              "parent": 30,
                                              "ID": 31,
                                              "left": 32,
                                              "right": 42
                                            },
                                            {
                                              "Node Type": "Hash",
                                              "Parent Relationship": "Inner",
                                              "Parallel Aware": false,
                                              "Async Capable": false,
                                              "Startup Cost": 368.0,
                                              "Total Cost": 368.0,
                                              "Plan Rows": 12000,
                                              "Plan Width": 21,
                                              "Plans": [
                                                {
                                                  "Node Type": "Seq Scan",
                                                  "Parent Relationship": "Outer",
                                                  "Parallel Aware": false,
                                                  "Async Capable": false,
                                                  "Relation Name": "catalog_page",
                                                  "Alias": "catalog_page",
                                                  "Startup Cost": 0.0,
                                                  "Total Cost": 368.0,
                                                  "Plan Rows": 12000,
                                                  "Plan Width": 21,
                                                  "parent": 44,
                                                  "ID": 45
                                                }
                                              ],
                                              "parent": 30,
                                              "ID": 44,
                                              "left": 45
                                            }
                                          ],
                                          "parent": 29,
                                          "ID": 30,
                                          "left": 31,
                                          "right": 44
                                        }
                                      ],
                                      "parent": 28,
                                      "ID": 29,
                                      "left": 30
                                    }
                                  ],
                                  "parent": 27,
                                  "ID": 28,
                                  "left": 29
                                }
                              ],
                              "parent": 26,
                              "ID": 27,
                              "left": 28
                            }
                          ],
                          "parent": 25,
                          "ID": 26,
                          "left": 27
                        }
                      ],
                      "parent": 3,
                      "ID": 25,
                      "left": 26
                    },
                    {
                      "Node Type": "Subquery Scan",
                      "Parent Relationship": "Member",
                      "Parallel Aware": false,
                      "Async Capable": false,
                      "Alias": "wsr",
                      "Startup Cost": 263918.43,
                      "Total Cost": 263926.12,
                      "Plan Rows": 21,
                      "Plan Width": 160,
                      "Plans": [
                        {
                          "Node Type": "Aggregate",
                          "Strategy": "Sorted",
                          "Partial Mode": "Finalize",
                          "Parent Relationship": "Subquery",
                          "Parallel Aware": false,
                          "Async Capable": false,
                          "Startup Cost": 263918.43,
                          "Total Cost": 263925.8,
                          "Plan Rows": 21,
                          "Plan Width": 113,
                          "Group Key": [
                            "web_site.web_site_id"
                          ],
                          "Plans": [
                            {
                              "Node Type": "Gather Merge",
                              "Parent Relationship": "Outer",
                              "Parallel Aware": false,
                              "Async Capable": false,
                              "Startup Cost": 263918.43,
                              "Total Cost": 263924.7,
                              "Plan Rows": 42,
                              "Plan Width": 113,
                              "Workers Planned": 2,
                              "Plans": [
                                {
                                  "Node Type": "Aggregate",
                                  "Strategy": "Sorted",
                                  "Partial Mode": "Partial",
                                  "Parent Relationship": "Outer",
                                  "Parallel Aware": false,
                                  "Async Capable": false,
                                  "Startup Cost": 262918.41,
                                  "Total Cost": 262919.83,
                                  "Plan Rows": 21,
                                  "Plan Width": 113,
                                  "Group Key": [
                                    "web_site.web_site_id"
                                  ],
                                  "Plans": [
                                    {
                                      "Node Type": "Sort",
                                      "Parent Relationship": "Outer",
                                      "Parallel Aware": false,
                                      "Async Capable": false,
                                      "Startup Cost": 262918.41,
                                      "Total Cost": 262918.59,
                                      "Plan Rows": 70,
                                      "Plan Width": 41,
                                      "Sort Key": [
                                        "web_site.web_site_id"
                                      ],
                                      "Plans": [
                                        {
                                          "Node Type": "Hash Join",
                                          "Parent Relationship": "Outer",
                                          "Parallel Aware": false,
                                          "Async Capable": false,
                                          "Join Type": "Inner",
                                          "Startup Cost": 32134.74,
                                          "Total Cost": 262916.27,
                                          "Plan Rows": 70,
                                          "Plan Width": 41,
                                          "Inner Unique": false,
                                          "Hash Cond": "(web_sales.ws_web_site_sk = web_site.web_site_sk)",
                                          "Plans": [
                                            {
                                              "Node Type": "Hash Join",
                                              "Parent Relationship": "Outer",
                                              "Parallel Aware": false,
                                              "Async Capable": false,
                                              "Join Type": "Inner",
                                              "Startup Cost": 32130.8,
                                              "Total Cost": 262911.36,
                                              "Plan Rows": 70,
                                              "Plan Width": 28,
                                              "Inner Unique": false,
                                              "Hash Cond": "(web_sales.ws_promo_sk = promotion_2.p_promo_sk)",
                                              "Plans": [
                                                {
                                                  "Node Type": "Hash Join",
                                                  "Parent Relationship": "Outer",
                                                  "Parallel Aware": true,
                                                  "Async Capable": false,
                                                  "Join Type": "Inner",
                                                  "Startup Cost": 32105.4,
                                                  "Total Cost": 262884.99,
                                                  "Plan Rows": 71,
                                                  "Plan Width": 32,
                                                  "Inner Unique": false,
                                                  "Hash Cond": "(web_sales.ws_item_sk = item_2.i_item_sk)",
                                                  "Plans": [
                                                    {
                                                      "Node Type": "Hash Join",
                                                      "Parent Relationship": "Outer",
                                                      "Parallel Aware": true,
                                                      "Async Capable": false,
                                                      "Join Type": "Left",
                                                      "Startup Cost": 24579.62,
                                                      "Total Cost": 255354.31,
                                                      "Plan Rows": 1231,
                                                      "Plan Width": 36,
                                                      "Inner Unique": false,
                                                      "Hash Cond": "((web_sales.ws_item_sk = web_returns.wr_item_sk) AND (web_sales.ws_order_number = web_returns.wr_order_number))",
                                                      "Plans": [
                                                        {
                                                          "Node Type": "Hash Join",
                                                          "Parent Relationship": "Outer",
                                                          "Parallel Aware": true,
                                                          "Async Capable": false,
                                                          "Join Type": "Inner",
                                                          "Startup Cost": 2049.78,
                                                          "Total Cost": 231041.22,
                                                          "Plan Rows": 1231,
                                                          "Plan Width": 28,
                                                          "Inner Unique": false,
                                                          "Hash Cond": "(web_sales.ws_sold_date_sk = date_dim_2.d_date_sk)",
                                                          "Plans": [
                                                            {
                                                              "Node Type": "Seq Scan",
                                                              "Parent Relationship": "Outer",
                                                              "Parallel Aware": true,
                                                              "Async Capable": false,
                                                              "Relation Name": "web_sales",
                                                              "Alias": "web_sales",
                                                              "Startup Cost": 0.0,
                                                              "Total Cost": 217737.86,
                                                              "Plan Rows": 2998986,
                                                              "Plan Width": 32,
                                                              "parent": 55,
                                                              "ID": 56
                                                            },
                                                            {
                                                              "Node Type": "Hash",
                                                              "Parent Relationship": "Inner",
                                                              "Parallel Aware": true,
                                                              "Async Capable": false,
                                                              "Startup Cost": 2049.55,
                                                              "Total Cost": 2049.55,
                                                              "Plan Rows": 18,
                                                              "Plan Width": 4,
                                                              "Plans": [
                                                                {
                                                                  "Node Type": "Seq Scan",
                                                                  "Parent Relationship": "Outer",
                                                                  "Parallel Aware": true,
                                                                  "Async Capable": false,
                                                                  "Relation Name": "date_dim",
                                                                  "Alias": "date_dim_2",
                                                                  "Startup Cost": 0.0,
                                                                  "Total Cost": 2049.55,
                                                                  "Plan Rows": 18,
                                                                  "Plan Width": 4,
                                                                  "Filter": "((d_date >= '1998-08-19'::date) AND (d_date <= '1998-09-18 00:00:00'::timestamp without time zone))",
                                                                  "parent": 57,
                                                                  "ID": 58
                                                                }
                                                              ],
                                                              "parent": 55,
                                                              "ID": 57,
                                                              "left": 58
                                                            }
                                                          ],
                                                          "parent": 54,
                                                          "ID": 55,
                                                          "left": 56,
                                                          "right": 57
                                                        },
                                                        {
                                                          "Node Type": "Hash",
                                                          "Parent Relationship": "Inner",
                                                          "Parallel Aware": true,
                                                          "Async Capable": false,
                                                          "Startup Cost": 16278.74,
                                                          "Total Cost": 16278.74,
                                                          "Plan Rows": 299674,
                                                          "Plan Width": 20,
                                                          "Plans": [
                                                            {
                                                              "Node Type": "Seq Scan",
                                                              "Parent Relationship": "Outer",
                                                              "Parallel Aware": true,
                                                              "Async Capable": false,
                                                              "Relation Name": "web_returns",
                                                              "Alias": "web_returns",
                                                              "Startup Cost": 0.0,
                                                              "Total Cost": 16278.74,
                                                              "Plan Rows": 299674,
                                                              "Plan Width": 20,
                                                              "parent": 59,
                                                              "ID": 60
                                                            }
                                                          ],
                                                          "parent": 54,
                                                          "ID": 59,
                                                          "left": 60
                                                        }
                                                      ],
                                                      "parent": 53,
                                                      "ID": 54,
                                                      "left": 55,
                                                      "right": 59
                                                    },
                                                    {
                                                      "Node Type": "Hash",
                                                      "Parent Relationship": "Inner",
                                                      "Parallel Aware": true,
                                                      "Async Capable": false,
                                                      "Startup Cost": 7495.25,
                                                      "Total Cost": 7495.25,
                                                      "Plan Rows": 2442,
                                                      "Plan Width": 4,
                                                      "Plans": [
                                                        {
                                                          "Node Type": "Seq Scan",
                                                          "Parent Relationship": "Outer",
                                                          "Parallel Aware": true,
                                                          "Async Capable": false,
                                                          "Relation Name": "item",
                                                          "Alias": "item_2",
                                                          "Startup Cost": 0.0,
                                                          "Total Cost": 7495.25,
                                                          "Plan Rows": 2442,
                                                          "Plan Width": 4,
                                                          "Filter": "(i_current_price > '50'::numeric)",
                                                          "parent": 61,
                                                          "ID": 62
                                                        }
                                                      ],
                                                      "parent": 53,
                                                      "ID": 61,
                                                      "left": 62
                                                    }
                                                  ],
                                                  "parent": 52,
                                                  "ID": 53,
                                                  "left": 54,
                                                  "right": 61
                                                },
                                                {
                                                  "Node Type": "Hash",
                                                  "Parent Relationship": "Inner",
                                                  "Parallel Aware": false,
                                                  "Async Capable": false,
                                                  "Startup Cost": 19.25,
                                                  "Total Cost": 19.25,
                                                  "Plan Rows": 492,
                                                  "Plan Width": 4,
                                                  "Plans": [
                                                    {
                                                      "Node Type": "Seq Scan",
                                                      "Parent Relationship": "Outer",
                                                      "Parallel Aware": false,
                                                      "Async Capable": false,
                                                      "Relation Name": "promotion",
                                                      "Alias": "promotion_2",
                                                      "Startup Cost": 0.0,
                                                      "Total Cost": 19.25,
                                                      "Plan Rows": 492,
                                                      "Plan Width": 4,
                                                      "Filter": "(p_channel_tv = 'N'::bpchar)",
                                                      "parent": 63,
                                                      "ID": 64
                                                    }
                                                  ],
                                                  "parent": 52,
                                                  "ID": 63,
                                                  "left": 64
                                                }
                                              ],
                                              "parent": 51,
                                              "ID": 52,
                                              "left": 53,
                                              "right": 63
                                            },
                                            {
                                              "Node Type": "Hash",
                                              "Parent Relationship": "Inner",
                                              "Parallel Aware": false,
                                              "Async Capable": false,
                                              "Startup Cost": 3.42,
                                              "Total Cost": 3.42,
                                              "Plan Rows": 42,
                                              "Plan Width": 21,
                                              "Plans": [
                                                {
                                                  "Node Type": "Seq Scan",
                                                  "Parent Relationship": "Outer",
                                                  "Parallel Aware": false,
                                                  "Async Capable": false,
                                                  "Relation Name": "web_site",
                                                  "Alias": "web_site",
                                                  "Startup Cost": 0.0,
                                                  "Total Cost": 3.42,
                                                  "Plan Rows": 42,
                                                  "Plan Width": 21,
                                                  "parent": 65,
                                                  "ID": 66
                                                }
                                              ],
                                              "parent": 51,
                                              "ID": 65,
                                              "left": 66
                                            }
                                          ],
                                          "parent": 50,
                                          "ID": 51,
                                          "left": 52,
                                          "right": 65
                                        }
                                      ],
                                      "parent": 49,
                                      "ID": 50,
                                      "left": 51
                                    }
                                  ],
                                  "parent": 48,
                                  "ID": 49,
                                  "left": 50
                                }
                              ],
                              "parent": 47,
                              "ID": 48,
                              "left": 49
                            }
                          ],
                          "parent": 46,
                          "ID": 47,
                          "left": 48
                        }
                      ],
                      "parent": 3,
                      "ID": 46,
                      "left": 47
                    }
                  ],
                  "parent": 2,
                  "ID": 3,
                  "left": 4,
                  "right": 25
                }
              ],
              "parent": 1,
              "ID": 2,
              "left": 3
            }
          ],
          "parent": 0,
          "ID": 1,
          "left": 2
        }
      ],
      "parent": null,
      "ID": 0,
      "left": 1
    },
    "feat": {
      "utility": 0.0,
      "query_shape": [
        [
          "Seq Scan",
          "Hash Join",
          "Sort",
          "Aggregate",
          "Gather Merge",
          "Subquery Scan",
          "Append"
        ],
        [
          "Seq Scan",
          "Hash",
          "Hash Join",
          "Sort",
          "Aggregate",
          "Gather Merge",
          "Subquery Scan",
          "Append"
        ],
        [
          "Seq Scan",
          "Hash",
          "Hash Join",
          "Sort",
          "Aggregate",
          "Gather Merge",
          "Subquery Scan",
          "Append"
        ],
        [
          "Seq Scan",
          "Hash",
          "Hash Join",
          "Sort",
          "Aggregate",
          "Gather Merge",
          "Subquery Scan",
          "Append"
        ],
        [
          "Seq Scan",
          "Hash",
          "Hash Join",
          "Sort",
          "Aggregate",
          "Gather Merge",
          "Subquery Scan",
          "Append"
        ],
        [
          "Seq Scan",
          "Hash",
          "Hash Join",
          "Sort",
          "Aggregate",
          "Gather Merge",
          "Subquery Scan",
          "Append"
        ],
        [
          "Seq Scan",
          "Hash Join",
          "Sort",
          "Aggregate",
          "Gather Merge",
          "Subquery Scan",
          "Append"
        ],
        [
          "Seq Scan",
          "Hash",
          "Hash Join",
          "Sort",
          "Aggregate",
          "Gather Merge",
          "Subquery Scan",
          "Append"
        ],
        [
          "Seq Scan",
          "Hash",
          "Hash Join",
          "Sort",
          "Aggregate",
          "Gather Merge",
          "Subquery Scan",
          "Append"
        ],
        [
          "Seq Scan",
          "Hash",
          "Hash Join",
          "Sort",
          "Aggregate",
          "Gather Merge",
          "Subquery Scan",
          "Append"
        ],
        [
          "Seq Scan",
          "Hash",
          "Hash Join",
          "Sort",
          "Aggregate",
          "Gather Merge",
          "Subquery Scan",
          "Append"
        ],
        [
          "Seq Scan",
          "Hash",
          "Hash Join",
          "Sort",
          "Aggregate",
          "Gather Merge",
          "Subquery Scan",
          "Append"
        ],
        [
          "Seq Scan",
          "Hash Join",
          "Sort",
          "Aggregate",
          "Gather Merge",
          "Subquery Scan",
          "Append"
        ],
        [
          "Seq Scan",
          "Hash",
          "Hash Join",
          "Sort",
          "Aggregate",
          "Gather Merge",
          "Subquery Scan",
          "Append"
        ],
        [
          "Seq Scan",
          "Hash",
          "Hash Join",
          "Sort",
          "Aggregate",
          "Gather Merge",
          "Subquery Scan",
          "Append"
        ],
        [
          "Seq Scan",
          "Hash",
          "Hash Join",
          "Sort",
          "Aggregate",
          "Gather Merge",
          "Subquery Scan",
          "Append"
        ],
        [
          "Seq Scan",
          "Hash",
          "Hash Join",
          "Sort",
          "Aggregate",
          "Gather Merge",
          "Subquery Scan",
          "Append"
        ],
        [
          "Seq Scan",
          "Hash",
          "Hash Join",
          "Sort",
          "Aggregate",
          "Gather Merge",
          "Subquery Scan",
          "Append"
        ]
      ],
      "index_shape": [],
      "physical_operator": {}
    }
  },
  {
    "query": "with ssr as\n (select  s_store_id as store_id,\n          sum(ss_ext_sales_price) as sales,\n          sum(coalesce(sr_return_amt, 0)) as returns,\n          sum(ss_net_profit - coalesce(sr_net_loss, 0)) as profit\n  from store_sales left outer join store_returns on\n         (ss_item_sk = sr_item_sk and ss_ticket_number = sr_ticket_number),\n     date_dim,\n     store,\n     item,\n     promotion\n where ss_sold_date_sk = d_date_sk\n       and d_date between cast('1998-08-19' as date) \n                  and (cast('1998-08-19' as date) +  interval '30 days')\n       and ss_store_sk = s_store_sk\n       and ss_item_sk = i_item_sk\n       and i_current_price > 50\n       and ss_promo_sk = p_promo_sk\n       and p_channel_tv = 'N'\n group by s_store_id)\n ,\n csr as\n (select  cp_catalog_page_id as catalog_page_id,\n          sum(cs_ext_sales_price) as sales,\n          sum(coalesce(cr_return_amount, 0)) as returns,\n          sum(cs_net_profit - coalesce(cr_net_loss, 0)) as profit\n  from catalog_sales left outer join catalog_returns on\n         (cs_item_sk = cr_item_sk and cs_order_number = cr_order_number),\n     date_dim,\n     catalog_page,\n     item,\n     promotion\n where cs_sold_date_sk = d_date_sk\n       and d_date between cast('1998-08-19' as date)\n                  and (cast('1998-08-19' as date) +  interval '30 days')\n        and cs_catalog_page_sk = cp_catalog_page_sk\n       and cs_item_sk = i_item_sk\n       and i_current_price > 50\n       and cs_promo_sk = p_promo_sk\n       and p_channel_tv = 'N'\ngroup by cp_catalog_page_id)\n ,\n wsr as\n (select  web_site_id,\n          sum(ws_ext_sales_price) as sales,\n          sum(coalesce(wr_return_amt, 0)) as returns,\n          sum(ws_net_profit - coalesce(wr_net_loss, 0)) as profit\n  from web_sales left outer join web_returns on\n         (ws_item_sk = wr_item_sk and ws_order_number = wr_order_number),\n     date_dim,\n     web_site,\n     item,\n     promotion\n where ws_sold_date_sk = d_date_sk\n       and d_date between cast('1998-08-19' as date)\n                  and (cast('1998-08-19' as date) +  interval '30 days')\n        and ws_web_site_sk = web_site_sk\n       and ws_item_sk = i_item_sk\n       and i_current_price > 50\n       and ws_promo_sk = p_promo_sk\n       and p_channel_tv = 'N'\ngroup by web_site_id)\n  select  channel\n        , id\n        , sum(sales) as sales\n        , sum(returns) as returns\n        , sum(profit) as profit\n from \n (select 'store channel' as channel\n        , 'store' || store_id as id\n        , sales\n        , returns\n        , profit\n from   ssr\n union all\n select 'catalog channel' as channel\n        , 'catalog_page' || catalog_page_id as id\n        , sales\n        , returns\n        , profit\n from  csr\n union all\n select 'web channel' as channel\n        , 'web_site' || web_site_id as id\n        , sales\n        , returns\n        , profit\n from   wsr\n ) x\n group by rollup (channel, id)\n order by channel\n         ,id\n limit 100;\n\n-- end query 61 in stream 0 using template query80.tpl\n",
    "indexes": "web_sales.ws_sold_date_sk",
    "wo plan est": {
      "Node Type": "Limit",
      "Parallel Aware": false,
      "Async Capable": false,
      "Startup Cost": 1566782.76,
      "Total Cost": 1566786.01,
      "Plan Rows": 100,
      "Plan Width": 160,
      "Plans": [
        {
          "Node Type": "Aggregate",
          "Strategy": "Sorted",
          "Partial Mode": "Simple",
          "Parent Relationship": "Outer",
          "Parallel Aware": false,
          "Async Capable": false,
          "Startup Cost": 1566782.76,
          "Total Cost": 1566795.8,
          "Plan Rows": 401,
          "Plan Width": 160,
          "Grouping Sets": [
            {
              "Group Keys": [
                [
                  "('store channel'::text)",
                  "(('store'::text || (ssr.store_id)::text))"
                ],
                [
                  "('store channel'::text)"
                ],
                []
              ]
            }
          ],
          "Plans": [
            {
              "Node Type": "Sort",
              "Parent Relationship": "Outer",
              "Parallel Aware": false,
              "Async Capable": false,
              "Startup Cost": 1566782.76,
              "Total Cost": 1566783.77,
              "Plan Rows": 401,
              "Plan Width": 160,
              "Sort Key": [
                "('store channel'::text)",
                "(('store'::text || (ssr.store_id)::text))"
              ],
              "Plans": [
                {
                  "Node Type": "Append",
                  "Parent Relationship": "Outer",
                  "Parallel Aware": false,
                  "Async Capable": false,
                  "Startup Cost": 784591.9,
                  "Total Cost": 1566765.43,
                  "Plan Rows": 401,
                  "Plan Width": 160,
                  "Subplans Removed": 0,
                  "Plans": [
                    {
                      "Node Type": "Subquery Scan",
                      "Parent Relationship": "Member",
                      "Parallel Aware": false,
                      "Async Capable": false,
                      "Alias": "ssr",
                      "Startup Cost": 784591.9,
                      "Total Cost": 784611.64,
                      "Plan Rows": 51,
                      "Plan Width": 160,
                      "Plans": [
                        {
                          "Node Type": "Aggregate",
                          "Strategy": "Sorted",
                          "Partial Mode": "Finalize",
                          "Parent Relationship": "Subquery",
                          "Parallel Aware": false,
                          "Async Capable": false,
                          "Startup Cost": 784591.9,
                          "Total Cost": 784610.87,
                          "Plan Rows": 51,
                          "Plan Width": 113,
                          "Group Key": [
                            "store.s_store_id"
                          ],
                          "Plans": [
                            {
                              "Node Type": "Gather Merge",
                              "Parent Relationship": "Outer",
                              "Parallel Aware": false,
                              "Async Capable": false,
                              "Startup Cost": 784591.9,
                              "Total Cost": 784608.2,
                              "Plan Rows": 102,
                              "Plan Width": 113,
                              "Workers Planned": 2,
                              "Plans": [
                                {
                                  "Node Type": "Aggregate",
                                  "Strategy": "Sorted",
                                  "Partial Mode": "Partial",
                                  "Parent Relationship": "Outer",
                                  "Parallel Aware": false,
                                  "Async Capable": false,
                                  "Startup Cost": 783591.88,
                                  "Total Cost": 783596.4,
                                  "Plan Rows": 51,
                                  "Plan Width": 113,
                                  "Group Key": [
                                    "store.s_store_id"
                                  ],
                                  "Plans": [
                                    {
                                      "Node Type": "Sort",
                                      "Parent Relationship": "Outer",
                                      "Parallel Aware": false,
                                      "Async Capable": false,
                                      "Startup Cost": 783591.88,
                                      "Total Cost": 783592.48,
                                      "Plan Rows": 242,
                                      "Plan Width": 41,
                                      "Sort Key": [
                                        "store.s_store_id"
                                      ],
                                      "Plans": [
                                        {
                                          "Node Type": "Hash Join",
                                          "Parent Relationship": "Outer",
                                          "Parallel Aware": false,
                                          "Async Capable": false,
                                          "Join Type": "Inner",
                                          "Startup Cost": 94489.35,
                                          "Total Cost": 783582.3,
                                          "Plan Rows": 242,
                                          "Plan Width": 41,
                                          "Inner Unique": false,
                                          "Hash Cond": "(store_sales.ss_store_sk = store.s_store_sk)",
                                          "Plans": [
                                            {
                                              "Node Type": "Hash Join",
                                              "Parent Relationship": "Outer",
                                              "Parallel Aware": false,
                                              "Async Capable": false,
                                              "Join Type": "Inner",
                                              "Startup Cost": 94482.05,
                                              "Total Cost": 783571.63,
                                              "Plan Rows": 254,
                                              "Plan Width": 28,
                                              "Inner Unique": false,
                                              "Hash Cond": "(store_sales.ss_promo_sk = promotion.p_promo_sk)",
                                              "Plans": [
                                                {
                                                  "Node Type": "Hash Join",
                                                  "Parent Relationship": "Outer",
                                                  "Parallel Aware": true,
                                                  "Async Capable": false,
                                                  "Join Type": "Inner",
                                                  "Startup Cost": 94456.65,
                                                  "Total Cost": 783542.68,
                                                  "Plan Rows": 270,
                                                  "Plan Width": 32,
                                                  "Inner Unique": false,
                                                  "Hash Cond": "(store_sales.ss_item_sk = item.i_item_sk)",
                                                  "Plans": [
                                                    {
                                                      "Node Type": "Hash Join",
                                                      "Parent Relationship": "Outer",
                                                      "Parallel Aware": true,
                                                      "Async Capable": false,
                                                      "Join Type": "Left",
                                                      "Startup Cost": 86930.88,
                                                      "Total Cost": 775998.13,
                                                      "Plan Rows": 4703,
                                                      "Plan Width": 36,
                                                      "Inner Unique": false,
                                                      "Hash Cond": "((store_sales.ss_item_sk = store_returns.sr_item_sk) AND (store_sales.ss_ticket_number = store_returns.sr_ticket_number))",
                                                      "Plans": [
                                                        {
                                                          "Node Type": "Hash Join",
                                                          "Parent Relationship": "Outer",
                                                          "Parallel Aware": true,
                                                          "Async Capable": false,
                                                          "Join Type": "Inner",
                                                          "Startup Cost": 2049.78,
                                                          "Total Cost": 683994.75,
                                                          "Plan Rows": 4703,
                                                          "Plan Width": 28,
                                                          "Inner Unique": false,
                                                          "Hash Cond": "(store_sales.ss_sold_date_sk = date_dim.d_date_sk)",
                                                          "Plans": [
                                                            {
                                                              "Node Type": "Seq Scan",
                                                              "Parent Relationship": "Outer",
                                                              "Parallel Aware": true,
                                                              "Async Capable": false,
                                                              "Relation Name": "store_sales",
                                                              "Alias": "store_sales",
                                                              "Startup Cost": 0.0,
                                                              "Total Cost": 636914.37,
                                                              "Plan Rows": 12000637,
                                                              "Plan Width": 32,
                                                              "parent": 13,
                                                              "ID": 14
                                                            },
                                                            {
                                                              "Node Type": "Hash",
                                                              "Parent Relationship": "Inner",
                                                              "Parallel Aware": true,
                                                              "Async Capable": false,
                                                              "Startup Cost": 2049.55,
                                                              "Total Cost": 2049.55,
                                                              "Plan Rows": 18,
                                                              "Plan Width": 4,
                                                              "Plans": [
                                                                {
                                                                  "Node Type": "Seq Scan",
                                                                  "Parent Relationship": "Outer",
                                                                  "Parallel Aware": true,
                                                                  "Async Capable": false,
                                                                  "Relation Name": "date_dim",
                                                                  "Alias": "date_dim",
                                                                  "Startup Cost": 0.0,
                                                                  "Total Cost": 2049.55,
                                                                  "Plan Rows": 18,
                                                                  "Plan Width": 4,
                                                                  "Filter": "((d_date >= '1998-08-19'::date) AND (d_date <= '1998-09-18 00:00:00'::timestamp without time zone))",
                                                                  "parent": 15,
                                                                  "ID": 16
                                                                }
                                                              ],
                                                              "parent": 13,
                                                              "ID": 15,
                                                              "left": 16
                                                            }
                                                          ],
                                                          "parent": 12,
                                                          "ID": 13,
                                                          "left": 14,
                                                          "right": 15
                                                        },
                                                        {
                                                          "Node Type": "Hash",
                                                          "Parent Relationship": "Inner",
                                                          "Parallel Aware": true,
                                                          "Async Capable": false,
                                                          "Startup Cost": 59887.64,
                                                          "Total Cost": 59887.64,
                                                          "Plan Rows": 1198164,
                                                          "Plan Width": 20,
                                                          "Plans": [
                                                            {
                                                              "Node Type": "Seq Scan",
                                                              "Parent Relationship": "Outer",
                                                              "Parallel Aware": true,
                                                              "Async Capable": false,
                                                              "Relation Name": "store_returns",
                                                              "Alias": "store_returns",
                                                              "Startup Cost": 0.0,
                                                              "Total Cost": 59887.64,
                                                              "Plan Rows": 1198164,
                                                              "Plan Width": 20,
                                                              "parent": 17,
                                                              "ID": 18
                                                            }
                                                          ],
                                                          "parent": 12,
                                                          "ID": 17,
                                                          "left": 18
                                                        }
                                                      ],
                                                      "parent": 11,
                                                      "ID": 12,
                                                      "left": 13,
                                                      "right": 17
                                                    },
                                                    {
                                                      "Node Type": "Hash",
                                                      "Parent Relationship": "Inner",
                                                      "Parallel Aware": true,
                                                      "Async Capable": false,
                                                      "Startup Cost": 7495.25,
                                                      "Total Cost": 7495.25,
                                                      "Plan Rows": 2442,
                                                      "Plan Width": 4,
                                                      "Plans": [
                                                        {
                                                          "Node Type": "Seq Scan",
                                                          "Parent Relationship": "Outer",
                                                          "Parallel Aware": true,
                                                          "Async Capable": false,
                                                          "Relation Name": "item",
                                                          "Alias": "item",
                                                          "Startup Cost": 0.0,
                                                          "Total Cost": 7495.25,
                                                          "Plan Rows": 2442,
                                                          "Plan Width": 4,
                                                          "Filter": "(i_current_price > '50'::numeric)",
                                                          "parent": 19,
                                                          "ID": 20
                                                        }
                                                      ],
                                                      "parent": 11,
                                                      "ID": 19,
                                                      "left": 20
                                                    }
                                                  ],
                                                  "parent": 10,
                                                  "ID": 11,
                                                  "left": 12,
                                                  "right": 19
                                                },
                                                {
                                                  "Node Type": "Hash",
                                                  "Parent Relationship": "Inner",
                                                  "Parallel Aware": false,
                                                  "Async Capable": false,
                                                  "Startup Cost": 19.25,
                                                  "Total Cost": 19.25,
                                                  "Plan Rows": 492,
                                                  "Plan Width": 4,
                                                  "Plans": [
                                                    {
                                                      "Node Type": "Seq Scan",
                                                      "Parent Relationship": "Outer",
                                                      "Parallel Aware": false,
                                                      "Async Capable": false,
                                                      "Relation Name": "promotion",
                                                      "Alias": "promotion",
                                                      "Startup Cost": 0.0,
                                                      "Total Cost": 19.25,
                                                      "Plan Rows": 492,
                                                      "Plan Width": 4,
                                                      "Filter": "(p_channel_tv = 'N'::bpchar)",
                                                      "parent": 21,
                                                      "ID": 22
                                                    }
                                                  ],
                                                  "parent": 10,
                                                  "ID": 21,
                                                  "left": 22
                                                }
                                              ],
                                              "parent": 9,
                                              "ID": 10,
                                              "left": 11,
                                              "right": 21
                                            },
                                            {
                                              "Node Type": "Hash",
                                              "Parent Relationship": "Inner",
                                              "Parallel Aware": false,
                                              "Async Capable": false,
                                              "Startup Cost": 6.02,
                                              "Total Cost": 6.02,
                                              "Plan Rows": 102,
                                              "Plan Width": 21,
                                              "Plans": [
                                                {
                                                  "Node Type": "Seq Scan",
                                                  "Parent Relationship": "Outer",
                                                  "Parallel Aware": false,
                                                  "Async Capable": false,
                                                  "Relation Name": "store",
                                                  "Alias": "store",
                                                  "Startup Cost": 0.0,
                                                  "Total Cost": 6.02,
                                                  "Plan Rows": 102,
                                                  "Plan Width": 21,
                                                  "parent": 23,
                                                  "ID": 24
                                                }
                                              ],
                                              "parent": 9,
                                              "ID": 23,
                                              "left": 24
                                            }
                                          ],
                                          "parent": 8,
                                          "ID": 9,
                                          "left": 10,
                                          "right": 23
                                        }
                                      ],
                                      "parent": 7,
                                      "ID": 8,
                                      "left": 9
                                    }
                                  ],
                                  "parent": 6,
                                  "ID": 7,
                                  "left": 8
                                }
                              ],
                              "parent": 5,
                              "ID": 6,
                              "left": 7
                            }
                          ],
                          "parent": 4,
                          "ID": 5,
                          "left": 6
                        }
                      ],
                      "parent": 3,
                      "ID": 4,
                      "left": 5
                    },
                    {
                      "Node Type": "Subquery Scan",
                      "Parent Relationship": "Member",
                      "Parallel Aware": false,
                      "Async Capable": false,
                      "Alias": "csr",
                      "Startup Cost": 518174.1,
                      "Total Cost": 518225.66,
                      "Plan Rows": 329,
                      "Plan Width": 160,
                      "Plans": [
                        {
                          "Node Type": "Aggregate",
                          "Strategy": "Sorted",
                          "Partial Mode": "Finalize",
                          "Parent Relationship": "Subquery",
                          "Parallel Aware": false,
                          "Async Capable": false,
                          "Startup Cost": 518174.1,
                          "Total Cost": 518220.73,
                          "Plan Rows": 329,
                          "Plan Width": 113,
                          "Group Key": [
                            "catalog_page.cp_catalog_page_id"
                          ],
                          "Plans": [
                            {
                              "Node Type": "Gather Merge",
                              "Parent Relationship": "Outer",
                              "Parallel Aware": false,
                              "Async Capable": false,
                              "Startup Cost": 518174.1,
                              "Total Cost": 518210.18,
                              "Plan Rows": 274,
                              "Plan Width": 113,
                              "Workers Planned": 2,
                              "Plans": [
                                {
                                  "Node Type": "Aggregate",
                                  "Strategy": "Sorted",
                                  "Partial Mode": "Partial",
                                  "Parent Relationship": "Outer",
                                  "Parallel Aware": false,
                                  "Async Capable": false,
                                  "Startup Cost": 517174.07,
                                  "Total Cost": 517178.53,
                                  "Plan Rows": 137,
                                  "Plan Width": 113,
                                  "Group Key": [
                                    "catalog_page.cp_catalog_page_id"
                                  ],
                                  "Plans": [
                                    {
                                      "Node Type": "Sort",
                                      "Parent Relationship": "Outer",
                                      "Parallel Aware": false,
                                      "Async Capable": false,
                                      "Startup Cost": 517174.07,
                                      "Total Cost": 517174.42,
                                      "Plan Rows": 137,
                                      "Plan Width": 41,
                                      "Sort Key": [
                                        "catalog_page.cp_catalog_page_id"
                                      ],
                                      "Plans": [
                                        {
                                          "Node Type": "Hash Join",
                                          "Parent Relationship": "Outer",
                                          "Parallel Aware": false,
                                          "Async Capable": false,
                                          "Join Type": "Inner",
                                          "Startup Cost": 57382.33,
                                          "Total Cost": 517169.21,
                                          "Plan Rows": 137,
                                          "Plan Width": 41,
                                          "Inner Unique": false,
                                          "Hash Cond": "(catalog_sales.cs_catalog_page_sk = catalog_page.cp_catalog_page_sk)",
                                          "Plans": [
                                            {
                                              "Node Type": "Hash Join",
                                              "Parent Relationship": "Outer",
                                              "Parallel Aware": false,
                                              "Async Capable": false,
                                              "Join Type": "Inner",
                                              "Startup Cost": 56864.33,
                                              "Total Cost": 516649.32,
                                              "Plan Rows": 138,
                                              "Plan Width": 28,
                                              "Inner Unique": false,
                                              "Hash Cond": "(catalog_sales.cs_promo_sk = promotion_1.p_promo_sk)",
                                              "Plans": [
                                                {
                                                  "Node Type": "Hash Join",
                                                  "Parent Relationship": "Outer",
                                                  "Parallel Aware": true,
                                                  "Async Capable": false,
                                                  "Join Type": "Inner",
                                                  "Startup Cost": 56838.93,
                                                  "Total Cost": 516622.01,
                                                  "Plan Rows": 141,
                                                  "Plan Width": 32,
                                                  "Inner Unique": false,
                                                  "Hash Cond": "(catalog_sales.cs_item_sk = item_1.i_item_sk)",
                                                  "Plans": [
                                                    {
                                                      "Node Type": "Hash Join",
                                                      "Parent Relationship": "Outer",
                                                      "Parallel Aware": true,
                                                      "Async Capable": false,
                                                      "Join Type": "Left",
                                                      "Startup Cost": 49313.15,
                                                      "Total Cost": 509086.46,
                                                      "Plan Rows": 2450,
                                                      "Plan Width": 36,
                                                      "Inner Unique": false,
                                                      "Hash Cond": "((catalog_sales.cs_item_sk = catalog_returns.cr_item_sk) AND (catalog_sales.cs_order_number = catalog_returns.cr_order_number))",
                                                      "Plans": [
                                                        {
                                                          "Node Type": "Hash Join",
                                                          "Parent Relationship": "Outer",
                                                          "Parallel Aware": true,
                                                          "Async Capable": false,
                                                          "Join Type": "Inner",
                                                          "Startup Cost": 2049.78,
                                                          "Total Cost": 458254.7,
                                                          "Plan Rows": 2450,
                                                          "Plan Width": 28,
                                                          "Inner Unique": false,
                                                          "Hash Cond": "(catalog_sales.cs_sold_date_sk = date_dim_1.d_date_sk)",
                                                          "Plans": [
                                                            {
                                                              "Node Type": "Seq Scan",
                                                              "Parent Relationship": "Outer",
                                                              "Parallel Aware": true,
                                                              "Async Capable": false,
                                                              "Relation Name": "catalog_sales",
                                                              "Alias": "catalog_sales",
                                                              "Startup Cost": 0.0,
                                                              "Total Cost": 433688.25,
                                                              "Plan Rows": 6000525,
                                                              "Plan Width": 32,
                                                              "parent": 34,
                                                              "ID": 35
                                                            },
                                                            {
                                                              "Node Type": "Hash",
                                                              "Parent Relationship": "Inner",
                                                              "Parallel Aware": true,
                                                              "Async Capable": false,
                                                              "Startup Cost": 2049.55,
                                                              "Total Cost": 2049.55,
                                                              "Plan Rows": 18,
                                                              "Plan Width": 4,
                                                              "Plans": [
                                                                {
                                                                  "Node Type": "Seq Scan",
                                                                  "Parent Relationship": "Outer",
                                                                  "Parallel Aware": true,
                                                                  "Async Capable": false,
                                                                  "Relation Name": "date_dim",
                                                                  "Alias": "date_dim_1",
                                                                  "Startup Cost": 0.0,
                                                                  "Total Cost": 2049.55,
                                                                  "Plan Rows": 18,
                                                                  "Plan Width": 4,
                                                                  "Filter": "((d_date >= '1998-08-19'::date) AND (d_date <= '1998-09-18 00:00:00'::timestamp without time zone))",
                                                                  "parent": 36,
                                                                  "ID": 37
                                                                }
                                                              ],
                                                              "parent": 34,
                                                              "ID": 36,
                                                              "left": 37
                                                            }
                                                          ],
                                                          "parent": 33,
                                                          "ID": 34,
                                                          "left": 35,
                                                          "right": 36
                                                        },
                                                        {
                                                          "Node Type": "Hash",
                                                          "Parent Relationship": "Inner",
                                                          "Parallel Aware": true,
                                                          "Async Capable": false,
                                                          "Startup Cost": 34748.95,
                                                          "Total Cost": 34748.95,
                                                          "Plan Rows": 599895,
                                                          "Plan Width": 20,
                                                          "Plans": [
                                                            {
                                                              "Node Type": "Seq Scan",
                                                              "Parent Relationship": "Outer",
                                                              "Parallel Aware": true,
                                                              "Async Capable": false,
                                                              "Relation Name": "catalog_returns",
                                                              "Alias": "catalog_returns",
                                                              "Startup Cost": 0.0,
                                                              "Total Cost": 34748.95,
                                                              "Plan Rows": 599895,
                                                              "Plan Width": 20,
                                                              "parent": 38,
                                                              "ID": 39
                                                            }
                                                          ],
                                                          "parent": 33,
                                                          "ID": 38,
                                                          "left": 39
                                                        }
                                                      ],
                                                      "parent": 32,
                                                      "ID": 33,
                                                      "left": 34,
                                                      "right": 38
                                                    },
                                                    {
                                                      "Node Type": "Hash",
                                                      "Parent Relationship": "Inner",
                                                      "Parallel Aware": true,
                                                      "Async Capable": false,
                                                      "Startup Cost": 7495.25,
                                                      "Total Cost": 7495.25,
                                                      "Plan Rows": 2442,
                                                      "Plan Width": 4,
                                                      "Plans": [
                                                        {
                                                          "Node Type": "Seq Scan",
                                                          "Parent Relationship": "Outer",
                                                          "Parallel Aware": true,
                                                          "Async Capable": false,
                                                          "Relation Name": "item",
                                                          "Alias": "item_1",
                                                          "Startup Cost": 0.0,
                                                          "Total Cost": 7495.25,
                                                          "Plan Rows": 2442,
                                                          "Plan Width": 4,
                                                          "Filter": "(i_current_price > '50'::numeric)",
                                                          "parent": 40,
                                                          "ID": 41
                                                        }
                                                      ],
                                                      "parent": 32,
                                                      "ID": 40,
                                                      "left": 41
                                                    }
                                                  ],
                                                  "parent": 31,
                                                  "ID": 32,
                                                  "left": 33,
                                                  "right": 40
                                                },
                                                {
                                                  "Node Type": "Hash",
                                                  "Parent Relationship": "Inner",
                                                  "Parallel Aware": false,
                                                  "Async Capable": false,
                                                  "Startup Cost": 19.25,
                                                  "Total Cost": 19.25,
                                                  "Plan Rows": 492,
                                                  "Plan Width": 4,
                                                  "Plans": [
                                                    {
                                                      "Node Type": "Seq Scan",
                                                      "Parent Relationship": "Outer",
                                                      "Parallel Aware": false,
                                                      "Async Capable": false,
                                                      "Relation Name": "promotion",
                                                      "Alias": "promotion_1",
                                                      "Startup Cost": 0.0,
                                                      "Total Cost": 19.25,
                                                      "Plan Rows": 492,
                                                      "Plan Width": 4,
                                                      "Filter": "(p_channel_tv = 'N'::bpchar)",
                                                      "parent": 42,
                                                      "ID": 43
                                                    }
                                                  ],
                                                  "parent": 31,
                                                  "ID": 42,
                                                  "left": 43
                                                }
                                              ],
                                              "parent": 30,
                                              "ID": 31,
                                              "left": 32,
                                              "right": 42
                                            },
                                            {
                                              "Node Type": "Hash",
                                              "Parent Relationship": "Inner",
                                              "Parallel Aware": false,
                                              "Async Capable": false,
                                              "Startup Cost": 368.0,
                                              "Total Cost": 368.0,
                                              "Plan Rows": 12000,
                                              "Plan Width": 21,
                                              "Plans": [
                                                {
                                                  "Node Type": "Seq Scan",
                                                  "Parent Relationship": "Outer",
                                                  "Parallel Aware": false,
                                                  "Async Capable": false,
                                                  "Relation Name": "catalog_page",
                                                  "Alias": "catalog_page",
                                                  "Startup Cost": 0.0,
                                                  "Total Cost": 368.0,
                                                  "Plan Rows": 12000,
                                                  "Plan Width": 21,
                                                  "parent": 44,
                                                  "ID": 45
                                                }
                                              ],
                                              "parent": 30,
                                              "ID": 44,
                                              "left": 45
                                            }
                                          ],
                                          "parent": 29,
                                          "ID": 30,
                                          "left": 31,
                                          "right": 44
                                        }
                                      ],
                                      "parent": 28,
                                      "ID": 29,
                                      "left": 30
                                    }
                                  ],
                                  "parent": 27,
                                  "ID": 28,
                                  "left": 29
                                }
                              ],
                              "parent": 26,
                              "ID": 27,
                              "left": 28
                            }
                          ],
                          "parent": 25,
                          "ID": 26,
                          "left": 27
                        }
                      ],
                      "parent": 3,
                      "ID": 25,
                      "left": 26
                    },
                    {
                      "Node Type": "Subquery Scan",
                      "Parent Relationship": "Member",
                      "Parallel Aware": false,
                      "Async Capable": false,
                      "Alias": "wsr",
                      "Startup Cost": 263918.43,
                      "Total Cost": 263926.12,
                      "Plan Rows": 21,
                      "Plan Width": 160,
                      "Plans": [
                        {
                          "Node Type": "Aggregate",
                          "Strategy": "Sorted",
                          "Partial Mode": "Finalize",
                          "Parent Relationship": "Subquery",
                          "Parallel Aware": false,
                          "Async Capable": false,
                          "Startup Cost": 263918.43,
                          "Total Cost": 263925.8,
                          "Plan Rows": 21,
                          "Plan Width": 113,
                          "Group Key": [
                            "web_site.web_site_id"
                          ],
                          "Plans": [
                            {
                              "Node Type": "Gather Merge",
                              "Parent Relationship": "Outer",
                              "Parallel Aware": false,
                              "Async Capable": false,
                              "Startup Cost": 263918.43,
                              "Total Cost": 263924.7,
                              "Plan Rows": 42,
                              "Plan Width": 113,
                              "Workers Planned": 2,
                              "Plans": [
                                {
                                  "Node Type": "Aggregate",
                                  "Strategy": "Sorted",
                                  "Partial Mode": "Partial",
                                  "Parent Relationship": "Outer",
                                  "Parallel Aware": false,
                                  "Async Capable": false,
                                  "Startup Cost": 262918.41,
                                  "Total Cost": 262919.83,
                                  "Plan Rows": 21,
                                  "Plan Width": 113,
                                  "Group Key": [
                                    "web_site.web_site_id"
                                  ],
                                  "Plans": [
                                    {
                                      "Node Type": "Sort",
                                      "Parent Relationship": "Outer",
                                      "Parallel Aware": false,
                                      "Async Capable": false,
                                      "Startup Cost": 262918.41,
                                      "Total Cost": 262918.59,
                                      "Plan Rows": 70,
                                      "Plan Width": 41,
                                      "Sort Key": [
                                        "web_site.web_site_id"
                                      ],
                                      "Plans": [
                                        {
                                          "Node Type": "Hash Join",
                                          "Parent Relationship": "Outer",
                                          "Parallel Aware": false,
                                          "Async Capable": false,
                                          "Join Type": "Inner",
                                          "Startup Cost": 32134.74,
                                          "Total Cost": 262916.27,
                                          "Plan Rows": 70,
                                          "Plan Width": 41,
                                          "Inner Unique": false,
                                          "Hash Cond": "(web_sales.ws_web_site_sk = web_site.web_site_sk)",
                                          "Plans": [
                                            {
                                              "Node Type": "Hash Join",
                                              "Parent Relationship": "Outer",
                                              "Parallel Aware": false,
                                              "Async Capable": false,
                                              "Join Type": "Inner",
                                              "Startup Cost": 32130.8,
                                              "Total Cost": 262911.36,
                                              "Plan Rows": 70,
                                              "Plan Width": 28,
                                              "Inner Unique": false,
                                              "Hash Cond": "(web_sales.ws_promo_sk = promotion_2.p_promo_sk)",
                                              "Plans": [
                                                {
                                                  "Node Type": "Hash Join",
                                                  "Parent Relationship": "Outer",
                                                  "Parallel Aware": true,
                                                  "Async Capable": false,
                                                  "Join Type": "Inner",
                                                  "Startup Cost": 32105.4,
                                                  "Total Cost": 262884.99,
                                                  "Plan Rows": 71,
                                                  "Plan Width": 32,
                                                  "Inner Unique": false,
                                                  "Hash Cond": "(web_sales.ws_item_sk = item_2.i_item_sk)",
                                                  "Plans": [
                                                    {
                                                      "Node Type": "Hash Join",
                                                      "Parent Relationship": "Outer",
                                                      "Parallel Aware": true,
                                                      "Async Capable": false,
                                                      "Join Type": "Left",
                                                      "Startup Cost": 24579.62,
                                                      "Total Cost": 255354.31,
                                                      "Plan Rows": 1231,
                                                      "Plan Width": 36,
                                                      "Inner Unique": false,
                                                      "Hash Cond": "((web_sales.ws_item_sk = web_returns.wr_item_sk) AND (web_sales.ws_order_number = web_returns.wr_order_number))",
                                                      "Plans": [
                                                        {
                                                          "Node Type": "Hash Join",
                                                          "Parent Relationship": "Outer",
                                                          "Parallel Aware": true,
                                                          "Async Capable": false,
                                                          "Join Type": "Inner",
                                                          "Startup Cost": 2049.78,
                                                          "Total Cost": 231041.22,
                                                          "Plan Rows": 1231,
                                                          "Plan Width": 28,
                                                          "Inner Unique": false,
                                                          "Hash Cond": "(web_sales.ws_sold_date_sk = date_dim_2.d_date_sk)",
                                                          "Plans": [
                                                            {
                                                              "Node Type": "Seq Scan",
                                                              "Parent Relationship": "Outer",
                                                              "Parallel Aware": true,
                                                              "Async Capable": false,
                                                              "Relation Name": "web_sales",
                                                              "Alias": "web_sales",
                                                              "Startup Cost": 0.0,
                                                              "Total Cost": 217737.86,
                                                              "Plan Rows": 2998986,
                                                              "Plan Width": 32,
                                                              "parent": 55,
                                                              "ID": 56
                                                            },
                                                            {
                                                              "Node Type": "Hash",
                                                              "Parent Relationship": "Inner",
                                                              "Parallel Aware": true,
                                                              "Async Capable": false,
                                                              "Startup Cost": 2049.55,
                                                              "Total Cost": 2049.55,
                                                              "Plan Rows": 18,
                                                              "Plan Width": 4,
                                                              "Plans": [
                                                                {
                                                                  "Node Type": "Seq Scan",
                                                                  "Parent Relationship": "Outer",
                                                                  "Parallel Aware": true,
                                                                  "Async Capable": false,
                                                                  "Relation Name": "date_dim",
                                                                  "Alias": "date_dim_2",
                                                                  "Startup Cost": 0.0,
                                                                  "Total Cost": 2049.55,
                                                                  "Plan Rows": 18,
                                                                  "Plan Width": 4,
                                                                  "Filter": "((d_date >= '1998-08-19'::date) AND (d_date <= '1998-09-18 00:00:00'::timestamp without time zone))",
                                                                  "parent": 57,
                                                                  "ID": 58
                                                                }
                                                              ],
                                                              "parent": 55,
                                                              "ID": 57,
                                                              "left": 58
                                                            }
                                                          ],
                                                          "parent": 54,
                                                          "ID": 55,
                                                          "left": 56,
                                                          "right": 57
                                                        },
                                                        {
                                                          "Node Type": "Hash",
                                                          "Parent Relationship": "Inner",
                                                          "Parallel Aware": true,
                                                          "Async Capable": false,
                                                          "Startup Cost": 16278.74,
                                                          "Total Cost": 16278.74,
                                                          "Plan Rows": 299674,
                                                          "Plan Width": 20,
                                                          "Plans": [
                                                            {
                                                              "Node Type": "Seq Scan",
                                                              "Parent Relationship": "Outer",
                                                              "Parallel Aware": true,
                                                              "Async Capable": false,
                                                              "Relation Name": "web_returns",
                                                              "Alias": "web_returns",
                                                              "Startup Cost": 0.0,
                                                              "Total Cost": 16278.74,
                                                              "Plan Rows": 299674,
                                                              "Plan Width": 20,
                                                              "parent": 59,
                                                              "ID": 60
                                                            }
                                                          ],
                                                          "parent": 54,
                                                          "ID": 59,
                                                          "left": 60
                                                        }
                                                      ],
                                                      "parent": 53,
                                                      "ID": 54,
                                                      "left": 55,
                                                      "right": 59
                                                    },
                                                    {
                                                      "Node Type": "Hash",
                                                      "Parent Relationship": "Inner",
                                                      "Parallel Aware": true,
                                                      "Async Capable": false,
                                                      "Startup Cost": 7495.25,
                                                      "Total Cost": 7495.25,
                                                      "Plan Rows": 2442,
                                                      "Plan Width": 4,
                                                      "Plans": [
                                                        {
                                                          "Node Type": "Seq Scan",
                                                          "Parent Relationship": "Outer",
                                                          "Parallel Aware": true,
                                                          "Async Capable": false,
                                                          "Relation Name": "item",
                                                          "Alias": "item_2",
                                                          "Startup Cost": 0.0,
                                                          "Total Cost": 7495.25,
                                                          "Plan Rows": 2442,
                                                          "Plan Width": 4,
                                                          "Filter": "(i_current_price > '50'::numeric)",
                                                          "parent": 61,
                                                          "ID": 62
                                                        }
                                                      ],
                                                      "parent": 53,
                                                      "ID": 61,
                                                      "left": 62
                                                    }
                                                  ],
                                                  "parent": 52,
                                                  "ID": 53,
                                                  "left": 54,
                                                  "right": 61
                                                },
                                                {
                                                  "Node Type": "Hash",
                                                  "Parent Relationship": "Inner",
                                                  "Parallel Aware": false,
                                                  "Async Capable": false,
                                                  "Startup Cost": 19.25,
                                                  "Total Cost": 19.25,
                                                  "Plan Rows": 492,
                                                  "Plan Width": 4,
                                                  "Plans": [
                                                    {
                                                      "Node Type": "Seq Scan",
                                                      "Parent Relationship": "Outer",
                                                      "Parallel Aware": false,
                                                      "Async Capable": false,
                                                      "Relation Name": "promotion",
                                                      "Alias": "promotion_2",
                                                      "Startup Cost": 0.0,
                                                      "Total Cost": 19.25,
                                                      "Plan Rows": 492,
                                                      "Plan Width": 4,
                                                      "Filter": "(p_channel_tv = 'N'::bpchar)",
                                                      "parent": 63,
                                                      "ID": 64
                                                    }
                                                  ],
                                                  "parent": 52,
                                                  "ID": 63,
                                                  "left": 64
                                                }
                                              ],
                                              "parent": 51,
                                              "ID": 52,
                                              "left": 53,
                                              "right": 63
                                            },
                                            {
                                              "Node Type": "Hash",
                                              "Parent Relationship": "Inner",
                                              "Parallel Aware": false,
                                              "Async Capable": false,
                                              "Startup Cost": 3.42,
                                              "Total Cost": 3.42,
                                              "Plan Rows": 42,
                                              "Plan Width": 21,
                                              "Plans": [
                                                {
                                                  "Node Type": "Seq Scan",
                                                  "Parent Relationship": "Outer",
                                                  "Parallel Aware": false,
                                                  "Async Capable": false,
                                                  "Relation Name": "web_site",
                                                  "Alias": "web_site",
                                                  "Startup Cost": 0.0,
                                                  "Total Cost": 3.42,
                                                  "Plan Rows": 42,
                                                  "Plan Width": 21,
                                                  "parent": 65,
                                                  "ID": 66
                                                }
                                              ],
                                              "parent": 51,
                                              "ID": 65,
                                              "left": 66
                                            }
                                          ],
                                          "parent": 50,
                                          "ID": 51,
                                          "left": 52,
                                          "right": 65
                                        }
                                      ],
                                      "parent": 49,
                                      "ID": 50,
                                      "left": 51
                                    }
                                  ],
                                  "parent": 48,
                                  "ID": 49,
                                  "left": 50
                                }
                              ],
                              "parent": 47,
                              "ID": 48,
                              "left": 49
                            }
                          ],
                          "parent": 46,
                          "ID": 47,
                          "left": 48
                        }
                      ],
                      "parent": 3,
                      "ID": 46,
                      "left": 47
                    }
                  ],
                  "parent": 2,
                  "ID": 3,
                  "left": 4,
                  "right": 25
                }
              ],
              "parent": 1,
              "ID": 2,
              "left": 3
            }
          ],
          "parent": 0,
          "ID": 1,
          "left": 2
        }
      ],
      "parent": null,
      "ID": 0,
      "left": 1
    },
    "feat": {
      "utility": 2.1723887424523535e-06,
      "query_shape": [
        [
          "Seq Scan",
          "Hash Join",
          "Sort",
          "Aggregate",
          "Gather Merge",
          "Subquery Scan",
          "Append"
        ],
        [
          "Seq Scan",
          "Hash",
          "Hash Join",
          "Sort",
          "Aggregate",
          "Gather Merge",
          "Subquery Scan",
          "Append"
        ],
        [
          "Seq Scan",
          "Hash",
          "Hash Join",
          "Sort",
          "Aggregate",
          "Gather Merge",
          "Subquery Scan",
          "Append"
        ],
        [
          "Seq Scan",
          "Hash",
          "Hash Join",
          "Sort",
          "Aggregate",
          "Gather Merge",
          "Subquery Scan",
          "Append"
        ],
        [
          "Seq Scan",
          "Hash",
          "Hash Join",
          "Sort",
          "Aggregate",
          "Gather Merge",
          "Subquery Scan",
          "Append"
        ],
        [
          "Seq Scan",
          "Hash",
          "Hash Join",
          "Sort",
          "Aggregate",
          "Gather Merge",
          "Subquery Scan",
          "Append"
        ],
        [
          "Seq Scan",
          "Hash Join",
          "Sort",
          "Aggregate",
          "Gather Merge",
          "Subquery Scan",
          "Append"
        ],
        [
          "Seq Scan",
          "Hash",
          "Hash Join",
          "Sort",
          "Aggregate",
          "Gather Merge",
          "Subquery Scan",
          "Append"
        ],
        [
          "Seq Scan",
          "Hash",
          "Hash Join",
          "Sort",
          "Aggregate",
          "Gather Merge",
          "Subquery Scan",
          "Append"
        ],
        [
          "Seq Scan",
          "Hash",
          "Hash Join",
          "Sort",
          "Aggregate",
          "Gather Merge",
          "Subquery Scan",
          "Append"
        ],
        [
          "Seq Scan",
          "Hash",
          "Hash Join",
          "Sort",
          "Aggregate",
          "Gather Merge",
          "Subquery Scan",
          "Append"
        ],
        [
          "Seq Scan",
          "Hash",
          "Hash Join",
          "Sort",
          "Aggregate",
          "Gather Merge",
          "Subquery Scan",
          "Append"
        ],
        [
          "Seq Scan",
          "Hash Join",
          "Sort",
          "Aggregate",
          "Gather Merge",
          "Subquery Scan",
          "Append"
        ],
        [
          "Seq Scan",
          "Hash",
          "Hash Join",
          "Sort",
          "Aggregate",
          "Gather Merge",
          "Subquery Scan",
          "Append"
        ],
        [
          "Seq Scan",
          "Hash",
          "Hash Join",
          "Sort",
          "Aggregate",
          "Gather Merge",
          "Subquery Scan",
          "Append"
        ],
        [
          "Seq Scan",
          "Hash",
          "Hash Join",
          "Sort",
          "Aggregate",
          "Gather Merge",
          "Subquery Scan",
          "Append"
        ],
        [
          "Seq Scan",
          "Hash",
          "Hash Join",
          "Sort",
          "Aggregate",
          "Gather Merge",
          "Subquery Scan",
          "Append"
        ],
        [
          "Seq Scan",
          "Hash",
          "Hash Join",
          "Sort",
          "Aggregate",
          "Gather Merge",
          "Subquery Scan",
          "Append"
        ]
      ],
      "index_shape": [
        "join"
      ],
      "physical_operator": {
        "Hash Join": [
          0.004775353814081747
        ]
      }
    }
  },
  {
    "query": "with ssr as\n (select  s_store_id as store_id,\n          sum(ss_ext_sales_price) as sales,\n          sum(coalesce(sr_return_amt, 0)) as returns,\n          sum(ss_net_profit - coalesce(sr_net_loss, 0)) as profit\n  from store_sales left outer join store_returns on\n         (ss_item_sk = sr_item_sk and ss_ticket_number = sr_ticket_number),\n     date_dim,\n     store,\n     item,\n     promotion\n where ss_sold_date_sk = d_date_sk\n       and d_date between cast('1998-08-19' as date) \n                  and (cast('1998-08-19' as date) +  interval '30 days')\n       and ss_store_sk = s_store_sk\n       and ss_item_sk = i_item_sk\n       and i_current_price > 50\n       and ss_promo_sk = p_promo_sk\n       and p_channel_tv = 'N'\n group by s_store_id)\n ,\n csr as\n (select  cp_catalog_page_id as catalog_page_id,\n          sum(cs_ext_sales_price) as sales,\n          sum(coalesce(cr_return_amount, 0)) as returns,\n          sum(cs_net_profit - coalesce(cr_net_loss, 0)) as profit\n  from catalog_sales left outer join catalog_returns on\n         (cs_item_sk = cr_item_sk and cs_order_number = cr_order_number),\n     date_dim,\n     catalog_page,\n     item,\n     promotion\n where cs_sold_date_sk = d_date_sk\n       and d_date between cast('1998-08-19' as date)\n                  and (cast('1998-08-19' as date) +  interval '30 days')\n        and cs_catalog_page_sk = cp_catalog_page_sk\n       and cs_item_sk = i_item_sk\n       and i_current_price > 50\n       and cs_promo_sk = p_promo_sk\n       and p_channel_tv = 'N'\ngroup by cp_catalog_page_id)\n ,\n wsr as\n (select  web_site_id,\n          sum(ws_ext_sales_price) as sales,\n          sum(coalesce(wr_return_amt, 0)) as returns,\n          sum(ws_net_profit - coalesce(wr_net_loss, 0)) as profit\n  from web_sales left outer join web_returns on\n         (ws_item_sk = wr_item_sk and ws_order_number = wr_order_number),\n     date_dim,\n     web_site,\n     item,\n     promotion\n where ws_sold_date_sk = d_date_sk\n       and d_date between cast('1998-08-19' as date)\n                  and (cast('1998-08-19' as date) +  interval '30 days')\n        and ws_web_site_sk = web_site_sk\n       and ws_item_sk = i_item_sk\n       and i_current_price > 50\n       and ws_promo_sk = p_promo_sk\n       and p_channel_tv = 'N'\ngroup by web_site_id)\n  select  channel\n        , id\n        , sum(sales) as sales\n        , sum(returns) as returns\n        , sum(profit) as profit\n from \n (select 'store channel' as channel\n        , 'store' || store_id as id\n        , sales\n        , returns\n        , profit\n from   ssr\n union all\n select 'catalog channel' as channel\n        , 'catalog_page' || catalog_page_id as id\n        , sales\n        , returns\n        , profit\n from  csr\n union all\n select 'web channel' as channel\n        , 'web_site' || web_site_id as id\n        , sales\n        , returns\n        , profit\n from   wsr\n ) x\n group by rollup (channel, id)\n order by channel\n         ,id\n limit 100;\n\n-- end query 61 in stream 0 using template query80.tpl\n",
    "indexes": "web_sales.ws_item_sk",
    "wo plan est": {
      "Node Type": "Limit",
      "Parallel Aware": false,
      "Async Capable": false,
      "Startup Cost": 1566782.76,
      "Total Cost": 1566786.01,
      "Plan Rows": 100,
      "Plan Width": 160,
      "Plans": [
        {
          "Node Type": "Aggregate",
          "Strategy": "Sorted",
          "Partial Mode": "Simple",
          "Parent Relationship": "Outer",
          "Parallel Aware": false,
          "Async Capable": false,
          "Startup Cost": 1566782.76,
          "Total Cost": 1566795.8,
          "Plan Rows": 401,
          "Plan Width": 160,
          "Grouping Sets": [
            {
              "Group Keys": [
                [
                  "('store channel'::text)",
                  "(('store'::text || (ssr.store_id)::text))"
                ],
                [
                  "('store channel'::text)"
                ],
                []
              ]
            }
          ],
          "Plans": [
            {
              "Node Type": "Sort",
              "Parent Relationship": "Outer",
              "Parallel Aware": false,
              "Async Capable": false,
              "Startup Cost": 1566782.76,
              "Total Cost": 1566783.77,
              "Plan Rows": 401,
              "Plan Width": 160,
              "Sort Key": [
                "('store channel'::text)",
                "(('store'::text || (ssr.store_id)::text))"
              ],
              "Plans": [
                {
                  "Node Type": "Append",
                  "Parent Relationship": "Outer",
                  "Parallel Aware": false,
                  "Async Capable": false,
                  "Startup Cost": 784591.9,
                  "Total Cost": 1566765.43,
                  "Plan Rows": 401,
                  "Plan Width": 160,
                  "Subplans Removed": 0,
                  "Plans": [
                    {
                      "Node Type": "Subquery Scan",
                      "Parent Relationship": "Member",
                      "Parallel Aware": false,
                      "Async Capable": false,
                      "Alias": "ssr",
                      "Startup Cost": 784591.9,
                      "Total Cost": 784611.64,
                      "Plan Rows": 51,
                      "Plan Width": 160,
                      "Plans": [
                        {
                          "Node Type": "Aggregate",
                          "Strategy": "Sorted",
                          "Partial Mode": "Finalize",
                          "Parent Relationship": "Subquery",
                          "Parallel Aware": false,
                          "Async Capable": false,
                          "Startup Cost": 784591.9,
                          "Total Cost": 784610.87,
                          "Plan Rows": 51,
                          "Plan Width": 113,
                          "Group Key": [
                            "store.s_store_id"
                          ],
                          "Plans": [
                            {
                              "Node Type": "Gather Merge",
                              "Parent Relationship": "Outer",
                              "Parallel Aware": false,
                              "Async Capable": false,
                              "Startup Cost": 784591.9,
                              "Total Cost": 784608.2,
                              "Plan Rows": 102,
                              "Plan Width": 113,
                              "Workers Planned": 2,
                              "Plans": [
                                {
                                  "Node Type": "Aggregate",
                                  "Strategy": "Sorted",
                                  "Partial Mode": "Partial",
                                  "Parent Relationship": "Outer",
                                  "Parallel Aware": false,
                                  "Async Capable": false,
                                  "Startup Cost": 783591.88,
                                  "Total Cost": 783596.4,
                                  "Plan Rows": 51,
                                  "Plan Width": 113,
                                  "Group Key": [
                                    "store.s_store_id"
                                  ],
                                  "Plans": [
                                    {
                                      "Node Type": "Sort",
                                      "Parent Relationship": "Outer",
                                      "Parallel Aware": false,
                                      "Async Capable": false,
                                      "Startup Cost": 783591.88,
                                      "Total Cost": 783592.48,
                                      "Plan Rows": 242,
                                      "Plan Width": 41,
                                      "Sort Key": [
                                        "store.s_store_id"
                                      ],
                                      "Plans": [
                                        {
                                          "Node Type": "Hash Join",
                                          "Parent Relationship": "Outer",
                                          "Parallel Aware": false,
                                          "Async Capable": false,
                                          "Join Type": "Inner",
                                          "Startup Cost": 94489.35,
                                          "Total Cost": 783582.3,
                                          "Plan Rows": 242,
                                          "Plan Width": 41,
                                          "Inner Unique": false,
                                          "Hash Cond": "(store_sales.ss_store_sk = store.s_store_sk)",
                                          "Plans": [
                                            {
                                              "Node Type": "Hash Join",
                                              "Parent Relationship": "Outer",
                                              "Parallel Aware": false,
                                              "Async Capable": false,
                                              "Join Type": "Inner",
                                              "Startup Cost": 94482.05,
                                              "Total Cost": 783571.63,
                                              "Plan Rows": 254,
                                              "Plan Width": 28,
                                              "Inner Unique": false,
                                              "Hash Cond": "(store_sales.ss_promo_sk = promotion.p_promo_sk)",
                                              "Plans": [
                                                {
                                                  "Node Type": "Hash Join",
                                                  "Parent Relationship": "Outer",
                                                  "Parallel Aware": true,
                                                  "Async Capable": false,
                                                  "Join Type": "Inner",
                                                  "Startup Cost": 94456.65,
                                                  "Total Cost": 783542.68,
                                                  "Plan Rows": 270,
                                                  "Plan Width": 32,
                                                  "Inner Unique": false,
                                                  "Hash Cond": "(store_sales.ss_item_sk = item.i_item_sk)",
                                                  "Plans": [
                                                    {
                                                      "Node Type": "Hash Join",
                                                      "Parent Relationship": "Outer",
                                                      "Parallel Aware": true,
                                                      "Async Capable": false,
                                                      "Join Type": "Left",
                                                      "Startup Cost": 86930.88,
                                                      "Total Cost": 775998.13,
                                                      "Plan Rows": 4703,
                                                      "Plan Width": 36,
                                                      "Inner Unique": false,
                                                      "Hash Cond": "((store_sales.ss_item_sk = store_returns.sr_item_sk) AND (store_sales.ss_ticket_number = store_returns.sr_ticket_number))",
                                                      "Plans": [
                                                        {
                                                          "Node Type": "Hash Join",
                                                          "Parent Relationship": "Outer",
                                                          "Parallel Aware": true,
                                                          "Async Capable": false,
                                                          "Join Type": "Inner",
                                                          "Startup Cost": 2049.78,
                                                          "Total Cost": 683994.75,
                                                          "Plan Rows": 4703,
                                                          "Plan Width": 28,
                                                          "Inner Unique": false,
                                                          "Hash Cond": "(store_sales.ss_sold_date_sk = date_dim.d_date_sk)",
                                                          "Plans": [
                                                            {
                                                              "Node Type": "Seq Scan",
                                                              "Parent Relationship": "Outer",
                                                              "Parallel Aware": true,
                                                              "Async Capable": false,
                                                              "Relation Name": "store_sales",
                                                              "Alias": "store_sales",
                                                              "Startup Cost": 0.0,
                                                              "Total Cost": 636914.37,
                                                              "Plan Rows": 12000637,
                                                              "Plan Width": 32,
                                                              "parent": 13,
                                                              "ID": 14
                                                            },
                                                            {
                                                              "Node Type": "Hash",
                                                              "Parent Relationship": "Inner",
                                                              "Parallel Aware": true,
                                                              "Async Capable": false,
                                                              "Startup Cost": 2049.55,
                                                              "Total Cost": 2049.55,
                                                              "Plan Rows": 18,
                                                              "Plan Width": 4,
                                                              "Plans": [
                                                                {
                                                                  "Node Type": "Seq Scan",
                                                                  "Parent Relationship": "Outer",
                                                                  "Parallel Aware": true,
                                                                  "Async Capable": false,
                                                                  "Relation Name": "date_dim",
                                                                  "Alias": "date_dim",
                                                                  "Startup Cost": 0.0,
                                                                  "Total Cost": 2049.55,
                                                                  "Plan Rows": 18,
                                                                  "Plan Width": 4,
                                                                  "Filter": "((d_date >= '1998-08-19'::date) AND (d_date <= '1998-09-18 00:00:00'::timestamp without time zone))",
                                                                  "parent": 15,
                                                                  "ID": 16
                                                                }
                                                              ],
                                                              "parent": 13,
                                                              "ID": 15,
                                                              "left": 16
                                                            }
                                                          ],
                                                          "parent": 12,
                                                          "ID": 13,
                                                          "left": 14,
                                                          "right": 15
                                                        },
                                                        {
                                                          "Node Type": "Hash",
                                                          "Parent Relationship": "Inner",
                                                          "Parallel Aware": true,
                                                          "Async Capable": false,
                                                          "Startup Cost": 59887.64,
                                                          "Total Cost": 59887.64,
                                                          "Plan Rows": 1198164,
                                                          "Plan Width": 20,
                                                          "Plans": [
                                                            {
                                                              "Node Type": "Seq Scan",
                                                              "Parent Relationship": "Outer",
                                                              "Parallel Aware": true,
                                                              "Async Capable": false,
                                                              "Relation Name": "store_returns",
                                                              "Alias": "store_returns",
                                                              "Startup Cost": 0.0,
                                                              "Total Cost": 59887.64,
                                                              "Plan Rows": 1198164,
                                                              "Plan Width": 20,
                                                              "parent": 17,
                                                              "ID": 18
                                                            }
                                                          ],
                                                          "parent": 12,
                                                          "ID": 17,
                                                          "left": 18
                                                        }
                                                      ],
                                                      "parent": 11,
                                                      "ID": 12,
                                                      "left": 13,
                                                      "right": 17
                                                    },
                                                    {
                                                      "Node Type": "Hash",
                                                      "Parent Relationship": "Inner",
                                                      "Parallel Aware": true,
                                                      "Async Capable": false,
                                                      "Startup Cost": 7495.25,
                                                      "Total Cost": 7495.25,
                                                      "Plan Rows": 2442,
                                                      "Plan Width": 4,
                                                      "Plans": [
                                                        {
                                                          "Node Type": "Seq Scan",
                                                          "Parent Relationship": "Outer",
                                                          "Parallel Aware": true,
                                                          "Async Capable": false,
                                                          "Relation Name": "item",
                                                          "Alias": "item",
                                                          "Startup Cost": 0.0,
                                                          "Total Cost": 7495.25,
                                                          "Plan Rows": 2442,
                                                          "Plan Width": 4,
                                                          "Filter": "(i_current_price > '50'::numeric)",
                                                          "parent": 19,
                                                          "ID": 20
                                                        }
                                                      ],
                                                      "parent": 11,
                                                      "ID": 19,
                                                      "left": 20
                                                    }
                                                  ],
                                                  "parent": 10,
                                                  "ID": 11,
                                                  "left": 12,
                                                  "right": 19
                                                },
                                                {
                                                  "Node Type": "Hash",
                                                  "Parent Relationship": "Inner",
                                                  "Parallel Aware": false,
                                                  "Async Capable": false,
                                                  "Startup Cost": 19.25,
                                                  "Total Cost": 19.25,
                                                  "Plan Rows": 492,
                                                  "Plan Width": 4,
                                                  "Plans": [
                                                    {
                                                      "Node Type": "Seq Scan",
                                                      "Parent Relationship": "Outer",
                                                      "Parallel Aware": false,
                                                      "Async Capable": false,
                                                      "Relation Name": "promotion",
                                                      "Alias": "promotion",
                                                      "Startup Cost": 0.0,
                                                      "Total Cost": 19.25,
                                                      "Plan Rows": 492,
                                                      "Plan Width": 4,
                                                      "Filter": "(p_channel_tv = 'N'::bpchar)",
                                                      "parent": 21,
                                                      "ID": 22
                                                    }
                                                  ],
                                                  "parent": 10,
                                                  "ID": 21,
                                                  "left": 22
                                                }
                                              ],
                                              "parent": 9,
                                              "ID": 10,
                                              "left": 11,
                                              "right": 21
                                            },
                                            {
                                              "Node Type": "Hash",
                                              "Parent Relationship": "Inner",
                                              "Parallel Aware": false,
                                              "Async Capable": false,
                                              "Startup Cost": 6.02,
                                              "Total Cost": 6.02,
                                              "Plan Rows": 102,
                                              "Plan Width": 21,
                                              "Plans": [
                                                {
                                                  "Node Type": "Seq Scan",
                                                  "Parent Relationship": "Outer",
                                                  "Parallel Aware": false,
                                                  "Async Capable": false,
                                                  "Relation Name": "store",
                                                  "Alias": "store",
                                                  "Startup Cost": 0.0,
                                                  "Total Cost": 6.02,
                                                  "Plan Rows": 102,
                                                  "Plan Width": 21,
                                                  "parent": 23,
                                                  "ID": 24
                                                }
                                              ],
                                              "parent": 9,
                                              "ID": 23,
                                              "left": 24
                                            }
                                          ],
                                          "parent": 8,
                                          "ID": 9,
                                          "left": 10,
                                          "right": 23
                                        }
                                      ],
                                      "parent": 7,
                                      "ID": 8,
                                      "left": 9
                                    }
                                  ],
                                  "parent": 6,
                                  "ID": 7,
                                  "left": 8
                                }
                              ],
                              "parent": 5,
                              "ID": 6,
                              "left": 7
                            }
                          ],
                          "parent": 4,
                          "ID": 5,
                          "left": 6
                        }
                      ],
                      "parent": 3,
                      "ID": 4,
                      "left": 5
                    },
                    {
                      "Node Type": "Subquery Scan",
                      "Parent Relationship": "Member",
                      "Parallel Aware": false,
                      "Async Capable": false,
                      "Alias": "csr",
                      "Startup Cost": 518174.1,
                      "Total Cost": 518225.66,
                      "Plan Rows": 329,
                      "Plan Width": 160,
                      "Plans": [
                        {
                          "Node Type": "Aggregate",
                          "Strategy": "Sorted",
                          "Partial Mode": "Finalize",
                          "Parent Relationship": "Subquery",
                          "Parallel Aware": false,
                          "Async Capable": false,
                          "Startup Cost": 518174.1,
                          "Total Cost": 518220.73,
                          "Plan Rows": 329,
                          "Plan Width": 113,
                          "Group Key": [
                            "catalog_page.cp_catalog_page_id"
                          ],
                          "Plans": [
                            {
                              "Node Type": "Gather Merge",
                              "Parent Relationship": "Outer",
                              "Parallel Aware": false,
                              "Async Capable": false,
                              "Startup Cost": 518174.1,
                              "Total Cost": 518210.18,
                              "Plan Rows": 274,
                              "Plan Width": 113,
                              "Workers Planned": 2,
                              "Plans": [
                                {
                                  "Node Type": "Aggregate",
                                  "Strategy": "Sorted",
                                  "Partial Mode": "Partial",
                                  "Parent Relationship": "Outer",
                                  "Parallel Aware": false,
                                  "Async Capable": false,
                                  "Startup Cost": 517174.07,
                                  "Total Cost": 517178.53,
                                  "Plan Rows": 137,
                                  "Plan Width": 113,
                                  "Group Key": [
                                    "catalog_page.cp_catalog_page_id"
                                  ],
                                  "Plans": [
                                    {
                                      "Node Type": "Sort",
                                      "Parent Relationship": "Outer",
                                      "Parallel Aware": false,
                                      "Async Capable": false,
                                      "Startup Cost": 517174.07,
                                      "Total Cost": 517174.42,
                                      "Plan Rows": 137,
                                      "Plan Width": 41,
                                      "Sort Key": [
                                        "catalog_page.cp_catalog_page_id"
                                      ],
                                      "Plans": [
                                        {
                                          "Node Type": "Hash Join",
                                          "Parent Relationship": "Outer",
                                          "Parallel Aware": false,
                                          "Async Capable": false,
                                          "Join Type": "Inner",
                                          "Startup Cost": 57382.33,
                                          "Total Cost": 517169.21,
                                          "Plan Rows": 137,
                                          "Plan Width": 41,
                                          "Inner Unique": false,
                                          "Hash Cond": "(catalog_sales.cs_catalog_page_sk = catalog_page.cp_catalog_page_sk)",
                                          "Plans": [
                                            {
                                              "Node Type": "Hash Join",
                                              "Parent Relationship": "Outer",
                                              "Parallel Aware": false,
                                              "Async Capable": false,
                                              "Join Type": "Inner",
                                              "Startup Cost": 56864.33,
                                              "Total Cost": 516649.32,
                                              "Plan Rows": 138,
                                              "Plan Width": 28,
                                              "Inner Unique": false,
                                              "Hash Cond": "(catalog_sales.cs_promo_sk = promotion_1.p_promo_sk)",
                                              "Plans": [
                                                {
                                                  "Node Type": "Hash Join",
                                                  "Parent Relationship": "Outer",
                                                  "Parallel Aware": true,
                                                  "Async Capable": false,
                                                  "Join Type": "Inner",
                                                  "Startup Cost": 56838.93,
                                                  "Total Cost": 516622.01,
                                                  "Plan Rows": 141,
                                                  "Plan Width": 32,
                                                  "Inner Unique": false,
                                                  "Hash Cond": "(catalog_sales.cs_item_sk = item_1.i_item_sk)",
                                                  "Plans": [
                                                    {
                                                      "Node Type": "Hash Join",
                                                      "Parent Relationship": "Outer",
                                                      "Parallel Aware": true,
                                                      "Async Capable": false,
                                                      "Join Type": "Left",
                                                      "Startup Cost": 49313.15,
                                                      "Total Cost": 509086.46,
                                                      "Plan Rows": 2450,
                                                      "Plan Width": 36,
                                                      "Inner Unique": false,
                                                      "Hash Cond": "((catalog_sales.cs_item_sk = catalog_returns.cr_item_sk) AND (catalog_sales.cs_order_number = catalog_returns.cr_order_number))",
                                                      "Plans": [
                                                        {
                                                          "Node Type": "Hash Join",
                                                          "Parent Relationship": "Outer",
                                                          "Parallel Aware": true,
                                                          "Async Capable": false,
                                                          "Join Type": "Inner",
                                                          "Startup Cost": 2049.78,
                                                          "Total Cost": 458254.7,
                                                          "Plan Rows": 2450,
                                                          "Plan Width": 28,
                                                          "Inner Unique": false,
                                                          "Hash Cond": "(catalog_sales.cs_sold_date_sk = date_dim_1.d_date_sk)",
                                                          "Plans": [
                                                            {
                                                              "Node Type": "Seq Scan",
                                                              "Parent Relationship": "Outer",
                                                              "Parallel Aware": true,
                                                              "Async Capable": false,
                                                              "Relation Name": "catalog_sales",
                                                              "Alias": "catalog_sales",
                                                              "Startup Cost": 0.0,
                                                              "Total Cost": 433688.25,
                                                              "Plan Rows": 6000525,
                                                              "Plan Width": 32,
                                                              "parent": 34,
                                                              "ID": 35
                                                            },
                                                            {
                                                              "Node Type": "Hash",
                                                              "Parent Relationship": "Inner",
                                                              "Parallel Aware": true,
                                                              "Async Capable": false,
                                                              "Startup Cost": 2049.55,
                                                              "Total Cost": 2049.55,
                                                              "Plan Rows": 18,
                                                              "Plan Width": 4,
                                                              "Plans": [
                                                                {
                                                                  "Node Type": "Seq Scan",
                                                                  "Parent Relationship": "Outer",
                                                                  "Parallel Aware": true,
                                                                  "Async Capable": false,
                                                                  "Relation Name": "date_dim",
                                                                  "Alias": "date_dim_1",
                                                                  "Startup Cost": 0.0,
                                                                  "Total Cost": 2049.55,
                                                                  "Plan Rows": 18,
                                                                  "Plan Width": 4,
                                                                  "Filter": "((d_date >= '1998-08-19'::date) AND (d_date <= '1998-09-18 00:00:00'::timestamp without time zone))",
                                                                  "parent": 36,
                                                                  "ID": 37
                                                                }
                                                              ],
                                                              "parent": 34,
                                                              "ID": 36,
                                                              "left": 37
                                                            }
                                                          ],
                                                          "parent": 33,
                                                          "ID": 34,
                                                          "left": 35,
                                                          "right": 36
                                                        },
                                                        {
                                                          "Node Type": "Hash",
                                                          "Parent Relationship": "Inner",
                                                          "Parallel Aware": true,
                                                          "Async Capable": false,
                                                          "Startup Cost": 34748.95,
                                                          "Total Cost": 34748.95,
                                                          "Plan Rows": 599895,
                                                          "Plan Width": 20,
                                                          "Plans": [
                                                            {
                                                              "Node Type": "Seq Scan",
                                                              "Parent Relationship": "Outer",
                                                              "Parallel Aware": true,
                                                              "Async Capable": false,
                                                              "Relation Name": "catalog_returns",
                                                              "Alias": "catalog_returns",
                                                              "Startup Cost": 0.0,
                                                              "Total Cost": 34748.95,
                                                              "Plan Rows": 599895,
                                                              "Plan Width": 20,
                                                              "parent": 38,
                                                              "ID": 39
                                                            }
                                                          ],
                                                          "parent": 33,
                                                          "ID": 38,
                                                          "left": 39
                                                        }
                                                      ],
                                                      "parent": 32,
                                                      "ID": 33,
                                                      "left": 34,
                                                      "right": 38
                                                    },
                                                    {
                                                      "Node Type": "Hash",
                                                      "Parent Relationship": "Inner",
                                                      "Parallel Aware": true,
                                                      "Async Capable": false,
                                                      "Startup Cost": 7495.25,
                                                      "Total Cost": 7495.25,
                                                      "Plan Rows": 2442,
                                                      "Plan Width": 4,
                                                      "Plans": [
                                                        {
                                                          "Node Type": "Seq Scan",
                                                          "Parent Relationship": "Outer",
                                                          "Parallel Aware": true,
                                                          "Async Capable": false,
                                                          "Relation Name": "item",
                                                          "Alias": "item_1",
                                                          "Startup Cost": 0.0,
                                                          "Total Cost": 7495.25,
                                                          "Plan Rows": 2442,
                                                          "Plan Width": 4,
                                                          "Filter": "(i_current_price > '50'::numeric)",
                                                          "parent": 40,
                                                          "ID": 41
                                                        }
                                                      ],
                                                      "parent": 32,
                                                      "ID": 40,
                                                      "left": 41
                                                    }
                                                  ],
                                                  "parent": 31,
                                                  "ID": 32,
                                                  "left": 33,
                                                  "right": 40
                                                },
                                                {
                                                  "Node Type": "Hash",
                                                  "Parent Relationship": "Inner",
                                                  "Parallel Aware": false,
                                                  "Async Capable": false,
                                                  "Startup Cost": 19.25,
                                                  "Total Cost": 19.25,
                                                  "Plan Rows": 492,
                                                  "Plan Width": 4,
                                                  "Plans": [
                                                    {
                                                      "Node Type": "Seq Scan",
                                                      "Parent Relationship": "Outer",
                                                      "Parallel Aware": false,
                                                      "Async Capable": false,
                                                      "Relation Name": "promotion",
                                                      "Alias": "promotion_1",
                                                      "Startup Cost": 0.0,
                                                      "Total Cost": 19.25,
                                                      "Plan Rows": 492,
                                                      "Plan Width": 4,
                                                      "Filter": "(p_channel_tv = 'N'::bpchar)",
                                                      "parent": 42,
                                                      "ID": 43
                                                    }
                                                  ],
                                                  "parent": 31,
                                                  "ID": 42,
                                                  "left": 43
                                                }
                                              ],
                                              "parent": 30,
                                              "ID": 31,
                                              "left": 32,
                                              "right": 42
                                            },
                                            {
                                              "Node Type": "Hash",
                                              "Parent Relationship": "Inner",
                                              "Parallel Aware": false,
                                              "Async Capable": false,
                                              "Startup Cost": 368.0,
                                              "Total Cost": 368.0,
                                              "Plan Rows": 12000,
                                              "Plan Width": 21,
                                              "Plans": [
                                                {
                                                  "Node Type": "Seq Scan",
                                                  "Parent Relationship": "Outer",
                                                  "Parallel Aware": false,
                                                  "Async Capable": false,
                                                  "Relation Name": "catalog_page",
                                                  "Alias": "catalog_page",
                                                  "Startup Cost": 0.0,
                                                  "Total Cost": 368.0,
                                                  "Plan Rows": 12000,
                                                  "Plan Width": 21,
                                                  "parent": 44,
                                                  "ID": 45
                                                }
                                              ],
                                              "parent": 30,
                                              "ID": 44,
                                              "left": 45
                                            }
                                          ],
                                          "parent": 29,
                                          "ID": 30,
                                          "left": 31,
                                          "right": 44
                                        }
                                      ],
                                      "parent": 28,
                                      "ID": 29,
                                      "left": 30
                                    }
                                  ],
                                  "parent": 27,
                                  "ID": 28,
                                  "left": 29
                                }
                              ],
                              "parent": 26,
                              "ID": 27,
                              "left": 28
                            }
                          ],
                          "parent": 25,
                          "ID": 26,
                          "left": 27
                        }
                      ],
                      "parent": 3,
                      "ID": 25,
                      "left": 26
                    },
                    {
                      "Node Type": "Subquery Scan",
                      "Parent Relationship": "Member",
                      "Parallel Aware": false,
                      "Async Capable": false,
                      "Alias": "wsr",
                      "Startup Cost": 263918.43,
                      "Total Cost": 263926.12,
                      "Plan Rows": 21,
                      "Plan Width": 160,
                      "Plans": [
                        {
                          "Node Type": "Aggregate",
                          "Strategy": "Sorted",
                          "Partial Mode": "Finalize",
                          "Parent Relationship": "Subquery",
                          "Parallel Aware": false,
                          "Async Capable": false,
                          "Startup Cost": 263918.43,
                          "Total Cost": 263925.8,
                          "Plan Rows": 21,
                          "Plan Width": 113,
                          "Group Key": [
                            "web_site.web_site_id"
                          ],
                          "Plans": [
                            {
                              "Node Type": "Gather Merge",
                              "Parent Relationship": "Outer",
                              "Parallel Aware": false,
                              "Async Capable": false,
                              "Startup Cost": 263918.43,
                              "Total Cost": 263924.7,
                              "Plan Rows": 42,
                              "Plan Width": 113,
                              "Workers Planned": 2,
                              "Plans": [
                                {
                                  "Node Type": "Aggregate",
                                  "Strategy": "Sorted",
                                  "Partial Mode": "Partial",
                                  "Parent Relationship": "Outer",
                                  "Parallel Aware": false,
                                  "Async Capable": false,
                                  "Startup Cost": 262918.41,
                                  "Total Cost": 262919.83,
                                  "Plan Rows": 21,
                                  "Plan Width": 113,
                                  "Group Key": [
                                    "web_site.web_site_id"
                                  ],
                                  "Plans": [
                                    {
                                      "Node Type": "Sort",
                                      "Parent Relationship": "Outer",
                                      "Parallel Aware": false,
                                      "Async Capable": false,
                                      "Startup Cost": 262918.41,
                                      "Total Cost": 262918.59,
                                      "Plan Rows": 70,
                                      "Plan Width": 41,
                                      "Sort Key": [
                                        "web_site.web_site_id"
                                      ],
                                      "Plans": [
                                        {
                                          "Node Type": "Hash Join",
                                          "Parent Relationship": "Outer",
                                          "Parallel Aware": false,
                                          "Async Capable": false,
                                          "Join Type": "Inner",
                                          "Startup Cost": 32134.74,
                                          "Total Cost": 262916.27,
                                          "Plan Rows": 70,
                                          "Plan Width": 41,
                                          "Inner Unique": false,
                                          "Hash Cond": "(web_sales.ws_web_site_sk = web_site.web_site_sk)",
                                          "Plans": [
                                            {
                                              "Node Type": "Hash Join",
                                              "Parent Relationship": "Outer",
                                              "Parallel Aware": false,
                                              "Async Capable": false,
                                              "Join Type": "Inner",
                                              "Startup Cost": 32130.8,
                                              "Total Cost": 262911.36,
                                              "Plan Rows": 70,
                                              "Plan Width": 28,
                                              "Inner Unique": false,
                                              "Hash Cond": "(web_sales.ws_promo_sk = promotion_2.p_promo_sk)",
                                              "Plans": [
                                                {
                                                  "Node Type": "Hash Join",
                                                  "Parent Relationship": "Outer",
                                                  "Parallel Aware": true,
                                                  "Async Capable": false,
                                                  "Join Type": "Inner",
                                                  "Startup Cost": 32105.4,
                                                  "Total Cost": 262884.99,
                                                  "Plan Rows": 71,
                                                  "Plan Width": 32,
                                                  "Inner Unique": false,
                                                  "Hash Cond": "(web_sales.ws_item_sk = item_2.i_item_sk)",
                                                  "Plans": [
                                                    {
                                                      "Node Type": "Hash Join",
                                                      "Parent Relationship": "Outer",
                                                      "Parallel Aware": true,
                                                      "Async Capable": false,
                                                      "Join Type": "Left",
                                                      "Startup Cost": 24579.62,
                                                      "Total Cost": 255354.31,
                                                      "Plan Rows": 1231,
                                                      "Plan Width": 36,
                                                      "Inner Unique": false,
                                                      "Hash Cond": "((web_sales.ws_item_sk = web_returns.wr_item_sk) AND (web_sales.ws_order_number = web_returns.wr_order_number))",
                                                      "Plans": [
                                                        {
                                                          "Node Type": "Hash Join",
                                                          "Parent Relationship": "Outer",
                                                          "Parallel Aware": true,
                                                          "Async Capable": false,
                                                          "Join Type": "Inner",
                                                          "Startup Cost": 2049.78,
                                                          "Total Cost": 231041.22,
                                                          "Plan Rows": 1231,
                                                          "Plan Width": 28,
                                                          "Inner Unique": false,
                                                          "Hash Cond": "(web_sales.ws_sold_date_sk = date_dim_2.d_date_sk)",
                                                          "Plans": [
                                                            {
                                                              "Node Type": "Seq Scan",
                                                              "Parent Relationship": "Outer",
                                                              "Parallel Aware": true,
                                                              "Async Capable": false,
                                                              "Relation Name": "web_sales",
                                                              "Alias": "web_sales",
                                                              "Startup Cost": 0.0,
                                                              "Total Cost": 217737.86,
                                                              "Plan Rows": 2998986,
                                                              "Plan Width": 32,
                                                              "parent": 55,
                                                              "ID": 56
                                                            },
                                                            {
                                                              "Node Type": "Hash",
                                                              "Parent Relationship": "Inner",
                                                              "Parallel Aware": true,
                                                              "Async Capable": false,
                                                              "Startup Cost": 2049.55,
                                                              "Total Cost": 2049.55,
                                                              "Plan Rows": 18,
                                                              "Plan Width": 4,
                                                              "Plans": [
                                                                {
                                                                  "Node Type": "Seq Scan",
                                                                  "Parent Relationship": "Outer",
                                                                  "Parallel Aware": true,
                                                                  "Async Capable": false,
                                                                  "Relation Name": "date_dim",
                                                                  "Alias": "date_dim_2",
                                                                  "Startup Cost": 0.0,
                                                                  "Total Cost": 2049.55,
                                                                  "Plan Rows": 18,
                                                                  "Plan Width": 4,
                                                                  "Filter": "((d_date >= '1998-08-19'::date) AND (d_date <= '1998-09-18 00:00:00'::timestamp without time zone))",
                                                                  "parent": 57,
                                                                  "ID": 58
                                                                }
                                                              ],
                                                              "parent": 55,
                                                              "ID": 57,
                                                              "left": 58
                                                            }
                                                          ],
                                                          "parent": 54,
                                                          "ID": 55,
                                                          "left": 56,
                                                          "right": 57
                                                        },
                                                        {
                                                          "Node Type": "Hash",
                                                          "Parent Relationship": "Inner",
                                                          "Parallel Aware": true,
                                                          "Async Capable": false,
                                                          "Startup Cost": 16278.74,
                                                          "Total Cost": 16278.74,
                                                          "Plan Rows": 299674,
                                                          "Plan Width": 20,
                                                          "Plans": [
                                                            {
                                                              "Node Type": "Seq Scan",
                                                              "Parent Relationship": "Outer",
                                                              "Parallel Aware": true,
                                                              "Async Capable": false,
                                                              "Relation Name": "web_returns",
                                                              "Alias": "web_returns",
                                                              "Startup Cost": 0.0,
                                                              "Total Cost": 16278.74,
                                                              "Plan Rows": 299674,
                                                              "Plan Width": 20,
                                                              "parent": 59,
                                                              "ID": 60
                                                            }
                                                          ],
                                                          "parent": 54,
                                                          "ID": 59,
                                                          "left": 60
                                                        }
                                                      ],
                                                      "parent": 53,
                                                      "ID": 54,
                                                      "left": 55,
                                                      "right": 59
                                                    },
                                                    {
                                                      "Node Type": "Hash",
                                                      "Parent Relationship": "Inner",
                                                      "Parallel Aware": true,
                                                      "Async Capable": false,
                                                      "Startup Cost": 7495.25,
                                                      "Total Cost": 7495.25,
                                                      "Plan Rows": 2442,
                                                      "Plan Width": 4,
                                                      "Plans": [
                                                        {
                                                          "Node Type": "Seq Scan",
                                                          "Parent Relationship": "Outer",
                                                          "Parallel Aware": true,
                                                          "Async Capable": false,
                                                          "Relation Name": "item",
                                                          "Alias": "item_2",
                                                          "Startup Cost": 0.0,
                                                          "Total Cost": 7495.25,
                                                          "Plan Rows": 2442,
                                                          "Plan Width": 4,
                                                          "Filter": "(i_current_price > '50'::numeric)",
                                                          "parent": 61,
                                                          "ID": 62
                                                        }
                                                      ],
                                                      "parent": 53,
                                                      "ID": 61,
                                                      "left": 62
                                                    }
                                                  ],
                                                  "parent": 52,
                                                  "ID": 53,
                                                  "left": 54,
                                                  "right": 61
                                                },
                                                {
                                                  "Node Type": "Hash",
                                                  "Parent Relationship": "Inner",
                                                  "Parallel Aware": false,
                                                  "Async Capable": false,
                                                  "Startup Cost": 19.25,
                                                  "Total Cost": 19.25,
                                                  "Plan Rows": 492,
                                                  "Plan Width": 4,
                                                  "Plans": [
                                                    {
                                                      "Node Type": "Seq Scan",
                                                      "Parent Relationship": "Outer",
                                                      "Parallel Aware": false,
                                                      "Async Capable": false,
                                                      "Relation Name": "promotion",
                                                      "Alias": "promotion_2",
                                                      "Startup Cost": 0.0,
                                                      "Total Cost": 19.25,
                                                      "Plan Rows": 492,
                                                      "Plan Width": 4,
                                                      "Filter": "(p_channel_tv = 'N'::bpchar)",
                                                      "parent": 63,
                                                      "ID": 64
                                                    }
                                                  ],
                                                  "parent": 52,
                                                  "ID": 63,
                                                  "left": 64
                                                }
                                              ],
                                              "parent": 51,
                                              "ID": 52,
                                              "left": 53,
                                              "right": 63
                                            },
                                            {
                                              "Node Type": "Hash",
                                              "Parent Relationship": "Inner",
                                              "Parallel Aware": false,
                                              "Async Capable": false,
                                              "Startup Cost": 3.42,
                                              "Total Cost": 3.42,
                                              "Plan Rows": 42,
                                              "Plan Width": 21,
                                              "Plans": [
                                                {
                                                  "Node Type": "Seq Scan",
                                                  "Parent Relationship": "Outer",
                                                  "Parallel Aware": false,
                                                  "Async Capable": false,
                                                  "Relation Name": "web_site",
                                                  "Alias": "web_site",
                                                  "Startup Cost": 0.0,
                                                  "Total Cost": 3.42,
                                                  "Plan Rows": 42,
                                                  "Plan Width": 21,
                                                  "parent": 65,
                                                  "ID": 66
                                                }
                                              ],
                                              "parent": 51,
                                              "ID": 65,
                                              "left": 66
                                            }
                                          ],
                                          "parent": 50,
                                          "ID": 51,
                                          "left": 52,
                                          "right": 65
                                        }
                                      ],
                                      "parent": 49,
                                      "ID": 50,
                                      "left": 51
                                    }
                                  ],
                                  "parent": 48,
                                  "ID": 49,
                                  "left": 50
                                }
                              ],
                              "parent": 47,
                              "ID": 48,
                              "left": 49
                            }
                          ],
                          "parent": 46,
                          "ID": 47,
                          "left": 48
                        }
                      ],
                      "parent": 3,
                      "ID": 46,
                      "left": 47
                    }
                  ],
                  "parent": 2,
                  "ID": 3,
                  "left": 4,
                  "right": 25
                }
              ],
              "parent": 1,
              "ID": 2,
              "left": 3
            }
          ],
          "parent": 0,
          "ID": 1,
          "left": 2
        }
      ],
      "parent": null,
      "ID": 0,
      "left": 1
    },
    "feat": {
      "utility": 4.351029219399761e-06,
      "query_shape": [
        [
          "Seq Scan",
          "Hash Join",
          "Sort",
          "Aggregate",
          "Gather Merge",
          "Subquery Scan",
          "Append"
        ],
        [
          "Seq Scan",
          "Hash",
          "Hash Join",
          "Sort",
          "Aggregate",
          "Gather Merge",
          "Subquery Scan",
          "Append"
        ],
        [
          "Seq Scan",
          "Hash",
          "Hash Join",
          "Sort",
          "Aggregate",
          "Gather Merge",
          "Subquery Scan",
          "Append"
        ],
        [
          "Seq Scan",
          "Hash",
          "Hash Join",
          "Sort",
          "Aggregate",
          "Gather Merge",
          "Subquery Scan",
          "Append"
        ],
        [
          "Seq Scan",
          "Hash",
          "Hash Join",
          "Sort",
          "Aggregate",
          "Gather Merge",
          "Subquery Scan",
          "Append"
        ],
        [
          "Seq Scan",
          "Hash",
          "Hash Join",
          "Sort",
          "Aggregate",
          "Gather Merge",
          "Subquery Scan",
          "Append"
        ],
        [
          "Seq Scan",
          "Hash Join",
          "Sort",
          "Aggregate",
          "Gather Merge",
          "Subquery Scan",
          "Append"
        ],
        [
          "Seq Scan",
          "Hash",
          "Hash Join",
          "Sort",
          "Aggregate",
          "Gather Merge",
          "Subquery Scan",
          "Append"
        ],
        [
          "Seq Scan",
          "Hash",
          "Hash Join",
          "Sort",
          "Aggregate",
          "Gather Merge",
          "Subquery Scan",
          "Append"
        ],
        [
          "Seq Scan",
          "Hash",
          "Hash Join",
          "Sort",
          "Aggregate",
          "Gather Merge",
          "Subquery Scan",
          "Append"
        ],
        [
          "Seq Scan",
          "Hash",
          "Hash Join",
          "Sort",
          "Aggregate",
          "Gather Merge",
          "Subquery Scan",
          "Append"
        ],
        [
          "Seq Scan",
          "Hash",
          "Hash Join",
          "Sort",
          "Aggregate",
          "Gather Merge",
          "Subquery Scan",
          "Append"
        ],
        [
          "Seq Scan",
          "Hash Join",
          "Sort",
          "Aggregate",
          "Gather Merge",
          "Subquery Scan",
          "Append"
        ],
        [
          "Seq Scan",
          "Hash",
          "Hash Join",
          "Sort",
          "Aggregate",
          "Gather Merge",
          "Subquery Scan",
          "Append"
        ],
        [
          "Seq Scan",
          "Hash",
          "Hash Join",
          "Sort",
          "Aggregate",
          "Gather Merge",
          "Subquery Scan",
          "Append"
        ],
        [
          "Seq Scan",
          "Hash",
          "Hash Join",
          "Sort",
          "Aggregate",
          "Gather Merge",
          "Subquery Scan",
          "Append"
        ],
        [
          "Seq Scan",
          "Hash",
          "Hash Join",
          "Sort",
          "Aggregate",
          "Gather Merge",
          "Subquery Scan",
          "Append"
        ],
        [
          "Seq Scan",
          "Hash",
          "Hash Join",
          "Sort",
          "Aggregate",
          "Gather Merge",
          "Subquery Scan",
          "Append"
        ]
      ],
      "index_shape": [
        "join"
      ],
      "physical_operator": {
        "Hash Join": [
          0.004859899832363678,
          0.0018267346539619918
        ]
      }
    }
  },
  {
    "query": "with ssr as\n (select  s_store_id as store_id,\n          sum(ss_ext_sales_price) as sales,\n          sum(coalesce(sr_return_amt, 0)) as returns,\n          sum(ss_net_profit - coalesce(sr_net_loss, 0)) as profit\n  from store_sales left outer join store_returns on\n         (ss_item_sk = sr_item_sk and ss_ticket_number = sr_ticket_number),\n     date_dim,\n     store,\n     item,\n     promotion\n where ss_sold_date_sk = d_date_sk\n       and d_date between cast('1998-08-19' as date) \n                  and (cast('1998-08-19' as date) +  interval '30 days')\n       and ss_store_sk = s_store_sk\n       and ss_item_sk = i_item_sk\n       and i_current_price > 50\n       and ss_promo_sk = p_promo_sk\n       and p_channel_tv = 'N'\n group by s_store_id)\n ,\n csr as\n (select  cp_catalog_page_id as catalog_page_id,\n          sum(cs_ext_sales_price) as sales,\n          sum(coalesce(cr_return_amount, 0)) as returns,\n          sum(cs_net_profit - coalesce(cr_net_loss, 0)) as profit\n  from catalog_sales left outer join catalog_returns on\n         (cs_item_sk = cr_item_sk and cs_order_number = cr_order_number),\n     date_dim,\n     catalog_page,\n     item,\n     promotion\n where cs_sold_date_sk = d_date_sk\n       and d_date between cast('1998-08-19' as date)\n                  and (cast('1998-08-19' as date) +  interval '30 days')\n        and cs_catalog_page_sk = cp_catalog_page_sk\n       and cs_item_sk = i_item_sk\n       and i_current_price > 50\n       and cs_promo_sk = p_promo_sk\n       and p_channel_tv = 'N'\ngroup by cp_catalog_page_id)\n ,\n wsr as\n (select  web_site_id,\n          sum(ws_ext_sales_price) as sales,\n          sum(coalesce(wr_return_amt, 0)) as returns,\n          sum(ws_net_profit - coalesce(wr_net_loss, 0)) as profit\n  from web_sales left outer join web_returns on\n         (ws_item_sk = wr_item_sk and ws_order_number = wr_order_number),\n     date_dim,\n     web_site,\n     item,\n     promotion\n where ws_sold_date_sk = d_date_sk\n       and d_date between cast('1998-08-19' as date)\n                  and (cast('1998-08-19' as date) +  interval '30 days')\n        and ws_web_site_sk = web_site_sk\n       and ws_item_sk = i_item_sk\n       and i_current_price > 50\n       and ws_promo_sk = p_promo_sk\n       and p_channel_tv = 'N'\ngroup by web_site_id)\n  select  channel\n        , id\n        , sum(sales) as sales\n        , sum(returns) as returns\n        , sum(profit) as profit\n from \n (select 'store channel' as channel\n        , 'store' || store_id as id\n        , sales\n        , returns\n        , profit\n from   ssr\n union all\n select 'catalog channel' as channel\n        , 'catalog_page' || catalog_page_id as id\n        , sales\n        , returns\n        , profit\n from  csr\n union all\n select 'web channel' as channel\n        , 'web_site' || web_site_id as id\n        , sales\n        , returns\n        , profit\n from   wsr\n ) x\n group by rollup (channel, id)\n order by channel\n         ,id\n limit 100;\n\n-- end query 61 in stream 0 using template query80.tpl\n",
    "indexes": "web_sales.ws_web_site_sk",
    "wo plan est": {
      "Node Type": "Limit",
      "Parallel Aware": false,
      "Async Capable": false,
      "Startup Cost": 1566782.76,
      "Total Cost": 1566786.01,
      "Plan Rows": 100,
      "Plan Width": 160,
      "Plans": [
        {
          "Node Type": "Aggregate",
          "Strategy": "Sorted",
          "Partial Mode": "Simple",
          "Parent Relationship": "Outer",
          "Parallel Aware": false,
          "Async Capable": false,
          "Startup Cost": 1566782.76,
          "Total Cost": 1566795.8,
          "Plan Rows": 401,
          "Plan Width": 160,
          "Grouping Sets": [
            {
              "Group Keys": [
                [
                  "('store channel'::text)",
                  "(('store'::text || (ssr.store_id)::text))"
                ],
                [
                  "('store channel'::text)"
                ],
                []
              ]
            }
          ],
          "Plans": [
            {
              "Node Type": "Sort",
              "Parent Relationship": "Outer",
              "Parallel Aware": false,
              "Async Capable": false,
              "Startup Cost": 1566782.76,
              "Total Cost": 1566783.77,
              "Plan Rows": 401,
              "Plan Width": 160,
              "Sort Key": [
                "('store channel'::text)",
                "(('store'::text || (ssr.store_id)::text))"
              ],
              "Plans": [
                {
                  "Node Type": "Append",
                  "Parent Relationship": "Outer",
                  "Parallel Aware": false,
                  "Async Capable": false,
                  "Startup Cost": 784591.9,
                  "Total Cost": 1566765.43,
                  "Plan Rows": 401,
                  "Plan Width": 160,
                  "Subplans Removed": 0,
                  "Plans": [
                    {
                      "Node Type": "Subquery Scan",
                      "Parent Relationship": "Member",
                      "Parallel Aware": false,
                      "Async Capable": false,
                      "Alias": "ssr",
                      "Startup Cost": 784591.9,
                      "Total Cost": 784611.64,
                      "Plan Rows": 51,
                      "Plan Width": 160,
                      "Plans": [
                        {
                          "Node Type": "Aggregate",
                          "Strategy": "Sorted",
                          "Partial Mode": "Finalize",
                          "Parent Relationship": "Subquery",
                          "Parallel Aware": false,
                          "Async Capable": false,
                          "Startup Cost": 784591.9,
                          "Total Cost": 784610.87,
                          "Plan Rows": 51,
                          "Plan Width": 113,
                          "Group Key": [
                            "store.s_store_id"
                          ],
                          "Plans": [
                            {
                              "Node Type": "Gather Merge",
                              "Parent Relationship": "Outer",
                              "Parallel Aware": false,
                              "Async Capable": false,
                              "Startup Cost": 784591.9,
                              "Total Cost": 784608.2,
                              "Plan Rows": 102,
                              "Plan Width": 113,
                              "Workers Planned": 2,
                              "Plans": [
                                {
                                  "Node Type": "Aggregate",
                                  "Strategy": "Sorted",
                                  "Partial Mode": "Partial",
                                  "Parent Relationship": "Outer",
                                  "Parallel Aware": false,
                                  "Async Capable": false,
                                  "Startup Cost": 783591.88,
                                  "Total Cost": 783596.4,
                                  "Plan Rows": 51,
                                  "Plan Width": 113,
                                  "Group Key": [
                                    "store.s_store_id"
                                  ],
                                  "Plans": [
                                    {
                                      "Node Type": "Sort",
                                      "Parent Relationship": "Outer",
                                      "Parallel Aware": false,
                                      "Async Capable": false,
                                      "Startup Cost": 783591.88,
                                      "Total Cost": 783592.48,
                                      "Plan Rows": 242,
                                      "Plan Width": 41,
                                      "Sort Key": [
                                        "store.s_store_id"
                                      ],
                                      "Plans": [
                                        {
                                          "Node Type": "Hash Join",
                                          "Parent Relationship": "Outer",
                                          "Parallel Aware": false,
                                          "Async Capable": false,
                                          "Join Type": "Inner",
                                          "Startup Cost": 94489.35,
                                          "Total Cost": 783582.3,
                                          "Plan Rows": 242,
                                          "Plan Width": 41,
                                          "Inner Unique": false,
                                          "Hash Cond": "(store_sales.ss_store_sk = store.s_store_sk)",
                                          "Plans": [
                                            {
                                              "Node Type": "Hash Join",
                                              "Parent Relationship": "Outer",
                                              "Parallel Aware": false,
                                              "Async Capable": false,
                                              "Join Type": "Inner",
                                              "Startup Cost": 94482.05,
                                              "Total Cost": 783571.63,
                                              "Plan Rows": 254,
                                              "Plan Width": 28,
                                              "Inner Unique": false,
                                              "Hash Cond": "(store_sales.ss_promo_sk = promotion.p_promo_sk)",
                                              "Plans": [
                                                {
                                                  "Node Type": "Hash Join",
                                                  "Parent Relationship": "Outer",
                                                  "Parallel Aware": true,
                                                  "Async Capable": false,
                                                  "Join Type": "Inner",
                                                  "Startup Cost": 94456.65,
                                                  "Total Cost": 783542.68,
                                                  "Plan Rows": 270,
                                                  "Plan Width": 32,
                                                  "Inner Unique": false,
                                                  "Hash Cond": "(store_sales.ss_item_sk = item.i_item_sk)",
                                                  "Plans": [
                                                    {
                                                      "Node Type": "Hash Join",
                                                      "Parent Relationship": "Outer",
                                                      "Parallel Aware": true,
                                                      "Async Capable": false,
                                                      "Join Type": "Left",
                                                      "Startup Cost": 86930.88,
                                                      "Total Cost": 775998.13,
                                                      "Plan Rows": 4703,
                                                      "Plan Width": 36,
                                                      "Inner Unique": false,
                                                      "Hash Cond": "((store_sales.ss_item_sk = store_returns.sr_item_sk) AND (store_sales.ss_ticket_number = store_returns.sr_ticket_number))",
                                                      "Plans": [
                                                        {
                                                          "Node Type": "Hash Join",
                                                          "Parent Relationship": "Outer",
                                                          "Parallel Aware": true,
                                                          "Async Capable": false,
                                                          "Join Type": "Inner",
                                                          "Startup Cost": 2049.78,
                                                          "Total Cost": 683994.75,
                                                          "Plan Rows": 4703,
                                                          "Plan Width": 28,
                                                          "Inner Unique": false,
                                                          "Hash Cond": "(store_sales.ss_sold_date_sk = date_dim.d_date_sk)",
                                                          "Plans": [
                                                            {
                                                              "Node Type": "Seq Scan",
                                                              "Parent Relationship": "Outer",
                                                              "Parallel Aware": true,
                                                              "Async Capable": false,
                                                              "Relation Name": "store_sales",
                                                              "Alias": "store_sales",
                                                              "Startup Cost": 0.0,
                                                              "Total Cost": 636914.37,
                                                              "Plan Rows": 12000637,
                                                              "Plan Width": 32,
                                                              "parent": 13,
                                                              "ID": 14
                                                            },
                                                            {
                                                              "Node Type": "Hash",
                                                              "Parent Relationship": "Inner",
                                                              "Parallel Aware": true,
                                                              "Async Capable": false,
                                                              "Startup Cost": 2049.55,
                                                              "Total Cost": 2049.55,
                                                              "Plan Rows": 18,
                                                              "Plan Width": 4,
                                                              "Plans": [
                                                                {
                                                                  "Node Type": "Seq Scan",
                                                                  "Parent Relationship": "Outer",
                                                                  "Parallel Aware": true,
                                                                  "Async Capable": false,
                                                                  "Relation Name": "date_dim",
                                                                  "Alias": "date_dim",
                                                                  "Startup Cost": 0.0,
                                                                  "Total Cost": 2049.55,
                                                                  "Plan Rows": 18,
                                                                  "Plan Width": 4,
                                                                  "Filter": "((d_date >= '1998-08-19'::date) AND (d_date <= '1998-09-18 00:00:00'::timestamp without time zone))",
                                                                  "parent": 15,
                                                                  "ID": 16
                                                                }
                                                              ],
                                                              "parent": 13,
                                                              "ID": 15,
                                                              "left": 16
                                                            }
                                                          ],
                                                          "parent": 12,
                                                          "ID": 13,
                                                          "left": 14,
                                                          "right": 15
                                                        },
                                                        {
                                                          "Node Type": "Hash",
                                                          "Parent Relationship": "Inner",
                                                          "Parallel Aware": true,
                                                          "Async Capable": false,
                                                          "Startup Cost": 59887.64,
                                                          "Total Cost": 59887.64,
                                                          "Plan Rows": 1198164,
                                                          "Plan Width": 20,
                                                          "Plans": [
                                                            {
                                                              "Node Type": "Seq Scan",
                                                              "Parent Relationship": "Outer",
                                                              "Parallel Aware": true,
                                                              "Async Capable": false,
                                                              "Relation Name": "store_returns",
                                                              "Alias": "store_returns",
                                                              "Startup Cost": 0.0,
                                                              "Total Cost": 59887.64,
                                                              "Plan Rows": 1198164,
                                                              "Plan Width": 20,
                                                              "parent": 17,
                                                              "ID": 18
                                                            }
                                                          ],
                                                          "parent": 12,
                                                          "ID": 17,
                                                          "left": 18
                                                        }
                                                      ],
                                                      "parent": 11,
                                                      "ID": 12,
                                                      "left": 13,
                                                      "right": 17
                                                    },
                                                    {
                                                      "Node Type": "Hash",
                                                      "Parent Relationship": "Inner",
                                                      "Parallel Aware": true,
                                                      "Async Capable": false,
                                                      "Startup Cost": 7495.25,
                                                      "Total Cost": 7495.25,
                                                      "Plan Rows": 2442,
                                                      "Plan Width": 4,
                                                      "Plans": [
                                                        {
                                                          "Node Type": "Seq Scan",
                                                          "Parent Relationship": "Outer",
                                                          "Parallel Aware": true,
                                                          "Async Capable": false,
                                                          "Relation Name": "item",
                                                          "Alias": "item",
                                                          "Startup Cost": 0.0,
                                                          "Total Cost": 7495.25,
                                                          "Plan Rows": 2442,
                                                          "Plan Width": 4,
                                                          "Filter": "(i_current_price > '50'::numeric)",
                                                          "parent": 19,
                                                          "ID": 20
                                                        }
                                                      ],
                                                      "parent": 11,
                                                      "ID": 19,
                                                      "left": 20
                                                    }
                                                  ],
                                                  "parent": 10,
                                                  "ID": 11,
                                                  "left": 12,
                                                  "right": 19
                                                },
                                                {
                                                  "Node Type": "Hash",
                                                  "Parent Relationship": "Inner",
                                                  "Parallel Aware": false,
                                                  "Async Capable": false,
                                                  "Startup Cost": 19.25,
                                                  "Total Cost": 19.25,
                                                  "Plan Rows": 492,
                                                  "Plan Width": 4,
                                                  "Plans": [
                                                    {
                                                      "Node Type": "Seq Scan",
                                                      "Parent Relationship": "Outer",
                                                      "Parallel Aware": false,
                                                      "Async Capable": false,
                                                      "Relation Name": "promotion",
                                                      "Alias": "promotion",
                                                      "Startup Cost": 0.0,
                                                      "Total Cost": 19.25,
                                                      "Plan Rows": 492,
                                                      "Plan Width": 4,
                                                      "Filter": "(p_channel_tv = 'N'::bpchar)",
                                                      "parent": 21,
                                                      "ID": 22
                                                    }
                                                  ],
                                                  "parent": 10,
                                                  "ID": 21,
                                                  "left": 22
                                                }
                                              ],
                                              "parent": 9,
                                              "ID": 10,
                                              "left": 11,
                                              "right": 21
                                            },
                                            {
                                              "Node Type": "Hash",
                                              "Parent Relationship": "Inner",
                                              "Parallel Aware": false,
                                              "Async Capable": false,
                                              "Startup Cost": 6.02,
                                              "Total Cost": 6.02,
                                              "Plan Rows": 102,
                                              "Plan Width": 21,
                                              "Plans": [
                                                {
                                                  "Node Type": "Seq Scan",
                                                  "Parent Relationship": "Outer",
                                                  "Parallel Aware": false,
                                                  "Async Capable": false,
                                                  "Relation Name": "store",
                                                  "Alias": "store",
                                                  "Startup Cost": 0.0,
                                                  "Total Cost": 6.02,
                                                  "Plan Rows": 102,
                                                  "Plan Width": 21,
                                                  "parent": 23,
                                                  "ID": 24
                                                }
                                              ],
                                              "parent": 9,
                                              "ID": 23,
                                              "left": 24
                                            }
                                          ],
                                          "parent": 8,
                                          "ID": 9,
                                          "left": 10,
                                          "right": 23
                                        }
                                      ],
                                      "parent": 7,
                                      "ID": 8,
                                      "left": 9
                                    }
                                  ],
                                  "parent": 6,
                                  "ID": 7,
                                  "left": 8
                                }
                              ],
                              "parent": 5,
                              "ID": 6,
                              "left": 7
                            }
                          ],
                          "parent": 4,
                          "ID": 5,
                          "left": 6
                        }
                      ],
                      "parent": 3,
                      "ID": 4,
                      "left": 5
                    },
                    {
                      "Node Type": "Subquery Scan",
                      "Parent Relationship": "Member",
                      "Parallel Aware": false,
                      "Async Capable": false,
                      "Alias": "csr",
                      "Startup Cost": 518174.1,
                      "Total Cost": 518225.66,
                      "Plan Rows": 329,
                      "Plan Width": 160,
                      "Plans": [
                        {
                          "Node Type": "Aggregate",
                          "Strategy": "Sorted",
                          "Partial Mode": "Finalize",
                          "Parent Relationship": "Subquery",
                          "Parallel Aware": false,
                          "Async Capable": false,
                          "Startup Cost": 518174.1,
                          "Total Cost": 518220.73,
                          "Plan Rows": 329,
                          "Plan Width": 113,
                          "Group Key": [
                            "catalog_page.cp_catalog_page_id"
                          ],
                          "Plans": [
                            {
                              "Node Type": "Gather Merge",
                              "Parent Relationship": "Outer",
                              "Parallel Aware": false,
                              "Async Capable": false,
                              "Startup Cost": 518174.1,
                              "Total Cost": 518210.18,
                              "Plan Rows": 274,
                              "Plan Width": 113,
                              "Workers Planned": 2,
                              "Plans": [
                                {
                                  "Node Type": "Aggregate",
                                  "Strategy": "Sorted",
                                  "Partial Mode": "Partial",
                                  "Parent Relationship": "Outer",
                                  "Parallel Aware": false,
                                  "Async Capable": false,
                                  "Startup Cost": 517174.07,
                                  "Total Cost": 517178.53,
                                  "Plan Rows": 137,
                                  "Plan Width": 113,
                                  "Group Key": [
                                    "catalog_page.cp_catalog_page_id"
                                  ],
                                  "Plans": [
                                    {
                                      "Node Type": "Sort",
                                      "Parent Relationship": "Outer",
                                      "Parallel Aware": false,
                                      "Async Capable": false,
                                      "Startup Cost": 517174.07,
                                      "Total Cost": 517174.42,
                                      "Plan Rows": 137,
                                      "Plan Width": 41,
                                      "Sort Key": [
                                        "catalog_page.cp_catalog_page_id"
                                      ],
                                      "Plans": [
                                        {
                                          "Node Type": "Hash Join",
                                          "Parent Relationship": "Outer",
                                          "Parallel Aware": false,
                                          "Async Capable": false,
                                          "Join Type": "Inner",
                                          "Startup Cost": 57382.33,
                                          "Total Cost": 517169.21,
                                          "Plan Rows": 137,
                                          "Plan Width": 41,
                                          "Inner Unique": false,
                                          "Hash Cond": "(catalog_sales.cs_catalog_page_sk = catalog_page.cp_catalog_page_sk)",
                                          "Plans": [
                                            {
                                              "Node Type": "Hash Join",
                                              "Parent Relationship": "Outer",
                                              "Parallel Aware": false,
                                              "Async Capable": false,
                                              "Join Type": "Inner",
                                              "Startup Cost": 56864.33,
                                              "Total Cost": 516649.32,
                                              "Plan Rows": 138,
                                              "Plan Width": 28,
                                              "Inner Unique": false,
                                              "Hash Cond": "(catalog_sales.cs_promo_sk = promotion_1.p_promo_sk)",
                                              "Plans": [
                                                {
                                                  "Node Type": "Hash Join",
                                                  "Parent Relationship": "Outer",
                                                  "Parallel Aware": true,
                                                  "Async Capable": false,
                                                  "Join Type": "Inner",
                                                  "Startup Cost": 56838.93,
                                                  "Total Cost": 516622.01,
                                                  "Plan Rows": 141,
                                                  "Plan Width": 32,
                                                  "Inner Unique": false,
                                                  "Hash Cond": "(catalog_sales.cs_item_sk = item_1.i_item_sk)",
                                                  "Plans": [
                                                    {
                                                      "Node Type": "Hash Join",
                                                      "Parent Relationship": "Outer",
                                                      "Parallel Aware": true,
                                                      "Async Capable": false,
                                                      "Join Type": "Left",
                                                      "Startup Cost": 49313.15,
                                                      "Total Cost": 509086.46,
                                                      "Plan Rows": 2450,
                                                      "Plan Width": 36,
                                                      "Inner Unique": false,
                                                      "Hash Cond": "((catalog_sales.cs_item_sk = catalog_returns.cr_item_sk) AND (catalog_sales.cs_order_number = catalog_returns.cr_order_number))",
                                                      "Plans": [
                                                        {
                                                          "Node Type": "Hash Join",
                                                          "Parent Relationship": "Outer",
                                                          "Parallel Aware": true,
                                                          "Async Capable": false,
                                                          "Join Type": "Inner",
                                                          "Startup Cost": 2049.78,
                                                          "Total Cost": 458254.7,
                                                          "Plan Rows": 2450,
                                                          "Plan Width": 28,
                                                          "Inner Unique": false,
                                                          "Hash Cond": "(catalog_sales.cs_sold_date_sk = date_dim_1.d_date_sk)",
                                                          "Plans": [
                                                            {
                                                              "Node Type": "Seq Scan",
                                                              "Parent Relationship": "Outer",
                                                              "Parallel Aware": true,
                                                              "Async Capable": false,
                                                              "Relation Name": "catalog_sales",
                                                              "Alias": "catalog_sales",
                                                              "Startup Cost": 0.0,
                                                              "Total Cost": 433688.25,
                                                              "Plan Rows": 6000525,
                                                              "Plan Width": 32,
                                                              "parent": 34,
                                                              "ID": 35
                                                            },
                                                            {
                                                              "Node Type": "Hash",
                                                              "Parent Relationship": "Inner",
                                                              "Parallel Aware": true,
                                                              "Async Capable": false,
                                                              "Startup Cost": 2049.55,
                                                              "Total Cost": 2049.55,
                                                              "Plan Rows": 18,
                                                              "Plan Width": 4,
                                                              "Plans": [
                                                                {
                                                                  "Node Type": "Seq Scan",
                                                                  "Parent Relationship": "Outer",
                                                                  "Parallel Aware": true,
                                                                  "Async Capable": false,
                                                                  "Relation Name": "date_dim",
                                                                  "Alias": "date_dim_1",
                                                                  "Startup Cost": 0.0,
                                                                  "Total Cost": 2049.55,
                                                                  "Plan Rows": 18,
                                                                  "Plan Width": 4,
                                                                  "Filter": "((d_date >= '1998-08-19'::date) AND (d_date <= '1998-09-18 00:00:00'::timestamp without time zone))",
                                                                  "parent": 36,
                                                                  "ID": 37
                                                                }
                                                              ],
                                                              "parent": 34,
                                                              "ID": 36,
                                                              "left": 37
                                                            }
                                                          ],
                                                          "parent": 33,
                                                          "ID": 34,
                                                          "left": 35,
                                                          "right": 36
                                                        },
                                                        {
                                                          "Node Type": "Hash",
                                                          "Parent Relationship": "Inner",
                                                          "Parallel Aware": true,
                                                          "Async Capable": false,
                                                          "Startup Cost": 34748.95,
                                                          "Total Cost": 34748.95,
                                                          "Plan Rows": 599895,
                                                          "Plan Width": 20,
                                                          "Plans": [
                                                            {
                                                              "Node Type": "Seq Scan",
                                                              "Parent Relationship": "Outer",
                                                              "Parallel Aware": true,
                                                              "Async Capable": false,
                                                              "Relation Name": "catalog_returns",
                                                              "Alias": "catalog_returns",
                                                              "Startup Cost": 0.0,
                                                              "Total Cost": 34748.95,
                                                              "Plan Rows": 599895,
                                                              "Plan Width": 20,
                                                              "parent": 38,
                                                              "ID": 39
                                                            }
                                                          ],
                                                          "parent": 33,
                                                          "ID": 38,
                                                          "left": 39
                                                        }
                                                      ],
                                                      "parent": 32,
                                                      "ID": 33,
                                                      "left": 34,
                                                      "right": 38
                                                    },
                                                    {
                                                      "Node Type": "Hash",
                                                      "Parent Relationship": "Inner",
                                                      "Parallel Aware": true,
                                                      "Async Capable": false,
                                                      "Startup Cost": 7495.25,
                                                      "Total Cost": 7495.25,
                                                      "Plan Rows": 2442,
                                                      "Plan Width": 4,
                                                      "Plans": [
                                                        {
                                                          "Node Type": "Seq Scan",
                                                          "Parent Relationship": "Outer",
                                                          "Parallel Aware": true,
                                                          "Async Capable": false,
                                                          "Relation Name": "item",
                                                          "Alias": "item_1",
                                                          "Startup Cost": 0.0,
                                                          "Total Cost": 7495.25,
                                                          "Plan Rows": 2442,
                                                          "Plan Width": 4,
                                                          "Filter": "(i_current_price > '50'::numeric)",
                                                          "parent": 40,
                                                          "ID": 41
                                                        }
                                                      ],
                                                      "parent": 32,
                                                      "ID": 40,
                                                      "left": 41
                                                    }
                                                  ],
                                                  "parent": 31,
                                                  "ID": 32,
                                                  "left": 33,
                                                  "right": 40
                                                },
                                                {
                                                  "Node Type": "Hash",
                                                  "Parent Relationship": "Inner",
                                                  "Parallel Aware": false,
                                                  "Async Capable": false,
                                                  "Startup Cost": 19.25,
                                                  "Total Cost": 19.25,
                                                  "Plan Rows": 492,
                                                  "Plan Width": 4,
                                                  "Plans": [
                                                    {
                                                      "Node Type": "Seq Scan",
                                                      "Parent Relationship": "Outer",
                                                      "Parallel Aware": false,
                                                      "Async Capable": false,
                                                      "Relation Name": "promotion",
                                                      "Alias": "promotion_1",
                                                      "Startup Cost": 0.0,
                                                      "Total Cost": 19.25,
                                                      "Plan Rows": 492,
                                                      "Plan Width": 4,
                                                      "Filter": "(p_channel_tv = 'N'::bpchar)",
                                                      "parent": 42,
                                                      "ID": 43
                                                    }
                                                  ],
                                                  "parent": 31,
                                                  "ID": 42,
                                                  "left": 43
                                                }
                                              ],
                                              "parent": 30,
                                              "ID": 31,
                                              "left": 32,
                                              "right": 42
                                            },
                                            {
                                              "Node Type": "Hash",
                                              "Parent Relationship": "Inner",
                                              "Parallel Aware": false,
                                              "Async Capable": false,
                                              "Startup Cost": 368.0,
                                              "Total Cost": 368.0,
                                              "Plan Rows": 12000,
                                              "Plan Width": 21,
                                              "Plans": [
                                                {
                                                  "Node Type": "Seq Scan",
                                                  "Parent Relationship": "Outer",
                                                  "Parallel Aware": false,
                                                  "Async Capable": false,
                                                  "Relation Name": "catalog_page",
                                                  "Alias": "catalog_page",
                                                  "Startup Cost": 0.0,
                                                  "Total Cost": 368.0,
                                                  "Plan Rows": 12000,
                                                  "Plan Width": 21,
                                                  "parent": 44,
                                                  "ID": 45
                                                }
                                              ],
                                              "parent": 30,
                                              "ID": 44,
                                              "left": 45
                                            }
                                          ],
                                          "parent": 29,
                                          "ID": 30,
                                          "left": 31,
                                          "right": 44
                                        }
                                      ],
                                      "parent": 28,
                                      "ID": 29,
                                      "left": 30
                                    }
                                  ],
                                  "parent": 27,
                                  "ID": 28,
                                  "left": 29
                                }
                              ],
                              "parent": 26,
                              "ID": 27,
                              "left": 28
                            }
                          ],
                          "parent": 25,
                          "ID": 26,
                          "left": 27
                        }
                      ],
                      "parent": 3,
                      "ID": 25,
                      "left": 26
                    },
                    {
                      "Node Type": "Subquery Scan",
                      "Parent Relationship": "Member",
                      "Parallel Aware": false,
                      "Async Capable": false,
                      "Alias": "wsr",
                      "Startup Cost": 263918.43,
                      "Total Cost": 263926.12,
                      "Plan Rows": 21,
                      "Plan Width": 160,
                      "Plans": [
                        {
                          "Node Type": "Aggregate",
                          "Strategy": "Sorted",
                          "Partial Mode": "Finalize",
                          "Parent Relationship": "Subquery",
                          "Parallel Aware": false,
                          "Async Capable": false,
                          "Startup Cost": 263918.43,
                          "Total Cost": 263925.8,
                          "Plan Rows": 21,
                          "Plan Width": 113,
                          "Group Key": [
                            "web_site.web_site_id"
                          ],
                          "Plans": [
                            {
                              "Node Type": "Gather Merge",
                              "Parent Relationship": "Outer",
                              "Parallel Aware": false,
                              "Async Capable": false,
                              "Startup Cost": 263918.43,
                              "Total Cost": 263924.7,
                              "Plan Rows": 42,
                              "Plan Width": 113,
                              "Workers Planned": 2,
                              "Plans": [
                                {
                                  "Node Type": "Aggregate",
                                  "Strategy": "Sorted",
                                  "Partial Mode": "Partial",
                                  "Parent Relationship": "Outer",
                                  "Parallel Aware": false,
                                  "Async Capable": false,
                                  "Startup Cost": 262918.41,
                                  "Total Cost": 262919.83,
                                  "Plan Rows": 21,
                                  "Plan Width": 113,
                                  "Group Key": [
                                    "web_site.web_site_id"
                                  ],
                                  "Plans": [
                                    {
                                      "Node Type": "Sort",
                                      "Parent Relationship": "Outer",
                                      "Parallel Aware": false,
                                      "Async Capable": false,
                                      "Startup Cost": 262918.41,
                                      "Total Cost": 262918.59,
                                      "Plan Rows": 70,
                                      "Plan Width": 41,
                                      "Sort Key": [
                                        "web_site.web_site_id"
                                      ],
                                      "Plans": [
                                        {
                                          "Node Type": "Hash Join",
                                          "Parent Relationship": "Outer",
                                          "Parallel Aware": false,
                                          "Async Capable": false,
                                          "Join Type": "Inner",
                                          "Startup Cost": 32134.74,
                                          "Total Cost": 262916.27,
                                          "Plan Rows": 70,
                                          "Plan Width": 41,
                                          "Inner Unique": false,
                                          "Hash Cond": "(web_sales.ws_web_site_sk = web_site.web_site_sk)",
                                          "Plans": [
                                            {
                                              "Node Type": "Hash Join",
                                              "Parent Relationship": "Outer",
                                              "Parallel Aware": false,
                                              "Async Capable": false,
                                              "Join Type": "Inner",
                                              "Startup Cost": 32130.8,
                                              "Total Cost": 262911.36,
                                              "Plan Rows": 70,
                                              "Plan Width": 28,
                                              "Inner Unique": false,
                                              "Hash Cond": "(web_sales.ws_promo_sk = promotion_2.p_promo_sk)",
                                              "Plans": [
                                                {
                                                  "Node Type": "Hash Join",
                                                  "Parent Relationship": "Outer",
                                                  "Parallel Aware": true,
                                                  "Async Capable": false,
                                                  "Join Type": "Inner",
                                                  "Startup Cost": 32105.4,
                                                  "Total Cost": 262884.99,
                                                  "Plan Rows": 71,
                                                  "Plan Width": 32,
                                                  "Inner Unique": false,
                                                  "Hash Cond": "(web_sales.ws_item_sk = item_2.i_item_sk)",
                                                  "Plans": [
                                                    {
                                                      "Node Type": "Hash Join",
                                                      "Parent Relationship": "Outer",
                                                      "Parallel Aware": true,
                                                      "Async Capable": false,
                                                      "Join Type": "Left",
                                                      "Startup Cost": 24579.62,
                                                      "Total Cost": 255354.31,
                                                      "Plan Rows": 1231,
                                                      "Plan Width": 36,
                                                      "Inner Unique": false,
                                                      "Hash Cond": "((web_sales.ws_item_sk = web_returns.wr_item_sk) AND (web_sales.ws_order_number = web_returns.wr_order_number))",
                                                      "Plans": [
                                                        {
                                                          "Node Type": "Hash Join",
                                                          "Parent Relationship": "Outer",
                                                          "Parallel Aware": true,
                                                          "Async Capable": false,
                                                          "Join Type": "Inner",
                                                          "Startup Cost": 2049.78,
                                                          "Total Cost": 231041.22,
                                                          "Plan Rows": 1231,
                                                          "Plan Width": 28,
                                                          "Inner Unique": false,
                                                          "Hash Cond": "(web_sales.ws_sold_date_sk = date_dim_2.d_date_sk)",
                                                          "Plans": [
                                                            {
                                                              "Node Type": "Seq Scan",
                                                              "Parent Relationship": "Outer",
                                                              "Parallel Aware": true,
                                                              "Async Capable": false,
                                                              "Relation Name": "web_sales",
                                                              "Alias": "web_sales",
                                                              "Startup Cost": 0.0,
                                                              "Total Cost": 217737.86,
                                                              "Plan Rows": 2998986,
                                                              "Plan Width": 32,
                                                              "parent": 55,
                                                              "ID": 56
                                                            },
                                                            {
                                                              "Node Type": "Hash",
                                                              "Parent Relationship": "Inner",
                                                              "Parallel Aware": true,
                                                              "Async Capable": false,
                                                              "Startup Cost": 2049.55,
                                                              "Total Cost": 2049.55,
                                                              "Plan Rows": 18,
                                                              "Plan Width": 4,
                                                              "Plans": [
                                                                {
                                                                  "Node Type": "Seq Scan",
                                                                  "Parent Relationship": "Outer",
                                                                  "Parallel Aware": true,
                                                                  "Async Capable": false,
                                                                  "Relation Name": "date_dim",
                                                                  "Alias": "date_dim_2",
                                                                  "Startup Cost": 0.0,
                                                                  "Total Cost": 2049.55,
                                                                  "Plan Rows": 18,
                                                                  "Plan Width": 4,
                                                                  "Filter": "((d_date >= '1998-08-19'::date) AND (d_date <= '1998-09-18 00:00:00'::timestamp without time zone))",
                                                                  "parent": 57,
                                                                  "ID": 58
                                                                }
                                                              ],
                                                              "parent": 55,
                                                              "ID": 57,
                                                              "left": 58
                                                            }
                                                          ],
                                                          "parent": 54,
                                                          "ID": 55,
                                                          "left": 56,
                                                          "right": 57
                                                        },
                                                        {
                                                          "Node Type": "Hash",
                                                          "Parent Relationship": "Inner",
                                                          "Parallel Aware": true,
                                                          "Async Capable": false,
                                                          "Startup Cost": 16278.74,
                                                          "Total Cost": 16278.74,
                                                          "Plan Rows": 299674,
                                                          "Plan Width": 20,
                                                          "Plans": [
                                                            {
                                                              "Node Type": "Seq Scan",
                                                              "Parent Relationship": "Outer",
                                                              "Parallel Aware": true,
                                                              "Async Capable": false,
                                                              "Relation Name": "web_returns",
                                                              "Alias": "web_returns",
                                                              "Startup Cost": 0.0,
                                                              "Total Cost": 16278.74,
                                                              "Plan Rows": 299674,
                                                              "Plan Width": 20,
                                                              "parent": 59,
                                                              "ID": 60
                                                            }
                                                          ],
                                                          "parent": 54,
                                                          "ID": 59,
                                                          "left": 60
                                                        }
                                                      ],
                                                      "parent": 53,
                                                      "ID": 54,
                                                      "left": 55,
                                                      "right": 59
                                                    },
                                                    {
                                                      "Node Type": "Hash",
                                                      "Parent Relationship": "Inner",
                                                      "Parallel Aware": true,
                                                      "Async Capable": false,
                                                      "Startup Cost": 7495.25,
                                                      "Total Cost": 7495.25,
                                                      "Plan Rows": 2442,
                                                      "Plan Width": 4,
                                                      "Plans": [
                                                        {
                                                          "Node Type": "Seq Scan",
                                                          "Parent Relationship": "Outer",
                                                          "Parallel Aware": true,
                                                          "Async Capable": false,
                                                          "Relation Name": "item",
                                                          "Alias": "item_2",
                                                          "Startup Cost": 0.0,
                                                          "Total Cost": 7495.25,
                                                          "Plan Rows": 2442,
                                                          "Plan Width": 4,
                                                          "Filter": "(i_current_price > '50'::numeric)",
                                                          "parent": 61,
                                                          "ID": 62
                                                        }
                                                      ],
                                                      "parent": 53,
                                                      "ID": 61,
                                                      "left": 62
                                                    }
                                                  ],
                                                  "parent": 52,
                                                  "ID": 53,
                                                  "left": 54,
                                                  "right": 61
                                                },
                                                {
                                                  "Node Type": "Hash",
                                                  "Parent Relationship": "Inner",
                                                  "Parallel Aware": false,
                                                  "Async Capable": false,
                                                  "Startup Cost": 19.25,
                                                  "Total Cost": 19.25,
                                                  "Plan Rows": 492,
                                                  "Plan Width": 4,
                                                  "Plans": [
                                                    {
                                                      "Node Type": "Seq Scan",
                                                      "Parent Relationship": "Outer",
                                                      "Parallel Aware": false,
                                                      "Async Capable": false,
                                                      "Relation Name": "promotion",
                                                      "Alias": "promotion_2",
                                                      "Startup Cost": 0.0,
                                                      "Total Cost": 19.25,
                                                      "Plan Rows": 492,
                                                      "Plan Width": 4,
                                                      "Filter": "(p_channel_tv = 'N'::bpchar)",
                                                      "parent": 63,
                                                      "ID": 64
                                                    }
                                                  ],
                                                  "parent": 52,
                                                  "ID": 63,
                                                  "left": 64
                                                }
                                              ],
                                              "parent": 51,
                                              "ID": 52,
                                              "left": 53,
                                              "right": 63
                                            },
                                            {
                                              "Node Type": "Hash",
                                              "Parent Relationship": "Inner",
                                              "Parallel Aware": false,
                                              "Async Capable": false,
                                              "Startup Cost": 3.42,
                                              "Total Cost": 3.42,
                                              "Plan Rows": 42,
                                              "Plan Width": 21,
                                              "Plans": [
                                                {
                                                  "Node Type": "Seq Scan",
                                                  "Parent Relationship": "Outer",
                                                  "Parallel Aware": false,
                                                  "Async Capable": false,
                                                  "Relation Name": "web_site",
                                                  "Alias": "web_site",
                                                  "Startup Cost": 0.0,
                                                  "Total Cost": 3.42,
                                                  "Plan Rows": 42,
                                                  "Plan Width": 21,
                                                  "parent": 65,
                                                  "ID": 66
                                                }
                                              ],
                                              "parent": 51,
                                              "ID": 65,
                                              "left": 66
                                            }
                                          ],
                                          "parent": 50,
                                          "ID": 51,
                                          "left": 52,
                                          "right": 65
                                        }
                                      ],
                                      "parent": 49,
                                      "ID": 50,
                                      "left": 51
                                    }
                                  ],
                                  "parent": 48,
                                  "ID": 49,
                                  "left": 50
                                }
                              ],
                              "parent": 47,
                              "ID": 48,
                              "left": 49
                            }
                          ],
                          "parent": 46,
                          "ID": 47,
                          "left": 48
                        }
                      ],
                      "parent": 3,
                      "ID": 46,
                      "left": 47
                    }
                  ],
                  "parent": 2,
                  "ID": 3,
                  "left": 4,
                  "right": 25
                }
              ],
              "parent": 1,
              "ID": 2,
              "left": 3
            }
          ],
          "parent": 0,
          "ID": 1,
          "left": 2
        }
      ],
      "parent": null,
      "ID": 0,
      "left": 1
    },
    "feat": {
      "utility": 1.8459971717067128e-06,
      "query_shape": [
        [
          "Seq Scan",
          "Hash Join",
          "Sort",
          "Aggregate",
          "Gather Merge",
          "Subquery Scan",
          "Append"
        ],
        [
          "Seq Scan",
          "Hash",
          "Hash Join",
          "Sort",
          "Aggregate",
          "Gather Merge",
          "Subquery Scan",
          "Append"
        ],
        [
          "Seq Scan",
          "Hash",
          "Hash Join",
          "Sort",
          "Aggregate",
          "Gather Merge",
          "Subquery Scan",
          "Append"
        ],
        [
          "Seq Scan",
          "Hash",
          "Hash Join",
          "Sort",
          "Aggregate",
          "Gather Merge",
          "Subquery Scan",
          "Append"
        ],
        [
          "Seq Scan",
          "Hash",
          "Hash Join",
          "Sort",
          "Aggregate",
          "Gather Merge",
          "Subquery Scan",
          "Append"
        ],
        [
          "Seq Scan",
          "Hash",
          "Hash Join",
          "Sort",
          "Aggregate",
          "Gather Merge",
          "Subquery Scan",
          "Append"
        ],
        [
          "Seq Scan",
          "Hash Join",
          "Sort",
          "Aggregate",
          "Gather Merge",
          "Subquery Scan",
          "Append"
        ],
        [
          "Seq Scan",
          "Hash",
          "Hash Join",
          "Sort",
          "Aggregate",
          "Gather Merge",
          "Subquery Scan",
          "Append"
        ],
        [
          "Seq Scan",
          "Hash",
          "Hash Join",
          "Sort",
          "Aggregate",
          "Gather Merge",
          "Subquery Scan",
          "Append"
        ],
        [
          "Seq Scan",
          "Hash",
          "Hash Join",
          "Sort",
          "Aggregate",
          "Gather Merge",
          "Subquery Scan",
          "Append"
        ],
        [
          "Seq Scan",
          "Hash",
          "Hash Join",
          "Sort",
          "Aggregate",
          "Gather Merge",
          "Subquery Scan",
          "Append"
        ],
        [
          "Seq Scan",
          "Hash",
          "Hash Join",
          "Sort",
          "Aggregate",
          "Gather Merge",
          "Subquery Scan",
          "Append"
        ],
        [
          "Seq Scan",
          "Hash Join",
          "Sort",
          "Aggregate",
          "Gather Merge",
          "Subquery Scan",
          "Append"
        ],
        [
          "Seq Scan",
          "Hash",
          "Hash Join",
          "Sort",
          "Aggregate",
          "Gather Merge",
          "Subquery Scan",
          "Append"
        ],
        [
          "Seq Scan",
          "Hash",
          "Hash Join",
          "Sort",
          "Aggregate",
          "Gather Merge",
          "Subquery Scan",
          "Append"
        ],
        [
          "Seq Scan",
          "Hash",
          "Hash Join",
          "Sort",
          "Aggregate",
          "Gather Merge",
          "Subquery Scan",
          "Append"
        ],
        [
          "Seq Scan",
          "Hash",
          "Hash Join",
          "Sort",
          "Aggregate",
          "Gather Merge",
          "Subquery Scan",
          "Append"
        ],
        [
          "Seq Scan",
          "Hash",
          "Hash Join",
          "Sort",
          "Aggregate",
          "Gather Merge",
          "Subquery Scan",
          "Append"
        ]
      ],
      "index_shape": [
        "join"
      ],
      "physical_operator": {
        "Hash Join": [
          0.1543033499620919
        ]
      }
    }
  },
  {
    "query": "with ssr as\n (select  s_store_id as store_id,\n          sum(ss_ext_sales_price) as sales,\n          sum(coalesce(sr_return_amt, 0)) as returns,\n          sum(ss_net_profit - coalesce(sr_net_loss, 0)) as profit\n  from store_sales left outer join store_returns on\n         (ss_item_sk = sr_item_sk and ss_ticket_number = sr_ticket_number),\n     date_dim,\n     store,\n     item,\n     promotion\n where ss_sold_date_sk = d_date_sk\n       and d_date between cast('1998-08-19' as date) \n                  and (cast('1998-08-19' as date) +  interval '30 days')\n       and ss_store_sk = s_store_sk\n       and ss_item_sk = i_item_sk\n       and i_current_price > 50\n       and ss_promo_sk = p_promo_sk\n       and p_channel_tv = 'N'\n group by s_store_id)\n ,\n csr as\n (select  cp_catalog_page_id as catalog_page_id,\n          sum(cs_ext_sales_price) as sales,\n          sum(coalesce(cr_return_amount, 0)) as returns,\n          sum(cs_net_profit - coalesce(cr_net_loss, 0)) as profit\n  from catalog_sales left outer join catalog_returns on\n         (cs_item_sk = cr_item_sk and cs_order_number = cr_order_number),\n     date_dim,\n     catalog_page,\n     item,\n     promotion\n where cs_sold_date_sk = d_date_sk\n       and d_date between cast('1998-08-19' as date)\n                  and (cast('1998-08-19' as date) +  interval '30 days')\n        and cs_catalog_page_sk = cp_catalog_page_sk\n       and cs_item_sk = i_item_sk\n       and i_current_price > 50\n       and cs_promo_sk = p_promo_sk\n       and p_channel_tv = 'N'\ngroup by cp_catalog_page_id)\n ,\n wsr as\n (select  web_site_id,\n          sum(ws_ext_sales_price) as sales,\n          sum(coalesce(wr_return_amt, 0)) as returns,\n          sum(ws_net_profit - coalesce(wr_net_loss, 0)) as profit\n  from web_sales left outer join web_returns on\n         (ws_item_sk = wr_item_sk and ws_order_number = wr_order_number),\n     date_dim,\n     web_site,\n     item,\n     promotion\n where ws_sold_date_sk = d_date_sk\n       and d_date between cast('1998-08-19' as date)\n                  and (cast('1998-08-19' as date) +  interval '30 days')\n        and ws_web_site_sk = web_site_sk\n       and ws_item_sk = i_item_sk\n       and i_current_price > 50\n       and ws_promo_sk = p_promo_sk\n       and p_channel_tv = 'N'\ngroup by web_site_id)\n  select  channel\n        , id\n        , sum(sales) as sales\n        , sum(returns) as returns\n        , sum(profit) as profit\n from \n (select 'store channel' as channel\n        , 'store' || store_id as id\n        , sales\n        , returns\n        , profit\n from   ssr\n union all\n select 'catalog channel' as channel\n        , 'catalog_page' || catalog_page_id as id\n        , sales\n        , returns\n        , profit\n from  csr\n union all\n select 'web channel' as channel\n        , 'web_site' || web_site_id as id\n        , sales\n        , returns\n        , profit\n from   wsr\n ) x\n group by rollup (channel, id)\n order by channel\n         ,id\n limit 100;\n\n-- end query 61 in stream 0 using template query80.tpl\n",
    "indexes": "web_sales.ws_promo_sk",
    "wo plan est": {
      "Node Type": "Limit",
      "Parallel Aware": false,
      "Async Capable": false,
      "Startup Cost": 1566782.76,
      "Total Cost": 1566786.01,
      "Plan Rows": 100,
      "Plan Width": 160,
      "Plans": [
        {
          "Node Type": "Aggregate",
          "Strategy": "Sorted",
          "Partial Mode": "Simple",
          "Parent Relationship": "Outer",
          "Parallel Aware": false,
          "Async Capable": false,
          "Startup Cost": 1566782.76,
          "Total Cost": 1566795.8,
          "Plan Rows": 401,
          "Plan Width": 160,
          "Grouping Sets": [
            {
              "Group Keys": [
                [
                  "('store channel'::text)",
                  "(('store'::text || (ssr.store_id)::text))"
                ],
                [
                  "('store channel'::text)"
                ],
                []
              ]
            }
          ],
          "Plans": [
            {
              "Node Type": "Sort",
              "Parent Relationship": "Outer",
              "Parallel Aware": false,
              "Async Capable": false,
              "Startup Cost": 1566782.76,
              "Total Cost": 1566783.77,
              "Plan Rows": 401,
              "Plan Width": 160,
              "Sort Key": [
                "('store channel'::text)",
                "(('store'::text || (ssr.store_id)::text))"
              ],
              "Plans": [
                {
                  "Node Type": "Append",
                  "Parent Relationship": "Outer",
                  "Parallel Aware": false,
                  "Async Capable": false,
                  "Startup Cost": 784591.9,
                  "Total Cost": 1566765.43,
                  "Plan Rows": 401,
                  "Plan Width": 160,
                  "Subplans Removed": 0,
                  "Plans": [
                    {
                      "Node Type": "Subquery Scan",
                      "Parent Relationship": "Member",
                      "Parallel Aware": false,
                      "Async Capable": false,
                      "Alias": "ssr",
                      "Startup Cost": 784591.9,
                      "Total Cost": 784611.64,
                      "Plan Rows": 51,
                      "Plan Width": 160,
                      "Plans": [
                        {
                          "Node Type": "Aggregate",
                          "Strategy": "Sorted",
                          "Partial Mode": "Finalize",
                          "Parent Relationship": "Subquery",
                          "Parallel Aware": false,
                          "Async Capable": false,
                          "Startup Cost": 784591.9,
                          "Total Cost": 784610.87,
                          "Plan Rows": 51,
                          "Plan Width": 113,
                          "Group Key": [
                            "store.s_store_id"
                          ],
                          "Plans": [
                            {
                              "Node Type": "Gather Merge",
                              "Parent Relationship": "Outer",
                              "Parallel Aware": false,
                              "Async Capable": false,
                              "Startup Cost": 784591.9,
                              "Total Cost": 784608.2,
                              "Plan Rows": 102,
                              "Plan Width": 113,
                              "Workers Planned": 2,
                              "Plans": [
                                {
                                  "Node Type": "Aggregate",
                                  "Strategy": "Sorted",
                                  "Partial Mode": "Partial",
                                  "Parent Relationship": "Outer",
                                  "Parallel Aware": false,
                                  "Async Capable": false,
                                  "Startup Cost": 783591.88,
                                  "Total Cost": 783596.4,
                                  "Plan Rows": 51,
                                  "Plan Width": 113,
                                  "Group Key": [
                                    "store.s_store_id"
                                  ],
                                  "Plans": [
                                    {
                                      "Node Type": "Sort",
                                      "Parent Relationship": "Outer",
                                      "Parallel Aware": false,
                                      "Async Capable": false,
                                      "Startup Cost": 783591.88,
                                      "Total Cost": 783592.48,
                                      "Plan Rows": 242,
                                      "Plan Width": 41,
                                      "Sort Key": [
                                        "store.s_store_id"
                                      ],
                                      "Plans": [
                                        {
                                          "Node Type": "Hash Join",
                                          "Parent Relationship": "Outer",
                                          "Parallel Aware": false,
                                          "Async Capable": false,
                                          "Join Type": "Inner",
                                          "Startup Cost": 94489.35,
                                          "Total Cost": 783582.3,
                                          "Plan Rows": 242,
                                          "Plan Width": 41,
                                          "Inner Unique": false,
                                          "Hash Cond": "(store_sales.ss_store_sk = store.s_store_sk)",
                                          "Plans": [
                                            {
                                              "Node Type": "Hash Join",
                                              "Parent Relationship": "Outer",
                                              "Parallel Aware": false,
                                              "Async Capable": false,
                                              "Join Type": "Inner",
                                              "Startup Cost": 94482.05,
                                              "Total Cost": 783571.63,
                                              "Plan Rows": 254,
                                              "Plan Width": 28,
                                              "Inner Unique": false,
                                              "Hash Cond": "(store_sales.ss_promo_sk = promotion.p_promo_sk)",
                                              "Plans": [
                                                {
                                                  "Node Type": "Hash Join",
                                                  "Parent Relationship": "Outer",
                                                  "Parallel Aware": true,
                                                  "Async Capable": false,
                                                  "Join Type": "Inner",
                                                  "Startup Cost": 94456.65,
                                                  "Total Cost": 783542.68,
                                                  "Plan Rows": 270,
                                                  "Plan Width": 32,
                                                  "Inner Unique": false,
                                                  "Hash Cond": "(store_sales.ss_item_sk = item.i_item_sk)",
                                                  "Plans": [
                                                    {
                                                      "Node Type": "Hash Join",
                                                      "Parent Relationship": "Outer",
                                                      "Parallel Aware": true,
                                                      "Async Capable": false,
                                                      "Join Type": "Left",
                                                      "Startup Cost": 86930.88,
                                                      "Total Cost": 775998.13,
                                                      "Plan Rows": 4703,
                                                      "Plan Width": 36,
                                                      "Inner Unique": false,
                                                      "Hash Cond": "((store_sales.ss_item_sk = store_returns.sr_item_sk) AND (store_sales.ss_ticket_number = store_returns.sr_ticket_number))",
                                                      "Plans": [
                                                        {
                                                          "Node Type": "Hash Join",
                                                          "Parent Relationship": "Outer",
                                                          "Parallel Aware": true,
                                                          "Async Capable": false,
                                                          "Join Type": "Inner",
                                                          "Startup Cost": 2049.78,
                                                          "Total Cost": 683994.75,
                                                          "Plan Rows": 4703,
                                                          "Plan Width": 28,
                                                          "Inner Unique": false,
                                                          "Hash Cond": "(store_sales.ss_sold_date_sk = date_dim.d_date_sk)",
                                                          "Plans": [
                                                            {
                                                              "Node Type": "Seq Scan",
                                                              "Parent Relationship": "Outer",
                                                              "Parallel Aware": true,
                                                              "Async Capable": false,
                                                              "Relation Name": "store_sales",
                                                              "Alias": "store_sales",
                                                              "Startup Cost": 0.0,
                                                              "Total Cost": 636914.37,
                                                              "Plan Rows": 12000637,
                                                              "Plan Width": 32,
                                                              "parent": 13,
                                                              "ID": 14
                                                            },
                                                            {
                                                              "Node Type": "Hash",
                                                              "Parent Relationship": "Inner",
                                                              "Parallel Aware": true,
                                                              "Async Capable": false,
                                                              "Startup Cost": 2049.55,
                                                              "Total Cost": 2049.55,
                                                              "Plan Rows": 18,
                                                              "Plan Width": 4,
                                                              "Plans": [
                                                                {
                                                                  "Node Type": "Seq Scan",
                                                                  "Parent Relationship": "Outer",
                                                                  "Parallel Aware": true,
                                                                  "Async Capable": false,
                                                                  "Relation Name": "date_dim",
                                                                  "Alias": "date_dim",
                                                                  "Startup Cost": 0.0,
                                                                  "Total Cost": 2049.55,
                                                                  "Plan Rows": 18,
                                                                  "Plan Width": 4,
                                                                  "Filter": "((d_date >= '1998-08-19'::date) AND (d_date <= '1998-09-18 00:00:00'::timestamp without time zone))",
                                                                  "parent": 15,
                                                                  "ID": 16
                                                                }
                                                              ],
                                                              "parent": 13,
                                                              "ID": 15,
                                                              "left": 16
                                                            }
                                                          ],
                                                          "parent": 12,
                                                          "ID": 13,
                                                          "left": 14,
                                                          "right": 15
                                                        },
                                                        {
                                                          "Node Type": "Hash",
                                                          "Parent Relationship": "Inner",
                                                          "Parallel Aware": true,
                                                          "Async Capable": false,
                                                          "Startup Cost": 59887.64,
                                                          "Total Cost": 59887.64,
                                                          "Plan Rows": 1198164,
                                                          "Plan Width": 20,
                                                          "Plans": [
                                                            {
                                                              "Node Type": "Seq Scan",
                                                              "Parent Relationship": "Outer",
                                                              "Parallel Aware": true,
                                                              "Async Capable": false,
                                                              "Relation Name": "store_returns",
                                                              "Alias": "store_returns",
                                                              "Startup Cost": 0.0,
                                                              "Total Cost": 59887.64,
                                                              "Plan Rows": 1198164,
                                                              "Plan Width": 20,
                                                              "parent": 17,
                                                              "ID": 18
                                                            }
                                                          ],
                                                          "parent": 12,
                                                          "ID": 17,
                                                          "left": 18
                                                        }
                                                      ],
                                                      "parent": 11,
                                                      "ID": 12,
                                                      "left": 13,
                                                      "right": 17
                                                    },
                                                    {
                                                      "Node Type": "Hash",
                                                      "Parent Relationship": "Inner",
                                                      "Parallel Aware": true,
                                                      "Async Capable": false,
                                                      "Startup Cost": 7495.25,
                                                      "Total Cost": 7495.25,
                                                      "Plan Rows": 2442,
                                                      "Plan Width": 4,
                                                      "Plans": [
                                                        {
                                                          "Node Type": "Seq Scan",
                                                          "Parent Relationship": "Outer",
                                                          "Parallel Aware": true,
                                                          "Async Capable": false,
                                                          "Relation Name": "item",
                                                          "Alias": "item",
                                                          "Startup Cost": 0.0,
                                                          "Total Cost": 7495.25,
                                                          "Plan Rows": 2442,
                                                          "Plan Width": 4,
                                                          "Filter": "(i_current_price > '50'::numeric)",
                                                          "parent": 19,
                                                          "ID": 20
                                                        }
                                                      ],
                                                      "parent": 11,
                                                      "ID": 19,
                                                      "left": 20
                                                    }
                                                  ],
                                                  "parent": 10,
                                                  "ID": 11,
                                                  "left": 12,
                                                  "right": 19
                                                },
                                                {
                                                  "Node Type": "Hash",
                                                  "Parent Relationship": "Inner",
                                                  "Parallel Aware": false,
                                                  "Async Capable": false,
                                                  "Startup Cost": 19.25,
                                                  "Total Cost": 19.25,
                                                  "Plan Rows": 492,
                                                  "Plan Width": 4,
                                                  "Plans": [
                                                    {
                                                      "Node Type": "Seq Scan",
                                                      "Parent Relationship": "Outer",
                                                      "Parallel Aware": false,
                                                      "Async Capable": false,
                                                      "Relation Name": "promotion",
                                                      "Alias": "promotion",
                                                      "Startup Cost": 0.0,
                                                      "Total Cost": 19.25,
                                                      "Plan Rows": 492,
                                                      "Plan Width": 4,
                                                      "Filter": "(p_channel_tv = 'N'::bpchar)",
                                                      "parent": 21,
                                                      "ID": 22
                                                    }
                                                  ],
                                                  "parent": 10,
                                                  "ID": 21,
                                                  "left": 22
                                                }
                                              ],
                                              "parent": 9,
                                              "ID": 10,
                                              "left": 11,
                                              "right": 21
                                            },
                                            {
                                              "Node Type": "Hash",
                                              "Parent Relationship": "Inner",
                                              "Parallel Aware": false,
                                              "Async Capable": false,
                                              "Startup Cost": 6.02,
                                              "Total Cost": 6.02,
                                              "Plan Rows": 102,
                                              "Plan Width": 21,
                                              "Plans": [
                                                {
                                                  "Node Type": "Seq Scan",
                                                  "Parent Relationship": "Outer",
                                                  "Parallel Aware": false,
                                                  "Async Capable": false,
                                                  "Relation Name": "store",
                                                  "Alias": "store",
                                                  "Startup Cost": 0.0,
                                                  "Total Cost": 6.02,
                                                  "Plan Rows": 102,
                                                  "Plan Width": 21,
                                                  "parent": 23,
                                                  "ID": 24
                                                }
                                              ],
                                              "parent": 9,
                                              "ID": 23,
                                              "left": 24
                                            }
                                          ],
                                          "parent": 8,
                                          "ID": 9,
                                          "left": 10,
                                          "right": 23
                                        }
                                      ],
                                      "parent": 7,
                                      "ID": 8,
                                      "left": 9
                                    }
                                  ],
                                  "parent": 6,
                                  "ID": 7,
                                  "left": 8
                                }
                              ],
                              "parent": 5,
                              "ID": 6,
                              "left": 7
                            }
                          ],
                          "parent": 4,
                          "ID": 5,
                          "left": 6
                        }
                      ],
                      "parent": 3,
                      "ID": 4,
                      "left": 5
                    },
                    {
                      "Node Type": "Subquery Scan",
                      "Parent Relationship": "Member",
                      "Parallel Aware": false,
                      "Async Capable": false,
                      "Alias": "csr",
                      "Startup Cost": 518174.1,
                      "Total Cost": 518225.66,
                      "Plan Rows": 329,
                      "Plan Width": 160,
                      "Plans": [
                        {
                          "Node Type": "Aggregate",
                          "Strategy": "Sorted",
                          "Partial Mode": "Finalize",
                          "Parent Relationship": "Subquery",
                          "Parallel Aware": false,
                          "Async Capable": false,
                          "Startup Cost": 518174.1,
                          "Total Cost": 518220.73,
                          "Plan Rows": 329,
                          "Plan Width": 113,
                          "Group Key": [
                            "catalog_page.cp_catalog_page_id"
                          ],
                          "Plans": [
                            {
                              "Node Type": "Gather Merge",
                              "Parent Relationship": "Outer",
                              "Parallel Aware": false,
                              "Async Capable": false,
                              "Startup Cost": 518174.1,
                              "Total Cost": 518210.18,
                              "Plan Rows": 274,
                              "Plan Width": 113,
                              "Workers Planned": 2,
                              "Plans": [
                                {
                                  "Node Type": "Aggregate",
                                  "Strategy": "Sorted",
                                  "Partial Mode": "Partial",
                                  "Parent Relationship": "Outer",
                                  "Parallel Aware": false,
                                  "Async Capable": false,
                                  "Startup Cost": 517174.07,
                                  "Total Cost": 517178.53,
                                  "Plan Rows": 137,
                                  "Plan Width": 113,
                                  "Group Key": [
                                    "catalog_page.cp_catalog_page_id"
                                  ],
                                  "Plans": [
                                    {
                                      "Node Type": "Sort",
                                      "Parent Relationship": "Outer",
                                      "Parallel Aware": false,
                                      "Async Capable": false,
                                      "Startup Cost": 517174.07,
                                      "Total Cost": 517174.42,
                                      "Plan Rows": 137,
                                      "Plan Width": 41,
                                      "Sort Key": [
                                        "catalog_page.cp_catalog_page_id"
                                      ],
                                      "Plans": [
                                        {
                                          "Node Type": "Hash Join",
                                          "Parent Relationship": "Outer",
                                          "Parallel Aware": false,
                                          "Async Capable": false,
                                          "Join Type": "Inner",
                                          "Startup Cost": 57382.33,
                                          "Total Cost": 517169.21,
                                          "Plan Rows": 137,
                                          "Plan Width": 41,
                                          "Inner Unique": false,
                                          "Hash Cond": "(catalog_sales.cs_catalog_page_sk = catalog_page.cp_catalog_page_sk)",
                                          "Plans": [
                                            {
                                              "Node Type": "Hash Join",
                                              "Parent Relationship": "Outer",
                                              "Parallel Aware": false,
                                              "Async Capable": false,
                                              "Join Type": "Inner",
                                              "Startup Cost": 56864.33,
                                              "Total Cost": 516649.32,
                                              "Plan Rows": 138,
                                              "Plan Width": 28,
                                              "Inner Unique": false,
                                              "Hash Cond": "(catalog_sales.cs_promo_sk = promotion_1.p_promo_sk)",
                                              "Plans": [
                                                {
                                                  "Node Type": "Hash Join",
                                                  "Parent Relationship": "Outer",
                                                  "Parallel Aware": true,
                                                  "Async Capable": false,
                                                  "Join Type": "Inner",
                                                  "Startup Cost": 56838.93,
                                                  "Total Cost": 516622.01,
                                                  "Plan Rows": 141,
                                                  "Plan Width": 32,
                                                  "Inner Unique": false,
                                                  "Hash Cond": "(catalog_sales.cs_item_sk = item_1.i_item_sk)",
                                                  "Plans": [
                                                    {
                                                      "Node Type": "Hash Join",
                                                      "Parent Relationship": "Outer",
                                                      "Parallel Aware": true,
                                                      "Async Capable": false,
                                                      "Join Type": "Left",
                                                      "Startup Cost": 49313.15,
                                                      "Total Cost": 509086.46,
                                                      "Plan Rows": 2450,
                                                      "Plan Width": 36,
                                                      "Inner Unique": false,
                                                      "Hash Cond": "((catalog_sales.cs_item_sk = catalog_returns.cr_item_sk) AND (catalog_sales.cs_order_number = catalog_returns.cr_order_number))",
                                                      "Plans": [
                                                        {
                                                          "Node Type": "Hash Join",
                                                          "Parent Relationship": "Outer",
                                                          "Parallel Aware": true,
                                                          "Async Capable": false,
                                                          "Join Type": "Inner",
                                                          "Startup Cost": 2049.78,
                                                          "Total Cost": 458254.7,
                                                          "Plan Rows": 2450,
                                                          "Plan Width": 28,
                                                          "Inner Unique": false,
                                                          "Hash Cond": "(catalog_sales.cs_sold_date_sk = date_dim_1.d_date_sk)",
                                                          "Plans": [
                                                            {
                                                              "Node Type": "Seq Scan",
                                                              "Parent Relationship": "Outer",
                                                              "Parallel Aware": true,
                                                              "Async Capable": false,
                                                              "Relation Name": "catalog_sales",
                                                              "Alias": "catalog_sales",
                                                              "Startup Cost": 0.0,
                                                              "Total Cost": 433688.25,
                                                              "Plan Rows": 6000525,
                                                              "Plan Width": 32,
                                                              "parent": 34,
                                                              "ID": 35
                                                            },
                                                            {
                                                              "Node Type": "Hash",
                                                              "Parent Relationship": "Inner",
                                                              "Parallel Aware": true,
                                                              "Async Capable": false,
                                                              "Startup Cost": 2049.55,
                                                              "Total Cost": 2049.55,
                                                              "Plan Rows": 18,
                                                              "Plan Width": 4,
                                                              "Plans": [
                                                                {
                                                                  "Node Type": "Seq Scan",
                                                                  "Parent Relationship": "Outer",
                                                                  "Parallel Aware": true,
                                                                  "Async Capable": false,
                                                                  "Relation Name": "date_dim",
                                                                  "Alias": "date_dim_1",
                                                                  "Startup Cost": 0.0,
                                                                  "Total Cost": 2049.55,
                                                                  "Plan Rows": 18,
                                                                  "Plan Width": 4,
                                                                  "Filter": "((d_date >= '1998-08-19'::date) AND (d_date <= '1998-09-18 00:00:00'::timestamp without time zone))",
                                                                  "parent": 36,
                                                                  "ID": 37
                                                                }
                                                              ],
                                                              "parent": 34,
                                                              "ID": 36,
                                                              "left": 37
                                                            }
                                                          ],
                                                          "parent": 33,
                                                          "ID": 34,
                                                          "left": 35,
                                                          "right": 36
                                                        },
                                                        {
                                                          "Node Type": "Hash",
                                                          "Parent Relationship": "Inner",
                                                          "Parallel Aware": true,
                                                          "Async Capable": false,
                                                          "Startup Cost": 34748.95,
                                                          "Total Cost": 34748.95,
                                                          "Plan Rows": 599895,
                                                          "Plan Width": 20,
                                                          "Plans": [
                                                            {
                                                              "Node Type": "Seq Scan",
                                                              "Parent Relationship": "Outer",
                                                              "Parallel Aware": true,
                                                              "Async Capable": false,
                                                              "Relation Name": "catalog_returns",
                                                              "Alias": "catalog_returns",
                                                              "Startup Cost": 0.0,
                                                              "Total Cost": 34748.95,
                                                              "Plan Rows": 599895,
                                                              "Plan Width": 20,
                                                              "parent": 38,
                                                              "ID": 39
                                                            }
                                                          ],
                                                          "parent": 33,
                                                          "ID": 38,
                                                          "left": 39
                                                        }
                                                      ],
                                                      "parent": 32,
                                                      "ID": 33,
                                                      "left": 34,
                                                      "right": 38
                                                    },
                                                    {
                                                      "Node Type": "Hash",
                                                      "Parent Relationship": "Inner",
                                                      "Parallel Aware": true,
                                                      "Async Capable": false,
                                                      "Startup Cost": 7495.25,
                                                      "Total Cost": 7495.25,
                                                      "Plan Rows": 2442,
                                                      "Plan Width": 4,
                                                      "Plans": [
                                                        {
                                                          "Node Type": "Seq Scan",
                                                          "Parent Relationship": "Outer",
                                                          "Parallel Aware": true,
                                                          "Async Capable": false,
                                                          "Relation Name": "item",
                                                          "Alias": "item_1",
                                                          "Startup Cost": 0.0,
                                                          "Total Cost": 7495.25,
                                                          "Plan Rows": 2442,
                                                          "Plan Width": 4,
                                                          "Filter": "(i_current_price > '50'::numeric)",
                                                          "parent": 40,
                                                          "ID": 41
                                                        }
                                                      ],
                                                      "parent": 32,
                                                      "ID": 40,
                                                      "left": 41
                                                    }
                                                  ],
                                                  "parent": 31,
                                                  "ID": 32,
                                                  "left": 33,
                                                  "right": 40
                                                },
                                                {
                                                  "Node Type": "Hash",
                                                  "Parent Relationship": "Inner",
                                                  "Parallel Aware": false,
                                                  "Async Capable": false,
                                                  "Startup Cost": 19.25,
                                                  "Total Cost": 19.25,
                                                  "Plan Rows": 492,
                                                  "Plan Width": 4,
                                                  "Plans": [
                                                    {
                                                      "Node Type": "Seq Scan",
                                                      "Parent Relationship": "Outer",
                                                      "Parallel Aware": false,
                                                      "Async Capable": false,
                                                      "Relation Name": "promotion",
                                                      "Alias": "promotion_1",
                                                      "Startup Cost": 0.0,
                                                      "Total Cost": 19.25,
                                                      "Plan Rows": 492,
                                                      "Plan Width": 4,
                                                      "Filter": "(p_channel_tv = 'N'::bpchar)",
                                                      "parent": 42,
                                                      "ID": 43
                                                    }
                                                  ],
                                                  "parent": 31,
                                                  "ID": 42,
                                                  "left": 43
                                                }
                                              ],
                                              "parent": 30,
                                              "ID": 31,
                                              "left": 32,
                                              "right": 42
                                            },
                                            {
                                              "Node Type": "Hash",
                                              "Parent Relationship": "Inner",
                                              "Parallel Aware": false,
                                              "Async Capable": false,
                                              "Startup Cost": 368.0,
                                              "Total Cost": 368.0,
                                              "Plan Rows": 12000,
                                              "Plan Width": 21,
                                              "Plans": [
                                                {
                                                  "Node Type": "Seq Scan",
                                                  "Parent Relationship": "Outer",
                                                  "Parallel Aware": false,
                                                  "Async Capable": false,
                                                  "Relation Name": "catalog_page",
                                                  "Alias": "catalog_page",
                                                  "Startup Cost": 0.0,
                                                  "Total Cost": 368.0,
                                                  "Plan Rows": 12000,
                                                  "Plan Width": 21,
                                                  "parent": 44,
                                                  "ID": 45
                                                }
                                              ],
                                              "parent": 30,
                                              "ID": 44,
                                              "left": 45
                                            }
                                          ],
                                          "parent": 29,
                                          "ID": 30,
                                          "left": 31,
                                          "right": 44
                                        }
                                      ],
                                      "parent": 28,
                                      "ID": 29,
                                      "left": 30
                                    }
                                  ],
                                  "parent": 27,
                                  "ID": 28,
                                  "left": 29
                                }
                              ],
                              "parent": 26,
                              "ID": 27,
                              "left": 28
                            }
                          ],
                          "parent": 25,
                          "ID": 26,
                          "left": 27
                        }
                      ],
                      "parent": 3,
                      "ID": 25,
                      "left": 26
                    },
                    {
                      "Node Type": "Subquery Scan",
                      "Parent Relationship": "Member",
                      "Parallel Aware": false,
                      "Async Capable": false,
                      "Alias": "wsr",
                      "Startup Cost": 263918.43,
                      "Total Cost": 263926.12,
                      "Plan Rows": 21,
                      "Plan Width": 160,
                      "Plans": [
                        {
                          "Node Type": "Aggregate",
                          "Strategy": "Sorted",
                          "Partial Mode": "Finalize",
                          "Parent Relationship": "Subquery",
                          "Parallel Aware": false,
                          "Async Capable": false,
                          "Startup Cost": 263918.43,
                          "Total Cost": 263925.8,
                          "Plan Rows": 21,
                          "Plan Width": 113,
                          "Group Key": [
                            "web_site.web_site_id"
                          ],
                          "Plans": [
                            {
                              "Node Type": "Gather Merge",
                              "Parent Relationship": "Outer",
                              "Parallel Aware": false,
                              "Async Capable": false,
                              "Startup Cost": 263918.43,
                              "Total Cost": 263924.7,
                              "Plan Rows": 42,
                              "Plan Width": 113,
                              "Workers Planned": 2,
                              "Plans": [
                                {
                                  "Node Type": "Aggregate",
                                  "Strategy": "Sorted",
                                  "Partial Mode": "Partial",
                                  "Parent Relationship": "Outer",
                                  "Parallel Aware": false,
                                  "Async Capable": false,
                                  "Startup Cost": 262918.41,
                                  "Total Cost": 262919.83,
                                  "Plan Rows": 21,
                                  "Plan Width": 113,
                                  "Group Key": [
                                    "web_site.web_site_id"
                                  ],
                                  "Plans": [
                                    {
                                      "Node Type": "Sort",
                                      "Parent Relationship": "Outer",
                                      "Parallel Aware": false,
                                      "Async Capable": false,
                                      "Startup Cost": 262918.41,
                                      "Total Cost": 262918.59,
                                      "Plan Rows": 70,
                                      "Plan Width": 41,
                                      "Sort Key": [
                                        "web_site.web_site_id"
                                      ],
                                      "Plans": [
                                        {
                                          "Node Type": "Hash Join",
                                          "Parent Relationship": "Outer",
                                          "Parallel Aware": false,
                                          "Async Capable": false,
                                          "Join Type": "Inner",
                                          "Startup Cost": 32134.74,
                                          "Total Cost": 262916.27,
                                          "Plan Rows": 70,
                                          "Plan Width": 41,
                                          "Inner Unique": false,
                                          "Hash Cond": "(web_sales.ws_web_site_sk = web_site.web_site_sk)",
                                          "Plans": [
                                            {
                                              "Node Type": "Hash Join",
                                              "Parent Relationship": "Outer",
                                              "Parallel Aware": false,
                                              "Async Capable": false,
                                              "Join Type": "Inner",
                                              "Startup Cost": 32130.8,
                                              "Total Cost": 262911.36,
                                              "Plan Rows": 70,
                                              "Plan Width": 28,
                                              "Inner Unique": false,
                                              "Hash Cond": "(web_sales.ws_promo_sk = promotion_2.p_promo_sk)",
                                              "Plans": [
                                                {
                                                  "Node Type": "Hash Join",
                                                  "Parent Relationship": "Outer",
                                                  "Parallel Aware": true,
                                                  "Async Capable": false,
                                                  "Join Type": "Inner",
                                                  "Startup Cost": 32105.4,
                                                  "Total Cost": 262884.99,
                                                  "Plan Rows": 71,
                                                  "Plan Width": 32,
                                                  "Inner Unique": false,
                                                  "Hash Cond": "(web_sales.ws_item_sk = item_2.i_item_sk)",
                                                  "Plans": [
                                                    {
                                                      "Node Type": "Hash Join",
                                                      "Parent Relationship": "Outer",
                                                      "Parallel Aware": true,
                                                      "Async Capable": false,
                                                      "Join Type": "Left",
                                                      "Startup Cost": 24579.62,
                                                      "Total Cost": 255354.31,
                                                      "Plan Rows": 1231,
                                                      "Plan Width": 36,
                                                      "Inner Unique": false,
                                                      "Hash Cond": "((web_sales.ws_item_sk = web_returns.wr_item_sk) AND (web_sales.ws_order_number = web_returns.wr_order_number))",
                                                      "Plans": [
                                                        {
                                                          "Node Type": "Hash Join",
                                                          "Parent Relationship": "Outer",
                                                          "Parallel Aware": true,
                                                          "Async Capable": false,
                                                          "Join Type": "Inner",
                                                          "Startup Cost": 2049.78,
                                                          "Total Cost": 231041.22,
                                                          "Plan Rows": 1231,
                                                          "Plan Width": 28,
                                                          "Inner Unique": false,
                                                          "Hash Cond": "(web_sales.ws_sold_date_sk = date_dim_2.d_date_sk)",
                                                          "Plans": [
                                                            {
                                                              "Node Type": "Seq Scan",
                                                              "Parent Relationship": "Outer",
                                                              "Parallel Aware": true,
                                                              "Async Capable": false,
                                                              "Relation Name": "web_sales",
                                                              "Alias": "web_sales",
                                                              "Startup Cost": 0.0,
                                                              "Total Cost": 217737.86,
                                                              "Plan Rows": 2998986,
                                                              "Plan Width": 32,
                                                              "parent": 55,
                                                              "ID": 56
                                                            },
                                                            {
                                                              "Node Type": "Hash",
                                                              "Parent Relationship": "Inner",
                                                              "Parallel Aware": true,
                                                              "Async Capable": false,
                                                              "Startup Cost": 2049.55,
                                                              "Total Cost": 2049.55,
                                                              "Plan Rows": 18,
                                                              "Plan Width": 4,
                                                              "Plans": [
                                                                {
                                                                  "Node Type": "Seq Scan",
                                                                  "Parent Relationship": "Outer",
                                                                  "Parallel Aware": true,
                                                                  "Async Capable": false,
                                                                  "Relation Name": "date_dim",
                                                                  "Alias": "date_dim_2",
                                                                  "Startup Cost": 0.0,
                                                                  "Total Cost": 2049.55,
                                                                  "Plan Rows": 18,
                                                                  "Plan Width": 4,
                                                                  "Filter": "((d_date >= '1998-08-19'::date) AND (d_date <= '1998-09-18 00:00:00'::timestamp without time zone))",
                                                                  "parent": 57,
                                                                  "ID": 58
                                                                }
                                                              ],
                                                              "parent": 55,
                                                              "ID": 57,
                                                              "left": 58
                                                            }
                                                          ],
                                                          "parent": 54,
                                                          "ID": 55,
                                                          "left": 56,
                                                          "right": 57
                                                        },
                                                        {
                                                          "Node Type": "Hash",
                                                          "Parent Relationship": "Inner",
                                                          "Parallel Aware": true,
                                                          "Async Capable": false,
                                                          "Startup Cost": 16278.74,
                                                          "Total Cost": 16278.74,
                                                          "Plan Rows": 299674,
                                                          "Plan Width": 20,
                                                          "Plans": [
                                                            {
                                                              "Node Type": "Seq Scan",
                                                              "Parent Relationship": "Outer",
                                                              "Parallel Aware": true,
                                                              "Async Capable": false,
                                                              "Relation Name": "web_returns",
                                                              "Alias": "web_returns",
                                                              "Startup Cost": 0.0,
                                                              "Total Cost": 16278.74,
                                                              "Plan Rows": 299674,
                                                              "Plan Width": 20,
                                                              "parent": 59,
                                                              "ID": 60
                                                            }
                                                          ],
                                                          "parent": 54,
                                                          "ID": 59,
                                                          "left": 60
                                                        }
                                                      ],
                                                      "parent": 53,
                                                      "ID": 54,
                                                      "left": 55,
                                                      "right": 59
                                                    },
                                                    {
                                                      "Node Type": "Hash",
                                                      "Parent Relationship": "Inner",
                                                      "Parallel Aware": true,
                                                      "Async Capable": false,
                                                      "Startup Cost": 7495.25,
                                                      "Total Cost": 7495.25,
                                                      "Plan Rows": 2442,
                                                      "Plan Width": 4,
                                                      "Plans": [
                                                        {
                                                          "Node Type": "Seq Scan",
                                                          "Parent Relationship": "Outer",
                                                          "Parallel Aware": true,
                                                          "Async Capable": false,
                                                          "Relation Name": "item",
                                                          "Alias": "item_2",
                                                          "Startup Cost": 0.0,
                                                          "Total Cost": 7495.25,
                                                          "Plan Rows": 2442,
                                                          "Plan Width": 4,
                                                          "Filter": "(i_current_price > '50'::numeric)",
                                                          "parent": 61,
                                                          "ID": 62
                                                        }
                                                      ],
                                                      "parent": 53,
                                                      "ID": 61,
                                                      "left": 62
                                                    }
                                                  ],
                                                  "parent": 52,
                                                  "ID": 53,
                                                  "left": 54,
                                                  "right": 61
                                                },
                                                {
                                                  "Node Type": "Hash",
                                                  "Parent Relationship": "Inner",
                                                  "Parallel Aware": false,
                                                  "Async Capable": false,
                                                  "Startup Cost": 19.25,
                                                  "Total Cost": 19.25,
                                                  "Plan Rows": 492,
                                                  "Plan Width": 4,
                                                  "Plans": [
                                                    {
                                                      "Node Type": "Seq Scan",
                                                      "Parent Relationship": "Outer",
                                                      "Parallel Aware": false,
                                                      "Async Capable": false,
                                                      "Relation Name": "promotion",
                                                      "Alias": "promotion_2",
                                                      "Startup Cost": 0.0,
                                                      "Total Cost": 19.25,
                                                      "Plan Rows": 492,
                                                      "Plan Width": 4,
                                                      "Filter": "(p_channel_tv = 'N'::bpchar)",
                                                      "parent": 63,
                                                      "ID": 64
                                                    }
                                                  ],
                                                  "parent": 52,
                                                  "ID": 63,
                                                  "left": 64
                                                }
                                              ],
                                              "parent": 51,
                                              "ID": 52,
                                              "left": 53,
                                              "right": 63
                                            },
                                            {
                                              "Node Type": "Hash",
                                              "Parent Relationship": "Inner",
                                              "Parallel Aware": false,
                                              "Async Capable": false,
                                              "Startup Cost": 3.42,
                                              "Total Cost": 3.42,
                                              "Plan Rows": 42,
                                              "Plan Width": 21,
                                              "Plans": [
                                                {
                                                  "Node Type": "Seq Scan",
                                                  "Parent Relationship": "Outer",
                                                  "Parallel Aware": false,
                                                  "Async Capable": false,
                                                  "Relation Name": "web_site",
                                                  "Alias": "web_site",
                                                  "Startup Cost": 0.0,
                                                  "Total Cost": 3.42,
                                                  "Plan Rows": 42,
                                                  "Plan Width": 21,
                                                  "parent": 65,
                                                  "ID": 66
                                                }
                                              ],
                                              "parent": 51,
                                              "ID": 65,
                                              "left": 66
                                            }
                                          ],
                                          "parent": 50,
                                          "ID": 51,
                                          "left": 52,
                                          "right": 65
                                        }
                                      ],
                                      "parent": 49,
                                      "ID": 50,
                                      "left": 51
                                    }
                                  ],
                                  "parent": 48,
                                  "ID": 49,
                                  "left": 50
                                }
                              ],
                              "parent": 47,
                              "ID": 48,
                              "left": 49
                            }
                          ],
                          "parent": 46,
                          "ID": 47,
                          "left": 48
                        }
                      ],
                      "parent": 3,
                      "ID": 46,
                      "left": 47
                    }
                  ],
                  "parent": 2,
                  "ID": 3,
                  "left": 4,
                  "right": 25
                }
              ],
              "parent": 1,
              "ID": 2,
              "left": 3
            }
          ],
          "parent": 0,
          "ID": 1,
          "left": 2
        }
      ],
      "parent": null,
      "ID": 0,
      "left": 1
    },
    "feat": {
      "utility": 2.0850991363880194e-06,
      "query_shape": [
        [
          "Seq Scan",
          "Hash Join",
          "Sort",
          "Aggregate",
          "Gather Merge",
          "Subquery Scan",
          "Append"
        ],
        [
          "Seq Scan",
          "Hash",
          "Hash Join",
          "Sort",
          "Aggregate",
          "Gather Merge",
          "Subquery Scan",
          "Append"
        ],
        [
          "Seq Scan",
          "Hash",
          "Hash Join",
          "Sort",
          "Aggregate",
          "Gather Merge",
          "Subquery Scan",
          "Append"
        ],
        [
          "Seq Scan",
          "Hash",
          "Hash Join",
          "Sort",
          "Aggregate",
          "Gather Merge",
          "Subquery Scan",
          "Append"
        ],
        [
          "Seq Scan",
          "Hash",
          "Hash Join",
          "Sort",
          "Aggregate",
          "Gather Merge",
          "Subquery Scan",
          "Append"
        ],
        [
          "Seq Scan",
          "Hash",
          "Hash Join",
          "Sort",
          "Aggregate",
          "Gather Merge",
          "Subquery Scan",
          "Append"
        ],
        [
          "Seq Scan",
          "Hash Join",
          "Sort",
          "Aggregate",
          "Gather Merge",
          "Subquery Scan",
          "Append"
        ],
        [
          "Seq Scan",
          "Hash",
          "Hash Join",
          "Sort",
          "Aggregate",
          "Gather Merge",
          "Subquery Scan",
          "Append"
        ],
        [
          "Seq Scan",
          "Hash",
          "Hash Join",
          "Sort",
          "Aggregate",
          "Gather Merge",
          "Subquery Scan",
          "Append"
        ],
        [
          "Seq Scan",
          "Hash",
          "Hash Join",
          "Sort",
          "Aggregate",
          "Gather Merge",
          "Subquery Scan",
          "Append"
        ],
        [
          "Seq Scan",
          "Hash",
          "Hash Join",
          "Sort",
          "Aggregate",
          "Gather Merge",
          "Subquery Scan",
          "Append"
        ],
        [
          "Seq Scan",
          "Hash",
          "Hash Join",
          "Sort",
          "Aggregate",
          "Gather Merge",
          "Subquery Scan",
          "Append"
        ],
        [
          "Seq Scan",
          "Hash Join",
          "Sort",
          "Aggregate",
          "Gather Merge",
          "Subquery Scan",
          "Append"
        ],
        [
          "Seq Scan",
          "Hash",
          "Hash Join",
          "Sort",
          "Aggregate",
          "Gather Merge",
          "Subquery Scan",
          "Append"
        ],
        [
          "Seq Scan",
          "Hash",
          "Hash Join",
          "Sort",
          "Aggregate",
          "Gather Merge",
          "Subquery Scan",
          "Append"
        ],
        [
          "Seq Scan",
          "Hash",
          "Hash Join",
          "Sort",
          "Aggregate",
          "Gather Merge",
          "Subquery Scan",
          "Append"
        ],
        [
          "Seq Scan",
          "Hash",
          "Hash Join",
          "Sort",
          "Aggregate",
          "Gather Merge",
          "Subquery Scan",
          "Append"
        ],
        [
          "Seq Scan",
          "Hash",
          "Hash Join",
          "Sort",
          "Aggregate",
          "Gather Merge",
          "Subquery Scan",
          "Append"
        ]
      ],
      "index_shape": [
        "join"
      ],
      "physical_operator": {
        "Hash Join": [
          0.04476486656262256
        ]
      }
    }
  },
  {
    "query": "with ssr as\n (select  s_store_id as store_id,\n          sum(ss_ext_sales_price) as sales,\n          sum(coalesce(sr_return_amt, 0)) as returns,\n          sum(ss_net_profit - coalesce(sr_net_loss, 0)) as profit\n  from store_sales left outer join store_returns on\n         (ss_item_sk = sr_item_sk and ss_ticket_number = sr_ticket_number),\n     date_dim,\n     store,\n     item,\n     promotion\n where ss_sold_date_sk = d_date_sk\n       and d_date between cast('1998-08-19' as date) \n                  and (cast('1998-08-19' as date) +  interval '30 days')\n       and ss_store_sk = s_store_sk\n       and ss_item_sk = i_item_sk\n       and i_current_price > 50\n       and ss_promo_sk = p_promo_sk\n       and p_channel_tv = 'N'\n group by s_store_id)\n ,\n csr as\n (select  cp_catalog_page_id as catalog_page_id,\n          sum(cs_ext_sales_price) as sales,\n          sum(coalesce(cr_return_amount, 0)) as returns,\n          sum(cs_net_profit - coalesce(cr_net_loss, 0)) as profit\n  from catalog_sales left outer join catalog_returns on\n         (cs_item_sk = cr_item_sk and cs_order_number = cr_order_number),\n     date_dim,\n     catalog_page,\n     item,\n     promotion\n where cs_sold_date_sk = d_date_sk\n       and d_date between cast('1998-08-19' as date)\n                  and (cast('1998-08-19' as date) +  interval '30 days')\n        and cs_catalog_page_sk = cp_catalog_page_sk\n       and cs_item_sk = i_item_sk\n       and i_current_price > 50\n       and cs_promo_sk = p_promo_sk\n       and p_channel_tv = 'N'\ngroup by cp_catalog_page_id)\n ,\n wsr as\n (select  web_site_id,\n          sum(ws_ext_sales_price) as sales,\n          sum(coalesce(wr_return_amt, 0)) as returns,\n          sum(ws_net_profit - coalesce(wr_net_loss, 0)) as profit\n  from web_sales left outer join web_returns on\n         (ws_item_sk = wr_item_sk and ws_order_number = wr_order_number),\n     date_dim,\n     web_site,\n     item,\n     promotion\n where ws_sold_date_sk = d_date_sk\n       and d_date between cast('1998-08-19' as date)\n                  and (cast('1998-08-19' as date) +  interval '30 days')\n        and ws_web_site_sk = web_site_sk\n       and ws_item_sk = i_item_sk\n       and i_current_price > 50\n       and ws_promo_sk = p_promo_sk\n       and p_channel_tv = 'N'\ngroup by web_site_id)\n  select  channel\n        , id\n        , sum(sales) as sales\n        , sum(returns) as returns\n        , sum(profit) as profit\n from \n (select 'store channel' as channel\n        , 'store' || store_id as id\n        , sales\n        , returns\n        , profit\n from   ssr\n union all\n select 'catalog channel' as channel\n        , 'catalog_page' || catalog_page_id as id\n        , sales\n        , returns\n        , profit\n from  csr\n union all\n select 'web channel' as channel\n        , 'web_site' || web_site_id as id\n        , sales\n        , returns\n        , profit\n from   wsr\n ) x\n group by rollup (channel, id)\n order by channel\n         ,id\n limit 100;\n\n-- end query 61 in stream 0 using template query80.tpl\n",
    "indexes": "web_sales.ws_order_number",
    "wo plan est": {
      "Node Type": "Limit",
      "Parallel Aware": false,
      "Async Capable": false,
      "Startup Cost": 1566782.76,
      "Total Cost": 1566786.01,
      "Plan Rows": 100,
      "Plan Width": 160,
      "Plans": [
        {
          "Node Type": "Aggregate",
          "Strategy": "Sorted",
          "Partial Mode": "Simple",
          "Parent Relationship": "Outer",
          "Parallel Aware": false,
          "Async Capable": false,
          "Startup Cost": 1566782.76,
          "Total Cost": 1566795.8,
          "Plan Rows": 401,
          "Plan Width": 160,
          "Grouping Sets": [
            {
              "Group Keys": [
                [
                  "('store channel'::text)",
                  "(('store'::text || (ssr.store_id)::text))"
                ],
                [
                  "('store channel'::text)"
                ],
                []
              ]
            }
          ],
          "Plans": [
            {
              "Node Type": "Sort",
              "Parent Relationship": "Outer",
              "Parallel Aware": false,
              "Async Capable": false,
              "Startup Cost": 1566782.76,
              "Total Cost": 1566783.77,
              "Plan Rows": 401,
              "Plan Width": 160,
              "Sort Key": [
                "('store channel'::text)",
                "(('store'::text || (ssr.store_id)::text))"
              ],
              "Plans": [
                {
                  "Node Type": "Append",
                  "Parent Relationship": "Outer",
                  "Parallel Aware": false,
                  "Async Capable": false,
                  "Startup Cost": 784591.9,
                  "Total Cost": 1566765.43,
                  "Plan Rows": 401,
                  "Plan Width": 160,
                  "Subplans Removed": 0,
                  "Plans": [
                    {
                      "Node Type": "Subquery Scan",
                      "Parent Relationship": "Member",
                      "Parallel Aware": false,
                      "Async Capable": false,
                      "Alias": "ssr",
                      "Startup Cost": 784591.9,
                      "Total Cost": 784611.64,
                      "Plan Rows": 51,
                      "Plan Width": 160,
                      "Plans": [
                        {
                          "Node Type": "Aggregate",
                          "Strategy": "Sorted",
                          "Partial Mode": "Finalize",
                          "Parent Relationship": "Subquery",
                          "Parallel Aware": false,
                          "Async Capable": false,
                          "Startup Cost": 784591.9,
                          "Total Cost": 784610.87,
                          "Plan Rows": 51,
                          "Plan Width": 113,
                          "Group Key": [
                            "store.s_store_id"
                          ],
                          "Plans": [
                            {
                              "Node Type": "Gather Merge",
                              "Parent Relationship": "Outer",
                              "Parallel Aware": false,
                              "Async Capable": false,
                              "Startup Cost": 784591.9,
                              "Total Cost": 784608.2,
                              "Plan Rows": 102,
                              "Plan Width": 113,
                              "Workers Planned": 2,
                              "Plans": [
                                {
                                  "Node Type": "Aggregate",
                                  "Strategy": "Sorted",
                                  "Partial Mode": "Partial",
                                  "Parent Relationship": "Outer",
                                  "Parallel Aware": false,
                                  "Async Capable": false,
                                  "Startup Cost": 783591.88,
                                  "Total Cost": 783596.4,
                                  "Plan Rows": 51,
                                  "Plan Width": 113,
                                  "Group Key": [
                                    "store.s_store_id"
                                  ],
                                  "Plans": [
                                    {
                                      "Node Type": "Sort",
                                      "Parent Relationship": "Outer",
                                      "Parallel Aware": false,
                                      "Async Capable": false,
                                      "Startup Cost": 783591.88,
                                      "Total Cost": 783592.48,
                                      "Plan Rows": 242,
                                      "Plan Width": 41,
                                      "Sort Key": [
                                        "store.s_store_id"
                                      ],
                                      "Plans": [
                                        {
                                          "Node Type": "Hash Join",
                                          "Parent Relationship": "Outer",
                                          "Parallel Aware": false,
                                          "Async Capable": false,
                                          "Join Type": "Inner",
                                          "Startup Cost": 94489.35,
                                          "Total Cost": 783582.3,
                                          "Plan Rows": 242,
                                          "Plan Width": 41,
                                          "Inner Unique": false,
                                          "Hash Cond": "(store_sales.ss_store_sk = store.s_store_sk)",
                                          "Plans": [
                                            {
                                              "Node Type": "Hash Join",
                                              "Parent Relationship": "Outer",
                                              "Parallel Aware": false,
                                              "Async Capable": false,
                                              "Join Type": "Inner",
                                              "Startup Cost": 94482.05,
                                              "Total Cost": 783571.63,
                                              "Plan Rows": 254,
                                              "Plan Width": 28,
                                              "Inner Unique": false,
                                              "Hash Cond": "(store_sales.ss_promo_sk = promotion.p_promo_sk)",
                                              "Plans": [
                                                {
                                                  "Node Type": "Hash Join",
                                                  "Parent Relationship": "Outer",
                                                  "Parallel Aware": true,
                                                  "Async Capable": false,
                                                  "Join Type": "Inner",
                                                  "Startup Cost": 94456.65,
                                                  "Total Cost": 783542.68,
                                                  "Plan Rows": 270,
                                                  "Plan Width": 32,
                                                  "Inner Unique": false,
                                                  "Hash Cond": "(store_sales.ss_item_sk = item.i_item_sk)",
                                                  "Plans": [
                                                    {
                                                      "Node Type": "Hash Join",
                                                      "Parent Relationship": "Outer",
                                                      "Parallel Aware": true,
                                                      "Async Capable": false,
                                                      "Join Type": "Left",
                                                      "Startup Cost": 86930.88,
                                                      "Total Cost": 775998.13,
                                                      "Plan Rows": 4703,
                                                      "Plan Width": 36,
                                                      "Inner Unique": false,
                                                      "Hash Cond": "((store_sales.ss_item_sk = store_returns.sr_item_sk) AND (store_sales.ss_ticket_number = store_returns.sr_ticket_number))",
                                                      "Plans": [
                                                        {
                                                          "Node Type": "Hash Join",
                                                          "Parent Relationship": "Outer",
                                                          "Parallel Aware": true,
                                                          "Async Capable": false,
                                                          "Join Type": "Inner",
                                                          "Startup Cost": 2049.78,
                                                          "Total Cost": 683994.75,
                                                          "Plan Rows": 4703,
                                                          "Plan Width": 28,
                                                          "Inner Unique": false,
                                                          "Hash Cond": "(store_sales.ss_sold_date_sk = date_dim.d_date_sk)",
                                                          "Plans": [
                                                            {
                                                              "Node Type": "Seq Scan",
                                                              "Parent Relationship": "Outer",
                                                              "Parallel Aware": true,
                                                              "Async Capable": false,
                                                              "Relation Name": "store_sales",
                                                              "Alias": "store_sales",
                                                              "Startup Cost": 0.0,
                                                              "Total Cost": 636914.37,
                                                              "Plan Rows": 12000637,
                                                              "Plan Width": 32,
                                                              "parent": 13,
                                                              "ID": 14
                                                            },
                                                            {
                                                              "Node Type": "Hash",
                                                              "Parent Relationship": "Inner",
                                                              "Parallel Aware": true,
                                                              "Async Capable": false,
                                                              "Startup Cost": 2049.55,
                                                              "Total Cost": 2049.55,
                                                              "Plan Rows": 18,
                                                              "Plan Width": 4,
                                                              "Plans": [
                                                                {
                                                                  "Node Type": "Seq Scan",
                                                                  "Parent Relationship": "Outer",
                                                                  "Parallel Aware": true,
                                                                  "Async Capable": false,
                                                                  "Relation Name": "date_dim",
                                                                  "Alias": "date_dim",
                                                                  "Startup Cost": 0.0,
                                                                  "Total Cost": 2049.55,
                                                                  "Plan Rows": 18,
                                                                  "Plan Width": 4,
                                                                  "Filter": "((d_date >= '1998-08-19'::date) AND (d_date <= '1998-09-18 00:00:00'::timestamp without time zone))",
                                                                  "parent": 15,
                                                                  "ID": 16
                                                                }
                                                              ],
                                                              "parent": 13,
                                                              "ID": 15,
                                                              "left": 16
                                                            }
                                                          ],
                                                          "parent": 12,
                                                          "ID": 13,
                                                          "left": 14,
                                                          "right": 15
                                                        },
                                                        {
                                                          "Node Type": "Hash",
                                                          "Parent Relationship": "Inner",
                                                          "Parallel Aware": true,
                                                          "Async Capable": false,
                                                          "Startup Cost": 59887.64,
                                                          "Total Cost": 59887.64,
                                                          "Plan Rows": 1198164,
                                                          "Plan Width": 20,
                                                          "Plans": [
                                                            {
                                                              "Node Type": "Seq Scan",
                                                              "Parent Relationship": "Outer",
                                                              "Parallel Aware": true,
                                                              "Async Capable": false,
                                                              "Relation Name": "store_returns",
                                                              "Alias": "store_returns",
                                                              "Startup Cost": 0.0,
                                                              "Total Cost": 59887.64,
                                                              "Plan Rows": 1198164,
                                                              "Plan Width": 20,
                                                              "parent": 17,
                                                              "ID": 18
                                                            }
                                                          ],
                                                          "parent": 12,
                                                          "ID": 17,
                                                          "left": 18
                                                        }
                                                      ],
                                                      "parent": 11,
                                                      "ID": 12,
                                                      "left": 13,
                                                      "right": 17
                                                    },
                                                    {
                                                      "Node Type": "Hash",
                                                      "Parent Relationship": "Inner",
                                                      "Parallel Aware": true,
                                                      "Async Capable": false,
                                                      "Startup Cost": 7495.25,
                                                      "Total Cost": 7495.25,
                                                      "Plan Rows": 2442,
                                                      "Plan Width": 4,
                                                      "Plans": [
                                                        {
                                                          "Node Type": "Seq Scan",
                                                          "Parent Relationship": "Outer",
                                                          "Parallel Aware": true,
                                                          "Async Capable": false,
                                                          "Relation Name": "item",
                                                          "Alias": "item",
                                                          "Startup Cost": 0.0,
                                                          "Total Cost": 7495.25,
                                                          "Plan Rows": 2442,
                                                          "Plan Width": 4,
                                                          "Filter": "(i_current_price > '50'::numeric)",
                                                          "parent": 19,
                                                          "ID": 20
                                                        }
                                                      ],
                                                      "parent": 11,
                                                      "ID": 19,
                                                      "left": 20
                                                    }
                                                  ],
                                                  "parent": 10,
                                                  "ID": 11,
                                                  "left": 12,
                                                  "right": 19
                                                },
                                                {
                                                  "Node Type": "Hash",
                                                  "Parent Relationship": "Inner",
                                                  "Parallel Aware": false,
                                                  "Async Capable": false,
                                                  "Startup Cost": 19.25,
                                                  "Total Cost": 19.25,
                                                  "Plan Rows": 492,
                                                  "Plan Width": 4,
                                                  "Plans": [
                                                    {
                                                      "Node Type": "Seq Scan",
                                                      "Parent Relationship": "Outer",
                                                      "Parallel Aware": false,
                                                      "Async Capable": false,
                                                      "Relation Name": "promotion",
                                                      "Alias": "promotion",
                                                      "Startup Cost": 0.0,
                                                      "Total Cost": 19.25,
                                                      "Plan Rows": 492,
                                                      "Plan Width": 4,
                                                      "Filter": "(p_channel_tv = 'N'::bpchar)",
                                                      "parent": 21,
                                                      "ID": 22
                                                    }
                                                  ],
                                                  "parent": 10,
                                                  "ID": 21,
                                                  "left": 22
                                                }
                                              ],
                                              "parent": 9,
                                              "ID": 10,
                                              "left": 11,
                                              "right": 21
                                            },
                                            {
                                              "Node Type": "Hash",
                                              "Parent Relationship": "Inner",
                                              "Parallel Aware": false,
                                              "Async Capable": false,
                                              "Startup Cost": 6.02,
                                              "Total Cost": 6.02,
                                              "Plan Rows": 102,
                                              "Plan Width": 21,
                                              "Plans": [
                                                {
                                                  "Node Type": "Seq Scan",
                                                  "Parent Relationship": "Outer",
                                                  "Parallel Aware": false,
                                                  "Async Capable": false,
                                                  "Relation Name": "store",
                                                  "Alias": "store",
                                                  "Startup Cost": 0.0,
                                                  "Total Cost": 6.02,
                                                  "Plan Rows": 102,
                                                  "Plan Width": 21,
                                                  "parent": 23,
                                                  "ID": 24
                                                }
                                              ],
                                              "parent": 9,
                                              "ID": 23,
                                              "left": 24
                                            }
                                          ],
                                          "parent": 8,
                                          "ID": 9,
                                          "left": 10,
                                          "right": 23
                                        }
                                      ],
                                      "parent": 7,
                                      "ID": 8,
                                      "left": 9
                                    }
                                  ],
                                  "parent": 6,
                                  "ID": 7,
                                  "left": 8
                                }
                              ],
                              "parent": 5,
                              "ID": 6,
                              "left": 7
                            }
                          ],
                          "parent": 4,
                          "ID": 5,
                          "left": 6
                        }
                      ],
                      "parent": 3,
                      "ID": 4,
                      "left": 5
                    },
                    {
                      "Node Type": "Subquery Scan",
                      "Parent Relationship": "Member",
                      "Parallel Aware": false,
                      "Async Capable": false,
                      "Alias": "csr",
                      "Startup Cost": 518174.1,
                      "Total Cost": 518225.66,
                      "Plan Rows": 329,
                      "Plan Width": 160,
                      "Plans": [
                        {
                          "Node Type": "Aggregate",
                          "Strategy": "Sorted",
                          "Partial Mode": "Finalize",
                          "Parent Relationship": "Subquery",
                          "Parallel Aware": false,
                          "Async Capable": false,
                          "Startup Cost": 518174.1,
                          "Total Cost": 518220.73,
                          "Plan Rows": 329,
                          "Plan Width": 113,
                          "Group Key": [
                            "catalog_page.cp_catalog_page_id"
                          ],
                          "Plans": [
                            {
                              "Node Type": "Gather Merge",
                              "Parent Relationship": "Outer",
                              "Parallel Aware": false,
                              "Async Capable": false,
                              "Startup Cost": 518174.1,
                              "Total Cost": 518210.18,
                              "Plan Rows": 274,
                              "Plan Width": 113,
                              "Workers Planned": 2,
                              "Plans": [
                                {
                                  "Node Type": "Aggregate",
                                  "Strategy": "Sorted",
                                  "Partial Mode": "Partial",
                                  "Parent Relationship": "Outer",
                                  "Parallel Aware": false,
                                  "Async Capable": false,
                                  "Startup Cost": 517174.07,
                                  "Total Cost": 517178.53,
                                  "Plan Rows": 137,
                                  "Plan Width": 113,
                                  "Group Key": [
                                    "catalog_page.cp_catalog_page_id"
                                  ],
                                  "Plans": [
                                    {
                                      "Node Type": "Sort",
                                      "Parent Relationship": "Outer",
                                      "Parallel Aware": false,
                                      "Async Capable": false,
                                      "Startup Cost": 517174.07,
                                      "Total Cost": 517174.42,
                                      "Plan Rows": 137,
                                      "Plan Width": 41,
                                      "Sort Key": [
                                        "catalog_page.cp_catalog_page_id"
                                      ],
                                      "Plans": [
                                        {
                                          "Node Type": "Hash Join",
                                          "Parent Relationship": "Outer",
                                          "Parallel Aware": false,
                                          "Async Capable": false,
                                          "Join Type": "Inner",
                                          "Startup Cost": 57382.33,
                                          "Total Cost": 517169.21,
                                          "Plan Rows": 137,
                                          "Plan Width": 41,
                                          "Inner Unique": false,
                                          "Hash Cond": "(catalog_sales.cs_catalog_page_sk = catalog_page.cp_catalog_page_sk)",
                                          "Plans": [
                                            {
                                              "Node Type": "Hash Join",
                                              "Parent Relationship": "Outer",
                                              "Parallel Aware": false,
                                              "Async Capable": false,
                                              "Join Type": "Inner",
                                              "Startup Cost": 56864.33,
                                              "Total Cost": 516649.32,
                                              "Plan Rows": 138,
                                              "Plan Width": 28,
                                              "Inner Unique": false,
                                              "Hash Cond": "(catalog_sales.cs_promo_sk = promotion_1.p_promo_sk)",
                                              "Plans": [
                                                {
                                                  "Node Type": "Hash Join",
                                                  "Parent Relationship": "Outer",
                                                  "Parallel Aware": true,
                                                  "Async Capable": false,
                                                  "Join Type": "Inner",
                                                  "Startup Cost": 56838.93,
                                                  "Total Cost": 516622.01,
                                                  "Plan Rows": 141,
                                                  "Plan Width": 32,
                                                  "Inner Unique": false,
                                                  "Hash Cond": "(catalog_sales.cs_item_sk = item_1.i_item_sk)",
                                                  "Plans": [
                                                    {
                                                      "Node Type": "Hash Join",
                                                      "Parent Relationship": "Outer",
                                                      "Parallel Aware": true,
                                                      "Async Capable": false,
                                                      "Join Type": "Left",
                                                      "Startup Cost": 49313.15,
                                                      "Total Cost": 509086.46,
                                                      "Plan Rows": 2450,
                                                      "Plan Width": 36,
                                                      "Inner Unique": false,
                                                      "Hash Cond": "((catalog_sales.cs_item_sk = catalog_returns.cr_item_sk) AND (catalog_sales.cs_order_number = catalog_returns.cr_order_number))",
                                                      "Plans": [
                                                        {
                                                          "Node Type": "Hash Join",
                                                          "Parent Relationship": "Outer",
                                                          "Parallel Aware": true,
                                                          "Async Capable": false,
                                                          "Join Type": "Inner",
                                                          "Startup Cost": 2049.78,
                                                          "Total Cost": 458254.7,
                                                          "Plan Rows": 2450,
                                                          "Plan Width": 28,
                                                          "Inner Unique": false,
                                                          "Hash Cond": "(catalog_sales.cs_sold_date_sk = date_dim_1.d_date_sk)",
                                                          "Plans": [
                                                            {
                                                              "Node Type": "Seq Scan",
                                                              "Parent Relationship": "Outer",
                                                              "Parallel Aware": true,
                                                              "Async Capable": false,
                                                              "Relation Name": "catalog_sales",
                                                              "Alias": "catalog_sales",
                                                              "Startup Cost": 0.0,
                                                              "Total Cost": 433688.25,
                                                              "Plan Rows": 6000525,
                                                              "Plan Width": 32,
                                                              "parent": 34,
                                                              "ID": 35
                                                            },
                                                            {
                                                              "Node Type": "Hash",
                                                              "Parent Relationship": "Inner",
                                                              "Parallel Aware": true,
                                                              "Async Capable": false,
                                                              "Startup Cost": 2049.55,
                                                              "Total Cost": 2049.55,
                                                              "Plan Rows": 18,
                                                              "Plan Width": 4,
                                                              "Plans": [
                                                                {
                                                                  "Node Type": "Seq Scan",
                                                                  "Parent Relationship": "Outer",
                                                                  "Parallel Aware": true,
                                                                  "Async Capable": false,
                                                                  "Relation Name": "date_dim",
                                                                  "Alias": "date_dim_1",
                                                                  "Startup Cost": 0.0,
                                                                  "Total Cost": 2049.55,
                                                                  "Plan Rows": 18,
                                                                  "Plan Width": 4,
                                                                  "Filter": "((d_date >= '1998-08-19'::date) AND (d_date <= '1998-09-18 00:00:00'::timestamp without time zone))",
                                                                  "parent": 36,
                                                                  "ID": 37
                                                                }
                                                              ],
                                                              "parent": 34,
                                                              "ID": 36,
                                                              "left": 37
                                                            }
                                                          ],
                                                          "parent": 33,
                                                          "ID": 34,
                                                          "left": 35,
                                                          "right": 36
                                                        },
                                                        {
                                                          "Node Type": "Hash",
                                                          "Parent Relationship": "Inner",
                                                          "Parallel Aware": true,
                                                          "Async Capable": false,
                                                          "Startup Cost": 34748.95,
                                                          "Total Cost": 34748.95,
                                                          "Plan Rows": 599895,
                                                          "Plan Width": 20,
                                                          "Plans": [
                                                            {
                                                              "Node Type": "Seq Scan",
                                                              "Parent Relationship": "Outer",
                                                              "Parallel Aware": true,
                                                              "Async Capable": false,
                                                              "Relation Name": "catalog_returns",
                                                              "Alias": "catalog_returns",
                                                              "Startup Cost": 0.0,
                                                              "Total Cost": 34748.95,
                                                              "Plan Rows": 599895,
                                                              "Plan Width": 20,
                                                              "parent": 38,
                                                              "ID": 39
                                                            }
                                                          ],
                                                          "parent": 33,
                                                          "ID": 38,
                                                          "left": 39
                                                        }
                                                      ],
                                                      "parent": 32,
                                                      "ID": 33,
                                                      "left": 34,
                                                      "right": 38
                                                    },
                                                    {
                                                      "Node Type": "Hash",
                                                      "Parent Relationship": "Inner",
                                                      "Parallel Aware": true,
                                                      "Async Capable": false,
                                                      "Startup Cost": 7495.25,
                                                      "Total Cost": 7495.25,
                                                      "Plan Rows": 2442,
                                                      "Plan Width": 4,
                                                      "Plans": [
                                                        {
                                                          "Node Type": "Seq Scan",
                                                          "Parent Relationship": "Outer",
                                                          "Parallel Aware": true,
                                                          "Async Capable": false,
                                                          "Relation Name": "item",
                                                          "Alias": "item_1",
                                                          "Startup Cost": 0.0,
                                                          "Total Cost": 7495.25,
                                                          "Plan Rows": 2442,
                                                          "Plan Width": 4,
                                                          "Filter": "(i_current_price > '50'::numeric)",
                                                          "parent": 40,
                                                          "ID": 41
                                                        }
                                                      ],
                                                      "parent": 32,
                                                      "ID": 40,
                                                      "left": 41
                                                    }
                                                  ],
                                                  "parent": 31,
                                                  "ID": 32,
                                                  "left": 33,
                                                  "right": 40
                                                },
                                                {
                                                  "Node Type": "Hash",
                                                  "Parent Relationship": "Inner",
                                                  "Parallel Aware": false,
                                                  "Async Capable": false,
                                                  "Startup Cost": 19.25,
                                                  "Total Cost": 19.25,
                                                  "Plan Rows": 492,
                                                  "Plan Width": 4,
                                                  "Plans": [
                                                    {
                                                      "Node Type": "Seq Scan",
                                                      "Parent Relationship": "Outer",
                                                      "Parallel Aware": false,
                                                      "Async Capable": false,
                                                      "Relation Name": "promotion",
                                                      "Alias": "promotion_1",
                                                      "Startup Cost": 0.0,
                                                      "Total Cost": 19.25,
                                                      "Plan Rows": 492,
                                                      "Plan Width": 4,
                                                      "Filter": "(p_channel_tv = 'N'::bpchar)",
                                                      "parent": 42,
                                                      "ID": 43
                                                    }
                                                  ],
                                                  "parent": 31,
                                                  "ID": 42,
                                                  "left": 43
                                                }
                                              ],
                                              "parent": 30,
                                              "ID": 31,
                                              "left": 32,
                                              "right": 42
                                            },
                                            {
                                              "Node Type": "Hash",
                                              "Parent Relationship": "Inner",
                                              "Parallel Aware": false,
                                              "Async Capable": false,
                                              "Startup Cost": 368.0,
                                              "Total Cost": 368.0,
                                              "Plan Rows": 12000,
                                              "Plan Width": 21,
                                              "Plans": [
                                                {
                                                  "Node Type": "Seq Scan",
                                                  "Parent Relationship": "Outer",
                                                  "Parallel Aware": false,
                                                  "Async Capable": false,
                                                  "Relation Name": "catalog_page",
                                                  "Alias": "catalog_page",
                                                  "Startup Cost": 0.0,
                                                  "Total Cost": 368.0,
                                                  "Plan Rows": 12000,
                                                  "Plan Width": 21,
                                                  "parent": 44,
                                                  "ID": 45
                                                }
                                              ],
                                              "parent": 30,
                                              "ID": 44,
                                              "left": 45
                                            }
                                          ],
                                          "parent": 29,
                                          "ID": 30,
                                          "left": 31,
                                          "right": 44
                                        }
                                      ],
                                      "parent": 28,
                                      "ID": 29,
                                      "left": 30
                                    }
                                  ],
                                  "parent": 27,
                                  "ID": 28,
                                  "left": 29
                                }
                              ],
                              "parent": 26,
                              "ID": 27,
                              "left": 28
                            }
                          ],
                          "parent": 25,
                          "ID": 26,
                          "left": 27
                        }
                      ],
                      "parent": 3,
                      "ID": 25,
                      "left": 26
                    },
                    {
                      "Node Type": "Subquery Scan",
                      "Parent Relationship": "Member",
                      "Parallel Aware": false,
                      "Async Capable": false,
                      "Alias": "wsr",
                      "Startup Cost": 263918.43,
                      "Total Cost": 263926.12,
                      "Plan Rows": 21,
                      "Plan Width": 160,
                      "Plans": [
                        {
                          "Node Type": "Aggregate",
                          "Strategy": "Sorted",
                          "Partial Mode": "Finalize",
                          "Parent Relationship": "Subquery",
                          "Parallel Aware": false,
                          "Async Capable": false,
                          "Startup Cost": 263918.43,
                          "Total Cost": 263925.8,
                          "Plan Rows": 21,
                          "Plan Width": 113,
                          "Group Key": [
                            "web_site.web_site_id"
                          ],
                          "Plans": [
                            {
                              "Node Type": "Gather Merge",
                              "Parent Relationship": "Outer",
                              "Parallel Aware": false,
                              "Async Capable": false,
                              "Startup Cost": 263918.43,
                              "Total Cost": 263924.7,
                              "Plan Rows": 42,
                              "Plan Width": 113,
                              "Workers Planned": 2,
                              "Plans": [
                                {
                                  "Node Type": "Aggregate",
                                  "Strategy": "Sorted",
                                  "Partial Mode": "Partial",
                                  "Parent Relationship": "Outer",
                                  "Parallel Aware": false,
                                  "Async Capable": false,
                                  "Startup Cost": 262918.41,
                                  "Total Cost": 262919.83,
                                  "Plan Rows": 21,
                                  "Plan Width": 113,
                                  "Group Key": [
                                    "web_site.web_site_id"
                                  ],
                                  "Plans": [
                                    {
                                      "Node Type": "Sort",
                                      "Parent Relationship": "Outer",
                                      "Parallel Aware": false,
                                      "Async Capable": false,
                                      "Startup Cost": 262918.41,
                                      "Total Cost": 262918.59,
                                      "Plan Rows": 70,
                                      "Plan Width": 41,
                                      "Sort Key": [
                                        "web_site.web_site_id"
                                      ],
                                      "Plans": [
                                        {
                                          "Node Type": "Hash Join",
                                          "Parent Relationship": "Outer",
                                          "Parallel Aware": false,
                                          "Async Capable": false,
                                          "Join Type": "Inner",
                                          "Startup Cost": 32134.74,
                                          "Total Cost": 262916.27,
                                          "Plan Rows": 70,
                                          "Plan Width": 41,
                                          "Inner Unique": false,
                                          "Hash Cond": "(web_sales.ws_web_site_sk = web_site.web_site_sk)",
                                          "Plans": [
                                            {
                                              "Node Type": "Hash Join",
                                              "Parent Relationship": "Outer",
                                              "Parallel Aware": false,
                                              "Async Capable": false,
                                              "Join Type": "Inner",
                                              "Startup Cost": 32130.8,
                                              "Total Cost": 262911.36,
                                              "Plan Rows": 70,
                                              "Plan Width": 28,
                                              "Inner Unique": false,
                                              "Hash Cond": "(web_sales.ws_promo_sk = promotion_2.p_promo_sk)",
                                              "Plans": [
                                                {
                                                  "Node Type": "Hash Join",
                                                  "Parent Relationship": "Outer",
                                                  "Parallel Aware": true,
                                                  "Async Capable": false,
                                                  "Join Type": "Inner",
                                                  "Startup Cost": 32105.4,
                                                  "Total Cost": 262884.99,
                                                  "Plan Rows": 71,
                                                  "Plan Width": 32,
                                                  "Inner Unique": false,
                                                  "Hash Cond": "(web_sales.ws_item_sk = item_2.i_item_sk)",
                                                  "Plans": [
                                                    {
                                                      "Node Type": "Hash Join",
                                                      "Parent Relationship": "Outer",
                                                      "Parallel Aware": true,
                                                      "Async Capable": false,
                                                      "Join Type": "Left",
                                                      "Startup Cost": 24579.62,
                                                      "Total Cost": 255354.31,
                                                      "Plan Rows": 1231,
                                                      "Plan Width": 36,
                                                      "Inner Unique": false,
                                                      "Hash Cond": "((web_sales.ws_item_sk = web_returns.wr_item_sk) AND (web_sales.ws_order_number = web_returns.wr_order_number))",
                                                      "Plans": [
                                                        {
                                                          "Node Type": "Hash Join",
                                                          "Parent Relationship": "Outer",
                                                          "Parallel Aware": true,
                                                          "Async Capable": false,
                                                          "Join Type": "Inner",
                                                          "Startup Cost": 2049.78,
                                                          "Total Cost": 231041.22,
                                                          "Plan Rows": 1231,
                                                          "Plan Width": 28,
                                                          "Inner Unique": false,
                                                          "Hash Cond": "(web_sales.ws_sold_date_sk = date_dim_2.d_date_sk)",
                                                          "Plans": [
                                                            {
                                                              "Node Type": "Seq Scan",
                                                              "Parent Relationship": "Outer",
                                                              "Parallel Aware": true,
                                                              "Async Capable": false,
                                                              "Relation Name": "web_sales",
                                                              "Alias": "web_sales",
                                                              "Startup Cost": 0.0,
                                                              "Total Cost": 217737.86,
                                                              "Plan Rows": 2998986,
                                                              "Plan Width": 32,
                                                              "parent": 55,
                                                              "ID": 56
                                                            },
                                                            {
                                                              "Node Type": "Hash",
                                                              "Parent Relationship": "Inner",
                                                              "Parallel Aware": true,
                                                              "Async Capable": false,
                                                              "Startup Cost": 2049.55,
                                                              "Total Cost": 2049.55,
                                                              "Plan Rows": 18,
                                                              "Plan Width": 4,
                                                              "Plans": [
                                                                {
                                                                  "Node Type": "Seq Scan",
                                                                  "Parent Relationship": "Outer",
                                                                  "Parallel Aware": true,
                                                                  "Async Capable": false,
                                                                  "Relation Name": "date_dim",
                                                                  "Alias": "date_dim_2",
                                                                  "Startup Cost": 0.0,
                                                                  "Total Cost": 2049.55,
                                                                  "Plan Rows": 18,
                                                                  "Plan Width": 4,
                                                                  "Filter": "((d_date >= '1998-08-19'::date) AND (d_date <= '1998-09-18 00:00:00'::timestamp without time zone))",
                                                                  "parent": 57,
                                                                  "ID": 58
                                                                }
                                                              ],
                                                              "parent": 55,
                                                              "ID": 57,
                                                              "left": 58
                                                            }
                                                          ],
                                                          "parent": 54,
                                                          "ID": 55,
                                                          "left": 56,
                                                          "right": 57
                                                        },
                                                        {
                                                          "Node Type": "Hash",
                                                          "Parent Relationship": "Inner",
                                                          "Parallel Aware": true,
                                                          "Async Capable": false,
                                                          "Startup Cost": 16278.74,
                                                          "Total Cost": 16278.74,
                                                          "Plan Rows": 299674,
                                                          "Plan Width": 20,
                                                          "Plans": [
                                                            {
                                                              "Node Type": "Seq Scan",
                                                              "Parent Relationship": "Outer",
                                                              "Parallel Aware": true,
                                                              "Async Capable": false,
                                                              "Relation Name": "web_returns",
                                                              "Alias": "web_returns",
                                                              "Startup Cost": 0.0,
                                                              "Total Cost": 16278.74,
                                                              "Plan Rows": 299674,
                                                              "Plan Width": 20,
                                                              "parent": 59,
                                                              "ID": 60
                                                            }
                                                          ],
                                                          "parent": 54,
                                                          "ID": 59,
                                                          "left": 60
                                                        }
                                                      ],
                                                      "parent": 53,
                                                      "ID": 54,
                                                      "left": 55,
                                                      "right": 59
                                                    },
                                                    {
                                                      "Node Type": "Hash",
                                                      "Parent Relationship": "Inner",
                                                      "Parallel Aware": true,
                                                      "Async Capable": false,
                                                      "Startup Cost": 7495.25,
                                                      "Total Cost": 7495.25,
                                                      "Plan Rows": 2442,
                                                      "Plan Width": 4,
                                                      "Plans": [
                                                        {
                                                          "Node Type": "Seq Scan",
                                                          "Parent Relationship": "Outer",
                                                          "Parallel Aware": true,
                                                          "Async Capable": false,
                                                          "Relation Name": "item",
                                                          "Alias": "item_2",
                                                          "Startup Cost": 0.0,
                                                          "Total Cost": 7495.25,
                                                          "Plan Rows": 2442,
                                                          "Plan Width": 4,
                                                          "Filter": "(i_current_price > '50'::numeric)",
                                                          "parent": 61,
                                                          "ID": 62
                                                        }
                                                      ],
                                                      "parent": 53,
                                                      "ID": 61,
                                                      "left": 62
                                                    }
                                                  ],
                                                  "parent": 52,
                                                  "ID": 53,
                                                  "left": 54,
                                                  "right": 61
                                                },
                                                {
                                                  "Node Type": "Hash",
                                                  "Parent Relationship": "Inner",
                                                  "Parallel Aware": false,
                                                  "Async Capable": false,
                                                  "Startup Cost": 19.25,
                                                  "Total Cost": 19.25,
                                                  "Plan Rows": 492,
                                                  "Plan Width": 4,
                                                  "Plans": [
                                                    {
                                                      "Node Type": "Seq Scan",
                                                      "Parent Relationship": "Outer",
                                                      "Parallel Aware": false,
                                                      "Async Capable": false,
                                                      "Relation Name": "promotion",
                                                      "Alias": "promotion_2",
                                                      "Startup Cost": 0.0,
                                                      "Total Cost": 19.25,
                                                      "Plan Rows": 492,
                                                      "Plan Width": 4,
                                                      "Filter": "(p_channel_tv = 'N'::bpchar)",
                                                      "parent": 63,
                                                      "ID": 64
                                                    }
                                                  ],
                                                  "parent": 52,
                                                  "ID": 63,
                                                  "left": 64
                                                }
                                              ],
                                              "parent": 51,
                                              "ID": 52,
                                              "left": 53,
                                              "right": 63
                                            },
                                            {
                                              "Node Type": "Hash",
                                              "Parent Relationship": "Inner",
                                              "Parallel Aware": false,
                                              "Async Capable": false,
                                              "Startup Cost": 3.42,
                                              "Total Cost": 3.42,
                                              "Plan Rows": 42,
                                              "Plan Width": 21,
                                              "Plans": [
                                                {
                                                  "Node Type": "Seq Scan",
                                                  "Parent Relationship": "Outer",
                                                  "Parallel Aware": false,
                                                  "Async Capable": false,
                                                  "Relation Name": "web_site",
                                                  "Alias": "web_site",
                                                  "Startup Cost": 0.0,
                                                  "Total Cost": 3.42,
                                                  "Plan Rows": 42,
                                                  "Plan Width": 21,
                                                  "parent": 65,
                                                  "ID": 66
                                                }
                                              ],
                                              "parent": 51,
                                              "ID": 65,
                                              "left": 66
                                            }
                                          ],
                                          "parent": 50,
                                          "ID": 51,
                                          "left": 52,
                                          "right": 65
                                        }
                                      ],
                                      "parent": 49,
                                      "ID": 50,
                                      "left": 51
                                    }
                                  ],
                                  "parent": 48,
                                  "ID": 49,
                                  "left": 50
                                }
                              ],
                              "parent": 47,
                              "ID": 48,
                              "left": 49
                            }
                          ],
                          "parent": 46,
                          "ID": 47,
                          "left": 48
                        }
                      ],
                      "parent": 3,
                      "ID": 46,
                      "left": 47
                    }
                  ],
                  "parent": 2,
                  "ID": 3,
                  "left": 4,
                  "right": 25
                }
              ],
              "parent": 1,
              "ID": 2,
              "left": 3
            }
          ],
          "parent": 0,
          "ID": 1,
          "left": 2
        }
      ],
      "parent": null,
      "ID": 0,
      "left": 1
    },
    "feat": {
      "utility": 2.1788250250482197e-06,
      "query_shape": [
        [
          "Seq Scan",
          "Hash Join",
          "Sort",
          "Aggregate",
          "Gather Merge",
          "Subquery Scan",
          "Append"
        ],
        [
          "Seq Scan",
          "Hash",
          "Hash Join",
          "Sort",
          "Aggregate",
          "Gather Merge",
          "Subquery Scan",
          "Append"
        ],
        [
          "Seq Scan",
          "Hash",
          "Hash Join",
          "Sort",
          "Aggregate",
          "Gather Merge",
          "Subquery Scan",
          "Append"
        ],
        [
          "Seq Scan",
          "Hash",
          "Hash Join",
          "Sort",
          "Aggregate",
          "Gather Merge",
          "Subquery Scan",
          "Append"
        ],
        [
          "Seq Scan",
          "Hash",
          "Hash Join",
          "Sort",
          "Aggregate",
          "Gather Merge",
          "Subquery Scan",
          "Append"
        ],
        [
          "Seq Scan",
          "Hash",
          "Hash Join",
          "Sort",
          "Aggregate",
          "Gather Merge",
          "Subquery Scan",
          "Append"
        ],
        [
          "Seq Scan",
          "Hash Join",
          "Sort",
          "Aggregate",
          "Gather Merge",
          "Subquery Scan",
          "Append"
        ],
        [
          "Seq Scan",
          "Hash",
          "Hash Join",
          "Sort",
          "Aggregate",
          "Gather Merge",
          "Subquery Scan",
          "Append"
        ],
        [
          "Seq Scan",
          "Hash",
          "Hash Join",
          "Sort",
          "Aggregate",
          "Gather Merge",
          "Subquery Scan",
          "Append"
        ],
        [
          "Seq Scan",
          "Hash",
          "Hash Join",
          "Sort",
          "Aggregate",
          "Gather Merge",
          "Subquery Scan",
          "Append"
        ],
        [
          "Seq Scan",
          "Hash",
          "Hash Join",
          "Sort",
          "Aggregate",
          "Gather Merge",
          "Subquery Scan",
          "Append"
        ],
        [
          "Seq Scan",
          "Hash",
          "Hash Join",
          "Sort",
          "Aggregate",
          "Gather Merge",
          "Subquery Scan",
          "Append"
        ],
        [
          "Seq Scan",
          "Hash Join",
          "Sort",
          "Aggregate",
          "Gather Merge",
          "Subquery Scan",
          "Append"
        ],
        [
          "Seq Scan",
          "Hash",
          "Hash Join",
          "Sort",
          "Aggregate",
          "Gather Merge",
          "Subquery Scan",
          "Append"
        ],
        [
          "Seq Scan",
          "Hash",
          "Hash Join",
          "Sort",
          "Aggregate",
          "Gather Merge",
          "Subquery Scan",
          "Append"
        ],
        [
          "Seq Scan",
          "Hash",
          "Hash Join",
          "Sort",
          "Aggregate",
          "Gather Merge",
          "Subquery Scan",
          "Append"
        ],
        [
          "Seq Scan",
          "Hash",
          "Hash Join",
          "Sort",
          "Aggregate",
          "Gather Merge",
          "Subquery Scan",
          "Append"
        ],
        [
          "Seq Scan",
          "Hash",
          "Hash Join",
          "Sort",
          "Aggregate",
          "Gather Merge",
          "Subquery Scan",
          "Append"
        ]
      ],
      "index_shape": [
        "join"
      ],
      "physical_operator": {
        "Hash Join": [
          0.0018267346539619918
        ]
      }
    }
  },
  {
    "query": "with ssr as\n (select  s_store_id as store_id,\n          sum(ss_ext_sales_price) as sales,\n          sum(coalesce(sr_return_amt, 0)) as returns,\n          sum(ss_net_profit - coalesce(sr_net_loss, 0)) as profit\n  from store_sales left outer join store_returns on\n         (ss_item_sk = sr_item_sk and ss_ticket_number = sr_ticket_number),\n     date_dim,\n     store,\n     item,\n     promotion\n where ss_sold_date_sk = d_date_sk\n       and d_date between cast('1998-08-19' as date) \n                  and (cast('1998-08-19' as date) +  interval '30 days')\n       and ss_store_sk = s_store_sk\n       and ss_item_sk = i_item_sk\n       and i_current_price > 50\n       and ss_promo_sk = p_promo_sk\n       and p_channel_tv = 'N'\n group by s_store_id)\n ,\n csr as\n (select  cp_catalog_page_id as catalog_page_id,\n          sum(cs_ext_sales_price) as sales,\n          sum(coalesce(cr_return_amount, 0)) as returns,\n          sum(cs_net_profit - coalesce(cr_net_loss, 0)) as profit\n  from catalog_sales left outer join catalog_returns on\n         (cs_item_sk = cr_item_sk and cs_order_number = cr_order_number),\n     date_dim,\n     catalog_page,\n     item,\n     promotion\n where cs_sold_date_sk = d_date_sk\n       and d_date between cast('1998-08-19' as date)\n                  and (cast('1998-08-19' as date) +  interval '30 days')\n        and cs_catalog_page_sk = cp_catalog_page_sk\n       and cs_item_sk = i_item_sk\n       and i_current_price > 50\n       and cs_promo_sk = p_promo_sk\n       and p_channel_tv = 'N'\ngroup by cp_catalog_page_id)\n ,\n wsr as\n (select  web_site_id,\n          sum(ws_ext_sales_price) as sales,\n          sum(coalesce(wr_return_amt, 0)) as returns,\n          sum(ws_net_profit - coalesce(wr_net_loss, 0)) as profit\n  from web_sales left outer join web_returns on\n         (ws_item_sk = wr_item_sk and ws_order_number = wr_order_number),\n     date_dim,\n     web_site,\n     item,\n     promotion\n where ws_sold_date_sk = d_date_sk\n       and d_date between cast('1998-08-19' as date)\n                  and (cast('1998-08-19' as date) +  interval '30 days')\n        and ws_web_site_sk = web_site_sk\n       and ws_item_sk = i_item_sk\n       and i_current_price > 50\n       and ws_promo_sk = p_promo_sk\n       and p_channel_tv = 'N'\ngroup by web_site_id)\n  select  channel\n        , id\n        , sum(sales) as sales\n        , sum(returns) as returns\n        , sum(profit) as profit\n from \n (select 'store channel' as channel\n        , 'store' || store_id as id\n        , sales\n        , returns\n        , profit\n from   ssr\n union all\n select 'catalog channel' as channel\n        , 'catalog_page' || catalog_page_id as id\n        , sales\n        , returns\n        , profit\n from  csr\n union all\n select 'web channel' as channel\n        , 'web_site' || web_site_id as id\n        , sales\n        , returns\n        , profit\n from   wsr\n ) x\n group by rollup (channel, id)\n order by channel\n         ,id\n limit 100;\n\n-- end query 61 in stream 0 using template query80.tpl\n",
    "indexes": "web_sales.ws_ext_sales_price",
    "wo plan est": {
      "Node Type": "Limit",
      "Parallel Aware": false,
      "Async Capable": false,
      "Startup Cost": 1566782.76,
      "Total Cost": 1566786.01,
      "Plan Rows": 100,
      "Plan Width": 160,
      "Plans": [
        {
          "Node Type": "Aggregate",
          "Strategy": "Sorted",
          "Partial Mode": "Simple",
          "Parent Relationship": "Outer",
          "Parallel Aware": false,
          "Async Capable": false,
          "Startup Cost": 1566782.76,
          "Total Cost": 1566795.8,
          "Plan Rows": 401,
          "Plan Width": 160,
          "Grouping Sets": [
            {
              "Group Keys": [
                [
                  "('store channel'::text)",
                  "(('store'::text || (ssr.store_id)::text))"
                ],
                [
                  "('store channel'::text)"
                ],
                []
              ]
            }
          ],
          "Plans": [
            {
              "Node Type": "Sort",
              "Parent Relationship": "Outer",
              "Parallel Aware": false,
              "Async Capable": false,
              "Startup Cost": 1566782.76,
              "Total Cost": 1566783.77,
              "Plan Rows": 401,
              "Plan Width": 160,
              "Sort Key": [
                "('store channel'::text)",
                "(('store'::text || (ssr.store_id)::text))"
              ],
              "Plans": [
                {
                  "Node Type": "Append",
                  "Parent Relationship": "Outer",
                  "Parallel Aware": false,
                  "Async Capable": false,
                  "Startup Cost": 784591.9,
                  "Total Cost": 1566765.43,
                  "Plan Rows": 401,
                  "Plan Width": 160,
                  "Subplans Removed": 0,
                  "Plans": [
                    {
                      "Node Type": "Subquery Scan",
                      "Parent Relationship": "Member",
                      "Parallel Aware": false,
                      "Async Capable": false,
                      "Alias": "ssr",
                      "Startup Cost": 784591.9,
                      "Total Cost": 784611.64,
                      "Plan Rows": 51,
                      "Plan Width": 160,
                      "Plans": [
                        {
                          "Node Type": "Aggregate",
                          "Strategy": "Sorted",
                          "Partial Mode": "Finalize",
                          "Parent Relationship": "Subquery",
                          "Parallel Aware": false,
                          "Async Capable": false,
                          "Startup Cost": 784591.9,
                          "Total Cost": 784610.87,
                          "Plan Rows": 51,
                          "Plan Width": 113,
                          "Group Key": [
                            "store.s_store_id"
                          ],
                          "Plans": [
                            {
                              "Node Type": "Gather Merge",
                              "Parent Relationship": "Outer",
                              "Parallel Aware": false,
                              "Async Capable": false,
                              "Startup Cost": 784591.9,
                              "Total Cost": 784608.2,
                              "Plan Rows": 102,
                              "Plan Width": 113,
                              "Workers Planned": 2,
                              "Plans": [
                                {
                                  "Node Type": "Aggregate",
                                  "Strategy": "Sorted",
                                  "Partial Mode": "Partial",
                                  "Parent Relationship": "Outer",
                                  "Parallel Aware": false,
                                  "Async Capable": false,
                                  "Startup Cost": 783591.88,
                                  "Total Cost": 783596.4,
                                  "Plan Rows": 51,
                                  "Plan Width": 113,
                                  "Group Key": [
                                    "store.s_store_id"
                                  ],
                                  "Plans": [
                                    {
                                      "Node Type": "Sort",
                                      "Parent Relationship": "Outer",
                                      "Parallel Aware": false,
                                      "Async Capable": false,
                                      "Startup Cost": 783591.88,
                                      "Total Cost": 783592.48,
                                      "Plan Rows": 242,
                                      "Plan Width": 41,
                                      "Sort Key": [
                                        "store.s_store_id"
                                      ],
                                      "Plans": [
                                        {
                                          "Node Type": "Hash Join",
                                          "Parent Relationship": "Outer",
                                          "Parallel Aware": false,
                                          "Async Capable": false,
                                          "Join Type": "Inner",
                                          "Startup Cost": 94489.35,
                                          "Total Cost": 783582.3,
                                          "Plan Rows": 242,
                                          "Plan Width": 41,
                                          "Inner Unique": false,
                                          "Hash Cond": "(store_sales.ss_store_sk = store.s_store_sk)",
                                          "Plans": [
                                            {
                                              "Node Type": "Hash Join",
                                              "Parent Relationship": "Outer",
                                              "Parallel Aware": false,
                                              "Async Capable": false,
                                              "Join Type": "Inner",
                                              "Startup Cost": 94482.05,
                                              "Total Cost": 783571.63,
                                              "Plan Rows": 254,
                                              "Plan Width": 28,
                                              "Inner Unique": false,
                                              "Hash Cond": "(store_sales.ss_promo_sk = promotion.p_promo_sk)",
                                              "Plans": [
                                                {
                                                  "Node Type": "Hash Join",
                                                  "Parent Relationship": "Outer",
                                                  "Parallel Aware": true,
                                                  "Async Capable": false,
                                                  "Join Type": "Inner",
                                                  "Startup Cost": 94456.65,
                                                  "Total Cost": 783542.68,
                                                  "Plan Rows": 270,
                                                  "Plan Width": 32,
                                                  "Inner Unique": false,
                                                  "Hash Cond": "(store_sales.ss_item_sk = item.i_item_sk)",
                                                  "Plans": [
                                                    {
                                                      "Node Type": "Hash Join",
                                                      "Parent Relationship": "Outer",
                                                      "Parallel Aware": true,
                                                      "Async Capable": false,
                                                      "Join Type": "Left",
                                                      "Startup Cost": 86930.88,
                                                      "Total Cost": 775998.13,
                                                      "Plan Rows": 4703,
                                                      "Plan Width": 36,
                                                      "Inner Unique": false,
                                                      "Hash Cond": "((store_sales.ss_item_sk = store_returns.sr_item_sk) AND (store_sales.ss_ticket_number = store_returns.sr_ticket_number))",
                                                      "Plans": [
                                                        {
                                                          "Node Type": "Hash Join",
                                                          "Parent Relationship": "Outer",
                                                          "Parallel Aware": true,
                                                          "Async Capable": false,
                                                          "Join Type": "Inner",
                                                          "Startup Cost": 2049.78,
                                                          "Total Cost": 683994.75,
                                                          "Plan Rows": 4703,
                                                          "Plan Width": 28,
                                                          "Inner Unique": false,
                                                          "Hash Cond": "(store_sales.ss_sold_date_sk = date_dim.d_date_sk)",
                                                          "Plans": [
                                                            {
                                                              "Node Type": "Seq Scan",
                                                              "Parent Relationship": "Outer",
                                                              "Parallel Aware": true,
                                                              "Async Capable": false,
                                                              "Relation Name": "store_sales",
                                                              "Alias": "store_sales",
                                                              "Startup Cost": 0.0,
                                                              "Total Cost": 636914.37,
                                                              "Plan Rows": 12000637,
                                                              "Plan Width": 32,
                                                              "parent": 13,
                                                              "ID": 14
                                                            },
                                                            {
                                                              "Node Type": "Hash",
                                                              "Parent Relationship": "Inner",
                                                              "Parallel Aware": true,
                                                              "Async Capable": false,
                                                              "Startup Cost": 2049.55,
                                                              "Total Cost": 2049.55,
                                                              "Plan Rows": 18,
                                                              "Plan Width": 4,
                                                              "Plans": [
                                                                {
                                                                  "Node Type": "Seq Scan",
                                                                  "Parent Relationship": "Outer",
                                                                  "Parallel Aware": true,
                                                                  "Async Capable": false,
                                                                  "Relation Name": "date_dim",
                                                                  "Alias": "date_dim",
                                                                  "Startup Cost": 0.0,
                                                                  "Total Cost": 2049.55,
                                                                  "Plan Rows": 18,
                                                                  "Plan Width": 4,
                                                                  "Filter": "((d_date >= '1998-08-19'::date) AND (d_date <= '1998-09-18 00:00:00'::timestamp without time zone))",
                                                                  "parent": 15,
                                                                  "ID": 16
                                                                }
                                                              ],
                                                              "parent": 13,
                                                              "ID": 15,
                                                              "left": 16
                                                            }
                                                          ],
                                                          "parent": 12,
                                                          "ID": 13,
                                                          "left": 14,
                                                          "right": 15
                                                        },
                                                        {
                                                          "Node Type": "Hash",
                                                          "Parent Relationship": "Inner",
                                                          "Parallel Aware": true,
                                                          "Async Capable": false,
                                                          "Startup Cost": 59887.64,
                                                          "Total Cost": 59887.64,
                                                          "Plan Rows": 1198164,
                                                          "Plan Width": 20,
                                                          "Plans": [
                                                            {
                                                              "Node Type": "Seq Scan",
                                                              "Parent Relationship": "Outer",
                                                              "Parallel Aware": true,
                                                              "Async Capable": false,
                                                              "Relation Name": "store_returns",
                                                              "Alias": "store_returns",
                                                              "Startup Cost": 0.0,
                                                              "Total Cost": 59887.64,
                                                              "Plan Rows": 1198164,
                                                              "Plan Width": 20,
                                                              "parent": 17,
                                                              "ID": 18
                                                            }
                                                          ],
                                                          "parent": 12,
                                                          "ID": 17,
                                                          "left": 18
                                                        }
                                                      ],
                                                      "parent": 11,
                                                      "ID": 12,
                                                      "left": 13,
                                                      "right": 17
                                                    },
                                                    {
                                                      "Node Type": "Hash",
                                                      "Parent Relationship": "Inner",
                                                      "Parallel Aware": true,
                                                      "Async Capable": false,
                                                      "Startup Cost": 7495.25,
                                                      "Total Cost": 7495.25,
                                                      "Plan Rows": 2442,
                                                      "Plan Width": 4,
                                                      "Plans": [
                                                        {
                                                          "Node Type": "Seq Scan",
                                                          "Parent Relationship": "Outer",
                                                          "Parallel Aware": true,
                                                          "Async Capable": false,
                                                          "Relation Name": "item",
                                                          "Alias": "item",
                                                          "Startup Cost": 0.0,
                                                          "Total Cost": 7495.25,
                                                          "Plan Rows": 2442,
                                                          "Plan Width": 4,
                                                          "Filter": "(i_current_price > '50'::numeric)",
                                                          "parent": 19,
                                                          "ID": 20
                                                        }
                                                      ],
                                                      "parent": 11,
                                                      "ID": 19,
                                                      "left": 20
                                                    }
                                                  ],
                                                  "parent": 10,
                                                  "ID": 11,
                                                  "left": 12,
                                                  "right": 19
                                                },
                                                {
                                                  "Node Type": "Hash",
                                                  "Parent Relationship": "Inner",
                                                  "Parallel Aware": false,
                                                  "Async Capable": false,
                                                  "Startup Cost": 19.25,
                                                  "Total Cost": 19.25,
                                                  "Plan Rows": 492,
                                                  "Plan Width": 4,
                                                  "Plans": [
                                                    {
                                                      "Node Type": "Seq Scan",
                                                      "Parent Relationship": "Outer",
                                                      "Parallel Aware": false,
                                                      "Async Capable": false,
                                                      "Relation Name": "promotion",
                                                      "Alias": "promotion",
                                                      "Startup Cost": 0.0,
                                                      "Total Cost": 19.25,
                                                      "Plan Rows": 492,
                                                      "Plan Width": 4,
                                                      "Filter": "(p_channel_tv = 'N'::bpchar)",
                                                      "parent": 21,
                                                      "ID": 22
                                                    }
                                                  ],
                                                  "parent": 10,
                                                  "ID": 21,
                                                  "left": 22
                                                }
                                              ],
                                              "parent": 9,
                                              "ID": 10,
                                              "left": 11,
                                              "right": 21
                                            },
                                            {
                                              "Node Type": "Hash",
                                              "Parent Relationship": "Inner",
                                              "Parallel Aware": false,
                                              "Async Capable": false,
                                              "Startup Cost": 6.02,
                                              "Total Cost": 6.02,
                                              "Plan Rows": 102,
                                              "Plan Width": 21,
                                              "Plans": [
                                                {
                                                  "Node Type": "Seq Scan",
                                                  "Parent Relationship": "Outer",
                                                  "Parallel Aware": false,
                                                  "Async Capable": false,
                                                  "Relation Name": "store",
                                                  "Alias": "store",
                                                  "Startup Cost": 0.0,
                                                  "Total Cost": 6.02,
                                                  "Plan Rows": 102,
                                                  "Plan Width": 21,
                                                  "parent": 23,
                                                  "ID": 24
                                                }
                                              ],
                                              "parent": 9,
                                              "ID": 23,
                                              "left": 24
                                            }
                                          ],
                                          "parent": 8,
                                          "ID": 9,
                                          "left": 10,
                                          "right": 23
                                        }
                                      ],
                                      "parent": 7,
                                      "ID": 8,
                                      "left": 9
                                    }
                                  ],
                                  "parent": 6,
                                  "ID": 7,
                                  "left": 8
                                }
                              ],
                              "parent": 5,
                              "ID": 6,
                              "left": 7
                            }
                          ],
                          "parent": 4,
                          "ID": 5,
                          "left": 6
                        }
                      ],
                      "parent": 3,
                      "ID": 4,
                      "left": 5
                    },
                    {
                      "Node Type": "Subquery Scan",
                      "Parent Relationship": "Member",
                      "Parallel Aware": false,
                      "Async Capable": false,
                      "Alias": "csr",
                      "Startup Cost": 518174.1,
                      "Total Cost": 518225.66,
                      "Plan Rows": 329,
                      "Plan Width": 160,
                      "Plans": [
                        {
                          "Node Type": "Aggregate",
                          "Strategy": "Sorted",
                          "Partial Mode": "Finalize",
                          "Parent Relationship": "Subquery",
                          "Parallel Aware": false,
                          "Async Capable": false,
                          "Startup Cost": 518174.1,
                          "Total Cost": 518220.73,
                          "Plan Rows": 329,
                          "Plan Width": 113,
                          "Group Key": [
                            "catalog_page.cp_catalog_page_id"
                          ],
                          "Plans": [
                            {
                              "Node Type": "Gather Merge",
                              "Parent Relationship": "Outer",
                              "Parallel Aware": false,
                              "Async Capable": false,
                              "Startup Cost": 518174.1,
                              "Total Cost": 518210.18,
                              "Plan Rows": 274,
                              "Plan Width": 113,
                              "Workers Planned": 2,
                              "Plans": [
                                {
                                  "Node Type": "Aggregate",
                                  "Strategy": "Sorted",
                                  "Partial Mode": "Partial",
                                  "Parent Relationship": "Outer",
                                  "Parallel Aware": false,
                                  "Async Capable": false,
                                  "Startup Cost": 517174.07,
                                  "Total Cost": 517178.53,
                                  "Plan Rows": 137,
                                  "Plan Width": 113,
                                  "Group Key": [
                                    "catalog_page.cp_catalog_page_id"
                                  ],
                                  "Plans": [
                                    {
                                      "Node Type": "Sort",
                                      "Parent Relationship": "Outer",
                                      "Parallel Aware": false,
                                      "Async Capable": false,
                                      "Startup Cost": 517174.07,
                                      "Total Cost": 517174.42,
                                      "Plan Rows": 137,
                                      "Plan Width": 41,
                                      "Sort Key": [
                                        "catalog_page.cp_catalog_page_id"
                                      ],
                                      "Plans": [
                                        {
                                          "Node Type": "Hash Join",
                                          "Parent Relationship": "Outer",
                                          "Parallel Aware": false,
                                          "Async Capable": false,
                                          "Join Type": "Inner",
                                          "Startup Cost": 57382.33,
                                          "Total Cost": 517169.21,
                                          "Plan Rows": 137,
                                          "Plan Width": 41,
                                          "Inner Unique": false,
                                          "Hash Cond": "(catalog_sales.cs_catalog_page_sk = catalog_page.cp_catalog_page_sk)",
                                          "Plans": [
                                            {
                                              "Node Type": "Hash Join",
                                              "Parent Relationship": "Outer",
                                              "Parallel Aware": false,
                                              "Async Capable": false,
                                              "Join Type": "Inner",
                                              "Startup Cost": 56864.33,
                                              "Total Cost": 516649.32,
                                              "Plan Rows": 138,
                                              "Plan Width": 28,
                                              "Inner Unique": false,
                                              "Hash Cond": "(catalog_sales.cs_promo_sk = promotion_1.p_promo_sk)",
                                              "Plans": [
                                                {
                                                  "Node Type": "Hash Join",
                                                  "Parent Relationship": "Outer",
                                                  "Parallel Aware": true,
                                                  "Async Capable": false,
                                                  "Join Type": "Inner",
                                                  "Startup Cost": 56838.93,
                                                  "Total Cost": 516622.01,
                                                  "Plan Rows": 141,
                                                  "Plan Width": 32,
                                                  "Inner Unique": false,
                                                  "Hash Cond": "(catalog_sales.cs_item_sk = item_1.i_item_sk)",
                                                  "Plans": [
                                                    {
                                                      "Node Type": "Hash Join",
                                                      "Parent Relationship": "Outer",
                                                      "Parallel Aware": true,
                                                      "Async Capable": false,
                                                      "Join Type": "Left",
                                                      "Startup Cost": 49313.15,
                                                      "Total Cost": 509086.46,
                                                      "Plan Rows": 2450,
                                                      "Plan Width": 36,
                                                      "Inner Unique": false,
                                                      "Hash Cond": "((catalog_sales.cs_item_sk = catalog_returns.cr_item_sk) AND (catalog_sales.cs_order_number = catalog_returns.cr_order_number))",
                                                      "Plans": [
                                                        {
                                                          "Node Type": "Hash Join",
                                                          "Parent Relationship": "Outer",
                                                          "Parallel Aware": true,
                                                          "Async Capable": false,
                                                          "Join Type": "Inner",
                                                          "Startup Cost": 2049.78,
                                                          "Total Cost": 458254.7,
                                                          "Plan Rows": 2450,
                                                          "Plan Width": 28,
                                                          "Inner Unique": false,
                                                          "Hash Cond": "(catalog_sales.cs_sold_date_sk = date_dim_1.d_date_sk)",
                                                          "Plans": [
                                                            {
                                                              "Node Type": "Seq Scan",
                                                              "Parent Relationship": "Outer",
                                                              "Parallel Aware": true,
                                                              "Async Capable": false,
                                                              "Relation Name": "catalog_sales",
                                                              "Alias": "catalog_sales",
                                                              "Startup Cost": 0.0,
                                                              "Total Cost": 433688.25,
                                                              "Plan Rows": 6000525,
                                                              "Plan Width": 32,
                                                              "parent": 34,
                                                              "ID": 35
                                                            },
                                                            {
                                                              "Node Type": "Hash",
                                                              "Parent Relationship": "Inner",
                                                              "Parallel Aware": true,
                                                              "Async Capable": false,
                                                              "Startup Cost": 2049.55,
                                                              "Total Cost": 2049.55,
                                                              "Plan Rows": 18,
                                                              "Plan Width": 4,
                                                              "Plans": [
                                                                {
                                                                  "Node Type": "Seq Scan",
                                                                  "Parent Relationship": "Outer",
                                                                  "Parallel Aware": true,
                                                                  "Async Capable": false,
                                                                  "Relation Name": "date_dim",
                                                                  "Alias": "date_dim_1",
                                                                  "Startup Cost": 0.0,
                                                                  "Total Cost": 2049.55,
                                                                  "Plan Rows": 18,
                                                                  "Plan Width": 4,
                                                                  "Filter": "((d_date >= '1998-08-19'::date) AND (d_date <= '1998-09-18 00:00:00'::timestamp without time zone))",
                                                                  "parent": 36,
                                                                  "ID": 37
                                                                }
                                                              ],
                                                              "parent": 34,
                                                              "ID": 36,
                                                              "left": 37
                                                            }
                                                          ],
                                                          "parent": 33,
                                                          "ID": 34,
                                                          "left": 35,
                                                          "right": 36
                                                        },
                                                        {
                                                          "Node Type": "Hash",
                                                          "Parent Relationship": "Inner",
                                                          "Parallel Aware": true,
                                                          "Async Capable": false,
                                                          "Startup Cost": 34748.95,
                                                          "Total Cost": 34748.95,
                                                          "Plan Rows": 599895,
                                                          "Plan Width": 20,
                                                          "Plans": [
                                                            {
                                                              "Node Type": "Seq Scan",
                                                              "Parent Relationship": "Outer",
                                                              "Parallel Aware": true,
                                                              "Async Capable": false,
                                                              "Relation Name": "catalog_returns",
                                                              "Alias": "catalog_returns",
                                                              "Startup Cost": 0.0,
                                                              "Total Cost": 34748.95,
                                                              "Plan Rows": 599895,
                                                              "Plan Width": 20,
                                                              "parent": 38,
                                                              "ID": 39
                                                            }
                                                          ],
                                                          "parent": 33,
                                                          "ID": 38,
                                                          "left": 39
                                                        }
                                                      ],
                                                      "parent": 32,
                                                      "ID": 33,
                                                      "left": 34,
                                                      "right": 38
                                                    },
                                                    {
                                                      "Node Type": "Hash",
                                                      "Parent Relationship": "Inner",
                                                      "Parallel Aware": true,
                                                      "Async Capable": false,
                                                      "Startup Cost": 7495.25,
                                                      "Total Cost": 7495.25,
                                                      "Plan Rows": 2442,
                                                      "Plan Width": 4,
                                                      "Plans": [
                                                        {
                                                          "Node Type": "Seq Scan",
                                                          "Parent Relationship": "Outer",
                                                          "Parallel Aware": true,
                                                          "Async Capable": false,
                                                          "Relation Name": "item",
                                                          "Alias": "item_1",
                                                          "Startup Cost": 0.0,
                                                          "Total Cost": 7495.25,
                                                          "Plan Rows": 2442,
                                                          "Plan Width": 4,
                                                          "Filter": "(i_current_price > '50'::numeric)",
                                                          "parent": 40,
                                                          "ID": 41
                                                        }
                                                      ],
                                                      "parent": 32,
                                                      "ID": 40,
                                                      "left": 41
                                                    }
                                                  ],
                                                  "parent": 31,
                                                  "ID": 32,
                                                  "left": 33,
                                                  "right": 40
                                                },
                                                {
                                                  "Node Type": "Hash",
                                                  "Parent Relationship": "Inner",
                                                  "Parallel Aware": false,
                                                  "Async Capable": false,
                                                  "Startup Cost": 19.25,
                                                  "Total Cost": 19.25,
                                                  "Plan Rows": 492,
                                                  "Plan Width": 4,
                                                  "Plans": [
                                                    {
                                                      "Node Type": "Seq Scan",
                                                      "Parent Relationship": "Outer",
                                                      "Parallel Aware": false,
                                                      "Async Capable": false,
                                                      "Relation Name": "promotion",
                                                      "Alias": "promotion_1",
                                                      "Startup Cost": 0.0,
                                                      "Total Cost": 19.25,
                                                      "Plan Rows": 492,
                                                      "Plan Width": 4,
                                                      "Filter": "(p_channel_tv = 'N'::bpchar)",
                                                      "parent": 42,
                                                      "ID": 43
                                                    }
                                                  ],
                                                  "parent": 31,
                                                  "ID": 42,
                                                  "left": 43
                                                }
                                              ],
                                              "parent": 30,
                                              "ID": 31,
                                              "left": 32,
                                              "right": 42
                                            },
                                            {
                                              "Node Type": "Hash",
                                              "Parent Relationship": "Inner",
                                              "Parallel Aware": false,
                                              "Async Capable": false,
                                              "Startup Cost": 368.0,
                                              "Total Cost": 368.0,
                                              "Plan Rows": 12000,
                                              "Plan Width": 21,
                                              "Plans": [
                                                {
                                                  "Node Type": "Seq Scan",
                                                  "Parent Relationship": "Outer",
                                                  "Parallel Aware": false,
                                                  "Async Capable": false,
                                                  "Relation Name": "catalog_page",
                                                  "Alias": "catalog_page",
                                                  "Startup Cost": 0.0,
                                                  "Total Cost": 368.0,
                                                  "Plan Rows": 12000,
                                                  "Plan Width": 21,
                                                  "parent": 44,
                                                  "ID": 45
                                                }
                                              ],
                                              "parent": 30,
                                              "ID": 44,
                                              "left": 45
                                            }
                                          ],
                                          "parent": 29,
                                          "ID": 30,
                                          "left": 31,
                                          "right": 44
                                        }
                                      ],
                                      "parent": 28,
                                      "ID": 29,
                                      "left": 30
                                    }
                                  ],
                                  "parent": 27,
                                  "ID": 28,
                                  "left": 29
                                }
                              ],
                              "parent": 26,
                              "ID": 27,
                              "left": 28
                            }
                          ],
                          "parent": 25,
                          "ID": 26,
                          "left": 27
                        }
                      ],
                      "parent": 3,
                      "ID": 25,
                      "left": 26
                    },
                    {
                      "Node Type": "Subquery Scan",
                      "Parent Relationship": "Member",
                      "Parallel Aware": false,
                      "Async Capable": false,
                      "Alias": "wsr",
                      "Startup Cost": 263918.43,
                      "Total Cost": 263926.12,
                      "Plan Rows": 21,
                      "Plan Width": 160,
                      "Plans": [
                        {
                          "Node Type": "Aggregate",
                          "Strategy": "Sorted",
                          "Partial Mode": "Finalize",
                          "Parent Relationship": "Subquery",
                          "Parallel Aware": false,
                          "Async Capable": false,
                          "Startup Cost": 263918.43,
                          "Total Cost": 263925.8,
                          "Plan Rows": 21,
                          "Plan Width": 113,
                          "Group Key": [
                            "web_site.web_site_id"
                          ],
                          "Plans": [
                            {
                              "Node Type": "Gather Merge",
                              "Parent Relationship": "Outer",
                              "Parallel Aware": false,
                              "Async Capable": false,
                              "Startup Cost": 263918.43,
                              "Total Cost": 263924.7,
                              "Plan Rows": 42,
                              "Plan Width": 113,
                              "Workers Planned": 2,
                              "Plans": [
                                {
                                  "Node Type": "Aggregate",
                                  "Strategy": "Sorted",
                                  "Partial Mode": "Partial",
                                  "Parent Relationship": "Outer",
                                  "Parallel Aware": false,
                                  "Async Capable": false,
                                  "Startup Cost": 262918.41,
                                  "Total Cost": 262919.83,
                                  "Plan Rows": 21,
                                  "Plan Width": 113,
                                  "Group Key": [
                                    "web_site.web_site_id"
                                  ],
                                  "Plans": [
                                    {
                                      "Node Type": "Sort",
                                      "Parent Relationship": "Outer",
                                      "Parallel Aware": false,
                                      "Async Capable": false,
                                      "Startup Cost": 262918.41,
                                      "Total Cost": 262918.59,
                                      "Plan Rows": 70,
                                      "Plan Width": 41,
                                      "Sort Key": [
                                        "web_site.web_site_id"
                                      ],
                                      "Plans": [
                                        {
                                          "Node Type": "Hash Join",
                                          "Parent Relationship": "Outer",
                                          "Parallel Aware": false,
                                          "Async Capable": false,
                                          "Join Type": "Inner",
                                          "Startup Cost": 32134.74,
                                          "Total Cost": 262916.27,
                                          "Plan Rows": 70,
                                          "Plan Width": 41,
                                          "Inner Unique": false,
                                          "Hash Cond": "(web_sales.ws_web_site_sk = web_site.web_site_sk)",
                                          "Plans": [
                                            {
                                              "Node Type": "Hash Join",
                                              "Parent Relationship": "Outer",
                                              "Parallel Aware": false,
                                              "Async Capable": false,
                                              "Join Type": "Inner",
                                              "Startup Cost": 32130.8,
                                              "Total Cost": 262911.36,
                                              "Plan Rows": 70,
                                              "Plan Width": 28,
                                              "Inner Unique": false,
                                              "Hash Cond": "(web_sales.ws_promo_sk = promotion_2.p_promo_sk)",
                                              "Plans": [
                                                {
                                                  "Node Type": "Hash Join",
                                                  "Parent Relationship": "Outer",
                                                  "Parallel Aware": true,
                                                  "Async Capable": false,
                                                  "Join Type": "Inner",
                                                  "Startup Cost": 32105.4,
                                                  "Total Cost": 262884.99,
                                                  "Plan Rows": 71,
                                                  "Plan Width": 32,
                                                  "Inner Unique": false,
                                                  "Hash Cond": "(web_sales.ws_item_sk = item_2.i_item_sk)",
                                                  "Plans": [
                                                    {
                                                      "Node Type": "Hash Join",
                                                      "Parent Relationship": "Outer",
                                                      "Parallel Aware": true,
                                                      "Async Capable": false,
                                                      "Join Type": "Left",
                                                      "Startup Cost": 24579.62,
                                                      "Total Cost": 255354.31,
                                                      "Plan Rows": 1231,
                                                      "Plan Width": 36,
                                                      "Inner Unique": false,
                                                      "Hash Cond": "((web_sales.ws_item_sk = web_returns.wr_item_sk) AND (web_sales.ws_order_number = web_returns.wr_order_number))",
                                                      "Plans": [
                                                        {
                                                          "Node Type": "Hash Join",
                                                          "Parent Relationship": "Outer",
                                                          "Parallel Aware": true,
                                                          "Async Capable": false,
                                                          "Join Type": "Inner",
                                                          "Startup Cost": 2049.78,
                                                          "Total Cost": 231041.22,
                                                          "Plan Rows": 1231,
                                                          "Plan Width": 28,
                                                          "Inner Unique": false,
                                                          "Hash Cond": "(web_sales.ws_sold_date_sk = date_dim_2.d_date_sk)",
                                                          "Plans": [
                                                            {
                                                              "Node Type": "Seq Scan",
                                                              "Parent Relationship": "Outer",
                                                              "Parallel Aware": true,
                                                              "Async Capable": false,
                                                              "Relation Name": "web_sales",
                                                              "Alias": "web_sales",
                                                              "Startup Cost": 0.0,
                                                              "Total Cost": 217737.86,
                                                              "Plan Rows": 2998986,
                                                              "Plan Width": 32,
                                                              "parent": 55,
                                                              "ID": 56
                                                            },
                                                            {
                                                              "Node Type": "Hash",
                                                              "Parent Relationship": "Inner",
                                                              "Parallel Aware": true,
                                                              "Async Capable": false,
                                                              "Startup Cost": 2049.55,
                                                              "Total Cost": 2049.55,
                                                              "Plan Rows": 18,
                                                              "Plan Width": 4,
                                                              "Plans": [
                                                                {
                                                                  "Node Type": "Seq Scan",
                                                                  "Parent Relationship": "Outer",
                                                                  "Parallel Aware": true,
                                                                  "Async Capable": false,
                                                                  "Relation Name": "date_dim",
                                                                  "Alias": "date_dim_2",
                                                                  "Startup Cost": 0.0,
                                                                  "Total Cost": 2049.55,
                                                                  "Plan Rows": 18,
                                                                  "Plan Width": 4,
                                                                  "Filter": "((d_date >= '1998-08-19'::date) AND (d_date <= '1998-09-18 00:00:00'::timestamp without time zone))",
                                                                  "parent": 57,
                                                                  "ID": 58
                                                                }
                                                              ],
                                                              "parent": 55,
                                                              "ID": 57,
                                                              "left": 58
                                                            }
                                                          ],
                                                          "parent": 54,
                                                          "ID": 55,
                                                          "left": 56,
                                                          "right": 57
                                                        },
                                                        {
                                                          "Node Type": "Hash",
                                                          "Parent Relationship": "Inner",
                                                          "Parallel Aware": true,
                                                          "Async Capable": false,
                                                          "Startup Cost": 16278.74,
                                                          "Total Cost": 16278.74,
                                                          "Plan Rows": 299674,
                                                          "Plan Width": 20,
                                                          "Plans": [
                                                            {
                                                              "Node Type": "Seq Scan",
                                                              "Parent Relationship": "Outer",
                                                              "Parallel Aware": true,
                                                              "Async Capable": false,
                                                              "Relation Name": "web_returns",
                                                              "Alias": "web_returns",
                                                              "Startup Cost": 0.0,
                                                              "Total Cost": 16278.74,
                                                              "Plan Rows": 299674,
                                                              "Plan Width": 20,
                                                              "parent": 59,
                                                              "ID": 60
                                                            }
                                                          ],
                                                          "parent": 54,
                                                          "ID": 59,
                                                          "left": 60
                                                        }
                                                      ],
                                                      "parent": 53,
                                                      "ID": 54,
                                                      "left": 55,
                                                      "right": 59
                                                    },
                                                    {
                                                      "Node Type": "Hash",
                                                      "Parent Relationship": "Inner",
                                                      "Parallel Aware": true,
                                                      "Async Capable": false,
                                                      "Startup Cost": 7495.25,
                                                      "Total Cost": 7495.25,
                                                      "Plan Rows": 2442,
                                                      "Plan Width": 4,
                                                      "Plans": [
                                                        {
                                                          "Node Type": "Seq Scan",
                                                          "Parent Relationship": "Outer",
                                                          "Parallel Aware": true,
                                                          "Async Capable": false,
                                                          "Relation Name": "item",
                                                          "Alias": "item_2",
                                                          "Startup Cost": 0.0,
                                                          "Total Cost": 7495.25,
                                                          "Plan Rows": 2442,
                                                          "Plan Width": 4,
                                                          "Filter": "(i_current_price > '50'::numeric)",
                                                          "parent": 61,
                                                          "ID": 62
                                                        }
                                                      ],
                                                      "parent": 53,
                                                      "ID": 61,
                                                      "left": 62
                                                    }
                                                  ],
                                                  "parent": 52,
                                                  "ID": 53,
                                                  "left": 54,
                                                  "right": 61
                                                },
                                                {
                                                  "Node Type": "Hash",
                                                  "Parent Relationship": "Inner",
                                                  "Parallel Aware": false,
                                                  "Async Capable": false,
                                                  "Startup Cost": 19.25,
                                                  "Total Cost": 19.25,
                                                  "Plan Rows": 492,
                                                  "Plan Width": 4,
                                                  "Plans": [
                                                    {
                                                      "Node Type": "Seq Scan",
                                                      "Parent Relationship": "Outer",
                                                      "Parallel Aware": false,
                                                      "Async Capable": false,
                                                      "Relation Name": "promotion",
                                                      "Alias": "promotion_2",
                                                      "Startup Cost": 0.0,
                                                      "Total Cost": 19.25,
                                                      "Plan Rows": 492,
                                                      "Plan Width": 4,
                                                      "Filter": "(p_channel_tv = 'N'::bpchar)",
                                                      "parent": 63,
                                                      "ID": 64
                                                    }
                                                  ],
                                                  "parent": 52,
                                                  "ID": 63,
                                                  "left": 64
                                                }
                                              ],
                                              "parent": 51,
                                              "ID": 52,
                                              "left": 53,
                                              "right": 63
                                            },
                                            {
                                              "Node Type": "Hash",
                                              "Parent Relationship": "Inner",
                                              "Parallel Aware": false,
                                              "Async Capable": false,
                                              "Startup Cost": 3.42,
                                              "Total Cost": 3.42,
                                              "Plan Rows": 42,
                                              "Plan Width": 21,
                                              "Plans": [
                                                {
                                                  "Node Type": "Seq Scan",
                                                  "Parent Relationship": "Outer",
                                                  "Parallel Aware": false,
                                                  "Async Capable": false,
                                                  "Relation Name": "web_site",
                                                  "Alias": "web_site",
                                                  "Startup Cost": 0.0,
                                                  "Total Cost": 3.42,
                                                  "Plan Rows": 42,
                                                  "Plan Width": 21,
                                                  "parent": 65,
                                                  "ID": 66
                                                }
                                              ],
                                              "parent": 51,
                                              "ID": 65,
                                              "left": 66
                                            }
                                          ],
                                          "parent": 50,
                                          "ID": 51,
                                          "left": 52,
                                          "right": 65
                                        }
                                      ],
                                      "parent": 49,
                                      "ID": 50,
                                      "left": 51
                                    }
                                  ],
                                  "parent": 48,
                                  "ID": 49,
                                  "left": 50
                                }
                              ],
                              "parent": 47,
                              "ID": 48,
                              "left": 49
                            }
                          ],
                          "parent": 46,
                          "ID": 47,
                          "left": 48
                        }
                      ],
                      "parent": 3,
                      "ID": 46,
                      "left": 47
                    }
                  ],
                  "parent": 2,
                  "ID": 3,
                  "left": 4,
                  "right": 25
                }
              ],
              "parent": 1,
              "ID": 2,
              "left": 3
            }
          ],
          "parent": 0,
          "ID": 1,
          "left": 2
        }
      ],
      "parent": null,
      "ID": 0,
      "left": 1
    },
    "feat": {
      "utility": 0.0,
      "query_shape": [
        [
          "Seq Scan",
          "Hash Join",
          "Sort",
          "Aggregate",
          "Gather Merge",
          "Subquery Scan",
          "Append"
        ],
        [
          "Seq Scan",
          "Hash",
          "Hash Join",
          "Sort",
          "Aggregate",
          "Gather Merge",
          "Subquery Scan",
          "Append"
        ],
        [
          "Seq Scan",
          "Hash",
          "Hash Join",
          "Sort",
          "Aggregate",
          "Gather Merge",
          "Subquery Scan",
          "Append"
        ],
        [
          "Seq Scan",
          "Hash",
          "Hash Join",
          "Sort",
          "Aggregate",
          "Gather Merge",
          "Subquery Scan",
          "Append"
        ],
        [
          "Seq Scan",
          "Hash",
          "Hash Join",
          "Sort",
          "Aggregate",
          "Gather Merge",
          "Subquery Scan",
          "Append"
        ],
        [
          "Seq Scan",
          "Hash",
          "Hash Join",
          "Sort",
          "Aggregate",
          "Gather Merge",
          "Subquery Scan",
          "Append"
        ],
        [
          "Seq Scan",
          "Hash Join",
          "Sort",
          "Aggregate",
          "Gather Merge",
          "Subquery Scan",
          "Append"
        ],
        [
          "Seq Scan",
          "Hash",
          "Hash Join",
          "Sort",
          "Aggregate",
          "Gather Merge",
          "Subquery Scan",
          "Append"
        ],
        [
          "Seq Scan",
          "Hash",
          "Hash Join",
          "Sort",
          "Aggregate",
          "Gather Merge",
          "Subquery Scan",
          "Append"
        ],
        [
          "Seq Scan",
          "Hash",
          "Hash Join",
          "Sort",
          "Aggregate",
          "Gather Merge",
          "Subquery Scan",
          "Append"
        ],
        [
          "Seq Scan",
          "Hash",
          "Hash Join",
          "Sort",
          "Aggregate",
          "Gather Merge",
          "Subquery Scan",
          "Append"
        ],
        [
          "Seq Scan",
          "Hash",
          "Hash Join",
          "Sort",
          "Aggregate",
          "Gather Merge",
          "Subquery Scan",
          "Append"
        ],
        [
          "Seq Scan",
          "Hash Join",
          "Sort",
          "Aggregate",
          "Gather Merge",
          "Subquery Scan",
          "Append"
        ],
        [
          "Seq Scan",
          "Hash",
          "Hash Join",
          "Sort",
          "Aggregate",
          "Gather Merge",
          "Subquery Scan",
          "Append"
        ],
        [
          "Seq Scan",
          "Hash",
          "Hash Join",
          "Sort",
          "Aggregate",
          "Gather Merge",
          "Subquery Scan",
          "Append"
        ],
        [
          "Seq Scan",
          "Hash",
          "Hash Join",
          "Sort",
          "Aggregate",
          "Gather Merge",
          "Subquery Scan",
          "Append"
        ],
        [
          "Seq Scan",
          "Hash",
          "Hash Join",
          "Sort",
          "Aggregate",
          "Gather Merge",
          "Subquery Scan",
          "Append"
        ],
        [
          "Seq Scan",
          "Hash",
          "Hash Join",
          "Sort",
          "Aggregate",
          "Gather Merge",
          "Subquery Scan",
          "Append"
        ]
      ],
      "index_shape": [],
      "physical_operator": {}
    }
  },
  {
    "query": "with ssr as\n (select  s_store_id as store_id,\n          sum(ss_ext_sales_price) as sales,\n          sum(coalesce(sr_return_amt, 0)) as returns,\n          sum(ss_net_profit - coalesce(sr_net_loss, 0)) as profit\n  from store_sales left outer join store_returns on\n         (ss_item_sk = sr_item_sk and ss_ticket_number = sr_ticket_number),\n     date_dim,\n     store,\n     item,\n     promotion\n where ss_sold_date_sk = d_date_sk\n       and d_date between cast('1998-08-19' as date) \n                  and (cast('1998-08-19' as date) +  interval '30 days')\n       and ss_store_sk = s_store_sk\n       and ss_item_sk = i_item_sk\n       and i_current_price > 50\n       and ss_promo_sk = p_promo_sk\n       and p_channel_tv = 'N'\n group by s_store_id)\n ,\n csr as\n (select  cp_catalog_page_id as catalog_page_id,\n          sum(cs_ext_sales_price) as sales,\n          sum(coalesce(cr_return_amount, 0)) as returns,\n          sum(cs_net_profit - coalesce(cr_net_loss, 0)) as profit\n  from catalog_sales left outer join catalog_returns on\n         (cs_item_sk = cr_item_sk and cs_order_number = cr_order_number),\n     date_dim,\n     catalog_page,\n     item,\n     promotion\n where cs_sold_date_sk = d_date_sk\n       and d_date between cast('1998-08-19' as date)\n                  and (cast('1998-08-19' as date) +  interval '30 days')\n        and cs_catalog_page_sk = cp_catalog_page_sk\n       and cs_item_sk = i_item_sk\n       and i_current_price > 50\n       and cs_promo_sk = p_promo_sk\n       and p_channel_tv = 'N'\ngroup by cp_catalog_page_id)\n ,\n wsr as\n (select  web_site_id,\n          sum(ws_ext_sales_price) as sales,\n          sum(coalesce(wr_return_amt, 0)) as returns,\n          sum(ws_net_profit - coalesce(wr_net_loss, 0)) as profit\n  from web_sales left outer join web_returns on\n         (ws_item_sk = wr_item_sk and ws_order_number = wr_order_number),\n     date_dim,\n     web_site,\n     item,\n     promotion\n where ws_sold_date_sk = d_date_sk\n       and d_date between cast('1998-08-19' as date)\n                  and (cast('1998-08-19' as date) +  interval '30 days')\n        and ws_web_site_sk = web_site_sk\n       and ws_item_sk = i_item_sk\n       and i_current_price > 50\n       and ws_promo_sk = p_promo_sk\n       and p_channel_tv = 'N'\ngroup by web_site_id)\n  select  channel\n        , id\n        , sum(sales) as sales\n        , sum(returns) as returns\n        , sum(profit) as profit\n from \n (select 'store channel' as channel\n        , 'store' || store_id as id\n        , sales\n        , returns\n        , profit\n from   ssr\n union all\n select 'catalog channel' as channel\n        , 'catalog_page' || catalog_page_id as id\n        , sales\n        , returns\n        , profit\n from  csr\n union all\n select 'web channel' as channel\n        , 'web_site' || web_site_id as id\n        , sales\n        , returns\n        , profit\n from   wsr\n ) x\n group by rollup (channel, id)\n order by channel\n         ,id\n limit 100;\n\n-- end query 61 in stream 0 using template query80.tpl\n",
    "indexes": "web_sales.ws_net_profit",
    "wo plan est": {
      "Node Type": "Limit",
      "Parallel Aware": false,
      "Async Capable": false,
      "Startup Cost": 1566782.76,
      "Total Cost": 1566786.01,
      "Plan Rows": 100,
      "Plan Width": 160,
      "Plans": [
        {
          "Node Type": "Aggregate",
          "Strategy": "Sorted",
          "Partial Mode": "Simple",
          "Parent Relationship": "Outer",
          "Parallel Aware": false,
          "Async Capable": false,
          "Startup Cost": 1566782.76,
          "Total Cost": 1566795.8,
          "Plan Rows": 401,
          "Plan Width": 160,
          "Grouping Sets": [
            {
              "Group Keys": [
                [
                  "('store channel'::text)",
                  "(('store'::text || (ssr.store_id)::text))"
                ],
                [
                  "('store channel'::text)"
                ],
                []
              ]
            }
          ],
          "Plans": [
            {
              "Node Type": "Sort",
              "Parent Relationship": "Outer",
              "Parallel Aware": false,
              "Async Capable": false,
              "Startup Cost": 1566782.76,
              "Total Cost": 1566783.77,
              "Plan Rows": 401,
              "Plan Width": 160,
              "Sort Key": [
                "('store channel'::text)",
                "(('store'::text || (ssr.store_id)::text))"
              ],
              "Plans": [
                {
                  "Node Type": "Append",
                  "Parent Relationship": "Outer",
                  "Parallel Aware": false,
                  "Async Capable": false,
                  "Startup Cost": 784591.9,
                  "Total Cost": 1566765.43,
                  "Plan Rows": 401,
                  "Plan Width": 160,
                  "Subplans Removed": 0,
                  "Plans": [
                    {
                      "Node Type": "Subquery Scan",
                      "Parent Relationship": "Member",
                      "Parallel Aware": false,
                      "Async Capable": false,
                      "Alias": "ssr",
                      "Startup Cost": 784591.9,
                      "Total Cost": 784611.64,
                      "Plan Rows": 51,
                      "Plan Width": 160,
                      "Plans": [
                        {
                          "Node Type": "Aggregate",
                          "Strategy": "Sorted",
                          "Partial Mode": "Finalize",
                          "Parent Relationship": "Subquery",
                          "Parallel Aware": false,
                          "Async Capable": false,
                          "Startup Cost": 784591.9,
                          "Total Cost": 784610.87,
                          "Plan Rows": 51,
                          "Plan Width": 113,
                          "Group Key": [
                            "store.s_store_id"
                          ],
                          "Plans": [
                            {
                              "Node Type": "Gather Merge",
                              "Parent Relationship": "Outer",
                              "Parallel Aware": false,
                              "Async Capable": false,
                              "Startup Cost": 784591.9,
                              "Total Cost": 784608.2,
                              "Plan Rows": 102,
                              "Plan Width": 113,
                              "Workers Planned": 2,
                              "Plans": [
                                {
                                  "Node Type": "Aggregate",
                                  "Strategy": "Sorted",
                                  "Partial Mode": "Partial",
                                  "Parent Relationship": "Outer",
                                  "Parallel Aware": false,
                                  "Async Capable": false,
                                  "Startup Cost": 783591.88,
                                  "Total Cost": 783596.4,
                                  "Plan Rows": 51,
                                  "Plan Width": 113,
                                  "Group Key": [
                                    "store.s_store_id"
                                  ],
                                  "Plans": [
                                    {
                                      "Node Type": "Sort",
                                      "Parent Relationship": "Outer",
                                      "Parallel Aware": false,
                                      "Async Capable": false,
                                      "Startup Cost": 783591.88,
                                      "Total Cost": 783592.48,
                                      "Plan Rows": 242,
                                      "Plan Width": 41,
                                      "Sort Key": [
                                        "store.s_store_id"
                                      ],
                                      "Plans": [
                                        {
                                          "Node Type": "Hash Join",
                                          "Parent Relationship": "Outer",
                                          "Parallel Aware": false,
                                          "Async Capable": false,
                                          "Join Type": "Inner",
                                          "Startup Cost": 94489.35,
                                          "Total Cost": 783582.3,
                                          "Plan Rows": 242,
                                          "Plan Width": 41,
                                          "Inner Unique": false,
                                          "Hash Cond": "(store_sales.ss_store_sk = store.s_store_sk)",
                                          "Plans": [
                                            {
                                              "Node Type": "Hash Join",
                                              "Parent Relationship": "Outer",
                                              "Parallel Aware": false,
                                              "Async Capable": false,
                                              "Join Type": "Inner",
                                              "Startup Cost": 94482.05,
                                              "Total Cost": 783571.63,
                                              "Plan Rows": 254,
                                              "Plan Width": 28,
                                              "Inner Unique": false,
                                              "Hash Cond": "(store_sales.ss_promo_sk = promotion.p_promo_sk)",
                                              "Plans": [
                                                {
                                                  "Node Type": "Hash Join",
                                                  "Parent Relationship": "Outer",
                                                  "Parallel Aware": true,
                                                  "Async Capable": false,
                                                  "Join Type": "Inner",
                                                  "Startup Cost": 94456.65,
                                                  "Total Cost": 783542.68,
                                                  "Plan Rows": 270,
                                                  "Plan Width": 32,
                                                  "Inner Unique": false,
                                                  "Hash Cond": "(store_sales.ss_item_sk = item.i_item_sk)",
                                                  "Plans": [
                                                    {
                                                      "Node Type": "Hash Join",
                                                      "Parent Relationship": "Outer",
                                                      "Parallel Aware": true,
                                                      "Async Capable": false,
                                                      "Join Type": "Left",
                                                      "Startup Cost": 86930.88,
                                                      "Total Cost": 775998.13,
                                                      "Plan Rows": 4703,
                                                      "Plan Width": 36,
                                                      "Inner Unique": false,
                                                      "Hash Cond": "((store_sales.ss_item_sk = store_returns.sr_item_sk) AND (store_sales.ss_ticket_number = store_returns.sr_ticket_number))",
                                                      "Plans": [
                                                        {
                                                          "Node Type": "Hash Join",
                                                          "Parent Relationship": "Outer",
                                                          "Parallel Aware": true,
                                                          "Async Capable": false,
                                                          "Join Type": "Inner",
                                                          "Startup Cost": 2049.78,
                                                          "Total Cost": 683994.75,
                                                          "Plan Rows": 4703,
                                                          "Plan Width": 28,
                                                          "Inner Unique": false,
                                                          "Hash Cond": "(store_sales.ss_sold_date_sk = date_dim.d_date_sk)",
                                                          "Plans": [
                                                            {
                                                              "Node Type": "Seq Scan",
                                                              "Parent Relationship": "Outer",
                                                              "Parallel Aware": true,
                                                              "Async Capable": false,
                                                              "Relation Name": "store_sales",
                                                              "Alias": "store_sales",
                                                              "Startup Cost": 0.0,
                                                              "Total Cost": 636914.37,
                                                              "Plan Rows": 12000637,
                                                              "Plan Width": 32,
                                                              "parent": 13,
                                                              "ID": 14
                                                            },
                                                            {
                                                              "Node Type": "Hash",
                                                              "Parent Relationship": "Inner",
                                                              "Parallel Aware": true,
                                                              "Async Capable": false,
                                                              "Startup Cost": 2049.55,
                                                              "Total Cost": 2049.55,
                                                              "Plan Rows": 18,
                                                              "Plan Width": 4,
                                                              "Plans": [
                                                                {
                                                                  "Node Type": "Seq Scan",
                                                                  "Parent Relationship": "Outer",
                                                                  "Parallel Aware": true,
                                                                  "Async Capable": false,
                                                                  "Relation Name": "date_dim",
                                                                  "Alias": "date_dim",
                                                                  "Startup Cost": 0.0,
                                                                  "Total Cost": 2049.55,
                                                                  "Plan Rows": 18,
                                                                  "Plan Width": 4,
                                                                  "Filter": "((d_date >= '1998-08-19'::date) AND (d_date <= '1998-09-18 00:00:00'::timestamp without time zone))",
                                                                  "parent": 15,
                                                                  "ID": 16
                                                                }
                                                              ],
                                                              "parent": 13,
                                                              "ID": 15,
                                                              "left": 16
                                                            }
                                                          ],
                                                          "parent": 12,
                                                          "ID": 13,
                                                          "left": 14,
                                                          "right": 15
                                                        },
                                                        {
                                                          "Node Type": "Hash",
                                                          "Parent Relationship": "Inner",
                                                          "Parallel Aware": true,
                                                          "Async Capable": false,
                                                          "Startup Cost": 59887.64,
                                                          "Total Cost": 59887.64,
                                                          "Plan Rows": 1198164,
                                                          "Plan Width": 20,
                                                          "Plans": [
                                                            {
                                                              "Node Type": "Seq Scan",
                                                              "Parent Relationship": "Outer",
                                                              "Parallel Aware": true,
                                                              "Async Capable": false,
                                                              "Relation Name": "store_returns",
                                                              "Alias": "store_returns",
                                                              "Startup Cost": 0.0,
                                                              "Total Cost": 59887.64,
                                                              "Plan Rows": 1198164,
                                                              "Plan Width": 20,
                                                              "parent": 17,
                                                              "ID": 18
                                                            }
                                                          ],
                                                          "parent": 12,
                                                          "ID": 17,
                                                          "left": 18
                                                        }
                                                      ],
                                                      "parent": 11,
                                                      "ID": 12,
                                                      "left": 13,
                                                      "right": 17
                                                    },
                                                    {
                                                      "Node Type": "Hash",
                                                      "Parent Relationship": "Inner",
                                                      "Parallel Aware": true,
                                                      "Async Capable": false,
                                                      "Startup Cost": 7495.25,
                                                      "Total Cost": 7495.25,
                                                      "Plan Rows": 2442,
                                                      "Plan Width": 4,
                                                      "Plans": [
                                                        {
                                                          "Node Type": "Seq Scan",
                                                          "Parent Relationship": "Outer",
                                                          "Parallel Aware": true,
                                                          "Async Capable": false,
                                                          "Relation Name": "item",
                                                          "Alias": "item",
                                                          "Startup Cost": 0.0,
                                                          "Total Cost": 7495.25,
                                                          "Plan Rows": 2442,
                                                          "Plan Width": 4,
                                                          "Filter": "(i_current_price > '50'::numeric)",
                                                          "parent": 19,
                                                          "ID": 20
                                                        }
                                                      ],
                                                      "parent": 11,
                                                      "ID": 19,
                                                      "left": 20
                                                    }
                                                  ],
                                                  "parent": 10,
                                                  "ID": 11,
                                                  "left": 12,
                                                  "right": 19
                                                },
                                                {
                                                  "Node Type": "Hash",
                                                  "Parent Relationship": "Inner",
                                                  "Parallel Aware": false,
                                                  "Async Capable": false,
                                                  "Startup Cost": 19.25,
                                                  "Total Cost": 19.25,
                                                  "Plan Rows": 492,
                                                  "Plan Width": 4,
                                                  "Plans": [
                                                    {
                                                      "Node Type": "Seq Scan",
                                                      "Parent Relationship": "Outer",
                                                      "Parallel Aware": false,
                                                      "Async Capable": false,
                                                      "Relation Name": "promotion",
                                                      "Alias": "promotion",
                                                      "Startup Cost": 0.0,
                                                      "Total Cost": 19.25,
                                                      "Plan Rows": 492,
                                                      "Plan Width": 4,
                                                      "Filter": "(p_channel_tv = 'N'::bpchar)",
                                                      "parent": 21,
                                                      "ID": 22
                                                    }
                                                  ],
                                                  "parent": 10,
                                                  "ID": 21,
                                                  "left": 22
                                                }
                                              ],
                                              "parent": 9,
                                              "ID": 10,
                                              "left": 11,
                                              "right": 21
                                            },
                                            {
                                              "Node Type": "Hash",
                                              "Parent Relationship": "Inner",
                                              "Parallel Aware": false,
                                              "Async Capable": false,
                                              "Startup Cost": 6.02,
                                              "Total Cost": 6.02,
                                              "Plan Rows": 102,
                                              "Plan Width": 21,
                                              "Plans": [
                                                {
                                                  "Node Type": "Seq Scan",
                                                  "Parent Relationship": "Outer",
                                                  "Parallel Aware": false,
                                                  "Async Capable": false,
                                                  "Relation Name": "store",
                                                  "Alias": "store",
                                                  "Startup Cost": 0.0,
                                                  "Total Cost": 6.02,
                                                  "Plan Rows": 102,
                                                  "Plan Width": 21,
                                                  "parent": 23,
                                                  "ID": 24
                                                }
                                              ],
                                              "parent": 9,
                                              "ID": 23,
                                              "left": 24
                                            }
                                          ],
                                          "parent": 8,
                                          "ID": 9,
                                          "left": 10,
                                          "right": 23
                                        }
                                      ],
                                      "parent": 7,
                                      "ID": 8,
                                      "left": 9
                                    }
                                  ],
                                  "parent": 6,
                                  "ID": 7,
                                  "left": 8
                                }
                              ],
                              "parent": 5,
                              "ID": 6,
                              "left": 7
                            }
                          ],
                          "parent": 4,
                          "ID": 5,
                          "left": 6
                        }
                      ],
                      "parent": 3,
                      "ID": 4,
                      "left": 5
                    },
                    {
                      "Node Type": "Subquery Scan",
                      "Parent Relationship": "Member",
                      "Parallel Aware": false,
                      "Async Capable": false,
                      "Alias": "csr",
                      "Startup Cost": 518174.1,
                      "Total Cost": 518225.66,
                      "Plan Rows": 329,
                      "Plan Width": 160,
                      "Plans": [
                        {
                          "Node Type": "Aggregate",
                          "Strategy": "Sorted",
                          "Partial Mode": "Finalize",
                          "Parent Relationship": "Subquery",
                          "Parallel Aware": false,
                          "Async Capable": false,
                          "Startup Cost": 518174.1,
                          "Total Cost": 518220.73,
                          "Plan Rows": 329,
                          "Plan Width": 113,
                          "Group Key": [
                            "catalog_page.cp_catalog_page_id"
                          ],
                          "Plans": [
                            {
                              "Node Type": "Gather Merge",
                              "Parent Relationship": "Outer",
                              "Parallel Aware": false,
                              "Async Capable": false,
                              "Startup Cost": 518174.1,
                              "Total Cost": 518210.18,
                              "Plan Rows": 274,
                              "Plan Width": 113,
                              "Workers Planned": 2,
                              "Plans": [
                                {
                                  "Node Type": "Aggregate",
                                  "Strategy": "Sorted",
                                  "Partial Mode": "Partial",
                                  "Parent Relationship": "Outer",
                                  "Parallel Aware": false,
                                  "Async Capable": false,
                                  "Startup Cost": 517174.07,
                                  "Total Cost": 517178.53,
                                  "Plan Rows": 137,
                                  "Plan Width": 113,
                                  "Group Key": [
                                    "catalog_page.cp_catalog_page_id"
                                  ],
                                  "Plans": [
                                    {
                                      "Node Type": "Sort",
                                      "Parent Relationship": "Outer",
                                      "Parallel Aware": false,
                                      "Async Capable": false,
                                      "Startup Cost": 517174.07,
                                      "Total Cost": 517174.42,
                                      "Plan Rows": 137,
                                      "Plan Width": 41,
                                      "Sort Key": [
                                        "catalog_page.cp_catalog_page_id"
                                      ],
                                      "Plans": [
                                        {
                                          "Node Type": "Hash Join",
                                          "Parent Relationship": "Outer",
                                          "Parallel Aware": false,
                                          "Async Capable": false,
                                          "Join Type": "Inner",
                                          "Startup Cost": 57382.33,
                                          "Total Cost": 517169.21,
                                          "Plan Rows": 137,
                                          "Plan Width": 41,
                                          "Inner Unique": false,
                                          "Hash Cond": "(catalog_sales.cs_catalog_page_sk = catalog_page.cp_catalog_page_sk)",
                                          "Plans": [
                                            {
                                              "Node Type": "Hash Join",
                                              "Parent Relationship": "Outer",
                                              "Parallel Aware": false,
                                              "Async Capable": false,
                                              "Join Type": "Inner",
                                              "Startup Cost": 56864.33,
                                              "Total Cost": 516649.32,
                                              "Plan Rows": 138,
                                              "Plan Width": 28,
                                              "Inner Unique": false,
                                              "Hash Cond": "(catalog_sales.cs_promo_sk = promotion_1.p_promo_sk)",
                                              "Plans": [
                                                {
                                                  "Node Type": "Hash Join",
                                                  "Parent Relationship": "Outer",
                                                  "Parallel Aware": true,
                                                  "Async Capable": false,
                                                  "Join Type": "Inner",
                                                  "Startup Cost": 56838.93,
                                                  "Total Cost": 516622.01,
                                                  "Plan Rows": 141,
                                                  "Plan Width": 32,
                                                  "Inner Unique": false,
                                                  "Hash Cond": "(catalog_sales.cs_item_sk = item_1.i_item_sk)",
                                                  "Plans": [
                                                    {
                                                      "Node Type": "Hash Join",
                                                      "Parent Relationship": "Outer",
                                                      "Parallel Aware": true,
                                                      "Async Capable": false,
                                                      "Join Type": "Left",
                                                      "Startup Cost": 49313.15,
                                                      "Total Cost": 509086.46,
                                                      "Plan Rows": 2450,
                                                      "Plan Width": 36,
                                                      "Inner Unique": false,
                                                      "Hash Cond": "((catalog_sales.cs_item_sk = catalog_returns.cr_item_sk) AND (catalog_sales.cs_order_number = catalog_returns.cr_order_number))",
                                                      "Plans": [
                                                        {
                                                          "Node Type": "Hash Join",
                                                          "Parent Relationship": "Outer",
                                                          "Parallel Aware": true,
                                                          "Async Capable": false,
                                                          "Join Type": "Inner",
                                                          "Startup Cost": 2049.78,
                                                          "Total Cost": 458254.7,
                                                          "Plan Rows": 2450,
                                                          "Plan Width": 28,
                                                          "Inner Unique": false,
                                                          "Hash Cond": "(catalog_sales.cs_sold_date_sk = date_dim_1.d_date_sk)",
                                                          "Plans": [
                                                            {
                                                              "Node Type": "Seq Scan",
                                                              "Parent Relationship": "Outer",
                                                              "Parallel Aware": true,
                                                              "Async Capable": false,
                                                              "Relation Name": "catalog_sales",
                                                              "Alias": "catalog_sales",
                                                              "Startup Cost": 0.0,
                                                              "Total Cost": 433688.25,
                                                              "Plan Rows": 6000525,
                                                              "Plan Width": 32,
                                                              "parent": 34,
                                                              "ID": 35
                                                            },
                                                            {
                                                              "Node Type": "Hash",
                                                              "Parent Relationship": "Inner",
                                                              "Parallel Aware": true,
                                                              "Async Capable": false,
                                                              "Startup Cost": 2049.55,
                                                              "Total Cost": 2049.55,
                                                              "Plan Rows": 18,
                                                              "Plan Width": 4,
                                                              "Plans": [
                                                                {
                                                                  "Node Type": "Seq Scan",
                                                                  "Parent Relationship": "Outer",
                                                                  "Parallel Aware": true,
                                                                  "Async Capable": false,
                                                                  "Relation Name": "date_dim",
                                                                  "Alias": "date_dim_1",
                                                                  "Startup Cost": 0.0,
                                                                  "Total Cost": 2049.55,
                                                                  "Plan Rows": 18,
                                                                  "Plan Width": 4,
                                                                  "Filter": "((d_date >= '1998-08-19'::date) AND (d_date <= '1998-09-18 00:00:00'::timestamp without time zone))",
                                                                  "parent": 36,
                                                                  "ID": 37
                                                                }
                                                              ],
                                                              "parent": 34,
                                                              "ID": 36,
                                                              "left": 37
                                                            }
                                                          ],
                                                          "parent": 33,
                                                          "ID": 34,
                                                          "left": 35,
                                                          "right": 36
                                                        },
                                                        {
                                                          "Node Type": "Hash",
                                                          "Parent Relationship": "Inner",
                                                          "Parallel Aware": true,
                                                          "Async Capable": false,
                                                          "Startup Cost": 34748.95,
                                                          "Total Cost": 34748.95,
                                                          "Plan Rows": 599895,
                                                          "Plan Width": 20,
                                                          "Plans": [
                                                            {
                                                              "Node Type": "Seq Scan",
                                                              "Parent Relationship": "Outer",
                                                              "Parallel Aware": true,
                                                              "Async Capable": false,
                                                              "Relation Name": "catalog_returns",
                                                              "Alias": "catalog_returns",
                                                              "Startup Cost": 0.0,
                                                              "Total Cost": 34748.95,
                                                              "Plan Rows": 599895,
                                                              "Plan Width": 20,
                                                              "parent": 38,
                                                              "ID": 39
                                                            }
                                                          ],
                                                          "parent": 33,
                                                          "ID": 38,
                                                          "left": 39
                                                        }
                                                      ],
                                                      "parent": 32,
                                                      "ID": 33,
                                                      "left": 34,
                                                      "right": 38
                                                    },
                                                    {
                                                      "Node Type": "Hash",
                                                      "Parent Relationship": "Inner",
                                                      "Parallel Aware": true,
                                                      "Async Capable": false,
                                                      "Startup Cost": 7495.25,
                                                      "Total Cost": 7495.25,
                                                      "Plan Rows": 2442,
                                                      "Plan Width": 4,
                                                      "Plans": [
                                                        {
                                                          "Node Type": "Seq Scan",
                                                          "Parent Relationship": "Outer",
                                                          "Parallel Aware": true,
                                                          "Async Capable": false,
                                                          "Relation Name": "item",
                                                          "Alias": "item_1",
                                                          "Startup Cost": 0.0,
                                                          "Total Cost": 7495.25,
                                                          "Plan Rows": 2442,
                                                          "Plan Width": 4,
                                                          "Filter": "(i_current_price > '50'::numeric)",
                                                          "parent": 40,
                                                          "ID": 41
                                                        }
                                                      ],
                                                      "parent": 32,
                                                      "ID": 40,
                                                      "left": 41
                                                    }
                                                  ],
                                                  "parent": 31,
                                                  "ID": 32,
                                                  "left": 33,
                                                  "right": 40
                                                },
                                                {
                                                  "Node Type": "Hash",
                                                  "Parent Relationship": "Inner",
                                                  "Parallel Aware": false,
                                                  "Async Capable": false,
                                                  "Startup Cost": 19.25,
                                                  "Total Cost": 19.25,
                                                  "Plan Rows": 492,
                                                  "Plan Width": 4,
                                                  "Plans": [
                                                    {
                                                      "Node Type": "Seq Scan",
                                                      "Parent Relationship": "Outer",
                                                      "Parallel Aware": false,
                                                      "Async Capable": false,
                                                      "Relation Name": "promotion",
                                                      "Alias": "promotion_1",
                                                      "Startup Cost": 0.0,
                                                      "Total Cost": 19.25,
                                                      "Plan Rows": 492,
                                                      "Plan Width": 4,
                                                      "Filter": "(p_channel_tv = 'N'::bpchar)",
                                                      "parent": 42,
                                                      "ID": 43
                                                    }
                                                  ],
                                                  "parent": 31,
                                                  "ID": 42,
                                                  "left": 43
                                                }
                                              ],
                                              "parent": 30,
                                              "ID": 31,
                                              "left": 32,
                                              "right": 42
                                            },
                                            {
                                              "Node Type": "Hash",
                                              "Parent Relationship": "Inner",
                                              "Parallel Aware": false,
                                              "Async Capable": false,
                                              "Startup Cost": 368.0,
                                              "Total Cost": 368.0,
                                              "Plan Rows": 12000,
                                              "Plan Width": 21,
                                              "Plans": [
                                                {
                                                  "Node Type": "Seq Scan",
                                                  "Parent Relationship": "Outer",
                                                  "Parallel Aware": false,
                                                  "Async Capable": false,
                                                  "Relation Name": "catalog_page",
                                                  "Alias": "catalog_page",
                                                  "Startup Cost": 0.0,
                                                  "Total Cost": 368.0,
                                                  "Plan Rows": 12000,
                                                  "Plan Width": 21,
                                                  "parent": 44,
                                                  "ID": 45
                                                }
                                              ],
                                              "parent": 30,
                                              "ID": 44,
                                              "left": 45
                                            }
                                          ],
                                          "parent": 29,
                                          "ID": 30,
                                          "left": 31,
                                          "right": 44
                                        }
                                      ],
                                      "parent": 28,
                                      "ID": 29,
                                      "left": 30
                                    }
                                  ],
                                  "parent": 27,
                                  "ID": 28,
                                  "left": 29
                                }
                              ],
                              "parent": 26,
                              "ID": 27,
                              "left": 28
                            }
                          ],
                          "parent": 25,
                          "ID": 26,
                          "left": 27
                        }
                      ],
                      "parent": 3,
                      "ID": 25,
                      "left": 26
                    },
                    {
                      "Node Type": "Subquery Scan",
                      "Parent Relationship": "Member",
                      "Parallel Aware": false,
                      "Async Capable": false,
                      "Alias": "wsr",
                      "Startup Cost": 263918.43,
                      "Total Cost": 263926.12,
                      "Plan Rows": 21,
                      "Plan Width": 160,
                      "Plans": [
                        {
                          "Node Type": "Aggregate",
                          "Strategy": "Sorted",
                          "Partial Mode": "Finalize",
                          "Parent Relationship": "Subquery",
                          "Parallel Aware": false,
                          "Async Capable": false,
                          "Startup Cost": 263918.43,
                          "Total Cost": 263925.8,
                          "Plan Rows": 21,
                          "Plan Width": 113,
                          "Group Key": [
                            "web_site.web_site_id"
                          ],
                          "Plans": [
                            {
                              "Node Type": "Gather Merge",
                              "Parent Relationship": "Outer",
                              "Parallel Aware": false,
                              "Async Capable": false,
                              "Startup Cost": 263918.43,
                              "Total Cost": 263924.7,
                              "Plan Rows": 42,
                              "Plan Width": 113,
                              "Workers Planned": 2,
                              "Plans": [
                                {
                                  "Node Type": "Aggregate",
                                  "Strategy": "Sorted",
                                  "Partial Mode": "Partial",
                                  "Parent Relationship": "Outer",
                                  "Parallel Aware": false,
                                  "Async Capable": false,
                                  "Startup Cost": 262918.41,
                                  "Total Cost": 262919.83,
                                  "Plan Rows": 21,
                                  "Plan Width": 113,
                                  "Group Key": [
                                    "web_site.web_site_id"
                                  ],
                                  "Plans": [
                                    {
                                      "Node Type": "Sort",
                                      "Parent Relationship": "Outer",
                                      "Parallel Aware": false,
                                      "Async Capable": false,
                                      "Startup Cost": 262918.41,
                                      "Total Cost": 262918.59,
                                      "Plan Rows": 70,
                                      "Plan Width": 41,
                                      "Sort Key": [
                                        "web_site.web_site_id"
                                      ],
                                      "Plans": [
                                        {
                                          "Node Type": "Hash Join",
                                          "Parent Relationship": "Outer",
                                          "Parallel Aware": false,
                                          "Async Capable": false,
                                          "Join Type": "Inner",
                                          "Startup Cost": 32134.74,
                                          "Total Cost": 262916.27,
                                          "Plan Rows": 70,
                                          "Plan Width": 41,
                                          "Inner Unique": false,
                                          "Hash Cond": "(web_sales.ws_web_site_sk = web_site.web_site_sk)",
                                          "Plans": [
                                            {
                                              "Node Type": "Hash Join",
                                              "Parent Relationship": "Outer",
                                              "Parallel Aware": false,
                                              "Async Capable": false,
                                              "Join Type": "Inner",
                                              "Startup Cost": 32130.8,
                                              "Total Cost": 262911.36,
                                              "Plan Rows": 70,
                                              "Plan Width": 28,
                                              "Inner Unique": false,
                                              "Hash Cond": "(web_sales.ws_promo_sk = promotion_2.p_promo_sk)",
                                              "Plans": [
                                                {
                                                  "Node Type": "Hash Join",
                                                  "Parent Relationship": "Outer",
                                                  "Parallel Aware": true,
                                                  "Async Capable": false,
                                                  "Join Type": "Inner",
                                                  "Startup Cost": 32105.4,
                                                  "Total Cost": 262884.99,
                                                  "Plan Rows": 71,
                                                  "Plan Width": 32,
                                                  "Inner Unique": false,
                                                  "Hash Cond": "(web_sales.ws_item_sk = item_2.i_item_sk)",
                                                  "Plans": [
                                                    {
                                                      "Node Type": "Hash Join",
                                                      "Parent Relationship": "Outer",
                                                      "Parallel Aware": true,
                                                      "Async Capable": false,
                                                      "Join Type": "Left",
                                                      "Startup Cost": 24579.62,
                                                      "Total Cost": 255354.31,
                                                      "Plan Rows": 1231,
                                                      "Plan Width": 36,
                                                      "Inner Unique": false,
                                                      "Hash Cond": "((web_sales.ws_item_sk = web_returns.wr_item_sk) AND (web_sales.ws_order_number = web_returns.wr_order_number))",
                                                      "Plans": [
                                                        {
                                                          "Node Type": "Hash Join",
                                                          "Parent Relationship": "Outer",
                                                          "Parallel Aware": true,
                                                          "Async Capable": false,
                                                          "Join Type": "Inner",
                                                          "Startup Cost": 2049.78,
                                                          "Total Cost": 231041.22,
                                                          "Plan Rows": 1231,
                                                          "Plan Width": 28,
                                                          "Inner Unique": false,
                                                          "Hash Cond": "(web_sales.ws_sold_date_sk = date_dim_2.d_date_sk)",
                                                          "Plans": [
                                                            {
                                                              "Node Type": "Seq Scan",
                                                              "Parent Relationship": "Outer",
                                                              "Parallel Aware": true,
                                                              "Async Capable": false,
                                                              "Relation Name": "web_sales",
                                                              "Alias": "web_sales",
                                                              "Startup Cost": 0.0,
                                                              "Total Cost": 217737.86,
                                                              "Plan Rows": 2998986,
                                                              "Plan Width": 32,
                                                              "parent": 55,
                                                              "ID": 56
                                                            },
                                                            {
                                                              "Node Type": "Hash",
                                                              "Parent Relationship": "Inner",
                                                              "Parallel Aware": true,
                                                              "Async Capable": false,
                                                              "Startup Cost": 2049.55,
                                                              "Total Cost": 2049.55,
                                                              "Plan Rows": 18,
                                                              "Plan Width": 4,
                                                              "Plans": [
                                                                {
                                                                  "Node Type": "Seq Scan",
                                                                  "Parent Relationship": "Outer",
                                                                  "Parallel Aware": true,
                                                                  "Async Capable": false,
                                                                  "Relation Name": "date_dim",
                                                                  "Alias": "date_dim_2",
                                                                  "Startup Cost": 0.0,
                                                                  "Total Cost": 2049.55,
                                                                  "Plan Rows": 18,
                                                                  "Plan Width": 4,
                                                                  "Filter": "((d_date >= '1998-08-19'::date) AND (d_date <= '1998-09-18 00:00:00'::timestamp without time zone))",
                                                                  "parent": 57,
                                                                  "ID": 58
                                                                }
                                                              ],
                                                              "parent": 55,
                                                              "ID": 57,
                                                              "left": 58
                                                            }
                                                          ],
                                                          "parent": 54,
                                                          "ID": 55,
                                                          "left": 56,
                                                          "right": 57
                                                        },
                                                        {
                                                          "Node Type": "Hash",
                                                          "Parent Relationship": "Inner",
                                                          "Parallel Aware": true,
                                                          "Async Capable": false,
                                                          "Startup Cost": 16278.74,
                                                          "Total Cost": 16278.74,
                                                          "Plan Rows": 299674,
                                                          "Plan Width": 20,
                                                          "Plans": [
                                                            {
                                                              "Node Type": "Seq Scan",
                                                              "Parent Relationship": "Outer",
                                                              "Parallel Aware": true,
                                                              "Async Capable": false,
                                                              "Relation Name": "web_returns",
                                                              "Alias": "web_returns",
                                                              "Startup Cost": 0.0,
                                                              "Total Cost": 16278.74,
                                                              "Plan Rows": 299674,
                                                              "Plan Width": 20,
                                                              "parent": 59,
                                                              "ID": 60
                                                            }
                                                          ],
                                                          "parent": 54,
                                                          "ID": 59,
                                                          "left": 60
                                                        }
                                                      ],
                                                      "parent": 53,
                                                      "ID": 54,
                                                      "left": 55,
                                                      "right": 59
                                                    },
                                                    {
                                                      "Node Type": "Hash",
                                                      "Parent Relationship": "Inner",
                                                      "Parallel Aware": true,
                                                      "Async Capable": false,
                                                      "Startup Cost": 7495.25,
                                                      "Total Cost": 7495.25,
                                                      "Plan Rows": 2442,
                                                      "Plan Width": 4,
                                                      "Plans": [
                                                        {
                                                          "Node Type": "Seq Scan",
                                                          "Parent Relationship": "Outer",
                                                          "Parallel Aware": true,
                                                          "Async Capable": false,
                                                          "Relation Name": "item",
                                                          "Alias": "item_2",
                                                          "Startup Cost": 0.0,
                                                          "Total Cost": 7495.25,
                                                          "Plan Rows": 2442,
                                                          "Plan Width": 4,
                                                          "Filter": "(i_current_price > '50'::numeric)",
                                                          "parent": 61,
                                                          "ID": 62
                                                        }
                                                      ],
                                                      "parent": 53,
                                                      "ID": 61,
                                                      "left": 62
                                                    }
                                                  ],
                                                  "parent": 52,
                                                  "ID": 53,
                                                  "left": 54,
                                                  "right": 61
                                                },
                                                {
                                                  "Node Type": "Hash",
                                                  "Parent Relationship": "Inner",
                                                  "Parallel Aware": false,
                                                  "Async Capable": false,
                                                  "Startup Cost": 19.25,
                                                  "Total Cost": 19.25,
                                                  "Plan Rows": 492,
                                                  "Plan Width": 4,
                                                  "Plans": [
                                                    {
                                                      "Node Type": "Seq Scan",
                                                      "Parent Relationship": "Outer",
                                                      "Parallel Aware": false,
                                                      "Async Capable": false,
                                                      "Relation Name": "promotion",
                                                      "Alias": "promotion_2",
                                                      "Startup Cost": 0.0,
                                                      "Total Cost": 19.25,
                                                      "Plan Rows": 492,
                                                      "Plan Width": 4,
                                                      "Filter": "(p_channel_tv = 'N'::bpchar)",
                                                      "parent": 63,
                                                      "ID": 64
                                                    }
                                                  ],
                                                  "parent": 52,
                                                  "ID": 63,
                                                  "left": 64
                                                }
                                              ],
                                              "parent": 51,
                                              "ID": 52,
                                              "left": 53,
                                              "right": 63
                                            },
                                            {
                                              "Node Type": "Hash",
                                              "Parent Relationship": "Inner",
                                              "Parallel Aware": false,
                                              "Async Capable": false,
                                              "Startup Cost": 3.42,
                                              "Total Cost": 3.42,
                                              "Plan Rows": 42,
                                              "Plan Width": 21,
                                              "Plans": [
                                                {
                                                  "Node Type": "Seq Scan",
                                                  "Parent Relationship": "Outer",
                                                  "Parallel Aware": false,
                                                  "Async Capable": false,
                                                  "Relation Name": "web_site",
                                                  "Alias": "web_site",
                                                  "Startup Cost": 0.0,
                                                  "Total Cost": 3.42,
                                                  "Plan Rows": 42,
                                                  "Plan Width": 21,
                                                  "parent": 65,
                                                  "ID": 66
                                                }
                                              ],
                                              "parent": 51,
                                              "ID": 65,
                                              "left": 66
                                            }
                                          ],
                                          "parent": 50,
                                          "ID": 51,
                                          "left": 52,
                                          "right": 65
                                        }
                                      ],
                                      "parent": 49,
                                      "ID": 50,
                                      "left": 51
                                    }
                                  ],
                                  "parent": 48,
                                  "ID": 49,
                                  "left": 50
                                }
                              ],
                              "parent": 47,
                              "ID": 48,
                              "left": 49
                            }
                          ],
                          "parent": 46,
                          "ID": 47,
                          "left": 48
                        }
                      ],
                      "parent": 3,
                      "ID": 46,
                      "left": 47
                    }
                  ],
                  "parent": 2,
                  "ID": 3,
                  "left": 4,
                  "right": 25
                }
              ],
              "parent": 1,
              "ID": 2,
              "left": 3
            }
          ],
          "parent": 0,
          "ID": 1,
          "left": 2
        }
      ],
      "parent": null,
      "ID": 0,
      "left": 1
    },
    "feat": {
      "utility": 0.0,
      "query_shape": [
        [
          "Seq Scan",
          "Hash Join",
          "Sort",
          "Aggregate",
          "Gather Merge",
          "Subquery Scan",
          "Append"
        ],
        [
          "Seq Scan",
          "Hash",
          "Hash Join",
          "Sort",
          "Aggregate",
          "Gather Merge",
          "Subquery Scan",
          "Append"
        ],
        [
          "Seq Scan",
          "Hash",
          "Hash Join",
          "Sort",
          "Aggregate",
          "Gather Merge",
          "Subquery Scan",
          "Append"
        ],
        [
          "Seq Scan",
          "Hash",
          "Hash Join",
          "Sort",
          "Aggregate",
          "Gather Merge",
          "Subquery Scan",
          "Append"
        ],
        [
          "Seq Scan",
          "Hash",
          "Hash Join",
          "Sort",
          "Aggregate",
          "Gather Merge",
          "Subquery Scan",
          "Append"
        ],
        [
          "Seq Scan",
          "Hash",
          "Hash Join",
          "Sort",
          "Aggregate",
          "Gather Merge",
          "Subquery Scan",
          "Append"
        ],
        [
          "Seq Scan",
          "Hash Join",
          "Sort",
          "Aggregate",
          "Gather Merge",
          "Subquery Scan",
          "Append"
        ],
        [
          "Seq Scan",
          "Hash",
          "Hash Join",
          "Sort",
          "Aggregate",
          "Gather Merge",
          "Subquery Scan",
          "Append"
        ],
        [
          "Seq Scan",
          "Hash",
          "Hash Join",
          "Sort",
          "Aggregate",
          "Gather Merge",
          "Subquery Scan",
          "Append"
        ],
        [
          "Seq Scan",
          "Hash",
          "Hash Join",
          "Sort",
          "Aggregate",
          "Gather Merge",
          "Subquery Scan",
          "Append"
        ],
        [
          "Seq Scan",
          "Hash",
          "Hash Join",
          "Sort",
          "Aggregate",
          "Gather Merge",
          "Subquery Scan",
          "Append"
        ],
        [
          "Seq Scan",
          "Hash",
          "Hash Join",
          "Sort",
          "Aggregate",
          "Gather Merge",
          "Subquery Scan",
          "Append"
        ],
        [
          "Seq Scan",
          "Hash Join",
          "Sort",
          "Aggregate",
          "Gather Merge",
          "Subquery Scan",
          "Append"
        ],
        [
          "Seq Scan",
          "Hash",
          "Hash Join",
          "Sort",
          "Aggregate",
          "Gather Merge",
          "Subquery Scan",
          "Append"
        ],
        [
          "Seq Scan",
          "Hash",
          "Hash Join",
          "Sort",
          "Aggregate",
          "Gather Merge",
          "Subquery Scan",
          "Append"
        ],
        [
          "Seq Scan",
          "Hash",
          "Hash Join",
          "Sort",
          "Aggregate",
          "Gather Merge",
          "Subquery Scan",
          "Append"
        ],
        [
          "Seq Scan",
          "Hash",
          "Hash Join",
          "Sort",
          "Aggregate",
          "Gather Merge",
          "Subquery Scan",
          "Append"
        ],
        [
          "Seq Scan",
          "Hash",
          "Hash Join",
          "Sort",
          "Aggregate",
          "Gather Merge",
          "Subquery Scan",
          "Append"
        ]
      ],
      "index_shape": [],
      "physical_operator": {}
    }
  },
  {
    "query": "select  *\n from(select w_warehouse_name\n            ,i_item_id\n            ,sum(case when (cast(d_date as date) < cast ('2000-04-01' as date))\n\t                then inv_quantity_on_hand \n                      else 0 end) as inv_before\n            ,sum(case when (cast(d_date as date) >= cast ('2000-04-01' as date))\n                      then inv_quantity_on_hand \n                      else 0 end) as inv_after\n   from inventory\n       ,warehouse\n       ,item\n       ,date_dim\n   where i_current_price between 0.99 and 1.49\n     and i_item_sk          = inv_item_sk\n     and inv_warehouse_sk   = w_warehouse_sk\n     and inv_date_sk    = d_date_sk\n     and d_date between (cast ('2000-04-01' as date) - interval '30 days')\n                    and (cast ('2000-04-01' as date) + interval '30 days')\n   group by w_warehouse_name, i_item_id) x\n where (case when inv_before > 0 \n             then inv_after / inv_before \n             else null\n             end) between 2.0/3.0 and 3.0/2.0\n order by w_warehouse_name\n         ,i_item_id\n limit 100;\n\n-- end query 12 in stream 4 using template query21.tpl\n",
    "indexes": "date_dim.d_date_sk",
    "wo plan est": {
      "Node Type": "Limit",
      "Parallel Aware": false,
      "Async Capable": false,
      "Startup Cost": 1493473.25,
      "Total Cost": 1493605.63,
      "Plan Rows": 100,
      "Plan Width": 50,
      "Plans": [
        {
          "Node Type": "Aggregate",
          "Strategy": "Sorted",
          "Partial Mode": "Finalize",
          "Parent Relationship": "Outer",
          "Parallel Aware": false,
          "Async Capable": false,
          "Startup Cost": 1493473.25,
          "Total Cost": 1494471.75,
          "Plan Rows": 760,
          "Plan Width": 50,
          "Group Key": [
            "warehouse.w_warehouse_name",
            "item.i_item_id"
          ],
          "Filter": "(((CASE WHEN (sum(CASE WHEN (date_dim.d_date < '2000-04-01'::date) THEN inventory.inv_quantity_on_hand ELSE 0 END) > 0) THEN (sum(CASE WHEN (date_dim.d_date >= '2000-04-01'::date) THEN inventory.inv_quantity_on_hand ELSE 0 END) / sum(CASE WHEN (date_dim.d_date < '2000-04-01'::date) THEN inventory.inv_quantity_on_hand ELSE 0 END)) ELSE NULL::bigint END)::numeric >= 0.66666666666666666667) AND ((CASE WHEN (sum(CASE WHEN (date_dim.d_date < '2000-04-01'::date) THEN inventory.inv_quantity_on_hand ELSE 0 END) > 0) THEN (sum(CASE WHEN (date_dim.d_date >= '2000-04-01'::date) THEN inventory.inv_quantity_on_hand ELSE 0 END) / sum(CASE WHEN (date_dim.d_date < '2000-04-01'::date) THEN inventory.inv_quantity_on_hand ELSE 0 END)) ELSE NULL::bigint END)::numeric <= 1.5000000000000000))",
          "Plans": [
            {
              "Node Type": "Gather Merge",
              "Parent Relationship": "Outer",
              "Parallel Aware": false,
              "Async Capable": false,
              "Startup Cost": 1493473.25,
              "Total Cost": 1494209.55,
              "Plan Rows": 5700,
              "Plan Width": 50,
              "Workers Planned": 2,
              "Plans": [
                {
                  "Node Type": "Aggregate",
                  "Strategy": "Sorted",
                  "Partial Mode": "Partial",
                  "Parent Relationship": "Outer",
                  "Parallel Aware": false,
                  "Async Capable": false,
                  "Startup Cost": 1492473.23,
                  "Total Cost": 1492551.6,
                  "Plan Rows": 2850,
                  "Plan Width": 50,
                  "Group Key": [
                    "warehouse.w_warehouse_name",
                    "item.i_item_id"
                  ],
                  "Plans": [
                    {
                      "Node Type": "Sort",
                      "Parent Relationship": "Outer",
                      "Parallel Aware": false,
                      "Async Capable": false,
                      "Startup Cost": 1492473.23,
                      "Total Cost": 1492480.35,
                      "Plan Rows": 2850,
                      "Plan Width": 42,
                      "Sort Key": [
                        "warehouse.w_warehouse_name",
                        "item.i_item_id"
                      ],
                      "Plans": [
                        {
                          "Node Type": "Hash Join",
                          "Parent Relationship": "Outer",
                          "Parallel Aware": false,
                          "Async Capable": false,
                          "Join Type": "Inner",
                          "Startup Cost": 9684.89,
                          "Total Cost": 1492309.68,
                          "Plan Rows": 2850,
                          "Plan Width": 42,
                          "Inner Unique": false,
                          "Hash Cond": "(inventory.inv_warehouse_sk = warehouse.w_warehouse_sk)",
                          "Plans": [
                            {
                              "Node Type": "Hash Join",
                              "Parent Relationship": "Outer",
                              "Parallel Aware": true,
                              "Async Capable": false,
                              "Join Type": "Inner",
                              "Startup Cost": 9683.66,
                              "Total Cost": 1492269.27,
                              "Plan Rows": 2850,
                              "Plan Width": 29,
                              "Inner Unique": false,
                              "Hash Cond": "(inventory.inv_item_sk = item.i_item_sk)",
                              "Plans": [
                                {
                                  "Node Type": "Hash Join",
                                  "Parent Relationship": "Outer",
                                  "Parallel Aware": true,
                                  "Async Capable": false,
                                  "Join Type": "Inner",
                                  "Startup Cost": 2050.0,
                                  "Total Cost": 1484447.21,
                                  "Plan Rows": 47074,
                                  "Plan Width": 16,
                                  "Inner Unique": false,
                                  "Hash Cond": "(inventory.inv_date_sk = date_dim.d_date_sk)",
                                  "Plans": [
                                    {
                                      "Node Type": "Seq Scan",
                                      "Parent Relationship": "Outer",
                                      "Parallel Aware": true,
                                      "Async Capable": false,
                                      "Relation Name": "inventory",
                                      "Alias": "inventory",
                                      "Startup Cost": 0.0,
                                      "Total Cost": 1274139.37,
                                      "Plan Rows": 55462537,
                                      "Plan Width": 16,
                                      "parent": 7,
                                      "ID": 8
                                    },
                                    {
                                      "Node Type": "Hash",
                                      "Parent Relationship": "Inner",
                                      "Parallel Aware": true,
                                      "Async Capable": false,
                                      "Startup Cost": 2049.55,
                                      "Total Cost": 2049.55,
                                      "Plan Rows": 36,
                                      "Plan Width": 8,
                                      "Plans": [
                                        {
                                          "Node Type": "Seq Scan",
                                          "Parent Relationship": "Outer",
                                          "Parallel Aware": true,
                                          "Async Capable": false,
                                          "Relation Name": "date_dim",
                                          "Alias": "date_dim",
                                          "Startup Cost": 0.0,
                                          "Total Cost": 2049.55,
                                          "Plan Rows": 36,
                                          "Plan Width": 8,
                                          "Filter": "((d_date >= '2000-03-02 00:00:00'::timestamp without time zone) AND (d_date <= '2000-05-01 00:00:00'::timestamp without time zone))",
                                          "parent": 9,
                                          "ID": 10
                                        }
                                      ],
                                      "parent": 7,
                                      "ID": 9,
                                      "left": 10
                                    }
                                  ],
                                  "parent": 6,
                                  "ID": 7,
                                  "left": 8,
                                  "right": 9
                                },
                                {
                                  "Node Type": "Hash",
                                  "Parent Relationship": "Inner",
                                  "Parallel Aware": true,
                                  "Async Capable": false,
                                  "Startup Cost": 7601.5,
                                  "Total Cost": 7601.5,
                                  "Plan Rows": 2573,
                                  "Plan Width": 21,
                                  "Plans": [
                                    {
                                      "Node Type": "Seq Scan",
                                      "Parent Relationship": "Outer",
                                      "Parallel Aware": true,
                                      "Async Capable": false,
                                      "Relation Name": "item",
                                      "Alias": "item",
                                      "Startup Cost": 0.0,
                                      "Total Cost": 7601.5,
                                      "Plan Rows": 2573,
                                      "Plan Width": 21,
                                      "Filter": "((i_current_price >= 0.99) AND (i_current_price <= 1.49))",
                                      "parent": 11,
                                      "ID": 12
                                    }
                                  ],
                                  "parent": 6,
                                  "ID": 11,
                                  "left": 12
                                }
                              ],
                              "parent": 5,
                              "ID": 6,
                              "left": 7,
                              "right": 11
                            },
                            {
                              "Node Type": "Hash",
                              "Parent Relationship": "Inner",
                              "Parallel Aware": false,
                              "Async Capable": false,
                              "Startup Cost": 1.1,
                              "Total Cost": 1.1,
                              "Plan Rows": 10,
                              "Plan Width": 21,
                              "Plans": [
                                {
                                  "Node Type": "Seq Scan",
                                  "Parent Relationship": "Outer",
                                  "Parallel Aware": false,
                                  "Async Capable": false,
                                  "Relation Name": "warehouse",
                                  "Alias": "warehouse",
                                  "Startup Cost": 0.0,
                                  "Total Cost": 1.1,
                                  "Plan Rows": 10,
                                  "Plan Width": 21,
                                  "parent": 13,
                                  "ID": 14
                                }
                              ],
                              "parent": 5,
                              "ID": 13,
                              "left": 14
                            }
                          ],
                          "parent": 4,
                          "ID": 5,
                          "left": 6,
                          "right": 13
                        }
                      ],
                      "parent": 3,
                      "ID": 4,
                      "left": 5
                    }
                  ],
                  "parent": 2,
                  "ID": 3,
                  "left": 4
                }
              ],
              "parent": 1,
              "ID": 2,
              "left": 3
            }
          ],
          "parent": 0,
          "ID": 1,
          "left": 2
        }
      ],
      "parent": null,
      "ID": 0,
      "left": 1
    },
    "feat": {
      "utility": 7.328968642432133e-07,
      "query_shape": [
        [
          "Seq Scan",
          "Hash Join",
          "Sort",
          "Aggregate",
          "Gather Merge"
        ],
        [
          "Seq Scan",
          "Hash",
          "Hash Join",
          "Sort",
          "Aggregate",
          "Gather Merge"
        ],
        [
          "Seq Scan",
          "Hash",
          "Hash Join",
          "Sort",
          "Aggregate",
          "Gather Merge"
        ],
        [
          "Seq Scan",
          "Hash",
          "Hash Join",
          "Sort",
          "Aggregate",
          "Gather Merge"
        ]
      ],
      "index_shape": [
        "join"
      ],
      "physical_operator": {
        "Hash Join": [
          0.004855561233628339
        ]
      }
    }
  },
  {
    "query": "select  *\n from(select w_warehouse_name\n            ,i_item_id\n            ,sum(case when (cast(d_date as date) < cast ('2000-04-01' as date))\n\t                then inv_quantity_on_hand \n                      else 0 end) as inv_before\n            ,sum(case when (cast(d_date as date) >= cast ('2000-04-01' as date))\n                      then inv_quantity_on_hand \n                      else 0 end) as inv_after\n   from inventory\n       ,warehouse\n       ,item\n       ,date_dim\n   where i_current_price between 0.99 and 1.49\n     and i_item_sk          = inv_item_sk\n     and inv_warehouse_sk   = w_warehouse_sk\n     and inv_date_sk    = d_date_sk\n     and d_date between (cast ('2000-04-01' as date) - interval '30 days')\n                    and (cast ('2000-04-01' as date) + interval '30 days')\n   group by w_warehouse_name, i_item_id) x\n where (case when inv_before > 0 \n             then inv_after / inv_before \n             else null\n             end) between 2.0/3.0 and 3.0/2.0\n order by w_warehouse_name\n         ,i_item_id\n limit 100;\n\n-- end query 12 in stream 4 using template query21.tpl\n",
    "indexes": "date_dim.d_date",
    "wo plan est": {
      "Node Type": "Limit",
      "Parallel Aware": false,
      "Async Capable": false,
      "Startup Cost": 1493473.25,
      "Total Cost": 1493605.63,
      "Plan Rows": 100,
      "Plan Width": 50,
      "Plans": [
        {
          "Node Type": "Aggregate",
          "Strategy": "Sorted",
          "Partial Mode": "Finalize",
          "Parent Relationship": "Outer",
          "Parallel Aware": false,
          "Async Capable": false,
          "Startup Cost": 1493473.25,
          "Total Cost": 1494471.75,
          "Plan Rows": 760,
          "Plan Width": 50,
          "Group Key": [
            "warehouse.w_warehouse_name",
            "item.i_item_id"
          ],
          "Filter": "(((CASE WHEN (sum(CASE WHEN (date_dim.d_date < '2000-04-01'::date) THEN inventory.inv_quantity_on_hand ELSE 0 END) > 0) THEN (sum(CASE WHEN (date_dim.d_date >= '2000-04-01'::date) THEN inventory.inv_quantity_on_hand ELSE 0 END) / sum(CASE WHEN (date_dim.d_date < '2000-04-01'::date) THEN inventory.inv_quantity_on_hand ELSE 0 END)) ELSE NULL::bigint END)::numeric >= 0.66666666666666666667) AND ((CASE WHEN (sum(CASE WHEN (date_dim.d_date < '2000-04-01'::date) THEN inventory.inv_quantity_on_hand ELSE 0 END) > 0) THEN (sum(CASE WHEN (date_dim.d_date >= '2000-04-01'::date) THEN inventory.inv_quantity_on_hand ELSE 0 END) / sum(CASE WHEN (date_dim.d_date < '2000-04-01'::date) THEN inventory.inv_quantity_on_hand ELSE 0 END)) ELSE NULL::bigint END)::numeric <= 1.5000000000000000))",
          "Plans": [
            {
              "Node Type": "Gather Merge",
              "Parent Relationship": "Outer",
              "Parallel Aware": false,
              "Async Capable": false,
              "Startup Cost": 1493473.25,
              "Total Cost": 1494209.55,
              "Plan Rows": 5700,
              "Plan Width": 50,
              "Workers Planned": 2,
              "Plans": [
                {
                  "Node Type": "Aggregate",
                  "Strategy": "Sorted",
                  "Partial Mode": "Partial",
                  "Parent Relationship": "Outer",
                  "Parallel Aware": false,
                  "Async Capable": false,
                  "Startup Cost": 1492473.23,
                  "Total Cost": 1492551.6,
                  "Plan Rows": 2850,
                  "Plan Width": 50,
                  "Group Key": [
                    "warehouse.w_warehouse_name",
                    "item.i_item_id"
                  ],
                  "Plans": [
                    {
                      "Node Type": "Sort",
                      "Parent Relationship": "Outer",
                      "Parallel Aware": false,
                      "Async Capable": false,
                      "Startup Cost": 1492473.23,
                      "Total Cost": 1492480.35,
                      "Plan Rows": 2850,
                      "Plan Width": 42,
                      "Sort Key": [
                        "warehouse.w_warehouse_name",
                        "item.i_item_id"
                      ],
                      "Plans": [
                        {
                          "Node Type": "Hash Join",
                          "Parent Relationship": "Outer",
                          "Parallel Aware": false,
                          "Async Capable": false,
                          "Join Type": "Inner",
                          "Startup Cost": 9684.89,
                          "Total Cost": 1492309.68,
                          "Plan Rows": 2850,
                          "Plan Width": 42,
                          "Inner Unique": false,
                          "Hash Cond": "(inventory.inv_warehouse_sk = warehouse.w_warehouse_sk)",
                          "Plans": [
                            {
                              "Node Type": "Hash Join",
                              "Parent Relationship": "Outer",
                              "Parallel Aware": true,
                              "Async Capable": false,
                              "Join Type": "Inner",
                              "Startup Cost": 9683.66,
                              "Total Cost": 1492269.27,
                              "Plan Rows": 2850,
                              "Plan Width": 29,
                              "Inner Unique": false,
                              "Hash Cond": "(inventory.inv_item_sk = item.i_item_sk)",
                              "Plans": [
                                {
                                  "Node Type": "Hash Join",
                                  "Parent Relationship": "Outer",
                                  "Parallel Aware": true,
                                  "Async Capable": false,
                                  "Join Type": "Inner",
                                  "Startup Cost": 2050.0,
                                  "Total Cost": 1484447.21,
                                  "Plan Rows": 47074,
                                  "Plan Width": 16,
                                  "Inner Unique": false,
                                  "Hash Cond": "(inventory.inv_date_sk = date_dim.d_date_sk)",
                                  "Plans": [
                                    {
                                      "Node Type": "Seq Scan",
                                      "Parent Relationship": "Outer",
                                      "Parallel Aware": true,
                                      "Async Capable": false,
                                      "Relation Name": "inventory",
                                      "Alias": "inventory",
                                      "Startup Cost": 0.0,
                                      "Total Cost": 1274139.37,
                                      "Plan Rows": 55462537,
                                      "Plan Width": 16,
                                      "parent": 7,
                                      "ID": 8
                                    },
                                    {
                                      "Node Type": "Hash",
                                      "Parent Relationship": "Inner",
                                      "Parallel Aware": true,
                                      "Async Capable": false,
                                      "Startup Cost": 2049.55,
                                      "Total Cost": 2049.55,
                                      "Plan Rows": 36,
                                      "Plan Width": 8,
                                      "Plans": [
                                        {
                                          "Node Type": "Seq Scan",
                                          "Parent Relationship": "Outer",
                                          "Parallel Aware": true,
                                          "Async Capable": false,
                                          "Relation Name": "date_dim",
                                          "Alias": "date_dim",
                                          "Startup Cost": 0.0,
                                          "Total Cost": 2049.55,
                                          "Plan Rows": 36,
                                          "Plan Width": 8,
                                          "Filter": "((d_date >= '2000-03-02 00:00:00'::timestamp without time zone) AND (d_date <= '2000-05-01 00:00:00'::timestamp without time zone))",
                                          "parent": 9,
                                          "ID": 10
                                        }
                                      ],
                                      "parent": 7,
                                      "ID": 9,
                                      "left": 10
                                    }
                                  ],
                                  "parent": 6,
                                  "ID": 7,
                                  "left": 8,
                                  "right": 9
                                },
                                {
                                  "Node Type": "Hash",
                                  "Parent Relationship": "Inner",
                                  "Parallel Aware": true,
                                  "Async Capable": false,
                                  "Startup Cost": 7601.5,
                                  "Total Cost": 7601.5,
                                  "Plan Rows": 2573,
                                  "Plan Width": 21,
                                  "Plans": [
                                    {
                                      "Node Type": "Seq Scan",
                                      "Parent Relationship": "Outer",
                                      "Parallel Aware": true,
                                      "Async Capable": false,
                                      "Relation Name": "item",
                                      "Alias": "item",
                                      "Startup Cost": 0.0,
                                      "Total Cost": 7601.5,
                                      "Plan Rows": 2573,
                                      "Plan Width": 21,
                                      "Filter": "((i_current_price >= 0.99) AND (i_current_price <= 1.49))",
                                      "parent": 11,
                                      "ID": 12
                                    }
                                  ],
                                  "parent": 6,
                                  "ID": 11,
                                  "left": 12
                                }
                              ],
                              "parent": 5,
                              "ID": 6,
                              "left": 7,
                              "right": 11
                            },
                            {
                              "Node Type": "Hash",
                              "Parent Relationship": "Inner",
                              "Parallel Aware": false,
                              "Async Capable": false,
                              "Startup Cost": 1.1,
                              "Total Cost": 1.1,
                              "Plan Rows": 10,
                              "Plan Width": 21,
                              "Plans": [
                                {
                                  "Node Type": "Seq Scan",
                                  "Parent Relationship": "Outer",
                                  "Parallel Aware": false,
                                  "Async Capable": false,
                                  "Relation Name": "warehouse",
                                  "Alias": "warehouse",
                                  "Startup Cost": 0.0,
                                  "Total Cost": 1.1,
                                  "Plan Rows": 10,
                                  "Plan Width": 21,
                                  "parent": 13,
                                  "ID": 14
                                }
                              ],
                              "parent": 5,
                              "ID": 13,
                              "left": 14
                            }
                          ],
                          "parent": 4,
                          "ID": 5,
                          "left": 6,
                          "right": 13
                        }
                      ],
                      "parent": 3,
                      "ID": 4,
                      "left": 5
                    }
                  ],
                  "parent": 2,
                  "ID": 3,
                  "left": 4
                }
              ],
              "parent": 1,
              "ID": 2,
              "left": 3
            }
          ],
          "parent": 0,
          "ID": 1,
          "left": 2
        }
      ],
      "parent": null,
      "ID": 0,
      "left": 1
    },
    "feat": {
      "utility": 0.0013722729472311586,
      "query_shape": [
        [
          "Seq Scan",
          "Hash Join",
          "Sort",
          "Aggregate",
          "Gather Merge"
        ],
        [
          "Seq Scan",
          "Hash",
          "Hash Join",
          "Sort",
          "Aggregate",
          "Gather Merge"
        ],
        [
          "Seq Scan",
          "Hash",
          "Hash Join",
          "Sort",
          "Aggregate",
          "Gather Merge"
        ],
        [
          "Seq Scan",
          "Hash",
          "Hash Join",
          "Sort",
          "Aggregate",
          "Gather Merge"
        ]
      ],
      "index_shape": [
        "join"
      ],
      "physical_operator": {
        "Seq Scan": [
          0.0004928198880204127
        ],
        "Hash Join": [
          0.004855561233628339
        ],
        "Aggregate": [
          "[0. 0. 0. 0. 0. 0. 0. 0. 0. 0. 0. 0. 0. 0. 0. 0. 0. 0. 0. 0. 0. 0. 0. 0.\n 0. 0. 0. 0. 0. 0. 0. 0. 0. 0. 0. 0. 0. 0. 0. 0. 0. 0. 0. 0. 0. 0. 0. 0.\n 0. 0. 0.]"
        ]
      }
    }
  },
  {
    "query": "select  *\n from(select w_warehouse_name\n            ,i_item_id\n            ,sum(case when (cast(d_date as date) < cast ('2000-04-01' as date))\n\t                then inv_quantity_on_hand \n                      else 0 end) as inv_before\n            ,sum(case when (cast(d_date as date) >= cast ('2000-04-01' as date))\n                      then inv_quantity_on_hand \n                      else 0 end) as inv_after\n   from inventory\n       ,warehouse\n       ,item\n       ,date_dim\n   where i_current_price between 0.99 and 1.49\n     and i_item_sk          = inv_item_sk\n     and inv_warehouse_sk   = w_warehouse_sk\n     and inv_date_sk    = d_date_sk\n     and d_date between (cast ('2000-04-01' as date) - interval '30 days')\n                    and (cast ('2000-04-01' as date) + interval '30 days')\n   group by w_warehouse_name, i_item_id) x\n where (case when inv_before > 0 \n             then inv_after / inv_before \n             else null\n             end) between 2.0/3.0 and 3.0/2.0\n order by w_warehouse_name\n         ,i_item_id\n limit 100;\n\n-- end query 12 in stream 4 using template query21.tpl\n",
    "indexes": "item.i_item_sk",
    "wo plan est": {
      "Node Type": "Limit",
      "Parallel Aware": false,
      "Async Capable": false,
      "Startup Cost": 1493473.25,
      "Total Cost": 1493605.63,
      "Plan Rows": 100,
      "Plan Width": 50,
      "Plans": [
        {
          "Node Type": "Aggregate",
          "Strategy": "Sorted",
          "Partial Mode": "Finalize",
          "Parent Relationship": "Outer",
          "Parallel Aware": false,
          "Async Capable": false,
          "Startup Cost": 1493473.25,
          "Total Cost": 1494471.75,
          "Plan Rows": 760,
          "Plan Width": 50,
          "Group Key": [
            "warehouse.w_warehouse_name",
            "item.i_item_id"
          ],
          "Filter": "(((CASE WHEN (sum(CASE WHEN (date_dim.d_date < '2000-04-01'::date) THEN inventory.inv_quantity_on_hand ELSE 0 END) > 0) THEN (sum(CASE WHEN (date_dim.d_date >= '2000-04-01'::date) THEN inventory.inv_quantity_on_hand ELSE 0 END) / sum(CASE WHEN (date_dim.d_date < '2000-04-01'::date) THEN inventory.inv_quantity_on_hand ELSE 0 END)) ELSE NULL::bigint END)::numeric >= 0.66666666666666666667) AND ((CASE WHEN (sum(CASE WHEN (date_dim.d_date < '2000-04-01'::date) THEN inventory.inv_quantity_on_hand ELSE 0 END) > 0) THEN (sum(CASE WHEN (date_dim.d_date >= '2000-04-01'::date) THEN inventory.inv_quantity_on_hand ELSE 0 END) / sum(CASE WHEN (date_dim.d_date < '2000-04-01'::date) THEN inventory.inv_quantity_on_hand ELSE 0 END)) ELSE NULL::bigint END)::numeric <= 1.5000000000000000))",
          "Plans": [
            {
              "Node Type": "Gather Merge",
              "Parent Relationship": "Outer",
              "Parallel Aware": false,
              "Async Capable": false,
              "Startup Cost": 1493473.25,
              "Total Cost": 1494209.55,
              "Plan Rows": 5700,
              "Plan Width": 50,
              "Workers Planned": 2,
              "Plans": [
                {
                  "Node Type": "Aggregate",
                  "Strategy": "Sorted",
                  "Partial Mode": "Partial",
                  "Parent Relationship": "Outer",
                  "Parallel Aware": false,
                  "Async Capable": false,
                  "Startup Cost": 1492473.23,
                  "Total Cost": 1492551.6,
                  "Plan Rows": 2850,
                  "Plan Width": 50,
                  "Group Key": [
                    "warehouse.w_warehouse_name",
                    "item.i_item_id"
                  ],
                  "Plans": [
                    {
                      "Node Type": "Sort",
                      "Parent Relationship": "Outer",
                      "Parallel Aware": false,
                      "Async Capable": false,
                      "Startup Cost": 1492473.23,
                      "Total Cost": 1492480.35,
                      "Plan Rows": 2850,
                      "Plan Width": 42,
                      "Sort Key": [
                        "warehouse.w_warehouse_name",
                        "item.i_item_id"
                      ],
                      "Plans": [
                        {
                          "Node Type": "Hash Join",
                          "Parent Relationship": "Outer",
                          "Parallel Aware": false,
                          "Async Capable": false,
                          "Join Type": "Inner",
                          "Startup Cost": 9684.89,
                          "Total Cost": 1492309.68,
                          "Plan Rows": 2850,
                          "Plan Width": 42,
                          "Inner Unique": false,
                          "Hash Cond": "(inventory.inv_warehouse_sk = warehouse.w_warehouse_sk)",
                          "Plans": [
                            {
                              "Node Type": "Hash Join",
                              "Parent Relationship": "Outer",
                              "Parallel Aware": true,
                              "Async Capable": false,
                              "Join Type": "Inner",
                              "Startup Cost": 9683.66,
                              "Total Cost": 1492269.27,
                              "Plan Rows": 2850,
                              "Plan Width": 29,
                              "Inner Unique": false,
                              "Hash Cond": "(inventory.inv_item_sk = item.i_item_sk)",
                              "Plans": [
                                {
                                  "Node Type": "Hash Join",
                                  "Parent Relationship": "Outer",
                                  "Parallel Aware": true,
                                  "Async Capable": false,
                                  "Join Type": "Inner",
                                  "Startup Cost": 2050.0,
                                  "Total Cost": 1484447.21,
                                  "Plan Rows": 47074,
                                  "Plan Width": 16,
                                  "Inner Unique": false,
                                  "Hash Cond": "(inventory.inv_date_sk = date_dim.d_date_sk)",
                                  "Plans": [
                                    {
                                      "Node Type": "Seq Scan",
                                      "Parent Relationship": "Outer",
                                      "Parallel Aware": true,
                                      "Async Capable": false,
                                      "Relation Name": "inventory",
                                      "Alias": "inventory",
                                      "Startup Cost": 0.0,
                                      "Total Cost": 1274139.37,
                                      "Plan Rows": 55462537,
                                      "Plan Width": 16,
                                      "parent": 7,
                                      "ID": 8
                                    },
                                    {
                                      "Node Type": "Hash",
                                      "Parent Relationship": "Inner",
                                      "Parallel Aware": true,
                                      "Async Capable": false,
                                      "Startup Cost": 2049.55,
                                      "Total Cost": 2049.55,
                                      "Plan Rows": 36,
                                      "Plan Width": 8,
                                      "Plans": [
                                        {
                                          "Node Type": "Seq Scan",
                                          "Parent Relationship": "Outer",
                                          "Parallel Aware": true,
                                          "Async Capable": false,
                                          "Relation Name": "date_dim",
                                          "Alias": "date_dim",
                                          "Startup Cost": 0.0,
                                          "Total Cost": 2049.55,
                                          "Plan Rows": 36,
                                          "Plan Width": 8,
                                          "Filter": "((d_date >= '2000-03-02 00:00:00'::timestamp without time zone) AND (d_date <= '2000-05-01 00:00:00'::timestamp without time zone))",
                                          "parent": 9,
                                          "ID": 10
                                        }
                                      ],
                                      "parent": 7,
                                      "ID": 9,
                                      "left": 10
                                    }
                                  ],
                                  "parent": 6,
                                  "ID": 7,
                                  "left": 8,
                                  "right": 9
                                },
                                {
                                  "Node Type": "Hash",
                                  "Parent Relationship": "Inner",
                                  "Parallel Aware": true,
                                  "Async Capable": false,
                                  "Startup Cost": 7601.5,
                                  "Total Cost": 7601.5,
                                  "Plan Rows": 2573,
                                  "Plan Width": 21,
                                  "Plans": [
                                    {
                                      "Node Type": "Seq Scan",
                                      "Parent Relationship": "Outer",
                                      "Parallel Aware": true,
                                      "Async Capable": false,
                                      "Relation Name": "item",
                                      "Alias": "item",
                                      "Startup Cost": 0.0,
                                      "Total Cost": 7601.5,
                                      "Plan Rows": 2573,
                                      "Plan Width": 21,
                                      "Filter": "((i_current_price >= 0.99) AND (i_current_price <= 1.49))",
                                      "parent": 11,
                                      "ID": 12
                                    }
                                  ],
                                  "parent": 6,
                                  "ID": 11,
                                  "left": 12
                                }
                              ],
                              "parent": 5,
                              "ID": 6,
                              "left": 7,
                              "right": 11
                            },
                            {
                              "Node Type": "Hash",
                              "Parent Relationship": "Inner",
                              "Parallel Aware": false,
                              "Async Capable": false,
                              "Startup Cost": 1.1,
                              "Total Cost": 1.1,
                              "Plan Rows": 10,
                              "Plan Width": 21,
                              "Plans": [
                                {
                                  "Node Type": "Seq Scan",
                                  "Parent Relationship": "Outer",
                                  "Parallel Aware": false,
                                  "Async Capable": false,
                                  "Relation Name": "warehouse",
                                  "Alias": "warehouse",
                                  "Startup Cost": 0.0,
                                  "Total Cost": 1.1,
                                  "Plan Rows": 10,
                                  "Plan Width": 21,
                                  "parent": 13,
                                  "ID": 14
                                }
                              ],
                              "parent": 5,
                              "ID": 13,
                              "left": 14
                            }
                          ],
                          "parent": 4,
                          "ID": 5,
                          "left": 6,
                          "right": 13
                        }
                      ],
                      "parent": 3,
                      "ID": 4,
                      "left": 5
                    }
                  ],
                  "parent": 2,
                  "ID": 3,
                  "left": 4
                }
              ],
              "parent": 1,
              "ID": 2,
              "left": 3
            }
          ],
          "parent": 0,
          "ID": 1,
          "left": 2
        }
      ],
      "parent": null,
      "ID": 0,
      "left": 1
    },
    "feat": {
      "utility": 7.329003821431139e-07,
      "query_shape": [
        [
          "Seq Scan",
          "Hash Join",
          "Sort",
          "Aggregate",
          "Gather Merge"
        ],
        [
          "Seq Scan",
          "Hash",
          "Hash Join",
          "Sort",
          "Aggregate",
          "Gather Merge"
        ],
        [
          "Seq Scan",
          "Hash",
          "Hash Join",
          "Sort",
          "Aggregate",
          "Gather Merge"
        ],
        [
          "Seq Scan",
          "Hash",
          "Hash Join",
          "Sort",
          "Aggregate",
          "Gather Merge"
        ]
      ],
      "index_shape": [
        "join"
      ],
      "physical_operator": {
        "Hash Join": [
          0.00485078454717625
        ]
      }
    }
  },
  {
    "query": "select  *\n from(select w_warehouse_name\n            ,i_item_id\n            ,sum(case when (cast(d_date as date) < cast ('2000-04-01' as date))\n\t                then inv_quantity_on_hand \n                      else 0 end) as inv_before\n            ,sum(case when (cast(d_date as date) >= cast ('2000-04-01' as date))\n                      then inv_quantity_on_hand \n                      else 0 end) as inv_after\n   from inventory\n       ,warehouse\n       ,item\n       ,date_dim\n   where i_current_price between 0.99 and 1.49\n     and i_item_sk          = inv_item_sk\n     and inv_warehouse_sk   = w_warehouse_sk\n     and inv_date_sk    = d_date_sk\n     and d_date between (cast ('2000-04-01' as date) - interval '30 days')\n                    and (cast ('2000-04-01' as date) + interval '30 days')\n   group by w_warehouse_name, i_item_id) x\n where (case when inv_before > 0 \n             then inv_after / inv_before \n             else null\n             end) between 2.0/3.0 and 3.0/2.0\n order by w_warehouse_name\n         ,i_item_id\n limit 100;\n\n-- end query 12 in stream 4 using template query21.tpl\n",
    "indexes": "item.i_current_price",
    "wo plan est": {
      "Node Type": "Limit",
      "Parallel Aware": false,
      "Async Capable": false,
      "Startup Cost": 1493473.25,
      "Total Cost": 1493605.63,
      "Plan Rows": 100,
      "Plan Width": 50,
      "Plans": [
        {
          "Node Type": "Aggregate",
          "Strategy": "Sorted",
          "Partial Mode": "Finalize",
          "Parent Relationship": "Outer",
          "Parallel Aware": false,
          "Async Capable": false,
          "Startup Cost": 1493473.25,
          "Total Cost": 1494471.75,
          "Plan Rows": 760,
          "Plan Width": 50,
          "Group Key": [
            "warehouse.w_warehouse_name",
            "item.i_item_id"
          ],
          "Filter": "(((CASE WHEN (sum(CASE WHEN (date_dim.d_date < '2000-04-01'::date) THEN inventory.inv_quantity_on_hand ELSE 0 END) > 0) THEN (sum(CASE WHEN (date_dim.d_date >= '2000-04-01'::date) THEN inventory.inv_quantity_on_hand ELSE 0 END) / sum(CASE WHEN (date_dim.d_date < '2000-04-01'::date) THEN inventory.inv_quantity_on_hand ELSE 0 END)) ELSE NULL::bigint END)::numeric >= 0.66666666666666666667) AND ((CASE WHEN (sum(CASE WHEN (date_dim.d_date < '2000-04-01'::date) THEN inventory.inv_quantity_on_hand ELSE 0 END) > 0) THEN (sum(CASE WHEN (date_dim.d_date >= '2000-04-01'::date) THEN inventory.inv_quantity_on_hand ELSE 0 END) / sum(CASE WHEN (date_dim.d_date < '2000-04-01'::date) THEN inventory.inv_quantity_on_hand ELSE 0 END)) ELSE NULL::bigint END)::numeric <= 1.5000000000000000))",
          "Plans": [
            {
              "Node Type": "Gather Merge",
              "Parent Relationship": "Outer",
              "Parallel Aware": false,
              "Async Capable": false,
              "Startup Cost": 1493473.25,
              "Total Cost": 1494209.55,
              "Plan Rows": 5700,
              "Plan Width": 50,
              "Workers Planned": 2,
              "Plans": [
                {
                  "Node Type": "Aggregate",
                  "Strategy": "Sorted",
                  "Partial Mode": "Partial",
                  "Parent Relationship": "Outer",
                  "Parallel Aware": false,
                  "Async Capable": false,
                  "Startup Cost": 1492473.23,
                  "Total Cost": 1492551.6,
                  "Plan Rows": 2850,
                  "Plan Width": 50,
                  "Group Key": [
                    "warehouse.w_warehouse_name",
                    "item.i_item_id"
                  ],
                  "Plans": [
                    {
                      "Node Type": "Sort",
                      "Parent Relationship": "Outer",
                      "Parallel Aware": false,
                      "Async Capable": false,
                      "Startup Cost": 1492473.23,
                      "Total Cost": 1492480.35,
                      "Plan Rows": 2850,
                      "Plan Width": 42,
                      "Sort Key": [
                        "warehouse.w_warehouse_name",
                        "item.i_item_id"
                      ],
                      "Plans": [
                        {
                          "Node Type": "Hash Join",
                          "Parent Relationship": "Outer",
                          "Parallel Aware": false,
                          "Async Capable": false,
                          "Join Type": "Inner",
                          "Startup Cost": 9684.89,
                          "Total Cost": 1492309.68,
                          "Plan Rows": 2850,
                          "Plan Width": 42,
                          "Inner Unique": false,
                          "Hash Cond": "(inventory.inv_warehouse_sk = warehouse.w_warehouse_sk)",
                          "Plans": [
                            {
                              "Node Type": "Hash Join",
                              "Parent Relationship": "Outer",
                              "Parallel Aware": true,
                              "Async Capable": false,
                              "Join Type": "Inner",
                              "Startup Cost": 9683.66,
                              "Total Cost": 1492269.27,
                              "Plan Rows": 2850,
                              "Plan Width": 29,
                              "Inner Unique": false,
                              "Hash Cond": "(inventory.inv_item_sk = item.i_item_sk)",
                              "Plans": [
                                {
                                  "Node Type": "Hash Join",
                                  "Parent Relationship": "Outer",
                                  "Parallel Aware": true,
                                  "Async Capable": false,
                                  "Join Type": "Inner",
                                  "Startup Cost": 2050.0,
                                  "Total Cost": 1484447.21,
                                  "Plan Rows": 47074,
                                  "Plan Width": 16,
                                  "Inner Unique": false,
                                  "Hash Cond": "(inventory.inv_date_sk = date_dim.d_date_sk)",
                                  "Plans": [
                                    {
                                      "Node Type": "Seq Scan",
                                      "Parent Relationship": "Outer",
                                      "Parallel Aware": true,
                                      "Async Capable": false,
                                      "Relation Name": "inventory",
                                      "Alias": "inventory",
                                      "Startup Cost": 0.0,
                                      "Total Cost": 1274139.37,
                                      "Plan Rows": 55462537,
                                      "Plan Width": 16,
                                      "parent": 7,
                                      "ID": 8
                                    },
                                    {
                                      "Node Type": "Hash",
                                      "Parent Relationship": "Inner",
                                      "Parallel Aware": true,
                                      "Async Capable": false,
                                      "Startup Cost": 2049.55,
                                      "Total Cost": 2049.55,
                                      "Plan Rows": 36,
                                      "Plan Width": 8,
                                      "Plans": [
                                        {
                                          "Node Type": "Seq Scan",
                                          "Parent Relationship": "Outer",
                                          "Parallel Aware": true,
                                          "Async Capable": false,
                                          "Relation Name": "date_dim",
                                          "Alias": "date_dim",
                                          "Startup Cost": 0.0,
                                          "Total Cost": 2049.55,
                                          "Plan Rows": 36,
                                          "Plan Width": 8,
                                          "Filter": "((d_date >= '2000-03-02 00:00:00'::timestamp without time zone) AND (d_date <= '2000-05-01 00:00:00'::timestamp without time zone))",
                                          "parent": 9,
                                          "ID": 10
                                        }
                                      ],
                                      "parent": 7,
                                      "ID": 9,
                                      "left": 10
                                    }
                                  ],
                                  "parent": 6,
                                  "ID": 7,
                                  "left": 8,
                                  "right": 9
                                },
                                {
                                  "Node Type": "Hash",
                                  "Parent Relationship": "Inner",
                                  "Parallel Aware": true,
                                  "Async Capable": false,
                                  "Startup Cost": 7601.5,
                                  "Total Cost": 7601.5,
                                  "Plan Rows": 2573,
                                  "Plan Width": 21,
                                  "Plans": [
                                    {
                                      "Node Type": "Seq Scan",
                                      "Parent Relationship": "Outer",
                                      "Parallel Aware": true,
                                      "Async Capable": false,
                                      "Relation Name": "item",
                                      "Alias": "item",
                                      "Startup Cost": 0.0,
                                      "Total Cost": 7601.5,
                                      "Plan Rows": 2573,
                                      "Plan Width": 21,
                                      "Filter": "((i_current_price >= 0.99) AND (i_current_price <= 1.49))",
                                      "parent": 11,
                                      "ID": 12
                                    }
                                  ],
                                  "parent": 6,
                                  "ID": 11,
                                  "left": 12
                                }
                              ],
                              "parent": 5,
                              "ID": 6,
                              "left": 7,
                              "right": 11
                            },
                            {
                              "Node Type": "Hash",
                              "Parent Relationship": "Inner",
                              "Parallel Aware": false,
                              "Async Capable": false,
                              "Startup Cost": 1.1,
                              "Total Cost": 1.1,
                              "Plan Rows": 10,
                              "Plan Width": 21,
                              "Plans": [
                                {
                                  "Node Type": "Seq Scan",
                                  "Parent Relationship": "Outer",
                                  "Parallel Aware": false,
                                  "Async Capable": false,
                                  "Relation Name": "warehouse",
                                  "Alias": "warehouse",
                                  "Startup Cost": 0.0,
                                  "Total Cost": 1.1,
                                  "Plan Rows": 10,
                                  "Plan Width": 21,
                                  "parent": 13,
                                  "ID": 14
                                }
                              ],
                              "parent": 5,
                              "ID": 13,
                              "left": 14
                            }
                          ],
                          "parent": 4,
                          "ID": 5,
                          "left": 6,
                          "right": 13
                        }
                      ],
                      "parent": 3,
                      "ID": 4,
                      "left": 5
                    }
                  ],
                  "parent": 2,
                  "ID": 3,
                  "left": 4
                }
              ],
              "parent": 1,
              "ID": 2,
              "left": 3
            }
          ],
          "parent": 0,
          "ID": 1,
          "left": 2
        }
      ],
      "parent": null,
      "ID": 0,
      "left": 1
    },
    "feat": {
      "utility": 0.004960980520858448,
      "query_shape": [
        [
          "Seq Scan",
          "Hash Join",
          "Sort",
          "Aggregate",
          "Gather Merge"
        ],
        [
          "Seq Scan",
          "Hash",
          "Hash Join",
          "Sort",
          "Aggregate",
          "Gather Merge"
        ],
        [
          "Seq Scan",
          "Hash",
          "Hash Join",
          "Sort",
          "Aggregate",
          "Gather Merge"
        ],
        [
          "Seq Scan",
          "Hash",
          "Hash Join",
          "Sort",
          "Aggregate",
          "Gather Merge"
        ]
      ],
      "index_shape": [
        "selection"
      ],
      "physical_operator": {
        "Seq Scan": [
          0.02522549019607845
        ]
      }
    }
  },
  {
    "query": "select  *\n from(select w_warehouse_name\n            ,i_item_id\n            ,sum(case when (cast(d_date as date) < cast ('2000-04-01' as date))\n\t                then inv_quantity_on_hand \n                      else 0 end) as inv_before\n            ,sum(case when (cast(d_date as date) >= cast ('2000-04-01' as date))\n                      then inv_quantity_on_hand \n                      else 0 end) as inv_after\n   from inventory\n       ,warehouse\n       ,item\n       ,date_dim\n   where i_current_price between 0.99 and 1.49\n     and i_item_sk          = inv_item_sk\n     and inv_warehouse_sk   = w_warehouse_sk\n     and inv_date_sk    = d_date_sk\n     and d_date between (cast ('2000-04-01' as date) - interval '30 days')\n                    and (cast ('2000-04-01' as date) + interval '30 days')\n   group by w_warehouse_name, i_item_id) x\n where (case when inv_before > 0 \n             then inv_after / inv_before \n             else null\n             end) between 2.0/3.0 and 3.0/2.0\n order by w_warehouse_name\n         ,i_item_id\n limit 100;\n\n-- end query 12 in stream 4 using template query21.tpl\n",
    "indexes": "item.i_item_id",
    "wo plan est": {
      "Node Type": "Limit",
      "Parallel Aware": false,
      "Async Capable": false,
      "Startup Cost": 1493473.25,
      "Total Cost": 1493605.63,
      "Plan Rows": 100,
      "Plan Width": 50,
      "Plans": [
        {
          "Node Type": "Aggregate",
          "Strategy": "Sorted",
          "Partial Mode": "Finalize",
          "Parent Relationship": "Outer",
          "Parallel Aware": false,
          "Async Capable": false,
          "Startup Cost": 1493473.25,
          "Total Cost": 1494471.75,
          "Plan Rows": 760,
          "Plan Width": 50,
          "Group Key": [
            "warehouse.w_warehouse_name",
            "item.i_item_id"
          ],
          "Filter": "(((CASE WHEN (sum(CASE WHEN (date_dim.d_date < '2000-04-01'::date) THEN inventory.inv_quantity_on_hand ELSE 0 END) > 0) THEN (sum(CASE WHEN (date_dim.d_date >= '2000-04-01'::date) THEN inventory.inv_quantity_on_hand ELSE 0 END) / sum(CASE WHEN (date_dim.d_date < '2000-04-01'::date) THEN inventory.inv_quantity_on_hand ELSE 0 END)) ELSE NULL::bigint END)::numeric >= 0.66666666666666666667) AND ((CASE WHEN (sum(CASE WHEN (date_dim.d_date < '2000-04-01'::date) THEN inventory.inv_quantity_on_hand ELSE 0 END) > 0) THEN (sum(CASE WHEN (date_dim.d_date >= '2000-04-01'::date) THEN inventory.inv_quantity_on_hand ELSE 0 END) / sum(CASE WHEN (date_dim.d_date < '2000-04-01'::date) THEN inventory.inv_quantity_on_hand ELSE 0 END)) ELSE NULL::bigint END)::numeric <= 1.5000000000000000))",
          "Plans": [
            {
              "Node Type": "Gather Merge",
              "Parent Relationship": "Outer",
              "Parallel Aware": false,
              "Async Capable": false,
              "Startup Cost": 1493473.25,
              "Total Cost": 1494209.55,
              "Plan Rows": 5700,
              "Plan Width": 50,
              "Workers Planned": 2,
              "Plans": [
                {
                  "Node Type": "Aggregate",
                  "Strategy": "Sorted",
                  "Partial Mode": "Partial",
                  "Parent Relationship": "Outer",
                  "Parallel Aware": false,
                  "Async Capable": false,
                  "Startup Cost": 1492473.23,
                  "Total Cost": 1492551.6,
                  "Plan Rows": 2850,
                  "Plan Width": 50,
                  "Group Key": [
                    "warehouse.w_warehouse_name",
                    "item.i_item_id"
                  ],
                  "Plans": [
                    {
                      "Node Type": "Sort",
                      "Parent Relationship": "Outer",
                      "Parallel Aware": false,
                      "Async Capable": false,
                      "Startup Cost": 1492473.23,
                      "Total Cost": 1492480.35,
                      "Plan Rows": 2850,
                      "Plan Width": 42,
                      "Sort Key": [
                        "warehouse.w_warehouse_name",
                        "item.i_item_id"
                      ],
                      "Plans": [
                        {
                          "Node Type": "Hash Join",
                          "Parent Relationship": "Outer",
                          "Parallel Aware": false,
                          "Async Capable": false,
                          "Join Type": "Inner",
                          "Startup Cost": 9684.89,
                          "Total Cost": 1492309.68,
                          "Plan Rows": 2850,
                          "Plan Width": 42,
                          "Inner Unique": false,
                          "Hash Cond": "(inventory.inv_warehouse_sk = warehouse.w_warehouse_sk)",
                          "Plans": [
                            {
                              "Node Type": "Hash Join",
                              "Parent Relationship": "Outer",
                              "Parallel Aware": true,
                              "Async Capable": false,
                              "Join Type": "Inner",
                              "Startup Cost": 9683.66,
                              "Total Cost": 1492269.27,
                              "Plan Rows": 2850,
                              "Plan Width": 29,
                              "Inner Unique": false,
                              "Hash Cond": "(inventory.inv_item_sk = item.i_item_sk)",
                              "Plans": [
                                {
                                  "Node Type": "Hash Join",
                                  "Parent Relationship": "Outer",
                                  "Parallel Aware": true,
                                  "Async Capable": false,
                                  "Join Type": "Inner",
                                  "Startup Cost": 2050.0,
                                  "Total Cost": 1484447.21,
                                  "Plan Rows": 47074,
                                  "Plan Width": 16,
                                  "Inner Unique": false,
                                  "Hash Cond": "(inventory.inv_date_sk = date_dim.d_date_sk)",
                                  "Plans": [
                                    {
                                      "Node Type": "Seq Scan",
                                      "Parent Relationship": "Outer",
                                      "Parallel Aware": true,
                                      "Async Capable": false,
                                      "Relation Name": "inventory",
                                      "Alias": "inventory",
                                      "Startup Cost": 0.0,
                                      "Total Cost": 1274139.37,
                                      "Plan Rows": 55462537,
                                      "Plan Width": 16,
                                      "parent": 7,
                                      "ID": 8
                                    },
                                    {
                                      "Node Type": "Hash",
                                      "Parent Relationship": "Inner",
                                      "Parallel Aware": true,
                                      "Async Capable": false,
                                      "Startup Cost": 2049.55,
                                      "Total Cost": 2049.55,
                                      "Plan Rows": 36,
                                      "Plan Width": 8,
                                      "Plans": [
                                        {
                                          "Node Type": "Seq Scan",
                                          "Parent Relationship": "Outer",
                                          "Parallel Aware": true,
                                          "Async Capable": false,
                                          "Relation Name": "date_dim",
                                          "Alias": "date_dim",
                                          "Startup Cost": 0.0,
                                          "Total Cost": 2049.55,
                                          "Plan Rows": 36,
                                          "Plan Width": 8,
                                          "Filter": "((d_date >= '2000-03-02 00:00:00'::timestamp without time zone) AND (d_date <= '2000-05-01 00:00:00'::timestamp without time zone))",
                                          "parent": 9,
                                          "ID": 10
                                        }
                                      ],
                                      "parent": 7,
                                      "ID": 9,
                                      "left": 10
                                    }
                                  ],
                                  "parent": 6,
                                  "ID": 7,
                                  "left": 8,
                                  "right": 9
                                },
                                {
                                  "Node Type": "Hash",
                                  "Parent Relationship": "Inner",
                                  "Parallel Aware": true,
                                  "Async Capable": false,
                                  "Startup Cost": 7601.5,
                                  "Total Cost": 7601.5,
                                  "Plan Rows": 2573,
                                  "Plan Width": 21,
                                  "Plans": [
                                    {
                                      "Node Type": "Seq Scan",
                                      "Parent Relationship": "Outer",
                                      "Parallel Aware": true,
                                      "Async Capable": false,
                                      "Relation Name": "item",
                                      "Alias": "item",
                                      "Startup Cost": 0.0,
                                      "Total Cost": 7601.5,
                                      "Plan Rows": 2573,
                                      "Plan Width": 21,
                                      "Filter": "((i_current_price >= 0.99) AND (i_current_price <= 1.49))",
                                      "parent": 11,
                                      "ID": 12
                                    }
                                  ],
                                  "parent": 6,
                                  "ID": 11,
                                  "left": 12
                                }
                              ],
                              "parent": 5,
                              "ID": 6,
                              "left": 7,
                              "right": 11
                            },
                            {
                              "Node Type": "Hash",
                              "Parent Relationship": "Inner",
                              "Parallel Aware": false,
                              "Async Capable": false,
                              "Startup Cost": 1.1,
                              "Total Cost": 1.1,
                              "Plan Rows": 10,
                              "Plan Width": 21,
                              "Plans": [
                                {
                                  "Node Type": "Seq Scan",
                                  "Parent Relationship": "Outer",
                                  "Parallel Aware": false,
                                  "Async Capable": false,
                                  "Relation Name": "warehouse",
                                  "Alias": "warehouse",
                                  "Startup Cost": 0.0,
                                  "Total Cost": 1.1,
                                  "Plan Rows": 10,
                                  "Plan Width": 21,
                                  "parent": 13,
                                  "ID": 14
                                }
                              ],
                              "parent": 5,
                              "ID": 13,
                              "left": 14
                            }
                          ],
                          "parent": 4,
                          "ID": 5,
                          "left": 6,
                          "right": 13
                        }
                      ],
                      "parent": 3,
                      "ID": 4,
                      "left": 5
                    }
                  ],
                  "parent": 2,
                  "ID": 3,
                  "left": 4
                }
              ],
              "parent": 1,
              "ID": 2,
              "left": 3
            }
          ],
          "parent": 0,
          "ID": 1,
          "left": 2
        }
      ],
      "parent": null,
      "ID": 0,
      "left": 1
    },
    "feat": {
      "utility": 0.0,
      "query_shape": [
        [
          "Seq Scan",
          "Hash Join",
          "Sort",
          "Aggregate",
          "Gather Merge"
        ],
        [
          "Seq Scan",
          "Hash",
          "Hash Join",
          "Sort",
          "Aggregate",
          "Gather Merge"
        ],
        [
          "Seq Scan",
          "Hash",
          "Hash Join",
          "Sort",
          "Aggregate",
          "Gather Merge"
        ],
        [
          "Seq Scan",
          "Hash",
          "Hash Join",
          "Sort",
          "Aggregate",
          "Gather Merge"
        ]
      ],
      "index_shape": [
        "order-by"
      ],
      "physical_operator": {
        "Sort": [
          "[0. 0. 0. 0. 0. 0. 0. 0. 0. 0. 0. 0. 0. 0. 0. 0. 0. 0. 0. 0. 0. 0. 0. 0.\n 0. 0. 0. 0. 0. 0. 0. 0. 0. 0. 0. 0. 0. 0. 0. 0. 0. 0. 0. 0. 0. 0. 0. 0.\n 0. 0. 0.]"
        ],
        "Aggregate": [
          "[0. 0. 0. 0. 0. 0. 0. 0. 0. 0. 0. 0. 0. 0. 0. 0. 0. 0. 0. 0. 0. 0. 0. 0.\n 0. 0. 0. 0. 0. 0. 0. 0. 0. 0. 0. 0. 0. 0. 0. 0. 0. 0. 0. 0. 0. 0. 0. 0.\n 0. 0. 0.]",
          "[0. 0. 0. 0. 0. 0. 0. 0. 0. 0. 0. 0. 0. 0. 0. 0. 0. 0. 0. 0. 0. 0. 0. 0.\n 0. 0. 0. 0. 0. 0. 0. 0. 0. 0. 0. 0. 0. 0. 0. 0. 0. 0. 0. 0. 0. 0. 0. 0.\n 0. 0. 0.]"
        ]
      }
    }
  },
  {
    "query": "select  *\n from(select w_warehouse_name\n            ,i_item_id\n            ,sum(case when (cast(d_date as date) < cast ('2000-04-01' as date))\n\t                then inv_quantity_on_hand \n                      else 0 end) as inv_before\n            ,sum(case when (cast(d_date as date) >= cast ('2000-04-01' as date))\n                      then inv_quantity_on_hand \n                      else 0 end) as inv_after\n   from inventory\n       ,warehouse\n       ,item\n       ,date_dim\n   where i_current_price between 0.99 and 1.49\n     and i_item_sk          = inv_item_sk\n     and inv_warehouse_sk   = w_warehouse_sk\n     and inv_date_sk    = d_date_sk\n     and d_date between (cast ('2000-04-01' as date) - interval '30 days')\n                    and (cast ('2000-04-01' as date) + interval '30 days')\n   group by w_warehouse_name, i_item_id) x\n where (case when inv_before > 0 \n             then inv_after / inv_before \n             else null\n             end) between 2.0/3.0 and 3.0/2.0\n order by w_warehouse_name\n         ,i_item_id\n limit 100;\n\n-- end query 12 in stream 4 using template query21.tpl\n",
    "indexes": "warehouse.w_warehouse_sk",
    "wo plan est": {
      "Node Type": "Limit",
      "Parallel Aware": false,
      "Async Capable": false,
      "Startup Cost": 1493473.25,
      "Total Cost": 1493605.63,
      "Plan Rows": 100,
      "Plan Width": 50,
      "Plans": [
        {
          "Node Type": "Aggregate",
          "Strategy": "Sorted",
          "Partial Mode": "Finalize",
          "Parent Relationship": "Outer",
          "Parallel Aware": false,
          "Async Capable": false,
          "Startup Cost": 1493473.25,
          "Total Cost": 1494471.75,
          "Plan Rows": 760,
          "Plan Width": 50,
          "Group Key": [
            "warehouse.w_warehouse_name",
            "item.i_item_id"
          ],
          "Filter": "(((CASE WHEN (sum(CASE WHEN (date_dim.d_date < '2000-04-01'::date) THEN inventory.inv_quantity_on_hand ELSE 0 END) > 0) THEN (sum(CASE WHEN (date_dim.d_date >= '2000-04-01'::date) THEN inventory.inv_quantity_on_hand ELSE 0 END) / sum(CASE WHEN (date_dim.d_date < '2000-04-01'::date) THEN inventory.inv_quantity_on_hand ELSE 0 END)) ELSE NULL::bigint END)::numeric >= 0.66666666666666666667) AND ((CASE WHEN (sum(CASE WHEN (date_dim.d_date < '2000-04-01'::date) THEN inventory.inv_quantity_on_hand ELSE 0 END) > 0) THEN (sum(CASE WHEN (date_dim.d_date >= '2000-04-01'::date) THEN inventory.inv_quantity_on_hand ELSE 0 END) / sum(CASE WHEN (date_dim.d_date < '2000-04-01'::date) THEN inventory.inv_quantity_on_hand ELSE 0 END)) ELSE NULL::bigint END)::numeric <= 1.5000000000000000))",
          "Plans": [
            {
              "Node Type": "Gather Merge",
              "Parent Relationship": "Outer",
              "Parallel Aware": false,
              "Async Capable": false,
              "Startup Cost": 1493473.25,
              "Total Cost": 1494209.55,
              "Plan Rows": 5700,
              "Plan Width": 50,
              "Workers Planned": 2,
              "Plans": [
                {
                  "Node Type": "Aggregate",
                  "Strategy": "Sorted",
                  "Partial Mode": "Partial",
                  "Parent Relationship": "Outer",
                  "Parallel Aware": false,
                  "Async Capable": false,
                  "Startup Cost": 1492473.23,
                  "Total Cost": 1492551.6,
                  "Plan Rows": 2850,
                  "Plan Width": 50,
                  "Group Key": [
                    "warehouse.w_warehouse_name",
                    "item.i_item_id"
                  ],
                  "Plans": [
                    {
                      "Node Type": "Sort",
                      "Parent Relationship": "Outer",
                      "Parallel Aware": false,
                      "Async Capable": false,
                      "Startup Cost": 1492473.23,
                      "Total Cost": 1492480.35,
                      "Plan Rows": 2850,
                      "Plan Width": 42,
                      "Sort Key": [
                        "warehouse.w_warehouse_name",
                        "item.i_item_id"
                      ],
                      "Plans": [
                        {
                          "Node Type": "Hash Join",
                          "Parent Relationship": "Outer",
                          "Parallel Aware": false,
                          "Async Capable": false,
                          "Join Type": "Inner",
                          "Startup Cost": 9684.89,
                          "Total Cost": 1492309.68,
                          "Plan Rows": 2850,
                          "Plan Width": 42,
                          "Inner Unique": false,
                          "Hash Cond": "(inventory.inv_warehouse_sk = warehouse.w_warehouse_sk)",
                          "Plans": [
                            {
                              "Node Type": "Hash Join",
                              "Parent Relationship": "Outer",
                              "Parallel Aware": true,
                              "Async Capable": false,
                              "Join Type": "Inner",
                              "Startup Cost": 9683.66,
                              "Total Cost": 1492269.27,
                              "Plan Rows": 2850,
                              "Plan Width": 29,
                              "Inner Unique": false,
                              "Hash Cond": "(inventory.inv_item_sk = item.i_item_sk)",
                              "Plans": [
                                {
                                  "Node Type": "Hash Join",
                                  "Parent Relationship": "Outer",
                                  "Parallel Aware": true,
                                  "Async Capable": false,
                                  "Join Type": "Inner",
                                  "Startup Cost": 2050.0,
                                  "Total Cost": 1484447.21,
                                  "Plan Rows": 47074,
                                  "Plan Width": 16,
                                  "Inner Unique": false,
                                  "Hash Cond": "(inventory.inv_date_sk = date_dim.d_date_sk)",
                                  "Plans": [
                                    {
                                      "Node Type": "Seq Scan",
                                      "Parent Relationship": "Outer",
                                      "Parallel Aware": true,
                                      "Async Capable": false,
                                      "Relation Name": "inventory",
                                      "Alias": "inventory",
                                      "Startup Cost": 0.0,
                                      "Total Cost": 1274139.37,
                                      "Plan Rows": 55462537,
                                      "Plan Width": 16,
                                      "parent": 7,
                                      "ID": 8
                                    },
                                    {
                                      "Node Type": "Hash",
                                      "Parent Relationship": "Inner",
                                      "Parallel Aware": true,
                                      "Async Capable": false,
                                      "Startup Cost": 2049.55,
                                      "Total Cost": 2049.55,
                                      "Plan Rows": 36,
                                      "Plan Width": 8,
                                      "Plans": [
                                        {
                                          "Node Type": "Seq Scan",
                                          "Parent Relationship": "Outer",
                                          "Parallel Aware": true,
                                          "Async Capable": false,
                                          "Relation Name": "date_dim",
                                          "Alias": "date_dim",
                                          "Startup Cost": 0.0,
                                          "Total Cost": 2049.55,
                                          "Plan Rows": 36,
                                          "Plan Width": 8,
                                          "Filter": "((d_date >= '2000-03-02 00:00:00'::timestamp without time zone) AND (d_date <= '2000-05-01 00:00:00'::timestamp without time zone))",
                                          "parent": 9,
                                          "ID": 10
                                        }
                                      ],
                                      "parent": 7,
                                      "ID": 9,
                                      "left": 10
                                    }
                                  ],
                                  "parent": 6,
                                  "ID": 7,
                                  "left": 8,
                                  "right": 9
                                },
                                {
                                  "Node Type": "Hash",
                                  "Parent Relationship": "Inner",
                                  "Parallel Aware": true,
                                  "Async Capable": false,
                                  "Startup Cost": 7601.5,
                                  "Total Cost": 7601.5,
                                  "Plan Rows": 2573,
                                  "Plan Width": 21,
                                  "Plans": [
                                    {
                                      "Node Type": "Seq Scan",
                                      "Parent Relationship": "Outer",
                                      "Parallel Aware": true,
                                      "Async Capable": false,
                                      "Relation Name": "item",
                                      "Alias": "item",
                                      "Startup Cost": 0.0,
                                      "Total Cost": 7601.5,
                                      "Plan Rows": 2573,
                                      "Plan Width": 21,
                                      "Filter": "((i_current_price >= 0.99) AND (i_current_price <= 1.49))",
                                      "parent": 11,
                                      "ID": 12
                                    }
                                  ],
                                  "parent": 6,
                                  "ID": 11,
                                  "left": 12
                                }
                              ],
                              "parent": 5,
                              "ID": 6,
                              "left": 7,
                              "right": 11
                            },
                            {
                              "Node Type": "Hash",
                              "Parent Relationship": "Inner",
                              "Parallel Aware": false,
                              "Async Capable": false,
                              "Startup Cost": 1.1,
                              "Total Cost": 1.1,
                              "Plan Rows": 10,
                              "Plan Width": 21,
                              "Plans": [
                                {
                                  "Node Type": "Seq Scan",
                                  "Parent Relationship": "Outer",
                                  "Parallel Aware": false,
                                  "Async Capable": false,
                                  "Relation Name": "warehouse",
                                  "Alias": "warehouse",
                                  "Startup Cost": 0.0,
                                  "Total Cost": 1.1,
                                  "Plan Rows": 10,
                                  "Plan Width": 21,
                                  "parent": 13,
                                  "ID": 14
                                }
                              ],
                              "parent": 5,
                              "ID": 13,
                              "left": 14
                            }
                          ],
                          "parent": 4,
                          "ID": 5,
                          "left": 6,
                          "right": 13
                        }
                      ],
                      "parent": 3,
                      "ID": 4,
                      "left": 5
                    }
                  ],
                  "parent": 2,
                  "ID": 3,
                  "left": 4
                }
              ],
              "parent": 1,
              "ID": 2,
              "left": 3
            }
          ],
          "parent": 0,
          "ID": 1,
          "left": 2
        }
      ],
      "parent": null,
      "ID": 0,
      "left": 1
    },
    "feat": {
      "utility": 5.035796881546827e-07,
      "query_shape": [
        [
          "Seq Scan",
          "Hash Join",
          "Sort",
          "Aggregate",
          "Gather Merge"
        ],
        [
          "Seq Scan",
          "Hash",
          "Hash Join",
          "Sort",
          "Aggregate",
          "Gather Merge"
        ],
        [
          "Seq Scan",
          "Hash",
          "Hash Join",
          "Sort",
          "Aggregate",
          "Gather Merge"
        ],
        [
          "Seq Scan",
          "Hash",
          "Hash Join",
          "Sort",
          "Aggregate",
          "Gather Merge"
        ]
      ],
      "index_shape": [
        "join"
      ],
      "physical_operator": {
        "Hash Join": [
          0.31622776601683794
        ]
      }
    }
  },
  {
    "query": "select  *\n from(select w_warehouse_name\n            ,i_item_id\n            ,sum(case when (cast(d_date as date) < cast ('2000-04-01' as date))\n\t                then inv_quantity_on_hand \n                      else 0 end) as inv_before\n            ,sum(case when (cast(d_date as date) >= cast ('2000-04-01' as date))\n                      then inv_quantity_on_hand \n                      else 0 end) as inv_after\n   from inventory\n       ,warehouse\n       ,item\n       ,date_dim\n   where i_current_price between 0.99 and 1.49\n     and i_item_sk          = inv_item_sk\n     and inv_warehouse_sk   = w_warehouse_sk\n     and inv_date_sk    = d_date_sk\n     and d_date between (cast ('2000-04-01' as date) - interval '30 days')\n                    and (cast ('2000-04-01' as date) + interval '30 days')\n   group by w_warehouse_name, i_item_id) x\n where (case when inv_before > 0 \n             then inv_after / inv_before \n             else null\n             end) between 2.0/3.0 and 3.0/2.0\n order by w_warehouse_name\n         ,i_item_id\n limit 100;\n\n-- end query 12 in stream 4 using template query21.tpl\n",
    "indexes": "warehouse.w_warehouse_name",
    "wo plan est": {
      "Node Type": "Limit",
      "Parallel Aware": false,
      "Async Capable": false,
      "Startup Cost": 1493473.25,
      "Total Cost": 1493605.63,
      "Plan Rows": 100,
      "Plan Width": 50,
      "Plans": [
        {
          "Node Type": "Aggregate",
          "Strategy": "Sorted",
          "Partial Mode": "Finalize",
          "Parent Relationship": "Outer",
          "Parallel Aware": false,
          "Async Capable": false,
          "Startup Cost": 1493473.25,
          "Total Cost": 1494471.75,
          "Plan Rows": 760,
          "Plan Width": 50,
          "Group Key": [
            "warehouse.w_warehouse_name",
            "item.i_item_id"
          ],
          "Filter": "(((CASE WHEN (sum(CASE WHEN (date_dim.d_date < '2000-04-01'::date) THEN inventory.inv_quantity_on_hand ELSE 0 END) > 0) THEN (sum(CASE WHEN (date_dim.d_date >= '2000-04-01'::date) THEN inventory.inv_quantity_on_hand ELSE 0 END) / sum(CASE WHEN (date_dim.d_date < '2000-04-01'::date) THEN inventory.inv_quantity_on_hand ELSE 0 END)) ELSE NULL::bigint END)::numeric >= 0.66666666666666666667) AND ((CASE WHEN (sum(CASE WHEN (date_dim.d_date < '2000-04-01'::date) THEN inventory.inv_quantity_on_hand ELSE 0 END) > 0) THEN (sum(CASE WHEN (date_dim.d_date >= '2000-04-01'::date) THEN inventory.inv_quantity_on_hand ELSE 0 END) / sum(CASE WHEN (date_dim.d_date < '2000-04-01'::date) THEN inventory.inv_quantity_on_hand ELSE 0 END)) ELSE NULL::bigint END)::numeric <= 1.5000000000000000))",
          "Plans": [
            {
              "Node Type": "Gather Merge",
              "Parent Relationship": "Outer",
              "Parallel Aware": false,
              "Async Capable": false,
              "Startup Cost": 1493473.25,
              "Total Cost": 1494209.55,
              "Plan Rows": 5700,
              "Plan Width": 50,
              "Workers Planned": 2,
              "Plans": [
                {
                  "Node Type": "Aggregate",
                  "Strategy": "Sorted",
                  "Partial Mode": "Partial",
                  "Parent Relationship": "Outer",
                  "Parallel Aware": false,
                  "Async Capable": false,
                  "Startup Cost": 1492473.23,
                  "Total Cost": 1492551.6,
                  "Plan Rows": 2850,
                  "Plan Width": 50,
                  "Group Key": [
                    "warehouse.w_warehouse_name",
                    "item.i_item_id"
                  ],
                  "Plans": [
                    {
                      "Node Type": "Sort",
                      "Parent Relationship": "Outer",
                      "Parallel Aware": false,
                      "Async Capable": false,
                      "Startup Cost": 1492473.23,
                      "Total Cost": 1492480.35,
                      "Plan Rows": 2850,
                      "Plan Width": 42,
                      "Sort Key": [
                        "warehouse.w_warehouse_name",
                        "item.i_item_id"
                      ],
                      "Plans": [
                        {
                          "Node Type": "Hash Join",
                          "Parent Relationship": "Outer",
                          "Parallel Aware": false,
                          "Async Capable": false,
                          "Join Type": "Inner",
                          "Startup Cost": 9684.89,
                          "Total Cost": 1492309.68,
                          "Plan Rows": 2850,
                          "Plan Width": 42,
                          "Inner Unique": false,
                          "Hash Cond": "(inventory.inv_warehouse_sk = warehouse.w_warehouse_sk)",
                          "Plans": [
                            {
                              "Node Type": "Hash Join",
                              "Parent Relationship": "Outer",
                              "Parallel Aware": true,
                              "Async Capable": false,
                              "Join Type": "Inner",
                              "Startup Cost": 9683.66,
                              "Total Cost": 1492269.27,
                              "Plan Rows": 2850,
                              "Plan Width": 29,
                              "Inner Unique": false,
                              "Hash Cond": "(inventory.inv_item_sk = item.i_item_sk)",
                              "Plans": [
                                {
                                  "Node Type": "Hash Join",
                                  "Parent Relationship": "Outer",
                                  "Parallel Aware": true,
                                  "Async Capable": false,
                                  "Join Type": "Inner",
                                  "Startup Cost": 2050.0,
                                  "Total Cost": 1484447.21,
                                  "Plan Rows": 47074,
                                  "Plan Width": 16,
                                  "Inner Unique": false,
                                  "Hash Cond": "(inventory.inv_date_sk = date_dim.d_date_sk)",
                                  "Plans": [
                                    {
                                      "Node Type": "Seq Scan",
                                      "Parent Relationship": "Outer",
                                      "Parallel Aware": true,
                                      "Async Capable": false,
                                      "Relation Name": "inventory",
                                      "Alias": "inventory",
                                      "Startup Cost": 0.0,
                                      "Total Cost": 1274139.37,
                                      "Plan Rows": 55462537,
                                      "Plan Width": 16,
                                      "parent": 7,
                                      "ID": 8
                                    },
                                    {
                                      "Node Type": "Hash",
                                      "Parent Relationship": "Inner",
                                      "Parallel Aware": true,
                                      "Async Capable": false,
                                      "Startup Cost": 2049.55,
                                      "Total Cost": 2049.55,
                                      "Plan Rows": 36,
                                      "Plan Width": 8,
                                      "Plans": [
                                        {
                                          "Node Type": "Seq Scan",
                                          "Parent Relationship": "Outer",
                                          "Parallel Aware": true,
                                          "Async Capable": false,
                                          "Relation Name": "date_dim",
                                          "Alias": "date_dim",
                                          "Startup Cost": 0.0,
                                          "Total Cost": 2049.55,
                                          "Plan Rows": 36,
                                          "Plan Width": 8,
                                          "Filter": "((d_date >= '2000-03-02 00:00:00'::timestamp without time zone) AND (d_date <= '2000-05-01 00:00:00'::timestamp without time zone))",
                                          "parent": 9,
                                          "ID": 10
                                        }
                                      ],
                                      "parent": 7,
                                      "ID": 9,
                                      "left": 10
                                    }
                                  ],
                                  "parent": 6,
                                  "ID": 7,
                                  "left": 8,
                                  "right": 9
                                },
                                {
                                  "Node Type": "Hash",
                                  "Parent Relationship": "Inner",
                                  "Parallel Aware": true,
                                  "Async Capable": false,
                                  "Startup Cost": 7601.5,
                                  "Total Cost": 7601.5,
                                  "Plan Rows": 2573,
                                  "Plan Width": 21,
                                  "Plans": [
                                    {
                                      "Node Type": "Seq Scan",
                                      "Parent Relationship": "Outer",
                                      "Parallel Aware": true,
                                      "Async Capable": false,
                                      "Relation Name": "item",
                                      "Alias": "item",
                                      "Startup Cost": 0.0,
                                      "Total Cost": 7601.5,
                                      "Plan Rows": 2573,
                                      "Plan Width": 21,
                                      "Filter": "((i_current_price >= 0.99) AND (i_current_price <= 1.49))",
                                      "parent": 11,
                                      "ID": 12
                                    }
                                  ],
                                  "parent": 6,
                                  "ID": 11,
                                  "left": 12
                                }
                              ],
                              "parent": 5,
                              "ID": 6,
                              "left": 7,
                              "right": 11
                            },
                            {
                              "Node Type": "Hash",
                              "Parent Relationship": "Inner",
                              "Parallel Aware": false,
                              "Async Capable": false,
                              "Startup Cost": 1.1,
                              "Total Cost": 1.1,
                              "Plan Rows": 10,
                              "Plan Width": 21,
                              "Plans": [
                                {
                                  "Node Type": "Seq Scan",
                                  "Parent Relationship": "Outer",
                                  "Parallel Aware": false,
                                  "Async Capable": false,
                                  "Relation Name": "warehouse",
                                  "Alias": "warehouse",
                                  "Startup Cost": 0.0,
                                  "Total Cost": 1.1,
                                  "Plan Rows": 10,
                                  "Plan Width": 21,
                                  "parent": 13,
                                  "ID": 14
                                }
                              ],
                              "parent": 5,
                              "ID": 13,
                              "left": 14
                            }
                          ],
                          "parent": 4,
                          "ID": 5,
                          "left": 6,
                          "right": 13
                        }
                      ],
                      "parent": 3,
                      "ID": 4,
                      "left": 5
                    }
                  ],
                  "parent": 2,
                  "ID": 3,
                  "left": 4
                }
              ],
              "parent": 1,
              "ID": 2,
              "left": 3
            }
          ],
          "parent": 0,
          "ID": 1,
          "left": 2
        }
      ],
      "parent": null,
      "ID": 0,
      "left": 1
    },
    "feat": {
      "utility": 0.0,
      "query_shape": [
        [
          "Seq Scan",
          "Hash Join",
          "Sort",
          "Aggregate",
          "Gather Merge"
        ],
        [
          "Seq Scan",
          "Hash",
          "Hash Join",
          "Sort",
          "Aggregate",
          "Gather Merge"
        ],
        [
          "Seq Scan",
          "Hash",
          "Hash Join",
          "Sort",
          "Aggregate",
          "Gather Merge"
        ],
        [
          "Seq Scan",
          "Hash",
          "Hash Join",
          "Sort",
          "Aggregate",
          "Gather Merge"
        ]
      ],
      "index_shape": [
        "order-by"
      ],
      "physical_operator": {
        "Sort": [
          "[0. 0. 0. 0. 0. 0. 0. 0. 0. 0. 0. 0. 0. 0. 0. 0. 0. 0. 0. 0. 0. 0. 0. 0.\n 0. 0. 0. 0. 0. 0. 0. 0. 0. 0. 0. 0. 0. 0. 0. 0. 0. 0. 0. 0. 0. 0. 0. 0.\n 0. 0. 0.]"
        ],
        "Aggregate": [
          "[0. 0. 0. 0. 0. 0. 0. 0. 0. 0. 0. 0. 0. 0. 0. 0. 0. 0. 0. 0. 0. 0. 0. 0.\n 0. 0. 0. 0. 0. 0. 0. 0. 0. 0. 0. 0. 0. 0. 0. 0. 0. 0. 0. 0. 0. 0. 0. 0.\n 0. 0. 0.]",
          "[0. 0. 0. 0. 0. 0. 0. 0. 0. 0. 0. 0. 0. 0. 0. 0. 0. 0. 0. 0. 0. 0. 0. 0.\n 0. 0. 0. 0. 0. 0. 0. 0. 0. 0. 0. 0. 0. 0. 0. 0. 0. 0. 0. 0. 0. 0. 0. 0.\n 0. 0. 0.]"
        ]
      }
    }
  },
  {
    "query": "select  *\n from(select w_warehouse_name\n            ,i_item_id\n            ,sum(case when (cast(d_date as date) < cast ('2000-04-01' as date))\n\t                then inv_quantity_on_hand \n                      else 0 end) as inv_before\n            ,sum(case when (cast(d_date as date) >= cast ('2000-04-01' as date))\n                      then inv_quantity_on_hand \n                      else 0 end) as inv_after\n   from inventory\n       ,warehouse\n       ,item\n       ,date_dim\n   where i_current_price between 0.99 and 1.49\n     and i_item_sk          = inv_item_sk\n     and inv_warehouse_sk   = w_warehouse_sk\n     and inv_date_sk    = d_date_sk\n     and d_date between (cast ('2000-04-01' as date) - interval '30 days')\n                    and (cast ('2000-04-01' as date) + interval '30 days')\n   group by w_warehouse_name, i_item_id) x\n where (case when inv_before > 0 \n             then inv_after / inv_before \n             else null\n             end) between 2.0/3.0 and 3.0/2.0\n order by w_warehouse_name\n         ,i_item_id\n limit 100;\n\n-- end query 12 in stream 4 using template query21.tpl\n",
    "indexes": "inventory.inv_date_sk",
    "wo plan est": {
      "Node Type": "Limit",
      "Parallel Aware": false,
      "Async Capable": false,
      "Startup Cost": 1493473.25,
      "Total Cost": 1493605.63,
      "Plan Rows": 100,
      "Plan Width": 50,
      "Plans": [
        {
          "Node Type": "Aggregate",
          "Strategy": "Sorted",
          "Partial Mode": "Finalize",
          "Parent Relationship": "Outer",
          "Parallel Aware": false,
          "Async Capable": false,
          "Startup Cost": 1493473.25,
          "Total Cost": 1494471.75,
          "Plan Rows": 760,
          "Plan Width": 50,
          "Group Key": [
            "warehouse.w_warehouse_name",
            "item.i_item_id"
          ],
          "Filter": "(((CASE WHEN (sum(CASE WHEN (date_dim.d_date < '2000-04-01'::date) THEN inventory.inv_quantity_on_hand ELSE 0 END) > 0) THEN (sum(CASE WHEN (date_dim.d_date >= '2000-04-01'::date) THEN inventory.inv_quantity_on_hand ELSE 0 END) / sum(CASE WHEN (date_dim.d_date < '2000-04-01'::date) THEN inventory.inv_quantity_on_hand ELSE 0 END)) ELSE NULL::bigint END)::numeric >= 0.66666666666666666667) AND ((CASE WHEN (sum(CASE WHEN (date_dim.d_date < '2000-04-01'::date) THEN inventory.inv_quantity_on_hand ELSE 0 END) > 0) THEN (sum(CASE WHEN (date_dim.d_date >= '2000-04-01'::date) THEN inventory.inv_quantity_on_hand ELSE 0 END) / sum(CASE WHEN (date_dim.d_date < '2000-04-01'::date) THEN inventory.inv_quantity_on_hand ELSE 0 END)) ELSE NULL::bigint END)::numeric <= 1.5000000000000000))",
          "Plans": [
            {
              "Node Type": "Gather Merge",
              "Parent Relationship": "Outer",
              "Parallel Aware": false,
              "Async Capable": false,
              "Startup Cost": 1493473.25,
              "Total Cost": 1494209.55,
              "Plan Rows": 5700,
              "Plan Width": 50,
              "Workers Planned": 2,
              "Plans": [
                {
                  "Node Type": "Aggregate",
                  "Strategy": "Sorted",
                  "Partial Mode": "Partial",
                  "Parent Relationship": "Outer",
                  "Parallel Aware": false,
                  "Async Capable": false,
                  "Startup Cost": 1492473.23,
                  "Total Cost": 1492551.6,
                  "Plan Rows": 2850,
                  "Plan Width": 50,
                  "Group Key": [
                    "warehouse.w_warehouse_name",
                    "item.i_item_id"
                  ],
                  "Plans": [
                    {
                      "Node Type": "Sort",
                      "Parent Relationship": "Outer",
                      "Parallel Aware": false,
                      "Async Capable": false,
                      "Startup Cost": 1492473.23,
                      "Total Cost": 1492480.35,
                      "Plan Rows": 2850,
                      "Plan Width": 42,
                      "Sort Key": [
                        "warehouse.w_warehouse_name",
                        "item.i_item_id"
                      ],
                      "Plans": [
                        {
                          "Node Type": "Hash Join",
                          "Parent Relationship": "Outer",
                          "Parallel Aware": false,
                          "Async Capable": false,
                          "Join Type": "Inner",
                          "Startup Cost": 9684.89,
                          "Total Cost": 1492309.68,
                          "Plan Rows": 2850,
                          "Plan Width": 42,
                          "Inner Unique": false,
                          "Hash Cond": "(inventory.inv_warehouse_sk = warehouse.w_warehouse_sk)",
                          "Plans": [
                            {
                              "Node Type": "Hash Join",
                              "Parent Relationship": "Outer",
                              "Parallel Aware": true,
                              "Async Capable": false,
                              "Join Type": "Inner",
                              "Startup Cost": 9683.66,
                              "Total Cost": 1492269.27,
                              "Plan Rows": 2850,
                              "Plan Width": 29,
                              "Inner Unique": false,
                              "Hash Cond": "(inventory.inv_item_sk = item.i_item_sk)",
                              "Plans": [
                                {
                                  "Node Type": "Hash Join",
                                  "Parent Relationship": "Outer",
                                  "Parallel Aware": true,
                                  "Async Capable": false,
                                  "Join Type": "Inner",
                                  "Startup Cost": 2050.0,
                                  "Total Cost": 1484447.21,
                                  "Plan Rows": 47074,
                                  "Plan Width": 16,
                                  "Inner Unique": false,
                                  "Hash Cond": "(inventory.inv_date_sk = date_dim.d_date_sk)",
                                  "Plans": [
                                    {
                                      "Node Type": "Seq Scan",
                                      "Parent Relationship": "Outer",
                                      "Parallel Aware": true,
                                      "Async Capable": false,
                                      "Relation Name": "inventory",
                                      "Alias": "inventory",
                                      "Startup Cost": 0.0,
                                      "Total Cost": 1274139.37,
                                      "Plan Rows": 55462537,
                                      "Plan Width": 16,
                                      "parent": 7,
                                      "ID": 8
                                    },
                                    {
                                      "Node Type": "Hash",
                                      "Parent Relationship": "Inner",
                                      "Parallel Aware": true,
                                      "Async Capable": false,
                                      "Startup Cost": 2049.55,
                                      "Total Cost": 2049.55,
                                      "Plan Rows": 36,
                                      "Plan Width": 8,
                                      "Plans": [
                                        {
                                          "Node Type": "Seq Scan",
                                          "Parent Relationship": "Outer",
                                          "Parallel Aware": true,
                                          "Async Capable": false,
                                          "Relation Name": "date_dim",
                                          "Alias": "date_dim",
                                          "Startup Cost": 0.0,
                                          "Total Cost": 2049.55,
                                          "Plan Rows": 36,
                                          "Plan Width": 8,
                                          "Filter": "((d_date >= '2000-03-02 00:00:00'::timestamp without time zone) AND (d_date <= '2000-05-01 00:00:00'::timestamp without time zone))",
                                          "parent": 9,
                                          "ID": 10
                                        }
                                      ],
                                      "parent": 7,
                                      "ID": 9,
                                      "left": 10
                                    }
                                  ],
                                  "parent": 6,
                                  "ID": 7,
                                  "left": 8,
                                  "right": 9
                                },
                                {
                                  "Node Type": "Hash",
                                  "Parent Relationship": "Inner",
                                  "Parallel Aware": true,
                                  "Async Capable": false,
                                  "Startup Cost": 7601.5,
                                  "Total Cost": 7601.5,
                                  "Plan Rows": 2573,
                                  "Plan Width": 21,
                                  "Plans": [
                                    {
                                      "Node Type": "Seq Scan",
                                      "Parent Relationship": "Outer",
                                      "Parallel Aware": true,
                                      "Async Capable": false,
                                      "Relation Name": "item",
                                      "Alias": "item",
                                      "Startup Cost": 0.0,
                                      "Total Cost": 7601.5,
                                      "Plan Rows": 2573,
                                      "Plan Width": 21,
                                      "Filter": "((i_current_price >= 0.99) AND (i_current_price <= 1.49))",
                                      "parent": 11,
                                      "ID": 12
                                    }
                                  ],
                                  "parent": 6,
                                  "ID": 11,
                                  "left": 12
                                }
                              ],
                              "parent": 5,
                              "ID": 6,
                              "left": 7,
                              "right": 11
                            },
                            {
                              "Node Type": "Hash",
                              "Parent Relationship": "Inner",
                              "Parallel Aware": false,
                              "Async Capable": false,
                              "Startup Cost": 1.1,
                              "Total Cost": 1.1,
                              "Plan Rows": 10,
                              "Plan Width": 21,
                              "Plans": [
                                {
                                  "Node Type": "Seq Scan",
                                  "Parent Relationship": "Outer",
                                  "Parallel Aware": false,
                                  "Async Capable": false,
                                  "Relation Name": "warehouse",
                                  "Alias": "warehouse",
                                  "Startup Cost": 0.0,
                                  "Total Cost": 1.1,
                                  "Plan Rows": 10,
                                  "Plan Width": 21,
                                  "parent": 13,
                                  "ID": 14
                                }
                              ],
                              "parent": 5,
                              "ID": 13,
                              "left": 14
                            }
                          ],
                          "parent": 4,
                          "ID": 5,
                          "left": 6,
                          "right": 13
                        }
                      ],
                      "parent": 3,
                      "ID": 4,
                      "left": 5
                    }
                  ],
                  "parent": 2,
                  "ID": 3,
                  "left": 4
                }
              ],
              "parent": 1,
              "ID": 2,
              "left": 3
            }
          ],
          "parent": 0,
          "ID": 1,
          "left": 2
        }
      ],
      "parent": null,
      "ID": 0,
      "left": 1
    },
    "feat": {
      "utility": 7.328968642432133e-07,
      "query_shape": [
        [
          "Seq Scan",
          "Hash Join",
          "Sort",
          "Aggregate",
          "Gather Merge"
        ],
        [
          "Seq Scan",
          "Hash",
          "Hash Join",
          "Sort",
          "Aggregate",
          "Gather Merge"
        ],
        [
          "Seq Scan",
          "Hash",
          "Hash Join",
          "Sort",
          "Aggregate",
          "Gather Merge"
        ],
        [
          "Seq Scan",
          "Hash",
          "Hash Join",
          "Sort",
          "Aggregate",
          "Gather Merge"
        ]
      ],
      "index_shape": [
        "join"
      ],
      "physical_operator": {
        "Hash Join": [
          0.004855561233628339
        ]
      }
    }
  },
  {
    "query": "select  *\n from(select w_warehouse_name\n            ,i_item_id\n            ,sum(case when (cast(d_date as date) < cast ('2000-04-01' as date))\n\t                then inv_quantity_on_hand \n                      else 0 end) as inv_before\n            ,sum(case when (cast(d_date as date) >= cast ('2000-04-01' as date))\n                      then inv_quantity_on_hand \n                      else 0 end) as inv_after\n   from inventory\n       ,warehouse\n       ,item\n       ,date_dim\n   where i_current_price between 0.99 and 1.49\n     and i_item_sk          = inv_item_sk\n     and inv_warehouse_sk   = w_warehouse_sk\n     and inv_date_sk    = d_date_sk\n     and d_date between (cast ('2000-04-01' as date) - interval '30 days')\n                    and (cast ('2000-04-01' as date) + interval '30 days')\n   group by w_warehouse_name, i_item_id) x\n where (case when inv_before > 0 \n             then inv_after / inv_before \n             else null\n             end) between 2.0/3.0 and 3.0/2.0\n order by w_warehouse_name\n         ,i_item_id\n limit 100;\n\n-- end query 12 in stream 4 using template query21.tpl\n",
    "indexes": "inventory.inv_item_sk",
    "wo plan est": {
      "Node Type": "Limit",
      "Parallel Aware": false,
      "Async Capable": false,
      "Startup Cost": 1493473.25,
      "Total Cost": 1493605.63,
      "Plan Rows": 100,
      "Plan Width": 50,
      "Plans": [
        {
          "Node Type": "Aggregate",
          "Strategy": "Sorted",
          "Partial Mode": "Finalize",
          "Parent Relationship": "Outer",
          "Parallel Aware": false,
          "Async Capable": false,
          "Startup Cost": 1493473.25,
          "Total Cost": 1494471.75,
          "Plan Rows": 760,
          "Plan Width": 50,
          "Group Key": [
            "warehouse.w_warehouse_name",
            "item.i_item_id"
          ],
          "Filter": "(((CASE WHEN (sum(CASE WHEN (date_dim.d_date < '2000-04-01'::date) THEN inventory.inv_quantity_on_hand ELSE 0 END) > 0) THEN (sum(CASE WHEN (date_dim.d_date >= '2000-04-01'::date) THEN inventory.inv_quantity_on_hand ELSE 0 END) / sum(CASE WHEN (date_dim.d_date < '2000-04-01'::date) THEN inventory.inv_quantity_on_hand ELSE 0 END)) ELSE NULL::bigint END)::numeric >= 0.66666666666666666667) AND ((CASE WHEN (sum(CASE WHEN (date_dim.d_date < '2000-04-01'::date) THEN inventory.inv_quantity_on_hand ELSE 0 END) > 0) THEN (sum(CASE WHEN (date_dim.d_date >= '2000-04-01'::date) THEN inventory.inv_quantity_on_hand ELSE 0 END) / sum(CASE WHEN (date_dim.d_date < '2000-04-01'::date) THEN inventory.inv_quantity_on_hand ELSE 0 END)) ELSE NULL::bigint END)::numeric <= 1.5000000000000000))",
          "Plans": [
            {
              "Node Type": "Gather Merge",
              "Parent Relationship": "Outer",
              "Parallel Aware": false,
              "Async Capable": false,
              "Startup Cost": 1493473.25,
              "Total Cost": 1494209.55,
              "Plan Rows": 5700,
              "Plan Width": 50,
              "Workers Planned": 2,
              "Plans": [
                {
                  "Node Type": "Aggregate",
                  "Strategy": "Sorted",
                  "Partial Mode": "Partial",
                  "Parent Relationship": "Outer",
                  "Parallel Aware": false,
                  "Async Capable": false,
                  "Startup Cost": 1492473.23,
                  "Total Cost": 1492551.6,
                  "Plan Rows": 2850,
                  "Plan Width": 50,
                  "Group Key": [
                    "warehouse.w_warehouse_name",
                    "item.i_item_id"
                  ],
                  "Plans": [
                    {
                      "Node Type": "Sort",
                      "Parent Relationship": "Outer",
                      "Parallel Aware": false,
                      "Async Capable": false,
                      "Startup Cost": 1492473.23,
                      "Total Cost": 1492480.35,
                      "Plan Rows": 2850,
                      "Plan Width": 42,
                      "Sort Key": [
                        "warehouse.w_warehouse_name",
                        "item.i_item_id"
                      ],
                      "Plans": [
                        {
                          "Node Type": "Hash Join",
                          "Parent Relationship": "Outer",
                          "Parallel Aware": false,
                          "Async Capable": false,
                          "Join Type": "Inner",
                          "Startup Cost": 9684.89,
                          "Total Cost": 1492309.68,
                          "Plan Rows": 2850,
                          "Plan Width": 42,
                          "Inner Unique": false,
                          "Hash Cond": "(inventory.inv_warehouse_sk = warehouse.w_warehouse_sk)",
                          "Plans": [
                            {
                              "Node Type": "Hash Join",
                              "Parent Relationship": "Outer",
                              "Parallel Aware": true,
                              "Async Capable": false,
                              "Join Type": "Inner",
                              "Startup Cost": 9683.66,
                              "Total Cost": 1492269.27,
                              "Plan Rows": 2850,
                              "Plan Width": 29,
                              "Inner Unique": false,
                              "Hash Cond": "(inventory.inv_item_sk = item.i_item_sk)",
                              "Plans": [
                                {
                                  "Node Type": "Hash Join",
                                  "Parent Relationship": "Outer",
                                  "Parallel Aware": true,
                                  "Async Capable": false,
                                  "Join Type": "Inner",
                                  "Startup Cost": 2050.0,
                                  "Total Cost": 1484447.21,
                                  "Plan Rows": 47074,
                                  "Plan Width": 16,
                                  "Inner Unique": false,
                                  "Hash Cond": "(inventory.inv_date_sk = date_dim.d_date_sk)",
                                  "Plans": [
                                    {
                                      "Node Type": "Seq Scan",
                                      "Parent Relationship": "Outer",
                                      "Parallel Aware": true,
                                      "Async Capable": false,
                                      "Relation Name": "inventory",
                                      "Alias": "inventory",
                                      "Startup Cost": 0.0,
                                      "Total Cost": 1274139.37,
                                      "Plan Rows": 55462537,
                                      "Plan Width": 16,
                                      "parent": 7,
                                      "ID": 8
                                    },
                                    {
                                      "Node Type": "Hash",
                                      "Parent Relationship": "Inner",
                                      "Parallel Aware": true,
                                      "Async Capable": false,
                                      "Startup Cost": 2049.55,
                                      "Total Cost": 2049.55,
                                      "Plan Rows": 36,
                                      "Plan Width": 8,
                                      "Plans": [
                                        {
                                          "Node Type": "Seq Scan",
                                          "Parent Relationship": "Outer",
                                          "Parallel Aware": true,
                                          "Async Capable": false,
                                          "Relation Name": "date_dim",
                                          "Alias": "date_dim",
                                          "Startup Cost": 0.0,
                                          "Total Cost": 2049.55,
                                          "Plan Rows": 36,
                                          "Plan Width": 8,
                                          "Filter": "((d_date >= '2000-03-02 00:00:00'::timestamp without time zone) AND (d_date <= '2000-05-01 00:00:00'::timestamp without time zone))",
                                          "parent": 9,
                                          "ID": 10
                                        }
                                      ],
                                      "parent": 7,
                                      "ID": 9,
                                      "left": 10
                                    }
                                  ],
                                  "parent": 6,
                                  "ID": 7,
                                  "left": 8,
                                  "right": 9
                                },
                                {
                                  "Node Type": "Hash",
                                  "Parent Relationship": "Inner",
                                  "Parallel Aware": true,
                                  "Async Capable": false,
                                  "Startup Cost": 7601.5,
                                  "Total Cost": 7601.5,
                                  "Plan Rows": 2573,
                                  "Plan Width": 21,
                                  "Plans": [
                                    {
                                      "Node Type": "Seq Scan",
                                      "Parent Relationship": "Outer",
                                      "Parallel Aware": true,
                                      "Async Capable": false,
                                      "Relation Name": "item",
                                      "Alias": "item",
                                      "Startup Cost": 0.0,
                                      "Total Cost": 7601.5,
                                      "Plan Rows": 2573,
                                      "Plan Width": 21,
                                      "Filter": "((i_current_price >= 0.99) AND (i_current_price <= 1.49))",
                                      "parent": 11,
                                      "ID": 12
                                    }
                                  ],
                                  "parent": 6,
                                  "ID": 11,
                                  "left": 12
                                }
                              ],
                              "parent": 5,
                              "ID": 6,
                              "left": 7,
                              "right": 11
                            },
                            {
                              "Node Type": "Hash",
                              "Parent Relationship": "Inner",
                              "Parallel Aware": false,
                              "Async Capable": false,
                              "Startup Cost": 1.1,
                              "Total Cost": 1.1,
                              "Plan Rows": 10,
                              "Plan Width": 21,
                              "Plans": [
                                {
                                  "Node Type": "Seq Scan",
                                  "Parent Relationship": "Outer",
                                  "Parallel Aware": false,
                                  "Async Capable": false,
                                  "Relation Name": "warehouse",
                                  "Alias": "warehouse",
                                  "Startup Cost": 0.0,
                                  "Total Cost": 1.1,
                                  "Plan Rows": 10,
                                  "Plan Width": 21,
                                  "parent": 13,
                                  "ID": 14
                                }
                              ],
                              "parent": 5,
                              "ID": 13,
                              "left": 14
                            }
                          ],
                          "parent": 4,
                          "ID": 5,
                          "left": 6,
                          "right": 13
                        }
                      ],
                      "parent": 3,
                      "ID": 4,
                      "left": 5
                    }
                  ],
                  "parent": 2,
                  "ID": 3,
                  "left": 4
                }
              ],
              "parent": 1,
              "ID": 2,
              "left": 3
            }
          ],
          "parent": 0,
          "ID": 1,
          "left": 2
        }
      ],
      "parent": null,
      "ID": 0,
      "left": 1
    },
    "feat": {
      "utility": 7.329003821431139e-07,
      "query_shape": [
        [
          "Seq Scan",
          "Hash Join",
          "Sort",
          "Aggregate",
          "Gather Merge"
        ],
        [
          "Seq Scan",
          "Hash",
          "Hash Join",
          "Sort",
          "Aggregate",
          "Gather Merge"
        ],
        [
          "Seq Scan",
          "Hash",
          "Hash Join",
          "Sort",
          "Aggregate",
          "Gather Merge"
        ],
        [
          "Seq Scan",
          "Hash",
          "Hash Join",
          "Sort",
          "Aggregate",
          "Gather Merge"
        ]
      ],
      "index_shape": [
        "join"
      ],
      "physical_operator": {
        "Hash Join": [
          0.00485078454717625
        ]
      }
    }
  },
  {
    "query": "select  *\n from(select w_warehouse_name\n            ,i_item_id\n            ,sum(case when (cast(d_date as date) < cast ('2000-04-01' as date))\n\t                then inv_quantity_on_hand \n                      else 0 end) as inv_before\n            ,sum(case when (cast(d_date as date) >= cast ('2000-04-01' as date))\n                      then inv_quantity_on_hand \n                      else 0 end) as inv_after\n   from inventory\n       ,warehouse\n       ,item\n       ,date_dim\n   where i_current_price between 0.99 and 1.49\n     and i_item_sk          = inv_item_sk\n     and inv_warehouse_sk   = w_warehouse_sk\n     and inv_date_sk    = d_date_sk\n     and d_date between (cast ('2000-04-01' as date) - interval '30 days')\n                    and (cast ('2000-04-01' as date) + interval '30 days')\n   group by w_warehouse_name, i_item_id) x\n where (case when inv_before > 0 \n             then inv_after / inv_before \n             else null\n             end) between 2.0/3.0 and 3.0/2.0\n order by w_warehouse_name\n         ,i_item_id\n limit 100;\n\n-- end query 12 in stream 4 using template query21.tpl\n",
    "indexes": "inventory.inv_warehouse_sk",
    "wo plan est": {
      "Node Type": "Limit",
      "Parallel Aware": false,
      "Async Capable": false,
      "Startup Cost": 1493473.25,
      "Total Cost": 1493605.63,
      "Plan Rows": 100,
      "Plan Width": 50,
      "Plans": [
        {
          "Node Type": "Aggregate",
          "Strategy": "Sorted",
          "Partial Mode": "Finalize",
          "Parent Relationship": "Outer",
          "Parallel Aware": false,
          "Async Capable": false,
          "Startup Cost": 1493473.25,
          "Total Cost": 1494471.75,
          "Plan Rows": 760,
          "Plan Width": 50,
          "Group Key": [
            "warehouse.w_warehouse_name",
            "item.i_item_id"
          ],
          "Filter": "(((CASE WHEN (sum(CASE WHEN (date_dim.d_date < '2000-04-01'::date) THEN inventory.inv_quantity_on_hand ELSE 0 END) > 0) THEN (sum(CASE WHEN (date_dim.d_date >= '2000-04-01'::date) THEN inventory.inv_quantity_on_hand ELSE 0 END) / sum(CASE WHEN (date_dim.d_date < '2000-04-01'::date) THEN inventory.inv_quantity_on_hand ELSE 0 END)) ELSE NULL::bigint END)::numeric >= 0.66666666666666666667) AND ((CASE WHEN (sum(CASE WHEN (date_dim.d_date < '2000-04-01'::date) THEN inventory.inv_quantity_on_hand ELSE 0 END) > 0) THEN (sum(CASE WHEN (date_dim.d_date >= '2000-04-01'::date) THEN inventory.inv_quantity_on_hand ELSE 0 END) / sum(CASE WHEN (date_dim.d_date < '2000-04-01'::date) THEN inventory.inv_quantity_on_hand ELSE 0 END)) ELSE NULL::bigint END)::numeric <= 1.5000000000000000))",
          "Plans": [
            {
              "Node Type": "Gather Merge",
              "Parent Relationship": "Outer",
              "Parallel Aware": false,
              "Async Capable": false,
              "Startup Cost": 1493473.25,
              "Total Cost": 1494209.55,
              "Plan Rows": 5700,
              "Plan Width": 50,
              "Workers Planned": 2,
              "Plans": [
                {
                  "Node Type": "Aggregate",
                  "Strategy": "Sorted",
                  "Partial Mode": "Partial",
                  "Parent Relationship": "Outer",
                  "Parallel Aware": false,
                  "Async Capable": false,
                  "Startup Cost": 1492473.23,
                  "Total Cost": 1492551.6,
                  "Plan Rows": 2850,
                  "Plan Width": 50,
                  "Group Key": [
                    "warehouse.w_warehouse_name",
                    "item.i_item_id"
                  ],
                  "Plans": [
                    {
                      "Node Type": "Sort",
                      "Parent Relationship": "Outer",
                      "Parallel Aware": false,
                      "Async Capable": false,
                      "Startup Cost": 1492473.23,
                      "Total Cost": 1492480.35,
                      "Plan Rows": 2850,
                      "Plan Width": 42,
                      "Sort Key": [
                        "warehouse.w_warehouse_name",
                        "item.i_item_id"
                      ],
                      "Plans": [
                        {
                          "Node Type": "Hash Join",
                          "Parent Relationship": "Outer",
                          "Parallel Aware": false,
                          "Async Capable": false,
                          "Join Type": "Inner",
                          "Startup Cost": 9684.89,
                          "Total Cost": 1492309.68,
                          "Plan Rows": 2850,
                          "Plan Width": 42,
                          "Inner Unique": false,
                          "Hash Cond": "(inventory.inv_warehouse_sk = warehouse.w_warehouse_sk)",
                          "Plans": [
                            {
                              "Node Type": "Hash Join",
                              "Parent Relationship": "Outer",
                              "Parallel Aware": true,
                              "Async Capable": false,
                              "Join Type": "Inner",
                              "Startup Cost": 9683.66,
                              "Total Cost": 1492269.27,
                              "Plan Rows": 2850,
                              "Plan Width": 29,
                              "Inner Unique": false,
                              "Hash Cond": "(inventory.inv_item_sk = item.i_item_sk)",
                              "Plans": [
                                {
                                  "Node Type": "Hash Join",
                                  "Parent Relationship": "Outer",
                                  "Parallel Aware": true,
                                  "Async Capable": false,
                                  "Join Type": "Inner",
                                  "Startup Cost": 2050.0,
                                  "Total Cost": 1484447.21,
                                  "Plan Rows": 47074,
                                  "Plan Width": 16,
                                  "Inner Unique": false,
                                  "Hash Cond": "(inventory.inv_date_sk = date_dim.d_date_sk)",
                                  "Plans": [
                                    {
                                      "Node Type": "Seq Scan",
                                      "Parent Relationship": "Outer",
                                      "Parallel Aware": true,
                                      "Async Capable": false,
                                      "Relation Name": "inventory",
                                      "Alias": "inventory",
                                      "Startup Cost": 0.0,
                                      "Total Cost": 1274139.37,
                                      "Plan Rows": 55462537,
                                      "Plan Width": 16,
                                      "parent": 7,
                                      "ID": 8
                                    },
                                    {
                                      "Node Type": "Hash",
                                      "Parent Relationship": "Inner",
                                      "Parallel Aware": true,
                                      "Async Capable": false,
                                      "Startup Cost": 2049.55,
                                      "Total Cost": 2049.55,
                                      "Plan Rows": 36,
                                      "Plan Width": 8,
                                      "Plans": [
                                        {
                                          "Node Type": "Seq Scan",
                                          "Parent Relationship": "Outer",
                                          "Parallel Aware": true,
                                          "Async Capable": false,
                                          "Relation Name": "date_dim",
                                          "Alias": "date_dim",
                                          "Startup Cost": 0.0,
                                          "Total Cost": 2049.55,
                                          "Plan Rows": 36,
                                          "Plan Width": 8,
                                          "Filter": "((d_date >= '2000-03-02 00:00:00'::timestamp without time zone) AND (d_date <= '2000-05-01 00:00:00'::timestamp without time zone))",
                                          "parent": 9,
                                          "ID": 10
                                        }
                                      ],
                                      "parent": 7,
                                      "ID": 9,
                                      "left": 10
                                    }
                                  ],
                                  "parent": 6,
                                  "ID": 7,
                                  "left": 8,
                                  "right": 9
                                },
                                {
                                  "Node Type": "Hash",
                                  "Parent Relationship": "Inner",
                                  "Parallel Aware": true,
                                  "Async Capable": false,
                                  "Startup Cost": 7601.5,
                                  "Total Cost": 7601.5,
                                  "Plan Rows": 2573,
                                  "Plan Width": 21,
                                  "Plans": [
                                    {
                                      "Node Type": "Seq Scan",
                                      "Parent Relationship": "Outer",
                                      "Parallel Aware": true,
                                      "Async Capable": false,
                                      "Relation Name": "item",
                                      "Alias": "item",
                                      "Startup Cost": 0.0,
                                      "Total Cost": 7601.5,
                                      "Plan Rows": 2573,
                                      "Plan Width": 21,
                                      "Filter": "((i_current_price >= 0.99) AND (i_current_price <= 1.49))",
                                      "parent": 11,
                                      "ID": 12
                                    }
                                  ],
                                  "parent": 6,
                                  "ID": 11,
                                  "left": 12
                                }
                              ],
                              "parent": 5,
                              "ID": 6,
                              "left": 7,
                              "right": 11
                            },
                            {
                              "Node Type": "Hash",
                              "Parent Relationship": "Inner",
                              "Parallel Aware": false,
                              "Async Capable": false,
                              "Startup Cost": 1.1,
                              "Total Cost": 1.1,
                              "Plan Rows": 10,
                              "Plan Width": 21,
                              "Plans": [
                                {
                                  "Node Type": "Seq Scan",
                                  "Parent Relationship": "Outer",
                                  "Parallel Aware": false,
                                  "Async Capable": false,
                                  "Relation Name": "warehouse",
                                  "Alias": "warehouse",
                                  "Startup Cost": 0.0,
                                  "Total Cost": 1.1,
                                  "Plan Rows": 10,
                                  "Plan Width": 21,
                                  "parent": 13,
                                  "ID": 14
                                }
                              ],
                              "parent": 5,
                              "ID": 13,
                              "left": 14
                            }
                          ],
                          "parent": 4,
                          "ID": 5,
                          "left": 6,
                          "right": 13
                        }
                      ],
                      "parent": 3,
                      "ID": 4,
                      "left": 5
                    }
                  ],
                  "parent": 2,
                  "ID": 3,
                  "left": 4
                }
              ],
              "parent": 1,
              "ID": 2,
              "left": 3
            }
          ],
          "parent": 0,
          "ID": 1,
          "left": 2
        }
      ],
      "parent": null,
      "ID": 0,
      "left": 1
    },
    "feat": {
      "utility": 5.035796881546827e-07,
      "query_shape": [
        [
          "Seq Scan",
          "Hash Join",
          "Sort",
          "Aggregate",
          "Gather Merge"
        ],
        [
          "Seq Scan",
          "Hash",
          "Hash Join",
          "Sort",
          "Aggregate",
          "Gather Merge"
        ],
        [
          "Seq Scan",
          "Hash",
          "Hash Join",
          "Sort",
          "Aggregate",
          "Gather Merge"
        ],
        [
          "Seq Scan",
          "Hash",
          "Hash Join",
          "Sort",
          "Aggregate",
          "Gather Merge"
        ]
      ],
      "index_shape": [
        "join"
      ],
      "physical_operator": {
        "Hash Join": [
          0.31622776601683794
        ]
      }
    }
  },
  {
    "query": "select  *\n from(select w_warehouse_name\n            ,i_item_id\n            ,sum(case when (cast(d_date as date) < cast ('2000-04-01' as date))\n\t                then inv_quantity_on_hand \n                      else 0 end) as inv_before\n            ,sum(case when (cast(d_date as date) >= cast ('2000-04-01' as date))\n                      then inv_quantity_on_hand \n                      else 0 end) as inv_after\n   from inventory\n       ,warehouse\n       ,item\n       ,date_dim\n   where i_current_price between 0.99 and 1.49\n     and i_item_sk          = inv_item_sk\n     and inv_warehouse_sk   = w_warehouse_sk\n     and inv_date_sk    = d_date_sk\n     and d_date between (cast ('2000-04-01' as date) - interval '30 days')\n                    and (cast ('2000-04-01' as date) + interval '30 days')\n   group by w_warehouse_name, i_item_id) x\n where (case when inv_before > 0 \n             then inv_after / inv_before \n             else null\n             end) between 2.0/3.0 and 3.0/2.0\n order by w_warehouse_name\n         ,i_item_id\n limit 100;\n\n-- end query 12 in stream 4 using template query21.tpl\n",
    "indexes": "inventory.inv_quantity_on_hand",
    "wo plan est": {
      "Node Type": "Limit",
      "Parallel Aware": false,
      "Async Capable": false,
      "Startup Cost": 1493473.25,
      "Total Cost": 1493605.63,
      "Plan Rows": 100,
      "Plan Width": 50,
      "Plans": [
        {
          "Node Type": "Aggregate",
          "Strategy": "Sorted",
          "Partial Mode": "Finalize",
          "Parent Relationship": "Outer",
          "Parallel Aware": false,
          "Async Capable": false,
          "Startup Cost": 1493473.25,
          "Total Cost": 1494471.75,
          "Plan Rows": 760,
          "Plan Width": 50,
          "Group Key": [
            "warehouse.w_warehouse_name",
            "item.i_item_id"
          ],
          "Filter": "(((CASE WHEN (sum(CASE WHEN (date_dim.d_date < '2000-04-01'::date) THEN inventory.inv_quantity_on_hand ELSE 0 END) > 0) THEN (sum(CASE WHEN (date_dim.d_date >= '2000-04-01'::date) THEN inventory.inv_quantity_on_hand ELSE 0 END) / sum(CASE WHEN (date_dim.d_date < '2000-04-01'::date) THEN inventory.inv_quantity_on_hand ELSE 0 END)) ELSE NULL::bigint END)::numeric >= 0.66666666666666666667) AND ((CASE WHEN (sum(CASE WHEN (date_dim.d_date < '2000-04-01'::date) THEN inventory.inv_quantity_on_hand ELSE 0 END) > 0) THEN (sum(CASE WHEN (date_dim.d_date >= '2000-04-01'::date) THEN inventory.inv_quantity_on_hand ELSE 0 END) / sum(CASE WHEN (date_dim.d_date < '2000-04-01'::date) THEN inventory.inv_quantity_on_hand ELSE 0 END)) ELSE NULL::bigint END)::numeric <= 1.5000000000000000))",
          "Plans": [
            {
              "Node Type": "Gather Merge",
              "Parent Relationship": "Outer",
              "Parallel Aware": false,
              "Async Capable": false,
              "Startup Cost": 1493473.25,
              "Total Cost": 1494209.55,
              "Plan Rows": 5700,
              "Plan Width": 50,
              "Workers Planned": 2,
              "Plans": [
                {
                  "Node Type": "Aggregate",
                  "Strategy": "Sorted",
                  "Partial Mode": "Partial",
                  "Parent Relationship": "Outer",
                  "Parallel Aware": false,
                  "Async Capable": false,
                  "Startup Cost": 1492473.23,
                  "Total Cost": 1492551.6,
                  "Plan Rows": 2850,
                  "Plan Width": 50,
                  "Group Key": [
                    "warehouse.w_warehouse_name",
                    "item.i_item_id"
                  ],
                  "Plans": [
                    {
                      "Node Type": "Sort",
                      "Parent Relationship": "Outer",
                      "Parallel Aware": false,
                      "Async Capable": false,
                      "Startup Cost": 1492473.23,
                      "Total Cost": 1492480.35,
                      "Plan Rows": 2850,
                      "Plan Width": 42,
                      "Sort Key": [
                        "warehouse.w_warehouse_name",
                        "item.i_item_id"
                      ],
                      "Plans": [
                        {
                          "Node Type": "Hash Join",
                          "Parent Relationship": "Outer",
                          "Parallel Aware": false,
                          "Async Capable": false,
                          "Join Type": "Inner",
                          "Startup Cost": 9684.89,
                          "Total Cost": 1492309.68,
                          "Plan Rows": 2850,
                          "Plan Width": 42,
                          "Inner Unique": false,
                          "Hash Cond": "(inventory.inv_warehouse_sk = warehouse.w_warehouse_sk)",
                          "Plans": [
                            {
                              "Node Type": "Hash Join",
                              "Parent Relationship": "Outer",
                              "Parallel Aware": true,
                              "Async Capable": false,
                              "Join Type": "Inner",
                              "Startup Cost": 9683.66,
                              "Total Cost": 1492269.27,
                              "Plan Rows": 2850,
                              "Plan Width": 29,
                              "Inner Unique": false,
                              "Hash Cond": "(inventory.inv_item_sk = item.i_item_sk)",
                              "Plans": [
                                {
                                  "Node Type": "Hash Join",
                                  "Parent Relationship": "Outer",
                                  "Parallel Aware": true,
                                  "Async Capable": false,
                                  "Join Type": "Inner",
                                  "Startup Cost": 2050.0,
                                  "Total Cost": 1484447.21,
                                  "Plan Rows": 47074,
                                  "Plan Width": 16,
                                  "Inner Unique": false,
                                  "Hash Cond": "(inventory.inv_date_sk = date_dim.d_date_sk)",
                                  "Plans": [
                                    {
                                      "Node Type": "Seq Scan",
                                      "Parent Relationship": "Outer",
                                      "Parallel Aware": true,
                                      "Async Capable": false,
                                      "Relation Name": "inventory",
                                      "Alias": "inventory",
                                      "Startup Cost": 0.0,
                                      "Total Cost": 1274139.37,
                                      "Plan Rows": 55462537,
                                      "Plan Width": 16,
                                      "parent": 7,
                                      "ID": 8
                                    },
                                    {
                                      "Node Type": "Hash",
                                      "Parent Relationship": "Inner",
                                      "Parallel Aware": true,
                                      "Async Capable": false,
                                      "Startup Cost": 2049.55,
                                      "Total Cost": 2049.55,
                                      "Plan Rows": 36,
                                      "Plan Width": 8,
                                      "Plans": [
                                        {
                                          "Node Type": "Seq Scan",
                                          "Parent Relationship": "Outer",
                                          "Parallel Aware": true,
                                          "Async Capable": false,
                                          "Relation Name": "date_dim",
                                          "Alias": "date_dim",
                                          "Startup Cost": 0.0,
                                          "Total Cost": 2049.55,
                                          "Plan Rows": 36,
                                          "Plan Width": 8,
                                          "Filter": "((d_date >= '2000-03-02 00:00:00'::timestamp without time zone) AND (d_date <= '2000-05-01 00:00:00'::timestamp without time zone))",
                                          "parent": 9,
                                          "ID": 10
                                        }
                                      ],
                                      "parent": 7,
                                      "ID": 9,
                                      "left": 10
                                    }
                                  ],
                                  "parent": 6,
                                  "ID": 7,
                                  "left": 8,
                                  "right": 9
                                },
                                {
                                  "Node Type": "Hash",
                                  "Parent Relationship": "Inner",
                                  "Parallel Aware": true,
                                  "Async Capable": false,
                                  "Startup Cost": 7601.5,
                                  "Total Cost": 7601.5,
                                  "Plan Rows": 2573,
                                  "Plan Width": 21,
                                  "Plans": [
                                    {
                                      "Node Type": "Seq Scan",
                                      "Parent Relationship": "Outer",
                                      "Parallel Aware": true,
                                      "Async Capable": false,
                                      "Relation Name": "item",
                                      "Alias": "item",
                                      "Startup Cost": 0.0,
                                      "Total Cost": 7601.5,
                                      "Plan Rows": 2573,
                                      "Plan Width": 21,
                                      "Filter": "((i_current_price >= 0.99) AND (i_current_price <= 1.49))",
                                      "parent": 11,
                                      "ID": 12
                                    }
                                  ],
                                  "parent": 6,
                                  "ID": 11,
                                  "left": 12
                                }
                              ],
                              "parent": 5,
                              "ID": 6,
                              "left": 7,
                              "right": 11
                            },
                            {
                              "Node Type": "Hash",
                              "Parent Relationship": "Inner",
                              "Parallel Aware": false,
                              "Async Capable": false,
                              "Startup Cost": 1.1,
                              "Total Cost": 1.1,
                              "Plan Rows": 10,
                              "Plan Width": 21,
                              "Plans": [
                                {
                                  "Node Type": "Seq Scan",
                                  "Parent Relationship": "Outer",
                                  "Parallel Aware": false,
                                  "Async Capable": false,
                                  "Relation Name": "warehouse",
                                  "Alias": "warehouse",
                                  "Startup Cost": 0.0,
                                  "Total Cost": 1.1,
                                  "Plan Rows": 10,
                                  "Plan Width": 21,
                                  "parent": 13,
                                  "ID": 14
                                }
                              ],
                              "parent": 5,
                              "ID": 13,
                              "left": 14
                            }
                          ],
                          "parent": 4,
                          "ID": 5,
                          "left": 6,
                          "right": 13
                        }
                      ],
                      "parent": 3,
                      "ID": 4,
                      "left": 5
                    }
                  ],
                  "parent": 2,
                  "ID": 3,
                  "left": 4
                }
              ],
              "parent": 1,
              "ID": 2,
              "left": 3
            }
          ],
          "parent": 0,
          "ID": 1,
          "left": 2
        }
      ],
      "parent": null,
      "ID": 0,
      "left": 1
    },
    "feat": {
      "utility": 0.0,
      "query_shape": [
        [
          "Seq Scan",
          "Hash Join",
          "Sort",
          "Aggregate",
          "Gather Merge"
        ],
        [
          "Seq Scan",
          "Hash",
          "Hash Join",
          "Sort",
          "Aggregate",
          "Gather Merge"
        ],
        [
          "Seq Scan",
          "Hash",
          "Hash Join",
          "Sort",
          "Aggregate",
          "Gather Merge"
        ],
        [
          "Seq Scan",
          "Hash",
          "Hash Join",
          "Sort",
          "Aggregate",
          "Gather Merge"
        ]
      ],
      "index_shape": [
        "group-by"
      ],
      "physical_operator": {
        "Aggregate": [
          "[  0.    19.98  39.96  59.94  79.92  99.9  119.88 139.86 159.84 179.82\n 199.8  219.78 239.76 259.74 279.72 299.7  319.68 339.66 359.64 379.62\n 399.6  419.58 439.56 459.54 479.52 499.5  519.48 539.46 559.44 579.42\n 599.4  619.38 639.36 659.34 679.32 699.3  719.28 739.26 759.24 779.22\n 799.2  819.18 839.16 859.14 879.12 899.1  919.08 939.06 959.04 979.02\n 999.  ]"
        ]
      }
    }
  }
]